Warning: Iteration pacing cannot be reached (pace time = 6.87, actual time = 8.97).	[MsgId: MWAR-15995]
Warning: Iteration pacing cannot be reached (pace time = 6.95, actual time = 7.24).	[MsgId: MWAR-15995]
Warning: Iteration pacing cannot be reached (pace time = 6.98, actual time = 10.29).	[MsgId: MWAR-15995]
Warning: Iteration pacing cannot be reached (pace time = 6.95, actual time = 13.27).	[MsgId: MWAR-15995]
Warning: Iteration pacing cannot be reached (pace time = 6.11, actual time = 11.45).	[MsgId: MWAR-15995]
Warning: Iteration pacing cannot be reached (pace time = 6.81, actual time = 7.71).	[MsgId: MWAR-15995]
Warning: Iteration pacing cannot be reached (pace time = 6.38, actual time = 21.61).	[MsgId: MWAR-15995]
Warning: Iteration pacing cannot be reached (pace time = 6.71, actual time = 11.35).	[MsgId: MWAR-15995]
Warning: Iteration pacing cannot be reached (pace time = 6.76, actual time = 13.37).	[MsgId: MWAR-15995]
Warning: Iteration pacing cannot be reached (pace time = 6.31, actual time = 21.30).	[MsgId: MWAR-15995]
Warning: Iteration pacing cannot be reached (pace time = 6.44, actual time = 14.83).	[MsgId: MWAR-15995]
Warning: Iteration pacing cannot be reached (pace time = 6.85, actual time = 15.32).	[MsgId: MWAR-15995]
Warning: Iteration pacing cannot be reached (pace time = 6.41, actual time = 6.78).	[MsgId: MWAR-15995]
Warning: Iteration pacing cannot be reached (pace time = 6.04, actual time = 18.46).	[MsgId: MWAR-15995]
Warning: Iteration pacing cannot be reached (pace time = 6.73, actual time = 9.18).	[MsgId: MWAR-15995]
Warning: Iteration pacing cannot be reached (pace time = 6.93, actual time = 22.83).	[MsgId: MWAR-15995]
kaas_DocSearchUDPES_Facets.c(8): Error -26608: HTTP Status-Code=504 (Gateway Timeout) for "https://hx9ekpvvbi.execute-api.us-east-1.amazonaws.com/KaaS-ITG/v2/search?q=Keyboard/mouse/touch screen/webcam &resultLimit=10&resultStart=0&countryCode=us&languageCode=en&disclosureLevel=696531864679532034919979251200881,47406819852170807613486806879990,218620138892645155286800249901443,287477763180518087286275037723076,887243771386204747508092376253257,600096605536507071488362545356335&printFields=documentID,title,documenttype,renderlink,matchscore,description,contentupdatedate,language,disclosurelevel,store,docsource,documenttypedetails,topics,categorizations&store=docstore,supportagentstore,manualagentstore,manualstore,videostore,processagentstore,udp-content-default&aggregations=producttopics,documenttype,disclosurelevel,countrycode,topissue&spellCheck=3"  	[MsgId: MERR-26608]
Warning: Iteration pacing cannot be reached (pace time = 6.32, actual time = 29.04).	[MsgId: MWAR-15995]
kaas_DocSearchUDPES_Facets.c(8): Error -26608: HTTP Status-Code=504 (Gateway Timeout) for "https://hx9ekpvvbi.execute-api.us-east-1.amazonaws.com/KaaS-ITG/v2/search?q=driver &resultLimit=10&resultStart=0&countryCode=us&languageCode=en&disclosureLevel=696531864679532034919979251200881,47406819852170807613486806879990,218620138892645155286800249901443,287477763180518087286275037723076,887243771386204747508092376253257,600096605536507071488362545356335&printFields=documentID,title,documenttype,renderlink,matchscore,description,contentupdatedate,language,disclosurelevel,store,docsource,documenttypedetails,topics,categorizations&store=docstore,supportagentstore,manualagentstore,manualstore,videostore,processagentstore,udp-content-default&aggregations=producttopics,documenttype,disclosurelevel,countrycode,topissue&spellCheck=3"  	[MsgId: MERR-26608]
Warning: Iteration pacing cannot be reached (pace time = 6.32, actual time = 29.04).	[MsgId: MWAR-15995]
Warning: Iteration pacing cannot be reached (pace time = 6.01, actual time = 18.92).	[MsgId: MWAR-15995]
Warning: Iteration pacing cannot be reached (pace time = 6.60, actual time = 12.75).	[MsgId: MWAR-15995]
Warning: Iteration pacing cannot be reached (pace time = 6.60, actual time = 8.94).	[MsgId: MWAR-15995]
Warning: Iteration pacing cannot be reached (pace time = 6.63, actual time = 14.47).	[MsgId: MWAR-15995]
Warning: Iteration pacing cannot be reached (pace time = 6.81, actual time = 20.15).	[MsgId: MWAR-15995]
Warning: Iteration pacing cannot be reached (pace time = 6.97, actual time = 16.49).	[MsgId: MWAR-15995]
Warning: Iteration pacing cannot be reached (pace time = 6.24, actual time = 7.94).	[MsgId: MWAR-15995]
Warning: Iteration pacing cannot be reached (pace time = 6.58, actual time = 21.35).	[MsgId: MWAR-15995]
Warning: Iteration pacing cannot be reached (pace time = 6.80, actual time = 7.07).	[MsgId: MWAR-15995]
Warning: Iteration pacing cannot be reached (pace time = 6.73, actual time = 17.90).	[MsgId: MWAR-15995]
kaas_DocSearchUDPES_Facets.c(8): Error -26608: HTTP Status-Code=504 (Gateway Timeout) for "https://hx9ekpvvbi.execute-api.us-east-1.amazonaws.com/KaaS-ITG/v2/search?q=bluetooth &resultLimit=10&resultStart=0&countryCode=us&languageCode=en&disclosureLevel=696531864679532034919979251200881,47406819852170807613486806879990,218620138892645155286800249901443,287477763180518087286275037723076,887243771386204747508092376253257,600096605536507071488362545356335&printFields=documentID,title,documenttype,renderlink,matchscore,description,contentupdatedate,language,disclosurelevel,store,docsource,documenttypedetails,topics,categorizations&store=docstore,supportagentstore,manualagentstore,manualstore,videostore,processagentstore,udp-content-default&aggregations=producttopics,documenttype,disclosurelevel,countrycode,topissue&spellCheck=3"  	[MsgId: MERR-26608]
Warning: Iteration pacing cannot be reached (pace time = 6.53, actual time = 29.04).	[MsgId: MWAR-15995]
Warning: Iteration pacing cannot be reached (pace time = 6.18, actual time = 11.25).	[MsgId: MWAR-15995]
Warning: Iteration pacing cannot be reached (pace time = 6.47, actual time = 18.33).	[MsgId: MWAR-15995]
Warning: Iteration pacing cannot be reached (pace time = 6.53, actual time = 8.16).	[MsgId: MWAR-15995]
Warning: Iteration pacing cannot be reached (pace time = 6.72, actual time = 24.64).	[MsgId: MWAR-15995]
Warning: Iteration pacing cannot be reached (pace time = 6.07, actual time = 25.96).	[MsgId: MWAR-15995]
Warning: Iteration pacing cannot be reached (pace time = 6.95, actual time = 25.83).	[MsgId: MWAR-15995]
Warning: Iteration pacing cannot be reached (pace time = 6.39, actual time = 7.40).	[MsgId: MWAR-15995]
kaas_DocSearchUDPES_Facets.c(8): Error -26608: HTTP Status-Code=504 (Gateway Timeout) for "https://hx9ekpvvbi.execute-api.us-east-1.amazonaws.com/KaaS-ITG/v2/search?q=Videos/photos &resultLimit=10&resultStart=0&countryCode=us&languageCode=en&disclosureLevel=696531864679532034919979251200881,47406819852170807613486806879990,218620138892645155286800249901443,287477763180518087286275037723076,887243771386204747508092376253257,600096605536507071488362545356335&printFields=documentID,title,documenttype,renderlink,matchscore,description,contentupdatedate,language,disclosurelevel,store,docsource,documenttypedetails,topics,categorizations&store=docstore,supportagentstore,manualagentstore,manualstore,videostore,processagentstore,udp-content-default&aggregations=producttopics,documenttype,disclosurelevel,countrycode,topissue&spellCheck=3"  	[MsgId: MERR-26608]
Warning: Iteration pacing cannot be reached (pace time = 6.96, actual time = 29.08).	[MsgId: MWAR-15995]
Warning: Iteration pacing cannot be reached (pace time = 6.23, actual time = 22.42).	[MsgId: MWAR-15995]
Warning: Iteration pacing cannot be reached (pace time = 6.31, actual time = 13.68).	[MsgId: MWAR-15995]
Warning: Iteration pacing cannot be reached (pace time = 6.96, actual time = 15.20).	[MsgId: MWAR-15995]
Warning: Iteration pacing cannot be reached (pace time = 6.05, actual time = 13.49).	[MsgId: MWAR-15995]
kaas_DocSearchUDPES_Facets.c(8): Error -26608: HTTP Status-Code=504 (Gateway Timeout) for "https://hx9ekpvvbi.execute-api.us-east-1.amazonaws.com/KaaS-ITG/v2/search?q=Improve performance &resultLimit=10&resultStart=0&countryCode=us&languageCode=en&disclosureLevel=696531864679532034919979251200881,47406819852170807613486806879990,218620138892645155286800249901443,287477763180518087286275037723076,887243771386204747508092376253257,600096605536507071488362545356335&printFields=documentID,title,documenttype,renderlink,matchscore,description,contentupdatedate,language,disclosurelevel,store,docsource,documenttypedetails,topics,categorizations&store=docstore,supportagentstore,manualagentstore,manualstore,videostore,processagentstore,udp-content-default&aggregations=producttopics,documenttype,disclosurelevel,countrycode,topissue&spellCheck=3"  	[MsgId: MERR-26608]
Warning: Iteration pacing cannot be reached (pace time = 6.33, actual time = 29.08).	[MsgId: MWAR-15995]
Warning: Iteration pacing cannot be reached (pace time = 6.74, actual time = 10.59).	[MsgId: MWAR-15995]
Warning: Iteration pacing cannot be reached (pace time = 6.48, actual time = 19.15).	[MsgId: MWAR-15995]
Warning: Iteration pacing cannot be reached (pace time = 6.81, actual time = 22.67).	[MsgId: MWAR-15995]
Warning: Iteration pacing cannot be reached (pace time = 6.60, actual time = 27.36).	[MsgId: MWAR-15995]
kaas_DocSearchUDPES_Facets.c(8): Error -26608: HTTP Status-Code=504 (Gateway Timeout) for "https://hx9ekpvvbi.execute-api.us-east-1.amazonaws.com/KaaS-ITG/v2/search?q=HP Deskjet Printer Models 1000 to 2999 &resultLimit=10&resultStart=0&countryCode=us&languageCode=en&disclosureLevel=696531864679532034919979251200881,47406819852170807613486806879990,218620138892645155286800249901443,287477763180518087286275037723076,887243771386204747508092376253257,600096605536507071488362545356335&printFields=documentID,title,documenttype,renderlink,matchscore,description,contentupdatedate,language,disclosurelevel,store,docsource,documenttypedetails,topics,categorizations&store=docstore,supportagentstore,manualagentstore,manualstore,videostore,processagentstore,udp-content-default&aggregations=producttopics,documenttype,disclosurelevel,countrycode,topissue&spellCheck=3"  	[MsgId: MERR-26608]
Warning: Iteration pacing cannot be reached (pace time = 6.20, actual time = 29.04).	[MsgId: MWAR-15995]
Warning: Iteration pacing cannot be reached (pace time = 6.70, actual time = 13.02).	[MsgId: MWAR-15995]
Warning: Iteration pacing cannot be reached (pace time = 6.87, actual time = 22.21).	[MsgId: MWAR-15995]
Warning: Iteration pacing cannot be reached (pace time = 6.56, actual time = 24.52).	[MsgId: MWAR-15995]
Warning: Iteration pacing cannot be reached (pace time = 6.25, actual time = 8.42).	[MsgId: MWAR-15995]
kaas_DocSearchUDPES_Facets.c(8): Error -26608: HTTP Status-Code=504 (Gateway Timeout) for "https://hx9ekpvvbi.execute-api.us-east-1.amazonaws.com/KaaS-ITG/v2/search?q=software &resultLimit=10&resultStart=0&countryCode=us&languageCode=en&disclosureLevel=696531864679532034919979251200881,47406819852170807613486806879990,218620138892645155286800249901443,287477763180518087286275037723076,887243771386204747508092376253257,600096605536507071488362545356335&printFields=documentID,title,documenttype,renderlink,matchscore,description,contentupdatedate,language,disclosurelevel,store,docsource,documenttypedetails,topics,categorizations&store=docstore,supportagentstore,manualagentstore,manualstore,videostore,processagentstore,udp-content-default&aggregations=producttopics,documenttype,disclosurelevel,countrycode,topissue&spellCheck=3"  	[MsgId: MERR-26608]
Warning: Iteration pacing cannot be reached (pace time = 6.62, actual time = 29.05).	[MsgId: MWAR-15995]
Warning: Iteration pacing cannot be reached (pace time = 6.89, actual time = 13.22).	[MsgId: MWAR-15995]
kaas_DocSearchUDPES_Facets.c(8): Error -26608: HTTP Status-Code=504 (Gateway Timeout) for "https://hx9ekpvvbi.execute-api.us-east-1.amazonaws.com/KaaS-ITG/v2/search?q=Game controller/remote control use &resultLimit=10&resultStart=0&countryCode=us&languageCode=en&disclosureLevel=696531864679532034919979251200881,47406819852170807613486806879990,218620138892645155286800249901443,287477763180518087286275037723076,887243771386204747508092376253257,600096605536507071488362545356335&printFields=documentID,title,documenttype,renderlink,matchscore,description,contentupdatedate,language,disclosurelevel,store,docsource,documenttypedetails,topics,categorizations&store=docstore,supportagentstore,manualagentstore,manualstore,videostore,processagentstore,udp-content-default&aggregations=producttopics,documenttype,disclosurelevel,countrycode,topissue&spellCheck=3"  	[MsgId: MERR-26608]
Warning: Iteration pacing cannot be reached (pace time = 6.30, actual time = 29.15).	[MsgId: MWAR-15995]
Warning: Iteration pacing cannot be reached (pace time = 6.21, actual time = 10.04).	[MsgId: MWAR-15995]
Warning: Iteration pacing cannot be reached (pace time = 6.90, actual time = 25.44).	[MsgId: MWAR-15995]
Warning: Iteration pacing cannot be reached (pace time = 6.63, actual time = 11.97).	[MsgId: MWAR-15995]
Warning: Iteration pacing cannot be reached (pace time = 6.58, actual time = 20.46).	[MsgId: MWAR-15995]
kaas_DocSearchUDPES_Facets.c(8): Error -26608: HTTP Status-Code=504 (Gateway Timeout) for "https://hx9ekpvvbi.execute-api.us-east-1.amazonaws.com/KaaS-ITG/v2/search?q=HP Ultrabook Notebooks &resultLimit=10&resultStart=0&countryCode=us&languageCode=en&disclosureLevel=696531864679532034919979251200881,47406819852170807613486806879990,218620138892645155286800249901443,287477763180518087286275037723076,887243771386204747508092376253257,600096605536507071488362545356335&printFields=documentID,title,documenttype,renderlink,matchscore,description,contentupdatedate,language,disclosurelevel,store,docsource,documenttypedetails,topics,categorizations&store=docstore,supportagentstore,manualagentstore,manualstore,videostore,processagentstore,udp-content-default&aggregations=producttopics,documenttype,disclosurelevel,countrycode,topissue&spellCheck=3"  	[MsgId: MERR-26608]
Warning: Iteration pacing cannot be reached (pace time = 6.25, actual time = 29.08).	[MsgId: MWAR-15995]
Warning: Iteration pacing cannot be reached (pace time = 6.84, actual time = 23.64).	[MsgId: MWAR-15995]
kaas_DocSearchUDPES_Facets.c(8): Error -26608: HTTP Status-Code=504 (Gateway Timeout) for "https://hx9ekpvvbi.execute-api.us-east-1.amazonaws.com/KaaS-ITG/v2/search?q=install &resultLimit=10&resultStart=0&countryCode=us&languageCode=en&disclosureLevel=696531864679532034919979251200881,47406819852170807613486806879990,218620138892645155286800249901443,287477763180518087286275037723076,887243771386204747508092376253257,600096605536507071488362545356335&printFields=documentID,title,documenttype,renderlink,matchscore,description,contentupdatedate,language,disclosurelevel,store,docsource,documenttypedetails,topics,categorizations&store=docstore,supportagentstore,manualagentstore,manualstore,videostore,processagentstore,udp-content-default&aggregations=producttopics,documenttype,disclosurelevel,countrycode,topissue&spellCheck=3"  	[MsgId: MERR-26608]
Warning: Iteration pacing cannot be reached (pace time = 6.75, actual time = 29.04).	[MsgId: MWAR-15995]
Warning: Iteration pacing cannot be reached (pace time = 6.51, actual time = 16.40).	[MsgId: MWAR-15995]
Warning: Iteration pacing cannot be reached (pace time = 6.29, actual time = 20.59).	[MsgId: MWAR-15995]
Warning: Iteration pacing cannot be reached (pace time = 6.10, actual time = 23.73).	[MsgId: MWAR-15995]
Warning: Iteration pacing cannot be reached (pace time = 6.09, actual time = 12.27).	[MsgId: MWAR-15995]
Warning: Iteration pacing cannot be reached (pace time = 6.31, actual time = 8.03).	[MsgId: MWAR-15995]
kaas_DocSearchUDPES_Facets.c(8): Error -26608: HTTP Status-Code=504 (Gateway Timeout) for "https://hx9ekpvvbi.execute-api.us-east-1.amazonaws.com/KaaS-ITG/v2/search?q=Videos/photos &resultLimit=10&resultStart=0&countryCode=us&languageCode=en&disclosureLevel=696531864679532034919979251200881,47406819852170807613486806879990,218620138892645155286800249901443,287477763180518087286275037723076,887243771386204747508092376253257,600096605536507071488362545356335&printFields=documentID,title,documenttype,renderlink,matchscore,description,contentupdatedate,language,disclosurelevel,store,docsource,documenttypedetails,topics,categorizations&store=docstore,supportagentstore,manualagentstore,manualstore,videostore,processagentstore,udp-content-default&aggregations=producttopics,documenttype,disclosurelevel,countrycode,topissue&spellCheck=3"  	[MsgId: MERR-26608]
Warning: Iteration pacing cannot be reached (pace time = 6.54, actual time = 29.04).	[MsgId: MWAR-15995]
kaas_DocSearchUDPES_Facets.c(8): Error -26608: HTTP Status-Code=504 (Gateway Timeout) for "https://hx9ekpvvbi.execute-api.us-east-1.amazonaws.com/KaaS-ITG/v2/search?q=HP ENVY x2 11-g050la &resultLimit=10&resultStart=0&countryCode=us&languageCode=en&disclosureLevel=696531864679532034919979251200881,47406819852170807613486806879990,218620138892645155286800249901443,287477763180518087286275037723076,887243771386204747508092376253257,600096605536507071488362545356335&printFields=documentID,title,documenttype,renderlink,matchscore,description,contentupdatedate,language,disclosurelevel,store,docsource,documenttypedetails,topics,categorizations&store=docstore,supportagentstore,manualagentstore,manualstore,videostore,processagentstore,udp-content-default&aggregations=producttopics,documenttype,disclosurelevel,countrycode,topissue&spellCheck=3"  	[MsgId: MERR-26608]
Warning: Iteration pacing cannot be reached (pace time = 6.34, actual time = 29.04).	[MsgId: MWAR-15995]
Warning: Iteration pacing cannot be reached (pace time = 6.17, actual time = 13.98).	[MsgId: MWAR-15995]
Warning: Iteration pacing cannot be reached (pace time = 6.74, actual time = 25.72).	[MsgId: MWAR-15995]
Warning: Iteration pacing cannot be reached (pace time = 6.59, actual time = 7.34).	[MsgId: MWAR-15995]
Warning: Iteration pacing cannot be reached (pace time = 6.43, actual time = 10.81).	[MsgId: MWAR-15995]
Warning: Iteration pacing cannot be reached (pace time = 6.08, actual time = 11.42).	[MsgId: MWAR-15995]
Warning: Iteration pacing cannot be reached (pace time = 6.83, actual time = 18.51).	[MsgId: MWAR-15995]
Warning: Iteration pacing cannot be reached (pace time = 6.47, actual time = 18.21).	[MsgId: MWAR-15995]
Warning: Iteration pacing cannot be reached (pace time = 6.60, actual time = 8.44).	[MsgId: MWAR-15995]
Warning: Iteration pacing cannot be reached (pace time = 6.95, actual time = 12.37).	[MsgId: MWAR-15995]
Warning: Iteration pacing cannot be reached (pace time = 6.60, actual time = 23.67).	[MsgId: MWAR-15995]
Warning: Iteration pacing cannot be reached (pace time = 6.34, actual time = 23.07).	[MsgId: MWAR-15995]
Warning: Iteration pacing cannot be reached (pace time = 6.28, actual time = 13.05).	[MsgId: MWAR-15995]
Warning: Iteration pacing cannot be reached (pace time = 6.48, actual time = 14.06).	[MsgId: MWAR-15995]
Warning: Iteration pacing cannot be reached (pace time = 6.45, actual time = 15.93).	[MsgId: MWAR-15995]
Warning: Iteration pacing cannot be reached (pace time = 6.84, actual time = 23.18).	[MsgId: MWAR-15995]
kaas_DocSearchUDPES_Facets.c(8): Error -26608: HTTP Status-Code=504 (Gateway Timeout) for "https://hx9ekpvvbi.execute-api.us-east-1.amazonaws.com/KaaS-ITG/v2/search?q=HP Ultrabook Notebooks &resultLimit=10&resultStart=0&countryCode=us&languageCode=en&disclosureLevel=696531864679532034919979251200881,47406819852170807613486806879990,218620138892645155286800249901443,287477763180518087286275037723076,887243771386204747508092376253257,600096605536507071488362545356335&printFields=documentID,title,documenttype,renderlink,matchscore,description,contentupdatedate,language,disclosurelevel,store,docsource,documenttypedetails,topics,categorizations&store=docstore,supportagentstore,manualagentstore,manualstore,videostore,processagentstore,udp-content-default&aggregations=producttopics,documenttype,disclosurelevel,countrycode,topissue&spellCheck=3"  	[MsgId: MERR-26608]
Warning: Iteration pacing cannot be reached (pace time = 6.99, actual time = 29.04).	[MsgId: MWAR-15995]
kaas_DocSearchUDPES_Facets.c(8): Error -26608: HTTP Status-Code=504 (Gateway Timeout) for "https://hx9ekpvvbi.execute-api.us-east-1.amazonaws.com/KaaS-ITG/v2/search?q=HP Classmate Notebooks &resultLimit=10&resultStart=0&countryCode=us&languageCode=en&disclosureLevel=696531864679532034919979251200881,47406819852170807613486806879990,218620138892645155286800249901443,287477763180518087286275037723076,887243771386204747508092376253257,600096605536507071488362545356335&printFields=documentID,title,documenttype,renderlink,matchscore,description,contentupdatedate,language,disclosurelevel,store,docsource,documenttypedetails,topics,categorizations&store=docstore,supportagentstore,manualagentstore,manualstore,videostore,processagentstore,udp-content-default&aggregations=producttopics,documenttype,disclosurelevel,countrycode,topissue&spellCheck=3"  	[MsgId: MERR-26608]
Warning: Iteration pacing cannot be reached (pace time = 6.63, actual time = 29.04).	[MsgId: MWAR-15995]
kaas_DocSearchUDPES_Facets.c(8): Error -26608: HTTP Status-Code=504 (Gateway Timeout) for "https://hx9ekpvvbi.execute-api.us-east-1.amazonaws.com/KaaS-ITG/v2/search?q=Fax &resultLimit=10&resultStart=0&countryCode=us&languageCode=en&disclosureLevel=696531864679532034919979251200881,47406819852170807613486806879990,218620138892645155286800249901443,287477763180518087286275037723076,887243771386204747508092376253257,600096605536507071488362545356335&printFields=documentID,title,documenttype,renderlink,matchscore,description,contentupdatedate,language,disclosurelevel,store,docsource,documenttypedetails,topics,categorizations&store=docstore,supportagentstore,manualagentstore,manualstore,videostore,processagentstore,udp-content-default&aggregations=producttopics,documenttype,disclosurelevel,countrycode,topissue&spellCheck=3"  	[MsgId: MERR-26608]
Warning: Iteration pacing cannot be reached (pace time = 6.09, actual time = 29.16).	[MsgId: MWAR-15995]
Warning: Iteration pacing cannot be reached (pace time = 6.39, actual time = 9.90).	[MsgId: MWAR-15995]
Warning: Iteration pacing cannot be reached (pace time = 6.28, actual time = 27.07).	[MsgId: MWAR-15995]
Warning: Iteration pacing cannot be reached (pace time = 6.60, actual time = 16.82).	[MsgId: MWAR-15995]
kaas_DocSearchUDPES_Facets.c(8): Error -26608: HTTP Status-Code=504 (Gateway Timeout) for "https://hx9ekpvvbi.execute-api.us-east-1.amazonaws.com/KaaS-ITG/v2/search?q=HP Officejet Printer Models A100 to A999 &resultLimit=10&resultStart=0&countryCode=us&languageCode=en&disclosureLevel=696531864679532034919979251200881,47406819852170807613486806879990,218620138892645155286800249901443,287477763180518087286275037723076,887243771386204747508092376253257,600096605536507071488362545356335&printFields=documentID,title,documenttype,renderlink,matchscore,description,contentupdatedate,language,disclosurelevel,store,docsource,documenttypedetails,topics,categorizations&store=docstore,supportagentstore,manualagentstore,manualstore,videostore,processagentstore,udp-content-default&aggregations=producttopics,documenttype,disclosurelevel,countrycode,topissue&spellCheck=3"  	[MsgId: MERR-26608]
Warning: Iteration pacing cannot be reached (pace time = 6.60, actual time = 29.05).	[MsgId: MWAR-15995]
Warning: Iteration pacing cannot be reached (pace time = 6.61, actual time = 14.77).	[MsgId: MWAR-15995]
Warning: Iteration pacing cannot be reached (pace time = 6.14, actual time = 13.65).	[MsgId: MWAR-15995]
Warning: Iteration pacing cannot be reached (pace time = 6.74, actual time = 24.74).	[MsgId: MWAR-15995]
Warning: Iteration pacing cannot be reached (pace time = 6.22, actual time = 21.61).	[MsgId: MWAR-15995]
Warning: Iteration pacing cannot be reached (pace time = 6.52, actual time = 28.41).	[MsgId: MWAR-15995]
kaas_DocSearchUDPES_Facets.c(8): Error -26608: HTTP Status-Code=504 (Gateway Timeout) for "https://hx9ekpvvbi.execute-api.us-east-1.amazonaws.com/KaaS-ITG/v2/search?q=HP Officejet Printer Models A100 to A999 &resultLimit=10&resultStart=0&countryCode=us&languageCode=en&disclosureLevel=696531864679532034919979251200881,47406819852170807613486806879990,218620138892645155286800249901443,287477763180518087286275037723076,887243771386204747508092376253257,600096605536507071488362545356335&printFields=documentID,title,documenttype,renderlink,matchscore,description,contentupdatedate,language,disclosurelevel,store,docsource,documenttypedetails,topics,categorizations&store=docstore,supportagentstore,manualagentstore,manualstore,videostore,processagentstore,udp-content-default&aggregations=producttopics,documenttype,disclosurelevel,countrycode,topissue&spellCheck=3"  	[MsgId: MERR-26608]
Warning: Iteration pacing cannot be reached (pace time = 6.01, actual time = 29.15).	[MsgId: MWAR-15995]
Warning: Iteration pacing cannot be reached (pace time = 6.50, actual time = 13.61).	[MsgId: MWAR-15995]
Warning: Iteration pacing cannot be reached (pace time = 6.81, actual time = 28.79).	[MsgId: MWAR-15995]
Warning: Iteration pacing cannot be reached (pace time = 6.90, actual time = 24.21).	[MsgId: MWAR-15995]
Warning: Iteration pacing cannot be reached (pace time = 6.74, actual time = 23.96).	[MsgId: MWAR-15995]
Warning: Iteration pacing cannot be reached (pace time = 6.74, actual time = 24.38).	[MsgId: MWAR-15995]
Warning: Iteration pacing cannot be reached (pace time = 6.62, actual time = 12.95).	[MsgId: MWAR-15995]
Warning: Iteration pacing cannot be reached (pace time = 6.37, actual time = 8.28).	[MsgId: MWAR-15995]
Warning: Iteration pacing cannot be reached (pace time = 6.61, actual time = 7.25).	[MsgId: MWAR-15995]
Warning: Iteration pacing cannot be reached (pace time = 6.98, actual time = 11.29).	[MsgId: MWAR-15995]
Warning: Iteration pacing cannot be reached (pace time = 6.30, actual time = 9.74).	[MsgId: MWAR-15995]
Warning: Iteration pacing cannot be reached (pace time = 6.81, actual time = 12.03).	[MsgId: MWAR-15995]
Warning: Iteration pacing cannot be reached (pace time = 6.27, actual time = 6.38).	[MsgId: MWAR-15995]
Warning: Iteration pacing cannot be reached (pace time = 6.55, actual time = 11.58).	[MsgId: MWAR-15995]
Warning: Iteration pacing cannot be reached (pace time = 6.24, actual time = 22.01).	[MsgId: MWAR-15995]
Warning: Iteration pacing cannot be reached (pace time = 6.91, actual time = 10.02).	[MsgId: MWAR-15995]
Warning: Iteration pacing cannot be reached (pace time = 6.40, actual time = 15.83).	[MsgId: MWAR-15995]
Warning: Iteration pacing cannot be reached (pace time = 6.48, actual time = 20.85).	[MsgId: MWAR-15995]
Warning: Iteration pacing cannot be reached (pace time = 6.74, actual time = 12.94).	[MsgId: MWAR-15995]
kaas_DocSearchUDPES_Facets.c(8): Error -26608: HTTP Status-Code=504 (Gateway Timeout) for "https://hx9ekpvvbi.execute-api.us-east-1.amazonaws.com/KaaS-ITG/v2/search?q=bluetooth &resultLimit=10&resultStart=0&countryCode=us&languageCode=en&disclosureLevel=696531864679532034919979251200881,47406819852170807613486806879990,218620138892645155286800249901443,287477763180518087286275037723076,887243771386204747508092376253257,600096605536507071488362545356335&printFields=documentID,title,documenttype,renderlink,matchscore,description,contentupdatedate,language,disclosurelevel,store,docsource,documenttypedetails,topics,categorizations&store=docstore,supportagentstore,manualagentstore,manualstore,videostore,processagentstore,udp-content-default&aggregations=producttopics,documenttype,disclosurelevel,countrycode,topissue&spellCheck=3"  	[MsgId: MERR-26608]
Warning: Iteration pacing cannot be reached (pace time = 6.14, actual time = 29.16).	[MsgId: MWAR-15995]
Warning: Iteration pacing cannot be reached (pace time = 6.46, actual time = 9.33).	[MsgId: MWAR-15995]
Warning: Iteration pacing cannot be reached (pace time = 6.82, actual time = 12.68).	[MsgId: MWAR-15995]
Warning: Iteration pacing cannot be reached (pace time = 6.33, actual time = 7.32).	[MsgId: MWAR-15995]
kaas_DocSearchUDPES_Facets.c(8): Error -26608: HTTP Status-Code=504 (Gateway Timeout) for "https://hx9ekpvvbi.execute-api.us-east-1.amazonaws.com/KaaS-ITG/v2/search?q=HP Compaq Tablets &resultLimit=10&resultStart=0&countryCode=us&languageCode=en&disclosureLevel=696531864679532034919979251200881,47406819852170807613486806879990,218620138892645155286800249901443,287477763180518087286275037723076,887243771386204747508092376253257,600096605536507071488362545356335&printFields=documentID,title,documenttype,renderlink,matchscore,description,contentupdatedate,language,disclosurelevel,store,docsource,documenttypedetails,topics,categorizations&store=docstore,supportagentstore,manualagentstore,manualstore,videostore,processagentstore,udp-content-default&aggregations=producttopics,documenttype,disclosurelevel,countrycode,topissue&spellCheck=3"  	[MsgId: MERR-26608]
Warning: Iteration pacing cannot be reached (pace time = 6.75, actual time = 29.17).	[MsgId: MWAR-15995]
kaas_DocSearchUDPES_Facets.c(8): Error -26608: HTTP Status-Code=504 (Gateway Timeout) for "https://hx9ekpvvbi.execute-api.us-east-1.amazonaws.com/KaaS-ITG/v2/search?q=HP Pavilion Desktop Models 7000 to 9999 &resultLimit=10&resultStart=0&countryCode=us&languageCode=en&disclosureLevel=696531864679532034919979251200881,47406819852170807613486806879990,218620138892645155286800249901443,287477763180518087286275037723076,887243771386204747508092376253257,600096605536507071488362545356335&printFields=documentID,title,documenttype,renderlink,matchscore,description,contentupdatedate,language,disclosurelevel,store,docsource,documenttypedetails,topics,categorizations&store=docstore,supportagentstore,manualagentstore,manualstore,videostore,processagentstore,udp-content-default&aggregations=producttopics,documenttype,disclosurelevel,countrycode,topissue&spellCheck=3"  	[MsgId: MERR-26608]
Warning: Iteration pacing cannot be reached (pace time = 6.82, actual time = 29.05).	[MsgId: MWAR-15995]
Warning: Iteration pacing cannot be reached (pace time = 6.02, actual time = 14.51).	[MsgId: MWAR-15995]
Warning: Iteration pacing cannot be reached (pace time = 6.10, actual time = 13.56).	[MsgId: MWAR-15995]
Warning: Iteration pacing cannot be reached (pace time = 6.12, actual time = 24.13).	[MsgId: MWAR-15995]
Warning: Iteration pacing cannot be reached (pace time = 6.28, actual time = 28.30).	[MsgId: MWAR-15995]
Warning: Iteration pacing cannot be reached (pace time = 6.28, actual time = 22.80).	[MsgId: MWAR-15995]
Warning: Iteration pacing cannot be reached (pace time = 6.08, actual time = 11.41).	[MsgId: MWAR-15995]
kaas_DocSearchUDPES_Facets.c(8): Error -26608: HTTP Status-Code=504 (Gateway Timeout) for "https://hx9ekpvvbi.execute-api.us-east-1.amazonaws.com/KaaS-ITG/v2/search?q=Install/uninstall software &resultLimit=10&resultStart=0&countryCode=us&languageCode=en&disclosureLevel=696531864679532034919979251200881,47406819852170807613486806879990,218620138892645155286800249901443,287477763180518087286275037723076,887243771386204747508092376253257,600096605536507071488362545356335&printFields=documentID,title,documenttype,renderlink,matchscore,description,contentupdatedate,language,disclosurelevel,store,docsource,documenttypedetails,topics,categorizations&store=docstore,supportagentstore,manualagentstore,manualstore,videostore,processagentstore,udp-content-default&aggregations=producttopics,documenttype,disclosurelevel,countrycode,topissue&spellCheck=3"  	[MsgId: MERR-26608]
Warning: Iteration pacing cannot be reached (pace time = 6.45, actual time = 29.08).	[MsgId: MWAR-15995]
Warning: Iteration pacing cannot be reached (pace time = 6.30, actual time = 10.82).	[MsgId: MWAR-15995]
Warning: Iteration pacing cannot be reached (pace time = 6.18, actual time = 23.55).	[MsgId: MWAR-15995]
Warning: Iteration pacing cannot be reached (pace time = 6.80, actual time = 20.38).	[MsgId: MWAR-15995]
Warning: Iteration pacing cannot be reached (pace time = 6.16, actual time = 25.43).	[MsgId: MWAR-15995]
Warning: Iteration pacing cannot be reached (pace time = 6.92, actual time = 8.57).	[MsgId: MWAR-15995]
kaas_DocSearchUDPES_Facets.c(8): Error -26608: HTTP Status-Code=504 (Gateway Timeout) for "https://hx9ekpvvbi.execute-api.us-east-1.amazonaws.com/KaaS-ITG/v2/search?q=Videos/photos &resultLimit=10&resultStart=0&countryCode=us&languageCode=en&disclosureLevel=696531864679532034919979251200881,47406819852170807613486806879990,218620138892645155286800249901443,287477763180518087286275037723076,887243771386204747508092376253257,600096605536507071488362545356335&printFields=documentID,title,documenttype,renderlink,matchscore,description,contentupdatedate,language,disclosurelevel,store,docsource,documenttypedetails,topics,categorizations&store=docstore,supportagentstore,manualagentstore,manualstore,videostore,processagentstore,udp-content-default&aggregations=producttopics,documenttype,disclosurelevel,countrycode,topissue&spellCheck=3"  	[MsgId: MERR-26608]
Warning: Iteration pacing cannot be reached (pace time = 6.35, actual time = 29.17).	[MsgId: MWAR-15995]
Warning: Iteration pacing cannot be reached (pace time = 6.99, actual time = 27.20).	[MsgId: MWAR-15995]
Warning: Iteration pacing cannot be reached (pace time = 6.62, actual time = 26.48).	[MsgId: MWAR-15995]
kaas_DocSearchUDPES_Facets.c(8): Error -26608: HTTP Status-Code=504 (Gateway Timeout) for "https://hx9ekpvvbi.execute-api.us-east-1.amazonaws.com/KaaS-ITG/v2/search?q=firmware &resultLimit=10&resultStart=0&countryCode=us&languageCode=en&disclosureLevel=696531864679532034919979251200881,47406819852170807613486806879990,218620138892645155286800249901443,287477763180518087286275037723076,887243771386204747508092376253257,600096605536507071488362545356335&printFields=documentID,title,documenttype,renderlink,matchscore,description,contentupdatedate,language,disclosurelevel,store,docsource,documenttypedetails,topics,categorizations&store=docstore,supportagentstore,manualagentstore,manualstore,videostore,processagentstore,udp-content-default&aggregations=producttopics,documenttype,disclosurelevel,countrycode,topissue&spellCheck=3"  	[MsgId: MERR-26608]
Warning: Iteration pacing cannot be reached (pace time = 6.17, actual time = 29.04).	[MsgId: MWAR-15995]
Warning: Iteration pacing cannot be reached (pace time = 6.24, actual time = 12.68).	[MsgId: MWAR-15995]
Warning: Iteration pacing cannot be reached (pace time = 6.36, actual time = 14.04).	[MsgId: MWAR-15995]
Warning: Iteration pacing cannot be reached (pace time = 6.61, actual time = 25.09).	[MsgId: MWAR-15995]
Warning: Iteration pacing cannot be reached (pace time = 6.94, actual time = 8.20).	[MsgId: MWAR-15995]
kaas_DocSearchUDPES_Facets.c(8): Error -26608: HTTP Status-Code=504 (Gateway Timeout) for "https://hx9ekpvvbi.execute-api.us-east-1.amazonaws.com/KaaS-ITG/v2/search?q=HP Chrombook Notebooks &resultLimit=10&resultStart=0&countryCode=us&languageCode=en&disclosureLevel=696531864679532034919979251200881,47406819852170807613486806879990,218620138892645155286800249901443,287477763180518087286275037723076,887243771386204747508092376253257,600096605536507071488362545356335&printFields=documentID,title,documenttype,renderlink,matchscore,description,contentupdatedate,language,disclosurelevel,store,docsource,documenttypedetails,topics,categorizations&store=docstore,supportagentstore,manualagentstore,manualstore,videostore,processagentstore,udp-content-default&aggregations=producttopics,documenttype,disclosurelevel,countrycode,topissue&spellCheck=3"  	[MsgId: MERR-26608]
Warning: Iteration pacing cannot be reached (pace time = 6.85, actual time = 29.05).	[MsgId: MWAR-15995]
Warning: Iteration pacing cannot be reached (pace time = 6.91, actual time = 21.54).	[MsgId: MWAR-15995]
Warning: Iteration pacing cannot be reached (pace time = 6.06, actual time = 10.95).	[MsgId: MWAR-15995]
Warning: Iteration pacing cannot be reached (pace time = 6.11, actual time = 19.33).	[MsgId: MWAR-15995]
Warning: Iteration pacing cannot be reached (pace time = 6.27, actual time = 18.69).	[MsgId: MWAR-15995]
Warning: Iteration pacing cannot be reached (pace time = 6.26, actual time = 13.52).	[MsgId: MWAR-15995]
Warning: Iteration pacing cannot be reached (pace time = 6.25, actual time = 11.08).	[MsgId: MWAR-15995]
kaas_DocSearchUDPES_Facets.c(8): Error -26608: HTTP Status-Code=504 (Gateway Timeout) for "https://hx9ekpvvbi.execute-api.us-east-1.amazonaws.com/KaaS-ITG/v2/search?q=webcam &resultLimit=10&resultStart=0&countryCode=us&languageCode=en&disclosureLevel=696531864679532034919979251200881,47406819852170807613486806879990,218620138892645155286800249901443,287477763180518087286275037723076,887243771386204747508092376253257,600096605536507071488362545356335&printFields=documentID,title,documenttype,renderlink,matchscore,description,contentupdatedate,language,disclosurelevel,store,docsource,documenttypedetails,topics,categorizations&store=docstore,supportagentstore,manualagentstore,manualstore,videostore,processagentstore,udp-content-default&aggregations=producttopics,documenttype,disclosurelevel,countrycode,topissue&spellCheck=3"  	[MsgId: MERR-26608]
Warning: Iteration pacing cannot be reached (pace time = 6.10, actual time = 29.09).	[MsgId: MWAR-15995]
kaas_DocSearchUDPES_Facets.c(8): Error -26608: HTTP Status-Code=504 (Gateway Timeout) for "https://hx9ekpvvbi.execute-api.us-east-1.amazonaws.com/KaaS-ITG/v2/search?q=HP Chrombook Notebooks &resultLimit=10&resultStart=0&countryCode=us&languageCode=en&disclosureLevel=696531864679532034919979251200881,47406819852170807613486806879990,218620138892645155286800249901443,287477763180518087286275037723076,887243771386204747508092376253257,600096605536507071488362545356335&printFields=documentID,title,documenttype,renderlink,matchscore,description,contentupdatedate,language,disclosurelevel,store,docsource,documenttypedetails,topics,categorizations&store=docstore,supportagentstore,manualagentstore,manualstore,videostore,processagentstore,udp-content-default&aggregations=producttopics,documenttype,disclosurelevel,countrycode,topissue&spellCheck=3"  	[MsgId: MERR-26608]
Warning: Iteration pacing cannot be reached (pace time = 6.01, actual time = 29.04).	[MsgId: MWAR-15995]
Warning: Iteration pacing cannot be reached (pace time = 6.43, actual time = 8.85).	[MsgId: MWAR-15995]
Warning: Iteration pacing cannot be reached (pace time = 6.16, actual time = 17.04).	[MsgId: MWAR-15995]
Warning: Iteration pacing cannot be reached (pace time = 6.77, actual time = 8.47).	[MsgId: MWAR-15995]
Warning: Iteration pacing cannot be reached (pace time = 6.45, actual time = 21.11).	[MsgId: MWAR-15995]
Warning: Iteration pacing cannot be reached (pace time = 6.89, actual time = 24.45).	[MsgId: MWAR-15995]
Warning: Iteration pacing cannot be reached (pace time = 6.12, actual time = 8.80).	[MsgId: MWAR-15995]
Warning: Iteration pacing cannot be reached (pace time = 6.12, actual time = 6.20).	[MsgId: MWAR-15995]
Warning: Iteration pacing cannot be reached (pace time = 6.85, actual time = 28.23).	[MsgId: MWAR-15995]
Warning: Iteration pacing cannot be reached (pace time = 6.11, actual time = 19.18).	[MsgId: MWAR-15995]
Warning: Iteration pacing cannot be reached (pace time = 6.71, actual time = 16.50).	[MsgId: MWAR-15995]
Warning: Iteration pacing cannot be reached (pace time = 6.43, actual time = 28.33).	[MsgId: MWAR-15995]
Warning: Iteration pacing cannot be reached (pace time = 6.29, actual time = 19.50).	[MsgId: MWAR-15995]
Warning: Iteration pacing cannot be reached (pace time = 6.36, actual time = 11.64).	[MsgId: MWAR-15995]
Warning: Iteration pacing cannot be reached (pace time = 6.57, actual time = 11.26).	[MsgId: MWAR-15995]
Warning: Iteration pacing cannot be reached (pace time = 6.20, actual time = 8.80).	[MsgId: MWAR-15995]
Warning: Iteration pacing cannot be reached (pace time = 6.88, actual time = 21.01).	[MsgId: MWAR-15995]
Warning: Iteration pacing cannot be reached (pace time = 6.45, actual time = 11.07).	[MsgId: MWAR-15995]
Warning: Iteration pacing cannot be reached (pace time = 6.79, actual time = 13.19).	[MsgId: MWAR-15995]
Warning: Iteration pacing cannot be reached (pace time = 6.78, actual time = 7.09).	[MsgId: MWAR-15995]
Warning: Iteration pacing cannot be reached (pace time = 6.94, actual time = 7.57).	[MsgId: MWAR-15995]
Warning: Iteration pacing cannot be reached (pace time = 6.34, actual time = 18.54).	[MsgId: MWAR-15995]
Warning: Iteration pacing cannot be reached (pace time = 6.27, actual time = 23.02).	[MsgId: MWAR-15995]
