Warning: Iteration pacing cannot be reached (pace time = 4.02, actual time = 4.46).	[MsgId: MWAR-15995]
Warning: Iteration pacing cannot be reached (pace time = 4.29, actual time = 4.61).	[MsgId: MWAR-15995]
Warning: Iteration pacing cannot be reached (pace time = 5.21, actual time = 6.82).	[MsgId: MWAR-15995]
Warning: Iteration pacing cannot be reached (pace time = 5.26, actual time = 7.75).	[MsgId: MWAR-15995]
Warning: Iteration pacing cannot be reached (pace time = 5.89, actual time = 6.83).	[MsgId: MWAR-15995]
Warning: Iteration pacing cannot be reached (pace time = 5.13, actual time = 9.76).	[MsgId: MWAR-15995]
Warning: Iteration pacing cannot be reached (pace time = 5.32, actual time = 6.39).	[MsgId: MWAR-15995]
Warning: Iteration pacing cannot be reached (pace time = 5.36, actual time = 9.28).	[MsgId: MWAR-15995]
Warning: Iteration pacing cannot be reached (pace time = 5.07, actual time = 8.59).	[MsgId: MWAR-15995]
Warning: Iteration pacing cannot be reached (pace time = 4.88, actual time = 6.44).	[MsgId: MWAR-15995]
Warning: Iteration pacing cannot be reached (pace time = 5.60, actual time = 10.38).	[MsgId: MWAR-15995]
Warning: Iteration pacing cannot be reached (pace time = 5.34, actual time = 12.55).	[MsgId: MWAR-15995]
Warning: Iteration pacing cannot be reached (pace time = 5.21, actual time = 17.18).	[MsgId: MWAR-15995]
Warning: Iteration pacing cannot be reached (pace time = 4.32, actual time = 11.46).	[MsgId: MWAR-15995]
Warning: Iteration pacing cannot be reached (pace time = 5.80, actual time = 12.21).	[MsgId: MWAR-15995]
Warning: Iteration pacing cannot be reached (pace time = 4.98, actual time = 9.24).	[MsgId: MWAR-15995]
Warning: Iteration pacing cannot be reached (pace time = 5.30, actual time = 9.57).	[MsgId: MWAR-15995]
Warning: Iteration pacing cannot be reached (pace time = 4.02, actual time = 11.39).	[MsgId: MWAR-15995]
Warning: Iteration pacing cannot be reached (pace time = 5.56, actual time = 10.18).	[MsgId: MWAR-15995]
Warning: Iteration pacing cannot be reached (pace time = 5.88, actual time = 6.24).	[MsgId: MWAR-15995]
Warning: Iteration pacing cannot be reached (pace time = 5.92, actual time = 8.27).	[MsgId: MWAR-15995]
Warning: Iteration pacing cannot be reached (pace time = 5.50, actual time = 7.80).	[MsgId: MWAR-15995]
Warning: Iteration pacing cannot be reached (pace time = 4.72, actual time = 6.11).	[MsgId: MWAR-15995]
Warning: Iteration pacing cannot be reached (pace time = 5.11, actual time = 9.08).	[MsgId: MWAR-15995]
Warning: Iteration pacing cannot be reached (pace time = 4.89, actual time = 5.85).	[MsgId: MWAR-15995]
Warning: Iteration pacing cannot be reached (pace time = 4.43, actual time = 5.74).	[MsgId: MWAR-15995]
Warning: Iteration pacing cannot be reached (pace time = 4.66, actual time = 5.90).	[MsgId: MWAR-15995]
Warning: Iteration pacing cannot be reached (pace time = 5.89, actual time = 8.99).	[MsgId: MWAR-15995]
Warning: Iteration pacing cannot be reached (pace time = 5.03, actual time = 5.27).	[MsgId: MWAR-15995]
Warning: Iteration pacing cannot be reached (pace time = 4.89, actual time = 5.16).	[MsgId: MWAR-15995]
Warning: Iteration pacing cannot be reached (pace time = 5.52, actual time = 6.27).	[MsgId: MWAR-15995]
Warning: Iteration pacing cannot be reached (pace time = 5.95, actual time = 7.22).	[MsgId: MWAR-15995]
Warning: Iteration pacing cannot be reached (pace time = 4.92, actual time = 6.42).	[MsgId: MWAR-15995]
Warning: Iteration pacing cannot be reached (pace time = 4.95, actual time = 8.27).	[MsgId: MWAR-15995]
Warning: Iteration pacing cannot be reached (pace time = 5.47, actual time = 6.73).	[MsgId: MWAR-15995]
Warning: Iteration pacing cannot be reached (pace time = 4.97, actual time = 6.20).	[MsgId: MWAR-15995]
kaas_DocSearchHPES_Product_Context.c(9): Error -26608: HTTP Status-Code=504 (Gateway Timeout) for "https://hx9ekpvvbi.execute-api.us-east-1.amazonaws.com/KaaS-ITG/v2/search?q=HP Pavilion All-in-One Desktops&resultLimit=20&resultStart=0&languageCode=en&countryCode=us&store=tmsstore&filters=(shallincludeinautosuggest:true%20AND%20class:(pm_series_value%5E2%20OR%20pm_name_value%20OR%20pm_number_value)%20AND%20contenttype:Product)"  	[MsgId: MERR-26608]
Warning: Iteration pacing cannot be reached (pace time = 4.47, actual time = 29.04).	[MsgId: MWAR-15995]
kaas_DocSearchHPES_Product_Context.c(9): Error -26608: HTTP Status-Code=504 (Gateway Timeout) for "https://hx9ekpvvbi.execute-api.us-east-1.amazonaws.com/KaaS-ITG/v2/search?q=J8Z38ET&resultLimit=20&resultStart=0&languageCode=en&countryCode=us&store=tmsstore&filters=(shallincludeinautosuggest:true%20AND%20class:(pm_series_value%5E2%20OR%20pm_name_value%20OR%20pm_number_value)%20AND%20contenttype:Product)"  	[MsgId: MERR-26608]
Warning: Iteration pacing cannot be reached (pace time = 4.36, actual time = 29.04).	[MsgId: MWAR-15995]
kaas_DocSearchHPES_Product_Context.c(9): Error -26608: HTTP Status-Code=504 (Gateway Timeout) for "https://hx9ekpvvbi.execute-api.us-east-1.amazonaws.com/KaaS-ITG/v2/search?q=HP Pavilion Desktop Models 100 to 999&resultLimit=20&resultStart=0&languageCode=en&countryCode=us&store=tmsstore&filters=(shallincludeinautosuggest:true%20AND%20class:(pm_series_value%5E2%20OR%20pm_name_value%20OR%20pm_number_value)%20AND%20contenttype:Product)"  	[MsgId: MERR-26608]
Warning: Iteration pacing cannot be reached (pace time = 5.34, actual time = 29.05).	[MsgId: MWAR-15995]
kaas_DocSearchHPES_Product_Context.c(9): Error -26608: HTTP Status-Code=504 (Gateway Timeout) for "https://hx9ekpvvbi.execute-api.us-east-1.amazonaws.com/KaaS-ITG/v2/search?q=HP notebook 1&resultLimit=20&resultStart=0&languageCode=en&countryCode=us&store=tmsstore&filters=(shallincludeinautosuggest:true%20AND%20class:(pm_series_value%5E2%20OR%20pm_name_value%20OR%20pm_number_value)%20AND%20contenttype:Product)"  	[MsgId: MERR-26608]
Warning: Iteration pacing cannot be reached (pace time = 5.60, actual time = 29.05).	[MsgId: MWAR-15995]
kaas_DocSearchHPES_Product_Context.c(9): Error -26608: HTTP Status-Code=504 (Gateway Timeout) for "https://hx9ekpvvbi.execute-api.us-east-1.amazonaws.com/KaaS-ITG/v2/search?q=elitebook&resultLimit=20&resultStart=0&languageCode=en&countryCode=us&store=tmsstore&filters=(shallincludeinautosuggest:true%20AND%20class:(pm_series_value%5E2%20OR%20pm_name_value%20OR%20pm_number_value)%20AND%20contenttype:Product)"  	[MsgId: MERR-26608]
Warning: Iteration pacing cannot be reached (pace time = 5.38, actual time = 29.04).	[MsgId: MWAR-15995]
kaas_DocSearchHPES_Product_Context.c(9): Error -26608: HTTP Status-Code=504 (Gateway Timeout) for "https://hx9ekpvvbi.execute-api.us-east-1.amazonaws.com/KaaS-ITG/v2/search?q=Y0T03PA&resultLimit=20&resultStart=0&languageCode=en&countryCode=us&store=tmsstore&filters=(shallincludeinautosuggest:true%20AND%20class:(pm_series_value%5E2%20OR%20pm_name_value%20OR%20pm_number_value)%20AND%20contenttype:Product)"  	[MsgId: MERR-26608]
Warning: Iteration pacing cannot be reached (pace time = 4.08, actual time = 29.04).	[MsgId: MWAR-15995]
kaas_DocSearchHPES_Product_Context.c(9): Error -26608: HTTP Status-Code=504 (Gateway Timeout) for "https://hx9ekpvvbi.execute-api.us-east-1.amazonaws.com/KaaS-ITG/v2/search?q=HP Pavilion 11-n000eh x360 PC&resultLimit=20&resultStart=0&languageCode=en&countryCode=us&store=tmsstore&filters=(shallincludeinautosuggest:true%20AND%20class:(pm_series_value%5E2%20OR%20pm_name_value%20OR%20pm_number_value)%20AND%20contenttype:Product)"  	[MsgId: MERR-26608]
Warning: Iteration pacing cannot be reached (pace time = 4.92, actual time = 29.04).	[MsgId: MWAR-15995]
kaas_DocSearchHPES_Product_Context.c(9): Error -26608: HTTP Status-Code=504 (Gateway Timeout) for "https://hx9ekpvvbi.execute-api.us-east-1.amazonaws.com/KaaS-ITG/v2/search?q=hp inkje&resultLimit=20&resultStart=0&languageCode=en&countryCode=us&store=tmsstore&filters=(shallincludeinautosuggest:true%20AND%20class:(pm_series_value%5E2%20OR%20pm_name_value%20OR%20pm_number_value)%20AND%20contenttype:Product)"  	[MsgId: MERR-26608]
Warning: Iteration pacing cannot be reached (pace time = 4.36, actual time = 29.04).	[MsgId: MWAR-15995]
kaas_DocSearchHPES_Product_Context.c(9): Error -26608: HTTP Status-Code=504 (Gateway Timeout) for "https://hx9ekpvvbi.execute-api.us-east-1.amazonaws.com/KaaS-ITG/v2/search?q=hp inkje&resultLimit=20&resultStart=0&languageCode=en&countryCode=us&store=tmsstore&filters=(shallincludeinautosuggest:true%20AND%20class:(pm_series_value%5E2%20OR%20pm_name_value%20OR%20pm_number_value)%20AND%20contenttype:Product)"  	[MsgId: MERR-26608]
Warning: Iteration pacing cannot be reached (pace time = 4.46, actual time = 29.05).	[MsgId: MWAR-15995]
kaas_DocSearchHPES_Product_Context.c(9): Error -26608: HTTP Status-Code=504 (Gateway Timeout) for "https://hx9ekpvvbi.execute-api.us-east-1.amazonaws.com/KaaS-ITG/v2/search?q=elitebook&resultLimit=20&resultStart=0&languageCode=en&countryCode=us&store=tmsstore&filters=(shallincludeinautosuggest:true%20AND%20class:(pm_series_value%5E2%20OR%20pm_name_value%20OR%20pm_number_value)%20AND%20contenttype:Product)"  	[MsgId: MERR-26608]
Warning: Iteration pacing cannot be reached (pace time = 5.40, actual time = 29.06).	[MsgId: MWAR-15995]
kaas_DocSearchHPES_Product_Context.c(9): Error -26608: HTTP Status-Code=504 (Gateway Timeout) for "https://hx9ekpvvbi.execute-api.us-east-1.amazonaws.com/KaaS-ITG/v2/search?q=5500&resultLimit=20&resultStart=0&languageCode=en&countryCode=us&store=tmsstore&filters=(shallincludeinautosuggest:true%20AND%20class:(pm_series_value%5E2%20OR%20pm_name_value%20OR%20pm_number_value)%20AND%20contenttype:Product)"  	[MsgId: MERR-26608]
Warning: Iteration pacing cannot be reached (pace time = 4.36, actual time = 29.04).	[MsgId: MWAR-15995]
kaas_DocSearchHPES_Product_Context.c(9): Error -26608: HTTP Status-Code=504 (Gateway Timeout) for "https://hx9ekpvvbi.execute-api.us-east-1.amazonaws.com/KaaS-ITG/v2/search?q=W1C31LA&resultLimit=20&resultStart=0&languageCode=en&countryCode=us&store=tmsstore&filters=(shallincludeinautosuggest:true%20AND%20class:(pm_series_value%5E2%20OR%20pm_name_value%20OR%20pm_number_value)%20AND%20contenttype:Product)"  	[MsgId: MERR-26608]
Warning: Iteration pacing cannot be reached (pace time = 4.32, actual time = 29.04).	[MsgId: MWAR-15995]
kaas_DocSearchHPES_Product_Context.c(9): Error -26608: HTTP Status-Code=504 (Gateway Timeout) for "https://hx9ekpvvbi.execute-api.us-east-1.amazonaws.com/KaaS-ITG/v2/search?q=HP ENVY 4-1009tx Notebook PC&resultLimit=20&resultStart=0&languageCode=en&countryCode=us&store=tmsstore&filters=(shallincludeinautosuggest:true%20AND%20class:(pm_series_value%5E2%20OR%20pm_name_value%20OR%20pm_number_value)%20AND%20contenttype:Product)"  	[MsgId: MERR-26608]
Warning: Iteration pacing cannot be reached (pace time = 4.76, actual time = 29.04).	[MsgId: MWAR-15995]
kaas_DocSearchHPES_Product_Context.c(9): Error -26608: HTTP Status-Code=504 (Gateway Timeout) for "https://hx9ekpvvbi.execute-api.us-east-1.amazonaws.com/KaaS-ITG/v2/search?q=HP ENVY Notebooks&resultLimit=20&resultStart=0&languageCode=en&countryCode=us&store=tmsstore&filters=(shallincludeinautosuggest:true%20AND%20class:(pm_series_value%5E2%20OR%20pm_name_value%20OR%20pm_number_value)%20AND%20contenttype:Product)"  	[MsgId: MERR-26608]
Warning: Iteration pacing cannot be reached (pace time = 5.03, actual time = 29.04).	[MsgId: MWAR-15995]
kaas_DocSearchHPES_Product_Context.c(9): Error -26608: HTTP Status-Code=504 (Gateway Timeout) for "https://hx9ekpvvbi.execute-api.us-east-1.amazonaws.com/KaaS-ITG/v2/search?q=HP Officejet Printer Models 1000 to 5999&resultLimit=20&resultStart=0&languageCode=en&countryCode=us&store=tmsstore&filters=(shallincludeinautosuggest:true%20AND%20class:(pm_series_value%5E2%20OR%20pm_name_value%20OR%20pm_number_value)%20AND%20contenttype:Product)"  	[MsgId: MERR-26608]
Warning: Iteration pacing cannot be reached (pace time = 4.13, actual time = 29.04).	[MsgId: MWAR-15995]
kaas_DocSearchHPES_Product_Context.c(9): Error -26608: HTTP Status-Code=504 (Gateway Timeout) for "https://hx9ekpvvbi.execute-api.us-east-1.amazonaws.com/KaaS-ITG/v2/search?q=HP Deskjet Printer Models K010 to K999&resultLimit=20&resultStart=0&languageCode=en&countryCode=us&store=tmsstore&filters=(shallincludeinautosuggest:true%20AND%20class:(pm_series_value%5E2%20OR%20pm_name_value%20OR%20pm_number_value)%20AND%20contenttype:Product)"  	[MsgId: MERR-26608]
Warning: Iteration pacing cannot be reached (pace time = 5.60, actual time = 29.05).	[MsgId: MWAR-15995]
kaas_DocSearchHPES_Product_Context.c(9): Error -26608: HTTP Status-Code=504 (Gateway Timeout) for "https://hx9ekpvvbi.execute-api.us-east-1.amazonaws.com/KaaS-ITG/v2/search?q=Printer te&resultLimit=20&resultStart=0&languageCode=en&countryCode=us&store=tmsstore&filters=(shallincludeinautosuggest:true%20AND%20class:(pm_series_value%5E2%20OR%20pm_name_value%20OR%20pm_number_value)%20AND%20contenttype:Product)"  	[MsgId: MERR-26608]
Warning: Iteration pacing cannot be reached (pace time = 4.67, actual time = 29.04).	[MsgId: MWAR-15995]
kaas_DocSearchHPES_Product_Context.c(9): Error -26608: HTTP Status-Code=504 (Gateway Timeout) for "https://hx9ekpvvbi.execute-api.us-east-1.amazonaws.com/KaaS-ITG/v2/search?q=Compaq Evo Desktop&resultLimit=20&resultStart=0&languageCode=en&countryCode=us&store=tmsstore&filters=(shallincludeinautosuggest:true%20AND%20class:(pm_series_value%5E2%20OR%20pm_name_value%20OR%20pm_number_value)%20AND%20contenttype:Product)"  	[MsgId: MERR-26608]
Warning: Iteration pacing cannot be reached (pace time = 4.43, actual time = 29.04).	[MsgId: MWAR-15995]
kaas_DocSearchHPES_Product_Context.c(9): Error -26608: HTTP Status-Code=504 (Gateway Timeout) for "https://hx9ekpvvbi.execute-api.us-east-1.amazonaws.com/KaaS-ITG/v2/search?q=HP Photosmart Printer Models A100 to A999&resultLimit=20&resultStart=0&languageCode=en&countryCode=us&store=tmsstore&filters=(shallincludeinautosuggest:true%20AND%20class:(pm_series_value%5E2%20OR%20pm_name_value%20OR%20pm_number_value)%20AND%20contenttype:Product)"  	[MsgId: MERR-26608]
Warning: Iteration pacing cannot be reached (pace time = 4.83, actual time = 29.05).	[MsgId: MWAR-15995]
kaas_DocSearchHPES_Product_Context.c(9): Error -26608: HTTP Status-Code=504 (Gateway Timeout) for "https://hx9ekpvvbi.execute-api.us-east-1.amazonaws.com/KaaS-ITG/v2/search?q=HP Officejet Mobile Printers&resultLimit=20&resultStart=0&languageCode=en&countryCode=us&store=tmsstore&filters=(shallincludeinautosuggest:true%20AND%20class:(pm_series_value%5E2%20OR%20pm_name_value%20OR%20pm_number_value)%20AND%20contenttype:Product)"  	[MsgId: MERR-26608]
Warning: Iteration pacing cannot be reached (pace time = 5.30, actual time = 29.04).	[MsgId: MWAR-15995]
kaas_DocSearchHPES_Product_Context.c(9): Error -26608: HTTP Status-Code=504 (Gateway Timeout) for "https://hx9ekpvvbi.execute-api.us-east-1.amazonaws.com/KaaS-ITG/v2/search?q=HP Deskjet Printer Models 1000 to 2999&resultLimit=20&resultStart=0&languageCode=en&countryCode=us&store=tmsstore&filters=(shallincludeinautosuggest:true%20AND%20class:(pm_series_value%5E2%20OR%20pm_name_value%20OR%20pm_number_value)%20AND%20contenttype:Product)"  	[MsgId: MERR-26608]
Warning: Iteration pacing cannot be reached (pace time = 5.50, actual time = 29.04).	[MsgId: MWAR-15995]
kaas_DocSearchHPES_Product_Context.c(9): Error -26608: HTTP Status-Code=504 (Gateway Timeout) for "https://hx9ekpvvbi.execute-api.us-east-1.amazonaws.com/KaaS-ITG/v2/search?q=Envy 15 k1&resultLimit=20&resultStart=0&languageCode=en&countryCode=us&store=tmsstore&filters=(shallincludeinautosuggest:true%20AND%20class:(pm_series_value%5E2%20OR%20pm_name_value%20OR%20pm_number_value)%20AND%20contenttype:Product)"  	[MsgId: MERR-26608]
Warning: Iteration pacing cannot be reached (pace time = 5.11, actual time = 29.05).	[MsgId: MWAR-15995]
kaas_DocSearchHPES_Product_Context.c(9): Error -26608: HTTP Status-Code=504 (Gateway Timeout) for "https://hx9ekpvvbi.execute-api.us-east-1.amazonaws.com/KaaS-ITG/v2/search?q=CNU1469&resultLimit=20&resultStart=0&languageCode=en&countryCode=us&store=tmsstore&filters=(shallincludeinautosuggest:true%20AND%20class:(pm_series_value%5E2%20OR%20pm_name_value%20OR%20pm_number_value)%20AND%20contenttype:Product)"  	[MsgId: MERR-26608]
Warning: Iteration pacing cannot be reached (pace time = 5.87, actual time = 29.04).	[MsgId: MWAR-15995]
kaas_DocSearchHPES_Product_Context.c(9): Error -26608: HTTP Status-Code=504 (Gateway Timeout) for "https://hx9ekpvvbi.execute-api.us-east-1.amazonaws.com/KaaS-ITG/v2/search?q=3CQ2220M5T&resultLimit=20&resultStart=0&languageCode=en&countryCode=us&store=tmsstore&filters=(shallincludeinautosuggest:true%20AND%20class:(pm_series_value%5E2%20OR%20pm_name_value%20OR%20pm_number_value)%20AND%20contenttype:Product)"  	[MsgId: MERR-26608]
Warning: Iteration pacing cannot be reached (pace time = 5.67, actual time = 29.04).	[MsgId: MWAR-15995]
kaas_DocSearchHPES_Product_Context.c(9): Error -26608: HTTP Status-Code=504 (Gateway Timeout) for "https://hx9ekpvvbi.execute-api.us-east-1.amazonaws.com/KaaS-ITG/v2/search?q=HP Pavilion Desktop Models 500-000 to 500-999&resultLimit=20&resultStart=0&languageCode=en&countryCode=us&store=tmsstore&filters=(shallincludeinautosuggest:true%20AND%20class:(pm_series_value%5E2%20OR%20pm_name_value%20OR%20pm_number_value)%20AND%20contenttype:Product)"  	[MsgId: MERR-26608]
Warning: Iteration pacing cannot be reached (pace time = 5.24, actual time = 29.04).	[MsgId: MWAR-15995]
kaas_DocSearchHPES_Product_Context.c(9): Error -26608: HTTP Status-Code=504 (Gateway Timeout) for "https://hx9ekpvvbi.execute-api.us-east-1.amazonaws.com/KaaS-ITG/v2/search?q=d268&resultLimit=20&resultStart=0&languageCode=en&countryCode=us&store=tmsstore&filters=(shallincludeinautosuggest:true%20AND%20class:(pm_series_value%5E2%20OR%20pm_name_value%20OR%20pm_number_value)%20AND%20contenttype:Product)"  	[MsgId: MERR-26608]
Warning: Iteration pacing cannot be reached (pace time = 5.39, actual time = 29.04).	[MsgId: MWAR-15995]
kaas_DocSearchHPES_Product_Context.c(9): Error -26608: HTTP Status-Code=504 (Gateway Timeout) for "https://hx9ekpvvbi.execute-api.us-east-1.amazonaws.com/KaaS-ITG/v2/search?q=HP Deskjet All-in-One Printers&resultLimit=20&resultStart=0&languageCode=en&countryCode=us&store=tmsstore&filters=(shallincludeinautosuggest:true%20AND%20class:(pm_series_value%5E2%20OR%20pm_name_value%20OR%20pm_number_value)%20AND%20contenttype:Product)"  	[MsgId: MERR-26608]
Warning: Iteration pacing cannot be reached (pace time = 4.10, actual time = 29.04).	[MsgId: MWAR-15995]
kaas_DocSearchHPES_Product_Context.c(9): Error -26608: HTTP Status-Code=504 (Gateway Timeout) for "https://hx9ekpvvbi.execute-api.us-east-1.amazonaws.com/KaaS-ITG/v2/search?q=HP Pavilion All-in-One Desktops&resultLimit=20&resultStart=0&languageCode=en&countryCode=us&store=tmsstore&filters=(shallincludeinautosuggest:true%20AND%20class:(pm_series_value%5E2%20OR%20pm_name_value%20OR%20pm_number_value)%20AND%20contenttype:Product)"  	[MsgId: MERR-26608]
Warning: Iteration pacing cannot be reached (pace time = 5.56, actual time = 29.04).	[MsgId: MWAR-15995]
kaas_DocSearchHPES_Product_Context.c(9): Error -26608: HTTP Status-Code=504 (Gateway Timeout) for "https://hx9ekpvvbi.execute-api.us-east-1.amazonaws.com/KaaS-ITG/v2/search?q=envy&resultLimit=20&resultStart=0&languageCode=en&countryCode=us&store=tmsstore&filters=(shallincludeinautosuggest:true%20AND%20class:(pm_series_value%5E2%20OR%20pm_name_value%20OR%20pm_number_value)%20AND%20contenttype:Product)"  	[MsgId: MERR-26608]
Warning: Iteration pacing cannot be reached (pace time = 5.84, actual time = 29.05).	[MsgId: MWAR-15995]
kaas_DocSearchHPES_Product_Context.c(9): Error -26608: HTTP Status-Code=504 (Gateway Timeout) for "https://hx9ekpvvbi.execute-api.us-east-1.amazonaws.com/KaaS-ITG/v2/search?q=HP Photosmart Printer Models A100 to A999&resultLimit=20&resultStart=0&languageCode=en&countryCode=us&store=tmsstore&filters=(shallincludeinautosuggest:true%20AND%20class:(pm_series_value%5E2%20OR%20pm_name_value%20OR%20pm_number_value)%20AND%20contenttype:Product)"  	[MsgId: MERR-26608]
Warning: Iteration pacing cannot be reached (pace time = 5.43, actual time = 29.04).	[MsgId: MWAR-15995]
kaas_DocSearchHPES_Product_Context.c(9): Error -26608: HTTP Status-Code=504 (Gateway Timeout) for "https://hx9ekpvvbi.execute-api.us-east-1.amazonaws.com/KaaS-ITG/v2/search?q=HP notebook 1&resultLimit=20&resultStart=0&languageCode=en&countryCode=us&store=tmsstore&filters=(shallincludeinautosuggest:true%20AND%20class:(pm_series_value%5E2%20OR%20pm_name_value%20OR%20pm_number_value)%20AND%20contenttype:Product)"  	[MsgId: MERR-26608]
Warning: Iteration pacing cannot be reached (pace time = 4.44, actual time = 29.04).	[MsgId: MWAR-15995]
Warning: Iteration pacing cannot be reached (pace time = 5.60, actual time = 28.50).	[MsgId: MWAR-15995]
kaas_DocSearchHPES_Product_Context.c(9): Error -26608: HTTP Status-Code=504 (Gateway Timeout) for "https://hx9ekpvvbi.execute-api.us-east-1.amazonaws.com/KaaS-ITG/v2/search?q=elitebook 84&resultLimit=20&resultStart=0&languageCode=en&countryCode=us&store=tmsstore&filters=(shallincludeinautosuggest:true%20AND%20class:(pm_series_value%5E2%20OR%20pm_name_value%20OR%20pm_number_value)%20AND%20contenttype:Product)"  	[MsgId: MERR-26608]
Warning: Iteration pacing cannot be reached (pace time = 4.21, actual time = 29.04).	[MsgId: MWAR-15995]
kaas_DocSearchHPES_Product_Context.c(9): Error -26608: HTTP Status-Code=504 (Gateway Timeout) for "https://hx9ekpvvbi.execute-api.us-east-1.amazonaws.com/KaaS-ITG/v2/search?q=HP ENVY Notebooks&resultLimit=20&resultStart=0&languageCode=en&countryCode=us&store=tmsstore&filters=(shallincludeinautosuggest:true%20AND%20class:(pm_series_value%5E2%20OR%20pm_name_value%20OR%20pm_number_value)%20AND%20contenttype:Product)"  	[MsgId: MERR-26608]
Warning: Iteration pacing cannot be reached (pace time = 5.93, actual time = 29.04).	[MsgId: MWAR-15995]
kaas_DocSearchHPES_Product_Context.c(9): Error -26608: HTTP Status-Code=504 (Gateway Timeout) for "https://hx9ekpvvbi.execute-api.us-east-1.amazonaws.com/KaaS-ITG/v2/search?q=hp 2159m&resultLimit=20&resultStart=0&languageCode=en&countryCode=us&store=tmsstore&filters=(shallincludeinautosuggest:true%20AND%20class:(pm_series_value%5E2%20OR%20pm_name_value%20OR%20pm_number_value)%20AND%20contenttype:Product)"  	[MsgId: MERR-26608]
Warning: Iteration pacing cannot be reached (pace time = 5.25, actual time = 29.05).	[MsgId: MWAR-15995]
kaas_DocSearchHPES_Product_Context.c(9): Error -26608: HTTP Status-Code=504 (Gateway Timeout) for "https://hx9ekpvvbi.execute-api.us-east-1.amazonaws.com/KaaS-ITG/v2/search?q=W1C31LA&resultLimit=20&resultStart=0&languageCode=en&countryCode=us&store=tmsstore&filters=(shallincludeinautosuggest:true%20AND%20class:(pm_series_value%5E2%20OR%20pm_name_value%20OR%20pm_number_value)%20AND%20contenttype:Product)"  	[MsgId: MERR-26608]
Warning: Iteration pacing cannot be reached (pace time = 4.67, actual time = 29.05).	[MsgId: MWAR-15995]
kaas_DocSearchHPES_Product_Context.c(9): Error -26608: HTTP Status-Code=504 (Gateway Timeout) for "https://hx9ekpvvbi.execute-api.us-east-1.amazonaws.com/KaaS-ITG/v2/search?q=elitebook&resultLimit=20&resultStart=0&languageCode=en&countryCode=us&store=tmsstore&filters=(shallincludeinautosuggest:true%20AND%20class:(pm_series_value%5E2%20OR%20pm_name_value%20OR%20pm_number_value)%20AND%20contenttype:Product)"  	[MsgId: MERR-26608]
Warning: Iteration pacing cannot be reached (pace time = 4.97, actual time = 29.04).	[MsgId: MWAR-15995]
Warning: Iteration pacing cannot be reached (pace time = 4.17, actual time = 25.37).	[MsgId: MWAR-15995]
kaas_DocSearchHPES_Product_Context.c(9): Error -26608: HTTP Status-Code=504 (Gateway Timeout) for "https://hx9ekpvvbi.execute-api.us-east-1.amazonaws.com/KaaS-ITG/v2/search?q=HP ENVY Notebooks&resultLimit=20&resultStart=0&languageCode=en&countryCode=us&store=tmsstore&filters=(shallincludeinautosuggest:true%20AND%20class:(pm_series_value%5E2%20OR%20pm_name_value%20OR%20pm_number_value)%20AND%20contenttype:Product)"  	[MsgId: MERR-26608]
Warning: Iteration pacing cannot be reached (pace time = 4.06, actual time = 29.20).	[MsgId: MWAR-15995]
Warning: Iteration pacing cannot be reached (pace time = 5.17, actual time = 7.89).	[MsgId: MWAR-15995]
Warning: Iteration pacing cannot be reached (pace time = 5.44, actual time = 5.88).	[MsgId: MWAR-15995]
Warning: Iteration pacing cannot be reached (pace time = 4.29, actual time = 10.31).	[MsgId: MWAR-15995]
Warning: Iteration pacing cannot be reached (pace time = 5.51, actual time = 16.65).	[MsgId: MWAR-15995]
Warning: Iteration pacing cannot be reached (pace time = 4.37, actual time = 21.23).	[MsgId: MWAR-15995]
Warning: Iteration pacing cannot be reached (pace time = 5.46, actual time = 24.25).	[MsgId: MWAR-15995]
Warning: Iteration pacing cannot be reached (pace time = 4.60, actual time = 12.55).	[MsgId: MWAR-15995]
Warning: Iteration pacing cannot be reached (pace time = 5.30, actual time = 14.21).	[MsgId: MWAR-15995]
Warning: Iteration pacing cannot be reached (pace time = 5.80, actual time = 9.24).	[MsgId: MWAR-15995]
Warning: Iteration pacing cannot be reached (pace time = 4.86, actual time = 12.20).	[MsgId: MWAR-15995]
Warning: Iteration pacing cannot be reached (pace time = 4.54, actual time = 28.91).	[MsgId: MWAR-15995]
Warning: Iteration pacing cannot be reached (pace time = 4.15, actual time = 5.85).	[MsgId: MWAR-15995]
Warning: Iteration pacing cannot be reached (pace time = 5.26, actual time = 18.07).	[MsgId: MWAR-15995]
Warning: Iteration pacing cannot be reached (pace time = 5.51, actual time = 27.29).	[MsgId: MWAR-15995]
Warning: Iteration pacing cannot be reached (pace time = 5.26, actual time = 24.25).	[MsgId: MWAR-15995]
Warning: Iteration pacing cannot be reached (pace time = 5.41, actual time = 16.80).	[MsgId: MWAR-15995]
Warning: Iteration pacing cannot be reached (pace time = 5.85, actual time = 21.73).	[MsgId: MWAR-15995]
Warning: Iteration pacing cannot be reached (pace time = 5.07, actual time = 28.88).	[MsgId: MWAR-15995]
Warning: Iteration pacing cannot be reached (pace time = 4.87, actual time = 18.23).	[MsgId: MWAR-15995]
Warning: Iteration pacing cannot be reached (pace time = 4.42, actual time = 23.34).	[MsgId: MWAR-15995]
Warning: Iteration pacing cannot be reached (pace time = 5.90, actual time = 11.86).	[MsgId: MWAR-15995]
Warning: Iteration pacing cannot be reached (pace time = 5.47, actual time = 6.70).	[MsgId: MWAR-15995]
Warning: Iteration pacing cannot be reached (pace time = 5.57, actual time = 5.95).	[MsgId: MWAR-15995]
Warning: Iteration pacing cannot be reached (pace time = 4.91, actual time = 4.93).	[MsgId: MWAR-15995]
Warning: Iteration pacing cannot be reached (pace time = 5.19, actual time = 5.42).	[MsgId: MWAR-15995]
Warning: Iteration pacing cannot be reached (pace time = 4.63, actual time = 4.71).	[MsgId: MWAR-15995]
Warning: Iteration pacing cannot be reached (pace time = 4.00, actual time = 5.85).	[MsgId: MWAR-15995]
Warning: Iteration pacing cannot be reached (pace time = 5.84, actual time = 7.40).	[MsgId: MWAR-15995]
Warning: Iteration pacing cannot be reached (pace time = 4.37, actual time = 5.91).	[MsgId: MWAR-15995]
Warning: Iteration pacing cannot be reached (pace time = 5.85, actual time = 7.06).	[MsgId: MWAR-15995]
Warning: Iteration pacing cannot be reached (pace time = 4.51, actual time = 8.38).	[MsgId: MWAR-15995]
Warning: Iteration pacing cannot be reached (pace time = 5.61, actual time = 7.11).	[MsgId: MWAR-15995]
Warning: Iteration pacing cannot be reached (pace time = 4.47, actual time = 7.68).	[MsgId: MWAR-15995]
Warning: Iteration pacing cannot be reached (pace time = 4.58, actual time = 4.81).	[MsgId: MWAR-15995]
Warning: Iteration pacing cannot be reached (pace time = 5.49, actual time = 5.95).	[MsgId: MWAR-15995]
Warning: Iteration pacing cannot be reached (pace time = 4.20, actual time = 6.19).	[MsgId: MWAR-15995]
Warning: Iteration pacing cannot be reached (pace time = 5.66, actual time = 6.19).	[MsgId: MWAR-15995]
Warning: Iteration pacing cannot be reached (pace time = 5.15, actual time = 5.98).	[MsgId: MWAR-15995]
Warning: Iteration pacing cannot be reached (pace time = 5.78, actual time = 9.16).	[MsgId: MWAR-15995]
Warning: Iteration pacing cannot be reached (pace time = 5.74, actual time = 7.89).	[MsgId: MWAR-15995]
kaas_DocSearchHPES_Product_Context.c(9): Error -26608: HTTP Status-Code=504 (Gateway Timeout) for "https://hx9ekpvvbi.execute-api.us-east-1.amazonaws.com/KaaS-ITG/v2/search?q=Envy 15 k1&resultLimit=20&resultStart=0&languageCode=en&countryCode=us&store=tmsstore&filters=(shallincludeinautosuggest:true%20AND%20class:(pm_series_value%5E2%20OR%20pm_name_value%20OR%20pm_number_value)%20AND%20contenttype:Product)"  	[MsgId: MERR-26608]
Warning: Iteration pacing cannot be reached (pace time = 5.88, actual time = 29.04).	[MsgId: MWAR-15995]
kaas_DocSearchHPES_Product_Context.c(9): Error -26608: HTTP Status-Code=504 (Gateway Timeout) for "https://hx9ekpvvbi.execute-api.us-east-1.amazonaws.com/KaaS-ITG/v2/search?q=HP ENVY 4-1009tx Notebook PC&resultLimit=20&resultStart=0&languageCode=en&countryCode=us&store=tmsstore&filters=(shallincludeinautosuggest:true%20AND%20class:(pm_series_value%5E2%20OR%20pm_name_value%20OR%20pm_number_value)%20AND%20contenttype:Product)"  	[MsgId: MERR-26608]
Warning: Iteration pacing cannot be reached (pace time = 4.35, actual time = 29.04).	[MsgId: MWAR-15995]
kaas_DocSearchHPES_Product_Context.c(9): Error -26608: HTTP Status-Code=504 (Gateway Timeout) for "https://hx9ekpvvbi.execute-api.us-east-1.amazonaws.com/KaaS-ITG/v2/search?q=Compaq Evo Desktop&resultLimit=20&resultStart=0&languageCode=en&countryCode=us&store=tmsstore&filters=(shallincludeinautosuggest:true%20AND%20class:(pm_series_value%5E2%20OR%20pm_name_value%20OR%20pm_number_value)%20AND%20contenttype:Product)"  	[MsgId: MERR-26608]
Warning: Iteration pacing cannot be reached (pace time = 4.61, actual time = 29.04).	[MsgId: MWAR-15995]
kaas_DocSearchHPES_Product_Context.c(9): Error -26608: HTTP Status-Code=504 (Gateway Timeout) for "https://hx9ekpvvbi.execute-api.us-east-1.amazonaws.com/KaaS-ITG/v2/search?q=hp 2159m&resultLimit=20&resultStart=0&languageCode=en&countryCode=us&store=tmsstore&filters=(shallincludeinautosuggest:true%20AND%20class:(pm_series_value%5E2%20OR%20pm_name_value%20OR%20pm_number_value)%20AND%20contenttype:Product)"  	[MsgId: MERR-26608]
Warning: Iteration pacing cannot be reached (pace time = 4.33, actual time = 29.04).	[MsgId: MWAR-15995]
kaas_DocSearchHPES_Product_Context.c(9): Error -26608: HTTP Status-Code=504 (Gateway Timeout) for "https://hx9ekpvvbi.execute-api.us-east-1.amazonaws.com/KaaS-ITG/v2/search?q=HP LaserJet MFP Printers&resultLimit=20&resultStart=0&languageCode=en&countryCode=us&store=tmsstore&filters=(shallincludeinautosuggest:true%20AND%20class:(pm_series_value%5E2%20OR%20pm_name_value%20OR%20pm_number_value)%20AND%20contenttype:Product)"  	[MsgId: MERR-26608]
Warning: Iteration pacing cannot be reached (pace time = 5.45, actual time = 29.04).	[MsgId: MWAR-15995]
kaas_DocSearchHPES_Product_Context.c(9): Error -26608: HTTP Status-Code=504 (Gateway Timeout) for "https://hx9ekpvvbi.execute-api.us-east-1.amazonaws.com/KaaS-ITG/v2/search?q=HP Photosmart Printer Models B010 to B999&resultLimit=20&resultStart=0&languageCode=en&countryCode=us&store=tmsstore&filters=(shallincludeinautosuggest:true%20AND%20class:(pm_series_value%5E2%20OR%20pm_name_value%20OR%20pm_number_value)%20AND%20contenttype:Product)"  	[MsgId: MERR-26608]
Warning: Iteration pacing cannot be reached (pace time = 4.86, actual time = 29.04).	[MsgId: MWAR-15995]
kaas_DocSearchHPES_Product_Context.c(9): Error -26608: HTTP Status-Code=504 (Gateway Timeout) for "https://hx9ekpvvbi.execute-api.us-east-1.amazonaws.com/KaaS-ITG/v2/search?q=Compaq Deskpro Desktops&resultLimit=20&resultStart=0&languageCode=en&countryCode=us&store=tmsstore&filters=(shallincludeinautosuggest:true%20AND%20class:(pm_series_value%5E2%20OR%20pm_name_value%20OR%20pm_number_value)%20AND%20contenttype:Product)"  	[MsgId: MERR-26608]
Warning: Iteration pacing cannot be reached (pace time = 5.97, actual time = 29.04).	[MsgId: MWAR-15995]
kaas_DocSearchHPES_Product_Context.c(9): Error -26608: HTTP Status-Code=504 (Gateway Timeout) for "https://hx9ekpvvbi.execute-api.us-east-1.amazonaws.com/KaaS-ITG/v2/search?q=HP ENVY Desktop Models 700-000 to 700-999&resultLimit=20&resultStart=0&languageCode=en&countryCode=us&store=tmsstore&filters=(shallincludeinautosuggest:true%20AND%20class:(pm_series_value%5E2%20OR%20pm_name_value%20OR%20pm_number_value)%20AND%20contenttype:Product)"  	[MsgId: MERR-26608]
Warning: Iteration pacing cannot be reached (pace time = 5.03, actual time = 29.04).	[MsgId: MWAR-15995]
kaas_DocSearchHPES_Product_Context.c(9): Error -26608: HTTP Status-Code=504 (Gateway Timeout) for "https://hx9ekpvvbi.execute-api.us-east-1.amazonaws.com/KaaS-ITG/v2/search?q=Envy 15 k1&resultLimit=20&resultStart=0&languageCode=en&countryCode=us&store=tmsstore&filters=(shallincludeinautosuggest:true%20AND%20class:(pm_series_value%5E2%20OR%20pm_name_value%20OR%20pm_number_value)%20AND%20contenttype:Product)"  	[MsgId: MERR-26608]
Warning: Iteration pacing cannot be reached (pace time = 5.11, actual time = 29.04).	[MsgId: MWAR-15995]
kaas_DocSearchHPES_Product_Context.c(9): Error -26608: HTTP Status-Code=504 (Gateway Timeout) for "https://hx9ekpvvbi.execute-api.us-east-1.amazonaws.com/KaaS-ITG/v2/search?q=Compaq Gaming Desktops&resultLimit=20&resultStart=0&languageCode=en&countryCode=us&store=tmsstore&filters=(shallincludeinautosuggest:true%20AND%20class:(pm_series_value%5E2%20OR%20pm_name_value%20OR%20pm_number_value)%20AND%20contenttype:Product)"  	[MsgId: MERR-26608]
Warning: Iteration pacing cannot be reached (pace time = 5.57, actual time = 29.04).	[MsgId: MWAR-15995]
kaas_DocSearchHPES_Product_Context.c(9): Error -26608: HTTP Status-Code=504 (Gateway Timeout) for "https://hx9ekpvvbi.execute-api.us-east-1.amazonaws.com/KaaS-ITG/v2/search?q=officejet 4630&resultLimit=20&resultStart=0&languageCode=en&countryCode=us&store=tmsstore&filters=(shallincludeinautosuggest:true%20AND%20class:(pm_series_value%5E2%20OR%20pm_name_value%20OR%20pm_number_value)%20AND%20contenttype:Product)"  	[MsgId: MERR-26608]
Warning: Iteration pacing cannot be reached (pace time = 5.14, actual time = 29.05).	[MsgId: MWAR-15995]
kaas_DocSearchHPES_Product_Context.c(9): Error -26608: HTTP Status-Code=504 (Gateway Timeout) for "https://hx9ekpvvbi.execute-api.us-east-1.amazonaws.com/KaaS-ITG/v2/search?q=K4Q68AA&resultLimit=20&resultStart=0&languageCode=en&countryCode=us&store=tmsstore&filters=(shallincludeinautosuggest:true%20AND%20class:(pm_series_value%5E2%20OR%20pm_name_value%20OR%20pm_number_value)%20AND%20contenttype:Product)"  	[MsgId: MERR-26608]
Warning: Iteration pacing cannot be reached (pace time = 4.86, actual time = 29.05).	[MsgId: MWAR-15995]
kaas_DocSearchHPES_Product_Context.c(9): Error -26608: HTTP Status-Code=504 (Gateway Timeout) for "https://hx9ekpvvbi.execute-api.us-east-1.amazonaws.com/KaaS-ITG/v2/search?q=HP Officejet Mobile Printers&resultLimit=20&resultStart=0&languageCode=en&countryCode=us&store=tmsstore&filters=(shallincludeinautosuggest:true%20AND%20class:(pm_series_value%5E2%20OR%20pm_name_value%20OR%20pm_number_value)%20AND%20contenttype:Product)"  	[MsgId: MERR-26608]
Warning: Iteration pacing cannot be reached (pace time = 5.83, actual time = 29.04).	[MsgId: MWAR-15995]
kaas_DocSearchHPES_Product_Context.c(9): Error -26608: HTTP Status-Code=504 (Gateway Timeout) for "https://hx9ekpvvbi.execute-api.us-east-1.amazonaws.com/KaaS-ITG/v2/search?q=d4h21a&resultLimit=20&resultStart=0&languageCode=en&countryCode=us&store=tmsstore&filters=(shallincludeinautosuggest:true%20AND%20class:(pm_series_value%5E2%20OR%20pm_name_value%20OR%20pm_number_value)%20AND%20contenttype:Product)"  	[MsgId: MERR-26608]
Warning: Iteration pacing cannot be reached (pace time = 4.66, actual time = 29.04).	[MsgId: MWAR-15995]
kaas_DocSearchHPES_Product_Context.c(9): Error -26608: HTTP Status-Code=504 (Gateway Timeout) for "https://hx9ekpvvbi.execute-api.us-east-1.amazonaws.com/KaaS-ITG/v2/search?q=HP ENVY All-in-One Desktops&resultLimit=20&resultStart=0&languageCode=en&countryCode=us&store=tmsstore&filters=(shallincludeinautosuggest:true%20AND%20class:(pm_series_value%5E2%20OR%20pm_name_value%20OR%20pm_number_value)%20AND%20contenttype:Product)"  	[MsgId: MERR-26608]
Warning: Iteration pacing cannot be reached (pace time = 5.23, actual time = 29.04).	[MsgId: MWAR-15995]
kaas_DocSearchHPES_Product_Context.c(9): Error -26608: HTTP Status-Code=504 (Gateway Timeout) for "https://hx9ekpvvbi.execute-api.us-east-1.amazonaws.com/KaaS-ITG/v2/search?q=Compaq Evo Desktop&resultLimit=20&resultStart=0&languageCode=en&countryCode=us&store=tmsstore&filters=(shallincludeinautosuggest:true%20AND%20class:(pm_series_value%5E2%20OR%20pm_name_value%20OR%20pm_number_value)%20AND%20contenttype:Product)"  	[MsgId: MERR-26608]
Warning: Iteration pacing cannot be reached (pace time = 5.25, actual time = 29.05).	[MsgId: MWAR-15995]
kaas_DocSearchHPES_Product_Context.c(9): Error -26608: HTTP Status-Code=504 (Gateway Timeout) for "https://hx9ekpvvbi.execute-api.us-east-1.amazonaws.com/KaaS-ITG/v2/search?q=HP ENVY 4-1009tx Notebook PC&resultLimit=20&resultStart=0&languageCode=en&countryCode=us&store=tmsstore&filters=(shallincludeinautosuggest:true%20AND%20class:(pm_series_value%5E2%20OR%20pm_name_value%20OR%20pm_number_value)%20AND%20contenttype:Product)"  	[MsgId: MERR-26608]
Warning: Iteration pacing cannot be reached (pace time = 5.15, actual time = 29.04).	[MsgId: MWAR-15995]
kaas_DocSearchHPES_Product_Context.c(9): Error -26608: HTTP Status-Code=504 (Gateway Timeout) for "https://hx9ekpvvbi.execute-api.us-east-1.amazonaws.com/KaaS-ITG/v2/search?q=HP Color LaserJet Enterprise flow MFP M8&resultLimit=20&resultStart=0&languageCode=en&countryCode=us&store=tmsstore&filters=(shallincludeinautosuggest:true%20AND%20class:(pm_series_value%5E2%20OR%20pm_name_value%20OR%20pm_number_value)%20AND%20contenttype:Product)"  	[MsgId: MERR-26608]
Warning: Iteration pacing cannot be reached (pace time = 5.18, actual time = 29.04).	[MsgId: MWAR-15995]
kaas_DocSearchHPES_Product_Context.c(9): Error -26608: HTTP Status-Code=504 (Gateway Timeout) for "https://hx9ekpvvbi.execute-api.us-east-1.amazonaws.com/KaaS-ITG/v2/search?q=HP Compaq Notebook&resultLimit=20&resultStart=0&languageCode=en&countryCode=us&store=tmsstore&filters=(shallincludeinautosuggest:true%20AND%20class:(pm_series_value%5E2%20OR%20pm_name_value%20OR%20pm_number_value)%20AND%20contenttype:Product)"  	[MsgId: MERR-26608]
Warning: Iteration pacing cannot be reached (pace time = 5.66, actual time = 29.04).	[MsgId: MWAR-15995]
kaas_DocSearchHPES_Product_Context.c(9): Error -26608: HTTP Status-Code=504 (Gateway Timeout) for "https://hx9ekpvvbi.execute-api.us-east-1.amazonaws.com/KaaS-ITG/v2/search?q=HP Pavilion All-in-One Desktops&resultLimit=20&resultStart=0&languageCode=en&countryCode=us&store=tmsstore&filters=(shallincludeinautosuggest:true%20AND%20class:(pm_series_value%5E2%20OR%20pm_name_value%20OR%20pm_number_value)%20AND%20contenttype:Product)"  	[MsgId: MERR-26608]
Warning: Iteration pacing cannot be reached (pace time = 5.22, actual time = 29.04).	[MsgId: MWAR-15995]
kaas_DocSearchHPES_Product_Context.c(9): Error -26608: HTTP Status-Code=504 (Gateway Timeout) for "https://hx9ekpvvbi.execute-api.us-east-1.amazonaws.com/KaaS-ITG/v2/search?q=elitebook 84&resultLimit=20&resultStart=0&languageCode=en&countryCode=us&store=tmsstore&filters=(shallincludeinautosuggest:true%20AND%20class:(pm_series_value%5E2%20OR%20pm_name_value%20OR%20pm_number_value)%20AND%20contenttype:Product)"  	[MsgId: MERR-26608]
Warning: Iteration pacing cannot be reached (pace time = 5.08, actual time = 29.04).	[MsgId: MWAR-15995]
kaas_DocSearchHPES_Product_Context.c(9): Error -26608: HTTP Status-Code=504 (Gateway Timeout) for "https://hx9ekpvvbi.execute-api.us-east-1.amazonaws.com/KaaS-ITG/v2/search?q=J8Z38ET&resultLimit=20&resultStart=0&languageCode=en&countryCode=us&store=tmsstore&filters=(shallincludeinautosuggest:true%20AND%20class:(pm_series_value%5E2%20OR%20pm_name_value%20OR%20pm_number_value)%20AND%20contenttype:Product)"  	[MsgId: MERR-26608]
Warning: Iteration pacing cannot be reached (pace time = 5.14, actual time = 29.05).	[MsgId: MWAR-15995]
kaas_DocSearchHPES_Product_Context.c(9): Error -26608: HTTP Status-Code=504 (Gateway Timeout) for "https://hx9ekpvvbi.execute-api.us-east-1.amazonaws.com/KaaS-ITG/v2/search?q=HP ENVY x2 11-g050br&resultLimit=20&resultStart=0&languageCode=en&countryCode=us&store=tmsstore&filters=(shallincludeinautosuggest:true%20AND%20class:(pm_series_value%5E2%20OR%20pm_name_value%20OR%20pm_number_value)%20AND%20contenttype:Product)"  	[MsgId: MERR-26608]
Warning: Iteration pacing cannot be reached (pace time = 5.17, actual time = 29.04).	[MsgId: MWAR-15995]
kaas_DocSearchHPES_Product_Context.c(9): Error -26608: HTTP Status-Code=504 (Gateway Timeout) for "https://hx9ekpvvbi.execute-api.us-east-1.amazonaws.com/KaaS-ITG/v2/search?q=HP Officejet Printer Models 100 to 999&resultLimit=20&resultStart=0&languageCode=en&countryCode=us&store=tmsstore&filters=(shallincludeinautosuggest:true%20AND%20class:(pm_series_value%5E2%20OR%20pm_name_value%20OR%20pm_number_value)%20AND%20contenttype:Product)"  	[MsgId: MERR-26608]
Warning: Iteration pacing cannot be reached (pace time = 5.37, actual time = 29.04).	[MsgId: MWAR-15995]
kaas_DocSearchHPES_Product_Context.c(9): Error -26608: HTTP Status-Code=504 (Gateway Timeout) for "https://hx9ekpvvbi.execute-api.us-east-1.amazonaws.com/KaaS-ITG/v2/search?q=HP LaserJet Enterprise Printers&resultLimit=20&resultStart=0&languageCode=en&countryCode=us&store=tmsstore&filters=(shallincludeinautosuggest:true%20AND%20class:(pm_series_value%5E2%20OR%20pm_name_value%20OR%20pm_number_value)%20AND%20contenttype:Product)"  	[MsgId: MERR-26608]
Warning: Iteration pacing cannot be reached (pace time = 5.12, actual time = 29.04).	[MsgId: MWAR-15995]
kaas_DocSearchHPES_Product_Context.c(9): Error -26608: HTTP Status-Code=504 (Gateway Timeout) for "https://hx9ekpvvbi.execute-api.us-east-1.amazonaws.com/KaaS-ITG/v2/search?q=HP Compaq Notebook&resultLimit=20&resultStart=0&languageCode=en&countryCode=us&store=tmsstore&filters=(shallincludeinautosuggest:true%20AND%20class:(pm_series_value%5E2%20OR%20pm_name_value%20OR%20pm_number_value)%20AND%20contenttype:Product)"  	[MsgId: MERR-26608]
Warning: Iteration pacing cannot be reached (pace time = 4.45, actual time = 29.04).	[MsgId: MWAR-15995]
Warning: Iteration pacing cannot be reached (pace time = 5.19, actual time = 24.31).	[MsgId: MWAR-15995]
kaas_DocSearchHPES_Product_Context.c(9): Error -26608: HTTP Status-Code=504 (Gateway Timeout) for "https://hx9ekpvvbi.execute-api.us-east-1.amazonaws.com/KaaS-ITG/v2/search?q=HP Photosmart Printer Models B1000 to B9999&resultLimit=20&resultStart=0&languageCode=en&countryCode=us&store=tmsstore&filters=(shallincludeinautosuggest:true%20AND%20class:(pm_series_value%5E2%20OR%20pm_name_value%20OR%20pm_number_value)%20AND%20contenttype:Product)"  	[MsgId: MERR-26608]
Warning: Iteration pacing cannot be reached (pace time = 4.82, actual time = 29.04).	[MsgId: MWAR-15995]
kaas_DocSearchHPES_Product_Context.c(9): Error -26608: HTTP Status-Code=504 (Gateway Timeout) for "https://hx9ekpvvbi.execute-api.us-east-1.amazonaws.com/KaaS-ITG/v2/search?q=HP ENVY All-in-One Desktops&resultLimit=20&resultStart=0&languageCode=en&countryCode=us&store=tmsstore&filters=(shallincludeinautosuggest:true%20AND%20class:(pm_series_value%5E2%20OR%20pm_name_value%20OR%20pm_number_value)%20AND%20contenttype:Product)"  	[MsgId: MERR-26608]
Warning: Iteration pacing cannot be reached (pace time = 4.87, actual time = 29.04).	[MsgId: MWAR-15995]
Warning: Iteration pacing cannot be reached (pace time = 4.38, actual time = 21.39).	[MsgId: MWAR-15995]
Warning: Iteration pacing cannot be reached (pace time = 4.49, actual time = 26.37).	[MsgId: MWAR-15995]
Warning: Iteration pacing cannot be reached (pace time = 5.06, actual time = 26.20).	[MsgId: MWAR-15995]
kaas_DocSearchHPES_Product_Context.c(9): Error -26608: HTTP Status-Code=504 (Gateway Timeout) for "https://hx9ekpvvbi.execute-api.us-east-1.amazonaws.com/KaaS-ITG/v2/search?q=K4Q68AA&resultLimit=20&resultStart=0&languageCode=en&countryCode=us&store=tmsstore&filters=(shallincludeinautosuggest:true%20AND%20class:(pm_series_value%5E2%20OR%20pm_name_value%20OR%20pm_number_value)%20AND%20contenttype:Product)"  	[MsgId: MERR-26608]
Warning: Iteration pacing cannot be reached (pace time = 4.51, actual time = 29.05).	[MsgId: MWAR-15995]
kaas_DocSearchHPES_Product_Context.c(9): Error -26608: HTTP Status-Code=504 (Gateway Timeout) for "https://hx9ekpvvbi.execute-api.us-east-1.amazonaws.com/KaaS-ITG/v2/search?q=officejet 4630&resultLimit=20&resultStart=0&languageCode=en&countryCode=us&store=tmsstore&filters=(shallincludeinautosuggest:true%20AND%20class:(pm_series_value%5E2%20OR%20pm_name_value%20OR%20pm_number_value)%20AND%20contenttype:Product)"  	[MsgId: MERR-26608]
Warning: Iteration pacing cannot be reached (pace time = 4.07, actual time = 29.04).	[MsgId: MWAR-15995]
Warning: Iteration pacing cannot be reached (pace time = 5.61, actual time = 22.20).	[MsgId: MWAR-15995]
Warning: Iteration pacing cannot be reached (pace time = 4.03, actual time = 24.64).	[MsgId: MWAR-15995]
Warning: Iteration pacing cannot be reached (pace time = 5.26, actual time = 28.51).	[MsgId: MWAR-15995]
Warning: Iteration pacing cannot be reached (pace time = 5.26, actual time = 27.04).	[MsgId: MWAR-15995]
Warning: Iteration pacing cannot be reached (pace time = 5.33, actual time = 27.43).	[MsgId: MWAR-15995]
Warning: Iteration pacing cannot be reached (pace time = 4.35, actual time = 23.98).	[MsgId: MWAR-15995]
Warning: Iteration pacing cannot be reached (pace time = 5.35, actual time = 24.32).	[MsgId: MWAR-15995]
Warning: Iteration pacing cannot be reached (pace time = 5.53, actual time = 18.90).	[MsgId: MWAR-15995]
Warning: Iteration pacing cannot be reached (pace time = 5.49, actual time = 17.48).	[MsgId: MWAR-15995]
Warning: Iteration pacing cannot be reached (pace time = 4.63, actual time = 21.77).	[MsgId: MWAR-15995]
Warning: Iteration pacing cannot be reached (pace time = 4.88, actual time = 12.99).	[MsgId: MWAR-15995]
Warning: Iteration pacing cannot be reached (pace time = 5.04, actual time = 18.05).	[MsgId: MWAR-15995]
Warning: Iteration pacing cannot be reached (pace time = 4.67, actual time = 18.31).	[MsgId: MWAR-15995]
Warning: Iteration pacing cannot be reached (pace time = 5.66, actual time = 18.13).	[MsgId: MWAR-15995]
Warning: Iteration pacing cannot be reached (pace time = 4.00, actual time = 12.85).	[MsgId: MWAR-15995]
Warning: Iteration pacing cannot be reached (pace time = 4.66, actual time = 20.32).	[MsgId: MWAR-15995]
kaas_DocSearchHPES_Product_Context.c(9): Error -26608: HTTP Status-Code=504 (Gateway Timeout) for "https://hx9ekpvvbi.execute-api.us-east-1.amazonaws.com/KaaS-ITG/v2/search?q=envy dv6&resultLimit=20&resultStart=0&languageCode=en&countryCode=us&store=tmsstore&filters=(shallincludeinautosuggest:true%20AND%20class:(pm_series_value%5E2%20OR%20pm_name_value%20OR%20pm_number_value)%20AND%20contenttype:Product)"  	[MsgId: MERR-26608]
Warning: Iteration pacing cannot be reached (pace time = 5.91, actual time = 29.04).	[MsgId: MWAR-15995]
Warning: Iteration pacing cannot be reached (pace time = 5.21, actual time = 15.12).	[MsgId: MWAR-15995]
Warning: Iteration pacing cannot be reached (pace time = 4.74, actual time = 24.80).	[MsgId: MWAR-15995]
Warning: Iteration pacing cannot be reached (pace time = 5.42, actual time = 22.35).	[MsgId: MWAR-15995]
Warning: Iteration pacing cannot be reached (pace time = 5.36, actual time = 15.32).	[MsgId: MWAR-15995]
Warning: Iteration pacing cannot be reached (pace time = 4.99, actual time = 17.16).	[MsgId: MWAR-15995]
Warning: Iteration pacing cannot be reached (pace time = 5.14, actual time = 14.21).	[MsgId: MWAR-15995]
Warning: Iteration pacing cannot be reached (pace time = 4.53, actual time = 14.59).	[MsgId: MWAR-15995]
Warning: Iteration pacing cannot be reached (pace time = 5.33, actual time = 14.00).	[MsgId: MWAR-15995]
Warning: Iteration pacing cannot be reached (pace time = 4.42, actual time = 15.62).	[MsgId: MWAR-15995]
Warning: Iteration pacing cannot be reached (pace time = 4.20, actual time = 10.78).	[MsgId: MWAR-15995]
Warning: Iteration pacing cannot be reached (pace time = 5.69, actual time = 12.93).	[MsgId: MWAR-15995]
Warning: Iteration pacing cannot be reached (pace time = 4.36, actual time = 7.25).	[MsgId: MWAR-15995]
Warning: Iteration pacing cannot be reached (pace time = 5.93, actual time = 9.74).	[MsgId: MWAR-15995]
Warning: Iteration pacing cannot be reached (pace time = 4.99, actual time = 16.64).	[MsgId: MWAR-15995]
Warning: Iteration pacing cannot be reached (pace time = 5.58, actual time = 7.17).	[MsgId: MWAR-15995]
Warning: Iteration pacing cannot be reached (pace time = 4.97, actual time = 13.75).	[MsgId: MWAR-15995]
Warning: Iteration pacing cannot be reached (pace time = 5.39, actual time = 13.74).	[MsgId: MWAR-15995]
Warning: Iteration pacing cannot be reached (pace time = 4.27, actual time = 17.80).	[MsgId: MWAR-15995]
Warning: Iteration pacing cannot be reached (pace time = 4.07, actual time = 14.18).	[MsgId: MWAR-15995]
Warning: Iteration pacing cannot be reached (pace time = 5.64, actual time = 10.92).	[MsgId: MWAR-15995]
Warning: Iteration pacing cannot be reached (pace time = 4.79, actual time = 27.17).	[MsgId: MWAR-15995]
Warning: Iteration pacing cannot be reached (pace time = 4.47, actual time = 14.06).	[MsgId: MWAR-15995]
Warning: Iteration pacing cannot be reached (pace time = 4.67, actual time = 14.72).	[MsgId: MWAR-15995]
Warning: Iteration pacing cannot be reached (pace time = 5.72, actual time = 26.11).	[MsgId: MWAR-15995]
Warning: Iteration pacing cannot be reached (pace time = 5.26, actual time = 8.52).	[MsgId: MWAR-15995]
Warning: Iteration pacing cannot be reached (pace time = 4.10, actual time = 11.62).	[MsgId: MWAR-15995]
Warning: Iteration pacing cannot be reached (pace time = 5.77, actual time = 20.87).	[MsgId: MWAR-15995]
Warning: Iteration pacing cannot be reached (pace time = 5.66, actual time = 11.70).	[MsgId: MWAR-15995]
Warning: Iteration pacing cannot be reached (pace time = 5.46, actual time = 19.67).	[MsgId: MWAR-15995]
Warning: Iteration pacing cannot be reached (pace time = 4.43, actual time = 11.01).	[MsgId: MWAR-15995]
Warning: Iteration pacing cannot be reached (pace time = 5.58, actual time = 16.95).	[MsgId: MWAR-15995]
Warning: Iteration pacing cannot be reached (pace time = 5.18, actual time = 8.71).	[MsgId: MWAR-15995]
Warning: Iteration pacing cannot be reached (pace time = 4.51, actual time = 15.98).	[MsgId: MWAR-15995]
Warning: Iteration pacing cannot be reached (pace time = 5.23, actual time = 27.53).	[MsgId: MWAR-15995]
Warning: Iteration pacing cannot be reached (pace time = 5.70, actual time = 25.75).	[MsgId: MWAR-15995]
Warning: Iteration pacing cannot be reached (pace time = 5.21, actual time = 27.34).	[MsgId: MWAR-15995]
Warning: Iteration pacing cannot be reached (pace time = 4.25, actual time = 11.90).	[MsgId: MWAR-15995]
Warning: Iteration pacing cannot be reached (pace time = 5.92, actual time = 25.68).	[MsgId: MWAR-15995]
Warning: Iteration pacing cannot be reached (pace time = 5.68, actual time = 22.04).	[MsgId: MWAR-15995]
Warning: Iteration pacing cannot be reached (pace time = 5.59, actual time = 8.34).	[MsgId: MWAR-15995]
Warning: Iteration pacing cannot be reached (pace time = 4.39, actual time = 4.44).	[MsgId: MWAR-15995]
Warning: Iteration pacing cannot be reached (pace time = 5.94, actual time = 9.79).	[MsgId: MWAR-15995]
Warning: Iteration pacing cannot be reached (pace time = 4.79, actual time = 6.23).	[MsgId: MWAR-15995]
Warning: Iteration pacing cannot be reached (pace time = 4.70, actual time = 4.95).	[MsgId: MWAR-15995]
Warning: Iteration pacing cannot be reached (pace time = 4.18, actual time = 4.95).	[MsgId: MWAR-15995]
Warning: Iteration pacing cannot be reached (pace time = 4.01, actual time = 5.29).	[MsgId: MWAR-15995]
Warning: Iteration pacing cannot be reached (pace time = 5.99, actual time = 6.54).	[MsgId: MWAR-15995]
Warning: Iteration pacing cannot be reached (pace time = 4.81, actual time = 5.44).	[MsgId: MWAR-15995]
Warning: Iteration pacing cannot be reached (pace time = 5.85, actual time = 7.09).	[MsgId: MWAR-15995]
Warning: Iteration pacing cannot be reached (pace time = 4.66, actual time = 9.49).	[MsgId: MWAR-15995]
Warning: Iteration pacing cannot be reached (pace time = 5.64, actual time = 7.73).	[MsgId: MWAR-15995]
Warning: Iteration pacing cannot be reached (pace time = 5.57, actual time = 5.73).	[MsgId: MWAR-15995]
Warning: Iteration pacing cannot be reached (pace time = 4.20, actual time = 5.27).	[MsgId: MWAR-15995]
Warning: Iteration pacing cannot be reached (pace time = 4.71, actual time = 7.33).	[MsgId: MWAR-15995]
Warning: Iteration pacing cannot be reached (pace time = 4.80, actual time = 7.50).	[MsgId: MWAR-15995]
Warning: Iteration pacing cannot be reached (pace time = 4.05, actual time = 4.75).	[MsgId: MWAR-15995]
Warning: Iteration pacing cannot be reached (pace time = 5.51, actual time = 8.19).	[MsgId: MWAR-15995]
Warning: Iteration pacing cannot be reached (pace time = 5.77, actual time = 6.68).	[MsgId: MWAR-15995]
Warning: Iteration pacing cannot be reached (pace time = 4.38, actual time = 5.04).	[MsgId: MWAR-15995]
Warning: Iteration pacing cannot be reached (pace time = 4.12, actual time = 9.60).	[MsgId: MWAR-15995]
Warning: Iteration pacing cannot be reached (pace time = 4.99, actual time = 8.55).	[MsgId: MWAR-15995]
Warning: Iteration pacing cannot be reached (pace time = 4.22, actual time = 5.06).	[MsgId: MWAR-15995]
Warning: Iteration pacing cannot be reached (pace time = 4.79, actual time = 8.93).	[MsgId: MWAR-15995]
Warning: Iteration pacing cannot be reached (pace time = 5.17, actual time = 8.29).	[MsgId: MWAR-15995]
Warning: Iteration pacing cannot be reached (pace time = 4.97, actual time = 9.93).	[MsgId: MWAR-15995]
Warning: Iteration pacing cannot be reached (pace time = 5.58, actual time = 6.19).	[MsgId: MWAR-15995]
Warning: Iteration pacing cannot be reached (pace time = 5.57, actual time = 8.37).	[MsgId: MWAR-15995]
Warning: Iteration pacing cannot be reached (pace time = 5.20, actual time = 8.62).	[MsgId: MWAR-15995]
Warning: Iteration pacing cannot be reached (pace time = 4.20, actual time = 5.10).	[MsgId: MWAR-15995]
Warning: Iteration pacing cannot be reached (pace time = 4.31, actual time = 4.80).	[MsgId: MWAR-15995]
Warning: Iteration pacing cannot be reached (pace time = 5.20, actual time = 5.33).	[MsgId: MWAR-15995]
Warning: Iteration pacing cannot be reached (pace time = 5.61, actual time = 7.93).	[MsgId: MWAR-15995]
Warning: Iteration pacing cannot be reached (pace time = 4.48, actual time = 6.67).	[MsgId: MWAR-15995]
Warning: Iteration pacing cannot be reached (pace time = 5.90, actual time = 8.39).	[MsgId: MWAR-15995]
Warning: Iteration pacing cannot be reached (pace time = 5.57, actual time = 5.66).	[MsgId: MWAR-15995]
Warning: Iteration pacing cannot be reached (pace time = 4.57, actual time = 6.12).	[MsgId: MWAR-15995]
Warning: Iteration pacing cannot be reached (pace time = 5.77, actual time = 6.32).	[MsgId: MWAR-15995]
Warning: Iteration pacing cannot be reached (pace time = 4.10, actual time = 9.64).	[MsgId: MWAR-15995]
Warning: Iteration pacing cannot be reached (pace time = 5.42, actual time = 6.19).	[MsgId: MWAR-15995]
Warning: Iteration pacing cannot be reached (pace time = 5.41, actual time = 7.78).	[MsgId: MWAR-15995]
Warning: Iteration pacing cannot be reached (pace time = 5.27, actual time = 6.35).	[MsgId: MWAR-15995]
Warning: Iteration pacing cannot be reached (pace time = 4.18, actual time = 5.07).	[MsgId: MWAR-15995]
Warning: Iteration pacing cannot be reached (pace time = 5.12, actual time = 7.03).	[MsgId: MWAR-15995]
Warning: Iteration pacing cannot be reached (pace time = 4.68, actual time = 5.30).	[MsgId: MWAR-15995]
Warning: Iteration pacing cannot be reached (pace time = 4.79, actual time = 5.76).	[MsgId: MWAR-15995]
Warning: Iteration pacing cannot be reached (pace time = 4.65, actual time = 5.15).	[MsgId: MWAR-15995]
Warning: Iteration pacing cannot be reached (pace time = 4.22, actual time = 5.47).	[MsgId: MWAR-15995]
Warning: Iteration pacing cannot be reached (pace time = 5.47, actual time = 7.07).	[MsgId: MWAR-15995]
Warning: Iteration pacing cannot be reached (pace time = 5.14, actual time = 7.75).	[MsgId: MWAR-15995]
Warning: Iteration pacing cannot be reached (pace time = 4.78, actual time = 10.34).	[MsgId: MWAR-15995]
Warning: Iteration pacing cannot be reached (pace time = 4.19, actual time = 8.24).	[MsgId: MWAR-15995]
Warning: Iteration pacing cannot be reached (pace time = 4.68, actual time = 7.04).	[MsgId: MWAR-15995]
Warning: Iteration pacing cannot be reached (pace time = 5.78, actual time = 9.58).	[MsgId: MWAR-15995]
Warning: Iteration pacing cannot be reached (pace time = 4.85, actual time = 13.94).	[MsgId: MWAR-15995]
Warning: Iteration pacing cannot be reached (pace time = 4.58, actual time = 13.54).	[MsgId: MWAR-15995]
Warning: Iteration pacing cannot be reached (pace time = 4.58, actual time = 16.05).	[MsgId: MWAR-15995]
Warning: Iteration pacing cannot be reached (pace time = 4.79, actual time = 12.31).	[MsgId: MWAR-15995]
Warning: Iteration pacing cannot be reached (pace time = 4.06, actual time = 15.93).	[MsgId: MWAR-15995]
Warning: Iteration pacing cannot be reached (pace time = 4.58, actual time = 18.01).	[MsgId: MWAR-15995]
Warning: Iteration pacing cannot be reached (pace time = 5.11, actual time = 11.73).	[MsgId: MWAR-15995]
Warning: Iteration pacing cannot be reached (pace time = 5.89, actual time = 9.00).	[MsgId: MWAR-15995]
Warning: Iteration pacing cannot be reached (pace time = 4.61, actual time = 5.47).	[MsgId: MWAR-15995]
Warning: Iteration pacing cannot be reached (pace time = 4.90, actual time = 8.21).	[MsgId: MWAR-15995]
Warning: Iteration pacing cannot be reached (pace time = 4.54, actual time = 9.32).	[MsgId: MWAR-15995]
Warning: Iteration pacing cannot be reached (pace time = 4.49, actual time = 4.91).	[MsgId: MWAR-15995]
Warning: Iteration pacing cannot be reached (pace time = 5.26, actual time = 7.88).	[MsgId: MWAR-15995]
Warning: Iteration pacing cannot be reached (pace time = 4.46, actual time = 5.31).	[MsgId: MWAR-15995]
Warning: Iteration pacing cannot be reached (pace time = 4.25, actual time = 6.22).	[MsgId: MWAR-15995]
Warning: Iteration pacing cannot be reached (pace time = 4.23, actual time = 13.80).	[MsgId: MWAR-15995]
Warning: Iteration pacing cannot be reached (pace time = 4.75, actual time = 9.50).	[MsgId: MWAR-15995]
Warning: Iteration pacing cannot be reached (pace time = 5.54, actual time = 15.82).	[MsgId: MWAR-15995]
Warning: Iteration pacing cannot be reached (pace time = 4.39, actual time = 7.34).	[MsgId: MWAR-15995]
Warning: Iteration pacing cannot be reached (pace time = 4.92, actual time = 11.72).	[MsgId: MWAR-15995]
Warning: Iteration pacing cannot be reached (pace time = 4.50, actual time = 8.89).	[MsgId: MWAR-15995]
Warning: Iteration pacing cannot be reached (pace time = 4.31, actual time = 12.79).	[MsgId: MWAR-15995]
Warning: Iteration pacing cannot be reached (pace time = 4.12, actual time = 4.97).	[MsgId: MWAR-15995]
Warning: Iteration pacing cannot be reached (pace time = 4.33, actual time = 13.82).	[MsgId: MWAR-15995]
Warning: Iteration pacing cannot be reached (pace time = 4.38, actual time = 11.23).	[MsgId: MWAR-15995]
Warning: Iteration pacing cannot be reached (pace time = 4.43, actual time = 10.11).	[MsgId: MWAR-15995]
Warning: Iteration pacing cannot be reached (pace time = 4.38, actual time = 9.10).	[MsgId: MWAR-15995]
Warning: Iteration pacing cannot be reached (pace time = 5.16, actual time = 5.82).	[MsgId: MWAR-15995]
Warning: Iteration pacing cannot be reached (pace time = 5.95, actual time = 7.32).	[MsgId: MWAR-15995]
Warning: Iteration pacing cannot be reached (pace time = 5.25, actual time = 11.03).	[MsgId: MWAR-15995]
Warning: Iteration pacing cannot be reached (pace time = 4.31, actual time = 11.83).	[MsgId: MWAR-15995]
Warning: Iteration pacing cannot be reached (pace time = 4.22, actual time = 12.83).	[MsgId: MWAR-15995]
Warning: Iteration pacing cannot be reached (pace time = 4.08, actual time = 9.51).	[MsgId: MWAR-15995]
Warning: Iteration pacing cannot be reached (pace time = 4.04, actual time = 5.80).	[MsgId: MWAR-15995]
Warning: Iteration pacing cannot be reached (pace time = 5.19, actual time = 9.30).	[MsgId: MWAR-15995]
Warning: Iteration pacing cannot be reached (pace time = 4.21, actual time = 5.47).	[MsgId: MWAR-15995]
Warning: Iteration pacing cannot be reached (pace time = 5.86, actual time = 8.60).	[MsgId: MWAR-15995]
Warning: Iteration pacing cannot be reached (pace time = 4.82, actual time = 13.74).	[MsgId: MWAR-15995]
Warning: Iteration pacing cannot be reached (pace time = 4.83, actual time = 7.84).	[MsgId: MWAR-15995]
Warning: Iteration pacing cannot be reached (pace time = 4.93, actual time = 5.11).	[MsgId: MWAR-15995]
Warning: Iteration pacing cannot be reached (pace time = 5.58, actual time = 26.64).	[MsgId: MWAR-15995]
kaas_DocSearchHPES_Product_Context.c(9): Error -26608: HTTP Status-Code=504 (Gateway Timeout) for "https://hx9ekpvvbi.execute-api.us-east-1.amazonaws.com/KaaS-ITG/v2/search?q=HP Pavilion Desktop Models 1000 to 6999&resultLimit=20&resultStart=0&languageCode=en&countryCode=us&store=tmsstore&filters=(shallincludeinautosuggest:true%20AND%20class:(pm_series_value%5E2%20OR%20pm_name_value%20OR%20pm_number_value)%20AND%20contenttype:Product)"  	[MsgId: MERR-26608]
Warning: Iteration pacing cannot be reached (pace time = 4.49, actual time = 29.04).	[MsgId: MWAR-15995]
kaas_DocSearchHPES_Product_Context.c(9): Error -26608: HTTP Status-Code=504 (Gateway Timeout) for "https://hx9ekpvvbi.execute-api.us-east-1.amazonaws.com/KaaS-ITG/v2/search?q=HP Photosmart Printer Models B1000 to B9999&resultLimit=20&resultStart=0&languageCode=en&countryCode=us&store=tmsstore&filters=(shallincludeinautosuggest:true%20AND%20class:(pm_series_value%5E2%20OR%20pm_name_value%20OR%20pm_number_value)%20AND%20contenttype:Product)"  	[MsgId: MERR-26608]
Warning: Iteration pacing cannot be reached (pace time = 4.05, actual time = 29.04).	[MsgId: MWAR-15995]
Warning: Iteration pacing cannot be reached (pace time = 4.98, actual time = 28.60).	[MsgId: MWAR-15995]
Warning: Iteration pacing cannot be reached (pace time = 4.84, actual time = 26.44).	[MsgId: MWAR-15995]
Warning: Iteration pacing cannot be reached (pace time = 4.33, actual time = 24.40).	[MsgId: MWAR-15995]
Warning: Iteration pacing cannot be reached (pace time = 5.27, actual time = 24.49).	[MsgId: MWAR-15995]
Warning: Iteration pacing cannot be reached (pace time = 5.10, actual time = 13.60).	[MsgId: MWAR-15995]
Warning: Iteration pacing cannot be reached (pace time = 5.08, actual time = 22.52).	[MsgId: MWAR-15995]
Warning: Iteration pacing cannot be reached (pace time = 5.82, actual time = 26.66).	[MsgId: MWAR-15995]
Warning: Iteration pacing cannot be reached (pace time = 4.56, actual time = 11.85).	[MsgId: MWAR-15995]
Warning: Iteration pacing cannot be reached (pace time = 4.48, actual time = 26.86).	[MsgId: MWAR-15995]
Warning: Iteration pacing cannot be reached (pace time = 4.34, actual time = 26.06).	[MsgId: MWAR-15995]
Warning: Iteration pacing cannot be reached (pace time = 4.52, actual time = 25.95).	[MsgId: MWAR-15995]
Warning: Iteration pacing cannot be reached (pace time = 5.87, actual time = 19.62).	[MsgId: MWAR-15995]
Warning: Iteration pacing cannot be reached (pace time = 5.14, actual time = 25.07).	[MsgId: MWAR-15995]
Warning: Iteration pacing cannot be reached (pace time = 4.78, actual time = 14.35).	[MsgId: MWAR-15995]
Warning: Iteration pacing cannot be reached (pace time = 5.95, actual time = 20.19).	[MsgId: MWAR-15995]
Warning: Iteration pacing cannot be reached (pace time = 4.95, actual time = 22.58).	[MsgId: MWAR-15995]
Warning: Iteration pacing cannot be reached (pace time = 4.19, actual time = 12.57).	[MsgId: MWAR-15995]
Warning: Iteration pacing cannot be reached (pace time = 4.83, actual time = 11.51).	[MsgId: MWAR-15995]
Warning: Iteration pacing cannot be reached (pace time = 4.79, actual time = 10.39).	[MsgId: MWAR-15995]
Warning: Iteration pacing cannot be reached (pace time = 4.42, actual time = 19.56).	[MsgId: MWAR-15995]
Warning: Iteration pacing cannot be reached (pace time = 4.85, actual time = 26.86).	[MsgId: MWAR-15995]
Warning: Iteration pacing cannot be reached (pace time = 4.79, actual time = 20.00).	[MsgId: MWAR-15995]
Warning: Iteration pacing cannot be reached (pace time = 4.88, actual time = 16.51).	[MsgId: MWAR-15995]
Warning: Iteration pacing cannot be reached (pace time = 5.58, actual time = 9.05).	[MsgId: MWAR-15995]
Warning: Iteration pacing cannot be reached (pace time = 4.49, actual time = 15.30).	[MsgId: MWAR-15995]
Warning: Iteration pacing cannot be reached (pace time = 5.53, actual time = 17.19).	[MsgId: MWAR-15995]
Warning: Iteration pacing cannot be reached (pace time = 4.62, actual time = 23.19).	[MsgId: MWAR-15995]
Warning: Iteration pacing cannot be reached (pace time = 5.50, actual time = 8.14).	[MsgId: MWAR-15995]
Warning: Iteration pacing cannot be reached (pace time = 4.83, actual time = 10.02).	[MsgId: MWAR-15995]
Warning: Iteration pacing cannot be reached (pace time = 5.26, actual time = 5.44).	[MsgId: MWAR-15995]
Warning: Iteration pacing cannot be reached (pace time = 5.55, actual time = 6.36).	[MsgId: MWAR-15995]
Warning: Iteration pacing cannot be reached (pace time = 4.20, actual time = 7.37).	[MsgId: MWAR-15995]
Warning: Iteration pacing cannot be reached (pace time = 5.67, actual time = 5.93).	[MsgId: MWAR-15995]
Warning: Iteration pacing cannot be reached (pace time = 4.18, actual time = 5.15).	[MsgId: MWAR-15995]
Warning: Iteration pacing cannot be reached (pace time = 5.66, actual time = 6.07).	[MsgId: MWAR-15995]
Warning: Iteration pacing cannot be reached (pace time = 4.12, actual time = 5.06).	[MsgId: MWAR-15995]
Warning: Iteration pacing cannot be reached (pace time = 4.18, actual time = 5.76).	[MsgId: MWAR-15995]
Warning: Iteration pacing cannot be reached (pace time = 5.71, actual time = 7.71).	[MsgId: MWAR-15995]
Warning: Iteration pacing cannot be reached (pace time = 4.08, actual time = 6.02).	[MsgId: MWAR-15995]
Warning: Iteration pacing cannot be reached (pace time = 5.01, actual time = 20.23).	[MsgId: MWAR-15995]
Warning: Iteration pacing cannot be reached (pace time = 5.63, actual time = 23.09).	[MsgId: MWAR-15995]
Warning: Iteration pacing cannot be reached (pace time = 4.86, actual time = 20.24).	[MsgId: MWAR-15995]
Warning: Iteration pacing cannot be reached (pace time = 4.89, actual time = 22.53).	[MsgId: MWAR-15995]
Warning: Iteration pacing cannot be reached (pace time = 5.22, actual time = 18.80).	[MsgId: MWAR-15995]
Warning: Iteration pacing cannot be reached (pace time = 4.17, actual time = 24.16).	[MsgId: MWAR-15995]
Warning: Iteration pacing cannot be reached (pace time = 4.21, actual time = 18.65).	[MsgId: MWAR-15995]
Warning: Iteration pacing cannot be reached (pace time = 5.26, actual time = 12.95).	[MsgId: MWAR-15995]
Warning: Iteration pacing cannot be reached (pace time = 4.32, actual time = 15.89).	[MsgId: MWAR-15995]
Warning: Iteration pacing cannot be reached (pace time = 4.54, actual time = 11.19).	[MsgId: MWAR-15995]
Warning: Iteration pacing cannot be reached (pace time = 5.80, actual time = 8.22).	[MsgId: MWAR-15995]
Warning: Iteration pacing cannot be reached (pace time = 4.02, actual time = 17.73).	[MsgId: MWAR-15995]
Warning: Iteration pacing cannot be reached (pace time = 5.53, actual time = 13.96).	[MsgId: MWAR-15995]
Warning: Iteration pacing cannot be reached (pace time = 5.40, actual time = 15.91).	[MsgId: MWAR-15995]
Warning: Iteration pacing cannot be reached (pace time = 4.67, actual time = 6.08).	[MsgId: MWAR-15995]
Warning: Iteration pacing cannot be reached (pace time = 4.19, actual time = 9.10).	[MsgId: MWAR-15995]
Warning: Iteration pacing cannot be reached (pace time = 4.18, actual time = 11.08).	[MsgId: MWAR-15995]
Warning: Iteration pacing cannot be reached (pace time = 4.24, actual time = 11.55).	[MsgId: MWAR-15995]
Warning: Iteration pacing cannot be reached (pace time = 4.43, actual time = 12.32).	[MsgId: MWAR-15995]
Warning: Iteration pacing cannot be reached (pace time = 4.21, actual time = 14.96).	[MsgId: MWAR-15995]
Warning: Iteration pacing cannot be reached (pace time = 4.48, actual time = 13.66).	[MsgId: MWAR-15995]
Warning: Iteration pacing cannot be reached (pace time = 4.35, actual time = 18.00).	[MsgId: MWAR-15995]
Warning: Iteration pacing cannot be reached (pace time = 4.65, actual time = 6.78).	[MsgId: MWAR-15995]
Warning: Iteration pacing cannot be reached (pace time = 5.08, actual time = 9.25).	[MsgId: MWAR-15995]
Warning: Iteration pacing cannot be reached (pace time = 4.95, actual time = 8.33).	[MsgId: MWAR-15995]
Warning: Iteration pacing cannot be reached (pace time = 5.39, actual time = 15.17).	[MsgId: MWAR-15995]
Warning: Iteration pacing cannot be reached (pace time = 4.68, actual time = 15.07).	[MsgId: MWAR-15995]
kaas_DocSearchHPES_Product_Context.c(9): Error -26608: HTTP Status-Code=504 (Gateway Timeout) for "https://hx9ekpvvbi.execute-api.us-east-1.amazonaws.com/KaaS-ITG/v2/search?q=J8Z38ET&resultLimit=20&resultStart=0&languageCode=en&countryCode=us&store=tmsstore&filters=(shallincludeinautosuggest:true%20AND%20class:(pm_series_value%5E2%20OR%20pm_name_value%20OR%20pm_number_value)%20AND%20contenttype:Product)"  	[MsgId: MERR-26608]
Warning: Iteration pacing cannot be reached (pace time = 5.00, actual time = 29.04).	[MsgId: MWAR-15995]
kaas_DocSearchHPES_Product_Context.c(9): Error -26608: HTTP Status-Code=504 (Gateway Timeout) for "https://hx9ekpvvbi.execute-api.us-east-1.amazonaws.com/KaaS-ITG/v2/search?q=HP Officejet Printer Models 1000 to 5999&resultLimit=20&resultStart=0&languageCode=en&countryCode=us&store=tmsstore&filters=(shallincludeinautosuggest:true%20AND%20class:(pm_series_value%5E2%20OR%20pm_name_value%20OR%20pm_number_value)%20AND%20contenttype:Product)"  	[MsgId: MERR-26608]
Warning: Iteration pacing cannot be reached (pace time = 4.19, actual time = 29.04).	[MsgId: MWAR-15995]
kaas_DocSearchHPES_Product_Context.c(9): Error -26608: HTTP Status-Code=504 (Gateway Timeout) for "https://hx9ekpvvbi.execute-api.us-east-1.amazonaws.com/KaaS-ITG/v2/search?q=HP Deskjet All-in-One Printers&resultLimit=20&resultStart=0&languageCode=en&countryCode=us&store=tmsstore&filters=(shallincludeinautosuggest:true%20AND%20class:(pm_series_value%5E2%20OR%20pm_name_value%20OR%20pm_number_value)%20AND%20contenttype:Product)"  	[MsgId: MERR-26608]
Warning: Iteration pacing cannot be reached (pace time = 6.00, actual time = 29.04).	[MsgId: MWAR-15995]
kaas_DocSearchHPES_Product_Context.c(9): Error -26608: HTTP Status-Code=504 (Gateway Timeout) for "https://hx9ekpvvbi.execute-api.us-east-1.amazonaws.com/KaaS-ITG/v2/search?q=HP Photosmart Printer Models A100 to A999&resultLimit=20&resultStart=0&languageCode=en&countryCode=us&store=tmsstore&filters=(shallincludeinautosuggest:true%20AND%20class:(pm_series_value%5E2%20OR%20pm_name_value%20OR%20pm_number_value)%20AND%20contenttype:Product)"  	[MsgId: MERR-26608]
Warning: Iteration pacing cannot be reached (pace time = 5.77, actual time = 29.04).	[MsgId: MWAR-15995]
kaas_DocSearchHPES_Product_Context.c(9): Error -26608: HTTP Status-Code=504 (Gateway Timeout) for "https://hx9ekpvvbi.execute-api.us-east-1.amazonaws.com/KaaS-ITG/v2/search?q=HP ENVY x2 11-g050la&resultLimit=20&resultStart=0&languageCode=en&countryCode=us&store=tmsstore&filters=(shallincludeinautosuggest:true%20AND%20class:(pm_series_value%5E2%20OR%20pm_name_value%20OR%20pm_number_value)%20AND%20contenttype:Product)"  	[MsgId: MERR-26608]
Warning: Iteration pacing cannot be reached (pace time = 5.30, actual time = 29.04).	[MsgId: MWAR-15995]
kaas_DocSearchHPES_Product_Context.c(9): Error -26608: HTTP Status-Code=504 (Gateway Timeout) for "https://hx9ekpvvbi.execute-api.us-east-1.amazonaws.com/KaaS-ITG/v2/search?q=HP Laser&resultLimit=20&resultStart=0&languageCode=en&countryCode=us&store=tmsstore&filters=(shallincludeinautosuggest:true%20AND%20class:(pm_series_value%5E2%20OR%20pm_name_value%20OR%20pm_number_value)%20AND%20contenttype:Product)"  	[MsgId: MERR-26608]
Warning: Iteration pacing cannot be reached (pace time = 5.20, actual time = 29.04).	[MsgId: MWAR-15995]
Warning: Iteration pacing cannot be reached (pace time = 5.65, actual time = 25.28).	[MsgId: MWAR-15995]
Warning: Iteration pacing cannot be reached (pace time = 5.91, actual time = 24.59).	[MsgId: MWAR-15995]
Warning: Iteration pacing cannot be reached (pace time = 5.26, actual time = 28.46).	[MsgId: MWAR-15995]
Warning: Iteration pacing cannot be reached (pace time = 4.36, actual time = 24.68).	[MsgId: MWAR-15995]
Warning: Iteration pacing cannot be reached (pace time = 5.75, actual time = 11.03).	[MsgId: MWAR-15995]
Warning: Iteration pacing cannot be reached (pace time = 5.29, actual time = 9.72).	[MsgId: MWAR-15995]
Warning: Iteration pacing cannot be reached (pace time = 5.80, actual time = 24.35).	[MsgId: MWAR-15995]
Warning: Iteration pacing cannot be reached (pace time = 4.13, actual time = 9.49).	[MsgId: MWAR-15995]
Warning: Iteration pacing cannot be reached (pace time = 4.45, actual time = 24.12).	[MsgId: MWAR-15995]
Warning: Iteration pacing cannot be reached (pace time = 5.95, actual time = 23.79).	[MsgId: MWAR-15995]
Warning: Iteration pacing cannot be reached (pace time = 5.77, actual time = 9.28).	[MsgId: MWAR-15995]
Warning: Iteration pacing cannot be reached (pace time = 5.32, actual time = 22.50).	[MsgId: MWAR-15995]
Warning: Iteration pacing cannot be reached (pace time = 4.82, actual time = 18.65).	[MsgId: MWAR-15995]
Warning: Iteration pacing cannot be reached (pace time = 4.26, actual time = 20.68).	[MsgId: MWAR-15995]
Warning: Iteration pacing cannot be reached (pace time = 4.89, actual time = 22.19).	[MsgId: MWAR-15995]
Warning: Iteration pacing cannot be reached (pace time = 5.05, actual time = 17.12).	[MsgId: MWAR-15995]
Warning: Iteration pacing cannot be reached (pace time = 4.29, actual time = 22.40).	[MsgId: MWAR-15995]
Warning: Iteration pacing cannot be reached (pace time = 5.24, actual time = 19.98).	[MsgId: MWAR-15995]
Warning: Iteration pacing cannot be reached (pace time = 5.35, actual time = 17.05).	[MsgId: MWAR-15995]
Warning: Iteration pacing cannot be reached (pace time = 4.63, actual time = 19.75).	[MsgId: MWAR-15995]
Warning: Iteration pacing cannot be reached (pace time = 4.96, actual time = 16.63).	[MsgId: MWAR-15995]
Warning: Iteration pacing cannot be reached (pace time = 4.77, actual time = 14.77).	[MsgId: MWAR-15995]
Warning: Iteration pacing cannot be reached (pace time = 4.44, actual time = 23.88).	[MsgId: MWAR-15995]
Warning: Iteration pacing cannot be reached (pace time = 4.17, actual time = 23.21).	[MsgId: MWAR-15995]
Warning: Iteration pacing cannot be reached (pace time = 4.88, actual time = 16.80).	[MsgId: MWAR-15995]
Warning: Iteration pacing cannot be reached (pace time = 5.38, actual time = 6.07).	[MsgId: MWAR-15995]
Warning: Iteration pacing cannot be reached (pace time = 5.89, actual time = 6.72).	[MsgId: MWAR-15995]
Warning: Iteration pacing cannot be reached (pace time = 5.22, actual time = 5.79).	[MsgId: MWAR-15995]
Warning: Iteration pacing cannot be reached (pace time = 4.01, actual time = 12.25).	[MsgId: MWAR-15995]
Warning: Iteration pacing cannot be reached (pace time = 5.65, actual time = 11.80).	[MsgId: MWAR-15995]
Warning: Iteration pacing cannot be reached (pace time = 5.17, actual time = 13.16).	[MsgId: MWAR-15995]
Warning: Iteration pacing cannot be reached (pace time = 5.67, actual time = 11.87).	[MsgId: MWAR-15995]
Warning: Iteration pacing cannot be reached (pace time = 4.82, actual time = 12.99).	[MsgId: MWAR-15995]
Warning: Iteration pacing cannot be reached (pace time = 4.56, actual time = 8.63).	[MsgId: MWAR-15995]
Warning: Iteration pacing cannot be reached (pace time = 5.23, actual time = 12.96).	[MsgId: MWAR-15995]
Warning: Iteration pacing cannot be reached (pace time = 4.05, actual time = 10.61).	[MsgId: MWAR-15995]
Warning: Iteration pacing cannot be reached (pace time = 5.86, actual time = 8.62).	[MsgId: MWAR-15995]
Warning: Iteration pacing cannot be reached (pace time = 4.23, actual time = 4.67).	[MsgId: MWAR-15995]
Warning: Iteration pacing cannot be reached (pace time = 5.56, actual time = 13.50).	[MsgId: MWAR-15995]
Warning: Iteration pacing cannot be reached (pace time = 5.90, actual time = 6.89).	[MsgId: MWAR-15995]
Warning: Iteration pacing cannot be reached (pace time = 5.90, actual time = 13.65).	[MsgId: MWAR-15995]
Warning: Iteration pacing cannot be reached (pace time = 5.68, actual time = 7.56).	[MsgId: MWAR-15995]
Warning: Iteration pacing cannot be reached (pace time = 4.51, actual time = 6.95).	[MsgId: MWAR-15995]
Warning: Iteration pacing cannot be reached (pace time = 5.46, actual time = 7.07).	[MsgId: MWAR-15995]
Warning: Iteration pacing cannot be reached (pace time = 4.94, actual time = 7.45).	[MsgId: MWAR-15995]
Warning: Iteration pacing cannot be reached (pace time = 4.88, actual time = 6.73).	[MsgId: MWAR-15995]
Warning: Iteration pacing cannot be reached (pace time = 4.02, actual time = 9.40).	[MsgId: MWAR-15995]
Warning: Iteration pacing cannot be reached (pace time = 5.63, actual time = 7.64).	[MsgId: MWAR-15995]
Warning: Iteration pacing cannot be reached (pace time = 5.73, actual time = 7.77).	[MsgId: MWAR-15995]
Warning: Iteration pacing cannot be reached (pace time = 5.09, actual time = 6.23).	[MsgId: MWAR-15995]
Warning: Iteration pacing cannot be reached (pace time = 4.77, actual time = 9.33).	[MsgId: MWAR-15995]
Warning: Iteration pacing cannot be reached (pace time = 5.44, actual time = 15.84).	[MsgId: MWAR-15995]
Warning: Iteration pacing cannot be reached (pace time = 5.52, actual time = 12.27).	[MsgId: MWAR-15995]
Warning: Iteration pacing cannot be reached (pace time = 5.87, actual time = 16.15).	[MsgId: MWAR-15995]
Warning: Iteration pacing cannot be reached (pace time = 5.48, actual time = 6.22).	[MsgId: MWAR-15995]
Warning: Iteration pacing cannot be reached (pace time = 5.51, actual time = 6.95).	[MsgId: MWAR-15995]
Warning: Iteration pacing cannot be reached (pace time = 5.04, actual time = 5.84).	[MsgId: MWAR-15995]
Warning: Iteration pacing cannot be reached (pace time = 5.35, actual time = 8.54).	[MsgId: MWAR-15995]
Warning: Iteration pacing cannot be reached (pace time = 5.09, actual time = 5.99).	[MsgId: MWAR-15995]
Warning: Iteration pacing cannot be reached (pace time = 4.87, actual time = 10.09).	[MsgId: MWAR-15995]
Warning: Iteration pacing cannot be reached (pace time = 4.37, actual time = 16.95).	[MsgId: MWAR-15995]
Warning: Iteration pacing cannot be reached (pace time = 5.84, actual time = 24.30).	[MsgId: MWAR-15995]
Warning: Iteration pacing cannot be reached (pace time = 4.56, actual time = 24.75).	[MsgId: MWAR-15995]
Warning: Iteration pacing cannot be reached (pace time = 4.47, actual time = 19.11).	[MsgId: MWAR-15995]
Warning: Iteration pacing cannot be reached (pace time = 4.39, actual time = 22.32).	[MsgId: MWAR-15995]
Warning: Iteration pacing cannot be reached (pace time = 5.41, actual time = 20.41).	[MsgId: MWAR-15995]
Warning: Iteration pacing cannot be reached (pace time = 5.34, actual time = 15.20).	[MsgId: MWAR-15995]
Warning: Iteration pacing cannot be reached (pace time = 5.20, actual time = 16.64).	[MsgId: MWAR-15995]
Warning: Iteration pacing cannot be reached (pace time = 5.29, actual time = 19.31).	[MsgId: MWAR-15995]
Warning: Iteration pacing cannot be reached (pace time = 4.53, actual time = 15.31).	[MsgId: MWAR-15995]
Warning: Iteration pacing cannot be reached (pace time = 4.60, actual time = 25.09).	[MsgId: MWAR-15995]
Warning: Iteration pacing cannot be reached (pace time = 4.92, actual time = 10.16).	[MsgId: MWAR-15995]
Warning: Iteration pacing cannot be reached (pace time = 4.98, actual time = 5.34).	[MsgId: MWAR-15995]
Warning: Iteration pacing cannot be reached (pace time = 4.55, actual time = 10.86).	[MsgId: MWAR-15995]
Warning: Iteration pacing cannot be reached (pace time = 4.24, actual time = 14.22).	[MsgId: MWAR-15995]
Warning: Iteration pacing cannot be reached (pace time = 5.55, actual time = 11.31).	[MsgId: MWAR-15995]
Warning: Iteration pacing cannot be reached (pace time = 4.00, actual time = 14.84).	[MsgId: MWAR-15995]
Warning: Iteration pacing cannot be reached (pace time = 4.39, actual time = 11.55).	[MsgId: MWAR-15995]
Warning: Iteration pacing cannot be reached (pace time = 5.78, actual time = 16.33).	[MsgId: MWAR-15995]
Warning: Iteration pacing cannot be reached (pace time = 4.11, actual time = 16.12).	[MsgId: MWAR-15995]
Warning: Iteration pacing cannot be reached (pace time = 5.62, actual time = 12.33).	[MsgId: MWAR-15995]
Warning: Iteration pacing cannot be reached (pace time = 5.43, actual time = 6.45).	[MsgId: MWAR-15995]
Warning: Iteration pacing cannot be reached (pace time = 5.95, actual time = 11.95).	[MsgId: MWAR-15995]
Warning: Iteration pacing cannot be reached (pace time = 4.31, actual time = 9.56).	[MsgId: MWAR-15995]
Warning: Iteration pacing cannot be reached (pace time = 4.89, actual time = 12.27).	[MsgId: MWAR-15995]
Warning: Iteration pacing cannot be reached (pace time = 4.48, actual time = 11.04).	[MsgId: MWAR-15995]
Warning: Iteration pacing cannot be reached (pace time = 5.44, actual time = 9.10).	[MsgId: MWAR-15995]
Warning: Iteration pacing cannot be reached (pace time = 4.68, actual time = 6.83).	[MsgId: MWAR-15995]
Warning: Iteration pacing cannot be reached (pace time = 5.37, actual time = 15.40).	[MsgId: MWAR-15995]
Warning: Iteration pacing cannot be reached (pace time = 4.87, actual time = 5.89).	[MsgId: MWAR-15995]
Warning: Iteration pacing cannot be reached (pace time = 4.65, actual time = 12.07).	[MsgId: MWAR-15995]
Warning: Iteration pacing cannot be reached (pace time = 5.09, actual time = 7.88).	[MsgId: MWAR-15995]
Warning: Iteration pacing cannot be reached (pace time = 4.55, actual time = 9.62).	[MsgId: MWAR-15995]
Warning: Iteration pacing cannot be reached (pace time = 4.74, actual time = 9.54).	[MsgId: MWAR-15995]
Warning: Iteration pacing cannot be reached (pace time = 5.16, actual time = 8.42).	[MsgId: MWAR-15995]
Warning: Iteration pacing cannot be reached (pace time = 4.90, actual time = 8.99).	[MsgId: MWAR-15995]
Warning: Iteration pacing cannot be reached (pace time = 4.55, actual time = 6.32).	[MsgId: MWAR-15995]
Warning: Iteration pacing cannot be reached (pace time = 4.18, actual time = 5.54).	[MsgId: MWAR-15995]
Warning: Iteration pacing cannot be reached (pace time = 5.92, actual time = 6.44).	[MsgId: MWAR-15995]
Warning: Iteration pacing cannot be reached (pace time = 4.01, actual time = 7.05).	[MsgId: MWAR-15995]
Warning: Iteration pacing cannot be reached (pace time = 5.26, actual time = 9.42).	[MsgId: MWAR-15995]
Warning: Iteration pacing cannot be reached (pace time = 5.86, actual time = 11.81).	[MsgId: MWAR-15995]
Warning: Iteration pacing cannot be reached (pace time = 5.89, actual time = 11.22).	[MsgId: MWAR-15995]
Warning: Iteration pacing cannot be reached (pace time = 4.15, actual time = 7.46).	[MsgId: MWAR-15995]
Warning: Iteration pacing cannot be reached (pace time = 5.21, actual time = 12.46).	[MsgId: MWAR-15995]
Warning: Iteration pacing cannot be reached (pace time = 4.75, actual time = 12.01).	[MsgId: MWAR-15995]
Warning: Iteration pacing cannot be reached (pace time = 5.86, actual time = 13.45).	[MsgId: MWAR-15995]
Warning: Iteration pacing cannot be reached (pace time = 5.08, actual time = 8.11).	[MsgId: MWAR-15995]
Warning: Iteration pacing cannot be reached (pace time = 4.67, actual time = 14.13).	[MsgId: MWAR-15995]
Warning: Iteration pacing cannot be reached (pace time = 4.55, actual time = 12.13).	[MsgId: MWAR-15995]
Warning: Iteration pacing cannot be reached (pace time = 4.24, actual time = 4.59).	[MsgId: MWAR-15995]
Warning: Iteration pacing cannot be reached (pace time = 5.10, actual time = 12.92).	[MsgId: MWAR-15995]
Warning: Iteration pacing cannot be reached (pace time = 4.37, actual time = 4.80).	[MsgId: MWAR-15995]
Warning: Iteration pacing cannot be reached (pace time = 4.25, actual time = 5.30).	[MsgId: MWAR-15995]
Warning: Iteration pacing cannot be reached (pace time = 5.23, actual time = 5.61).	[MsgId: MWAR-15995]
Warning: Iteration pacing cannot be reached (pace time = 5.21, actual time = 5.25).	[MsgId: MWAR-15995]
Warning: Iteration pacing cannot be reached (pace time = 4.00, actual time = 7.86).	[MsgId: MWAR-15995]
Warning: Iteration pacing cannot be reached (pace time = 4.87, actual time = 7.04).	[MsgId: MWAR-15995]
Warning: Iteration pacing cannot be reached (pace time = 5.59, actual time = 5.96).	[MsgId: MWAR-15995]
Warning: Iteration pacing cannot be reached (pace time = 4.26, actual time = 9.57).	[MsgId: MWAR-15995]
Warning: Iteration pacing cannot be reached (pace time = 4.89, actual time = 8.72).	[MsgId: MWAR-15995]
Warning: Iteration pacing cannot be reached (pace time = 5.66, actual time = 5.97).	[MsgId: MWAR-15995]
Warning: Iteration pacing cannot be reached (pace time = 4.92, actual time = 7.34).	[MsgId: MWAR-15995]
Warning: Iteration pacing cannot be reached (pace time = 5.85, actual time = 9.09).	[MsgId: MWAR-15995]
Warning: Iteration pacing cannot be reached (pace time = 5.43, actual time = 7.50).	[MsgId: MWAR-15995]
Warning: Iteration pacing cannot be reached (pace time = 4.17, actual time = 8.98).	[MsgId: MWAR-15995]
Warning: Iteration pacing cannot be reached (pace time = 5.72, actual time = 8.02).	[MsgId: MWAR-15995]
Warning: Iteration pacing cannot be reached (pace time = 5.57, actual time = 8.91).	[MsgId: MWAR-15995]
Warning: Iteration pacing cannot be reached (pace time = 5.64, actual time = 6.76).	[MsgId: MWAR-15995]
Warning: Iteration pacing cannot be reached (pace time = 5.34, actual time = 7.30).	[MsgId: MWAR-15995]
Warning: Iteration pacing cannot be reached (pace time = 4.34, actual time = 7.46).	[MsgId: MWAR-15995]
Warning: Iteration pacing cannot be reached (pace time = 4.09, actual time = 7.97).	[MsgId: MWAR-15995]
Warning: Iteration pacing cannot be reached (pace time = 4.30, actual time = 6.18).	[MsgId: MWAR-15995]
Warning: Iteration pacing cannot be reached (pace time = 4.01, actual time = 7.63).	[MsgId: MWAR-15995]
Warning: Iteration pacing cannot be reached (pace time = 5.23, actual time = 8.82).	[MsgId: MWAR-15995]
Warning: Iteration pacing cannot be reached (pace time = 5.44, actual time = 7.93).	[MsgId: MWAR-15995]
Warning: Iteration pacing cannot be reached (pace time = 4.45, actual time = 5.14).	[MsgId: MWAR-15995]
Warning: Iteration pacing cannot be reached (pace time = 5.05, actual time = 5.95).	[MsgId: MWAR-15995]
Warning: Iteration pacing cannot be reached (pace time = 5.52, actual time = 5.99).	[MsgId: MWAR-15995]
Warning: Iteration pacing cannot be reached (pace time = 4.18, actual time = 5.30).	[MsgId: MWAR-15995]
Warning: Iteration pacing cannot be reached (pace time = 4.87, actual time = 6.10).	[MsgId: MWAR-15995]
Warning: Iteration pacing cannot be reached (pace time = 4.63, actual time = 5.84).	[MsgId: MWAR-15995]
Warning: Iteration pacing cannot be reached (pace time = 4.93, actual time = 5.68).	[MsgId: MWAR-15995]
Warning: Iteration pacing cannot be reached (pace time = 5.51, actual time = 7.24).	[MsgId: MWAR-15995]
Warning: Iteration pacing cannot be reached (pace time = 4.14, actual time = 6.07).	[MsgId: MWAR-15995]
Warning: Iteration pacing cannot be reached (pace time = 5.10, actual time = 6.62).	[MsgId: MWAR-15995]
Warning: Iteration pacing cannot be reached (pace time = 4.90, actual time = 9.96).	[MsgId: MWAR-15995]
Warning: Iteration pacing cannot be reached (pace time = 4.63, actual time = 7.00).	[MsgId: MWAR-15995]
Warning: Iteration pacing cannot be reached (pace time = 5.22, actual time = 10.19).	[MsgId: MWAR-15995]
Warning: Iteration pacing cannot be reached (pace time = 5.16, actual time = 5.89).	[MsgId: MWAR-15995]
Warning: Iteration pacing cannot be reached (pace time = 4.24, actual time = 4.38).	[MsgId: MWAR-15995]
Warning: Iteration pacing cannot be reached (pace time = 4.18, actual time = 5.29).	[MsgId: MWAR-15995]
Warning: Iteration pacing cannot be reached (pace time = 4.14, actual time = 8.70).	[MsgId: MWAR-15995]
Warning: Iteration pacing cannot be reached (pace time = 5.95, actual time = 8.12).	[MsgId: MWAR-15995]
Warning: Iteration pacing cannot be reached (pace time = 4.81, actual time = 24.48).	[MsgId: MWAR-15995]
Warning: Iteration pacing cannot be reached (pace time = 4.91, actual time = 21.91).	[MsgId: MWAR-15995]
Warning: Iteration pacing cannot be reached (pace time = 5.01, actual time = 27.30).	[MsgId: MWAR-15995]
Warning: Iteration pacing cannot be reached (pace time = 5.08, actual time = 24.81).	[MsgId: MWAR-15995]
Warning: Iteration pacing cannot be reached (pace time = 4.54, actual time = 26.23).	[MsgId: MWAR-15995]
Warning: Iteration pacing cannot be reached (pace time = 5.62, actual time = 28.03).	[MsgId: MWAR-15995]
kaas_DocSearchHPES_Product_Context.c(9): Error -26608: HTTP Status-Code=504 (Gateway Timeout) for "https://hx9ekpvvbi.execute-api.us-east-1.amazonaws.com/KaaS-ITG/v2/search?q=HP Officejet Mobile Printers&resultLimit=20&resultStart=0&languageCode=en&countryCode=us&store=tmsstore&filters=(shallincludeinautosuggest:true%20AND%20class:(pm_series_value%5E2%20OR%20pm_name_value%20OR%20pm_number_value)%20AND%20contenttype:Product)"  	[MsgId: MERR-26608]
Warning: Iteration pacing cannot be reached (pace time = 5.22, actual time = 29.06).	[MsgId: MWAR-15995]
Warning: Iteration pacing cannot be reached (pace time = 5.70, actual time = 24.37).	[MsgId: MWAR-15995]
Warning: Iteration pacing cannot be reached (pace time = 5.20, actual time = 28.18).	[MsgId: MWAR-15995]
Warning: Iteration pacing cannot be reached (pace time = 4.35, actual time = 23.07).	[MsgId: MWAR-15995]
Warning: Iteration pacing cannot be reached (pace time = 5.08, actual time = 26.93).	[MsgId: MWAR-15995]
Warning: Iteration pacing cannot be reached (pace time = 5.12, actual time = 27.11).	[MsgId: MWAR-15995]
Warning: Iteration pacing cannot be reached (pace time = 4.48, actual time = 22.69).	[MsgId: MWAR-15995]
Warning: Iteration pacing cannot be reached (pace time = 5.62, actual time = 10.58).	[MsgId: MWAR-15995]
Warning: Iteration pacing cannot be reached (pace time = 5.54, actual time = 20.55).	[MsgId: MWAR-15995]
Warning: Iteration pacing cannot be reached (pace time = 5.60, actual time = 11.44).	[MsgId: MWAR-15995]
Warning: Iteration pacing cannot be reached (pace time = 4.36, actual time = 15.19).	[MsgId: MWAR-15995]
Warning: Iteration pacing cannot be reached (pace time = 4.73, actual time = 9.63).	[MsgId: MWAR-15995]
Warning: Iteration pacing cannot be reached (pace time = 4.37, actual time = 22.45).	[MsgId: MWAR-15995]
Warning: Iteration pacing cannot be reached (pace time = 4.50, actual time = 4.79).	[MsgId: MWAR-15995]
Warning: Iteration pacing cannot be reached (pace time = 4.60, actual time = 7.31).	[MsgId: MWAR-15995]
Warning: Iteration pacing cannot be reached (pace time = 4.29, actual time = 17.35).	[MsgId: MWAR-15995]
Warning: Iteration pacing cannot be reached (pace time = 4.66, actual time = 5.32).	[MsgId: MWAR-15995]
Warning: Iteration pacing cannot be reached (pace time = 5.78, actual time = 7.85).	[MsgId: MWAR-15995]
Warning: Iteration pacing cannot be reached (pace time = 5.95, actual time = 23.17).	[MsgId: MWAR-15995]
Warning: Iteration pacing cannot be reached (pace time = 5.39, actual time = 11.37).	[MsgId: MWAR-15995]
Warning: Iteration pacing cannot be reached (pace time = 5.00, actual time = 16.33).	[MsgId: MWAR-15995]
Warning: Iteration pacing cannot be reached (pace time = 5.17, actual time = 23.61).	[MsgId: MWAR-15995]
Warning: Iteration pacing cannot be reached (pace time = 5.63, actual time = 23.93).	[MsgId: MWAR-15995]
Warning: Iteration pacing cannot be reached (pace time = 4.76, actual time = 4.82).	[MsgId: MWAR-15995]
Warning: Iteration pacing cannot be reached (pace time = 4.91, actual time = 7.70).	[MsgId: MWAR-15995]
Warning: Iteration pacing cannot be reached (pace time = 5.74, actual time = 5.96).	[MsgId: MWAR-15995]
Warning: Iteration pacing cannot be reached (pace time = 4.85, actual time = 9.95).	[MsgId: MWAR-15995]
Warning: Iteration pacing cannot be reached (pace time = 5.93, actual time = 7.87).	[MsgId: MWAR-15995]
Warning: Iteration pacing cannot be reached (pace time = 5.65, actual time = 9.26).	[MsgId: MWAR-15995]
Warning: Iteration pacing cannot be reached (pace time = 4.95, actual time = 10.76).	[MsgId: MWAR-15995]
Warning: Iteration pacing cannot be reached (pace time = 4.56, actual time = 10.62).	[MsgId: MWAR-15995]
Warning: Iteration pacing cannot be reached (pace time = 4.25, actual time = 9.14).	[MsgId: MWAR-15995]
Warning: Iteration pacing cannot be reached (pace time = 5.12, actual time = 7.54).	[MsgId: MWAR-15995]
Warning: Iteration pacing cannot be reached (pace time = 5.76, actual time = 10.39).	[MsgId: MWAR-15995]
Warning: Iteration pacing cannot be reached (pace time = 4.05, actual time = 8.30).	[MsgId: MWAR-15995]
Warning: Iteration pacing cannot be reached (pace time = 4.72, actual time = 8.10).	[MsgId: MWAR-15995]
Warning: Iteration pacing cannot be reached (pace time = 4.43, actual time = 5.85).	[MsgId: MWAR-15995]
Warning: Iteration pacing cannot be reached (pace time = 5.23, actual time = 6.98).	[MsgId: MWAR-15995]
Warning: Iteration pacing cannot be reached (pace time = 4.12, actual time = 6.71).	[MsgId: MWAR-15995]
Warning: Iteration pacing cannot be reached (pace time = 5.22, actual time = 5.99).	[MsgId: MWAR-15995]
Warning: Iteration pacing cannot be reached (pace time = 4.95, actual time = 9.43).	[MsgId: MWAR-15995]
Warning: Iteration pacing cannot be reached (pace time = 4.13, actual time = 9.62).	[MsgId: MWAR-15995]
Warning: Iteration pacing cannot be reached (pace time = 4.34, actual time = 9.56).	[MsgId: MWAR-15995]
Warning: Iteration pacing cannot be reached (pace time = 4.99, actual time = 9.50).	[MsgId: MWAR-15995]
Warning: Iteration pacing cannot be reached (pace time = 5.15, actual time = 9.93).	[MsgId: MWAR-15995]
Warning: Iteration pacing cannot be reached (pace time = 4.49, actual time = 5.58).	[MsgId: MWAR-15995]
Warning: Iteration pacing cannot be reached (pace time = 5.02, actual time = 5.61).	[MsgId: MWAR-15995]
Warning: Iteration pacing cannot be reached (pace time = 4.63, actual time = 6.01).	[MsgId: MWAR-15995]
Warning: Iteration pacing cannot be reached (pace time = 4.37, actual time = 5.96).	[MsgId: MWAR-15995]
Warning: Iteration pacing cannot be reached (pace time = 4.25, actual time = 6.20).	[MsgId: MWAR-15995]
Warning: Iteration pacing cannot be reached (pace time = 4.13, actual time = 5.96).	[MsgId: MWAR-15995]
Warning: Iteration pacing cannot be reached (pace time = 4.59, actual time = 6.69).	[MsgId: MWAR-15995]
Warning: Iteration pacing cannot be reached (pace time = 5.67, actual time = 7.79).	[MsgId: MWAR-15995]
Warning: Iteration pacing cannot be reached (pace time = 4.54, actual time = 6.28).	[MsgId: MWAR-15995]
Warning: Iteration pacing cannot be reached (pace time = 4.40, actual time = 7.83).	[MsgId: MWAR-15995]
Warning: Iteration pacing cannot be reached (pace time = 5.21, actual time = 6.02).	[MsgId: MWAR-15995]
Warning: Iteration pacing cannot be reached (pace time = 4.31, actual time = 4.90).	[MsgId: MWAR-15995]
Warning: Iteration pacing cannot be reached (pace time = 5.28, actual time = 5.32).	[MsgId: MWAR-15995]
Warning: Iteration pacing cannot be reached (pace time = 4.20, actual time = 10.45).	[MsgId: MWAR-15995]
Warning: Iteration pacing cannot be reached (pace time = 4.29, actual time = 5.09).	[MsgId: MWAR-15995]
Warning: Iteration pacing cannot be reached (pace time = 4.82, actual time = 7.26).	[MsgId: MWAR-15995]
Warning: Iteration pacing cannot be reached (pace time = 4.48, actual time = 10.94).	[MsgId: MWAR-15995]
Warning: Iteration pacing cannot be reached (pace time = 5.61, actual time = 11.35).	[MsgId: MWAR-15995]
Warning: Iteration pacing cannot be reached (pace time = 4.06, actual time = 12.13).	[MsgId: MWAR-15995]
Warning: Iteration pacing cannot be reached (pace time = 4.46, actual time = 10.00).	[MsgId: MWAR-15995]
Warning: Iteration pacing cannot be reached (pace time = 5.05, actual time = 5.52).	[MsgId: MWAR-15995]
Warning: Iteration pacing cannot be reached (pace time = 5.94, actual time = 9.97).	[MsgId: MWAR-15995]
Warning: Iteration pacing cannot be reached (pace time = 4.03, actual time = 6.09).	[MsgId: MWAR-15995]
Warning: Iteration pacing cannot be reached (pace time = 4.63, actual time = 11.57).	[MsgId: MWAR-15995]
Warning: Iteration pacing cannot be reached (pace time = 4.33, actual time = 8.84).	[MsgId: MWAR-15995]
Warning: Iteration pacing cannot be reached (pace time = 4.87, actual time = 10.38).	[MsgId: MWAR-15995]
Warning: Iteration pacing cannot be reached (pace time = 4.72, actual time = 7.24).	[MsgId: MWAR-15995]
Warning: Iteration pacing cannot be reached (pace time = 4.25, actual time = 13.65).	[MsgId: MWAR-15995]
Warning: Iteration pacing cannot be reached (pace time = 4.22, actual time = 7.88).	[MsgId: MWAR-15995]
Warning: Iteration pacing cannot be reached (pace time = 5.62, actual time = 6.80).	[MsgId: MWAR-15995]
Warning: Iteration pacing cannot be reached (pace time = 5.11, actual time = 10.32).	[MsgId: MWAR-15995]
Warning: Iteration pacing cannot be reached (pace time = 4.07, actual time = 13.91).	[MsgId: MWAR-15995]
Warning: Iteration pacing cannot be reached (pace time = 5.07, actual time = 11.20).	[MsgId: MWAR-15995]
Warning: Iteration pacing cannot be reached (pace time = 4.95, actual time = 14.35).	[MsgId: MWAR-15995]
