Warning: Iteration pacing cannot be reached (pace time = 4.99, actual time = 7.87).	[MsgId: MWAR-15995]
Warning: Iteration pacing cannot be reached (pace time = 5.77, actual time = 6.76).	[MsgId: MWAR-15995]
Warning: Iteration pacing cannot be reached (pace time = 4.68, actual time = 6.96).	[MsgId: MWAR-15995]
Warning: Iteration pacing cannot be reached (pace time = 4.75, actual time = 7.65).	[MsgId: MWAR-15995]
Warning: Iteration pacing cannot be reached (pace time = 4.06, actual time = 8.14).	[MsgId: MWAR-15995]
Warning: Iteration pacing cannot be reached (pace time = 4.22, actual time = 13.16).	[MsgId: MWAR-15995]
Warning: Iteration pacing cannot be reached (pace time = 4.63, actual time = 11.29).	[MsgId: MWAR-15995]
Warning: Iteration pacing cannot be reached (pace time = 4.07, actual time = 12.51).	[MsgId: MWAR-15995]
Warning: Iteration pacing cannot be reached (pace time = 4.71, actual time = 8.88).	[MsgId: MWAR-15995]
Warning: Iteration pacing cannot be reached (pace time = 4.06, actual time = 6.86).	[MsgId: MWAR-15995]
Warning: Iteration pacing cannot be reached (pace time = 5.93, actual time = 10.90).	[MsgId: MWAR-15995]
Warning: Iteration pacing cannot be reached (pace time = 4.86, actual time = 7.43).	[MsgId: MWAR-15995]
Warning: Iteration pacing cannot be reached (pace time = 4.94, actual time = 5.59).	[MsgId: MWAR-15995]
Warning: Iteration pacing cannot be reached (pace time = 5.60, actual time = 14.08).	[MsgId: MWAR-15995]
Warning: Iteration pacing cannot be reached (pace time = 4.30, actual time = 10.16).	[MsgId: MWAR-15995]
Warning: Iteration pacing cannot be reached (pace time = 4.89, actual time = 15.41).	[MsgId: MWAR-15995]
Warning: Iteration pacing cannot be reached (pace time = 5.38, actual time = 12.18).	[MsgId: MWAR-15995]
Warning: Iteration pacing cannot be reached (pace time = 5.23, actual time = 6.49).	[MsgId: MWAR-15995]
Warning: Iteration pacing cannot be reached (pace time = 5.23, actual time = 8.17).	[MsgId: MWAR-15995]
Warning: Iteration pacing cannot be reached (pace time = 4.44, actual time = 4.89).	[MsgId: MWAR-15995]
Warning: Iteration pacing cannot be reached (pace time = 4.50, actual time = 7.25).	[MsgId: MWAR-15995]
Warning: Iteration pacing cannot be reached (pace time = 4.33, actual time = 5.55).	[MsgId: MWAR-15995]
Warning: Iteration pacing cannot be reached (pace time = 5.54, actual time = 6.41).	[MsgId: MWAR-15995]
Warning: Iteration pacing cannot be reached (pace time = 5.20, actual time = 8.12).	[MsgId: MWAR-15995]
Warning: Iteration pacing cannot be reached (pace time = 4.52, actual time = 8.81).	[MsgId: MWAR-15995]
Warning: Iteration pacing cannot be reached (pace time = 5.26, actual time = 11.43).	[MsgId: MWAR-15995]
Warning: Iteration pacing cannot be reached (pace time = 4.67, actual time = 7.23).	[MsgId: MWAR-15995]
Warning: Iteration pacing cannot be reached (pace time = 5.37, actual time = 12.55).	[MsgId: MWAR-15995]
Warning: Iteration pacing cannot be reached (pace time = 5.63, actual time = 12.52).	[MsgId: MWAR-15995]
Warning: Iteration pacing cannot be reached (pace time = 5.11, actual time = 12.90).	[MsgId: MWAR-15995]
Warning: Iteration pacing cannot be reached (pace time = 5.16, actual time = 5.61).	[MsgId: MWAR-15995]
Warning: Iteration pacing cannot be reached (pace time = 5.62, actual time = 9.59).	[MsgId: MWAR-15995]
Warning: Iteration pacing cannot be reached (pace time = 4.85, actual time = 5.57).	[MsgId: MWAR-15995]
Warning: Iteration pacing cannot be reached (pace time = 5.81, actual time = 7.08).	[MsgId: MWAR-15995]
Warning: Iteration pacing cannot be reached (pace time = 5.44, actual time = 5.78).	[MsgId: MWAR-15995]
Warning: Iteration pacing cannot be reached (pace time = 4.30, actual time = 6.10).	[MsgId: MWAR-15995]
Warning: Iteration pacing cannot be reached (pace time = 4.31, actual time = 10.51).	[MsgId: MWAR-15995]
Warning: Iteration pacing cannot be reached (pace time = 4.65, actual time = 10.11).	[MsgId: MWAR-15995]
Warning: Iteration pacing cannot be reached (pace time = 5.78, actual time = 6.25).	[MsgId: MWAR-15995]
Warning: Iteration pacing cannot be reached (pace time = 4.70, actual time = 15.40).	[MsgId: MWAR-15995]
Warning: Iteration pacing cannot be reached (pace time = 5.17, actual time = 8.99).	[MsgId: MWAR-15995]
Warning: Iteration pacing cannot be reached (pace time = 5.43, actual time = 9.79).	[MsgId: MWAR-15995]
Warning: Iteration pacing cannot be reached (pace time = 5.11, actual time = 10.99).	[MsgId: MWAR-15995]
Warning: Iteration pacing cannot be reached (pace time = 5.98, actual time = 15.01).	[MsgId: MWAR-15995]
Warning: Iteration pacing cannot be reached (pace time = 4.56, actual time = 6.53).	[MsgId: MWAR-15995]
Warning: Iteration pacing cannot be reached (pace time = 5.13, actual time = 11.01).	[MsgId: MWAR-15995]
Warning: Iteration pacing cannot be reached (pace time = 5.26, actual time = 16.74).	[MsgId: MWAR-15995]
Warning: Iteration pacing cannot be reached (pace time = 4.92, actual time = 8.21).	[MsgId: MWAR-15995]
Warning: Iteration pacing cannot be reached (pace time = 4.42, actual time = 16.12).	[MsgId: MWAR-15995]
Warning: Iteration pacing cannot be reached (pace time = 5.53, actual time = 9.60).	[MsgId: MWAR-15995]
Warning: Iteration pacing cannot be reached (pace time = 5.11, actual time = 6.16).	[MsgId: MWAR-15995]
Warning: Iteration pacing cannot be reached (pace time = 4.84, actual time = 7.07).	[MsgId: MWAR-15995]
Warning: Iteration pacing cannot be reached (pace time = 4.03, actual time = 7.29).	[MsgId: MWAR-15995]
Warning: Iteration pacing cannot be reached (pace time = 4.65, actual time = 7.60).	[MsgId: MWAR-15995]
Warning: Iteration pacing cannot be reached (pace time = 5.38, actual time = 6.05).	[MsgId: MWAR-15995]
Warning: Iteration pacing cannot be reached (pace time = 4.24, actual time = 4.90).	[MsgId: MWAR-15995]
Warning: Iteration pacing cannot be reached (pace time = 5.08, actual time = 15.84).	[MsgId: MWAR-15995]
Warning: Iteration pacing cannot be reached (pace time = 4.47, actual time = 19.27).	[MsgId: MWAR-15995]
Warning: Iteration pacing cannot be reached (pace time = 5.74, actual time = 18.76).	[MsgId: MWAR-15995]
Warning: Iteration pacing cannot be reached (pace time = 5.62, actual time = 13.98).	[MsgId: MWAR-15995]
Warning: Iteration pacing cannot be reached (pace time = 5.53, actual time = 9.31).	[MsgId: MWAR-15995]
Warning: Iteration pacing cannot be reached (pace time = 5.25, actual time = 14.87).	[MsgId: MWAR-15995]
Warning: Iteration pacing cannot be reached (pace time = 5.39, actual time = 13.69).	[MsgId: MWAR-15995]
Warning: Iteration pacing cannot be reached (pace time = 4.72, actual time = 8.73).	[MsgId: MWAR-15995]
Warning: Iteration pacing cannot be reached (pace time = 5.00, actual time = 10.45).	[MsgId: MWAR-15995]
Warning: Iteration pacing cannot be reached (pace time = 4.48, actual time = 8.95).	[MsgId: MWAR-15995]
Warning: Iteration pacing cannot be reached (pace time = 4.06, actual time = 8.95).	[MsgId: MWAR-15995]
Warning: Iteration pacing cannot be reached (pace time = 4.40, actual time = 8.43).	[MsgId: MWAR-15995]
Warning: Iteration pacing cannot be reached (pace time = 4.60, actual time = 8.85).	[MsgId: MWAR-15995]
Warning: Iteration pacing cannot be reached (pace time = 5.83, actual time = 6.60).	[MsgId: MWAR-15995]
Warning: Iteration pacing cannot be reached (pace time = 4.54, actual time = 10.88).	[MsgId: MWAR-15995]
Warning: Iteration pacing cannot be reached (pace time = 4.94, actual time = 8.73).	[MsgId: MWAR-15995]
Warning: Iteration pacing cannot be reached (pace time = 5.34, actual time = 9.10).	[MsgId: MWAR-15995]
Warning: Iteration pacing cannot be reached (pace time = 5.08, actual time = 9.10).	[MsgId: MWAR-15995]
Warning: Iteration pacing cannot be reached (pace time = 5.15, actual time = 10.92).	[MsgId: MWAR-15995]
Warning: Iteration pacing cannot be reached (pace time = 4.19, actual time = 10.22).	[MsgId: MWAR-15995]
Warning: Iteration pacing cannot be reached (pace time = 5.33, actual time = 18.98).	[MsgId: MWAR-15995]
Warning: Iteration pacing cannot be reached (pace time = 4.35, actual time = 10.20).	[MsgId: MWAR-15995]
Warning: Iteration pacing cannot be reached (pace time = 5.32, actual time = 11.86).	[MsgId: MWAR-15995]
Warning: Iteration pacing cannot be reached (pace time = 4.42, actual time = 10.23).	[MsgId: MWAR-15995]
Warning: Iteration pacing cannot be reached (pace time = 5.10, actual time = 17.01).	[MsgId: MWAR-15995]
Warning: Iteration pacing cannot be reached (pace time = 5.32, actual time = 14.05).	[MsgId: MWAR-15995]
Warning: Iteration pacing cannot be reached (pace time = 4.47, actual time = 10.38).	[MsgId: MWAR-15995]
Warning: Iteration pacing cannot be reached (pace time = 5.07, actual time = 19.63).	[MsgId: MWAR-15995]
Warning: Iteration pacing cannot be reached (pace time = 4.29, actual time = 19.35).	[MsgId: MWAR-15995]
Warning: Iteration pacing cannot be reached (pace time = 5.51, actual time = 9.31).	[MsgId: MWAR-15995]
Warning: Iteration pacing cannot be reached (pace time = 5.96, actual time = 6.54).	[MsgId: MWAR-15995]
Warning: Iteration pacing cannot be reached (pace time = 6.00, actual time = 8.28).	[MsgId: MWAR-15995]
Warning: Iteration pacing cannot be reached (pace time = 5.99, actual time = 7.95).	[MsgId: MWAR-15995]
Warning: Iteration pacing cannot be reached (pace time = 4.14, actual time = 11.79).	[MsgId: MWAR-15995]
Warning: Iteration pacing cannot be reached (pace time = 5.37, actual time = 10.80).	[MsgId: MWAR-15995]
Warning: Iteration pacing cannot be reached (pace time = 4.61, actual time = 6.19).	[MsgId: MWAR-15995]
Warning: Iteration pacing cannot be reached (pace time = 5.20, actual time = 12.21).	[MsgId: MWAR-15995]
Warning: Iteration pacing cannot be reached (pace time = 4.79, actual time = 8.58).	[MsgId: MWAR-15995]
Warning: Iteration pacing cannot be reached (pace time = 4.18, actual time = 4.47).	[MsgId: MWAR-15995]
Warning: Iteration pacing cannot be reached (pace time = 4.39, actual time = 7.75).	[MsgId: MWAR-15995]
Warning: Iteration pacing cannot be reached (pace time = 5.32, actual time = 10.11).	[MsgId: MWAR-15995]
Warning: Iteration pacing cannot be reached (pace time = 5.96, actual time = 22.57).	[MsgId: MWAR-15995]
Warning: Iteration pacing cannot be reached (pace time = 5.13, actual time = 25.76).	[MsgId: MWAR-15995]
kaas_DocSearchHPES_Product_Context.c(9): Error -26608: HTTP Status-Code=504 (Gateway Timeout) for "https://hx9ekpvvbi.execute-api.us-east-1.amazonaws.com/KaaS-ITG/v2/search?q=HP Color LaserJet Enterprise flow MFP M88&resultLimit=20&resultStart=0&languageCode=en&countryCode=us&store=tmsstore&filters=(shallincludeinautosuggest:true%20AND%20class:(pm_series_value%5E2%20OR%20pm_name_value%20OR%20pm_number_value)%20AND%20contenttype:Product)"  	[MsgId: MERR-26608]
Warning: Iteration pacing cannot be reached (pace time = 5.83, actual time = 29.04).	[MsgId: MWAR-15995]
kaas_DocSearchHPES_Product_Context.c(9): Error -26608: HTTP Status-Code=504 (Gateway Timeout) for "https://hx9ekpvvbi.execute-api.us-east-1.amazonaws.com/KaaS-ITG/v2/search?q=N1V85PA&resultLimit=20&resultStart=0&languageCode=en&countryCode=us&store=tmsstore&filters=(shallincludeinautosuggest:true%20AND%20class:(pm_series_value%5E2%20OR%20pm_name_value%20OR%20pm_number_value)%20AND%20contenttype:Product)"  	[MsgId: MERR-26608]
Warning: Iteration pacing cannot be reached (pace time = 4.45, actual time = 29.04).	[MsgId: MWAR-15995]
kaas_DocSearchHPES_Product_Context.c(9): Error -26608: HTTP Status-Code=504 (Gateway Timeout) for "https://hx9ekpvvbi.execute-api.us-east-1.amazonaws.com/KaaS-ITG/v2/search?q=123725-126&resultLimit=20&resultStart=0&languageCode=en&countryCode=us&store=tmsstore&filters=(shallincludeinautosuggest:true%20AND%20class:(pm_series_value%5E2%20OR%20pm_name_value%20OR%20pm_number_value)%20AND%20contenttype:Product)"  	[MsgId: MERR-26608]
Warning: Iteration pacing cannot be reached (pace time = 4.99, actual time = 29.04).	[MsgId: MWAR-15995]
Warning: Iteration pacing cannot be reached (pace time = 4.07, actual time = 24.96).	[MsgId: MWAR-15995]
Warning: Iteration pacing cannot be reached (pace time = 5.70, actual time = 25.08).	[MsgId: MWAR-15995]
Warning: Iteration pacing cannot be reached (pace time = 4.40, actual time = 20.31).	[MsgId: MWAR-15995]
Warning: Iteration pacing cannot be reached (pace time = 5.80, actual time = 24.96).	[MsgId: MWAR-15995]
Warning: Iteration pacing cannot be reached (pace time = 5.21, actual time = 13.04).	[MsgId: MWAR-15995]
Warning: Iteration pacing cannot be reached (pace time = 5.91, actual time = 18.00).	[MsgId: MWAR-15995]
Warning: Iteration pacing cannot be reached (pace time = 4.21, actual time = 6.51).	[MsgId: MWAR-15995]
Warning: Iteration pacing cannot be reached (pace time = 4.21, actual time = 26.51).	[MsgId: MWAR-15995]
kaas_DocSearchHPES_Product_Context.c(9): Error -26608: HTTP Status-Code=504 (Gateway Timeout) for "https://hx9ekpvvbi.execute-api.us-east-1.amazonaws.com/KaaS-ITG/v2/search?q=Compaq Gaming Desktops&resultLimit=20&resultStart=0&languageCode=en&countryCode=us&store=tmsstore&filters=(shallincludeinautosuggest:true%20AND%20class:(pm_series_value%5E2%20OR%20pm_name_value%20OR%20pm_number_value)%20AND%20contenttype:Product)"  	[MsgId: MERR-26608]
Warning: Iteration pacing cannot be reached (pace time = 5.16, actual time = 29.05).	[MsgId: MWAR-15995]
kaas_DocSearchHPES_Product_Context.c(9): Error -26608: HTTP Status-Code=504 (Gateway Timeout) for "https://hx9ekpvvbi.execute-api.us-east-1.amazonaws.com/KaaS-ITG/v2/search?q=J8Z38ET&resultLimit=20&resultStart=0&languageCode=en&countryCode=us&store=tmsstore&filters=(shallincludeinautosuggest:true%20AND%20class:(pm_series_value%5E2%20OR%20pm_name_value%20OR%20pm_number_value)%20AND%20contenttype:Product)"  	[MsgId: MERR-26608]
Warning: Iteration pacing cannot be reached (pace time = 5.19, actual time = 29.04).	[MsgId: MWAR-15995]
kaas_DocSearchHPES_Product_Context.c(9): Error -26608: HTTP Status-Code=504 (Gateway Timeout) for "https://hx9ekpvvbi.execute-api.us-east-1.amazonaws.com/KaaS-ITG/v2/search?q=officejet 4630&resultLimit=20&resultStart=0&languageCode=en&countryCode=us&store=tmsstore&filters=(shallincludeinautosuggest:true%20AND%20class:(pm_series_value%5E2%20OR%20pm_name_value%20OR%20pm_number_value)%20AND%20contenttype:Product)"  	[MsgId: MERR-26608]
Warning: Iteration pacing cannot be reached (pace time = 4.22, actual time = 29.05).	[MsgId: MWAR-15995]
kaas_DocSearchHPES_Product_Context.c(9): Error -26608: HTTP Status-Code=504 (Gateway Timeout) for "https://hx9ekpvvbi.execute-api.us-east-1.amazonaws.com/KaaS-ITG/v2/search?q=HP Classmate Notebooks&resultLimit=20&resultStart=0&languageCode=en&countryCode=us&store=tmsstore&filters=(shallincludeinautosuggest:true%20AND%20class:(pm_series_value%5E2%20OR%20pm_name_value%20OR%20pm_number_value)%20AND%20contenttype:Product)"  	[MsgId: MERR-26608]
Warning: Iteration pacing cannot be reached (pace time = 4.27, actual time = 29.04).	[MsgId: MWAR-15995]
kaas_DocSearchHPES_Product_Context.c(9): Error -26608: HTTP Status-Code=504 (Gateway Timeout) for "https://hx9ekpvvbi.execute-api.us-east-1.amazonaws.com/KaaS-ITG/v2/search?q=HP Photosmart Printer Models A100 to A999&resultLimit=20&resultStart=0&languageCode=en&countryCode=us&store=tmsstore&filters=(shallincludeinautosuggest:true%20AND%20class:(pm_series_value%5E2%20OR%20pm_name_value%20OR%20pm_number_value)%20AND%20contenttype:Product)"  	[MsgId: MERR-26608]
Warning: Iteration pacing cannot be reached (pace time = 5.80, actual time = 29.04).	[MsgId: MWAR-15995]
Warning: Iteration pacing cannot be reached (pace time = 5.05, actual time = 20.48).	[MsgId: MWAR-15995]
Warning: Iteration pacing cannot be reached (pace time = 5.51, actual time = 15.33).	[MsgId: MWAR-15995]
Warning: Iteration pacing cannot be reached (pace time = 4.62, actual time = 10.22).	[MsgId: MWAR-15995]
Warning: Iteration pacing cannot be reached (pace time = 5.93, actual time = 15.91).	[MsgId: MWAR-15995]
kaas_DocSearchHPES_Product_Context.c(9): Error -26608: HTTP Status-Code=504 (Gateway Timeout) for "https://hx9ekpvvbi.execute-api.us-east-1.amazonaws.com/KaaS-ITG/v2/search?q=envy dv6&resultLimit=20&resultStart=0&languageCode=en&countryCode=us&store=tmsstore&filters=(shallincludeinautosuggest:true%20AND%20class:(pm_series_value%5E2%20OR%20pm_name_value%20OR%20pm_number_value)%20AND%20contenttype:Product)"  	[MsgId: MERR-26608]
Warning: Iteration pacing cannot be reached (pace time = 5.03, actual time = 29.04).	[MsgId: MWAR-15995]
kaas_DocSearchHPES_Product_Context.c(9): Error -26608: HTTP Status-Code=504 (Gateway Timeout) for "https://hx9ekpvvbi.execute-api.us-east-1.amazonaws.com/KaaS-ITG/v2/search?q=J8Z38ET&resultLimit=20&resultStart=0&languageCode=en&countryCode=us&store=tmsstore&filters=(shallincludeinautosuggest:true%20AND%20class:(pm_series_value%5E2%20OR%20pm_name_value%20OR%20pm_number_value)%20AND%20contenttype:Product)"  	[MsgId: MERR-26608]
Warning: Iteration pacing cannot be reached (pace time = 4.50, actual time = 29.07).	[MsgId: MWAR-15995]
kaas_DocSearchHPES_Product_Context.c(9): Error -26608: HTTP Status-Code=504 (Gateway Timeout) for "https://hx9ekpvvbi.execute-api.us-east-1.amazonaws.com/KaaS-ITG/v2/search?q=HP Deskjet Ink Advantage Printers&resultLimit=20&resultStart=0&languageCode=en&countryCode=us&store=tmsstore&filters=(shallincludeinautosuggest:true%20AND%20class:(pm_series_value%5E2%20OR%20pm_name_value%20OR%20pm_number_value)%20AND%20contenttype:Product)"  	[MsgId: MERR-26608]
Warning: Iteration pacing cannot be reached (pace time = 5.25, actual time = 29.04).	[MsgId: MWAR-15995]
kaas_DocSearchHPES_Product_Context.c(9): Error -26608: HTTP Status-Code=504 (Gateway Timeout) for "https://hx9ekpvvbi.execute-api.us-east-1.amazonaws.com/KaaS-ITG/v2/search?q=470001-647&resultLimit=20&resultStart=0&languageCode=en&countryCode=us&store=tmsstore&filters=(shallincludeinautosuggest:true%20AND%20class:(pm_series_value%5E2%20OR%20pm_name_value%20OR%20pm_number_value)%20AND%20contenttype:Product)"  	[MsgId: MERR-26608]
Warning: Iteration pacing cannot be reached (pace time = 5.79, actual time = 29.05).	[MsgId: MWAR-15995]
kaas_DocSearchHPES_Product_Context.c(9): Error -26608: HTTP Status-Code=504 (Gateway Timeout) for "https://hx9ekpvvbi.execute-api.us-east-1.amazonaws.com/KaaS-ITG/v2/search?q=HP Photosmart Printer Models B1000 to B9999&resultLimit=20&resultStart=0&languageCode=en&countryCode=us&store=tmsstore&filters=(shallincludeinautosuggest:true%20AND%20class:(pm_series_value%5E2%20OR%20pm_name_value%20OR%20pm_number_value)%20AND%20contenttype:Product)"  	[MsgId: MERR-26608]
Warning: Iteration pacing cannot be reached (pace time = 5.22, actual time = 29.04).	[MsgId: MWAR-15995]
Warning: Iteration pacing cannot be reached (pace time = 4.87, actual time = 14.58).	[MsgId: MWAR-15995]
Warning: Iteration pacing cannot be reached (pace time = 5.23, actual time = 27.50).	[MsgId: MWAR-15995]
Warning: Iteration pacing cannot be reached (pace time = 4.86, actual time = 23.10).	[MsgId: MWAR-15995]
Warning: Iteration pacing cannot be reached (pace time = 4.73, actual time = 28.59).	[MsgId: MWAR-15995]
Warning: Iteration pacing cannot be reached (pace time = 4.24, actual time = 13.60).	[MsgId: MWAR-15995]
Warning: Iteration pacing cannot be reached (pace time = 5.81, actual time = 16.65).	[MsgId: MWAR-15995]
Warning: Iteration pacing cannot be reached (pace time = 4.12, actual time = 15.89).	[MsgId: MWAR-15995]
Warning: Iteration pacing cannot be reached (pace time = 5.42, actual time = 18.39).	[MsgId: MWAR-15995]
Warning: Iteration pacing cannot be reached (pace time = 4.98, actual time = 12.87).	[MsgId: MWAR-15995]
Warning: Iteration pacing cannot be reached (pace time = 4.24, actual time = 19.14).	[MsgId: MWAR-15995]
Warning: Iteration pacing cannot be reached (pace time = 5.82, actual time = 15.55).	[MsgId: MWAR-15995]
Warning: Iteration pacing cannot be reached (pace time = 4.84, actual time = 14.24).	[MsgId: MWAR-15995]
Warning: Iteration pacing cannot be reached (pace time = 5.78, actual time = 12.40).	[MsgId: MWAR-15995]
Warning: Iteration pacing cannot be reached (pace time = 4.28, actual time = 15.56).	[MsgId: MWAR-15995]
Warning: Iteration pacing cannot be reached (pace time = 4.73, actual time = 12.53).	[MsgId: MWAR-15995]
Warning: Iteration pacing cannot be reached (pace time = 4.14, actual time = 28.55).	[MsgId: MWAR-15995]
Warning: Iteration pacing cannot be reached (pace time = 4.02, actual time = 9.65).	[MsgId: MWAR-15995]
Warning: Iteration pacing cannot be reached (pace time = 5.23, actual time = 8.47).	[MsgId: MWAR-15995]
Warning: Iteration pacing cannot be reached (pace time = 4.43, actual time = 8.36).	[MsgId: MWAR-15995]
Warning: Iteration pacing cannot be reached (pace time = 4.65, actual time = 9.57).	[MsgId: MWAR-15995]
Warning: Iteration pacing cannot be reached (pace time = 5.89, actual time = 7.48).	[MsgId: MWAR-15995]
Warning: Iteration pacing cannot be reached (pace time = 5.42, actual time = 9.63).	[MsgId: MWAR-15995]
Warning: Iteration pacing cannot be reached (pace time = 5.49, actual time = 13.24).	[MsgId: MWAR-15995]
Warning: Iteration pacing cannot be reached (pace time = 4.65, actual time = 4.66).	[MsgId: MWAR-15995]
Warning: Iteration pacing cannot be reached (pace time = 4.17, actual time = 4.78).	[MsgId: MWAR-15995]
Warning: Iteration pacing cannot be reached (pace time = 4.98, actual time = 5.99).	[MsgId: MWAR-15995]
Warning: Iteration pacing cannot be reached (pace time = 5.13, actual time = 14.88).	[MsgId: MWAR-15995]
Warning: Iteration pacing cannot be reached (pace time = 5.87, actual time = 14.57).	[MsgId: MWAR-15995]
Warning: Iteration pacing cannot be reached (pace time = 4.66, actual time = 10.16).	[MsgId: MWAR-15995]
Warning: Iteration pacing cannot be reached (pace time = 5.59, actual time = 14.03).	[MsgId: MWAR-15995]
Warning: Iteration pacing cannot be reached (pace time = 5.71, actual time = 12.76).	[MsgId: MWAR-15995]
Warning: Iteration pacing cannot be reached (pace time = 5.17, actual time = 19.78).	[MsgId: MWAR-15995]
Warning: Iteration pacing cannot be reached (pace time = 5.57, actual time = 20.20).	[MsgId: MWAR-15995]
Warning: Iteration pacing cannot be reached (pace time = 4.30, actual time = 21.48).	[MsgId: MWAR-15995]
Warning: Iteration pacing cannot be reached (pace time = 4.69, actual time = 15.09).	[MsgId: MWAR-15995]
Warning: Iteration pacing cannot be reached (pace time = 5.92, actual time = 12.20).	[MsgId: MWAR-15995]
Warning: Iteration pacing cannot be reached (pace time = 4.72, actual time = 15.52).	[MsgId: MWAR-15995]
Warning: Iteration pacing cannot be reached (pace time = 5.06, actual time = 14.77).	[MsgId: MWAR-15995]
Warning: Iteration pacing cannot be reached (pace time = 5.23, actual time = 6.31).	[MsgId: MWAR-15995]
Warning: Iteration pacing cannot be reached (pace time = 5.72, actual time = 14.38).	[MsgId: MWAR-15995]
Warning: Iteration pacing cannot be reached (pace time = 5.47, actual time = 8.92).	[MsgId: MWAR-15995]
Warning: Iteration pacing cannot be reached (pace time = 4.46, actual time = 15.88).	[MsgId: MWAR-15995]
Warning: Iteration pacing cannot be reached (pace time = 4.73, actual time = 16.34).	[MsgId: MWAR-15995]
Warning: Iteration pacing cannot be reached (pace time = 4.09, actual time = 8.88).	[MsgId: MWAR-15995]
Warning: Iteration pacing cannot be reached (pace time = 5.99, actual time = 16.85).	[MsgId: MWAR-15995]
Warning: Iteration pacing cannot be reached (pace time = 5.70, actual time = 14.17).	[MsgId: MWAR-15995]
Warning: Iteration pacing cannot be reached (pace time = 5.95, actual time = 11.29).	[MsgId: MWAR-15995]
Warning: Iteration pacing cannot be reached (pace time = 5.89, actual time = 9.98).	[MsgId: MWAR-15995]
Warning: Iteration pacing cannot be reached (pace time = 4.49, actual time = 7.86).	[MsgId: MWAR-15995]
Warning: Iteration pacing cannot be reached (pace time = 5.42, actual time = 5.65).	[MsgId: MWAR-15995]
Warning: Iteration pacing cannot be reached (pace time = 5.43, actual time = 13.97).	[MsgId: MWAR-15995]
Warning: Iteration pacing cannot be reached (pace time = 4.32, actual time = 10.08).	[MsgId: MWAR-15995]
Warning: Iteration pacing cannot be reached (pace time = 5.11, actual time = 12.94).	[MsgId: MWAR-15995]
Warning: Iteration pacing cannot be reached (pace time = 4.93, actual time = 16.88).	[MsgId: MWAR-15995]
Warning: Iteration pacing cannot be reached (pace time = 4.55, actual time = 7.74).	[MsgId: MWAR-15995]
Warning: Iteration pacing cannot be reached (pace time = 4.36, actual time = 6.59).	[MsgId: MWAR-15995]
Warning: Iteration pacing cannot be reached (pace time = 4.67, actual time = 5.50).	[MsgId: MWAR-15995]
Warning: Iteration pacing cannot be reached (pace time = 4.35, actual time = 5.83).	[MsgId: MWAR-15995]
Warning: Iteration pacing cannot be reached (pace time = 5.34, actual time = 11.34).	[MsgId: MWAR-15995]
Warning: Iteration pacing cannot be reached (pace time = 5.37, actual time = 9.16).	[MsgId: MWAR-15995]
Warning: Iteration pacing cannot be reached (pace time = 5.27, actual time = 8.13).	[MsgId: MWAR-15995]
Warning: Iteration pacing cannot be reached (pace time = 5.73, actual time = 8.78).	[MsgId: MWAR-15995]
Warning: Iteration pacing cannot be reached (pace time = 5.42, actual time = 8.66).	[MsgId: MWAR-15995]
Warning: Iteration pacing cannot be reached (pace time = 4.63, actual time = 14.03).	[MsgId: MWAR-15995]
Warning: Iteration pacing cannot be reached (pace time = 5.76, actual time = 6.32).	[MsgId: MWAR-15995]
Warning: Iteration pacing cannot be reached (pace time = 4.63, actual time = 5.79).	[MsgId: MWAR-15995]
Warning: Iteration pacing cannot be reached (pace time = 5.12, actual time = 6.29).	[MsgId: MWAR-15995]
Warning: Iteration pacing cannot be reached (pace time = 4.97, actual time = 7.16).	[MsgId: MWAR-15995]
Warning: Iteration pacing cannot be reached (pace time = 5.53, actual time = 7.68).	[MsgId: MWAR-15995]
Warning: Iteration pacing cannot be reached (pace time = 4.96, actual time = 7.32).	[MsgId: MWAR-15995]
Warning: Iteration pacing cannot be reached (pace time = 4.88, actual time = 5.24).	[MsgId: MWAR-15995]
Warning: Iteration pacing cannot be reached (pace time = 4.71, actual time = 7.67).	[MsgId: MWAR-15995]
Warning: Iteration pacing cannot be reached (pace time = 4.30, actual time = 5.69).	[MsgId: MWAR-15995]
Warning: Iteration pacing cannot be reached (pace time = 4.82, actual time = 5.69).	[MsgId: MWAR-15995]
Warning: Iteration pacing cannot be reached (pace time = 4.75, actual time = 6.90).	[MsgId: MWAR-15995]
Warning: Iteration pacing cannot be reached (pace time = 4.44, actual time = 8.12).	[MsgId: MWAR-15995]
Warning: Iteration pacing cannot be reached (pace time = 4.26, actual time = 11.90).	[MsgId: MWAR-15995]
Warning: Iteration pacing cannot be reached (pace time = 4.49, actual time = 12.60).	[MsgId: MWAR-15995]
Warning: Iteration pacing cannot be reached (pace time = 4.18, actual time = 8.57).	[MsgId: MWAR-15995]
Warning: Iteration pacing cannot be reached (pace time = 4.94, actual time = 6.47).	[MsgId: MWAR-15995]
Warning: Iteration pacing cannot be reached (pace time = 5.36, actual time = 16.49).	[MsgId: MWAR-15995]
Warning: Iteration pacing cannot be reached (pace time = 5.68, actual time = 18.38).	[MsgId: MWAR-15995]
Warning: Iteration pacing cannot be reached (pace time = 5.64, actual time = 9.05).	[MsgId: MWAR-15995]
Warning: Iteration pacing cannot be reached (pace time = 4.60, actual time = 10.51).	[MsgId: MWAR-15995]
Warning: Iteration pacing cannot be reached (pace time = 4.60, actual time = 14.87).	[MsgId: MWAR-15995]
Warning: Iteration pacing cannot be reached (pace time = 5.01, actual time = 12.83).	[MsgId: MWAR-15995]
Warning: Iteration pacing cannot be reached (pace time = 4.03, actual time = 13.21).	[MsgId: MWAR-15995]
Warning: Iteration pacing cannot be reached (pace time = 5.12, actual time = 15.25).	[MsgId: MWAR-15995]
Warning: Iteration pacing cannot be reached (pace time = 5.69, actual time = 13.48).	[MsgId: MWAR-15995]
Warning: Iteration pacing cannot be reached (pace time = 5.30, actual time = 9.48).	[MsgId: MWAR-15995]
Warning: Iteration pacing cannot be reached (pace time = 4.85, actual time = 15.72).	[MsgId: MWAR-15995]
Warning: Iteration pacing cannot be reached (pace time = 5.71, actual time = 7.91).	[MsgId: MWAR-15995]
Warning: Iteration pacing cannot be reached (pace time = 5.48, actual time = 22.55).	[MsgId: MWAR-15995]
Warning: Iteration pacing cannot be reached (pace time = 5.57, actual time = 13.36).	[MsgId: MWAR-15995]
Warning: Iteration pacing cannot be reached (pace time = 4.00, actual time = 26.52).	[MsgId: MWAR-15995]
Warning: Iteration pacing cannot be reached (pace time = 5.48, actual time = 11.04).	[MsgId: MWAR-15995]
Warning: Iteration pacing cannot be reached (pace time = 4.62, actual time = 23.09).	[MsgId: MWAR-15995]
Warning: Iteration pacing cannot be reached (pace time = 5.16, actual time = 16.90).	[MsgId: MWAR-15995]
Warning: Iteration pacing cannot be reached (pace time = 5.15, actual time = 21.38).	[MsgId: MWAR-15995]
Warning: Iteration pacing cannot be reached (pace time = 5.62, actual time = 12.74).	[MsgId: MWAR-15995]
Warning: Iteration pacing cannot be reached (pace time = 5.34, actual time = 18.81).	[MsgId: MWAR-15995]
Warning: Iteration pacing cannot be reached (pace time = 4.61, actual time = 14.79).	[MsgId: MWAR-15995]
kaas_DocSearchHPES_Product_Context.c(9): Error -26608: HTTP Status-Code=504 (Gateway Timeout) for "https://hx9ekpvvbi.execute-api.us-east-1.amazonaws.com/KaaS-ITG/v2/search?q=HP Pavilion All-in-One Desktops&resultLimit=20&resultStart=0&languageCode=en&countryCode=us&store=tmsstore&filters=(shallincludeinautosuggest:true%20AND%20class:(pm_series_value%5E2%20OR%20pm_name_value%20OR%20pm_number_value)%20AND%20contenttype:Product)"  	[MsgId: MERR-26608]
Warning: Iteration pacing cannot be reached (pace time = 5.99, actual time = 29.04).	[MsgId: MWAR-15995]
Warning: Iteration pacing cannot be reached (pace time = 4.78, actual time = 19.31).	[MsgId: MWAR-15995]
Warning: Iteration pacing cannot be reached (pace time = 5.81, actual time = 22.11).	[MsgId: MWAR-15995]
Warning: Iteration pacing cannot be reached (pace time = 4.61, actual time = 19.32).	[MsgId: MWAR-15995]
Warning: Iteration pacing cannot be reached (pace time = 5.42, actual time = 14.56).	[MsgId: MWAR-15995]
Warning: Iteration pacing cannot be reached (pace time = 5.35, actual time = 20.41).	[MsgId: MWAR-15995]
Warning: Iteration pacing cannot be reached (pace time = 5.46, actual time = 28.89).	[MsgId: MWAR-15995]
Warning: Iteration pacing cannot be reached (pace time = 5.97, actual time = 20.77).	[MsgId: MWAR-15995]
Warning: Iteration pacing cannot be reached (pace time = 4.06, actual time = 24.41).	[MsgId: MWAR-15995]
Warning: Iteration pacing cannot be reached (pace time = 4.86, actual time = 18.47).	[MsgId: MWAR-15995]
Warning: Iteration pacing cannot be reached (pace time = 4.95, actual time = 12.22).	[MsgId: MWAR-15995]
Warning: Iteration pacing cannot be reached (pace time = 5.91, actual time = 16.41).	[MsgId: MWAR-15995]
Warning: Iteration pacing cannot be reached (pace time = 5.30, actual time = 27.55).	[MsgId: MWAR-15995]
Warning: Iteration pacing cannot be reached (pace time = 5.62, actual time = 16.91).	[MsgId: MWAR-15995]
Warning: Iteration pacing cannot be reached (pace time = 5.71, actual time = 24.03).	[MsgId: MWAR-15995]
Warning: Iteration pacing cannot be reached (pace time = 4.87, actual time = 14.09).	[MsgId: MWAR-15995]
Warning: Iteration pacing cannot be reached (pace time = 4.24, actual time = 4.30).	[MsgId: MWAR-15995]
Warning: Iteration pacing cannot be reached (pace time = 4.81, actual time = 10.32).	[MsgId: MWAR-15995]
Warning: Iteration pacing cannot be reached (pace time = 4.15, actual time = 10.22).	[MsgId: MWAR-15995]
Warning: Iteration pacing cannot be reached (pace time = 5.17, actual time = 6.85).	[MsgId: MWAR-15995]
Warning: Iteration pacing cannot be reached (pace time = 4.45, actual time = 15.52).	[MsgId: MWAR-15995]
Warning: Iteration pacing cannot be reached (pace time = 5.24, actual time = 7.72).	[MsgId: MWAR-15995]
Warning: Iteration pacing cannot be reached (pace time = 4.98, actual time = 13.30).	[MsgId: MWAR-15995]
Warning: Iteration pacing cannot be reached (pace time = 5.92, actual time = 6.91).	[MsgId: MWAR-15995]
Warning: Iteration pacing cannot be reached (pace time = 5.84, actual time = 7.31).	[MsgId: MWAR-15995]
Warning: Iteration pacing cannot be reached (pace time = 5.38, actual time = 13.78).	[MsgId: MWAR-15995]
Warning: Iteration pacing cannot be reached (pace time = 4.23, actual time = 21.78).	[MsgId: MWAR-15995]
Warning: Iteration pacing cannot be reached (pace time = 5.79, actual time = 24.49).	[MsgId: MWAR-15995]
Warning: Iteration pacing cannot be reached (pace time = 5.95, actual time = 15.91).	[MsgId: MWAR-15995]
Warning: Iteration pacing cannot be reached (pace time = 4.74, actual time = 16.86).	[MsgId: MWAR-15995]
Warning: Iteration pacing cannot be reached (pace time = 4.53, actual time = 15.44).	[MsgId: MWAR-15995]
Warning: Iteration pacing cannot be reached (pace time = 5.34, actual time = 14.99).	[MsgId: MWAR-15995]
Warning: Iteration pacing cannot be reached (pace time = 4.85, actual time = 8.34).	[MsgId: MWAR-15995]
Warning: Iteration pacing cannot be reached (pace time = 5.11, actual time = 12.06).	[MsgId: MWAR-15995]
Warning: Iteration pacing cannot be reached (pace time = 4.37, actual time = 12.91).	[MsgId: MWAR-15995]
Warning: Iteration pacing cannot be reached (pace time = 4.33, actual time = 6.68).	[MsgId: MWAR-15995]
Warning: Iteration pacing cannot be reached (pace time = 5.34, actual time = 7.09).	[MsgId: MWAR-15995]
Warning: Iteration pacing cannot be reached (pace time = 4.08, actual time = 13.58).	[MsgId: MWAR-15995]
Warning: Iteration pacing cannot be reached (pace time = 5.13, actual time = 9.03).	[MsgId: MWAR-15995]
Warning: Iteration pacing cannot be reached (pace time = 4.03, actual time = 13.76).	[MsgId: MWAR-15995]
Warning: Iteration pacing cannot be reached (pace time = 5.23, actual time = 8.55).	[MsgId: MWAR-15995]
Warning: Iteration pacing cannot be reached (pace time = 5.50, actual time = 14.96).	[MsgId: MWAR-15995]
Warning: Iteration pacing cannot be reached (pace time = 4.03, actual time = 9.43).	[MsgId: MWAR-15995]
Warning: Iteration pacing cannot be reached (pace time = 4.21, actual time = 7.80).	[MsgId: MWAR-15995]
Warning: Iteration pacing cannot be reached (pace time = 5.33, actual time = 9.65).	[MsgId: MWAR-15995]
Warning: Iteration pacing cannot be reached (pace time = 4.91, actual time = 6.57).	[MsgId: MWAR-15995]
Warning: Iteration pacing cannot be reached (pace time = 5.38, actual time = 14.77).	[MsgId: MWAR-15995]
Warning: Iteration pacing cannot be reached (pace time = 5.30, actual time = 8.78).	[MsgId: MWAR-15995]
Warning: Iteration pacing cannot be reached (pace time = 5.25, actual time = 5.97).	[MsgId: MWAR-15995]
Warning: Iteration pacing cannot be reached (pace time = 4.88, actual time = 7.88).	[MsgId: MWAR-15995]
Warning: Iteration pacing cannot be reached (pace time = 5.97, actual time = 9.27).	[MsgId: MWAR-15995]
Warning: Iteration pacing cannot be reached (pace time = 5.06, actual time = 6.70).	[MsgId: MWAR-15995]
Warning: Iteration pacing cannot be reached (pace time = 4.64, actual time = 6.58).	[MsgId: MWAR-15995]
Warning: Iteration pacing cannot be reached (pace time = 5.46, actual time = 9.24).	[MsgId: MWAR-15995]
Warning: Iteration pacing cannot be reached (pace time = 4.26, actual time = 10.11).	[MsgId: MWAR-15995]
Warning: Iteration pacing cannot be reached (pace time = 4.46, actual time = 14.23).	[MsgId: MWAR-15995]
Warning: Iteration pacing cannot be reached (pace time = 4.84, actual time = 14.20).	[MsgId: MWAR-15995]
Warning: Iteration pacing cannot be reached (pace time = 4.88, actual time = 10.58).	[MsgId: MWAR-15995]
Warning: Iteration pacing cannot be reached (pace time = 5.17, actual time = 10.72).	[MsgId: MWAR-15995]
Warning: Iteration pacing cannot be reached (pace time = 4.55, actual time = 12.91).	[MsgId: MWAR-15995]
Warning: Iteration pacing cannot be reached (pace time = 4.73, actual time = 6.92).	[MsgId: MWAR-15995]
Warning: Iteration pacing cannot be reached (pace time = 5.47, actual time = 6.96).	[MsgId: MWAR-15995]
Warning: Iteration pacing cannot be reached (pace time = 4.95, actual time = 6.02).	[MsgId: MWAR-15995]
Warning: Iteration pacing cannot be reached (pace time = 5.16, actual time = 6.42).	[MsgId: MWAR-15995]
Warning: Iteration pacing cannot be reached (pace time = 5.72, actual time = 7.83).	[MsgId: MWAR-15995]
Warning: Iteration pacing cannot be reached (pace time = 5.55, actual time = 6.36).	[MsgId: MWAR-15995]
Warning: Iteration pacing cannot be reached (pace time = 4.42, actual time = 9.18).	[MsgId: MWAR-15995]
Warning: Iteration pacing cannot be reached (pace time = 4.56, actual time = 10.05).	[MsgId: MWAR-15995]
Warning: Iteration pacing cannot be reached (pace time = 4.24, actual time = 4.39).	[MsgId: MWAR-15995]
Warning: Iteration pacing cannot be reached (pace time = 4.48, actual time = 9.85).	[MsgId: MWAR-15995]
Warning: Iteration pacing cannot be reached (pace time = 5.37, actual time = 12.26).	[MsgId: MWAR-15995]
Warning: Iteration pacing cannot be reached (pace time = 5.70, actual time = 8.93).	[MsgId: MWAR-15995]
Warning: Iteration pacing cannot be reached (pace time = 5.59, actual time = 10.19).	[MsgId: MWAR-15995]
Warning: Iteration pacing cannot be reached (pace time = 5.31, actual time = 8.79).	[MsgId: MWAR-15995]
Warning: Iteration pacing cannot be reached (pace time = 4.04, actual time = 8.41).	[MsgId: MWAR-15995]
Warning: Iteration pacing cannot be reached (pace time = 4.82, actual time = 9.17).	[MsgId: MWAR-15995]
kaas_DocSearchHPES_Product_Context.c(9): Error -26608: HTTP Status-Code=504 (Gateway Timeout) for "https://hx9ekpvvbi.execute-api.us-east-1.amazonaws.com/KaaS-ITG/v2/search?q=envy dv6&resultLimit=20&resultStart=0&languageCode=en&countryCode=us&store=tmsstore&filters=(shallincludeinautosuggest:true%20AND%20class:(pm_series_value%5E2%20OR%20pm_name_value%20OR%20pm_number_value)%20AND%20contenttype:Product)"  	[MsgId: MERR-26608]
Warning: Iteration pacing cannot be reached (pace time = 4.62, actual time = 29.04).	[MsgId: MWAR-15995]
kaas_DocSearchHPES_Product_Context.c(9): Error -26608: HTTP Status-Code=504 (Gateway Timeout) for "https://hx9ekpvvbi.execute-api.us-east-1.amazonaws.com/KaaS-ITG/v2/search?q=hp 2159m&resultLimit=20&resultStart=0&languageCode=en&countryCode=us&store=tmsstore&filters=(shallincludeinautosuggest:true%20AND%20class:(pm_series_value%5E2%20OR%20pm_name_value%20OR%20pm_number_value)%20AND%20contenttype:Product)"  	[MsgId: MERR-26608]
Warning: Iteration pacing cannot be reached (pace time = 5.54, actual time = 29.05).	[MsgId: MWAR-15995]
kaas_DocSearchHPES_Product_Context.c(9): Error -26608: HTTP Status-Code=504 (Gateway Timeout) for "https://hx9ekpvvbi.execute-api.us-east-1.amazonaws.com/KaaS-ITG/v2/search?q=470001-647&resultLimit=20&resultStart=0&languageCode=en&countryCode=us&store=tmsstore&filters=(shallincludeinautosuggest:true%20AND%20class:(pm_series_value%5E2%20OR%20pm_name_value%20OR%20pm_number_value)%20AND%20contenttype:Product)"  	[MsgId: MERR-26608]
Warning: Iteration pacing cannot be reached (pace time = 4.61, actual time = 29.04).	[MsgId: MWAR-15995]
kaas_DocSearchHPES_Product_Context.c(9): Error -26608: HTTP Status-Code=504 (Gateway Timeout) for "https://hx9ekpvvbi.execute-api.us-east-1.amazonaws.com/KaaS-ITG/v2/search?q=HP Color LaserJet Enterprise flow MFP M8&resultLimit=20&resultStart=0&languageCode=en&countryCode=us&store=tmsstore&filters=(shallincludeinautosuggest:true%20AND%20class:(pm_series_value%5E2%20OR%20pm_name_value%20OR%20pm_number_value)%20AND%20contenttype:Product)"  	[MsgId: MERR-26608]
Warning: Iteration pacing cannot be reached (pace time = 4.75, actual time = 29.04).	[MsgId: MWAR-15995]
kaas_DocSearchHPES_Product_Context.c(9): Error -26608: HTTP Status-Code=504 (Gateway Timeout) for "https://hx9ekpvvbi.execute-api.us-east-1.amazonaws.com/KaaS-ITG/v2/search?q=HP Pavilion All-in-One Desktops&resultLimit=20&resultStart=0&languageCode=en&countryCode=us&store=tmsstore&filters=(shallincludeinautosuggest:true%20AND%20class:(pm_series_value%5E2%20OR%20pm_name_value%20OR%20pm_number_value)%20AND%20contenttype:Product)"  	[MsgId: MERR-26608]
Warning: Iteration pacing cannot be reached (pace time = 5.66, actual time = 29.05).	[MsgId: MWAR-15995]
Warning: Iteration pacing cannot be reached (pace time = 4.33, actual time = 28.09).	[MsgId: MWAR-15995]
Warning: Iteration pacing cannot be reached (pace time = 4.65, actual time = 27.44).	[MsgId: MWAR-15995]
Warning: Iteration pacing cannot be reached (pace time = 4.39, actual time = 28.72).	[MsgId: MWAR-15995]
Warning: Iteration pacing cannot be reached (pace time = 5.78, actual time = 7.55).	[MsgId: MWAR-15995]
Warning: Iteration pacing cannot be reached (pace time = 5.18, actual time = 28.08).	[MsgId: MWAR-15995]
Warning: Iteration pacing cannot be reached (pace time = 4.69, actual time = 20.26).	[MsgId: MWAR-15995]
Warning: Iteration pacing cannot be reached (pace time = 5.21, actual time = 27.18).	[MsgId: MWAR-15995]
Warning: Iteration pacing cannot be reached (pace time = 5.76, actual time = 28.97).	[MsgId: MWAR-15995]
Warning: Iteration pacing cannot be reached (pace time = 4.17, actual time = 27.35).	[MsgId: MWAR-15995]
Warning: Iteration pacing cannot be reached (pace time = 5.57, actual time = 9.30).	[MsgId: MWAR-15995]
Warning: Iteration pacing cannot be reached (pace time = 5.75, actual time = 25.17).	[MsgId: MWAR-15995]
Warning: Iteration pacing cannot be reached (pace time = 5.16, actual time = 23.44).	[MsgId: MWAR-15995]
Warning: Iteration pacing cannot be reached (pace time = 4.08, actual time = 9.50).	[MsgId: MWAR-15995]
Warning: Iteration pacing cannot be reached (pace time = 4.12, actual time = 23.76).	[MsgId: MWAR-15995]
Warning: Iteration pacing cannot be reached (pace time = 4.25, actual time = 24.13).	[MsgId: MWAR-15995]
Warning: Iteration pacing cannot be reached (pace time = 4.69, actual time = 22.26).	[MsgId: MWAR-15995]
kaas_DocSearchHPES_Product_Context.c(9): Error -26608: HTTP Status-Code=504 (Gateway Timeout) for "https://hx9ekpvvbi.execute-api.us-east-1.amazonaws.com/KaaS-ITG/v2/search?q=d268&resultLimit=20&resultStart=0&languageCode=en&countryCode=us&store=tmsstore&filters=(shallincludeinautosuggest:true%20AND%20class:(pm_series_value%5E2%20OR%20pm_name_value%20OR%20pm_number_value)%20AND%20contenttype:Product)"  	[MsgId: MERR-26608]
Warning: Iteration pacing cannot be reached (pace time = 4.05, actual time = 29.04).	[MsgId: MWAR-15995]
kaas_DocSearchHPES_Product_Context.c(9): Error -26608: HTTP Status-Code=504 (Gateway Timeout) for "https://hx9ekpvvbi.execute-api.us-east-1.amazonaws.com/KaaS-ITG/v2/search?q=470001-647&resultLimit=20&resultStart=0&languageCode=en&countryCode=us&store=tmsstore&filters=(shallincludeinautosuggest:true%20AND%20class:(pm_series_value%5E2%20OR%20pm_name_value%20OR%20pm_number_value)%20AND%20contenttype:Product)"  	[MsgId: MERR-26608]
Warning: Iteration pacing cannot be reached (pace time = 5.14, actual time = 29.04).	[MsgId: MWAR-15995]
kaas_DocSearchHPES_Product_Context.c(9): Error -26608: HTTP Status-Code=504 (Gateway Timeout) for "https://hx9ekpvvbi.execute-api.us-east-1.amazonaws.com/KaaS-ITG/v2/search?q=Compaq Deskpro Desktops&resultLimit=20&resultStart=0&languageCode=en&countryCode=us&store=tmsstore&filters=(shallincludeinautosuggest:true%20AND%20class:(pm_series_value%5E2%20OR%20pm_name_value%20OR%20pm_number_value)%20AND%20contenttype:Product)"  	[MsgId: MERR-26608]
Warning: Iteration pacing cannot be reached (pace time = 5.41, actual time = 29.04).	[MsgId: MWAR-15995]
kaas_DocSearchHPES_Product_Context.c(9): Error -26608: HTTP Status-Code=504 (Gateway Timeout) for "https://hx9ekpvvbi.execute-api.us-east-1.amazonaws.com/KaaS-ITG/v2/search?q=HP Pavilion Desktop Models 100 to 999&resultLimit=20&resultStart=0&languageCode=en&countryCode=us&store=tmsstore&filters=(shallincludeinautosuggest:true%20AND%20class:(pm_series_value%5E2%20OR%20pm_name_value%20OR%20pm_number_value)%20AND%20contenttype:Product)"  	[MsgId: MERR-26608]
Warning: Iteration pacing cannot be reached (pace time = 4.91, actual time = 29.04).	[MsgId: MWAR-15995]
kaas_DocSearchHPES_Product_Context.c(9): Error -26608: HTTP Status-Code=504 (Gateway Timeout) for "https://hx9ekpvvbi.execute-api.us-east-1.amazonaws.com/KaaS-ITG/v2/search?q=HP Deskjet All-in-One Printers&resultLimit=20&resultStart=0&languageCode=en&countryCode=us&store=tmsstore&filters=(shallincludeinautosuggest:true%20AND%20class:(pm_series_value%5E2%20OR%20pm_name_value%20OR%20pm_number_value)%20AND%20contenttype:Product)"  	[MsgId: MERR-26608]
Warning: Iteration pacing cannot be reached (pace time = 5.48, actual time = 29.04).	[MsgId: MWAR-15995]
Warning: Iteration pacing cannot be reached (pace time = 4.93, actual time = 15.80).	[MsgId: MWAR-15995]
Warning: Iteration pacing cannot be reached (pace time = 4.97, actual time = 17.99).	[MsgId: MWAR-15995]
Warning: Iteration pacing cannot be reached (pace time = 4.03, actual time = 21.33).	[MsgId: MWAR-15995]
Warning: Iteration pacing cannot be reached (pace time = 5.29, actual time = 22.73).	[MsgId: MWAR-15995]
Warning: Iteration pacing cannot be reached (pace time = 4.87, actual time = 13.31).	[MsgId: MWAR-15995]
Warning: Iteration pacing cannot be reached (pace time = 4.55, actual time = 28.93).	[MsgId: MWAR-15995]
Warning: Iteration pacing cannot be reached (pace time = 5.96, actual time = 27.91).	[MsgId: MWAR-15995]
Warning: Iteration pacing cannot be reached (pace time = 5.50, actual time = 28.28).	[MsgId: MWAR-15995]
Warning: Iteration pacing cannot be reached (pace time = 4.43, actual time = 23.07).	[MsgId: MWAR-15995]
Warning: Iteration pacing cannot be reached (pace time = 5.55, actual time = 26.66).	[MsgId: MWAR-15995]
Warning: Iteration pacing cannot be reached (pace time = 4.33, actual time = 15.59).	[MsgId: MWAR-15995]
Warning: Iteration pacing cannot be reached (pace time = 5.73, actual time = 9.05).	[MsgId: MWAR-15995]
Warning: Iteration pacing cannot be reached (pace time = 5.58, actual time = 5.76).	[MsgId: MWAR-15995]
Warning: Iteration pacing cannot be reached (pace time = 5.37, actual time = 13.33).	[MsgId: MWAR-15995]
Warning: Iteration pacing cannot be reached (pace time = 5.18, actual time = 11.54).	[MsgId: MWAR-15995]
Warning: Iteration pacing cannot be reached (pace time = 4.09, actual time = 8.13).	[MsgId: MWAR-15995]
Warning: Iteration pacing cannot be reached (pace time = 4.89, actual time = 11.42).	[MsgId: MWAR-15995]
Warning: Iteration pacing cannot be reached (pace time = 5.89, actual time = 10.40).	[MsgId: MWAR-15995]
Warning: Iteration pacing cannot be reached (pace time = 5.71, actual time = 9.21).	[MsgId: MWAR-15995]
Warning: Iteration pacing cannot be reached (pace time = 5.81, actual time = 14.73).	[MsgId: MWAR-15995]
Warning: Iteration pacing cannot be reached (pace time = 4.54, actual time = 12.44).	[MsgId: MWAR-15995]
Warning: Iteration pacing cannot be reached (pace time = 4.65, actual time = 6.54).	[MsgId: MWAR-15995]
Warning: Iteration pacing cannot be reached (pace time = 5.13, actual time = 17.86).	[MsgId: MWAR-15995]
Warning: Iteration pacing cannot be reached (pace time = 4.26, actual time = 9.93).	[MsgId: MWAR-15995]
Warning: Iteration pacing cannot be reached (pace time = 4.95, actual time = 5.21).	[MsgId: MWAR-15995]
Warning: Iteration pacing cannot be reached (pace time = 4.21, actual time = 13.06).	[MsgId: MWAR-15995]
Warning: Iteration pacing cannot be reached (pace time = 4.15, actual time = 7.41).	[MsgId: MWAR-15995]
Warning: Iteration pacing cannot be reached (pace time = 5.26, actual time = 15.67).	[MsgId: MWAR-15995]
Warning: Iteration pacing cannot be reached (pace time = 5.07, actual time = 16.14).	[MsgId: MWAR-15995]
Warning: Iteration pacing cannot be reached (pace time = 4.75, actual time = 18.59).	[MsgId: MWAR-15995]
Warning: Iteration pacing cannot be reached (pace time = 4.08, actual time = 5.53).	[MsgId: MWAR-15995]
Warning: Iteration pacing cannot be reached (pace time = 5.42, actual time = 5.57).	[MsgId: MWAR-15995]
Warning: Iteration pacing cannot be reached (pace time = 5.30, actual time = 6.86).	[MsgId: MWAR-15995]
Warning: Iteration pacing cannot be reached (pace time = 5.12, actual time = 5.82).	[MsgId: MWAR-15995]
Warning: Iteration pacing cannot be reached (pace time = 4.35, actual time = 5.96).	[MsgId: MWAR-15995]
Warning: Iteration pacing cannot be reached (pace time = 5.40, actual time = 14.04).	[MsgId: MWAR-15995]
Warning: Iteration pacing cannot be reached (pace time = 5.51, actual time = 11.33).	[MsgId: MWAR-15995]
Warning: Iteration pacing cannot be reached (pace time = 5.38, actual time = 16.77).	[MsgId: MWAR-15995]
Warning: Iteration pacing cannot be reached (pace time = 5.25, actual time = 17.43).	[MsgId: MWAR-15995]
Warning: Iteration pacing cannot be reached (pace time = 4.37, actual time = 16.74).	[MsgId: MWAR-15995]
Warning: Iteration pacing cannot be reached (pace time = 5.26, actual time = 11.19).	[MsgId: MWAR-15995]
Warning: Iteration pacing cannot be reached (pace time = 5.16, actual time = 11.34).	[MsgId: MWAR-15995]
Warning: Iteration pacing cannot be reached (pace time = 5.24, actual time = 18.03).	[MsgId: MWAR-15995]
Warning: Iteration pacing cannot be reached (pace time = 4.20, actual time = 15.45).	[MsgId: MWAR-15995]
Warning: Iteration pacing cannot be reached (pace time = 4.04, actual time = 9.13).	[MsgId: MWAR-15995]
Warning: Iteration pacing cannot be reached (pace time = 5.86, actual time = 17.57).	[MsgId: MWAR-15995]
Warning: Iteration pacing cannot be reached (pace time = 4.12, actual time = 14.80).	[MsgId: MWAR-15995]
Warning: Iteration pacing cannot be reached (pace time = 4.22, actual time = 5.27).	[MsgId: MWAR-15995]
Warning: Iteration pacing cannot be reached (pace time = 5.08, actual time = 5.19).	[MsgId: MWAR-15995]
Warning: Iteration pacing cannot be reached (pace time = 5.34, actual time = 20.92).	[MsgId: MWAR-15995]
Warning: Iteration pacing cannot be reached (pace time = 4.06, actual time = 15.04).	[MsgId: MWAR-15995]
Warning: Iteration pacing cannot be reached (pace time = 5.22, actual time = 9.36).	[MsgId: MWAR-15995]
Warning: Iteration pacing cannot be reached (pace time = 5.80, actual time = 22.65).	[MsgId: MWAR-15995]
Warning: Iteration pacing cannot be reached (pace time = 4.50, actual time = 5.07).	[MsgId: MWAR-15995]
Warning: Iteration pacing cannot be reached (pace time = 5.87, actual time = 11.51).	[MsgId: MWAR-15995]
Warning: Iteration pacing cannot be reached (pace time = 5.19, actual time = 16.48).	[MsgId: MWAR-15995]
Warning: Iteration pacing cannot be reached (pace time = 5.63, actual time = 15.41).	[MsgId: MWAR-15995]
Warning: Iteration pacing cannot be reached (pace time = 5.96, actual time = 21.00).	[MsgId: MWAR-15995]
Warning: Iteration pacing cannot be reached (pace time = 5.53, actual time = 21.67).	[MsgId: MWAR-15995]
Warning: Iteration pacing cannot be reached (pace time = 5.97, actual time = 20.09).	[MsgId: MWAR-15995]
Warning: Iteration pacing cannot be reached (pace time = 4.73, actual time = 5.36).	[MsgId: MWAR-15995]
Warning: Iteration pacing cannot be reached (pace time = 4.83, actual time = 5.57).	[MsgId: MWAR-15995]
Warning: Iteration pacing cannot be reached (pace time = 5.22, actual time = 10.54).	[MsgId: MWAR-15995]
Warning: Iteration pacing cannot be reached (pace time = 4.43, actual time = 9.25).	[MsgId: MWAR-15995]
Warning: Iteration pacing cannot be reached (pace time = 4.71, actual time = 7.28).	[MsgId: MWAR-15995]
Warning: Iteration pacing cannot be reached (pace time = 4.32, actual time = 4.62).	[MsgId: MWAR-15995]
Warning: Iteration pacing cannot be reached (pace time = 4.54, actual time = 6.36).	[MsgId: MWAR-15995]
Warning: Iteration pacing cannot be reached (pace time = 4.99, actual time = 6.35).	[MsgId: MWAR-15995]
Warning: Iteration pacing cannot be reached (pace time = 4.22, actual time = 8.51).	[MsgId: MWAR-15995]
Warning: Iteration pacing cannot be reached (pace time = 4.11, actual time = 8.25).	[MsgId: MWAR-15995]
Warning: Iteration pacing cannot be reached (pace time = 5.05, actual time = 6.73).	[MsgId: MWAR-15995]
Warning: Iteration pacing cannot be reached (pace time = 4.23, actual time = 8.29).	[MsgId: MWAR-15995]
Warning: Iteration pacing cannot be reached (pace time = 5.00, actual time = 10.96).	[MsgId: MWAR-15995]
Warning: Iteration pacing cannot be reached (pace time = 4.44, actual time = 9.63).	[MsgId: MWAR-15995]
Warning: Iteration pacing cannot be reached (pace time = 4.42, actual time = 5.89).	[MsgId: MWAR-15995]
Warning: Iteration pacing cannot be reached (pace time = 4.68, actual time = 8.28).	[MsgId: MWAR-15995]
Warning: Iteration pacing cannot be reached (pace time = 5.85, actual time = 9.81).	[MsgId: MWAR-15995]
Warning: Iteration pacing cannot be reached (pace time = 4.18, actual time = 9.22).	[MsgId: MWAR-15995]
Warning: Iteration pacing cannot be reached (pace time = 4.52, actual time = 8.53).	[MsgId: MWAR-15995]
Warning: Iteration pacing cannot be reached (pace time = 4.22, actual time = 5.40).	[MsgId: MWAR-15995]
Warning: Iteration pacing cannot be reached (pace time = 4.57, actual time = 8.92).	[MsgId: MWAR-15995]
Warning: Iteration pacing cannot be reached (pace time = 5.12, actual time = 12.53).	[MsgId: MWAR-15995]
Warning: Iteration pacing cannot be reached (pace time = 4.23, actual time = 7.79).	[MsgId: MWAR-15995]
Warning: Iteration pacing cannot be reached (pace time = 5.99, actual time = 11.83).	[MsgId: MWAR-15995]
Warning: Iteration pacing cannot be reached (pace time = 5.46, actual time = 8.19).	[MsgId: MWAR-15995]
Warning: Iteration pacing cannot be reached (pace time = 4.19, actual time = 5.08).	[MsgId: MWAR-15995]
Warning: Iteration pacing cannot be reached (pace time = 4.43, actual time = 13.52).	[MsgId: MWAR-15995]
Warning: Iteration pacing cannot be reached (pace time = 4.21, actual time = 15.35).	[MsgId: MWAR-15995]
Warning: Iteration pacing cannot be reached (pace time = 5.84, actual time = 9.51).	[MsgId: MWAR-15995]
Warning: Iteration pacing cannot be reached (pace time = 4.71, actual time = 8.92).	[MsgId: MWAR-15995]
Warning: Iteration pacing cannot be reached (pace time = 5.24, actual time = 7.07).	[MsgId: MWAR-15995]
Warning: Iteration pacing cannot be reached (pace time = 4.70, actual time = 12.08).	[MsgId: MWAR-15995]
Warning: Iteration pacing cannot be reached (pace time = 5.00, actual time = 7.00).	[MsgId: MWAR-15995]
Warning: Iteration pacing cannot be reached (pace time = 4.14, actual time = 15.14).	[MsgId: MWAR-15995]
Warning: Iteration pacing cannot be reached (pace time = 5.62, actual time = 7.40).	[MsgId: MWAR-15995]
Warning: Iteration pacing cannot be reached (pace time = 4.74, actual time = 7.38).	[MsgId: MWAR-15995]
Warning: Iteration pacing cannot be reached (pace time = 4.43, actual time = 5.94).	[MsgId: MWAR-15995]
Warning: Iteration pacing cannot be reached (pace time = 4.49, actual time = 5.50).	[MsgId: MWAR-15995]
Warning: Iteration pacing cannot be reached (pace time = 5.06, actual time = 5.27).	[MsgId: MWAR-15995]
Warning: Iteration pacing cannot be reached (pace time = 4.56, actual time = 6.33).	[MsgId: MWAR-15995]
Warning: Iteration pacing cannot be reached (pace time = 4.64, actual time = 6.11).	[MsgId: MWAR-15995]
Warning: Iteration pacing cannot be reached (pace time = 4.14, actual time = 7.63).	[MsgId: MWAR-15995]
Warning: Iteration pacing cannot be reached (pace time = 4.34, actual time = 6.13).	[MsgId: MWAR-15995]
Warning: Iteration pacing cannot be reached (pace time = 5.75, actual time = 6.17).	[MsgId: MWAR-15995]
Warning: Iteration pacing cannot be reached (pace time = 4.30, actual time = 5.82).	[MsgId: MWAR-15995]
Warning: Iteration pacing cannot be reached (pace time = 4.54, actual time = 4.80).	[MsgId: MWAR-15995]
Warning: Iteration pacing cannot be reached (pace time = 4.18, actual time = 9.52).	[MsgId: MWAR-15995]
Warning: Iteration pacing cannot be reached (pace time = 5.24, actual time = 10.96).	[MsgId: MWAR-15995]
Warning: Iteration pacing cannot be reached (pace time = 5.33, actual time = 9.28).	[MsgId: MWAR-15995]
Warning: Iteration pacing cannot be reached (pace time = 5.28, actual time = 10.79).	[MsgId: MWAR-15995]
Warning: Iteration pacing cannot be reached (pace time = 4.56, actual time = 9.44).	[MsgId: MWAR-15995]
Warning: Iteration pacing cannot be reached (pace time = 5.48, actual time = 9.71).	[MsgId: MWAR-15995]
Warning: Iteration pacing cannot be reached (pace time = 4.98, actual time = 8.57).	[MsgId: MWAR-15995]
Warning: Iteration pacing cannot be reached (pace time = 4.96, actual time = 7.41).	[MsgId: MWAR-15995]
Warning: Iteration pacing cannot be reached (pace time = 4.08, actual time = 5.46).	[MsgId: MWAR-15995]
Warning: Iteration pacing cannot be reached (pace time = 4.42, actual time = 5.32).	[MsgId: MWAR-15995]
Warning: Iteration pacing cannot be reached (pace time = 4.16, actual time = 8.71).	[MsgId: MWAR-15995]
Warning: Iteration pacing cannot be reached (pace time = 4.36, actual time = 8.84).	[MsgId: MWAR-15995]
Warning: Iteration pacing cannot be reached (pace time = 5.44, actual time = 9.62).	[MsgId: MWAR-15995]
Warning: Iteration pacing cannot be reached (pace time = 4.81, actual time = 6.78).	[MsgId: MWAR-15995]
Warning: Iteration pacing cannot be reached (pace time = 5.70, actual time = 9.95).	[MsgId: MWAR-15995]
Warning: Iteration pacing cannot be reached (pace time = 4.39, actual time = 5.46).	[MsgId: MWAR-15995]
Warning: Iteration pacing cannot be reached (pace time = 5.37, actual time = 15.54).	[MsgId: MWAR-15995]
Warning: Iteration pacing cannot be reached (pace time = 5.30, actual time = 13.41).	[MsgId: MWAR-15995]
Warning: Iteration pacing cannot be reached (pace time = 4.75, actual time = 13.38).	[MsgId: MWAR-15995]
Warning: Iteration pacing cannot be reached (pace time = 5.08, actual time = 21.26).	[MsgId: MWAR-15995]
Warning: Iteration pacing cannot be reached (pace time = 5.60, actual time = 12.38).	[MsgId: MWAR-15995]
Warning: Iteration pacing cannot be reached (pace time = 5.18, actual time = 12.54).	[MsgId: MWAR-15995]
Warning: Iteration pacing cannot be reached (pace time = 5.34, actual time = 12.36).	[MsgId: MWAR-15995]
Warning: Iteration pacing cannot be reached (pace time = 4.42, actual time = 12.69).	[MsgId: MWAR-15995]
Warning: Iteration pacing cannot be reached (pace time = 5.84, actual time = 12.05).	[MsgId: MWAR-15995]
Warning: Iteration pacing cannot be reached (pace time = 5.27, actual time = 10.49).	[MsgId: MWAR-15995]
Warning: Iteration pacing cannot be reached (pace time = 5.91, actual time = 6.01).	[MsgId: MWAR-15995]
Warning: Iteration pacing cannot be reached (pace time = 4.49, actual time = 8.49).	[MsgId: MWAR-15995]
Warning: Iteration pacing cannot be reached (pace time = 4.29, actual time = 10.37).	[MsgId: MWAR-15995]
Warning: Iteration pacing cannot be reached (pace time = 5.52, actual time = 5.96).	[MsgId: MWAR-15995]
Warning: Iteration pacing cannot be reached (pace time = 5.85, actual time = 8.13).	[MsgId: MWAR-15995]
Warning: Iteration pacing cannot be reached (pace time = 4.57, actual time = 5.38).	[MsgId: MWAR-15995]
Warning: Iteration pacing cannot be reached (pace time = 5.58, actual time = 10.11).	[MsgId: MWAR-15995]
Warning: Iteration pacing cannot be reached (pace time = 5.05, actual time = 14.12).	[MsgId: MWAR-15995]
Warning: Iteration pacing cannot be reached (pace time = 5.05, actual time = 10.40).	[MsgId: MWAR-15995]
Warning: Iteration pacing cannot be reached (pace time = 4.44, actual time = 4.56).	[MsgId: MWAR-15995]
Warning: Iteration pacing cannot be reached (pace time = 5.33, actual time = 13.46).	[MsgId: MWAR-15995]
Warning: Iteration pacing cannot be reached (pace time = 5.76, actual time = 11.70).	[MsgId: MWAR-15995]
Warning: Iteration pacing cannot be reached (pace time = 4.85, actual time = 13.39).	[MsgId: MWAR-15995]
Warning: Iteration pacing cannot be reached (pace time = 5.64, actual time = 13.75).	[MsgId: MWAR-15995]
