Warning: Iteration pacing cannot be reached (pace time = 3.08, actual time = 7.31).	[MsgId: MWAR-15995]
Warning: Iteration pacing cannot be reached (pace time = 3.73, actual time = 8.21).	[MsgId: MWAR-15995]
Warning: Iteration pacing cannot be reached (pace time = 3.57, actual time = 8.54).	[MsgId: MWAR-15995]
Warning: Iteration pacing cannot be reached (pace time = 3.73, actual time = 6.78).	[MsgId: MWAR-15995]
Warning: Iteration pacing cannot be reached (pace time = 3.39, actual time = 11.38).	[MsgId: MWAR-15995]
Warning: Iteration pacing cannot be reached (pace time = 3.47, actual time = 6.10).	[MsgId: MWAR-15995]
Warning: Iteration pacing cannot be reached (pace time = 3.38, actual time = 11.23).	[MsgId: MWAR-15995]
Warning: Iteration pacing cannot be reached (pace time = 3.62, actual time = 7.76).	[MsgId: MWAR-15995]
Warning: Iteration pacing cannot be reached (pace time = 3.42, actual time = 9.70).	[MsgId: MWAR-15995]
Warning: Iteration pacing cannot be reached (pace time = 3.77, actual time = 4.74).	[MsgId: MWAR-15995]
Warning: Iteration pacing cannot be reached (pace time = 3.58, actual time = 9.24).	[MsgId: MWAR-15995]
Warning: Iteration pacing cannot be reached (pace time = 3.43, actual time = 10.13).	[MsgId: MWAR-15995]
Warning: Iteration pacing cannot be reached (pace time = 3.06, actual time = 12.60).	[MsgId: MWAR-15995]
Warning: Iteration pacing cannot be reached (pace time = 3.10, actual time = 16.00).	[MsgId: MWAR-15995]
Warning: Iteration pacing cannot be reached (pace time = 3.44, actual time = 17.12).	[MsgId: MWAR-15995]
Warning: Iteration pacing cannot be reached (pace time = 3.09, actual time = 7.19).	[MsgId: MWAR-15995]
Warning: Iteration pacing cannot be reached (pace time = 3.73, actual time = 9.99).	[MsgId: MWAR-15995]
Warning: Iteration pacing cannot be reached (pace time = 3.47, actual time = 16.15).	[MsgId: MWAR-15995]
Warning: Iteration pacing cannot be reached (pace time = 3.69, actual time = 5.64).	[MsgId: MWAR-15995]
Warning: Iteration pacing cannot be reached (pace time = 3.66, actual time = 10.69).	[MsgId: MWAR-15995]
Warning: Iteration pacing cannot be reached (pace time = 3.77, actual time = 10.12).	[MsgId: MWAR-15995]
Warning: Iteration pacing cannot be reached (pace time = 3.59, actual time = 11.64).	[MsgId: MWAR-15995]
Warning: Iteration pacing cannot be reached (pace time = 3.29, actual time = 12.00).	[MsgId: MWAR-15995]
Warning: Iteration pacing cannot be reached (pace time = 3.48, actual time = 14.13).	[MsgId: MWAR-15995]
Warning: Iteration pacing cannot be reached (pace time = 3.00, actual time = 13.98).	[MsgId: MWAR-15995]
Warning: Iteration pacing cannot be reached (pace time = 3.07, actual time = 13.55).	[MsgId: MWAR-15995]
Warning: Iteration pacing cannot be reached (pace time = 3.00, actual time = 12.48).	[MsgId: MWAR-15995]
Warning: Iteration pacing cannot be reached (pace time = 3.33, actual time = 6.57).	[MsgId: MWAR-15995]
Warning: Iteration pacing cannot be reached (pace time = 3.41, actual time = 7.58).	[MsgId: MWAR-15995]
Warning: Iteration pacing cannot be reached (pace time = 3.14, actual time = 5.33).	[MsgId: MWAR-15995]
Warning: Iteration pacing cannot be reached (pace time = 3.16, actual time = 6.06).	[MsgId: MWAR-15995]
Warning: Iteration pacing cannot be reached (pace time = 3.44, actual time = 12.88).	[MsgId: MWAR-15995]
Warning: Iteration pacing cannot be reached (pace time = 3.37, actual time = 10.22).	[MsgId: MWAR-15995]
Warning: Iteration pacing cannot be reached (pace time = 3.67, actual time = 4.13).	[MsgId: MWAR-15995]
Warning: Iteration pacing cannot be reached (pace time = 3.99, actual time = 17.60).	[MsgId: MWAR-15995]
Warning: Iteration pacing cannot be reached (pace time = 3.20, actual time = 7.03).	[MsgId: MWAR-15995]
Warning: Iteration pacing cannot be reached (pace time = 3.14, actual time = 4.80).	[MsgId: MWAR-15995]
Warning: Iteration pacing cannot be reached (pace time = 3.08, actual time = 4.35).	[MsgId: MWAR-15995]
Warning: Iteration pacing cannot be reached (pace time = 3.57, actual time = 4.01).	[MsgId: MWAR-15995]
Warning: Iteration pacing cannot be reached (pace time = 3.76, actual time = 6.65).	[MsgId: MWAR-15995]
Warning: Iteration pacing cannot be reached (pace time = 3.34, actual time = 4.58).	[MsgId: MWAR-15995]
Warning: Iteration pacing cannot be reached (pace time = 3.06, actual time = 3.32).	[MsgId: MWAR-15995]
Warning: Iteration pacing cannot be reached (pace time = 3.38, actual time = 4.23).	[MsgId: MWAR-15995]
Warning: Iteration pacing cannot be reached (pace time = 3.23, actual time = 3.91).	[MsgId: MWAR-15995]
Warning: Iteration pacing cannot be reached (pace time = 3.60, actual time = 4.58).	[MsgId: MWAR-15995]
Warning: Iteration pacing cannot be reached (pace time = 3.71, actual time = 4.57).	[MsgId: MWAR-15995]
Warning: Iteration pacing cannot be reached (pace time = 3.90, actual time = 4.57).	[MsgId: MWAR-15995]
Warning: Iteration pacing cannot be reached (pace time = 3.74, actual time = 4.27).	[MsgId: MWAR-15995]
Warning: Iteration pacing cannot be reached (pace time = 3.68, actual time = 3.71).	[MsgId: MWAR-15995]
Warning: Iteration pacing cannot be reached (pace time = 3.59, actual time = 5.36).	[MsgId: MWAR-15995]
Warning: Iteration pacing cannot be reached (pace time = 3.56, actual time = 5.79).	[MsgId: MWAR-15995]
Warning: Iteration pacing cannot be reached (pace time = 3.63, actual time = 8.00).	[MsgId: MWAR-15995]
Warning: Iteration pacing cannot be reached (pace time = 3.97, actual time = 8.98).	[MsgId: MWAR-15995]
Warning: Iteration pacing cannot be reached (pace time = 3.32, actual time = 8.67).	[MsgId: MWAR-15995]
Warning: Iteration pacing cannot be reached (pace time = 3.86, actual time = 8.91).	[MsgId: MWAR-15995]
Warning: Iteration pacing cannot be reached (pace time = 3.20, actual time = 6.29).	[MsgId: MWAR-15995]
Warning: Iteration pacing cannot be reached (pace time = 3.95, actual time = 12.30).	[MsgId: MWAR-15995]
Warning: Iteration pacing cannot be reached (pace time = 3.10, actual time = 6.46).	[MsgId: MWAR-15995]
Warning: Iteration pacing cannot be reached (pace time = 3.21, actual time = 12.60).	[MsgId: MWAR-15995]
Warning: Iteration pacing cannot be reached (pace time = 3.54, actual time = 9.57).	[MsgId: MWAR-15995]
Warning: Iteration pacing cannot be reached (pace time = 3.05, actual time = 10.97).	[MsgId: MWAR-15995]
Warning: Iteration pacing cannot be reached (pace time = 3.72, actual time = 12.94).	[MsgId: MWAR-15995]
Warning: Iteration pacing cannot be reached (pace time = 3.84, actual time = 13.50).	[MsgId: MWAR-15995]
Warning: Iteration pacing cannot be reached (pace time = 3.40, actual time = 13.06).	[MsgId: MWAR-15995]
Warning: Iteration pacing cannot be reached (pace time = 3.35, actual time = 11.76).	[MsgId: MWAR-15995]
Warning: Iteration pacing cannot be reached (pace time = 3.05, actual time = 16.98).	[MsgId: MWAR-15995]
Warning: Iteration pacing cannot be reached (pace time = 3.96, actual time = 10.89).	[MsgId: MWAR-15995]
Warning: Iteration pacing cannot be reached (pace time = 3.09, actual time = 8.93).	[MsgId: MWAR-15995]
Warning: Iteration pacing cannot be reached (pace time = 3.29, actual time = 12.42).	[MsgId: MWAR-15995]
Warning: Iteration pacing cannot be reached (pace time = 3.74, actual time = 12.50).	[MsgId: MWAR-15995]
Warning: Iteration pacing cannot be reached (pace time = 3.68, actual time = 9.29).	[MsgId: MWAR-15995]
Warning: Iteration pacing cannot be reached (pace time = 3.43, actual time = 9.67).	[MsgId: MWAR-15995]
Warning: Iteration pacing cannot be reached (pace time = 3.00, actual time = 11.05).	[MsgId: MWAR-15995]
Warning: Iteration pacing cannot be reached (pace time = 3.32, actual time = 4.19).	[MsgId: MWAR-15995]
Warning: Iteration pacing cannot be reached (pace time = 3.07, actual time = 10.39).	[MsgId: MWAR-15995]
Warning: Iteration pacing cannot be reached (pace time = 3.92, actual time = 14.33).	[MsgId: MWAR-15995]
Warning: Iteration pacing cannot be reached (pace time = 3.23, actual time = 3.33).	[MsgId: MWAR-15995]
Warning: Iteration pacing cannot be reached (pace time = 3.83, actual time = 6.48).	[MsgId: MWAR-15995]
Warning: Iteration pacing cannot be reached (pace time = 3.16, actual time = 5.16).	[MsgId: MWAR-15995]
Warning: Iteration pacing cannot be reached (pace time = 3.19, actual time = 3.48).	[MsgId: MWAR-15995]
Warning: Iteration pacing cannot be reached (pace time = 3.67, actual time = 3.92).	[MsgId: MWAR-15995]
Warning: Iteration pacing cannot be reached (pace time = 3.67, actual time = 4.00).	[MsgId: MWAR-15995]
Warning: Iteration pacing cannot be reached (pace time = 3.24, actual time = 4.79).	[MsgId: MWAR-15995]
Warning: Iteration pacing cannot be reached (pace time = 3.98, actual time = 4.50).	[MsgId: MWAR-15995]
Warning: Iteration pacing cannot be reached (pace time = 3.52, actual time = 4.48).	[MsgId: MWAR-15995]
Warning: Iteration pacing cannot be reached (pace time = 3.75, actual time = 5.10).	[MsgId: MWAR-15995]
Warning: Iteration pacing cannot be reached (pace time = 3.71, actual time = 4.36).	[MsgId: MWAR-15995]
Warning: Iteration pacing cannot be reached (pace time = 3.27, actual time = 7.32).	[MsgId: MWAR-15995]
Warning: Iteration pacing cannot be reached (pace time = 3.50, actual time = 5.45).	[MsgId: MWAR-15995]
Warning: Iteration pacing cannot be reached (pace time = 3.67, actual time = 8.06).	[MsgId: MWAR-15995]
Warning: Iteration pacing cannot be reached (pace time = 3.18, actual time = 9.31).	[MsgId: MWAR-15995]
Warning: Iteration pacing cannot be reached (pace time = 3.62, actual time = 6.54).	[MsgId: MWAR-15995]
Warning: Iteration pacing cannot be reached (pace time = 3.77, actual time = 3.87).	[MsgId: MWAR-15995]
Warning: Iteration pacing cannot be reached (pace time = 3.57, actual time = 11.02).	[MsgId: MWAR-15995]
Warning: Iteration pacing cannot be reached (pace time = 3.85, actual time = 8.60).	[MsgId: MWAR-15995]
Warning: Iteration pacing cannot be reached (pace time = 3.55, actual time = 8.91).	[MsgId: MWAR-15995]
Warning: Iteration pacing cannot be reached (pace time = 3.72, actual time = 9.42).	[MsgId: MWAR-15995]
Warning: Iteration pacing cannot be reached (pace time = 3.52, actual time = 12.91).	[MsgId: MWAR-15995]
Warning: Iteration pacing cannot be reached (pace time = 3.50, actual time = 12.61).	[MsgId: MWAR-15995]
Warning: Iteration pacing cannot be reached (pace time = 3.07, actual time = 6.01).	[MsgId: MWAR-15995]
Warning: Iteration pacing cannot be reached (pace time = 3.13, actual time = 9.28).	[MsgId: MWAR-15995]
Warning: Iteration pacing cannot be reached (pace time = 3.38, actual time = 6.36).	[MsgId: MWAR-15995]
Warning: Iteration pacing cannot be reached (pace time = 3.15, actual time = 6.03).	[MsgId: MWAR-15995]
Warning: Iteration pacing cannot be reached (pace time = 3.93, actual time = 4.02).	[MsgId: MWAR-15995]
Warning: Iteration pacing cannot be reached (pace time = 3.08, actual time = 10.41).	[MsgId: MWAR-15995]
Warning: Iteration pacing cannot be reached (pace time = 3.11, actual time = 10.78).	[MsgId: MWAR-15995]
Warning: Iteration pacing cannot be reached (pace time = 3.00, actual time = 6.77).	[MsgId: MWAR-15995]
Warning: Iteration pacing cannot be reached (pace time = 3.26, actual time = 9.99).	[MsgId: MWAR-15995]
Warning: Iteration pacing cannot be reached (pace time = 3.30, actual time = 9.46).	[MsgId: MWAR-15995]
Warning: Iteration pacing cannot be reached (pace time = 3.30, actual time = 9.60).	[MsgId: MWAR-15995]
Warning: Iteration pacing cannot be reached (pace time = 3.53, actual time = 11.77).	[MsgId: MWAR-15995]
Warning: Iteration pacing cannot be reached (pace time = 3.17, actual time = 10.52).	[MsgId: MWAR-15995]
Warning: Iteration pacing cannot be reached (pace time = 3.06, actual time = 10.02).	[MsgId: MWAR-15995]
Warning: Iteration pacing cannot be reached (pace time = 3.87, actual time = 8.77).	[MsgId: MWAR-15995]
Warning: Iteration pacing cannot be reached (pace time = 3.40, actual time = 10.17).	[MsgId: MWAR-15995]
Warning: Iteration pacing cannot be reached (pace time = 3.43, actual time = 6.32).	[MsgId: MWAR-15995]
Warning: Iteration pacing cannot be reached (pace time = 4.00, actual time = 5.24).	[MsgId: MWAR-15995]
Warning: Iteration pacing cannot be reached (pace time = 3.48, actual time = 6.60).	[MsgId: MWAR-15995]
Warning: Iteration pacing cannot be reached (pace time = 3.70, actual time = 11.76).	[MsgId: MWAR-15995]
Warning: Iteration pacing cannot be reached (pace time = 3.72, actual time = 9.94).	[MsgId: MWAR-15995]
Warning: Iteration pacing cannot be reached (pace time = 3.79, actual time = 12.07).	[MsgId: MWAR-15995]
Warning: Iteration pacing cannot be reached (pace time = 3.73, actual time = 7.77).	[MsgId: MWAR-15995]
Warning: Iteration pacing cannot be reached (pace time = 3.51, actual time = 4.40).	[MsgId: MWAR-15995]
Warning: Iteration pacing cannot be reached (pace time = 3.86, actual time = 11.38).	[MsgId: MWAR-15995]
Warning: Iteration pacing cannot be reached (pace time = 3.15, actual time = 7.78).	[MsgId: MWAR-15995]
Warning: Iteration pacing cannot be reached (pace time = 3.29, actual time = 7.68).	[MsgId: MWAR-15995]
Warning: Iteration pacing cannot be reached (pace time = 3.51, actual time = 4.51).	[MsgId: MWAR-15995]
Warning: Iteration pacing cannot be reached (pace time = 3.61, actual time = 6.46).	[MsgId: MWAR-15995]
Warning: Iteration pacing cannot be reached (pace time = 3.15, actual time = 3.33).	[MsgId: MWAR-15995]
Warning: Iteration pacing cannot be reached (pace time = 3.96, actual time = 11.08).	[MsgId: MWAR-15995]
Warning: Iteration pacing cannot be reached (pace time = 3.10, actual time = 9.32).	[MsgId: MWAR-15995]
Warning: Iteration pacing cannot be reached (pace time = 3.60, actual time = 10.44).	[MsgId: MWAR-15995]
Warning: Iteration pacing cannot be reached (pace time = 3.49, actual time = 8.24).	[MsgId: MWAR-15995]
Warning: Iteration pacing cannot be reached (pace time = 3.38, actual time = 9.64).	[MsgId: MWAR-15995]
Warning: Iteration pacing cannot be reached (pace time = 3.10, actual time = 8.74).	[MsgId: MWAR-15995]
Warning: Iteration pacing cannot be reached (pace time = 3.28, actual time = 12.35).	[MsgId: MWAR-15995]
Warning: Iteration pacing cannot be reached (pace time = 3.19, actual time = 13.47).	[MsgId: MWAR-15995]
Warning: Iteration pacing cannot be reached (pace time = 3.82, actual time = 13.96).	[MsgId: MWAR-15995]
Warning: Iteration pacing cannot be reached (pace time = 3.55, actual time = 14.91).	[MsgId: MWAR-15995]
Warning: Iteration pacing cannot be reached (pace time = 3.96, actual time = 18.06).	[MsgId: MWAR-15995]
Warning: Iteration pacing cannot be reached (pace time = 3.41, actual time = 21.31).	[MsgId: MWAR-15995]
Warning: Iteration pacing cannot be reached (pace time = 3.20, actual time = 21.69).	[MsgId: MWAR-15995]
Warning: Iteration pacing cannot be reached (pace time = 3.08, actual time = 21.57).	[MsgId: MWAR-15995]
Warning: Iteration pacing cannot be reached (pace time = 3.01, actual time = 26.71).	[MsgId: MWAR-15995]
Warning: Iteration pacing cannot be reached (pace time = 3.60, actual time = 22.55).	[MsgId: MWAR-15995]
Warning: Iteration pacing cannot be reached (pace time = 3.35, actual time = 19.08).	[MsgId: MWAR-15995]
Warning: Iteration pacing cannot be reached (pace time = 3.17, actual time = 12.40).	[MsgId: MWAR-15995]
Warning: Iteration pacing cannot be reached (pace time = 3.16, actual time = 19.38).	[MsgId: MWAR-15995]
Warning: Iteration pacing cannot be reached (pace time = 3.91, actual time = 26.61).	[MsgId: MWAR-15995]
Warning: Iteration pacing cannot be reached (pace time = 3.60, actual time = 20.24).	[MsgId: MWAR-15995]
kaas_DocSearchHPES_Product_Context.c(9): Error -26608: HTTP Status-Code=504 (Gateway Timeout) for "https://hx9ekpvvbi.execute-api.us-east-1.amazonaws.com/KaaS-ITG/v2/search?q=Compaq Deskpro Desktops&resultLimit=20&resultStart=0&languageCode=en&countryCode=us&store=tmsstore&filters=(shallincludeinautosuggest:true%20AND%20class:(pm_series_value%5E2%20OR%20pm_name_value%20OR%20pm_number_value)%20AND%20contenttype:Product)"  	[MsgId: MERR-26608]
Warning: Iteration pacing cannot be reached (pace time = 3.70, actual time = 29.04).	[MsgId: MWAR-15995]
kaas_DocSearchHPES_Product_Context.c(9): Error -26608: HTTP Status-Code=504 (Gateway Timeout) for "https://hx9ekpvvbi.execute-api.us-east-1.amazonaws.com/KaaS-ITG/v2/search?q=HP Officejet Printer Models 1000 to 5999&resultLimit=20&resultStart=0&languageCode=en&countryCode=us&store=tmsstore&filters=(shallincludeinautosuggest:true%20AND%20class:(pm_series_value%5E2%20OR%20pm_name_value%20OR%20pm_number_value)%20AND%20contenttype:Product)"  	[MsgId: MERR-26608]
Warning: Iteration pacing cannot be reached (pace time = 3.90, actual time = 29.04).	[MsgId: MWAR-15995]
Warning: Iteration pacing cannot be reached (pace time = 3.05, actual time = 22.46).	[MsgId: MWAR-15995]
Warning: Iteration pacing cannot be reached (pace time = 3.34, actual time = 14.03).	[MsgId: MWAR-15995]
Warning: Iteration pacing cannot be reached (pace time = 3.79, actual time = 22.47).	[MsgId: MWAR-15995]
kaas_DocSearchHPES_Product_Context.c(9): Error -26608: HTTP Status-Code=504 (Gateway Timeout) for "https://hx9ekpvvbi.execute-api.us-east-1.amazonaws.com/KaaS-ITG/v2/search?q=HP ENVY All-in-One Desktops&resultLimit=20&resultStart=0&languageCode=en&countryCode=us&store=tmsstore&filters=(shallincludeinautosuggest:true%20AND%20class:(pm_series_value%5E2%20OR%20pm_name_value%20OR%20pm_number_value)%20AND%20contenttype:Product)"  	[MsgId: MERR-26608]
Warning: Iteration pacing cannot be reached (pace time = 3.62, actual time = 29.04).	[MsgId: MWAR-15995]
Warning: Iteration pacing cannot be reached (pace time = 3.94, actual time = 14.61).	[MsgId: MWAR-15995]
Warning: Iteration pacing cannot be reached (pace time = 3.05, actual time = 9.64).	[MsgId: MWAR-15995]
Warning: Iteration pacing cannot be reached (pace time = 3.68, actual time = 16.05).	[MsgId: MWAR-15995]
Warning: Iteration pacing cannot be reached (pace time = 3.38, actual time = 12.41).	[MsgId: MWAR-15995]
Warning: Iteration pacing cannot be reached (pace time = 3.03, actual time = 16.30).	[MsgId: MWAR-15995]
Warning: Iteration pacing cannot be reached (pace time = 3.27, actual time = 11.83).	[MsgId: MWAR-15995]
Warning: Iteration pacing cannot be reached (pace time = 3.55, actual time = 24.45).	[MsgId: MWAR-15995]
Warning: Iteration pacing cannot be reached (pace time = 3.55, actual time = 22.20).	[MsgId: MWAR-15995]
Warning: Iteration pacing cannot be reached (pace time = 3.30, actual time = 20.90).	[MsgId: MWAR-15995]
Warning: Iteration pacing cannot be reached (pace time = 3.80, actual time = 11.50).	[MsgId: MWAR-15995]
Warning: Iteration pacing cannot be reached (pace time = 3.62, actual time = 20.74).	[MsgId: MWAR-15995]
Warning: Iteration pacing cannot be reached (pace time = 3.45, actual time = 10.24).	[MsgId: MWAR-15995]
Warning: Iteration pacing cannot be reached (pace time = 3.78, actual time = 20.79).	[MsgId: MWAR-15995]
Warning: Iteration pacing cannot be reached (pace time = 3.67, actual time = 24.42).	[MsgId: MWAR-15995]
Warning: Iteration pacing cannot be reached (pace time = 3.06, actual time = 25.69).	[MsgId: MWAR-15995]
Warning: Iteration pacing cannot be reached (pace time = 3.13, actual time = 20.43).	[MsgId: MWAR-15995]
Warning: Iteration pacing cannot be reached (pace time = 3.13, actual time = 14.98).	[MsgId: MWAR-15995]
Warning: Iteration pacing cannot be reached (pace time = 3.17, actual time = 22.92).	[MsgId: MWAR-15995]
Warning: Iteration pacing cannot be reached (pace time = 3.41, actual time = 10.30).	[MsgId: MWAR-15995]
Warning: Iteration pacing cannot be reached (pace time = 3.83, actual time = 12.57).	[MsgId: MWAR-15995]
Warning: Iteration pacing cannot be reached (pace time = 3.94, actual time = 4.57).	[MsgId: MWAR-15995]
Warning: Iteration pacing cannot be reached (pace time = 3.85, actual time = 7.43).	[MsgId: MWAR-15995]
Warning: Iteration pacing cannot be reached (pace time = 3.78, actual time = 6.85).	[MsgId: MWAR-15995]
Warning: Iteration pacing cannot be reached (pace time = 3.57, actual time = 4.76).	[MsgId: MWAR-15995]
Warning: Iteration pacing cannot be reached (pace time = 3.15, actual time = 8.17).	[MsgId: MWAR-15995]
Warning: Iteration pacing cannot be reached (pace time = 3.79, actual time = 8.01).	[MsgId: MWAR-15995]
Warning: Iteration pacing cannot be reached (pace time = 3.71, actual time = 8.26).	[MsgId: MWAR-15995]
Warning: Iteration pacing cannot be reached (pace time = 3.81, actual time = 8.33).	[MsgId: MWAR-15995]
Warning: Iteration pacing cannot be reached (pace time = 3.43, actual time = 12.19).	[MsgId: MWAR-15995]
Warning: Iteration pacing cannot be reached (pace time = 3.73, actual time = 11.83).	[MsgId: MWAR-15995]
Warning: Iteration pacing cannot be reached (pace time = 3.89, actual time = 5.22).	[MsgId: MWAR-15995]
Warning: Iteration pacing cannot be reached (pace time = 3.77, actual time = 5.72).	[MsgId: MWAR-15995]
Warning: Iteration pacing cannot be reached (pace time = 3.65, actual time = 12.97).	[MsgId: MWAR-15995]
Warning: Iteration pacing cannot be reached (pace time = 3.39, actual time = 6.09).	[MsgId: MWAR-15995]
Warning: Iteration pacing cannot be reached (pace time = 3.96, actual time = 9.80).	[MsgId: MWAR-15995]
Warning: Iteration pacing cannot be reached (pace time = 3.56, actual time = 5.31).	[MsgId: MWAR-15995]
Warning: Iteration pacing cannot be reached (pace time = 3.05, actual time = 3.87).	[MsgId: MWAR-15995]
Warning: Iteration pacing cannot be reached (pace time = 3.17, actual time = 5.80).	[MsgId: MWAR-15995]
Warning: Iteration pacing cannot be reached (pace time = 3.16, actual time = 3.23).	[MsgId: MWAR-15995]
Warning: Iteration pacing cannot be reached (pace time = 3.66, actual time = 4.74).	[MsgId: MWAR-15995]
Warning: Iteration pacing cannot be reached (pace time = 3.82, actual time = 15.12).	[MsgId: MWAR-15995]
Warning: Iteration pacing cannot be reached (pace time = 3.46, actual time = 10.61).	[MsgId: MWAR-15995]
Warning: Iteration pacing cannot be reached (pace time = 3.54, actual time = 19.54).	[MsgId: MWAR-15995]
Warning: Iteration pacing cannot be reached (pace time = 3.87, actual time = 16.23).	[MsgId: MWAR-15995]
Warning: Iteration pacing cannot be reached (pace time = 3.88, actual time = 15.85).	[MsgId: MWAR-15995]
Warning: Iteration pacing cannot be reached (pace time = 3.77, actual time = 20.73).	[MsgId: MWAR-15995]
Warning: Iteration pacing cannot be reached (pace time = 3.10, actual time = 20.08).	[MsgId: MWAR-15995]
Warning: Iteration pacing cannot be reached (pace time = 3.45, actual time = 23.92).	[MsgId: MWAR-15995]
Warning: Iteration pacing cannot be reached (pace time = 3.50, actual time = 22.76).	[MsgId: MWAR-15995]
Warning: Iteration pacing cannot be reached (pace time = 3.65, actual time = 17.23).	[MsgId: MWAR-15995]
Warning: Iteration pacing cannot be reached (pace time = 3.61, actual time = 16.41).	[MsgId: MWAR-15995]
Warning: Iteration pacing cannot be reached (pace time = 3.19, actual time = 22.58).	[MsgId: MWAR-15995]
Warning: Iteration pacing cannot be reached (pace time = 3.67, actual time = 12.59).	[MsgId: MWAR-15995]
Warning: Iteration pacing cannot be reached (pace time = 3.55, actual time = 26.57).	[MsgId: MWAR-15995]
Warning: Iteration pacing cannot be reached (pace time = 3.21, actual time = 24.31).	[MsgId: MWAR-15995]
Warning: Iteration pacing cannot be reached (pace time = 3.79, actual time = 27.19).	[MsgId: MWAR-15995]
Warning: Iteration pacing cannot be reached (pace time = 3.09, actual time = 20.52).	[MsgId: MWAR-15995]
Warning: Iteration pacing cannot be reached (pace time = 3.12, actual time = 26.37).	[MsgId: MWAR-15995]
Warning: Iteration pacing cannot be reached (pace time = 3.11, actual time = 22.21).	[MsgId: MWAR-15995]
Warning: Iteration pacing cannot be reached (pace time = 3.81, actual time = 23.24).	[MsgId: MWAR-15995]
Warning: Iteration pacing cannot be reached (pace time = 3.13, actual time = 12.98).	[MsgId: MWAR-15995]
Warning: Iteration pacing cannot be reached (pace time = 3.08, actual time = 22.26).	[MsgId: MWAR-15995]
Warning: Iteration pacing cannot be reached (pace time = 3.94, actual time = 22.86).	[MsgId: MWAR-15995]
Warning: Iteration pacing cannot be reached (pace time = 3.17, actual time = 13.25).	[MsgId: MWAR-15995]
Warning: Iteration pacing cannot be reached (pace time = 3.06, actual time = 26.12).	[MsgId: MWAR-15995]
Warning: Iteration pacing cannot be reached (pace time = 3.46, actual time = 15.62).	[MsgId: MWAR-15995]
Warning: Iteration pacing cannot be reached (pace time = 3.12, actual time = 20.53).	[MsgId: MWAR-15995]
Warning: Iteration pacing cannot be reached (pace time = 3.42, actual time = 4.08).	[MsgId: MWAR-15995]
Warning: Iteration pacing cannot be reached (pace time = 3.49, actual time = 10.66).	[MsgId: MWAR-15995]
Warning: Iteration pacing cannot be reached (pace time = 3.24, actual time = 3.97).	[MsgId: MWAR-15995]
Warning: Iteration pacing cannot be reached (pace time = 3.40, actual time = 6.70).	[MsgId: MWAR-15995]
Warning: Iteration pacing cannot be reached (pace time = 3.53, actual time = 3.77).	[MsgId: MWAR-15995]
Warning: Iteration pacing cannot be reached (pace time = 3.83, actual time = 5.42).	[MsgId: MWAR-15995]
Warning: Iteration pacing cannot be reached (pace time = 3.91, actual time = 4.23).	[MsgId: MWAR-15995]
Warning: Iteration pacing cannot be reached (pace time = 3.92, actual time = 4.11).	[MsgId: MWAR-15995]
Warning: Iteration pacing cannot be reached (pace time = 3.09, actual time = 3.67).	[MsgId: MWAR-15995]
Warning: Iteration pacing cannot be reached (pace time = 3.48, actual time = 3.95).	[MsgId: MWAR-15995]
Warning: Iteration pacing cannot be reached (pace time = 3.35, actual time = 7.65).	[MsgId: MWAR-15995]
Warning: Iteration pacing cannot be reached (pace time = 3.66, actual time = 6.49).	[MsgId: MWAR-15995]
Warning: Iteration pacing cannot be reached (pace time = 3.97, actual time = 5.11).	[MsgId: MWAR-15995]
Warning: Iteration pacing cannot be reached (pace time = 3.56, actual time = 5.85).	[MsgId: MWAR-15995]
Warning: Iteration pacing cannot be reached (pace time = 3.79, actual time = 6.49).	[MsgId: MWAR-15995]
Warning: Iteration pacing cannot be reached (pace time = 3.45, actual time = 6.25).	[MsgId: MWAR-15995]
Warning: Iteration pacing cannot be reached (pace time = 3.21, actual time = 5.66).	[MsgId: MWAR-15995]
Warning: Iteration pacing cannot be reached (pace time = 3.13, actual time = 5.16).	[MsgId: MWAR-15995]
Warning: Iteration pacing cannot be reached (pace time = 3.76, actual time = 5.23).	[MsgId: MWAR-15995]
Warning: Iteration pacing cannot be reached (pace time = 3.76, actual time = 5.67).	[MsgId: MWAR-15995]
Warning: Iteration pacing cannot be reached (pace time = 3.06, actual time = 6.73).	[MsgId: MWAR-15995]
Warning: Iteration pacing cannot be reached (pace time = 3.94, actual time = 4.92).	[MsgId: MWAR-15995]
Warning: Iteration pacing cannot be reached (pace time = 3.41, actual time = 11.48).	[MsgId: MWAR-15995]
Warning: Iteration pacing cannot be reached (pace time = 3.67, actual time = 8.64).	[MsgId: MWAR-15995]
Warning: Iteration pacing cannot be reached (pace time = 3.06, actual time = 8.61).	[MsgId: MWAR-15995]
Warning: Iteration pacing cannot be reached (pace time = 3.26, actual time = 10.68).	[MsgId: MWAR-15995]
Warning: Iteration pacing cannot be reached (pace time = 3.85, actual time = 9.91).	[MsgId: MWAR-15995]
Warning: Iteration pacing cannot be reached (pace time = 3.78, actual time = 9.13).	[MsgId: MWAR-15995]
Warning: Iteration pacing cannot be reached (pace time = 3.10, actual time = 7.14).	[MsgId: MWAR-15995]
Warning: Iteration pacing cannot be reached (pace time = 3.66, actual time = 7.45).	[MsgId: MWAR-15995]
Warning: Iteration pacing cannot be reached (pace time = 3.99, actual time = 6.86).	[MsgId: MWAR-15995]
Warning: Iteration pacing cannot be reached (pace time = 3.52, actual time = 9.26).	[MsgId: MWAR-15995]
Warning: Iteration pacing cannot be reached (pace time = 3.84, actual time = 10.87).	[MsgId: MWAR-15995]
Warning: Iteration pacing cannot be reached (pace time = 3.07, actual time = 10.47).	[MsgId: MWAR-15995]
Warning: Iteration pacing cannot be reached (pace time = 3.96, actual time = 7.87).	[MsgId: MWAR-15995]
Warning: Iteration pacing cannot be reached (pace time = 3.17, actual time = 8.91).	[MsgId: MWAR-15995]
Warning: Iteration pacing cannot be reached (pace time = 3.45, actual time = 6.83).	[MsgId: MWAR-15995]
Warning: Iteration pacing cannot be reached (pace time = 3.24, actual time = 15.25).	[MsgId: MWAR-15995]
Warning: Iteration pacing cannot be reached (pace time = 3.10, actual time = 6.56).	[MsgId: MWAR-15995]
Warning: Iteration pacing cannot be reached (pace time = 3.91, actual time = 6.06).	[MsgId: MWAR-15995]
Warning: Iteration pacing cannot be reached (pace time = 3.61, actual time = 11.10).	[MsgId: MWAR-15995]
Warning: Iteration pacing cannot be reached (pace time = 3.37, actual time = 7.42).	[MsgId: MWAR-15995]
Warning: Iteration pacing cannot be reached (pace time = 3.12, actual time = 6.26).	[MsgId: MWAR-15995]
Warning: Iteration pacing cannot be reached (pace time = 3.86, actual time = 13.25).	[MsgId: MWAR-15995]
Warning: Iteration pacing cannot be reached (pace time = 3.06, actual time = 10.14).	[MsgId: MWAR-15995]
Warning: Iteration pacing cannot be reached (pace time = 3.69, actual time = 6.12).	[MsgId: MWAR-15995]
Warning: Iteration pacing cannot be reached (pace time = 3.48, actual time = 9.63).	[MsgId: MWAR-15995]
Warning: Iteration pacing cannot be reached (pace time = 3.34, actual time = 6.40).	[MsgId: MWAR-15995]
Warning: Iteration pacing cannot be reached (pace time = 3.39, actual time = 7.71).	[MsgId: MWAR-15995]
Warning: Iteration pacing cannot be reached (pace time = 3.46, actual time = 9.14).	[MsgId: MWAR-15995]
Warning: Iteration pacing cannot be reached (pace time = 3.57, actual time = 3.93).	[MsgId: MWAR-15995]
Warning: Iteration pacing cannot be reached (pace time = 3.03, actual time = 7.00).	[MsgId: MWAR-15995]
Warning: Iteration pacing cannot be reached (pace time = 3.52, actual time = 6.48).	[MsgId: MWAR-15995]
Warning: Iteration pacing cannot be reached (pace time = 3.91, actual time = 5.89).	[MsgId: MWAR-15995]
Warning: Iteration pacing cannot be reached (pace time = 3.71, actual time = 5.55).	[MsgId: MWAR-15995]
Warning: Iteration pacing cannot be reached (pace time = 3.56, actual time = 4.50).	[MsgId: MWAR-15995]
Warning: Iteration pacing cannot be reached (pace time = 3.99, actual time = 8.96).	[MsgId: MWAR-15995]
Warning: Iteration pacing cannot be reached (pace time = 3.69, actual time = 6.88).	[MsgId: MWAR-15995]
Warning: Iteration pacing cannot be reached (pace time = 3.20, actual time = 8.46).	[MsgId: MWAR-15995]
Warning: Iteration pacing cannot be reached (pace time = 3.72, actual time = 4.57).	[MsgId: MWAR-15995]
Warning: Iteration pacing cannot be reached (pace time = 3.16, actual time = 3.41).	[MsgId: MWAR-15995]
Warning: Iteration pacing cannot be reached (pace time = 3.27, actual time = 6.03).	[MsgId: MWAR-15995]
Warning: Iteration pacing cannot be reached (pace time = 3.38, actual time = 6.37).	[MsgId: MWAR-15995]
Warning: Iteration pacing cannot be reached (pace time = 3.91, actual time = 5.55).	[MsgId: MWAR-15995]
Warning: Iteration pacing cannot be reached (pace time = 3.18, actual time = 6.95).	[MsgId: MWAR-15995]
Warning: Iteration pacing cannot be reached (pace time = 3.67, actual time = 11.59).	[MsgId: MWAR-15995]
Warning: Iteration pacing cannot be reached (pace time = 3.55, actual time = 17.69).	[MsgId: MWAR-15995]
Warning: Iteration pacing cannot be reached (pace time = 3.79, actual time = 18.37).	[MsgId: MWAR-15995]
Warning: Iteration pacing cannot be reached (pace time = 3.70, actual time = 18.43).	[MsgId: MWAR-15995]
Warning: Iteration pacing cannot be reached (pace time = 3.10, actual time = 15.49).	[MsgId: MWAR-15995]
Warning: Iteration pacing cannot be reached (pace time = 3.80, actual time = 21.20).	[MsgId: MWAR-15995]
Warning: Iteration pacing cannot be reached (pace time = 3.62, actual time = 23.21).	[MsgId: MWAR-15995]
Warning: Iteration pacing cannot be reached (pace time = 3.95, actual time = 22.59).	[MsgId: MWAR-15995]
Warning: Iteration pacing cannot be reached (pace time = 3.46, actual time = 14.04).	[MsgId: MWAR-15995]
Warning: Iteration pacing cannot be reached (pace time = 3.02, actual time = 17.64).	[MsgId: MWAR-15995]
Warning: Iteration pacing cannot be reached (pace time = 3.83, actual time = 19.84).	[MsgId: MWAR-15995]
Warning: Iteration pacing cannot be reached (pace time = 3.78, actual time = 23.85).	[MsgId: MWAR-15995]
Warning: Iteration pacing cannot be reached (pace time = 3.14, actual time = 25.69).	[MsgId: MWAR-15995]
Warning: Iteration pacing cannot be reached (pace time = 3.26, actual time = 24.84).	[MsgId: MWAR-15995]
Warning: Iteration pacing cannot be reached (pace time = 3.23, actual time = 27.03).	[MsgId: MWAR-15995]
Warning: Iteration pacing cannot be reached (pace time = 3.05, actual time = 23.33).	[MsgId: MWAR-15995]
kaas_DocSearchHPES_Product_Context.c(9): Error -26608: HTTP Status-Code=504 (Gateway Timeout) for "https://hx9ekpvvbi.execute-api.us-east-1.amazonaws.com/KaaS-ITG/v2/search?q=HP Elitebook Notebooks&resultLimit=20&resultStart=0&languageCode=en&countryCode=us&store=tmsstore&filters=(shallincludeinautosuggest:true%20AND%20class:(pm_series_value%5E2%20OR%20pm_name_value%20OR%20pm_number_value)%20AND%20contenttype:Product)"  	[MsgId: MERR-26608]
Warning: Iteration pacing cannot be reached (pace time = 3.98, actual time = 29.05).	[MsgId: MWAR-15995]
Warning: Iteration pacing cannot be reached (pace time = 3.40, actual time = 28.49).	[MsgId: MWAR-15995]
Warning: Iteration pacing cannot be reached (pace time = 3.93, actual time = 26.01).	[MsgId: MWAR-15995]
kaas_DocSearchHPES_Product_Context.c(9): Error -26608: HTTP Status-Code=504 (Gateway Timeout) for "https://hx9ekpvvbi.execute-api.us-east-1.amazonaws.com/KaaS-ITG/v2/search?q=HP Photosmart Printer Models A100 to A999&resultLimit=20&resultStart=0&languageCode=en&countryCode=us&store=tmsstore&filters=(shallincludeinautosuggest:true%20AND%20class:(pm_series_value%5E2%20OR%20pm_name_value%20OR%20pm_number_value)%20AND%20contenttype:Product)"  	[MsgId: MERR-26608]
Warning: Iteration pacing cannot be reached (pace time = 3.29, actual time = 29.04).	[MsgId: MWAR-15995]
kaas_DocSearchHPES_Product_Context.c(9): Error -26608: HTTP Status-Code=504 (Gateway Timeout) for "https://hx9ekpvvbi.execute-api.us-east-1.amazonaws.com/KaaS-ITG/v2/search?q=HP Officejet Printer Models A100 to A999&resultLimit=20&resultStart=0&languageCode=en&countryCode=us&store=tmsstore&filters=(shallincludeinautosuggest:true%20AND%20class:(pm_series_value%5E2%20OR%20pm_name_value%20OR%20pm_number_value)%20AND%20contenttype:Product)"  	[MsgId: MERR-26608]
Warning: Iteration pacing cannot be reached (pace time = 3.28, actual time = 29.04).	[MsgId: MWAR-15995]
kaas_DocSearchHPES_Product_Context.c(9): Error -26608: HTTP Status-Code=504 (Gateway Timeout) for "https://hx9ekpvvbi.execute-api.us-east-1.amazonaws.com/KaaS-ITG/v2/search?q=Envy 15 k1&resultLimit=20&resultStart=0&languageCode=en&countryCode=us&store=tmsstore&filters=(shallincludeinautosuggest:true%20AND%20class:(pm_series_value%5E2%20OR%20pm_name_value%20OR%20pm_number_value)%20AND%20contenttype:Product)"  	[MsgId: MERR-26608]
Warning: Iteration pacing cannot be reached (pace time = 3.89, actual time = 29.05).	[MsgId: MWAR-15995]
Warning: Iteration pacing cannot be reached (pace time = 3.83, actual time = 20.92).	[MsgId: MWAR-15995]
Warning: Iteration pacing cannot be reached (pace time = 3.49, actual time = 26.44).	[MsgId: MWAR-15995]
kaas_DocSearchHPES_Product_Context.c(9): Error -26608: HTTP Status-Code=504 (Gateway Timeout) for "https://hx9ekpvvbi.execute-api.us-east-1.amazonaws.com/KaaS-ITG/v2/search?q=HP Officejet Printer Models 6000 to 9999&resultLimit=20&resultStart=0&languageCode=en&countryCode=us&store=tmsstore&filters=(shallincludeinautosuggest:true%20AND%20class:(pm_series_value%5E2%20OR%20pm_name_value%20OR%20pm_number_value)%20AND%20contenttype:Product)"  	[MsgId: MERR-26608]
Warning: Iteration pacing cannot be reached (pace time = 3.88, actual time = 29.04).	[MsgId: MWAR-15995]
kaas_DocSearchHPES_Product_Context.c(9): Error -26608: HTTP Status-Code=504 (Gateway Timeout) for "https://hx9ekpvvbi.execute-api.us-east-1.amazonaws.com/KaaS-ITG/v2/search?q=HP ENVY Desktop Models 700-000 to 700-999&resultLimit=20&resultStart=0&languageCode=en&countryCode=us&store=tmsstore&filters=(shallincludeinautosuggest:true%20AND%20class:(pm_series_value%5E2%20OR%20pm_name_value%20OR%20pm_number_value)%20AND%20contenttype:Product)"  	[MsgId: MERR-26608]
Warning: Iteration pacing cannot be reached (pace time = 3.67, actual time = 29.04).	[MsgId: MWAR-15995]
Warning: Iteration pacing cannot be reached (pace time = 3.96, actual time = 13.50).	[MsgId: MWAR-15995]
Warning: Iteration pacing cannot be reached (pace time = 3.18, actual time = 20.99).	[MsgId: MWAR-15995]
kaas_DocSearchHPES_Product_Context.c(9): Error -26608: HTTP Status-Code=504 (Gateway Timeout) for "https://hx9ekpvvbi.execute-api.us-east-1.amazonaws.com/KaaS-ITG/v2/search?q=HP Color LaserJet Enterprise flow MFP M88&resultLimit=20&resultStart=0&languageCode=en&countryCode=us&store=tmsstore&filters=(shallincludeinautosuggest:true%20AND%20class:(pm_series_value%5E2%20OR%20pm_name_value%20OR%20pm_number_value)%20AND%20contenttype:Product)"  	[MsgId: MERR-26608]
Warning: Iteration pacing cannot be reached (pace time = 3.62, actual time = 29.04).	[MsgId: MWAR-15995]
kaas_DocSearchHPES_Product_Context.c(9): Error -26608: HTTP Status-Code=504 (Gateway Timeout) for "https://hx9ekpvvbi.execute-api.us-east-1.amazonaws.com/KaaS-ITG/v2/search?q=presario cq&resultLimit=20&resultStart=0&languageCode=en&countryCode=us&store=tmsstore&filters=(shallincludeinautosuggest:true%20AND%20class:(pm_series_value%5E2%20OR%20pm_name_value%20OR%20pm_number_value)%20AND%20contenttype:Product)"  	[MsgId: MERR-26608]
Warning: Iteration pacing cannot be reached (pace time = 3.51, actual time = 29.04).	[MsgId: MWAR-15995]
Warning: Iteration pacing cannot be reached (pace time = 3.39, actual time = 25.95).	[MsgId: MWAR-15995]
kaas_DocSearchHPES_Product_Context.c(9): Error -26608: HTTP Status-Code=504 (Gateway Timeout) for "https://hx9ekpvvbi.execute-api.us-east-1.amazonaws.com/KaaS-ITG/v2/search?q=HP Pavilion Desktop Models 500-000 to 500-999&resultLimit=20&resultStart=0&languageCode=en&countryCode=us&store=tmsstore&filters=(shallincludeinautosuggest:true%20AND%20class:(pm_series_value%5E2%20OR%20pm_name_value%20OR%20pm_number_value)%20AND%20contenttype:Product)"  	[MsgId: MERR-26608]
Warning: Iteration pacing cannot be reached (pace time = 3.09, actual time = 29.05).	[MsgId: MWAR-15995]
Warning: Iteration pacing cannot be reached (pace time = 3.62, actual time = 28.41).	[MsgId: MWAR-15995]
Warning: Iteration pacing cannot be reached (pace time = 3.52, actual time = 20.71).	[MsgId: MWAR-15995]
Warning: Iteration pacing cannot be reached (pace time = 3.40, actual time = 26.68).	[MsgId: MWAR-15995]
Warning: Iteration pacing cannot be reached (pace time = 3.74, actual time = 14.79).	[MsgId: MWAR-15995]
kaas_DocSearchHPES_Product_Context.c(9): Error -26608: HTTP Status-Code=504 (Gateway Timeout) for "https://hx9ekpvvbi.execute-api.us-east-1.amazonaws.com/KaaS-ITG/v2/search?q=HP ENVY Desktop Models 700-000 to 700-999&resultLimit=20&resultStart=0&languageCode=en&countryCode=us&store=tmsstore&filters=(shallincludeinautosuggest:true%20AND%20class:(pm_series_value%5E2%20OR%20pm_name_value%20OR%20pm_number_value)%20AND%20contenttype:Product)"  	[MsgId: MERR-26608]
Warning: Iteration pacing cannot be reached (pace time = 3.56, actual time = 29.04).	[MsgId: MWAR-15995]
kaas_DocSearchHPES_Product_Context.c(9): Error -26608: HTTP Status-Code=504 (Gateway Timeout) for "https://hx9ekpvvbi.execute-api.us-east-1.amazonaws.com/KaaS-ITG/v2/search?q=envy printer&resultLimit=20&resultStart=0&languageCode=en&countryCode=us&store=tmsstore&filters=(shallincludeinautosuggest:true%20AND%20class:(pm_series_value%5E2%20OR%20pm_name_value%20OR%20pm_number_value)%20AND%20contenttype:Product)"  	[MsgId: MERR-26608]
Warning: Iteration pacing cannot be reached (pace time = 3.36, actual time = 29.05).	[MsgId: MWAR-15995]
Warning: Iteration pacing cannot be reached (pace time = 3.45, actual time = 25.33).	[MsgId: MWAR-15995]
Warning: Iteration pacing cannot be reached (pace time = 3.31, actual time = 27.48).	[MsgId: MWAR-15995]
Warning: Iteration pacing cannot be reached (pace time = 3.43, actual time = 21.14).	[MsgId: MWAR-15995]
Warning: Iteration pacing cannot be reached (pace time = 3.54, actual time = 27.52).	[MsgId: MWAR-15995]
Warning: Iteration pacing cannot be reached (pace time = 3.83, actual time = 21.57).	[MsgId: MWAR-15995]
Warning: Iteration pacing cannot be reached (pace time = 3.01, actual time = 19.89).	[MsgId: MWAR-15995]
Warning: Iteration pacing cannot be reached (pace time = 3.02, actual time = 20.11).	[MsgId: MWAR-15995]
kaas_DocSearchHPES_Product_Context.c(9): Error -26608: HTTP Status-Code=504 (Gateway Timeout) for "https://hx9ekpvvbi.execute-api.us-east-1.amazonaws.com/KaaS-ITG/v2/search?q=HP ENVY x2 11-g050br&resultLimit=20&resultStart=0&languageCode=en&countryCode=us&store=tmsstore&filters=(shallincludeinautosuggest:true%20AND%20class:(pm_series_value%5E2%20OR%20pm_name_value%20OR%20pm_number_value)%20AND%20contenttype:Product)"  	[MsgId: MERR-26608]
Warning: Iteration pacing cannot be reached (pace time = 3.63, actual time = 29.04).	[MsgId: MWAR-15995]
Warning: Iteration pacing cannot be reached (pace time = 3.01, actual time = 19.05).	[MsgId: MWAR-15995]
Warning: Iteration pacing cannot be reached (pace time = 3.26, actual time = 25.41).	[MsgId: MWAR-15995]
Warning: Iteration pacing cannot be reached (pace time = 3.68, actual time = 24.34).	[MsgId: MWAR-15995]
Warning: Iteration pacing cannot be reached (pace time = 3.37, actual time = 16.61).	[MsgId: MWAR-15995]
Warning: Iteration pacing cannot be reached (pace time = 3.81, actual time = 15.07).	[MsgId: MWAR-15995]
Warning: Iteration pacing cannot be reached (pace time = 3.79, actual time = 13.62).	[MsgId: MWAR-15995]
Warning: Iteration pacing cannot be reached (pace time = 3.34, actual time = 14.15).	[MsgId: MWAR-15995]
Warning: Iteration pacing cannot be reached (pace time = 3.77, actual time = 6.39).	[MsgId: MWAR-15995]
Warning: Iteration pacing cannot be reached (pace time = 3.38, actual time = 16.82).	[MsgId: MWAR-15995]
Warning: Iteration pacing cannot be reached (pace time = 3.01, actual time = 16.79).	[MsgId: MWAR-15995]
Warning: Iteration pacing cannot be reached (pace time = 3.32, actual time = 9.55).	[MsgId: MWAR-15995]
Warning: Iteration pacing cannot be reached (pace time = 3.63, actual time = 4.52).	[MsgId: MWAR-15995]
Warning: Iteration pacing cannot be reached (pace time = 3.74, actual time = 16.39).	[MsgId: MWAR-15995]
Warning: Iteration pacing cannot be reached (pace time = 3.95, actual time = 20.86).	[MsgId: MWAR-15995]
Warning: Iteration pacing cannot be reached (pace time = 3.75, actual time = 10.17).	[MsgId: MWAR-15995]
Warning: Iteration pacing cannot be reached (pace time = 3.12, actual time = 3.47).	[MsgId: MWAR-15995]
Warning: Iteration pacing cannot be reached (pace time = 3.37, actual time = 4.13).	[MsgId: MWAR-15995]
Warning: Iteration pacing cannot be reached (pace time = 3.82, actual time = 4.91).	[MsgId: MWAR-15995]
Warning: Iteration pacing cannot be reached (pace time = 3.75, actual time = 8.87).	[MsgId: MWAR-15995]
Warning: Iteration pacing cannot be reached (pace time = 3.11, actual time = 7.19).	[MsgId: MWAR-15995]
Warning: Iteration pacing cannot be reached (pace time = 3.38, actual time = 7.53).	[MsgId: MWAR-15995]
Warning: Iteration pacing cannot be reached (pace time = 3.29, actual time = 5.81).	[MsgId: MWAR-15995]
Warning: Iteration pacing cannot be reached (pace time = 3.08, actual time = 8.55).	[MsgId: MWAR-15995]
Warning: Iteration pacing cannot be reached (pace time = 3.78, actual time = 10.76).	[MsgId: MWAR-15995]
Warning: Iteration pacing cannot be reached (pace time = 3.67, actual time = 11.55).	[MsgId: MWAR-15995]
Warning: Iteration pacing cannot be reached (pace time = 3.23, actual time = 12.84).	[MsgId: MWAR-15995]
Warning: Iteration pacing cannot be reached (pace time = 3.97, actual time = 16.22).	[MsgId: MWAR-15995]
Warning: Iteration pacing cannot be reached (pace time = 3.83, actual time = 7.83).	[MsgId: MWAR-15995]
Warning: Iteration pacing cannot be reached (pace time = 3.60, actual time = 9.25).	[MsgId: MWAR-15995]
Warning: Iteration pacing cannot be reached (pace time = 3.99, actual time = 12.90).	[MsgId: MWAR-15995]
Warning: Iteration pacing cannot be reached (pace time = 3.35, actual time = 10.31).	[MsgId: MWAR-15995]
Warning: Iteration pacing cannot be reached (pace time = 3.52, actual time = 14.86).	[MsgId: MWAR-15995]
Warning: Iteration pacing cannot be reached (pace time = 3.25, actual time = 16.74).	[MsgId: MWAR-15995]
Warning: Iteration pacing cannot be reached (pace time = 3.04, actual time = 18.14).	[MsgId: MWAR-15995]
Warning: Iteration pacing cannot be reached (pace time = 3.84, actual time = 18.16).	[MsgId: MWAR-15995]
Warning: Iteration pacing cannot be reached (pace time = 3.37, actual time = 26.75).	[MsgId: MWAR-15995]
Warning: Iteration pacing cannot be reached (pace time = 3.59, actual time = 22.97).	[MsgId: MWAR-15995]
Warning: Iteration pacing cannot be reached (pace time = 3.33, actual time = 24.60).	[MsgId: MWAR-15995]
kaas_DocSearchHPES_Product_Context.c(9): Error -26608: HTTP Status-Code=504 (Gateway Timeout) for "https://hx9ekpvvbi.execute-api.us-east-1.amazonaws.com/KaaS-ITG/v2/search?q=HP ENVY x2 11-g050la&resultLimit=20&resultStart=0&languageCode=en&countryCode=us&store=tmsstore&filters=(shallincludeinautosuggest:true%20AND%20class:(pm_series_value%5E2%20OR%20pm_name_value%20OR%20pm_number_value)%20AND%20contenttype:Product)"  	[MsgId: MERR-26608]
Warning: Iteration pacing cannot be reached (pace time = 3.54, actual time = 29.04).	[MsgId: MWAR-15995]
kaas_DocSearchHPES_Product_Context.c(9): Error -26608: HTTP Status-Code=504 (Gateway Timeout) for "https://hx9ekpvvbi.execute-api.us-east-1.amazonaws.com/KaaS-ITG/v2/search?q=HP Pavilion Desktop Models 500-000 to 500-999&resultLimit=20&resultStart=0&languageCode=en&countryCode=us&store=tmsstore&filters=(shallincludeinautosuggest:true%20AND%20class:(pm_series_value%5E2%20OR%20pm_name_value%20OR%20pm_number_value)%20AND%20contenttype:Product)"  	[MsgId: MERR-26608]
Warning: Iteration pacing cannot be reached (pace time = 3.36, actual time = 29.04).	[MsgId: MWAR-15995]
Warning: Iteration pacing cannot be reached (pace time = 3.93, actual time = 22.39).	[MsgId: MWAR-15995]
Warning: Iteration pacing cannot be reached (pace time = 3.21, actual time = 8.00).	[MsgId: MWAR-15995]
kaas_DocSearchHPES_Product_Context.c(9): Error -26608: HTTP Status-Code=504 (Gateway Timeout) for "https://hx9ekpvvbi.execute-api.us-east-1.amazonaws.com/KaaS-ITG/v2/search?q=elitebook 84&resultLimit=20&resultStart=0&languageCode=en&countryCode=us&store=tmsstore&filters=(shallincludeinautosuggest:true%20AND%20class:(pm_series_value%5E2%20OR%20pm_name_value%20OR%20pm_number_value)%20AND%20contenttype:Product)"  	[MsgId: MERR-26608]
Warning: Iteration pacing cannot be reached (pace time = 3.27, actual time = 29.04).	[MsgId: MWAR-15995]
kaas_DocSearchHPES_Product_Context.c(9): Error -26608: HTTP Status-Code=504 (Gateway Timeout) for "https://hx9ekpvvbi.execute-api.us-east-1.amazonaws.com/KaaS-ITG/v2/search?q=elitebook 84&resultLimit=20&resultStart=0&languageCode=en&countryCode=us&store=tmsstore&filters=(shallincludeinautosuggest:true%20AND%20class:(pm_series_value%5E2%20OR%20pm_name_value%20OR%20pm_number_value)%20AND%20contenttype:Product)"  	[MsgId: MERR-26608]
Warning: Iteration pacing cannot be reached (pace time = 3.49, actual time = 29.05).	[MsgId: MWAR-15995]
kaas_DocSearchHPES_Product_Context.c(9): Error -26608: HTTP Status-Code=504 (Gateway Timeout) for "https://hx9ekpvvbi.execute-api.us-east-1.amazonaws.com/KaaS-ITG/v2/search?q=Compaq Gaming Desktops&resultLimit=20&resultStart=0&languageCode=en&countryCode=us&store=tmsstore&filters=(shallincludeinautosuggest:true%20AND%20class:(pm_series_value%5E2%20OR%20pm_name_value%20OR%20pm_number_value)%20AND%20contenttype:Product)"  	[MsgId: MERR-26608]
Warning: Iteration pacing cannot be reached (pace time = 3.36, actual time = 29.05).	[MsgId: MWAR-15995]
Warning: Iteration pacing cannot be reached (pace time = 3.35, actual time = 19.36).	[MsgId: MWAR-15995]
Warning: Iteration pacing cannot be reached (pace time = 3.18, actual time = 24.62).	[MsgId: MWAR-15995]
Warning: Iteration pacing cannot be reached (pace time = 3.01, actual time = 28.15).	[MsgId: MWAR-15995]
Warning: Iteration pacing cannot be reached (pace time = 3.92, actual time = 23.14).	[MsgId: MWAR-15995]
Warning: Iteration pacing cannot be reached (pace time = 3.05, actual time = 25.26).	[MsgId: MWAR-15995]
Warning: Iteration pacing cannot be reached (pace time = 3.45, actual time = 26.00).	[MsgId: MWAR-15995]
kaas_DocSearchHPES_Product_Context.c(9): Error -26608: HTTP Status-Code=504 (Gateway Timeout) for "https://hx9ekpvvbi.execute-api.us-east-1.amazonaws.com/KaaS-ITG/v2/search?q=HP Pavilion Desktop Models 500-000 to 500-999&resultLimit=20&resultStart=0&languageCode=en&countryCode=us&store=tmsstore&filters=(shallincludeinautosuggest:true%20AND%20class:(pm_series_value%5E2%20OR%20pm_name_value%20OR%20pm_number_value)%20AND%20contenttype:Product)"  	[MsgId: MERR-26608]
Warning: Iteration pacing cannot be reached (pace time = 3.80, actual time = 29.04).	[MsgId: MWAR-15995]
kaas_DocSearchHPES_Product_Context.c(9): Error -26608: HTTP Status-Code=504 (Gateway Timeout) for "https://hx9ekpvvbi.execute-api.us-east-1.amazonaws.com/KaaS-ITG/v2/search?q=HP Pavilion Desktop Models 100 to 999&resultLimit=20&resultStart=0&languageCode=en&countryCode=us&store=tmsstore&filters=(shallincludeinautosuggest:true%20AND%20class:(pm_series_value%5E2%20OR%20pm_name_value%20OR%20pm_number_value)%20AND%20contenttype:Product)"  	[MsgId: MERR-26608]
Warning: Iteration pacing cannot be reached (pace time = 3.66, actual time = 29.04).	[MsgId: MWAR-15995]
kaas_DocSearchHPES_Product_Context.c(9): Error -26608: HTTP Status-Code=504 (Gateway Timeout) for "https://hx9ekpvvbi.execute-api.us-east-1.amazonaws.com/KaaS-ITG/v2/search?q=HP Pavilion Desktop Models 500-000 to 500-999&resultLimit=20&resultStart=0&languageCode=en&countryCode=us&store=tmsstore&filters=(shallincludeinautosuggest:true%20AND%20class:(pm_series_value%5E2%20OR%20pm_name_value%20OR%20pm_number_value)%20AND%20contenttype:Product)"  	[MsgId: MERR-26608]
Warning: Iteration pacing cannot be reached (pace time = 3.32, actual time = 29.04).	[MsgId: MWAR-15995]
Warning: Iteration pacing cannot be reached (pace time = 3.00, actual time = 22.34).	[MsgId: MWAR-15995]
kaas_DocSearchHPES_Product_Context.c(9): Error -26608: HTTP Status-Code=504 (Gateway Timeout) for "https://hx9ekpvvbi.execute-api.us-east-1.amazonaws.com/KaaS-ITG/v2/search?q=HP Compaq Notebook&resultLimit=20&resultStart=0&languageCode=en&countryCode=us&store=tmsstore&filters=(shallincludeinautosuggest:true%20AND%20class:(pm_series_value%5E2%20OR%20pm_name_value%20OR%20pm_number_value)%20AND%20contenttype:Product)"  	[MsgId: MERR-26608]
Warning: Iteration pacing cannot be reached (pace time = 3.11, actual time = 29.04).	[MsgId: MWAR-15995]
kaas_DocSearchHPES_Product_Context.c(9): Error -26608: HTTP Status-Code=504 (Gateway Timeout) for "https://hx9ekpvvbi.execute-api.us-east-1.amazonaws.com/KaaS-ITG/v2/search?q=officejet&resultLimit=20&resultStart=0&languageCode=en&countryCode=us&store=tmsstore&filters=(shallincludeinautosuggest:true%20AND%20class:(pm_series_value%5E2%20OR%20pm_name_value%20OR%20pm_number_value)%20AND%20contenttype:Product)"  	[MsgId: MERR-26608]
Warning: Iteration pacing cannot be reached (pace time = 3.23, actual time = 29.04).	[MsgId: MWAR-15995]
Warning: Iteration pacing cannot be reached (pace time = 3.33, actual time = 26.72).	[MsgId: MWAR-15995]
Warning: Iteration pacing cannot be reached (pace time = 3.19, actual time = 25.44).	[MsgId: MWAR-15995]
Warning: Iteration pacing cannot be reached (pace time = 3.48, actual time = 21.08).	[MsgId: MWAR-15995]
Warning: Iteration pacing cannot be reached (pace time = 3.83, actual time = 28.99).	[MsgId: MWAR-15995]
Warning: Iteration pacing cannot be reached (pace time = 3.46, actual time = 24.91).	[MsgId: MWAR-15995]
Warning: Iteration pacing cannot be reached (pace time = 3.12, actual time = 28.63).	[MsgId: MWAR-15995]
Warning: Iteration pacing cannot be reached (pace time = 3.99, actual time = 12.47).	[MsgId: MWAR-15995]
Warning: Iteration pacing cannot be reached (pace time = 3.83, actual time = 27.70).	[MsgId: MWAR-15995]
Warning: Iteration pacing cannot be reached (pace time = 3.45, actual time = 13.02).	[MsgId: MWAR-15995]
kaas_DocSearchHPES_Product_Context.c(9): Error -26608: HTTP Status-Code=504 (Gateway Timeout) for "https://hx9ekpvvbi.execute-api.us-east-1.amazonaws.com/KaaS-ITG/v2/search?q=HP Pavilion 11-n000eh x360 PC&resultLimit=20&resultStart=0&languageCode=en&countryCode=us&store=tmsstore&filters=(shallincludeinautosuggest:true%20AND%20class:(pm_series_value%5E2%20OR%20pm_name_value%20OR%20pm_number_value)%20AND%20contenttype:Product)"  	[MsgId: MERR-26608]
Warning: Iteration pacing cannot be reached (pace time = 3.28, actual time = 29.05).	[MsgId: MWAR-15995]
Warning: Iteration pacing cannot be reached (pace time = 3.55, actual time = 8.65).	[MsgId: MWAR-15995]
Warning: Iteration pacing cannot be reached (pace time = 3.56, actual time = 11.90).	[MsgId: MWAR-15995]
Warning: Iteration pacing cannot be reached (pace time = 3.92, actual time = 11.84).	[MsgId: MWAR-15995]
Warning: Iteration pacing cannot be reached (pace time = 3.40, actual time = 19.60).	[MsgId: MWAR-15995]
Warning: Iteration pacing cannot be reached (pace time = 3.11, actual time = 25.21).	[MsgId: MWAR-15995]
Warning: Iteration pacing cannot be reached (pace time = 3.50, actual time = 3.85).	[MsgId: MWAR-15995]
Warning: Iteration pacing cannot be reached (pace time = 3.04, actual time = 20.26).	[MsgId: MWAR-15995]
Warning: Iteration pacing cannot be reached (pace time = 3.79, actual time = 4.64).	[MsgId: MWAR-15995]
Warning: Iteration pacing cannot be reached (pace time = 3.59, actual time = 6.43).	[MsgId: MWAR-15995]
Warning: Iteration pacing cannot be reached (pace time = 3.09, actual time = 8.78).	[MsgId: MWAR-15995]
Warning: Iteration pacing cannot be reached (pace time = 3.26, actual time = 16.77).	[MsgId: MWAR-15995]
Warning: Iteration pacing cannot be reached (pace time = 3.61, actual time = 10.09).	[MsgId: MWAR-15995]
Warning: Iteration pacing cannot be reached (pace time = 3.83, actual time = 13.74).	[MsgId: MWAR-15995]
Warning: Iteration pacing cannot be reached (pace time = 3.64, actual time = 7.50).	[MsgId: MWAR-15995]
Warning: Iteration pacing cannot be reached (pace time = 3.92, actual time = 5.73).	[MsgId: MWAR-15995]
Warning: Iteration pacing cannot be reached (pace time = 3.60, actual time = 7.72).	[MsgId: MWAR-15995]
Warning: Iteration pacing cannot be reached (pace time = 3.22, actual time = 13.61).	[MsgId: MWAR-15995]
Warning: Iteration pacing cannot be reached (pace time = 3.03, actual time = 13.96).	[MsgId: MWAR-15995]
Warning: Iteration pacing cannot be reached (pace time = 3.16, actual time = 12.95).	[MsgId: MWAR-15995]
Warning: Iteration pacing cannot be reached (pace time = 3.13, actual time = 10.38).	[MsgId: MWAR-15995]
Warning: Iteration pacing cannot be reached (pace time = 3.60, actual time = 10.52).	[MsgId: MWAR-15995]
Warning: Iteration pacing cannot be reached (pace time = 3.40, actual time = 12.55).	[MsgId: MWAR-15995]
Warning: Iteration pacing cannot be reached (pace time = 3.74, actual time = 9.04).	[MsgId: MWAR-15995]
Warning: Iteration pacing cannot be reached (pace time = 3.24, actual time = 9.66).	[MsgId: MWAR-15995]
Warning: Iteration pacing cannot be reached (pace time = 3.32, actual time = 9.62).	[MsgId: MWAR-15995]
Warning: Iteration pacing cannot be reached (pace time = 3.66, actual time = 20.41).	[MsgId: MWAR-15995]
Warning: Iteration pacing cannot be reached (pace time = 3.55, actual time = 18.71).	[MsgId: MWAR-15995]
Warning: Iteration pacing cannot be reached (pace time = 3.84, actual time = 19.56).	[MsgId: MWAR-15995]
Warning: Iteration pacing cannot be reached (pace time = 3.35, actual time = 16.81).	[MsgId: MWAR-15995]
Warning: Iteration pacing cannot be reached (pace time = 3.37, actual time = 17.46).	[MsgId: MWAR-15995]
Warning: Iteration pacing cannot be reached (pace time = 3.61, actual time = 19.10).	[MsgId: MWAR-15995]
Warning: Iteration pacing cannot be reached (pace time = 3.07, actual time = 7.93).	[MsgId: MWAR-15995]
Warning: Iteration pacing cannot be reached (pace time = 3.97, actual time = 6.29).	[MsgId: MWAR-15995]
Warning: Iteration pacing cannot be reached (pace time = 3.88, actual time = 6.47).	[MsgId: MWAR-15995]
Warning: Iteration pacing cannot be reached (pace time = 3.93, actual time = 22.05).	[MsgId: MWAR-15995]
Warning: Iteration pacing cannot be reached (pace time = 3.17, actual time = 23.19).	[MsgId: MWAR-15995]
Warning: Iteration pacing cannot be reached (pace time = 3.33, actual time = 19.24).	[MsgId: MWAR-15995]
Warning: Iteration pacing cannot be reached (pace time = 3.29, actual time = 20.76).	[MsgId: MWAR-15995]
Warning: Iteration pacing cannot be reached (pace time = 3.40, actual time = 18.91).	[MsgId: MWAR-15995]
Warning: Iteration pacing cannot be reached (pace time = 3.49, actual time = 4.13).	[MsgId: MWAR-15995]
Warning: Iteration pacing cannot be reached (pace time = 3.84, actual time = 4.23).	[MsgId: MWAR-15995]
Warning: Iteration pacing cannot be reached (pace time = 3.50, actual time = 11.78).	[MsgId: MWAR-15995]
Warning: Iteration pacing cannot be reached (pace time = 3.54, actual time = 9.07).	[MsgId: MWAR-15995]
Warning: Iteration pacing cannot be reached (pace time = 3.59, actual time = 21.53).	[MsgId: MWAR-15995]
Warning: Iteration pacing cannot be reached (pace time = 3.75, actual time = 25.73).	[MsgId: MWAR-15995]
Warning: Iteration pacing cannot be reached (pace time = 3.10, actual time = 19.57).	[MsgId: MWAR-15995]
Warning: Iteration pacing cannot be reached (pace time = 3.50, actual time = 24.00).	[MsgId: MWAR-15995]
Warning: Iteration pacing cannot be reached (pace time = 3.31, actual time = 25.35).	[MsgId: MWAR-15995]
kaas_DocSearchHPES_Product_Context.c(9): Error -26608: HTTP Status-Code=504 (Gateway Timeout) for "https://hx9ekpvvbi.execute-api.us-east-1.amazonaws.com/KaaS-ITG/v2/search?q=Compaq Evo Desktop&resultLimit=20&resultStart=0&languageCode=en&countryCode=us&store=tmsstore&filters=(shallincludeinautosuggest:true%20AND%20class:(pm_series_value%5E2%20OR%20pm_name_value%20OR%20pm_number_value)%20AND%20contenttype:Product)"  	[MsgId: MERR-26608]
Warning: Iteration pacing cannot be reached (pace time = 3.87, actual time = 29.04).	[MsgId: MWAR-15995]
Warning: Iteration pacing cannot be reached (pace time = 3.11, actual time = 13.88).	[MsgId: MWAR-15995]
Warning: Iteration pacing cannot be reached (pace time = 3.10, actual time = 8.93).	[MsgId: MWAR-15995]
Warning: Iteration pacing cannot be reached (pace time = 3.40, actual time = 6.33).	[MsgId: MWAR-15995]
Warning: Iteration pacing cannot be reached (pace time = 3.48, actual time = 7.86).	[MsgId: MWAR-15995]
Warning: Iteration pacing cannot be reached (pace time = 3.03, actual time = 27.13).	[MsgId: MWAR-15995]
Warning: Iteration pacing cannot be reached (pace time = 3.07, actual time = 22.28).	[MsgId: MWAR-15995]
Warning: Iteration pacing cannot be reached (pace time = 3.37, actual time = 20.21).	[MsgId: MWAR-15995]
Warning: Iteration pacing cannot be reached (pace time = 3.22, actual time = 8.58).	[MsgId: MWAR-15995]
Warning: Iteration pacing cannot be reached (pace time = 3.42, actual time = 24.41).	[MsgId: MWAR-15995]
Warning: Iteration pacing cannot be reached (pace time = 3.35, actual time = 14.88).	[MsgId: MWAR-15995]
Warning: Iteration pacing cannot be reached (pace time = 3.22, actual time = 6.86).	[MsgId: MWAR-15995]
Warning: Iteration pacing cannot be reached (pace time = 3.43, actual time = 9.93).	[MsgId: MWAR-15995]
Warning: Iteration pacing cannot be reached (pace time = 3.60, actual time = 11.72).	[MsgId: MWAR-15995]
Warning: Iteration pacing cannot be reached (pace time = 3.59, actual time = 6.92).	[MsgId: MWAR-15995]
Warning: Iteration pacing cannot be reached (pace time = 3.98, actual time = 22.76).	[MsgId: MWAR-15995]
Warning: Iteration pacing cannot be reached (pace time = 3.96, actual time = 11.24).	[MsgId: MWAR-15995]
Warning: Iteration pacing cannot be reached (pace time = 3.65, actual time = 16.39).	[MsgId: MWAR-15995]
Warning: Iteration pacing cannot be reached (pace time = 3.10, actual time = 19.07).	[MsgId: MWAR-15995]
Warning: Iteration pacing cannot be reached (pace time = 3.82, actual time = 11.43).	[MsgId: MWAR-15995]
Warning: Iteration pacing cannot be reached (pace time = 3.32, actual time = 19.93).	[MsgId: MWAR-15995]
Warning: Iteration pacing cannot be reached (pace time = 3.96, actual time = 25.39).	[MsgId: MWAR-15995]
Warning: Iteration pacing cannot be reached (pace time = 4.00, actual time = 25.00).	[MsgId: MWAR-15995]
Warning: Iteration pacing cannot be reached (pace time = 3.53, actual time = 10.27).	[MsgId: MWAR-15995]
Warning: Iteration pacing cannot be reached (pace time = 3.96, actual time = 9.88).	[MsgId: MWAR-15995]
Warning: Iteration pacing cannot be reached (pace time = 3.92, actual time = 7.01).	[MsgId: MWAR-15995]
Warning: Iteration pacing cannot be reached (pace time = 3.91, actual time = 6.65).	[MsgId: MWAR-15995]
Warning: Iteration pacing cannot be reached (pace time = 3.52, actual time = 9.30).	[MsgId: MWAR-15995]
Warning: Iteration pacing cannot be reached (pace time = 3.69, actual time = 6.63).	[MsgId: MWAR-15995]
Warning: Iteration pacing cannot be reached (pace time = 3.17, actual time = 8.76).	[MsgId: MWAR-15995]
Warning: Iteration pacing cannot be reached (pace time = 3.22, actual time = 8.92).	[MsgId: MWAR-15995]
Warning: Iteration pacing cannot be reached (pace time = 3.33, actual time = 7.84).	[MsgId: MWAR-15995]
Warning: Iteration pacing cannot be reached (pace time = 3.90, actual time = 9.86).	[MsgId: MWAR-15995]
Warning: Iteration pacing cannot be reached (pace time = 3.76, actual time = 23.09).	[MsgId: MWAR-15995]
Warning: Iteration pacing cannot be reached (pace time = 3.02, actual time = 8.55).	[MsgId: MWAR-15995]
Warning: Iteration pacing cannot be reached (pace time = 3.18, actual time = 3.21).	[MsgId: MWAR-15995]
Warning: Iteration pacing cannot be reached (pace time = 3.86, actual time = 5.36).	[MsgId: MWAR-15995]
Warning: Iteration pacing cannot be reached (pace time = 3.75, actual time = 25.33).	[MsgId: MWAR-15995]
Warning: Iteration pacing cannot be reached (pace time = 3.96, actual time = 5.63).	[MsgId: MWAR-15995]
Warning: Iteration pacing cannot be reached (pace time = 3.21, actual time = 5.35).	[MsgId: MWAR-15995]
Warning: Iteration pacing cannot be reached (pace time = 3.09, actual time = 5.47).	[MsgId: MWAR-15995]
Warning: Iteration pacing cannot be reached (pace time = 3.51, actual time = 8.95).	[MsgId: MWAR-15995]
Warning: Iteration pacing cannot be reached (pace time = 3.10, actual time = 8.34).	[MsgId: MWAR-15995]
Warning: Iteration pacing cannot be reached (pace time = 3.04, actual time = 11.50).	[MsgId: MWAR-15995]
Warning: Iteration pacing cannot be reached (pace time = 3.58, actual time = 4.29).	[MsgId: MWAR-15995]
Warning: Iteration pacing cannot be reached (pace time = 3.32, actual time = 4.19).	[MsgId: MWAR-15995]
Warning: Iteration pacing cannot be reached (pace time = 3.62, actual time = 4.20).	[MsgId: MWAR-15995]
Warning: Iteration pacing cannot be reached (pace time = 3.91, actual time = 11.23).	[MsgId: MWAR-15995]
Warning: Iteration pacing cannot be reached (pace time = 3.16, actual time = 4.76).	[MsgId: MWAR-15995]
Warning: Iteration pacing cannot be reached (pace time = 3.77, actual time = 4.37).	[MsgId: MWAR-15995]
Warning: Iteration pacing cannot be reached (pace time = 3.94, actual time = 11.10).	[MsgId: MWAR-15995]
Warning: Iteration pacing cannot be reached (pace time = 3.96, actual time = 7.75).	[MsgId: MWAR-15995]
Warning: Iteration pacing cannot be reached (pace time = 3.02, actual time = 3.04).	[MsgId: MWAR-15995]
