Warning: Iteration pacing cannot be reached (pace time = 5.21, actual time = 6.01).	[MsgId: MWAR-15995]
Warning: Iteration pacing cannot be reached (pace time = 6.00, actual time = 7.37).	[MsgId: MWAR-15995]
Warning: Iteration pacing cannot be reached (pace time = 4.39, actual time = 9.45).	[MsgId: MWAR-15995]
Warning: Iteration pacing cannot be reached (pace time = 4.29, actual time = 5.26).	[MsgId: MWAR-15995]
Warning: Iteration pacing cannot be reached (pace time = 5.23, actual time = 8.98).	[MsgId: MWAR-15995]
Warning: Iteration pacing cannot be reached (pace time = 4.70, actual time = 12.81).	[MsgId: MWAR-15995]
Warning: Iteration pacing cannot be reached (pace time = 4.36, actual time = 9.46).	[MsgId: MWAR-15995]
Warning: Iteration pacing cannot be reached (pace time = 4.28, actual time = 8.49).	[MsgId: MWAR-15995]
Warning: Iteration pacing cannot be reached (pace time = 5.66, actual time = 7.40).	[MsgId: MWAR-15995]
Warning: Iteration pacing cannot be reached (pace time = 4.21, actual time = 12.02).	[MsgId: MWAR-15995]
Warning: Iteration pacing cannot be reached (pace time = 5.82, actual time = 6.04).	[MsgId: MWAR-15995]
Warning: Iteration pacing cannot be reached (pace time = 4.67, actual time = 10.19).	[MsgId: MWAR-15995]
Warning: Iteration pacing cannot be reached (pace time = 4.95, actual time = 5.36).	[MsgId: MWAR-15995]
Warning: Iteration pacing cannot be reached (pace time = 5.61, actual time = 10.36).	[MsgId: MWAR-15995]
Warning: Iteration pacing cannot be reached (pace time = 4.17, actual time = 15.55).	[MsgId: MWAR-15995]
Warning: Iteration pacing cannot be reached (pace time = 4.20, actual time = 8.52).	[MsgId: MWAR-15995]
Warning: Iteration pacing cannot be reached (pace time = 5.78, actual time = 6.73).	[MsgId: MWAR-15995]
kaas_DocSearchHPES_Product_Context.c(9): Error -26608: HTTP Status-Code=504 (Gateway Timeout) for "https://hx9ekpvvbi.execute-api.us-east-1.amazonaws.com/KaaS-ITG/v2/search?q=d268&resultLimit=20&resultStart=0&languageCode=en&countryCode=us&store=tmsstore&filters=(shallincludeinautosuggest:true%20AND%20class:(pm_series_value%5E2%20OR%20pm_name_value%20OR%20pm_number_value)%20AND%20contenttype:Product)"  	[MsgId: MERR-26608]
Warning: Iteration pacing cannot be reached (pace time = 5.27, actual time = 29.05).	[MsgId: MWAR-15995]
kaas_DocSearchHPES_Product_Context.c(9): Error -26608: HTTP Status-Code=504 (Gateway Timeout) for "https://hx9ekpvvbi.execute-api.us-east-1.amazonaws.com/KaaS-ITG/v2/search?q=HP ENVY x2 11-g050la&resultLimit=20&resultStart=0&languageCode=en&countryCode=us&store=tmsstore&filters=(shallincludeinautosuggest:true%20AND%20class:(pm_series_value%5E2%20OR%20pm_name_value%20OR%20pm_number_value)%20AND%20contenttype:Product)"  	[MsgId: MERR-26608]
Warning: Iteration pacing cannot be reached (pace time = 5.95, actual time = 29.04).	[MsgId: MWAR-15995]
Warning: Iteration pacing cannot be reached (pace time = 5.13, actual time = 28.76).	[MsgId: MWAR-15995]
Warning: Iteration pacing cannot be reached (pace time = 5.27, actual time = 16.85).	[MsgId: MWAR-15995]
Warning: Iteration pacing cannot be reached (pace time = 5.60, actual time = 24.39).	[MsgId: MWAR-15995]
Warning: Iteration pacing cannot be reached (pace time = 5.73, actual time = 11.55).	[MsgId: MWAR-15995]
Warning: Iteration pacing cannot be reached (pace time = 5.78, actual time = 7.92).	[MsgId: MWAR-15995]
Warning: Iteration pacing cannot be reached (pace time = 5.99, actual time = 8.52).	[MsgId: MWAR-15995]
Warning: Iteration pacing cannot be reached (pace time = 4.34, actual time = 13.39).	[MsgId: MWAR-15995]
Warning: Iteration pacing cannot be reached (pace time = 5.14, actual time = 16.86).	[MsgId: MWAR-15995]
Warning: Iteration pacing cannot be reached (pace time = 4.56, actual time = 11.72).	[MsgId: MWAR-15995]
Warning: Iteration pacing cannot be reached (pace time = 5.36, actual time = 17.95).	[MsgId: MWAR-15995]
Warning: Iteration pacing cannot be reached (pace time = 5.80, actual time = 13.72).	[MsgId: MWAR-15995]
Warning: Iteration pacing cannot be reached (pace time = 4.88, actual time = 10.53).	[MsgId: MWAR-15995]
Warning: Iteration pacing cannot be reached (pace time = 4.91, actual time = 15.61).	[MsgId: MWAR-15995]
Warning: Iteration pacing cannot be reached (pace time = 5.74, actual time = 10.86).	[MsgId: MWAR-15995]
Warning: Iteration pacing cannot be reached (pace time = 5.76, actual time = 5.99).	[MsgId: MWAR-15995]
Warning: Iteration pacing cannot be reached (pace time = 5.01, actual time = 10.20).	[MsgId: MWAR-15995]
Warning: Iteration pacing cannot be reached (pace time = 4.05, actual time = 19.31).	[MsgId: MWAR-15995]
Warning: Iteration pacing cannot be reached (pace time = 5.07, actual time = 8.46).	[MsgId: MWAR-15995]
Warning: Iteration pacing cannot be reached (pace time = 4.49, actual time = 9.45).	[MsgId: MWAR-15995]
Warning: Iteration pacing cannot be reached (pace time = 4.79, actual time = 9.36).	[MsgId: MWAR-15995]
Warning: Iteration pacing cannot be reached (pace time = 4.97, actual time = 5.83).	[MsgId: MWAR-15995]
Warning: Iteration pacing cannot be reached (pace time = 4.69, actual time = 14.86).	[MsgId: MWAR-15995]
kaas_DocSearchHPES_Product_Context.c(9): Error -26608: HTTP Status-Code=504 (Gateway Timeout) for "https://hx9ekpvvbi.execute-api.us-east-1.amazonaws.com/KaaS-ITG/v2/search?q=hp 2159m&resultLimit=20&resultStart=0&languageCode=en&countryCode=us&store=tmsstore&filters=(shallincludeinautosuggest:true%20AND%20class:(pm_series_value%5E2%20OR%20pm_name_value%20OR%20pm_number_value)%20AND%20contenttype:Product)"  	[MsgId: MERR-26608]
Warning: Iteration pacing cannot be reached (pace time = 5.29, actual time = 29.04).	[MsgId: MWAR-15995]
kaas_DocSearchHPES_Product_Context.c(9): Error -26608: HTTP Status-Code=504 (Gateway Timeout) for "https://hx9ekpvvbi.execute-api.us-east-1.amazonaws.com/KaaS-ITG/v2/search?q=HP Photosmart Printer Models B010 to B999&resultLimit=20&resultStart=0&languageCode=en&countryCode=us&store=tmsstore&filters=(shallincludeinautosuggest:true%20AND%20class:(pm_series_value%5E2%20OR%20pm_name_value%20OR%20pm_number_value)%20AND%20contenttype:Product)"  	[MsgId: MERR-26608]
Warning: Iteration pacing cannot be reached (pace time = 4.07, actual time = 29.04).	[MsgId: MWAR-15995]
kaas_DocSearchHPES_Product_Context.c(9): Error -26608: HTTP Status-Code=504 (Gateway Timeout) for "https://hx9ekpvvbi.execute-api.us-east-1.amazonaws.com/KaaS-ITG/v2/search?q=470001-647&resultLimit=20&resultStart=0&languageCode=en&countryCode=us&store=tmsstore&filters=(shallincludeinautosuggest:true%20AND%20class:(pm_series_value%5E2%20OR%20pm_name_value%20OR%20pm_number_value)%20AND%20contenttype:Product)"  	[MsgId: MERR-26608]
Warning: Iteration pacing cannot be reached (pace time = 5.69, actual time = 29.04).	[MsgId: MWAR-15995]
kaas_DocSearchHPES_Product_Context.c(9): Error -26608: HTTP Status-Code=504 (Gateway Timeout) for "https://hx9ekpvvbi.execute-api.us-east-1.amazonaws.com/KaaS-ITG/v2/search?q=HP Officejet Printer Models 6000 to 9999&resultLimit=20&resultStart=0&languageCode=en&countryCode=us&store=tmsstore&filters=(shallincludeinautosuggest:true%20AND%20class:(pm_series_value%5E2%20OR%20pm_name_value%20OR%20pm_number_value)%20AND%20contenttype:Product)"  	[MsgId: MERR-26608]
Warning: Iteration pacing cannot be reached (pace time = 5.63, actual time = 29.05).	[MsgId: MWAR-15995]
kaas_DocSearchHPES_Product_Context.c(9): Error -26608: HTTP Status-Code=504 (Gateway Timeout) for "https://hx9ekpvvbi.execute-api.us-east-1.amazonaws.com/KaaS-ITG/v2/search?q=HP Deskjet Printer Models J100 to J999&resultLimit=20&resultStart=0&languageCode=en&countryCode=us&store=tmsstore&filters=(shallincludeinautosuggest:true%20AND%20class:(pm_series_value%5E2%20OR%20pm_name_value%20OR%20pm_number_value)%20AND%20contenttype:Product)"  	[MsgId: MERR-26608]
Warning: Iteration pacing cannot be reached (pace time = 4.01, actual time = 29.05).	[MsgId: MWAR-15995]
Warning: Iteration pacing cannot be reached (pace time = 4.68, actual time = 28.47).	[MsgId: MWAR-15995]
Warning: Iteration pacing cannot be reached (pace time = 5.43, actual time = 7.42).	[MsgId: MWAR-15995]
Warning: Iteration pacing cannot be reached (pace time = 4.18, actual time = 27.20).	[MsgId: MWAR-15995]
Warning: Iteration pacing cannot be reached (pace time = 5.79, actual time = 19.78).	[MsgId: MWAR-15995]
kaas_DocSearchHPES_Product_Context.c(9): Error -26608: HTTP Status-Code=504 (Gateway Timeout) for "https://hx9ekpvvbi.execute-api.us-east-1.amazonaws.com/KaaS-ITG/v2/search?q=HP Color LaserJet Enterprise flow MFP M88&resultLimit=20&resultStart=0&languageCode=en&countryCode=us&store=tmsstore&filters=(shallincludeinautosuggest:true%20AND%20class:(pm_series_value%5E2%20OR%20pm_name_value%20OR%20pm_number_value)%20AND%20contenttype:Product)"  	[MsgId: MERR-26608]
Warning: Iteration pacing cannot be reached (pace time = 5.75, actual time = 29.04).	[MsgId: MWAR-15995]
Warning: Iteration pacing cannot be reached (pace time = 5.98, actual time = 9.29).	[MsgId: MWAR-15995]
Warning: Iteration pacing cannot be reached (pace time = 5.21, actual time = 9.42).	[MsgId: MWAR-15995]
