Warning: Iteration pacing cannot be reached (pace time = 5.24, actual time = 9.45).	[MsgId: MWAR-15995]
Warning: Iteration pacing cannot be reached (pace time = 5.44, actual time = 5.99).	[MsgId: MWAR-15995]
Warning: Iteration pacing cannot be reached (pace time = 5.67, actual time = 24.43).	[MsgId: MWAR-15995]
kaas_DocSearchUDPES_Doc_Range.c(8): Error -26608: HTTP Status-Code=504 (Gateway Timeout) for "https://hx9ekpvvbi.execute-api.us-east-1.amazonaws.com/KaaS-ITG/v2/search?q=Software & apps &resultLimit=10&resultStart=0&countryCode=us&languageCode=en&disclosureLevel=696531864679532034919979251200881,47406819852170807613486806879990,218620138892645155286800249901443,287477763180518087286275037723076,887243771386204747508092376253257,600096605536507071488362545356335&printFields=documentID,title,documenttype,renderlink,matchscore,description,contentupdatedate,language,disclosurelevel,store,docsource,documenttypedetails,topics,categorizations&store=docstore,supportagentstore,manualagentstore,manualstore,videostore,processagentstore,udp-content-default&aggregations=producttopics,documenttype,disclosurelevel,countrycode,topissue&fromDate=2017-07-01&toDate=2018-12-18"  	[MsgId: MERR-26608]
Warning: Iteration pacing cannot be reached (pace time = 5.46, actual time = 29.04).	[MsgId: MWAR-15995]
kaas_DocSearchUDPES_Doc_with_Prod_Context.c(8): Error -26608: HTTP Status-Code=504 (Gateway Timeout) for "https://hx9ekpvvbi.execute-api.us-east-1.amazonaws.com/KaaS-ITG/v2/search?q=webcam &resultLimit=10&resultStart=0&countryCode=us&languageCode=en&disclosureLevel=696531864679532034919979251200881,47406819852170807613486806879990,218620138892645155286800249901443,287477763180518087286275037723076,887243771386204747508092376253257,600096605536507071488362545356335&printFields=documentID,title,documenttype,renderlink,matchscore,description,contentupdatedate,language,disclosurelevel,store,docsource,documenttypedetails,topics,categorizations&store=docstore,supportagentstore,manualagentstore,manualstore,videostore,processagentstore,udp-content-default&product=3370383 OR 8485409&aggregations=producttopics,documenttype,disclosurelevel,countrycode,topissue"  	[MsgId: MERR-26608]
Warning: Iteration pacing cannot be reached (pace time = 5.87, actual time = 29.05).	[MsgId: MWAR-15995]
kaas_DocSearchUDPES_Doc_Range.c(8): Error -26608: HTTP Status-Code=504 (Gateway Timeout) for "https://hx9ekpvvbi.execute-api.us-east-1.amazonaws.com/KaaS-ITG/v2/search?q=HP Compaq Notebooks &resultLimit=10&resultStart=0&countryCode=us&languageCode=en&disclosureLevel=696531864679532034919979251200881,47406819852170807613486806879990,218620138892645155286800249901443,287477763180518087286275037723076,887243771386204747508092376253257,600096605536507071488362545356335&printFields=documentID,title,documenttype,renderlink,matchscore,description,contentupdatedate,language,disclosurelevel,store,docsource,documenttypedetails,topics,categorizations&store=docstore,supportagentstore,manualagentstore,manualstore,videostore,processagentstore,udp-content-default&aggregations=producttopics,documenttype,disclosurelevel,countrycode,topissue&fromDate=2017-07-01&toDate=2018-12-18"  	[MsgId: MERR-26608]
Warning: Iteration pacing cannot be reached (pace time = 5.43, actual time = 29.04).	[MsgId: MWAR-15995]
kaas_DocSearchUDPES_Doc_Range.c(8): Error -26608: HTTP Status-Code=504 (Gateway Timeout) for "https://hx9ekpvvbi.execute-api.us-east-1.amazonaws.com/KaaS-ITG/v2/search?q=Configure & use networking &resultLimit=10&resultStart=0&countryCode=us&languageCode=en&disclosureLevel=696531864679532034919979251200881,47406819852170807613486806879990,218620138892645155286800249901443,287477763180518087286275037723076,887243771386204747508092376253257,600096605536507071488362545356335&printFields=documentID,title,documenttype,renderlink,matchscore,description,contentupdatedate,language,disclosurelevel,store,docsource,documenttypedetails,topics,categorizations&store=docstore,supportagentstore,manualagentstore,manualstore,videostore,processagentstore,udp-content-default&aggregations=producttopics,documenttype,disclosurelevel,countrycode,topissue&fromDate=2017-07-01&toDate=2018-12-18"  	[MsgId: MERR-26608]
Warning: Iteration pacing cannot be reached (pace time = 5.52, actual time = 29.04).	[MsgId: MWAR-15995]
Warning: Iteration pacing cannot be reached (pace time = 5.90, actual time = 16.31).	[MsgId: MWAR-15995]
Warning: Iteration pacing cannot be reached (pace time = 5.29, actual time = 11.65).	[MsgId: MWAR-15995]
Warning: Iteration pacing cannot be reached (pace time = 5.85, actual time = 7.88).	[MsgId: MWAR-15995]
Warning: Iteration pacing cannot be reached (pace time = 5.32, actual time = 5.55).	[MsgId: MWAR-15995]
Warning: Iteration pacing cannot be reached (pace time = 5.89, actual time = 7.55).	[MsgId: MWAR-15995]
kaas_DocSearchUDPES_Doc_with_Prod_Context.c(8): Error -26608: HTTP Status-Code=504 (Gateway Timeout) for "https://hx9ekpvvbi.execute-api.us-east-1.amazonaws.com/KaaS-ITG/v2/search?q=download &resultLimit=10&resultStart=0&countryCode=us&languageCode=en&disclosureLevel=696531864679532034919979251200881,47406819852170807613486806879990,218620138892645155286800249901443,287477763180518087286275037723076,887243771386204747508092376253257,600096605536507071488362545356335&printFields=documentID,title,documenttype,renderlink,matchscore,description,contentupdatedate,language,disclosurelevel,store,docsource,documenttypedetails,topics,categorizations&store=docstore,supportagentstore,manualagentstore,manualstore,videostore,processagentstore,udp-content-default&product=6944198 OR 5223305&aggregations=producttopics,documenttype,disclosurelevel,countrycode,topissue"  	[MsgId: MERR-26608]
Warning: Iteration pacing cannot be reached (pace time = 5.41, actual time = 29.04).	[MsgId: MWAR-15995]
kaas_DocSearchUDPES_Doc_with_Prod_Context.c(8): Error -26608: HTTP Status-Code=504 (Gateway Timeout) for "https://hx9ekpvvbi.execute-api.us-east-1.amazonaws.com/KaaS-ITG/v2/search?q=Adding/replacing PC hardware &resultLimit=10&resultStart=0&countryCode=us&languageCode=en&disclosureLevel=696531864679532034919979251200881,47406819852170807613486806879990,218620138892645155286800249901443,287477763180518087286275037723076,887243771386204747508092376253257,600096605536507071488362545356335&printFields=documentID,title,documenttype,renderlink,matchscore,description,contentupdatedate,language,disclosurelevel,store,docsource,documenttypedetails,topics,categorizations&store=docstore,supportagentstore,manualagentstore,manualstore,videostore,processagentstore,udp-content-default&product=3370383 OR 8485409&aggregations=producttopics,documenttype,disclosurelevel,countrycode,topissue"  	[MsgId: MERR-26608]
Warning: Iteration pacing cannot be reached (pace time = 5.54, actual time = 29.05).	[MsgId: MWAR-15995]
kaas_DocSearchUDPES_Doc_Sort.c(8): Error -26608: HTTP Status-Code=504 (Gateway Timeout) for "https://hx9ekpvvbi.execute-api.us-east-1.amazonaws.com/KaaS-ITG/v2/search?q=HP Officejet Printer Models A100 to A999 &resultLimit=10&resultStart=0&countryCode=us&languageCode=en&disclosureLevel=696531864679532034919979251200881,47406819852170807613486806879990,218620138892645155286800249901443,287477763180518087286275037723076,887243771386204747508092376253257,600096605536507071488362545356335&sortBy=contentupdatedate&sortOrder=desc&printFields=documentID,title,documenttype,renderlink,matchscore,description,contentupdatedate,language,disclosurelevel,store,docsource,documenttypedetails,topics,categorizations&store=docstore,supportagentstore,manualagentstore,manualstore,videostore,processagentstore,udp-content-default&aggregations=producttopics,documenttype,disclosurelevel,countrycode,topissue"  	[MsgId: MERR-26608]
Warning: Iteration pacing cannot be reached (pace time = 5.00, actual time = 29.04).	[MsgId: MWAR-15995]
kaas_DocSearchUDPES_Doc_without_Prod_Context.c(8): Error -26608: HTTP Status-Code=504 (Gateway Timeout) for "https://hx9ekpvvbi.execute-api.us-east-1.amazonaws.com/KaaS-ITG/v2/search?q=webcam &resultLimit=10&resultStart=0&countryCode=us&languageCode=en&disclosureLevel=696531864679532034919979251200881,47406819852170807613486806879990,218620138892645155286800249901443,287477763180518087286275037723076,887243771386204747508092376253257,600096605536507071488362545356335&printFields=documentID,title,documenttype,renderlink,matchscore,description,contentupdatedate,language,disclosurelevel,store,docsource,documenttypedetails,topics,categorizations&store=docstore,supportagentstore,manualagentstore,manualstore,videostore,processagentstore,udp-content-default&aggregations=producttopics,documenttype,disclosurelevel,countrycode,topissue"  	[MsgId: MERR-26608]
Warning: Iteration pacing cannot be reached (pace time = 5.83, actual time = 29.04).	[MsgId: MWAR-15995]
kaas_DocSearchUDPES_Doc_Sort.c(8): Error -26608: HTTP Status-Code=504 (Gateway Timeout) for "https://hx9ekpvvbi.execute-api.us-east-1.amazonaws.com/KaaS-ITG/v2/search?q=HP Pavilion 11-h128tu x2 PC &resultLimit=10&resultStart=0&countryCode=us&languageCode=en&disclosureLevel=696531864679532034919979251200881,47406819852170807613486806879990,218620138892645155286800249901443,287477763180518087286275037723076,887243771386204747508092376253257,600096605536507071488362545356335&sortBy=contentupdatedate&sortOrder=desc&printFields=documentID,title,documenttype,renderlink,matchscore,description,contentupdatedate,language,disclosurelevel,store,docsource,documenttypedetails,topics,categorizations&store=docstore,supportagentstore,manualagentstore,manualstore,videostore,processagentstore,udp-content-default&aggregations=producttopics,documenttype,disclosurelevel,countrycode,topissue"  	[MsgId: MERR-26608]
Warning: Iteration pacing cannot be reached (pace time = 5.29, actual time = 29.04).	[MsgId: MWAR-15995]
kaas_DocSearchUDPES_Doc_DocTypes.c(8): Error -26608: HTTP Status-Code=504 (Gateway Timeout) for "https://hx9ekpvvbi.execute-api.us-east-1.amazonaws.com/KaaS-ITG/v2/search?q=HP Pavilion Desktop Models t100 to t999 &resultLimit=10&resultStart=0&countryCode=us&languageCode=en&disclosureLevel=696531864679532034919979251200881,47406819852170807613486806879990,218620138892645155286800249901443,287477763180518087286275037723076,887243771386204747508092376253257&printFields=documentID,title,documenttype,renderlink,matchscore,description,contentupdatedate,language,disclosurelevel,store,docsource,documenttypedetails,topics,categorizations&store=docstore,supportagentstore,udp-content-default&documentTypes=Advisory,Agent%20Reference,Agent%20Resource%20Center,Bulletin,Concept%20Content,Notice,Product%20Change%20Notification,Security%20Bulletin,Service,Support,Support%20Information"  	[MsgId: MERR-26608]
Warning: Iteration pacing cannot be reached (pace time = 5.20, actual time = 29.05).	[MsgId: MWAR-15995]
kaas_DocSearchUDPES_Doc_with_Prod_Context.c(8): Error -26608: HTTP Status-Code=504 (Gateway Timeout) for "https://hx9ekpvvbi.execute-api.us-east-1.amazonaws.com/KaaS-ITG/v2/search?q=wireless &resultLimit=10&resultStart=0&countryCode=us&languageCode=en&disclosureLevel=696531864679532034919979251200881,47406819852170807613486806879990,218620138892645155286800249901443,287477763180518087286275037723076,887243771386204747508092376253257,600096605536507071488362545356335&printFields=documentID,title,documenttype,renderlink,matchscore,description,contentupdatedate,language,disclosurelevel,store,docsource,documenttypedetails,topics,categorizations&store=docstore,supportagentstore,manualagentstore,manualstore,videostore,processagentstore,udp-content-default&product=3884606 OR 4217179&aggregations=producttopics,documenttype,disclosurelevel,countrycode,topissue"  	[MsgId: MERR-26608]
Warning: Iteration pacing cannot be reached (pace time = 5.08, actual time = 29.04).	[MsgId: MWAR-15995]
kaas_DocSearchUDPES_Doc_Sort.c(8): Error -26608: HTTP Status-Code=504 (Gateway Timeout) for "https://hx9ekpvvbi.execute-api.us-east-1.amazonaws.com/KaaS-ITG/v2/search?q=Ink/toner cartridge &resultLimit=10&resultStart=0&countryCode=us&languageCode=en&disclosureLevel=696531864679532034919979251200881,47406819852170807613486806879990,218620138892645155286800249901443,287477763180518087286275037723076,887243771386204747508092376253257,600096605536507071488362545356335&sortBy=contentupdatedate&sortOrder=desc&printFields=documentID,title,documenttype,renderlink,matchscore,description,contentupdatedate,language,disclosurelevel,store,docsource,documenttypedetails,topics,categorizations&store=docstore,supportagentstore,manualagentstore,manualstore,videostore,processagentstore,udp-content-default&aggregations=producttopics,documenttype,disclosurelevel,countrycode,topissue"  	[MsgId: MERR-26608]
Warning: Iteration pacing cannot be reached (pace time = 5.03, actual time = 29.20).	[MsgId: MWAR-15995]
Warning: Iteration pacing cannot be reached (pace time = 5.62, actual time = 22.57).	[MsgId: MWAR-15995]
Warning: Iteration pacing cannot be reached (pace time = 5.98, actual time = 24.63).	[MsgId: MWAR-15995]
Warning: Iteration pacing cannot be reached (pace time = 5.33, actual time = 9.51).	[MsgId: MWAR-15995]
Warning: Iteration pacing cannot be reached (pace time = 5.75, actual time = 15.28).	[MsgId: MWAR-15995]
Warning: Iteration pacing cannot be reached (pace time = 5.76, actual time = 11.14).	[MsgId: MWAR-15995]
Warning: Iteration pacing cannot be reached (pace time = 5.21, actual time = 6.05).	[MsgId: MWAR-15995]
Warning: Iteration pacing cannot be reached (pace time = 5.50, actual time = 7.96).	[MsgId: MWAR-15995]
Warning: Iteration pacing cannot be reached (pace time = 5.33, actual time = 6.20).	[MsgId: MWAR-15995]
Warning: Iteration pacing cannot be reached (pace time = 5.02, actual time = 5.91).	[MsgId: MWAR-15995]
Warning: Iteration pacing cannot be reached (pace time = 5.88, actual time = 8.30).	[MsgId: MWAR-15995]
Warning: Iteration pacing cannot be reached (pace time = 5.40, actual time = 8.06).	[MsgId: MWAR-15995]
Warning: Iteration pacing cannot be reached (pace time = 5.73, actual time = 11.32).	[MsgId: MWAR-15995]
Warning: Iteration pacing cannot be reached (pace time = 5.78, actual time = 9.52).	[MsgId: MWAR-15995]
Warning: Iteration pacing cannot be reached (pace time = 5.88, actual time = 9.06).	[MsgId: MWAR-15995]
Warning: Iteration pacing cannot be reached (pace time = 5.42, actual time = 8.48).	[MsgId: MWAR-15995]
Warning: Iteration pacing cannot be reached (pace time = 5.74, actual time = 9.77).	[MsgId: MWAR-15995]
Warning: Iteration pacing cannot be reached (pace time = 5.72, actual time = 7.34).	[MsgId: MWAR-15995]
Warning: Iteration pacing cannot be reached (pace time = 5.17, actual time = 5.56).	[MsgId: MWAR-15995]
Warning: Iteration pacing cannot be reached (pace time = 5.10, actual time = 6.36).	[MsgId: MWAR-15995]
Warning: Iteration pacing cannot be reached (pace time = 5.64, actual time = 5.77).	[MsgId: MWAR-15995]
Warning: Iteration pacing cannot be reached (pace time = 5.24, actual time = 5.71).	[MsgId: MWAR-15995]
Warning: Iteration pacing cannot be reached (pace time = 5.30, actual time = 7.11).	[MsgId: MWAR-15995]
Warning: Iteration pacing cannot be reached (pace time = 5.62, actual time = 6.70).	[MsgId: MWAR-15995]
Warning: Iteration pacing cannot be reached (pace time = 5.84, actual time = 6.85).	[MsgId: MWAR-15995]
Warning: Iteration pacing cannot be reached (pace time = 5.29, actual time = 12.70).	[MsgId: MWAR-15995]
Warning: Iteration pacing cannot be reached (pace time = 5.38, actual time = 14.10).	[MsgId: MWAR-15995]
Warning: Iteration pacing cannot be reached (pace time = 5.25, actual time = 13.68).	[MsgId: MWAR-15995]
Warning: Iteration pacing cannot be reached (pace time = 5.08, actual time = 11.13).	[MsgId: MWAR-15995]
Warning: Iteration pacing cannot be reached (pace time = 5.33, actual time = 10.55).	[MsgId: MWAR-15995]
Warning: Iteration pacing cannot be reached (pace time = 5.23, actual time = 11.64).	[MsgId: MWAR-15995]
Warning: Iteration pacing cannot be reached (pace time = 5.17, actual time = 13.92).	[MsgId: MWAR-15995]
Warning: Iteration pacing cannot be reached (pace time = 5.62, actual time = 13.04).	[MsgId: MWAR-15995]
Warning: Iteration pacing cannot be reached (pace time = 5.39, actual time = 13.95).	[MsgId: MWAR-15995]
Warning: Iteration pacing cannot be reached (pace time = 5.26, actual time = 15.41).	[MsgId: MWAR-15995]
Warning: Iteration pacing cannot be reached (pace time = 5.59, actual time = 14.95).	[MsgId: MWAR-15995]
Warning: Iteration pacing cannot be reached (pace time = 5.36, actual time = 6.47).	[MsgId: MWAR-15995]
Warning: Iteration pacing cannot be reached (pace time = 5.33, actual time = 7.13).	[MsgId: MWAR-15995]
Warning: Iteration pacing cannot be reached (pace time = 5.10, actual time = 6.25).	[MsgId: MWAR-15995]
Warning: Iteration pacing cannot be reached (pace time = 5.08, actual time = 6.43).	[MsgId: MWAR-15995]
Warning: Iteration pacing cannot be reached (pace time = 5.96, actual time = 6.66).	[MsgId: MWAR-15995]
Warning: Iteration pacing cannot be reached (pace time = 5.18, actual time = 5.36).	[MsgId: MWAR-15995]
Warning: Iteration pacing cannot be reached (pace time = 5.26, actual time = 5.84).	[MsgId: MWAR-15995]
Warning: Iteration pacing cannot be reached (pace time = 5.53, actual time = 5.53).	[MsgId: MWAR-15995]
Warning: Iteration pacing cannot be reached (pace time = 5.89, actual time = 7.20).	[MsgId: MWAR-15995]
Warning: Iteration pacing cannot be reached (pace time = 5.00, actual time = 5.12).	[MsgId: MWAR-15995]
Warning: Iteration pacing cannot be reached (pace time = 5.64, actual time = 6.93).	[MsgId: MWAR-15995]
Warning: Iteration pacing cannot be reached (pace time = 5.04, actual time = 5.88).	[MsgId: MWAR-15995]
Warning: Iteration pacing cannot be reached (pace time = 5.95, actual time = 6.83).	[MsgId: MWAR-15995]
Warning: Iteration pacing cannot be reached (pace time = 5.50, actual time = 6.16).	[MsgId: MWAR-15995]
Warning: Iteration pacing cannot be reached (pace time = 5.44, actual time = 7.42).	[MsgId: MWAR-15995]
Warning: Iteration pacing cannot be reached (pace time = 5.08, actual time = 6.81).	[MsgId: MWAR-15995]
Warning: Iteration pacing cannot be reached (pace time = 5.53, actual time = 8.01).	[MsgId: MWAR-15995]
Warning: Iteration pacing cannot be reached (pace time = 5.24, actual time = 8.41).	[MsgId: MWAR-15995]
Warning: Iteration pacing cannot be reached (pace time = 5.42, actual time = 6.89).	[MsgId: MWAR-15995]
Warning: Iteration pacing cannot be reached (pace time = 5.17, actual time = 5.28).	[MsgId: MWAR-15995]
Warning: Iteration pacing cannot be reached (pace time = 5.35, actual time = 5.62).	[MsgId: MWAR-15995]
Warning: Iteration pacing cannot be reached (pace time = 5.91, actual time = 6.00).	[MsgId: MWAR-15995]
Warning: Iteration pacing cannot be reached (pace time = 5.00, actual time = 5.28).	[MsgId: MWAR-15995]
Warning: Iteration pacing cannot be reached (pace time = 5.06, actual time = 5.65).	[MsgId: MWAR-15995]
Warning: Iteration pacing cannot be reached (pace time = 5.09, actual time = 6.18).	[MsgId: MWAR-15995]
Warning: Iteration pacing cannot be reached (pace time = 5.33, actual time = 7.18).	[MsgId: MWAR-15995]
Warning: Iteration pacing cannot be reached (pace time = 5.21, actual time = 5.38).	[MsgId: MWAR-15995]
Warning: Iteration pacing cannot be reached (pace time = 5.47, actual time = 6.95).	[MsgId: MWAR-15995]
Warning: Iteration pacing cannot be reached (pace time = 5.57, actual time = 5.78).	[MsgId: MWAR-15995]
Warning: Iteration pacing cannot be reached (pace time = 5.47, actual time = 6.84).	[MsgId: MWAR-15995]
Warning: Iteration pacing cannot be reached (pace time = 5.64, actual time = 6.00).	[MsgId: MWAR-15995]
Warning: Iteration pacing cannot be reached (pace time = 5.96, actual time = 6.63).	[MsgId: MWAR-15995]
Warning: Iteration pacing cannot be reached (pace time = 5.83, actual time = 6.28).	[MsgId: MWAR-15995]
Warning: Iteration pacing cannot be reached (pace time = 5.41, actual time = 7.36).	[MsgId: MWAR-15995]
Warning: Iteration pacing cannot be reached (pace time = 5.72, actual time = 6.00).	[MsgId: MWAR-15995]
Warning: Iteration pacing cannot be reached (pace time = 5.44, actual time = 6.12).	[MsgId: MWAR-15995]
Warning: Iteration pacing cannot be reached (pace time = 5.45, actual time = 5.93).	[MsgId: MWAR-15995]
Warning: Iteration pacing cannot be reached (pace time = 5.03, actual time = 5.88).	[MsgId: MWAR-15995]
Warning: Iteration pacing cannot be reached (pace time = 5.95, actual time = 8.03).	[MsgId: MWAR-15995]
Warning: Iteration pacing cannot be reached (pace time = 5.32, actual time = 5.91).	[MsgId: MWAR-15995]
Warning: Iteration pacing cannot be reached (pace time = 5.07, actual time = 7.13).	[MsgId: MWAR-15995]
Warning: Iteration pacing cannot be reached (pace time = 5.17, actual time = 5.84).	[MsgId: MWAR-15995]
Warning: Iteration pacing cannot be reached (pace time = 5.61, actual time = 6.57).	[MsgId: MWAR-15995]
Warning: Iteration pacing cannot be reached (pace time = 5.05, actual time = 5.22).	[MsgId: MWAR-15995]
Warning: Iteration pacing cannot be reached (pace time = 5.56, actual time = 7.64).	[MsgId: MWAR-15995]
Warning: Iteration pacing cannot be reached (pace time = 5.69, actual time = 5.88).	[MsgId: MWAR-15995]
Warning: Iteration pacing cannot be reached (pace time = 5.21, actual time = 6.53).	[MsgId: MWAR-15995]
Warning: Iteration pacing cannot be reached (pace time = 5.36, actual time = 6.27).	[MsgId: MWAR-15995]
Warning: Iteration pacing cannot be reached (pace time = 5.81, actual time = 6.28).	[MsgId: MWAR-15995]
Warning: Iteration pacing cannot be reached (pace time = 5.27, actual time = 8.84).	[MsgId: MWAR-15995]
Warning: Iteration pacing cannot be reached (pace time = 5.67, actual time = 6.00).	[MsgId: MWAR-15995]
Warning: Iteration pacing cannot be reached (pace time = 5.93, actual time = 7.63).	[MsgId: MWAR-15995]
Warning: Iteration pacing cannot be reached (pace time = 5.04, actual time = 8.31).	[MsgId: MWAR-15995]
Warning: Iteration pacing cannot be reached (pace time = 5.95, actual time = 6.43).	[MsgId: MWAR-15995]
Warning: Iteration pacing cannot be reached (pace time = 5.47, actual time = 6.23).	[MsgId: MWAR-15995]
Warning: Iteration pacing cannot be reached (pace time = 5.83, actual time = 6.23).	[MsgId: MWAR-15995]
Warning: Iteration pacing cannot be reached (pace time = 5.76, actual time = 5.78).	[MsgId: MWAR-15995]
Warning: Iteration pacing cannot be reached (pace time = 5.07, actual time = 5.27).	[MsgId: MWAR-15995]
Warning: Iteration pacing cannot be reached (pace time = 5.12, actual time = 5.46).	[MsgId: MWAR-15995]
Warning: Iteration pacing cannot be reached (pace time = 5.14, actual time = 5.50).	[MsgId: MWAR-15995]
Warning: Iteration pacing cannot be reached (pace time = 5.25, actual time = 7.47).	[MsgId: MWAR-15995]
Warning: Iteration pacing cannot be reached (pace time = 5.94, actual time = 9.75).	[MsgId: MWAR-15995]
Warning: Iteration pacing cannot be reached (pace time = 5.62, actual time = 11.22).	[MsgId: MWAR-15995]
kaas_DocSearchUDPES_Doc_DocTypes.c(8): Error -26608: HTTP Status-Code=504 (Gateway Timeout) for "https://hx9ekpvvbi.execute-api.us-east-1.amazonaws.com/KaaS-ITG/v2/search?q=HP Compaq Tablets &resultLimit=10&resultStart=0&countryCode=us&languageCode=en&disclosureLevel=696531864679532034919979251200881,47406819852170807613486806879990,218620138892645155286800249901443,287477763180518087286275037723076,887243771386204747508092376253257&printFields=documentID,title,documenttype,renderlink,matchscore,description,contentupdatedate,language,disclosurelevel,store,docsource,documenttypedetails,topics,categorizations&store=docstore,supportagentstore,udp-content-default&documentTypes=Advisory,Agent%20Reference,Agent%20Resource%20Center,Bulletin,Concept%20Content,Notice,Product%20Change%20Notification,Security%20Bulletin,Service,Support,Support%20Information"  	[MsgId: MERR-26608]
Warning: Iteration pacing cannot be reached (pace time = 5.76, actual time = 29.04).	[MsgId: MWAR-15995]
Warning: Iteration pacing cannot be reached (pace time = 5.82, actual time = 19.35).	[MsgId: MWAR-15995]
kaas_DocSearchUDPES_Doc_DocTypes.c(8): Error -26608: HTTP Status-Code=504 (Gateway Timeout) for "https://hx9ekpvvbi.execute-api.us-east-1.amazonaws.com/KaaS-ITG/v2/search?q=HP Pavilion Desktop Models 500-000 to 500-999 &resultLimit=10&resultStart=0&countryCode=us&languageCode=en&disclosureLevel=696531864679532034919979251200881,47406819852170807613486806879990,218620138892645155286800249901443,287477763180518087286275037723076,887243771386204747508092376253257&printFields=documentID,title,documenttype,renderlink,matchscore,description,contentupdatedate,language,disclosurelevel,store,docsource,documenttypedetails,topics,categorizations&store=docstore,supportagentstore,udp-content-default&documentTypes=Advisory,Agent%20Reference,Agent%20Resource%20Center,Bulletin,Concept%20Content,Notice,Product%20Change%20Notification,Security%20Bulletin,Service,Support,Support%20Information"  	[MsgId: MERR-26608]
Warning: Iteration pacing cannot be reached (pace time = 5.13, actual time = 29.04).	[MsgId: MWAR-15995]
Warning: Iteration pacing cannot be reached (pace time = 5.61, actual time = 24.82).	[MsgId: MWAR-15995]
kaas_DocSearchUDPES_Doc_Range.c(8): Error -26608: HTTP Status-Code=504 (Gateway Timeout) for "https://hx9ekpvvbi.execute-api.us-east-1.amazonaws.com/KaaS-ITG/v2/search?q=HP Ultrabook Notebooks &resultLimit=10&resultStart=0&countryCode=us&languageCode=en&disclosureLevel=696531864679532034919979251200881,47406819852170807613486806879990,218620138892645155286800249901443,287477763180518087286275037723076,887243771386204747508092376253257,600096605536507071488362545356335&printFields=documentID,title,documenttype,renderlink,matchscore,description,contentupdatedate,language,disclosurelevel,store,docsource,documenttypedetails,topics,categorizations&store=docstore,supportagentstore,manualagentstore,manualstore,videostore,processagentstore,udp-content-default&aggregations=producttopics,documenttype,disclosurelevel,countrycode,topissue&fromDate=2017-07-01&toDate=2018-12-18"  	[MsgId: MERR-26608]
Warning: Iteration pacing cannot be reached (pace time = 5.46, actual time = 29.08).	[MsgId: MWAR-15995]
Warning: Iteration pacing cannot be reached (pace time = 5.47, actual time = 25.63).	[MsgId: MWAR-15995]
kaas_DocSearchUDPES_Doc_Sort.c(8): Error -26608: HTTP Status-Code=504 (Gateway Timeout) for "https://hx9ekpvvbi.execute-api.us-east-1.amazonaws.com/KaaS-ITG/v2/search?q=HP Pavilion All-in-One Desktops &resultLimit=10&resultStart=0&countryCode=us&languageCode=en&disclosureLevel=696531864679532034919979251200881,47406819852170807613486806879990,218620138892645155286800249901443,287477763180518087286275037723076,887243771386204747508092376253257,600096605536507071488362545356335&sortBy=contentupdatedate&sortOrder=desc&printFields=documentID,title,documenttype,renderlink,matchscore,description,contentupdatedate,language,disclosurelevel,store,docsource,documenttypedetails,topics,categorizations&store=docstore,supportagentstore,manualagentstore,manualstore,videostore,processagentstore,udp-content-default&aggregations=producttopics,documenttype,disclosurelevel,countrycode,topissue"  	[MsgId: MERR-26608]
Warning: Iteration pacing cannot be reached (pace time = 5.66, actual time = 29.04).	[MsgId: MWAR-15995]
kaas_DocSearchUDPES_Doc_with_Prod_Context.c(8): Error -26608: HTTP Status-Code=504 (Gateway Timeout) for "https://hx9ekpvvbi.execute-api.us-east-1.amazonaws.com/KaaS-ITG/v2/search?q=External storage/memory card/USB &resultLimit=10&resultStart=0&countryCode=us&languageCode=en&disclosureLevel=696531864679532034919979251200881,47406819852170807613486806879990,218620138892645155286800249901443,287477763180518087286275037723076,887243771386204747508092376253257,600096605536507071488362545356335&printFields=documentID,title,documenttype,renderlink,matchscore,description,contentupdatedate,language,disclosurelevel,store,docsource,documenttypedetails,topics,categorizations&store=docstore,supportagentstore,manualagentstore,manualstore,videostore,processagentstore,udp-content-default&product=3884606 OR 4217179&aggregations=producttopics,documenttype,disclosurelevel,countrycode,topissue"  	[MsgId: MERR-26608]
Warning: Iteration pacing cannot be reached (pace time = 5.83, actual time = 29.04).	[MsgId: MWAR-15995]
kaas_DocSearchUDPES_Doc_with_Prod_Context.c(8): Error -26608: HTTP Status-Code=504 (Gateway Timeout) for "https://hx9ekpvvbi.execute-api.us-east-1.amazonaws.com/KaaS-ITG/v2/search?q=Display panel &resultLimit=10&resultStart=0&countryCode=us&languageCode=en&disclosureLevel=696531864679532034919979251200881,47406819852170807613486806879990,218620138892645155286800249901443,287477763180518087286275037723076,887243771386204747508092376253257,600096605536507071488362545356335&printFields=documentID,title,documenttype,renderlink,matchscore,description,contentupdatedate,language,disclosurelevel,store,docsource,documenttypedetails,topics,categorizations&store=docstore,supportagentstore,manualagentstore,manualstore,videostore,processagentstore,udp-content-default&product=7234912 OR 5058852&aggregations=producttopics,documenttype,disclosurelevel,countrycode,topissue"  	[MsgId: MERR-26608]
Warning: Iteration pacing cannot be reached (pace time = 5.27, actual time = 29.04).	[MsgId: MWAR-15995]
kaas_DocSearchUDPES_Doc_Range.c(8): Error -26608: HTTP Status-Code=504 (Gateway Timeout) for "https://hx9ekpvvbi.execute-api.us-east-1.amazonaws.com/KaaS-ITG/v2/search?q=External storage memory card USB &resultLimit=10&resultStart=0&countryCode=us&languageCode=en&disclosureLevel=696531864679532034919979251200881,47406819852170807613486806879990,218620138892645155286800249901443,287477763180518087286275037723076,887243771386204747508092376253257,600096605536507071488362545356335&printFields=documentID,title,documenttype,renderlink,matchscore,description,contentupdatedate,language,disclosurelevel,store,docsource,documenttypedetails,topics,categorizations&store=docstore,supportagentstore,manualagentstore,manualstore,videostore,processagentstore,udp-content-default&aggregations=producttopics,documenttype,disclosurelevel,countrycode,topissue&fromDate=2017-07-01&toDate=2018-12-18"  	[MsgId: MERR-26608]
Warning: Iteration pacing cannot be reached (pace time = 5.24, actual time = 29.20).	[MsgId: MWAR-15995]
kaas_DocSearchUDPES_Doc_without_Prod_Context.c(8): Error -26608: HTTP Status-Code=504 (Gateway Timeout) for "https://hx9ekpvvbi.execute-api.us-east-1.amazonaws.com/KaaS-ITG/v2/search?q=webcam &resultLimit=10&resultStart=0&countryCode=us&languageCode=en&disclosureLevel=696531864679532034919979251200881,47406819852170807613486806879990,218620138892645155286800249901443,287477763180518087286275037723076,887243771386204747508092376253257,600096605536507071488362545356335&printFields=documentID,title,documenttype,renderlink,matchscore,description,contentupdatedate,language,disclosurelevel,store,docsource,documenttypedetails,topics,categorizations&store=docstore,supportagentstore,manualagentstore,manualstore,videostore,processagentstore,udp-content-default&aggregations=producttopics,documenttype,disclosurelevel,countrycode,topissue"  	[MsgId: MERR-26608]
Warning: Iteration pacing cannot be reached (pace time = 5.69, actual time = 29.04).	[MsgId: MWAR-15995]
kaas_DocSearchUDPES_Doc_without_Prod_Context.c(8): Error -26608: HTTP Status-Code=504 (Gateway Timeout) for "https://hx9ekpvvbi.execute-api.us-east-1.amazonaws.com/KaaS-ITG/v2/search?q=Configure & use networking &resultLimit=10&resultStart=0&countryCode=us&languageCode=en&disclosureLevel=696531864679532034919979251200881,47406819852170807613486806879990,218620138892645155286800249901443,287477763180518087286275037723076,887243771386204747508092376253257,600096605536507071488362545356335&printFields=documentID,title,documenttype,renderlink,matchscore,description,contentupdatedate,language,disclosurelevel,store,docsource,documenttypedetails,topics,categorizations&store=docstore,supportagentstore,manualagentstore,manualstore,videostore,processagentstore,udp-content-default&aggregations=producttopics,documenttype,disclosurelevel,countrycode,topissue"  	[MsgId: MERR-26608]
Warning: Iteration pacing cannot be reached (pace time = 5.81, actual time = 29.04).	[MsgId: MWAR-15995]
kaas_DocSearchUDPES_Doc_Range.c(8): Error -26608: HTTP Status-Code=504 (Gateway Timeout) for "https://hx9ekpvvbi.execute-api.us-east-1.amazonaws.com/KaaS-ITG/v2/search?q=HP Officejet Mobile Printers &resultLimit=10&resultStart=0&countryCode=us&languageCode=en&disclosureLevel=696531864679532034919979251200881,47406819852170807613486806879990,218620138892645155286800249901443,287477763180518087286275037723076,887243771386204747508092376253257,600096605536507071488362545356335&printFields=documentID,title,documenttype,renderlink,matchscore,description,contentupdatedate,language,disclosurelevel,store,docsource,documenttypedetails,topics,categorizations&store=docstore,supportagentstore,manualagentstore,manualstore,videostore,processagentstore,udp-content-default&aggregations=producttopics,documenttype,disclosurelevel,countrycode,topissue&fromDate=2017-07-01&toDate=2018-12-18"  	[MsgId: MERR-26608]
Warning: Iteration pacing cannot be reached (pace time = 5.26, actual time = 29.05).	[MsgId: MWAR-15995]
kaas_DocSearchUDPES_Doc_Sort.c(8): Error -26608: HTTP Status-Code=504 (Gateway Timeout) for "https://hx9ekpvvbi.execute-api.us-east-1.amazonaws.com/KaaS-ITG/v2/search?q=HP ENVY All-in-One Desktops &resultLimit=10&resultStart=0&countryCode=us&languageCode=en&disclosureLevel=696531864679532034919979251200881,47406819852170807613486806879990,218620138892645155286800249901443,287477763180518087286275037723076,887243771386204747508092376253257,600096605536507071488362545356335&sortBy=contentupdatedate&sortOrder=desc&printFields=documentID,title,documenttype,renderlink,matchscore,description,contentupdatedate,language,disclosurelevel,store,docsource,documenttypedetails,topics,categorizations&store=docstore,supportagentstore,manualagentstore,manualstore,videostore,processagentstore,udp-content-default&aggregations=producttopics,documenttype,disclosurelevel,countrycode,topissue"  	[MsgId: MERR-26608]
Warning: Iteration pacing cannot be reached (pace time = 5.66, actual time = 29.04).	[MsgId: MWAR-15995]
kaas_DocSearchUDPES_Doc_Range.c(8): Error -26608: HTTP Status-Code=504 (Gateway Timeout) for "https://hx9ekpvvbi.execute-api.us-east-1.amazonaws.com/KaaS-ITG/v2/search?q=Videos photos &resultLimit=10&resultStart=0&countryCode=us&languageCode=en&disclosureLevel=696531864679532034919979251200881,47406819852170807613486806879990,218620138892645155286800249901443,287477763180518087286275037723076,887243771386204747508092376253257,600096605536507071488362545356335&printFields=documentID,title,documenttype,renderlink,matchscore,description,contentupdatedate,language,disclosurelevel,store,docsource,documenttypedetails,topics,categorizations&store=docstore,supportagentstore,manualagentstore,manualstore,videostore,processagentstore,udp-content-default&aggregations=producttopics,documenttype,disclosurelevel,countrycode,topissue&fromDate=2017-07-01&toDate=2018-12-18"  	[MsgId: MERR-26608]
Warning: Iteration pacing cannot be reached (pace time = 5.48, actual time = 29.19).	[MsgId: MWAR-15995]
kaas_DocSearchUDPES_Doc_DocTypes.c(8): Error -26608: HTTP Status-Code=504 (Gateway Timeout) for "https://hx9ekpvvbi.execute-api.us-east-1.amazonaws.com/KaaS-ITG/v2/search?q=HP ENVY All-in-One Desktops &resultLimit=10&resultStart=0&countryCode=us&languageCode=en&disclosureLevel=696531864679532034919979251200881,47406819852170807613486806879990,218620138892645155286800249901443,287477763180518087286275037723076,887243771386204747508092376253257&printFields=documentID,title,documenttype,renderlink,matchscore,description,contentupdatedate,language,disclosurelevel,store,docsource,documenttypedetails,topics,categorizations&store=docstore,supportagentstore,udp-content-default&documentTypes=Advisory,Agent%20Reference,Agent%20Resource%20Center,Bulletin,Concept%20Content,Notice,Product%20Change%20Notification,Security%20Bulletin,Service,Support,Support%20Information"  	[MsgId: MERR-26608]
Warning: Iteration pacing cannot be reached (pace time = 5.26, actual time = 29.04).	[MsgId: MWAR-15995]
kaas_DocSearchUDPES_Doc_DocTypes.c(8): Error -26608: HTTP Status-Code=504 (Gateway Timeout) for "https://hx9ekpvvbi.execute-api.us-east-1.amazonaws.com/KaaS-ITG/v2/search?q=HP 7 Tablets &resultLimit=10&resultStart=0&countryCode=us&languageCode=en&disclosureLevel=696531864679532034919979251200881,47406819852170807613486806879990,218620138892645155286800249901443,287477763180518087286275037723076,887243771386204747508092376253257&printFields=documentID,title,documenttype,renderlink,matchscore,description,contentupdatedate,language,disclosurelevel,store,docsource,documenttypedetails,topics,categorizations&store=docstore,supportagentstore,udp-content-default&documentTypes=Advisory,Agent%20Reference,Agent%20Resource%20Center,Bulletin,Concept%20Content,Notice,Product%20Change%20Notification,Security%20Bulletin,Service,Support,Support%20Information"  	[MsgId: MERR-26608]
Warning: Iteration pacing cannot be reached (pace time = 5.68, actual time = 29.04).	[MsgId: MWAR-15995]
kaas_DocSearchUDPES_Doc_without_Prod_Context.c(8): Error -26608: HTTP Status-Code=504 (Gateway Timeout) for "https://hx9ekpvvbi.execute-api.us-east-1.amazonaws.com/KaaS-ITG/v2/search?q=Display panel &resultLimit=10&resultStart=0&countryCode=us&languageCode=en&disclosureLevel=696531864679532034919979251200881,47406819852170807613486806879990,218620138892645155286800249901443,287477763180518087286275037723076,887243771386204747508092376253257,600096605536507071488362545356335&printFields=documentID,title,documenttype,renderlink,matchscore,description,contentupdatedate,language,disclosurelevel,store,docsource,documenttypedetails,topics,categorizations&store=docstore,supportagentstore,manualagentstore,manualstore,videostore,processagentstore,udp-content-default&aggregations=producttopics,documenttype,disclosurelevel,countrycode,topissue"  	[MsgId: MERR-26608]
Warning: Iteration pacing cannot be reached (pace time = 5.69, actual time = 29.04).	[MsgId: MWAR-15995]
kaas_DocSearchUDPES_Doc_without_Prod_Context.c(8): Error -26608: HTTP Status-Code=504 (Gateway Timeout) for "https://hx9ekpvvbi.execute-api.us-east-1.amazonaws.com/KaaS-ITG/v2/search?q=Diagnostics &resultLimit=10&resultStart=0&countryCode=us&languageCode=en&disclosureLevel=696531864679532034919979251200881,47406819852170807613486806879990,218620138892645155286800249901443,287477763180518087286275037723076,887243771386204747508092376253257,600096605536507071488362545356335&printFields=documentID,title,documenttype,renderlink,matchscore,description,contentupdatedate,language,disclosurelevel,store,docsource,documenttypedetails,topics,categorizations&store=docstore,supportagentstore,manualagentstore,manualstore,videostore,processagentstore,udp-content-default&aggregations=producttopics,documenttype,disclosurelevel,countrycode,topissue"  	[MsgId: MERR-26608]
Warning: Iteration pacing cannot be reached (pace time = 5.83, actual time = 29.04).	[MsgId: MWAR-15995]
kaas_DocSearchUDPES_Doc_Sort.c(8): Error -26608: HTTP Status-Code=504 (Gateway Timeout) for "https://hx9ekpvvbi.execute-api.us-east-1.amazonaws.com/KaaS-ITG/v2/search?q=install &resultLimit=10&resultStart=0&countryCode=us&languageCode=en&disclosureLevel=696531864679532034919979251200881,47406819852170807613486806879990,218620138892645155286800249901443,287477763180518087286275037723076,887243771386204747508092376253257,600096605536507071488362545356335&sortBy=contentupdatedate&sortOrder=desc&printFields=documentID,title,documenttype,renderlink,matchscore,description,contentupdatedate,language,disclosurelevel,store,docsource,documenttypedetails,topics,categorizations&store=docstore,supportagentstore,manualagentstore,manualstore,videostore,processagentstore,udp-content-default&aggregations=producttopics,documenttype,disclosurelevel,countrycode,topissue"  	[MsgId: MERR-26608]
Warning: Iteration pacing cannot be reached (pace time = 5.95, actual time = 29.04).	[MsgId: MWAR-15995]
kaas_DocSearchUDPES_Doc_Sort.c(8): Error -26608: HTTP Status-Code=504 (Gateway Timeout) for "https://hx9ekpvvbi.execute-api.us-east-1.amazonaws.com/KaaS-ITG/v2/search?q=HP Pavilion 11-h128tu x2 PC &resultLimit=10&resultStart=0&countryCode=us&languageCode=en&disclosureLevel=696531864679532034919979251200881,47406819852170807613486806879990,218620138892645155286800249901443,287477763180518087286275037723076,887243771386204747508092376253257,600096605536507071488362545356335&sortBy=contentupdatedate&sortOrder=desc&printFields=documentID,title,documenttype,renderlink,matchscore,description,contentupdatedate,language,disclosurelevel,store,docsource,documenttypedetails,topics,categorizations&store=docstore,supportagentstore,manualagentstore,manualstore,videostore,processagentstore,udp-content-default&aggregations=producttopics,documenttype,disclosurelevel,countrycode,topissue"  	[MsgId: MERR-26608]
Warning: Iteration pacing cannot be reached (pace time = 5.22, actual time = 29.19).	[MsgId: MWAR-15995]
kaas_DocSearchUDPES_Doc_without_Prod_Context.c(8): Error -26608: HTTP Status-Code=504 (Gateway Timeout) for "https://hx9ekpvvbi.execute-api.us-east-1.amazonaws.com/KaaS-ITG/v2/search?q=Security & virus protection &resultLimit=10&resultStart=0&countryCode=us&languageCode=en&disclosureLevel=696531864679532034919979251200881,47406819852170807613486806879990,218620138892645155286800249901443,287477763180518087286275037723076,887243771386204747508092376253257,600096605536507071488362545356335&printFields=documentID,title,documenttype,renderlink,matchscore,description,contentupdatedate,language,disclosurelevel,store,docsource,documenttypedetails,topics,categorizations&store=docstore,supportagentstore,manualagentstore,manualstore,videostore,processagentstore,udp-content-default&aggregations=producttopics,documenttype,disclosurelevel,countrycode,topissue"  	[MsgId: MERR-26608]
Warning: Iteration pacing cannot be reached (pace time = 5.82, actual time = 29.05).	[MsgId: MWAR-15995]
kaas_DocSearchUDPES_Doc_without_Prod_Context.c(8): Error -26608: HTTP Status-Code=504 (Gateway Timeout) for "https://hx9ekpvvbi.execute-api.us-east-1.amazonaws.com/KaaS-ITG/v2/search?q=offline &resultLimit=10&resultStart=0&countryCode=us&languageCode=en&disclosureLevel=696531864679532034919979251200881,47406819852170807613486806879990,218620138892645155286800249901443,287477763180518087286275037723076,887243771386204747508092376253257,600096605536507071488362545356335&printFields=documentID,title,documenttype,renderlink,matchscore,description,contentupdatedate,language,disclosurelevel,store,docsource,documenttypedetails,topics,categorizations&store=docstore,supportagentstore,manualagentstore,manualstore,videostore,processagentstore,udp-content-default&aggregations=producttopics,documenttype,disclosurelevel,countrycode,topissue"  	[MsgId: MERR-26608]
Warning: Iteration pacing cannot be reached (pace time = 5.52, actual time = 29.04).	[MsgId: MWAR-15995]
kaas_DocSearchUDPES_Doc_without_Prod_Context.c(8): Error -26608: HTTP Status-Code=504 (Gateway Timeout) for "https://hx9ekpvvbi.execute-api.us-east-1.amazonaws.com/KaaS-ITG/v2/search?q=Security & virus protection &resultLimit=10&resultStart=0&countryCode=us&languageCode=en&disclosureLevel=696531864679532034919979251200881,47406819852170807613486806879990,218620138892645155286800249901443,287477763180518087286275037723076,887243771386204747508092376253257,600096605536507071488362545356335&printFields=documentID,title,documenttype,renderlink,matchscore,description,contentupdatedate,language,disclosurelevel,store,docsource,documenttypedetails,topics,categorizations&store=docstore,supportagentstore,manualagentstore,manualstore,videostore,processagentstore,udp-content-default&aggregations=producttopics,documenttype,disclosurelevel,countrycode,topissue"  	[MsgId: MERR-26608]
Warning: Iteration pacing cannot be reached (pace time = 5.56, actual time = 29.04).	[MsgId: MWAR-15995]
kaas_DocSearchUDPES_Doc_without_Prod_Context.c(8): Error -26608: HTTP Status-Code=504 (Gateway Timeout) for "https://hx9ekpvvbi.execute-api.us-east-1.amazonaws.com/KaaS-ITG/v2/search?q=webcam &resultLimit=10&resultStart=0&countryCode=us&languageCode=en&disclosureLevel=696531864679532034919979251200881,47406819852170807613486806879990,218620138892645155286800249901443,287477763180518087286275037723076,887243771386204747508092376253257,600096605536507071488362545356335&printFields=documentID,title,documenttype,renderlink,matchscore,description,contentupdatedate,language,disclosurelevel,store,docsource,documenttypedetails,topics,categorizations&store=docstore,supportagentstore,manualagentstore,manualstore,videostore,processagentstore,udp-content-default&aggregations=producttopics,documenttype,disclosurelevel,countrycode,topissue"  	[MsgId: MERR-26608]
Warning: Iteration pacing cannot be reached (pace time = 5.30, actual time = 29.19).	[MsgId: MWAR-15995]
kaas_DocSearchUDPES_Doc_with_Prod_Context.c(8): Error -26608: HTTP Status-Code=504 (Gateway Timeout) for "https://hx9ekpvvbi.execute-api.us-east-1.amazonaws.com/KaaS-ITG/v2/search?q=paper jam&resultLimit=10&resultStart=0&countryCode=us&languageCode=en&disclosureLevel=696531864679532034919979251200881,47406819852170807613486806879990,218620138892645155286800249901443,287477763180518087286275037723076,887243771386204747508092376253257,600096605536507071488362545356335&printFields=documentID,title,documenttype,renderlink,matchscore,description,contentupdatedate,language,disclosurelevel,store,docsource,documenttypedetails,topics,categorizations&store=docstore,supportagentstore,manualagentstore,manualstore,videostore,processagentstore,udp-content-default&product=6978823 OR 6978821&aggregations=producttopics,documenttype,disclosurelevel,countrycode,topissue"  	[MsgId: MERR-26608]
Warning: Iteration pacing cannot be reached (pace time = 5.35, actual time = 29.18).	[MsgId: MWAR-15995]
kaas_DocSearchUDPES_Doc_without_Prod_Context.c(8): Error -26608: HTTP Status-Code=504 (Gateway Timeout) for "https://hx9ekpvvbi.execute-api.us-east-1.amazonaws.com/KaaS-ITG/v2/search?q=Fax &resultLimit=10&resultStart=0&countryCode=us&languageCode=en&disclosureLevel=696531864679532034919979251200881,47406819852170807613486806879990,218620138892645155286800249901443,287477763180518087286275037723076,887243771386204747508092376253257,600096605536507071488362545356335&printFields=documentID,title,documenttype,renderlink,matchscore,description,contentupdatedate,language,disclosurelevel,store,docsource,documenttypedetails,topics,categorizations&store=docstore,supportagentstore,manualagentstore,manualstore,videostore,processagentstore,udp-content-default&aggregations=producttopics,documenttype,disclosurelevel,countrycode,topissue"  	[MsgId: MERR-26608]
Warning: Iteration pacing cannot be reached (pace time = 5.99, actual time = 29.04).	[MsgId: MWAR-15995]
kaas_DocSearchUDPES_Doc_Sort.c(8): Error -26608: HTTP Status-Code=504 (Gateway Timeout) for "https://hx9ekpvvbi.execute-api.us-east-1.amazonaws.com/KaaS-ITG/v2/search?q=Calculator use &resultLimit=10&resultStart=0&countryCode=us&languageCode=en&disclosureLevel=696531864679532034919979251200881,47406819852170807613486806879990,218620138892645155286800249901443,287477763180518087286275037723076,887243771386204747508092376253257,600096605536507071488362545356335&sortBy=contentupdatedate&sortOrder=desc&printFields=documentID,title,documenttype,renderlink,matchscore,description,contentupdatedate,language,disclosurelevel,store,docsource,documenttypedetails,topics,categorizations&store=docstore,supportagentstore,manualagentstore,manualstore,videostore,processagentstore,udp-content-default&aggregations=producttopics,documenttype,disclosurelevel,countrycode,topissue"  	[MsgId: MERR-26608]
Warning: Iteration pacing cannot be reached (pace time = 5.99, actual time = 29.04).	[MsgId: MWAR-15995]
kaas_DocSearchUDPES_Doc_Range.c(8): Error -26608: HTTP Status-Code=504 (Gateway Timeout) for "https://hx9ekpvvbi.execute-api.us-east-1.amazonaws.com/KaaS-ITG/v2/search?q=HP Pavilion Desktop Models 500-a00 to 500-c00 &resultLimit=10&resultStart=0&countryCode=us&languageCode=en&disclosureLevel=696531864679532034919979251200881,47406819852170807613486806879990,218620138892645155286800249901443,287477763180518087286275037723076,887243771386204747508092376253257,600096605536507071488362545356335&printFields=documentID,title,documenttype,renderlink,matchscore,description,contentupdatedate,language,disclosurelevel,store,docsource,documenttypedetails,topics,categorizations&store=docstore,supportagentstore,manualagentstore,manualstore,videostore,processagentstore,udp-content-default&aggregations=producttopics,documenttype,disclosurelevel,countrycode,topissue&fromDate=2017-07-01&toDate=2018-12-18"  	[MsgId: MERR-26608]
Warning: Iteration pacing cannot be reached (pace time = 5.59, actual time = 29.20).	[MsgId: MWAR-15995]
kaas_DocSearchUDPES_Doc_Range.c(8): Error -26608: HTTP Status-Code=504 (Gateway Timeout) for "https://hx9ekpvvbi.execute-api.us-east-1.amazonaws.com/KaaS-ITG/v2/search?q=Print &resultLimit=10&resultStart=0&countryCode=us&languageCode=en&disclosureLevel=696531864679532034919979251200881,47406819852170807613486806879990,218620138892645155286800249901443,287477763180518087286275037723076,887243771386204747508092376253257,600096605536507071488362545356335&printFields=documentID,title,documenttype,renderlink,matchscore,description,contentupdatedate,language,disclosurelevel,store,docsource,documenttypedetails,topics,categorizations&store=docstore,supportagentstore,manualagentstore,manualstore,videostore,processagentstore,udp-content-default&aggregations=producttopics,documenttype,disclosurelevel,countrycode,topissue&fromDate=2017-07-01&toDate=2018-12-18"  	[MsgId: MERR-26608]
Warning: Iteration pacing cannot be reached (pace time = 5.49, actual time = 29.04).	[MsgId: MWAR-15995]
kaas_DocSearchUDPES_Doc_without_Prod_Context.c(8): Error -26608: HTTP Status-Code=504 (Gateway Timeout) for "https://hx9ekpvvbi.execute-api.us-east-1.amazonaws.com/KaaS-ITG/v2/search?q=offline &resultLimit=10&resultStart=0&countryCode=us&languageCode=en&disclosureLevel=696531864679532034919979251200881,47406819852170807613486806879990,218620138892645155286800249901443,287477763180518087286275037723076,887243771386204747508092376253257,600096605536507071488362545356335&printFields=documentID,title,documenttype,renderlink,matchscore,description,contentupdatedate,language,disclosurelevel,store,docsource,documenttypedetails,topics,categorizations&store=docstore,supportagentstore,manualagentstore,manualstore,videostore,processagentstore,udp-content-default&aggregations=producttopics,documenttype,disclosurelevel,countrycode,topissue"  	[MsgId: MERR-26608]
Warning: Iteration pacing cannot be reached (pace time = 5.40, actual time = 29.04).	[MsgId: MWAR-15995]
kaas_DocSearchUDPES_Doc_Range.c(8): Error -26608: HTTP Status-Code=504 (Gateway Timeout) for "https://hx9ekpvvbi.execute-api.us-east-1.amazonaws.com/KaaS-ITG/v2/search?q=bios &resultLimit=10&resultStart=0&countryCode=us&languageCode=en&disclosureLevel=696531864679532034919979251200881,47406819852170807613486806879990,218620138892645155286800249901443,287477763180518087286275037723076,887243771386204747508092376253257,600096605536507071488362545356335&printFields=documentID,title,documenttype,renderlink,matchscore,description,contentupdatedate,language,disclosurelevel,store,docsource,documenttypedetails,topics,categorizations&store=docstore,supportagentstore,manualagentstore,manualstore,videostore,processagentstore,udp-content-default&aggregations=producttopics,documenttype,disclosurelevel,countrycode,topissue&fromDate=2017-07-01&toDate=2018-12-18"  	[MsgId: MERR-26608]
Warning: Iteration pacing cannot be reached (pace time = 5.83, actual time = 29.04).	[MsgId: MWAR-15995]
kaas_DocSearchUDPES_Doc_Sort.c(8): Error -26608: HTTP Status-Code=504 (Gateway Timeout) for "https://hx9ekpvvbi.execute-api.us-east-1.amazonaws.com/KaaS-ITG/v2/search?q=Keyboard/mouse/touch screen/webcam &resultLimit=10&resultStart=0&countryCode=us&languageCode=en&disclosureLevel=696531864679532034919979251200881,47406819852170807613486806879990,218620138892645155286800249901443,287477763180518087286275037723076,887243771386204747508092376253257,600096605536507071488362545356335&sortBy=contentupdatedate&sortOrder=desc&printFields=documentID,title,documenttype,renderlink,matchscore,description,contentupdatedate,language,disclosurelevel,store,docsource,documenttypedetails,topics,categorizations&store=docstore,supportagentstore,manualagentstore,manualstore,videostore,processagentstore,udp-content-default&aggregations=producttopics,documenttype,disclosurelevel,countrycode,topissue"  	[MsgId: MERR-26608]
Warning: Iteration pacing cannot be reached (pace time = 5.32, actual time = 29.04).	[MsgId: MWAR-15995]
Warning: Iteration pacing cannot be reached (pace time = 5.17, actual time = 22.33).	[MsgId: MWAR-15995]
kaas_DocSearchUDPES_Doc_Sort.c(8): Error -26608: HTTP Status-Code=504 (Gateway Timeout) for "https://hx9ekpvvbi.execute-api.us-east-1.amazonaws.com/KaaS-ITG/v2/search?q=HP Classmate Notebooks &resultLimit=10&resultStart=0&countryCode=us&languageCode=en&disclosureLevel=696531864679532034919979251200881,47406819852170807613486806879990,218620138892645155286800249901443,287477763180518087286275037723076,887243771386204747508092376253257,600096605536507071488362545356335&sortBy=contentupdatedate&sortOrder=desc&printFields=documentID,title,documenttype,renderlink,matchscore,description,contentupdatedate,language,disclosurelevel,store,docsource,documenttypedetails,topics,categorizations&store=docstore,supportagentstore,manualagentstore,manualstore,videostore,processagentstore,udp-content-default&aggregations=producttopics,documenttype,disclosurelevel,countrycode,topissue"  	[MsgId: MERR-26608]
Warning: Iteration pacing cannot be reached (pace time = 5.16, actual time = 29.04).	[MsgId: MWAR-15995]
Warning: Iteration pacing cannot be reached (pace time = 5.66, actual time = 26.20).	[MsgId: MWAR-15995]
Warning: Iteration pacing cannot be reached (pace time = 5.90, actual time = 16.98).	[MsgId: MWAR-15995]
Warning: Iteration pacing cannot be reached (pace time = 5.47, actual time = 6.20).	[MsgId: MWAR-15995]
kaas_DocSearchUDPES_Doc_with_Prod_Context.c(8): Error -26608: HTTP Status-Code=504 (Gateway Timeout) for "https://hx9ekpvvbi.execute-api.us-east-1.amazonaws.com/KaaS-ITG/v2/search?q=Keyboard/mouse/touch screen/webcam &resultLimit=10&resultStart=0&countryCode=us&languageCode=en&disclosureLevel=696531864679532034919979251200881,47406819852170807613486806879990,218620138892645155286800249901443,287477763180518087286275037723076,887243771386204747508092376253257,600096605536507071488362545356335&printFields=documentID,title,documenttype,renderlink,matchscore,description,contentupdatedate,language,disclosurelevel,store,docsource,documenttypedetails,topics,categorizations&store=docstore,supportagentstore,manualagentstore,manualstore,videostore,processagentstore,udp-content-default&product=3370383 OR 8485409&aggregations=producttopics,documenttype,disclosurelevel,countrycode,topissue"  	[MsgId: MERR-26608]
Warning: Iteration pacing cannot be reached (pace time = 5.01, actual time = 29.20).	[MsgId: MWAR-15995]
kaas_DocSearchUDPES_Doc_with_Prod_Context.c(8): Error -26608: HTTP Status-Code=504 (Gateway Timeout) for "https://hx9ekpvvbi.execute-api.us-east-1.amazonaws.com/KaaS-ITG/v2/search?q=wireless &resultLimit=10&resultStart=0&countryCode=us&languageCode=en&disclosureLevel=696531864679532034919979251200881,47406819852170807613486806879990,218620138892645155286800249901443,287477763180518087286275037723076,887243771386204747508092376253257,600096605536507071488362545356335&printFields=documentID,title,documenttype,renderlink,matchscore,description,contentupdatedate,language,disclosurelevel,store,docsource,documenttypedetails,topics,categorizations&store=docstore,supportagentstore,manualagentstore,manualstore,videostore,processagentstore,udp-content-default&product=6944198 OR 5223305&aggregations=producttopics,documenttype,disclosurelevel,countrycode,topissue"  	[MsgId: MERR-26608]
Warning: Iteration pacing cannot be reached (pace time = 5.91, actual time = 29.08).	[MsgId: MWAR-15995]
Warning: Iteration pacing cannot be reached (pace time = 5.27, actual time = 7.84).	[MsgId: MWAR-15995]
Warning: Iteration pacing cannot be reached (pace time = 5.85, actual time = 7.09).	[MsgId: MWAR-15995]
kaas_DocSearchUDPES_Doc_Sort.c(8): Error -26608: HTTP Status-Code=504 (Gateway Timeout) for "https://hx9ekpvvbi.execute-api.us-east-1.amazonaws.com/KaaS-ITG/v2/search?q=System recovery/backup/restore &resultLimit=10&resultStart=0&countryCode=us&languageCode=en&disclosureLevel=696531864679532034919979251200881,47406819852170807613486806879990,218620138892645155286800249901443,287477763180518087286275037723076,887243771386204747508092376253257,600096605536507071488362545356335&sortBy=contentupdatedate&sortOrder=desc&printFields=documentID,title,documenttype,renderlink,matchscore,description,contentupdatedate,language,disclosurelevel,store,docsource,documenttypedetails,topics,categorizations&store=docstore,supportagentstore,manualagentstore,manualstore,videostore,processagentstore,udp-content-default&aggregations=producttopics,documenttype,disclosurelevel,countrycode,topissue"  	[MsgId: MERR-26608]
Warning: Iteration pacing cannot be reached (pace time = 5.81, actual time = 29.04).	[MsgId: MWAR-15995]
kaas_DocSearchUDPES_Doc_with_Prod_Context.c(8): Error -26608: HTTP Status-Code=504 (Gateway Timeout) for "https://hx9ekpvvbi.execute-api.us-east-1.amazonaws.com/KaaS-ITG/v2/search?q=windows 7 &resultLimit=10&resultStart=0&countryCode=us&languageCode=en&disclosureLevel=696531864679532034919979251200881,47406819852170807613486806879990,218620138892645155286800249901443,287477763180518087286275037723076,887243771386204747508092376253257,600096605536507071488362545356335&printFields=documentID,title,documenttype,renderlink,matchscore,description,contentupdatedate,language,disclosurelevel,store,docsource,documenttypedetails,topics,categorizations&store=docstore,supportagentstore,manualagentstore,manualstore,videostore,processagentstore,udp-content-default&product=7234912 OR 5058852&aggregations=producttopics,documenttype,disclosurelevel,countrycode,topissue"  	[MsgId: MERR-26608]
Warning: Iteration pacing cannot be reached (pace time = 5.12, actual time = 29.04).	[MsgId: MWAR-15995]
kaas_DocSearchUDPES_Doc_DocTypes.c(8): Error -26608: HTTP Status-Code=504 (Gateway Timeout) for "https://hx9ekpvvbi.execute-api.us-east-1.amazonaws.com/KaaS-ITG/v2/search?q=CD/DVD drive &resultLimit=10&resultStart=0&countryCode=us&languageCode=en&disclosureLevel=696531864679532034919979251200881,47406819852170807613486806879990,218620138892645155286800249901443,287477763180518087286275037723076,887243771386204747508092376253257&printFields=documentID,title,documenttype,renderlink,matchscore,description,contentupdatedate,language,disclosurelevel,store,docsource,documenttypedetails,topics,categorizations&store=docstore,supportagentstore,udp-content-default&documentTypes=Advisory,Agent%20Reference,Agent%20Resource%20Center,Bulletin,Concept%20Content,Notice,Product%20Change%20Notification,Security%20Bulletin,Service,Support,Support%20Information"  	[MsgId: MERR-26608]
Warning: Iteration pacing cannot be reached (pace time = 5.64, actual time = 29.04).	[MsgId: MWAR-15995]
kaas_DocSearchUDPES_Doc_Range.c(8): Error -26608: HTTP Status-Code=504 (Gateway Timeout) for "https://hx9ekpvvbi.execute-api.us-east-1.amazonaws.com/KaaS-ITG/v2/search?q=HP Chrombook Notebooks &resultLimit=10&resultStart=0&countryCode=us&languageCode=en&disclosureLevel=696531864679532034919979251200881,47406819852170807613486806879990,218620138892645155286800249901443,287477763180518087286275037723076,887243771386204747508092376253257,600096605536507071488362545356335&printFields=documentID,title,documenttype,renderlink,matchscore,description,contentupdatedate,language,disclosurelevel,store,docsource,documenttypedetails,topics,categorizations&store=docstore,supportagentstore,manualagentstore,manualstore,videostore,processagentstore,udp-content-default&aggregations=producttopics,documenttype,disclosurelevel,countrycode,topissue&fromDate=2017-07-01&toDate=2018-12-18"  	[MsgId: MERR-26608]
Warning: Iteration pacing cannot be reached (pace time = 5.43, actual time = 29.04).	[MsgId: MWAR-15995]
kaas_DocSearchUDPES_Doc_DocTypes.c(8): Error -26608: HTTP Status-Code=504 (Gateway Timeout) for "https://hx9ekpvvbi.execute-api.us-east-1.amazonaws.com/KaaS-ITG/v2/search?q=HP Pavilion Desktop Models 500-000 to 500-999 &resultLimit=10&resultStart=0&countryCode=us&languageCode=en&disclosureLevel=696531864679532034919979251200881,47406819852170807613486806879990,218620138892645155286800249901443,287477763180518087286275037723076,887243771386204747508092376253257&printFields=documentID,title,documenttype,renderlink,matchscore,description,contentupdatedate,language,disclosurelevel,store,docsource,documenttypedetails,topics,categorizations&store=docstore,supportagentstore,udp-content-default&documentTypes=Advisory,Agent%20Reference,Agent%20Resource%20Center,Bulletin,Concept%20Content,Notice,Product%20Change%20Notification,Security%20Bulletin,Service,Support,Support%20Information"  	[MsgId: MERR-26608]
Warning: Iteration pacing cannot be reached (pace time = 5.24, actual time = 29.04).	[MsgId: MWAR-15995]
kaas_DocSearchUDPES_Doc_Range.c(8): Error -26608: HTTP Status-Code=504 (Gateway Timeout) for "https://hx9ekpvvbi.execute-api.us-east-1.amazonaws.com/KaaS-ITG/v2/search?q=Product setup &resultLimit=10&resultStart=0&countryCode=us&languageCode=en&disclosureLevel=696531864679532034919979251200881,47406819852170807613486806879990,218620138892645155286800249901443,287477763180518087286275037723076,887243771386204747508092376253257,600096605536507071488362545356335&printFields=documentID,title,documenttype,renderlink,matchscore,description,contentupdatedate,language,disclosurelevel,store,docsource,documenttypedetails,topics,categorizations&store=docstore,supportagentstore,manualagentstore,manualstore,videostore,processagentstore,udp-content-default&aggregations=producttopics,documenttype,disclosurelevel,countrycode,topissue&fromDate=2017-07-01&toDate=2018-12-18"  	[MsgId: MERR-26608]
Warning: Iteration pacing cannot be reached (pace time = 5.14, actual time = 29.04).	[MsgId: MWAR-15995]
kaas_DocSearchUDPES_Doc_without_Prod_Context.c(8): Error -26608: HTTP Status-Code=504 (Gateway Timeout) for "https://hx9ekpvvbi.execute-api.us-east-1.amazonaws.com/KaaS-ITG/v2/search?q=Product setup &resultLimit=10&resultStart=0&countryCode=us&languageCode=en&disclosureLevel=696531864679532034919979251200881,47406819852170807613486806879990,218620138892645155286800249901443,287477763180518087286275037723076,887243771386204747508092376253257,600096605536507071488362545356335&printFields=documentID,title,documenttype,renderlink,matchscore,description,contentupdatedate,language,disclosurelevel,store,docsource,documenttypedetails,topics,categorizations&store=docstore,supportagentstore,manualagentstore,manualstore,videostore,processagentstore,udp-content-default&aggregations=producttopics,documenttype,disclosurelevel,countrycode,topissue"  	[MsgId: MERR-26608]
Warning: Iteration pacing cannot be reached (pace time = 5.03, actual time = 29.05).	[MsgId: MWAR-15995]
kaas_DocSearchUDPES_Doc_with_Prod_Context.c(8): Error -26608: HTTP Status-Code=504 (Gateway Timeout) for "https://hx9ekpvvbi.execute-api.us-east-1.amazonaws.com/KaaS-ITG/v2/search?q=offline &resultLimit=10&resultStart=0&countryCode=us&languageCode=en&disclosureLevel=696531864679532034919979251200881,47406819852170807613486806879990,218620138892645155286800249901443,287477763180518087286275037723076,887243771386204747508092376253257,600096605536507071488362545356335&printFields=documentID,title,documenttype,renderlink,matchscore,description,contentupdatedate,language,disclosurelevel,store,docsource,documenttypedetails,topics,categorizations&store=docstore,supportagentstore,manualagentstore,manualstore,videostore,processagentstore,udp-content-default&product=3962828 OR 3884606&aggregations=producttopics,documenttype,disclosurelevel,countrycode,topissue"  	[MsgId: MERR-26608]
Warning: Iteration pacing cannot be reached (pace time = 5.18, actual time = 29.04).	[MsgId: MWAR-15995]
kaas_DocSearchUDPES_Doc_Range.c(8): Error -26608: HTTP Status-Code=504 (Gateway Timeout) for "https://hx9ekpvvbi.execute-api.us-east-1.amazonaws.com/KaaS-ITG/v2/search?q=specifications &resultLimit=10&resultStart=0&countryCode=us&languageCode=en&disclosureLevel=696531864679532034919979251200881,47406819852170807613486806879990,218620138892645155286800249901443,287477763180518087286275037723076,887243771386204747508092376253257,600096605536507071488362545356335&printFields=documentID,title,documenttype,renderlink,matchscore,description,contentupdatedate,language,disclosurelevel,store,docsource,documenttypedetails,topics,categorizations&store=docstore,supportagentstore,manualagentstore,manualstore,videostore,processagentstore,udp-content-default&aggregations=producttopics,documenttype,disclosurelevel,countrycode,topissue&fromDate=2017-07-01&toDate=2018-12-18"  	[MsgId: MERR-26608]
Warning: Iteration pacing cannot be reached (pace time = 5.54, actual time = 29.20).	[MsgId: MWAR-15995]
kaas_DocSearchUDPES_Doc_with_Prod_Context.c(8): Error -26608: HTTP Status-Code=504 (Gateway Timeout) for "https://hx9ekpvvbi.execute-api.us-east-1.amazonaws.com/KaaS-ITG/v2/search?q=Transfer/synchronize data &resultLimit=10&resultStart=0&countryCode=us&languageCode=en&disclosureLevel=696531864679532034919979251200881,47406819852170807613486806879990,218620138892645155286800249901443,287477763180518087286275037723076,887243771386204747508092376253257,600096605536507071488362545356335&printFields=documentID,title,documenttype,renderlink,matchscore,description,contentupdatedate,language,disclosurelevel,store,docsource,documenttypedetails,topics,categorizations&store=docstore,supportagentstore,manualagentstore,manualstore,videostore,processagentstore,udp-content-default&product=4217179 OR 7234912&aggregations=producttopics,documenttype,disclosurelevel,countrycode,topissue"  	[MsgId: MERR-26608]
Warning: Iteration pacing cannot be reached (pace time = 5.72, actual time = 29.04).	[MsgId: MWAR-15995]
kaas_DocSearchUDPES_Doc_DocTypes.c(8): Error -26608: HTTP Status-Code=504 (Gateway Timeout) for "https://hx9ekpvvbi.execute-api.us-east-1.amazonaws.com/KaaS-ITG/v2/search?q=installation &resultLimit=10&resultStart=0&countryCode=us&languageCode=en&disclosureLevel=696531864679532034919979251200881,47406819852170807613486806879990,218620138892645155286800249901443,287477763180518087286275037723076,887243771386204747508092376253257&printFields=documentID,title,documenttype,renderlink,matchscore,description,contentupdatedate,language,disclosurelevel,store,docsource,documenttypedetails,topics,categorizations&store=docstore,supportagentstore,udp-content-default&documentTypes=Advisory,Agent%20Reference,Agent%20Resource%20Center,Bulletin,Concept%20Content,Notice,Product%20Change%20Notification,Security%20Bulletin,Service,Support,Support%20Information"  	[MsgId: MERR-26608]
Warning: Iteration pacing cannot be reached (pace time = 5.46, actual time = 29.04).	[MsgId: MWAR-15995]
kaas_DocSearchUDPES_Doc_DocTypes.c(8): Error -26608: HTTP Status-Code=504 (Gateway Timeout) for "https://hx9ekpvvbi.execute-api.us-east-1.amazonaws.com/KaaS-ITG/v2/search?q=HP Chrombook Notebooks &resultLimit=10&resultStart=0&countryCode=us&languageCode=en&disclosureLevel=696531864679532034919979251200881,47406819852170807613486806879990,218620138892645155286800249901443,287477763180518087286275037723076,887243771386204747508092376253257&printFields=documentID,title,documenttype,renderlink,matchscore,description,contentupdatedate,language,disclosurelevel,store,docsource,documenttypedetails,topics,categorizations&store=docstore,supportagentstore,udp-content-default&documentTypes=Advisory,Agent%20Reference,Agent%20Resource%20Center,Bulletin,Concept%20Content,Notice,Product%20Change%20Notification,Security%20Bulletin,Service,Support,Support%20Information"  	[MsgId: MERR-26608]
Warning: Iteration pacing cannot be reached (pace time = 5.41, actual time = 29.05).	[MsgId: MWAR-15995]
kaas_DocSearchUDPES_Doc_DocTypes.c(8): Error -26608: HTTP Status-Code=504 (Gateway Timeout) for "https://hx9ekpvvbi.execute-api.us-east-1.amazonaws.com/KaaS-ITG/v2/search?q=HP Officejet Printer Models 100 to 999 &resultLimit=10&resultStart=0&countryCode=us&languageCode=en&disclosureLevel=696531864679532034919979251200881,47406819852170807613486806879990,218620138892645155286800249901443,287477763180518087286275037723076,887243771386204747508092376253257&printFields=documentID,title,documenttype,renderlink,matchscore,description,contentupdatedate,language,disclosurelevel,store,docsource,documenttypedetails,topics,categorizations&store=docstore,supportagentstore,udp-content-default&documentTypes=Advisory,Agent%20Reference,Agent%20Resource%20Center,Bulletin,Concept%20Content,Notice,Product%20Change%20Notification,Security%20Bulletin,Service,Support,Support%20Information"  	[MsgId: MERR-26608]
Warning: Iteration pacing cannot be reached (pace time = 5.94, actual time = 29.04).	[MsgId: MWAR-15995]
kaas_DocSearchUDPES_Doc_Sort.c(8): Error -26608: HTTP Status-Code=504 (Gateway Timeout) for "https://hx9ekpvvbi.execute-api.us-east-1.amazonaws.com/KaaS-ITG/v2/search?q=HP Pavilion Desktop Models 500-a00 to 500-c00 &resultLimit=10&resultStart=0&countryCode=us&languageCode=en&disclosureLevel=696531864679532034919979251200881,47406819852170807613486806879990,218620138892645155286800249901443,287477763180518087286275037723076,887243771386204747508092376253257,600096605536507071488362545356335&sortBy=contentupdatedate&sortOrder=desc&printFields=documentID,title,documenttype,renderlink,matchscore,description,contentupdatedate,language,disclosurelevel,store,docsource,documenttypedetails,topics,categorizations&store=docstore,supportagentstore,manualagentstore,manualstore,videostore,processagentstore,udp-content-default&aggregations=producttopics,documenttype,disclosurelevel,countrycode,topissue"  	[MsgId: MERR-26608]
Warning: Iteration pacing cannot be reached (pace time = 5.68, actual time = 29.04).	[MsgId: MWAR-15995]
kaas_DocSearchUDPES_Doc_DocTypes.c(8): Error -26608: HTTP Status-Code=504 (Gateway Timeout) for "https://hx9ekpvvbi.execute-api.us-east-1.amazonaws.com/KaaS-ITG/v2/search?q=HP Folio Notebooks &resultLimit=10&resultStart=0&countryCode=us&languageCode=en&disclosureLevel=696531864679532034919979251200881,47406819852170807613486806879990,218620138892645155286800249901443,287477763180518087286275037723076,887243771386204747508092376253257&printFields=documentID,title,documenttype,renderlink,matchscore,description,contentupdatedate,language,disclosurelevel,store,docsource,documenttypedetails,topics,categorizations&store=docstore,supportagentstore,udp-content-default&documentTypes=Advisory,Agent%20Reference,Agent%20Resource%20Center,Bulletin,Concept%20Content,Notice,Product%20Change%20Notification,Security%20Bulletin,Service,Support,Support%20Information"  	[MsgId: MERR-26608]
Warning: Iteration pacing cannot be reached (pace time = 5.74, actual time = 29.04).	[MsgId: MWAR-15995]
kaas_DocSearchUDPES_Doc_Range.c(8): Error -26608: HTTP Status-Code=504 (Gateway Timeout) for "https://hx9ekpvvbi.execute-api.us-east-1.amazonaws.com/KaaS-ITG/v2/search?q=Compaq Gaming Desktops &resultLimit=10&resultStart=0&countryCode=us&languageCode=en&disclosureLevel=696531864679532034919979251200881,47406819852170807613486806879990,218620138892645155286800249901443,287477763180518087286275037723076,887243771386204747508092376253257,600096605536507071488362545356335&printFields=documentID,title,documenttype,renderlink,matchscore,description,contentupdatedate,language,disclosurelevel,store,docsource,documenttypedetails,topics,categorizations&store=docstore,supportagentstore,manualagentstore,manualstore,videostore,processagentstore,udp-content-default&aggregations=producttopics,documenttype,disclosurelevel,countrycode,topissue&fromDate=2017-07-01&toDate=2018-12-18"  	[MsgId: MERR-26608]
Warning: Iteration pacing cannot be reached (pace time = 5.19, actual time = 29.06).	[MsgId: MWAR-15995]
kaas_DocSearchUDPES_Doc_without_Prod_Context.c(8): Error -26608: HTTP Status-Code=504 (Gateway Timeout) for "https://hx9ekpvvbi.execute-api.us-east-1.amazonaws.com/KaaS-ITG/v2/search?q=Install uninstall software &resultLimit=10&resultStart=0&countryCode=us&languageCode=en&disclosureLevel=696531864679532034919979251200881,47406819852170807613486806879990,218620138892645155286800249901443,287477763180518087286275037723076,887243771386204747508092376253257,600096605536507071488362545356335&printFields=documentID,title,documenttype,renderlink,matchscore,description,contentupdatedate,language,disclosurelevel,store,docsource,documenttypedetails,topics,categorizations&store=docstore,supportagentstore,manualagentstore,manualstore,videostore,processagentstore,udp-content-default&aggregations=producttopics,documenttype,disclosurelevel,countrycode,topissue"  	[MsgId: MERR-26608]
Warning: Iteration pacing cannot be reached (pace time = 5.27, actual time = 29.04).	[MsgId: MWAR-15995]
kaas_DocSearchUDPES_Doc_DocTypes.c(8): Error -26608: HTTP Status-Code=504 (Gateway Timeout) for "https://hx9ekpvvbi.execute-api.us-east-1.amazonaws.com/KaaS-ITG/v2/search?q=Calculator use &resultLimit=10&resultStart=0&countryCode=us&languageCode=en&disclosureLevel=696531864679532034919979251200881,47406819852170807613486806879990,218620138892645155286800249901443,287477763180518087286275037723076,887243771386204747508092376253257&printFields=documentID,title,documenttype,renderlink,matchscore,description,contentupdatedate,language,disclosurelevel,store,docsource,documenttypedetails,topics,categorizations&store=docstore,supportagentstore,udp-content-default&documentTypes=Advisory,Agent%20Reference,Agent%20Resource%20Center,Bulletin,Concept%20Content,Notice,Product%20Change%20Notification,Security%20Bulletin,Service,Support,Support%20Information"  	[MsgId: MERR-26608]
Warning: Iteration pacing cannot be reached (pace time = 5.89, actual time = 29.04).	[MsgId: MWAR-15995]
kaas_DocSearchUDPES_Doc_Range.c(8): Error -26608: HTTP Status-Code=504 (Gateway Timeout) for "https://hx9ekpvvbi.execute-api.us-east-1.amazonaws.com/KaaS-ITG/v2/search?q=Print &resultLimit=10&resultStart=0&countryCode=us&languageCode=en&disclosureLevel=696531864679532034919979251200881,47406819852170807613486806879990,218620138892645155286800249901443,287477763180518087286275037723076,887243771386204747508092376253257,600096605536507071488362545356335&printFields=documentID,title,documenttype,renderlink,matchscore,description,contentupdatedate,language,disclosurelevel,store,docsource,documenttypedetails,topics,categorizations&store=docstore,supportagentstore,manualagentstore,manualstore,videostore,processagentstore,udp-content-default&aggregations=producttopics,documenttype,disclosurelevel,countrycode,topissue&fromDate=2017-07-01&toDate=2018-12-18"  	[MsgId: MERR-26608]
Warning: Iteration pacing cannot be reached (pace time = 5.73, actual time = 29.20).	[MsgId: MWAR-15995]
Warning: Iteration pacing cannot be reached (pace time = 5.38, actual time = 5.71).	[MsgId: MWAR-15995]
Warning: Iteration pacing cannot be reached (pace time = 5.35, actual time = 16.58).	[MsgId: MWAR-15995]
Warning: Iteration pacing cannot be reached (pace time = 5.45, actual time = 23.49).	[MsgId: MWAR-15995]
kaas_DocSearchUDPES_Doc_with_Prod_Context.c(8): Error -26608: HTTP Status-Code=504 (Gateway Timeout) for "https://hx9ekpvvbi.execute-api.us-east-1.amazonaws.com/KaaS-ITG/v2/search?q=Game controller/remote control use &resultLimit=10&resultStart=0&countryCode=us&languageCode=en&disclosureLevel=696531864679532034919979251200881,47406819852170807613486806879990,218620138892645155286800249901443,287477763180518087286275037723076,887243771386204747508092376253257,600096605536507071488362545356335&printFields=documentID,title,documenttype,renderlink,matchscore,description,contentupdatedate,language,disclosurelevel,store,docsource,documenttypedetails,topics,categorizations&store=docstore,supportagentstore,manualagentstore,manualstore,videostore,processagentstore,udp-content-default&product=3370383 OR 8485409&aggregations=producttopics,documenttype,disclosurelevel,countrycode,topissue"  	[MsgId: MERR-26608]
Warning: Iteration pacing cannot be reached (pace time = 5.50, actual time = 29.19).	[MsgId: MWAR-15995]
kaas_DocSearchUDPES_Doc_without_Prod_Context.c(8): Error -26608: HTTP Status-Code=504 (Gateway Timeout) for "https://hx9ekpvvbi.execute-api.us-east-1.amazonaws.com/KaaS-ITG/v2/search?q=Diagnostics &resultLimit=10&resultStart=0&countryCode=us&languageCode=en&disclosureLevel=696531864679532034919979251200881,47406819852170807613486806879990,218620138892645155286800249901443,287477763180518087286275037723076,887243771386204747508092376253257,600096605536507071488362545356335&printFields=documentID,title,documenttype,renderlink,matchscore,description,contentupdatedate,language,disclosurelevel,store,docsource,documenttypedetails,topics,categorizations&store=docstore,supportagentstore,manualagentstore,manualstore,videostore,processagentstore,udp-content-default&aggregations=producttopics,documenttype,disclosurelevel,countrycode,topissue"  	[MsgId: MERR-26608]
Warning: Iteration pacing cannot be reached (pace time = 5.93, actual time = 29.20).	[MsgId: MWAR-15995]
kaas_DocSearchUDPES_Doc_with_Prod_Context.c(8): Error -26608: HTTP Status-Code=504 (Gateway Timeout) for "https://hx9ekpvvbi.execute-api.us-east-1.amazonaws.com/KaaS-ITG/v2/search?q=Display panel &resultLimit=10&resultStart=0&countryCode=us&languageCode=en&disclosureLevel=696531864679532034919979251200881,47406819852170807613486806879990,218620138892645155286800249901443,287477763180518087286275037723076,887243771386204747508092376253257,600096605536507071488362545356335&printFields=documentID,title,documenttype,renderlink,matchscore,description,contentupdatedate,language,disclosurelevel,store,docsource,documenttypedetails,topics,categorizations&store=docstore,supportagentstore,manualagentstore,manualstore,videostore,processagentstore,udp-content-default&product=3884606 OR 4217179&aggregations=producttopics,documenttype,disclosurelevel,countrycode,topissue"  	[MsgId: MERR-26608]
Warning: Iteration pacing cannot be reached (pace time = 5.94, actual time = 29.19).	[MsgId: MWAR-15995]
kaas_DocSearchUDPES_Doc_Range.c(8): Error -26608: HTTP Status-Code=504 (Gateway Timeout) for "https://hx9ekpvvbi.execute-api.us-east-1.amazonaws.com/KaaS-ITG/v2/search?q=manual &resultLimit=10&resultStart=0&countryCode=us&languageCode=en&disclosureLevel=696531864679532034919979251200881,47406819852170807613486806879990,218620138892645155286800249901443,287477763180518087286275037723076,887243771386204747508092376253257,600096605536507071488362545356335&printFields=documentID,title,documenttype,renderlink,matchscore,description,contentupdatedate,language,disclosurelevel,store,docsource,documenttypedetails,topics,categorizations&store=docstore,supportagentstore,manualagentstore,manualstore,videostore,processagentstore,udp-content-default&aggregations=producttopics,documenttype,disclosurelevel,countrycode,topissue&fromDate=2017-07-01&toDate=2018-12-18"  	[MsgId: MERR-26608]
Warning: Iteration pacing cannot be reached (pace time = 5.44, actual time = 29.20).	[MsgId: MWAR-15995]
kaas_DocSearchUDPES_Doc_Range.c(8): Error -26608: HTTP Status-Code=504 (Gateway Timeout) for "https://hx9ekpvvbi.execute-api.us-east-1.amazonaws.com/KaaS-ITG/v2/search?q=scanning &resultLimit=10&resultStart=0&countryCode=us&languageCode=en&disclosureLevel=696531864679532034919979251200881,47406819852170807613486806879990,218620138892645155286800249901443,287477763180518087286275037723076,887243771386204747508092376253257,600096605536507071488362545356335&printFields=documentID,title,documenttype,renderlink,matchscore,description,contentupdatedate,language,disclosurelevel,store,docsource,documenttypedetails,topics,categorizations&store=docstore,supportagentstore,manualagentstore,manualstore,videostore,processagentstore,udp-content-default&aggregations=producttopics,documenttype,disclosurelevel,countrycode,topissue&fromDate=2017-07-01&toDate=2018-12-18"  	[MsgId: MERR-26608]
Warning: Iteration pacing cannot be reached (pace time = 5.18, actual time = 29.20).	[MsgId: MWAR-15995]
kaas_DocSearchUDPES_Doc_Sort.c(8): Error -26608: HTTP Status-Code=504 (Gateway Timeout) for "https://hx9ekpvvbi.execute-api.us-east-1.amazonaws.com/KaaS-ITG/v2/search?q=HP Officejet Mobile Printers &resultLimit=10&resultStart=0&countryCode=us&languageCode=en&disclosureLevel=696531864679532034919979251200881,47406819852170807613486806879990,218620138892645155286800249901443,287477763180518087286275037723076,887243771386204747508092376253257,600096605536507071488362545356335&sortBy=contentupdatedate&sortOrder=desc&printFields=documentID,title,documenttype,renderlink,matchscore,description,contentupdatedate,language,disclosurelevel,store,docsource,documenttypedetails,topics,categorizations&store=docstore,supportagentstore,manualagentstore,manualstore,videostore,processagentstore,udp-content-default&aggregations=producttopics,documenttype,disclosurelevel,countrycode,topissue"  	[MsgId: MERR-26608]
Warning: Iteration pacing cannot be reached (pace time = 5.26, actual time = 29.04).	[MsgId: MWAR-15995]
kaas_DocSearchUDPES_Doc_with_Prod_Context.c(8): Error -26608: HTTP Status-Code=504 (Gateway Timeout) for "https://hx9ekpvvbi.execute-api.us-east-1.amazonaws.com/KaaS-ITG/v2/search?q=Power & battery &resultLimit=10&resultStart=0&countryCode=us&languageCode=en&disclosureLevel=696531864679532034919979251200881,47406819852170807613486806879990,218620138892645155286800249901443,287477763180518087286275037723076,887243771386204747508092376253257,600096605536507071488362545356335&printFields=documentID,title,documenttype,renderlink,matchscore,description,contentupdatedate,language,disclosurelevel,store,docsource,documenttypedetails,topics,categorizations&store=docstore,supportagentstore,manualagentstore,manualstore,videostore,processagentstore,udp-content-default&product=3370383 OR 8485409&aggregations=producttopics,documenttype,disclosurelevel,countrycode,topissue"  	[MsgId: MERR-26608]
Warning: Iteration pacing cannot be reached (pace time = 5.50, actual time = 29.04).	[MsgId: MWAR-15995]
kaas_DocSearchUDPES_Doc_without_Prod_Context.c(8): Error -26608: HTTP Status-Code=504 (Gateway Timeout) for "https://hx9ekpvvbi.execute-api.us-east-1.amazonaws.com/KaaS-ITG/v2/search?q=Game controller remote control use &resultLimit=10&resultStart=0&countryCode=us&languageCode=en&disclosureLevel=696531864679532034919979251200881,47406819852170807613486806879990,218620138892645155286800249901443,287477763180518087286275037723076,887243771386204747508092376253257,600096605536507071488362545356335&printFields=documentID,title,documenttype,renderlink,matchscore,description,contentupdatedate,language,disclosurelevel,store,docsource,documenttypedetails,topics,categorizations&store=docstore,supportagentstore,manualagentstore,manualstore,videostore,processagentstore,udp-content-default&aggregations=producttopics,documenttype,disclosurelevel,countrycode,topissue"  	[MsgId: MERR-26608]
Warning: Iteration pacing cannot be reached (pace time = 5.39, actual time = 29.04).	[MsgId: MWAR-15995]
kaas_DocSearchUDPES_Doc_DocTypes.c(8): Error -26608: HTTP Status-Code=504 (Gateway Timeout) for "https://hx9ekpvvbi.execute-api.us-east-1.amazonaws.com/KaaS-ITG/v2/search?q=Game controller/remote control use &resultLimit=10&resultStart=0&countryCode=us&languageCode=en&disclosureLevel=696531864679532034919979251200881,47406819852170807613486806879990,218620138892645155286800249901443,287477763180518087286275037723076,887243771386204747508092376253257&printFields=documentID,title,documenttype,renderlink,matchscore,description,contentupdatedate,language,disclosurelevel,store,docsource,documenttypedetails,topics,categorizations&store=docstore,supportagentstore,udp-content-default&documentTypes=Advisory,Agent%20Reference,Agent%20Resource%20Center,Bulletin,Concept%20Content,Notice,Product%20Change%20Notification,Security%20Bulletin,Service,Support,Support%20Information"  	[MsgId: MERR-26608]
Warning: Iteration pacing cannot be reached (pace time = 5.90, actual time = 29.04).	[MsgId: MWAR-15995]
kaas_DocSearchUDPES_Doc_Range.c(8): Error -26608: HTTP Status-Code=504 (Gateway Timeout) for "https://hx9ekpvvbi.execute-api.us-east-1.amazonaws.com/KaaS-ITG/v2/search?q=driver &resultLimit=10&resultStart=0&countryCode=us&languageCode=en&disclosureLevel=696531864679532034919979251200881,47406819852170807613486806879990,218620138892645155286800249901443,287477763180518087286275037723076,887243771386204747508092376253257,600096605536507071488362545356335&printFields=documentID,title,documenttype,renderlink,matchscore,description,contentupdatedate,language,disclosurelevel,store,docsource,documenttypedetails,topics,categorizations&store=docstore,supportagentstore,manualagentstore,manualstore,videostore,processagentstore,udp-content-default&aggregations=producttopics,documenttype,disclosurelevel,countrycode,topissue&fromDate=2017-07-01&toDate=2018-12-18"  	[MsgId: MERR-26608]
Warning: Iteration pacing cannot be reached (pace time = 5.77, actual time = 29.08).	[MsgId: MWAR-15995]
kaas_DocSearchUDPES_Doc_DocTypes.c(8): Error -26608: HTTP Status-Code=504 (Gateway Timeout) for "https://hx9ekpvvbi.execute-api.us-east-1.amazonaws.com/KaaS-ITG/v2/search?q=HP Pavilion Desktop Models u100 to u999 &resultLimit=10&resultStart=0&countryCode=us&languageCode=en&disclosureLevel=696531864679532034919979251200881,47406819852170807613486806879990,218620138892645155286800249901443,287477763180518087286275037723076,887243771386204747508092376253257&printFields=documentID,title,documenttype,renderlink,matchscore,description,contentupdatedate,language,disclosurelevel,store,docsource,documenttypedetails,topics,categorizations&store=docstore,supportagentstore,udp-content-default&documentTypes=Advisory,Agent%20Reference,Agent%20Resource%20Center,Bulletin,Concept%20Content,Notice,Product%20Change%20Notification,Security%20Bulletin,Service,Support,Support%20Information"  	[MsgId: MERR-26608]
Warning: Iteration pacing cannot be reached (pace time = 5.41, actual time = 29.04).	[MsgId: MWAR-15995]
kaas_DocSearchUDPES_Doc_Range.c(8): Error -26608: HTTP Status-Code=504 (Gateway Timeout) for "https://hx9ekpvvbi.execute-api.us-east-1.amazonaws.com/KaaS-ITG/v2/search?q=HP Pavilion All-in-One Desktops &resultLimit=10&resultStart=0&countryCode=us&languageCode=en&disclosureLevel=696531864679532034919979251200881,47406819852170807613486806879990,218620138892645155286800249901443,287477763180518087286275037723076,887243771386204747508092376253257,600096605536507071488362545356335&printFields=documentID,title,documenttype,renderlink,matchscore,description,contentupdatedate,language,disclosurelevel,store,docsource,documenttypedetails,topics,categorizations&store=docstore,supportagentstore,manualagentstore,manualstore,videostore,processagentstore,udp-content-default&aggregations=producttopics,documenttype,disclosurelevel,countrycode,topissue&fromDate=2017-07-01&toDate=2018-12-18"  	[MsgId: MERR-26608]
Warning: Iteration pacing cannot be reached (pace time = 5.39, actual time = 29.04).	[MsgId: MWAR-15995]
kaas_DocSearchUDPES_Doc_Range.c(8): Error -26608: HTTP Status-Code=504 (Gateway Timeout) for "https://hx9ekpvvbi.execute-api.us-east-1.amazonaws.com/KaaS-ITG/v2/search?q=HP LaserJet Enterprise Printers &resultLimit=10&resultStart=0&countryCode=us&languageCode=en&disclosureLevel=696531864679532034919979251200881,47406819852170807613486806879990,218620138892645155286800249901443,287477763180518087286275037723076,887243771386204747508092376253257,600096605536507071488362545356335&printFields=documentID,title,documenttype,renderlink,matchscore,description,contentupdatedate,language,disclosurelevel,store,docsource,documenttypedetails,topics,categorizations&store=docstore,supportagentstore,manualagentstore,manualstore,videostore,processagentstore,udp-content-default&aggregations=producttopics,documenttype,disclosurelevel,countrycode,topissue&fromDate=2017-07-01&toDate=2018-12-18"  	[MsgId: MERR-26608]
Warning: Iteration pacing cannot be reached (pace time = 5.29, actual time = 29.04).	[MsgId: MWAR-15995]
kaas_DocSearchUDPES_Doc_Sort.c(8): Error -26608: HTTP Status-Code=504 (Gateway Timeout) for "https://hx9ekpvvbi.execute-api.us-east-1.amazonaws.com/KaaS-ITG/v2/search?q=firmware &resultLimit=10&resultStart=0&countryCode=us&languageCode=en&disclosureLevel=696531864679532034919979251200881,47406819852170807613486806879990,218620138892645155286800249901443,287477763180518087286275037723076,887243771386204747508092376253257,600096605536507071488362545356335&sortBy=contentupdatedate&sortOrder=desc&printFields=documentID,title,documenttype,renderlink,matchscore,description,contentupdatedate,language,disclosurelevel,store,docsource,documenttypedetails,topics,categorizations&store=docstore,supportagentstore,manualagentstore,manualstore,videostore,processagentstore,udp-content-default&aggregations=producttopics,documenttype,disclosurelevel,countrycode,topissue"  	[MsgId: MERR-26608]
Warning: Iteration pacing cannot be reached (pace time = 5.01, actual time = 29.04).	[MsgId: MWAR-15995]
kaas_DocSearchUDPES_Doc_with_Prod_Context.c(8): Error -26608: HTTP Status-Code=504 (Gateway Timeout) for "https://hx9ekpvvbi.execute-api.us-east-1.amazonaws.com/KaaS-ITG/v2/search?q=install &resultLimit=10&resultStart=0&countryCode=us&languageCode=en&disclosureLevel=696531864679532034919979251200881,47406819852170807613486806879990,218620138892645155286800249901443,287477763180518087286275037723076,887243771386204747508092376253257,600096605536507071488362545356335&printFields=documentID,title,documenttype,renderlink,matchscore,description,contentupdatedate,language,disclosurelevel,store,docsource,documenttypedetails,topics,categorizations&store=docstore,supportagentstore,manualagentstore,manualstore,videostore,processagentstore,udp-content-default&product=5058852 OR 3370383&aggregations=producttopics,documenttype,disclosurelevel,countrycode,topissue"  	[MsgId: MERR-26608]
Warning: Iteration pacing cannot be reached (pace time = 5.12, actual time = 29.05).	[MsgId: MWAR-15995]
kaas_DocSearchUDPES_Doc_DocTypes.c(8): Error -26608: HTTP Status-Code=504 (Gateway Timeout) for "https://hx9ekpvvbi.execute-api.us-east-1.amazonaws.com/KaaS-ITG/v2/search?q=install &resultLimit=10&resultStart=0&countryCode=us&languageCode=en&disclosureLevel=696531864679532034919979251200881,47406819852170807613486806879990,218620138892645155286800249901443,287477763180518087286275037723076,887243771386204747508092376253257&printFields=documentID,title,documenttype,renderlink,matchscore,description,contentupdatedate,language,disclosurelevel,store,docsource,documenttypedetails,topics,categorizations&store=docstore,supportagentstore,udp-content-default&documentTypes=Advisory,Agent%20Reference,Agent%20Resource%20Center,Bulletin,Concept%20Content,Notice,Product%20Change%20Notification,Security%20Bulletin,Service,Support,Support%20Information"  	[MsgId: MERR-26608]
Warning: Iteration pacing cannot be reached (pace time = 5.27, actual time = 29.04).	[MsgId: MWAR-15995]
kaas_DocSearchUDPES_Doc_Range.c(8): Error -26608: HTTP Status-Code=504 (Gateway Timeout) for "https://hx9ekpvvbi.execute-api.us-east-1.amazonaws.com/KaaS-ITG/v2/search?q=Clean & physically maintain &resultLimit=10&resultStart=0&countryCode=us&languageCode=en&disclosureLevel=696531864679532034919979251200881,47406819852170807613486806879990,218620138892645155286800249901443,287477763180518087286275037723076,887243771386204747508092376253257,600096605536507071488362545356335&printFields=documentID,title,documenttype,renderlink,matchscore,description,contentupdatedate,language,disclosurelevel,store,docsource,documenttypedetails,topics,categorizations&store=docstore,supportagentstore,manualagentstore,manualstore,videostore,processagentstore,udp-content-default&aggregations=producttopics,documenttype,disclosurelevel,countrycode,topissue&fromDate=2017-07-01&toDate=2018-12-18"  	[MsgId: MERR-26608]
kaas_DocSearchUDPES_Doc_with_Prod_Context.c(8): Error -26608: HTTP Status-Code=504 (Gateway Timeout) for "https://hx9ekpvvbi.execute-api.us-east-1.amazonaws.com/KaaS-ITG/v2/search?q=Calculator use &resultLimit=10&resultStart=0&countryCode=us&languageCode=en&disclosureLevel=696531864679532034919979251200881,47406819852170807613486806879990,218620138892645155286800249901443,287477763180518087286275037723076,887243771386204747508092376253257,600096605536507071488362545356335&printFields=documentID,title,documenttype,renderlink,matchscore,description,contentupdatedate,language,disclosurelevel,store,docsource,documenttypedetails,topics,categorizations&store=docstore,supportagentstore,manualagentstore,manualstore,videostore,processagentstore,udp-content-default&product=7234912 OR 5058852&aggregations=producttopics,documenttype,disclosurelevel,countrycode,topissue"  	[MsgId: MERR-26608]
Warning: Iteration pacing cannot be reached (pace time = 5.66, actual time = 29.04).	[MsgId: MWAR-15995]
kaas_DocSearchUDPES_Doc_Range.c(8): Error -26608: HTTP Status-Code=504 (Gateway Timeout) for "https://hx9ekpvvbi.execute-api.us-east-1.amazonaws.com/KaaS-ITG/v2/search?q=HP Officejet Mobile Printers &resultLimit=10&resultStart=0&countryCode=us&languageCode=en&disclosureLevel=696531864679532034919979251200881,47406819852170807613486806879990,218620138892645155286800249901443,287477763180518087286275037723076,887243771386204747508092376253257,600096605536507071488362545356335&printFields=documentID,title,documenttype,renderlink,matchscore,description,contentupdatedate,language,disclosurelevel,store,docsource,documenttypedetails,topics,categorizations&store=docstore,supportagentstore,manualagentstore,manualstore,videostore,processagentstore,udp-content-default&aggregations=producttopics,documenttype,disclosurelevel,countrycode,topissue&fromDate=2017-07-01&toDate=2018-12-18"  	[MsgId: MERR-26608]
Warning: Iteration pacing cannot be reached (pace time = 5.27, actual time = 29.04).	[MsgId: MWAR-15995]
kaas_DocSearchUDPES_Doc_without_Prod_Context.c(8): Error -26608: HTTP Status-Code=504 (Gateway Timeout) for "https://hx9ekpvvbi.execute-api.us-east-1.amazonaws.com/KaaS-ITG/v2/search?q=Game controller remote control use &resultLimit=10&resultStart=0&countryCode=us&languageCode=en&disclosureLevel=696531864679532034919979251200881,47406819852170807613486806879990,218620138892645155286800249901443,287477763180518087286275037723076,887243771386204747508092376253257,600096605536507071488362545356335&printFields=documentID,title,documenttype,renderlink,matchscore,description,contentupdatedate,language,disclosurelevel,store,docsource,documenttypedetails,topics,categorizations&store=docstore,supportagentstore,manualagentstore,manualstore,videostore,processagentstore,udp-content-default&aggregations=producttopics,documenttype,disclosurelevel,countrycode,topissue"  	[MsgId: MERR-26608]
Warning: Iteration pacing cannot be reached (pace time = 5.61, actual time = 29.04).	[MsgId: MWAR-15995]
kaas_DocSearchUDPES_Doc_Range.c(8): Error -26608: HTTP Status-Code=504 (Gateway Timeout) for "https://hx9ekpvvbi.execute-api.us-east-1.amazonaws.com/KaaS-ITG/v2/search?q=HP Pavilion Desktop Models 500-000 to 500-999 &resultLimit=10&resultStart=0&countryCode=us&languageCode=en&disclosureLevel=696531864679532034919979251200881,47406819852170807613486806879990,218620138892645155286800249901443,287477763180518087286275037723076,887243771386204747508092376253257,600096605536507071488362545356335&printFields=documentID,title,documenttype,renderlink,matchscore,description,contentupdatedate,language,disclosurelevel,store,docsource,documenttypedetails,topics,categorizations&store=docstore,supportagentstore,manualagentstore,manualstore,videostore,processagentstore,udp-content-default&aggregations=producttopics,documenttype,disclosurelevel,countrycode,topissue&fromDate=2017-07-01&toDate=2018-12-18"  	[MsgId: MERR-26608]
kaas_DocSearchUDPES_Doc_DocTypes.c(8): Error -26608: HTTP Status-Code=504 (Gateway Timeout) for "https://hx9ekpvvbi.execute-api.us-east-1.amazonaws.com/KaaS-ITG/v2/search?q=Hard drive &resultLimit=10&resultStart=0&countryCode=us&languageCode=en&disclosureLevel=696531864679532034919979251200881,47406819852170807613486806879990,218620138892645155286800249901443,287477763180518087286275037723076,887243771386204747508092376253257&printFields=documentID,title,documenttype,renderlink,matchscore,description,contentupdatedate,language,disclosurelevel,store,docsource,documenttypedetails,topics,categorizations&store=docstore,supportagentstore,udp-content-default&documentTypes=Advisory,Agent%20Reference,Agent%20Resource%20Center,Bulletin,Concept%20Content,Notice,Product%20Change%20Notification,Security%20Bulletin,Service,Support,Support%20Information"  	[MsgId: MERR-26608]
Warning: Iteration pacing cannot be reached (pace time = 5.96, actual time = 29.04).	[MsgId: MWAR-15995]
kaas_DocSearchUDPES_Doc_DocTypes.c(8): Error -26608: HTTP Status-Code=504 (Gateway Timeout) for "https://hx9ekpvvbi.execute-api.us-east-1.amazonaws.com/KaaS-ITG/v2/search?q=HP Compaq Notebooks &resultLimit=10&resultStart=0&countryCode=us&languageCode=en&disclosureLevel=696531864679532034919979251200881,47406819852170807613486806879990,218620138892645155286800249901443,287477763180518087286275037723076,887243771386204747508092376253257&printFields=documentID,title,documenttype,renderlink,matchscore,description,contentupdatedate,language,disclosurelevel,store,docsource,documenttypedetails,topics,categorizations&store=docstore,supportagentstore,udp-content-default&documentTypes=Advisory,Agent%20Reference,Agent%20Resource%20Center,Bulletin,Concept%20Content,Notice,Product%20Change%20Notification,Security%20Bulletin,Service,Support,Support%20Information"  	[MsgId: MERR-26608]
kaas_DocSearchUDPES_Doc_DocTypes.c(8): Error -26608: HTTP Status-Code=504 (Gateway Timeout) for "https://hx9ekpvvbi.execute-api.us-east-1.amazonaws.com/KaaS-ITG/v2/search?q=HP Officejet Mobile Printers &resultLimit=10&resultStart=0&countryCode=us&languageCode=en&disclosureLevel=696531864679532034919979251200881,47406819852170807613486806879990,218620138892645155286800249901443,287477763180518087286275037723076,887243771386204747508092376253257&printFields=documentID,title,documenttype,renderlink,matchscore,description,contentupdatedate,language,disclosurelevel,store,docsource,documenttypedetails,topics,categorizations&store=docstore,supportagentstore,udp-content-default&documentTypes=Advisory,Agent%20Reference,Agent%20Resource%20Center,Bulletin,Concept%20Content,Notice,Product%20Change%20Notification,Security%20Bulletin,Service,Support,Support%20Information"  	[MsgId: MERR-26608]
