kaas_DocSearchUDPES_Doc_DocTypes.c(8): Continuing after Error -26627: HTTP Status-Code=404 (Not Found) for "https://hx9ekpvvbi.execute-api.us-east-1.amazonaws.com/KaaS-ITG/v2/search?q=HP ENVY All-in-One Desktops &resultLimit=10&resultStart=0&regionCode=83100584240469618994537&languageCode=en&disclosureLevel=696531864679532034919979251200881,47406819852170807613486806879990,218620138892645155286800249901443,287477763180518087286275037723076,887243771386204747508092376253257&printFields=documentID,title,documenttype,renderlink,matchscore,description,contentupdatedate,language,disclosurelevel,store,docsource,documenttypedetails,topics,categorizations&store=docstore,manualstore,supportagentstore,manualagentstore,processagentstore,videostore,udp-content-default,sdlmanualstore&documentTypes=Advisory,Agent%20Reference,Agent%20Resource%20Center,Bulletin,Concept%20Content,Notice,Product%20Change%20Notification,Security%20Bulletin,Service,Support,Support%20Information&spellCheck=3"  	[MsgId: MERR-26627]
kaas_DocSearchUDPES_Doc_Range.c(8): Continuing after Error -26608: HTTP Status-Code=504 (Gateway Timeout) for "https://hx9ekpvvbi.execute-api.us-east-1.amazonaws.com/KaaS-ITG/v2/search?q=pdf_1745942_en-US-1&resultLimit=10&resultStart=0&regionCode=70376080193144851787510&languageCode=en&disclosureLevel=696531864679532034919979251200881,47406819852170807613486806879990,218620138892645155286800249901443,287477763180518087286275037723076,887243771386204747508092376253257,600096605536507071488362545356335&printFields=documentID,title,documenttype,renderlink,matchscore,description,contentupdatedate,language,disclosurelevel,store,docsource,documenttypedetails,topics,categorizations&store=docstore,manualstore,supportagentstore,manualagentstore,processagentstore,videostore,udp-content-default,sdlmanualstore&aggregations=producttopics,documenttype,disclosurelevel,regionCode,topissue&fromDate=2017-07-01&toDate=2018-12-18&spellCheck=3"  	[MsgId: MERR-26608]
Warning: Iteration pacing cannot be reached (pace time = 5.00, actual time = 29.04).	[MsgId: MWAR-15995]
kaas_DocSearchUDPES_Doc_without_Prod_Context.c(8): Continuing after Error -26608: HTTP Status-Code=504 (Gateway Timeout) for "https://hx9ekpvvbi.execute-api.us-east-1.amazonaws.com/KaaS-ITG/v2/search?q=Scan &resultLimit=10&resultStart=0&regionCode=212299498967880112552079&languageCode=en&disclosureLevel=696531864679532034919979251200881,47406819852170807613486806879990,218620138892645155286800249901443,287477763180518087286275037723076,887243771386204747508092376253257,600096605536507071488362545356335&printFields=documentID,title,documenttype,renderlink,matchscore,description,contentupdatedate,language,disclosurelevel,store,docsource,documenttypedetails,topics,categorizations&store=docstore,manualstore,supportagentstore,manualagentstore,processagentstore,videostore,udp-content-default,sdlmanualstore&aggregations=producttopics,documenttype,disclosurelevel,regionCode,topissue"  	[MsgId: MERR-26608]
Warning: Iteration pacing cannot be reached (pace time = 5.00, actual time = 29.04).	[MsgId: MWAR-15995]
kaas_DocSearchUDPES_Doc_Range.c(8): Continuing after Error -26608: HTTP Status-Code=504 (Gateway Timeout) for "https://hx9ekpvvbi.execute-api.us-east-1.amazonaws.com/KaaS-ITG/v2/search?q=printer &resultLimit=10&resultStart=0&regionCode=212299498967880112552079&languageCode=en&disclosureLevel=696531864679532034919979251200881,47406819852170807613486806879990,218620138892645155286800249901443,287477763180518087286275037723076,887243771386204747508092376253257,600096605536507071488362545356335&printFields=documentID,title,documenttype,renderlink,matchscore,description,contentupdatedate,language,disclosurelevel,store,docsource,documenttypedetails,topics,categorizations&store=docstore,manualstore,supportagentstore,manualagentstore,processagentstore,videostore,udp-content-default,sdlmanualstore&aggregations=producttopics,documenttype,disclosurelevel,regionCode,topissue&fromDate=2017-07-01&toDate=2018-12-18&spellCheck=3"  	[MsgId: MERR-26608]
Warning: Iteration pacing cannot be reached (pace time = 5.00, actual time = 29.05).	[MsgId: MWAR-15995]
kaas_DocSearchUDPES_Doc_DocTypes.c(8): Continuing after Error -26608: HTTP Status-Code=504 (Gateway Timeout) for "https://hx9ekpvvbi.execute-api.us-east-1.amazonaws.com/KaaS-ITG/v2/search?q=Display panel &resultLimit=10&resultStart=0&regionCode=212299498967880112552079&languageCode=en&disclosureLevel=696531864679532034919979251200881,47406819852170807613486806879990,218620138892645155286800249901443,287477763180518087286275037723076,887243771386204747508092376253257&printFields=documentID,title,documenttype,renderlink,matchscore,description,contentupdatedate,language,disclosurelevel,store,docsource,documenttypedetails,topics,categorizations&store=docstore,manualstore,supportagentstore,manualagentstore,processagentstore,videostore,udp-content-default,sdlmanualstore&documentTypes=Advisory,Agent%20Reference,Agent%20Resource%20Center,Bulletin,Concept%20Content,Notice,Product%20Change%20Notification,Security%20Bulletin,Service,Support,Support%20Information&spellCheck=3"  	[MsgId: MERR-26608]
Warning: Iteration pacing cannot be reached (pace time = 5.00, actual time = 29.05).	[MsgId: MWAR-15995]
kaas_DocSearchUDPES_Doc_DocTypes.c(8): Continuing after Error -26608: HTTP Status-Code=504 (Gateway Timeout) for "https://hx9ekpvvbi.execute-api.us-east-1.amazonaws.com/KaaS-ITG/v2/search?q=HP Chrombook Notebooks &resultLimit=10&resultStart=0&regionCode=145969036451726883647975&languageCode=en&disclosureLevel=696531864679532034919979251200881,47406819852170807613486806879990,218620138892645155286800249901443,287477763180518087286275037723076,887243771386204747508092376253257&printFields=documentID,title,documenttype,renderlink,matchscore,description,contentupdatedate,language,disclosurelevel,store,docsource,documenttypedetails,topics,categorizations&store=docstore,manualstore,supportagentstore,manualagentstore,processagentstore,videostore,udp-content-default,sdlmanualstore&documentTypes=Advisory,Agent%20Reference,Agent%20Resource%20Center,Bulletin,Concept%20Content,Notice,Product%20Change%20Notification,Security%20Bulletin,Service,Support,Support%20Information&spellCheck=3"  	[MsgId: MERR-26608]
Warning: Iteration pacing cannot be reached (pace time = 5.00, actual time = 29.19).	[MsgId: MWAR-15995]
Warning: Iteration pacing cannot be reached (pace time = 5.00, actual time = 22.73).	[MsgId: MWAR-15995]
kaas_DocSearchUDPES_Doc_Sort.c(8): Continuing after Error -26608: HTTP Status-Code=504 (Gateway Timeout) for "https://hx9ekpvvbi.execute-api.us-east-1.amazonaws.com/KaaS-ITG/v2/search?q=paper jam &resultLimit=10&resultStart=0&regionCode=212299498967880112552079&languageCode=en&disclosureLevel=696531864679532034919979251200881,47406819852170807613486806879990,218620138892645155286800249901443,287477763180518087286275037723076,887243771386204747508092376253257,600096605536507071488362545356335&sortBy=contentupdatedate&sortOrder=desc&printFields=documentID,title,documenttype,renderlink,matchscore,description,contentupdatedate,language,disclosurelevel,store,docsource,documenttypedetails,topics,categorizations&store=docstore,manualstore,supportagentstore,manualagentstore,processagentstore,videostore,udp-content-default,sdlmanualstore&aggregations=producttopics,documenttype,disclosurelevel,regionCode,topissue&spellCheck=3"  	[MsgId: MERR-26608]
Warning: Iteration pacing cannot be reached (pace time = 5.00, actual time = 29.17).	[MsgId: MWAR-15995]
kaas_DocSearchUDPES_Doc_Sort.c(8): Continuing after Error -26608: HTTP Status-Code=504 (Gateway Timeout) for "https://hx9ekpvvbi.execute-api.us-east-1.amazonaws.com/KaaS-ITG/v2/search?q=HP TouchSmart & Touch Notebooks &resultLimit=10&resultStart=0&regionCode=182110667933246376064052&languageCode=en&disclosureLevel=696531864679532034919979251200881,47406819852170807613486806879990,218620138892645155286800249901443,287477763180518087286275037723076,887243771386204747508092376253257,600096605536507071488362545356335&sortBy=contentupdatedate&sortOrder=desc&printFields=documentID,title,documenttype,renderlink,matchscore,description,contentupdatedate,language,disclosurelevel,store,docsource,documenttypedetails,topics,categorizations&store=docstore,manualstore,supportagentstore,manualagentstore,processagentstore,videostore,udp-content-default,sdlmanualstore&aggregations=producttopics,documenttype,disclosurelevel,regionCode,topissue&spellCheck=3"  	[MsgId: MERR-26608]
Warning: Iteration pacing cannot be reached (pace time = 5.00, actual time = 29.20).	[MsgId: MWAR-15995]
Warning: Iteration pacing cannot be reached (pace time = 5.00, actual time = 8.09).	[MsgId: MWAR-15995]
Warning: Iteration pacing cannot be reached (pace time = 5.00, actual time = 6.38).	[MsgId: MWAR-15995]
Warning: Iteration pacing cannot be reached (pace time = 5.00, actual time = 7.77).	[MsgId: MWAR-15995]
Warning: Iteration pacing cannot be reached (pace time = 5.00, actual time = 5.47).	[MsgId: MWAR-15995]
Warning: Iteration pacing cannot be reached (pace time = 5.00, actual time = 5.44).	[MsgId: MWAR-15995]
Warning: Iteration pacing cannot be reached (pace time = 5.00, actual time = 6.26).	[MsgId: MWAR-15995]
Warning: Iteration pacing cannot be reached (pace time = 5.00, actual time = 5.67).	[MsgId: MWAR-15995]
Warning: Iteration pacing cannot be reached (pace time = 5.00, actual time = 5.62).	[MsgId: MWAR-15995]
Warning: Iteration pacing cannot be reached (pace time = 5.00, actual time = 5.01).	[MsgId: MWAR-15995]
Warning: Iteration pacing cannot be reached (pace time = 5.00, actual time = 5.01).	[MsgId: MWAR-15995]
Warning: Iteration pacing cannot be reached (pace time = 5.00, actual time = 6.11).	[MsgId: MWAR-15995]
Warning: Iteration pacing cannot be reached (pace time = 5.00, actual time = 6.78).	[MsgId: MWAR-15995]
Warning: Iteration pacing cannot be reached (pace time = 5.00, actual time = 6.90).	[MsgId: MWAR-15995]
Warning: Iteration pacing cannot be reached (pace time = 5.00, actual time = 7.59).	[MsgId: MWAR-15995]
Warning: Iteration pacing cannot be reached (pace time = 5.00, actual time = 6.02).	[MsgId: MWAR-15995]
Warning: Iteration pacing cannot be reached (pace time = 5.00, actual time = 7.06).	[MsgId: MWAR-15995]
Warning: Iteration pacing cannot be reached (pace time = 5.00, actual time = 6.69).	[MsgId: MWAR-15995]
Warning: Iteration pacing cannot be reached (pace time = 5.00, actual time = 6.97).	[MsgId: MWAR-15995]
Warning: Iteration pacing cannot be reached (pace time = 5.00, actual time = 6.75).	[MsgId: MWAR-15995]
Warning: Iteration pacing cannot be reached (pace time = 5.00, actual time = 5.51).	[MsgId: MWAR-15995]
Warning: Iteration pacing cannot be reached (pace time = 5.00, actual time = 5.41).	[MsgId: MWAR-15995]
Warning: Iteration pacing cannot be reached (pace time = 5.00, actual time = 5.12).	[MsgId: MWAR-15995]
Warning: Iteration pacing cannot be reached (pace time = 5.00, actual time = 5.87).	[MsgId: MWAR-15995]
Warning: Iteration pacing cannot be reached (pace time = 5.00, actual time = 6.82).	[MsgId: MWAR-15995]
Warning: Iteration pacing cannot be reached (pace time = 5.00, actual time = 7.11).	[MsgId: MWAR-15995]
Warning: Iteration pacing cannot be reached (pace time = 5.00, actual time = 8.35).	[MsgId: MWAR-15995]
Warning: Iteration pacing cannot be reached (pace time = 5.00, actual time = 8.19).	[MsgId: MWAR-15995]
Warning: Iteration pacing cannot be reached (pace time = 5.00, actual time = 8.23).	[MsgId: MWAR-15995]
Warning: Iteration pacing cannot be reached (pace time = 5.00, actual time = 8.37).	[MsgId: MWAR-15995]
Warning: Iteration pacing cannot be reached (pace time = 5.00, actual time = 6.90).	[MsgId: MWAR-15995]
Warning: Iteration pacing cannot be reached (pace time = 5.00, actual time = 6.95).	[MsgId: MWAR-15995]
Warning: Iteration pacing cannot be reached (pace time = 5.00, actual time = 6.42).	[MsgId: MWAR-15995]
Warning: Iteration pacing cannot be reached (pace time = 5.00, actual time = 6.03).	[MsgId: MWAR-15995]
Warning: Iteration pacing cannot be reached (pace time = 5.00, actual time = 6.09).	[MsgId: MWAR-15995]
Warning: Iteration pacing cannot be reached (pace time = 5.00, actual time = 5.76).	[MsgId: MWAR-15995]
Warning: Iteration pacing cannot be reached (pace time = 5.00, actual time = 6.82).	[MsgId: MWAR-15995]
Warning: Iteration pacing cannot be reached (pace time = 5.00, actual time = 6.52).	[MsgId: MWAR-15995]
Warning: Iteration pacing cannot be reached (pace time = 5.00, actual time = 5.16).	[MsgId: MWAR-15995]
Warning: Iteration pacing cannot be reached (pace time = 5.00, actual time = 5.60).	[MsgId: MWAR-15995]
Warning: Iteration pacing cannot be reached (pace time = 5.00, actual time = 5.93).	[MsgId: MWAR-15995]
Warning: Iteration pacing cannot be reached (pace time = 5.00, actual time = 5.26).	[MsgId: MWAR-15995]
Warning: Iteration pacing cannot be reached (pace time = 5.00, actual time = 6.31).	[MsgId: MWAR-15995]
Warning: Iteration pacing cannot be reached (pace time = 5.00, actual time = 5.35).	[MsgId: MWAR-15995]
Warning: Iteration pacing cannot be reached (pace time = 5.00, actual time = 5.56).	[MsgId: MWAR-15995]
Warning: Iteration pacing cannot be reached (pace time = 5.00, actual time = 8.47).	[MsgId: MWAR-15995]
Warning: Iteration pacing cannot be reached (pace time = 5.00, actual time = 8.04).	[MsgId: MWAR-15995]
Warning: Iteration pacing cannot be reached (pace time = 5.00, actual time = 5.39).	[MsgId: MWAR-15995]
Warning: Iteration pacing cannot be reached (pace time = 5.00, actual time = 8.25).	[MsgId: MWAR-15995]
Warning: Iteration pacing cannot be reached (pace time = 5.00, actual time = 7.01).	[MsgId: MWAR-15995]
Warning: Iteration pacing cannot be reached (pace time = 5.00, actual time = 5.27).	[MsgId: MWAR-15995]
Warning: Iteration pacing cannot be reached (pace time = 5.00, actual time = 6.64).	[MsgId: MWAR-15995]
Warning: Iteration pacing cannot be reached (pace time = 5.00, actual time = 6.06).	[MsgId: MWAR-15995]
Warning: Iteration pacing cannot be reached (pace time = 5.00, actual time = 6.04).	[MsgId: MWAR-15995]
Warning: Iteration pacing cannot be reached (pace time = 5.00, actual time = 6.70).	[MsgId: MWAR-15995]
Warning: Iteration pacing cannot be reached (pace time = 5.00, actual time = 6.41).	[MsgId: MWAR-15995]
Warning: Iteration pacing cannot be reached (pace time = 5.00, actual time = 6.48).	[MsgId: MWAR-15995]
Warning: Iteration pacing cannot be reached (pace time = 5.00, actual time = 5.97).	[MsgId: MWAR-15995]
Warning: Iteration pacing cannot be reached (pace time = 5.00, actual time = 5.46).	[MsgId: MWAR-15995]
Warning: Iteration pacing cannot be reached (pace time = 5.00, actual time = 6.43).	[MsgId: MWAR-15995]
Warning: Iteration pacing cannot be reached (pace time = 5.00, actual time = 7.51).	[MsgId: MWAR-15995]
Warning: Iteration pacing cannot be reached (pace time = 5.00, actual time = 6.50).	[MsgId: MWAR-15995]
Warning: Iteration pacing cannot be reached (pace time = 5.00, actual time = 5.36).	[MsgId: MWAR-15995]
Warning: Iteration pacing cannot be reached (pace time = 5.00, actual time = 7.16).	[MsgId: MWAR-15995]
Warning: Iteration pacing cannot be reached (pace time = 5.00, actual time = 7.13).	[MsgId: MWAR-15995]
Warning: Iteration pacing cannot be reached (pace time = 5.00, actual time = 5.99).	[MsgId: MWAR-15995]
Warning: Iteration pacing cannot be reached (pace time = 5.00, actual time = 6.05).	[MsgId: MWAR-15995]
Warning: Iteration pacing cannot be reached (pace time = 5.00, actual time = 5.92).	[MsgId: MWAR-15995]
Warning: Iteration pacing cannot be reached (pace time = 5.00, actual time = 5.15).	[MsgId: MWAR-15995]
Warning: Iteration pacing cannot be reached (pace time = 5.00, actual time = 5.21).	[MsgId: MWAR-15995]
Warning: Iteration pacing cannot be reached (pace time = 5.00, actual time = 5.20).	[MsgId: MWAR-15995]
Warning: Iteration pacing cannot be reached (pace time = 5.00, actual time = 5.61).	[MsgId: MWAR-15995]
Warning: Iteration pacing cannot be reached (pace time = 5.00, actual time = 5.74).	[MsgId: MWAR-15995]
Warning: Iteration pacing cannot be reached (pace time = 5.00, actual time = 6.24).	[MsgId: MWAR-15995]
Warning: Iteration pacing cannot be reached (pace time = 5.00, actual time = 5.74).	[MsgId: MWAR-15995]
Warning: Iteration pacing cannot be reached (pace time = 5.00, actual time = 7.48).	[MsgId: MWAR-15995]
Warning: Iteration pacing cannot be reached (pace time = 5.00, actual time = 7.94).	[MsgId: MWAR-15995]
Warning: Iteration pacing cannot be reached (pace time = 5.00, actual time = 8.05).	[MsgId: MWAR-15995]
Warning: Iteration pacing cannot be reached (pace time = 5.00, actual time = 5.20).	[MsgId: MWAR-15995]
Warning: Iteration pacing cannot be reached (pace time = 5.00, actual time = 5.81).	[MsgId: MWAR-15995]
Warning: Iteration pacing cannot be reached (pace time = 5.00, actual time = 6.05).	[MsgId: MWAR-15995]
Warning: Iteration pacing cannot be reached (pace time = 5.00, actual time = 7.43).	[MsgId: MWAR-15995]
Warning: Iteration pacing cannot be reached (pace time = 5.00, actual time = 7.62).	[MsgId: MWAR-15995]
Warning: Iteration pacing cannot be reached (pace time = 5.00, actual time = 6.42).	[MsgId: MWAR-15995]
Warning: Iteration pacing cannot be reached (pace time = 5.00, actual time = 5.46).	[MsgId: MWAR-15995]
Warning: Iteration pacing cannot be reached (pace time = 5.00, actual time = 5.80).	[MsgId: MWAR-15995]
Warning: Iteration pacing cannot be reached (pace time = 5.00, actual time = 5.68).	[MsgId: MWAR-15995]
Warning: Iteration pacing cannot be reached (pace time = 5.00, actual time = 5.67).	[MsgId: MWAR-15995]
Warning: Iteration pacing cannot be reached (pace time = 5.00, actual time = 5.17).	[MsgId: MWAR-15995]
Warning: Iteration pacing cannot be reached (pace time = 5.00, actual time = 5.41).	[MsgId: MWAR-15995]
Warning: Iteration pacing cannot be reached (pace time = 5.00, actual time = 5.28).	[MsgId: MWAR-15995]
Warning: Iteration pacing cannot be reached (pace time = 5.00, actual time = 5.86).	[MsgId: MWAR-15995]
Warning: Iteration pacing cannot be reached (pace time = 5.00, actual time = 6.38).	[MsgId: MWAR-15995]
Warning: Iteration pacing cannot be reached (pace time = 5.00, actual time = 5.78).	[MsgId: MWAR-15995]
Warning: Iteration pacing cannot be reached (pace time = 5.00, actual time = 5.08).	[MsgId: MWAR-15995]
Warning: Iteration pacing cannot be reached (pace time = 5.00, actual time = 5.68).	[MsgId: MWAR-15995]
Warning: Iteration pacing cannot be reached (pace time = 5.00, actual time = 5.95).	[MsgId: MWAR-15995]
Warning: Iteration pacing cannot be reached (pace time = 5.00, actual time = 5.74).	[MsgId: MWAR-15995]
Warning: Iteration pacing cannot be reached (pace time = 5.00, actual time = 5.42).	[MsgId: MWAR-15995]
Warning: Iteration pacing cannot be reached (pace time = 5.00, actual time = 5.64).	[MsgId: MWAR-15995]
Warning: Iteration pacing cannot be reached (pace time = 5.00, actual time = 5.04).	[MsgId: MWAR-15995]
Warning: Iteration pacing cannot be reached (pace time = 5.00, actual time = 5.23).	[MsgId: MWAR-15995]
Warning: Iteration pacing cannot be reached (pace time = 5.00, actual time = 5.32).	[MsgId: MWAR-15995]
Warning: Iteration pacing cannot be reached (pace time = 5.00, actual time = 5.26).	[MsgId: MWAR-15995]
Warning: Iteration pacing cannot be reached (pace time = 5.00, actual time = 5.01).	[MsgId: MWAR-15995]
Warning: Iteration pacing cannot be reached (pace time = 5.00, actual time = 5.36).	[MsgId: MWAR-15995]
Warning: Iteration pacing cannot be reached (pace time = 5.00, actual time = 5.10).	[MsgId: MWAR-15995]
Warning: Iteration pacing cannot be reached (pace time = 5.00, actual time = 5.16).	[MsgId: MWAR-15995]
Warning: Iteration pacing cannot be reached (pace time = 5.00, actual time = 5.05).	[MsgId: MWAR-15995]
Warning: Iteration pacing cannot be reached (pace time = 5.00, actual time = 7.16).	[MsgId: MWAR-15995]
Warning: Iteration pacing cannot be reached (pace time = 5.00, actual time = 7.06).	[MsgId: MWAR-15995]
Warning: Iteration pacing cannot be reached (pace time = 5.00, actual time = 5.29).	[MsgId: MWAR-15995]
Warning: Iteration pacing cannot be reached (pace time = 5.00, actual time = 5.21).	[MsgId: MWAR-15995]
Warning: Iteration pacing cannot be reached (pace time = 5.00, actual time = 5.05).	[MsgId: MWAR-15995]
Warning: Iteration pacing cannot be reached (pace time = 5.00, actual time = 5.59).	[MsgId: MWAR-15995]
Warning: Iteration pacing cannot be reached (pace time = 5.00, actual time = 6.03).	[MsgId: MWAR-15995]
Warning: Iteration pacing cannot be reached (pace time = 5.00, actual time = 6.35).	[MsgId: MWAR-15995]
Warning: Iteration pacing cannot be reached (pace time = 5.00, actual time = 5.42).	[MsgId: MWAR-15995]
Warning: Iteration pacing cannot be reached (pace time = 5.00, actual time = 5.29).	[MsgId: MWAR-15995]
Warning: Iteration pacing cannot be reached (pace time = 5.00, actual time = 5.74).	[MsgId: MWAR-15995]
Warning: Iteration pacing cannot be reached (pace time = 5.00, actual time = 7.10).	[MsgId: MWAR-15995]
Warning: Iteration pacing cannot be reached (pace time = 5.00, actual time = 6.99).	[MsgId: MWAR-15995]
Warning: Iteration pacing cannot be reached (pace time = 5.00, actual time = 7.47).	[MsgId: MWAR-15995]
Warning: Iteration pacing cannot be reached (pace time = 5.00, actual time = 5.30).	[MsgId: MWAR-15995]
Warning: Iteration pacing cannot be reached (pace time = 5.00, actual time = 5.47).	[MsgId: MWAR-15995]
Warning: Iteration pacing cannot be reached (pace time = 5.00, actual time = 6.80).	[MsgId: MWAR-15995]
Warning: Iteration pacing cannot be reached (pace time = 5.00, actual time = 6.61).	[MsgId: MWAR-15995]
Warning: Iteration pacing cannot be reached (pace time = 5.00, actual time = 5.70).	[MsgId: MWAR-15995]
Warning: Iteration pacing cannot be reached (pace time = 5.00, actual time = 5.07).	[MsgId: MWAR-15995]
Warning: Iteration pacing cannot be reached (pace time = 5.00, actual time = 5.13).	[MsgId: MWAR-15995]
Warning: Iteration pacing cannot be reached (pace time = 5.00, actual time = 5.07).	[MsgId: MWAR-15995]
Warning: Iteration pacing cannot be reached (pace time = 5.00, actual time = 6.70).	[MsgId: MWAR-15995]
Warning: Iteration pacing cannot be reached (pace time = 5.00, actual time = 6.58).	[MsgId: MWAR-15995]
Warning: Iteration pacing cannot be reached (pace time = 5.00, actual time = 5.30).	[MsgId: MWAR-15995]
Warning: Iteration pacing cannot be reached (pace time = 5.00, actual time = 5.85).	[MsgId: MWAR-15995]
Warning: Iteration pacing cannot be reached (pace time = 5.00, actual time = 5.10).	[MsgId: MWAR-15995]
Warning: Iteration pacing cannot be reached (pace time = 5.00, actual time = 5.44).	[MsgId: MWAR-15995]
Warning: Iteration pacing cannot be reached (pace time = 5.00, actual time = 5.32).	[MsgId: MWAR-15995]
Warning: Iteration pacing cannot be reached (pace time = 5.00, actual time = 5.47).	[MsgId: MWAR-15995]
Warning: Iteration pacing cannot be reached (pace time = 5.00, actual time = 5.39).	[MsgId: MWAR-15995]
Warning: Iteration pacing cannot be reached (pace time = 5.00, actual time = 7.16).	[MsgId: MWAR-15995]
Warning: Iteration pacing cannot be reached (pace time = 5.00, actual time = 5.62).	[MsgId: MWAR-15995]
Warning: Iteration pacing cannot be reached (pace time = 5.00, actual time = 7.77).	[MsgId: MWAR-15995]
Warning: Iteration pacing cannot be reached (pace time = 5.00, actual time = 5.42).	[MsgId: MWAR-15995]
Warning: Iteration pacing cannot be reached (pace time = 5.00, actual time = 5.15).	[MsgId: MWAR-15995]
Warning: Iteration pacing cannot be reached (pace time = 5.00, actual time = 5.48).	[MsgId: MWAR-15995]
Warning: Iteration pacing cannot be reached (pace time = 5.00, actual time = 6.60).	[MsgId: MWAR-15995]
Warning: Iteration pacing cannot be reached (pace time = 5.00, actual time = 5.94).	[MsgId: MWAR-15995]
Warning: Iteration pacing cannot be reached (pace time = 5.00, actual time = 5.12).	[MsgId: MWAR-15995]
Warning: Iteration pacing cannot be reached (pace time = 5.00, actual time = 5.14).	[MsgId: MWAR-15995]
Warning: Iteration pacing cannot be reached (pace time = 5.00, actual time = 5.06).	[MsgId: MWAR-15995]
Warning: Iteration pacing cannot be reached (pace time = 5.00, actual time = 7.50).	[MsgId: MWAR-15995]
Warning: Iteration pacing cannot be reached (pace time = 5.00, actual time = 7.78).	[MsgId: MWAR-15995]
Warning: Iteration pacing cannot be reached (pace time = 5.00, actual time = 5.40).	[MsgId: MWAR-15995]
Warning: Iteration pacing cannot be reached (pace time = 5.00, actual time = 5.41).	[MsgId: MWAR-15995]
Warning: Iteration pacing cannot be reached (pace time = 5.00, actual time = 5.00).	[MsgId: MWAR-15995]
Warning: Iteration pacing cannot be reached (pace time = 5.00, actual time = 5.54).	[MsgId: MWAR-15995]
Warning: Iteration pacing cannot be reached (pace time = 5.00, actual time = 5.60).	[MsgId: MWAR-15995]
Warning: Iteration pacing cannot be reached (pace time = 5.00, actual time = 6.00).	[MsgId: MWAR-15995]
Warning: Iteration pacing cannot be reached (pace time = 5.00, actual time = 5.25).	[MsgId: MWAR-15995]
Warning: Iteration pacing cannot be reached (pace time = 5.00, actual time = 5.70).	[MsgId: MWAR-15995]
Warning: Iteration pacing cannot be reached (pace time = 5.00, actual time = 5.47).	[MsgId: MWAR-15995]
Warning: Iteration pacing cannot be reached (pace time = 5.00, actual time = 5.23).	[MsgId: MWAR-15995]
Warning: Iteration pacing cannot be reached (pace time = 5.00, actual time = 5.03).	[MsgId: MWAR-15995]
Warning: Iteration pacing cannot be reached (pace time = 5.00, actual time = 5.19).	[MsgId: MWAR-15995]
Warning: Iteration pacing cannot be reached (pace time = 5.00, actual time = 5.77).	[MsgId: MWAR-15995]
Warning: Iteration pacing cannot be reached (pace time = 5.00, actual time = 6.12).	[MsgId: MWAR-15995]
Warning: Iteration pacing cannot be reached (pace time = 5.00, actual time = 5.84).	[MsgId: MWAR-15995]
Warning: Iteration pacing cannot be reached (pace time = 5.00, actual time = 6.36).	[MsgId: MWAR-15995]
Warning: Iteration pacing cannot be reached (pace time = 5.00, actual time = 5.08).	[MsgId: MWAR-15995]
Warning: Iteration pacing cannot be reached (pace time = 5.00, actual time = 5.73).	[MsgId: MWAR-15995]
Warning: Iteration pacing cannot be reached (pace time = 5.00, actual time = 6.12).	[MsgId: MWAR-15995]
Warning: Iteration pacing cannot be reached (pace time = 5.00, actual time = 5.10).	[MsgId: MWAR-15995]
Warning: Iteration pacing cannot be reached (pace time = 5.00, actual time = 5.57).	[MsgId: MWAR-15995]
Warning: Iteration pacing cannot be reached (pace time = 5.00, actual time = 5.45).	[MsgId: MWAR-15995]
Warning: Iteration pacing cannot be reached (pace time = 5.00, actual time = 5.48).	[MsgId: MWAR-15995]
Warning: Iteration pacing cannot be reached (pace time = 5.00, actual time = 6.31).	[MsgId: MWAR-15995]
Warning: Iteration pacing cannot be reached (pace time = 5.00, actual time = 5.61).	[MsgId: MWAR-15995]
Warning: Iteration pacing cannot be reached (pace time = 5.00, actual time = 5.04).	[MsgId: MWAR-15995]
Warning: Iteration pacing cannot be reached (pace time = 5.00, actual time = 5.13).	[MsgId: MWAR-15995]
Warning: Iteration pacing cannot be reached (pace time = 5.00, actual time = 5.59).	[MsgId: MWAR-15995]
Warning: Iteration pacing cannot be reached (pace time = 5.00, actual time = 6.41).	[MsgId: MWAR-15995]
Warning: Iteration pacing cannot be reached (pace time = 5.00, actual time = 6.06).	[MsgId: MWAR-15995]
Warning: Iteration pacing cannot be reached (pace time = 5.00, actual time = 5.80).	[MsgId: MWAR-15995]
Warning: Iteration pacing cannot be reached (pace time = 5.00, actual time = 5.20).	[MsgId: MWAR-15995]
Warning: Iteration pacing cannot be reached (pace time = 5.00, actual time = 5.57).	[MsgId: MWAR-15995]
Warning: Iteration pacing cannot be reached (pace time = 5.00, actual time = 5.68).	[MsgId: MWAR-15995]
Warning: Iteration pacing cannot be reached (pace time = 5.00, actual time = 5.19).	[MsgId: MWAR-15995]
Warning: Iteration pacing cannot be reached (pace time = 5.00, actual time = 5.71).	[MsgId: MWAR-15995]
Warning: Iteration pacing cannot be reached (pace time = 5.00, actual time = 6.16).	[MsgId: MWAR-15995]
Warning: Iteration pacing cannot be reached (pace time = 5.00, actual time = 6.11).	[MsgId: MWAR-15995]
Warning: Iteration pacing cannot be reached (pace time = 5.00, actual time = 6.43).	[MsgId: MWAR-15995]
Warning: Iteration pacing cannot be reached (pace time = 5.00, actual time = 6.49).	[MsgId: MWAR-15995]
Warning: Iteration pacing cannot be reached (pace time = 5.00, actual time = 6.08).	[MsgId: MWAR-15995]
Warning: Iteration pacing cannot be reached (pace time = 5.00, actual time = 5.04).	[MsgId: MWAR-15995]
Warning: Iteration pacing cannot be reached (pace time = 5.00, actual time = 5.47).	[MsgId: MWAR-15995]
Warning: Iteration pacing cannot be reached (pace time = 5.00, actual time = 6.26).	[MsgId: MWAR-15995]
Warning: Iteration pacing cannot be reached (pace time = 5.00, actual time = 6.41).	[MsgId: MWAR-15995]
Warning: Iteration pacing cannot be reached (pace time = 5.00, actual time = 6.14).	[MsgId: MWAR-15995]
Warning: Iteration pacing cannot be reached (pace time = 5.00, actual time = 5.06).	[MsgId: MWAR-15995]
Warning: Iteration pacing cannot be reached (pace time = 5.00, actual time = 5.34).	[MsgId: MWAR-15995]
Warning: Iteration pacing cannot be reached (pace time = 5.00, actual time = 5.07).	[MsgId: MWAR-15995]
Warning: Iteration pacing cannot be reached (pace time = 5.00, actual time = 5.17).	[MsgId: MWAR-15995]
Warning: Iteration pacing cannot be reached (pace time = 5.00, actual time = 6.71).	[MsgId: MWAR-15995]
Warning: Iteration pacing cannot be reached (pace time = 5.00, actual time = 6.03).	[MsgId: MWAR-15995]
Warning: Iteration pacing cannot be reached (pace time = 5.00, actual time = 6.62).	[MsgId: MWAR-15995]
Warning: Iteration pacing cannot be reached (pace time = 5.00, actual time = 6.04).	[MsgId: MWAR-15995]
Warning: Iteration pacing cannot be reached (pace time = 5.00, actual time = 5.31).	[MsgId: MWAR-15995]
Warning: Iteration pacing cannot be reached (pace time = 5.00, actual time = 5.34).	[MsgId: MWAR-15995]
Warning: Iteration pacing cannot be reached (pace time = 5.00, actual time = 5.17).	[MsgId: MWAR-15995]
Warning: Iteration pacing cannot be reached (pace time = 5.00, actual time = 6.72).	[MsgId: MWAR-15995]
Warning: Iteration pacing cannot be reached (pace time = 5.00, actual time = 6.80).	[MsgId: MWAR-15995]
Warning: Iteration pacing cannot be reached (pace time = 5.00, actual time = 5.87).	[MsgId: MWAR-15995]
Warning: Iteration pacing cannot be reached (pace time = 5.00, actual time = 5.12).	[MsgId: MWAR-15995]
Warning: Iteration pacing cannot be reached (pace time = 5.00, actual time = 5.03).	[MsgId: MWAR-15995]
Warning: Iteration pacing cannot be reached (pace time = 5.00, actual time = 5.50).	[MsgId: MWAR-15995]
Warning: Iteration pacing cannot be reached (pace time = 5.00, actual time = 5.67).	[MsgId: MWAR-15995]
Warning: Iteration pacing cannot be reached (pace time = 5.00, actual time = 8.22).	[MsgId: MWAR-15995]
Warning: Iteration pacing cannot be reached (pace time = 5.00, actual time = 5.07).	[MsgId: MWAR-15995]
Warning: Iteration pacing cannot be reached (pace time = 5.00, actual time = 5.57).	[MsgId: MWAR-15995]
Warning: Iteration pacing cannot be reached (pace time = 5.00, actual time = 6.61).	[MsgId: MWAR-15995]
Warning: Iteration pacing cannot be reached (pace time = 5.00, actual time = 5.45).	[MsgId: MWAR-15995]
Warning: Iteration pacing cannot be reached (pace time = 5.00, actual time = 5.29).	[MsgId: MWAR-15995]
Warning: Iteration pacing cannot be reached (pace time = 5.00, actual time = 5.27).	[MsgId: MWAR-15995]
Warning: Iteration pacing cannot be reached (pace time = 5.00, actual time = 5.13).	[MsgId: MWAR-15995]
Warning: Iteration pacing cannot be reached (pace time = 5.00, actual time = 6.02).	[MsgId: MWAR-15995]
Warning: Iteration pacing cannot be reached (pace time = 5.00, actual time = 5.48).	[MsgId: MWAR-15995]
Warning: Iteration pacing cannot be reached (pace time = 5.00, actual time = 5.83).	[MsgId: MWAR-15995]
Warning: Iteration pacing cannot be reached (pace time = 5.00, actual time = 5.67).	[MsgId: MWAR-15995]
Warning: Iteration pacing cannot be reached (pace time = 5.00, actual time = 5.07).	[MsgId: MWAR-15995]
Warning: Iteration pacing cannot be reached (pace time = 5.00, actual time = 7.72).	[MsgId: MWAR-15995]
Warning: Iteration pacing cannot be reached (pace time = 5.00, actual time = 7.21).	[MsgId: MWAR-15995]
Warning: Iteration pacing cannot be reached (pace time = 5.00, actual time = 6.96).	[MsgId: MWAR-15995]
Warning: Iteration pacing cannot be reached (pace time = 5.00, actual time = 5.90).	[MsgId: MWAR-15995]
Warning: Iteration pacing cannot be reached (pace time = 5.00, actual time = 5.04).	[MsgId: MWAR-15995]
Warning: Iteration pacing cannot be reached (pace time = 5.00, actual time = 6.80).	[MsgId: MWAR-15995]
Warning: Iteration pacing cannot be reached (pace time = 5.00, actual time = 6.70).	[MsgId: MWAR-15995]
Warning: Iteration pacing cannot be reached (pace time = 5.00, actual time = 6.74).	[MsgId: MWAR-15995]
Warning: Iteration pacing cannot be reached (pace time = 5.00, actual time = 6.09).	[MsgId: MWAR-15995]
Warning: Iteration pacing cannot be reached (pace time = 5.00, actual time = 6.14).	[MsgId: MWAR-15995]
Warning: Iteration pacing cannot be reached (pace time = 5.00, actual time = 5.06).	[MsgId: MWAR-15995]
Warning: Iteration pacing cannot be reached (pace time = 5.00, actual time = 5.47).	[MsgId: MWAR-15995]
Warning: Iteration pacing cannot be reached (pace time = 5.00, actual time = 5.77).	[MsgId: MWAR-15995]
