Warning: Iteration pacing cannot be reached (pace time = 5.42, actual time = 17.49).	[MsgId: MWAR-15995]
Warning: Iteration pacing cannot be reached (pace time = 5.39, actual time = 16.00).	[MsgId: MWAR-15995]
Warning: Iteration pacing cannot be reached (pace time = 5.25, actual time = 10.76).	[MsgId: MWAR-15995]
Warning: Iteration pacing cannot be reached (pace time = 5.99, actual time = 17.38).	[MsgId: MWAR-15995]
Warning: Iteration pacing cannot be reached (pace time = 5.40, actual time = 19.44).	[MsgId: MWAR-15995]
Warning: Iteration pacing cannot be reached (pace time = 5.75, actual time = 5.96).	[MsgId: MWAR-15995]
Warning: Iteration pacing cannot be reached (pace time = 5.74, actual time = 6.60).	[MsgId: MWAR-15995]
Warning: Iteration pacing cannot be reached (pace time = 5.63, actual time = 24.42).	[MsgId: MWAR-15995]
kaas_DocSearchUDPES_Doc_Sort.c(8): Error -26608: HTTP Status-Code=504 (Gateway Timeout) for "https://hx9ekpvvbi.execute-api.us-east-1.amazonaws.com/KaaS-ITG/v2/search?q=System recovery/backup/restore &resultLimit=10&resultStart=0&countryCode=us&languageCode=en&disclosureLevel=696531864679532034919979251200881,47406819852170807613486806879990,218620138892645155286800249901443,287477763180518087286275037723076,887243771386204747508092376253257,600096605536507071488362545356335&sortBy=contentupdatedate&sortOrder=desc&printFields=documentID,title,documenttype,renderlink,matchscore,description,contentupdatedate,language,disclosurelevel,store,docsource,documenttypedetails,topics,categorizations&store=docstore,supportagentstore,manualagentstore,manualstore,videostore,processagentstore,udp-content-default&aggregations=producttopics,documenttype,disclosurelevel,countrycode,topissue&spellCheck=3"  	[MsgId: MERR-26608]
Warning: Iteration pacing cannot be reached (pace time = 5.25, actual time = 29.04).	[MsgId: MWAR-15995]
kaas_DocSearchUDPES_Doc_with_Prod_Context.c(8): Error -26608: HTTP Status-Code=504 (Gateway Timeout) for "https://hx9ekpvvbi.execute-api.us-east-1.amazonaws.com/KaaS-ITG/v2/search?q=printer &resultLimit=10&resultStart=0&countryCode=us&languageCode=en&disclosureLevel=696531864679532034919979251200881,47406819852170807613486806879990,218620138892645155286800249901443,287477763180518087286275037723076,887243771386204747508092376253257,600096605536507071488362545356335&printFields=documentID,title,documenttype,renderlink,matchscore,description,contentupdatedate,language,disclosurelevel,store,docsource,documenttypedetails,topics,categorizations&store=docstore,supportagentstore,manualagentstore,manualstore,videostore,processagentstore,udp-content-default&product=5058852 OR 3370383&aggregations=producttopics,documenttype,disclosurelevel,countrycode,topissue"  	[MsgId: MERR-26608]
Warning: Iteration pacing cannot be reached (pace time = 5.17, actual time = 29.04).	[MsgId: MWAR-15995]
kaas_DocSearchUDPES_Doc_Sort.c(8): Error -26608: HTTP Status-Code=504 (Gateway Timeout) for "https://hx9ekpvvbi.execute-api.us-east-1.amazonaws.com/KaaS-ITG/v2/search?q=printer &resultLimit=10&resultStart=0&countryCode=us&languageCode=en&disclosureLevel=696531864679532034919979251200881,47406819852170807613486806879990,218620138892645155286800249901443,287477763180518087286275037723076,887243771386204747508092376253257,600096605536507071488362545356335&sortBy=contentupdatedate&sortOrder=desc&printFields=documentID,title,documenttype,renderlink,matchscore,description,contentupdatedate,language,disclosurelevel,store,docsource,documenttypedetails,topics,categorizations&store=docstore,supportagentstore,manualagentstore,manualstore,videostore,processagentstore,udp-content-default&aggregations=producttopics,documenttype,disclosurelevel,countrycode,topissue&spellCheck=3"  	[MsgId: MERR-26608]
Warning: Iteration pacing cannot be reached (pace time = 5.82, actual time = 29.05).	[MsgId: MWAR-15995]
Warning: Iteration pacing cannot be reached (pace time = 5.74, actual time = 28.87).	[MsgId: MWAR-15995]
Warning: Iteration pacing cannot be reached (pace time = 5.44, actual time = 12.17).	[MsgId: MWAR-15995]
Warning: Iteration pacing cannot be reached (pace time = 5.40, actual time = 20.14).	[MsgId: MWAR-15995]
kaas_DocSearchUDPES_Doc_Range.c(8): Error -26608: HTTP Status-Code=504 (Gateway Timeout) for "https://hx9ekpvvbi.execute-api.us-east-1.amazonaws.com/KaaS-ITG/v2/search?q=HP ENVY 4-1009tx Notebook PC &resultLimit=10&resultStart=0&countryCode=us&languageCode=en&disclosureLevel=696531864679532034919979251200881,47406819852170807613486806879990,218620138892645155286800249901443,287477763180518087286275037723076,887243771386204747508092376253257,600096605536507071488362545356335&printFields=documentID,title,documenttype,renderlink,matchscore,description,contentupdatedate,language,disclosurelevel,store,docsource,documenttypedetails,topics,categorizations&store=docstore,supportagentstore,manualagentstore,manualstore,videostore,processagentstore,udp-content-default&aggregations=producttopics,documenttype,disclosurelevel,countrycode,topissue&fromDate=2017-07-01&toDate=2018-12-18&spellCheck=3"  	[MsgId: MERR-26608]
Warning: Iteration pacing cannot be reached (pace time = 5.55, actual time = 29.05).	[MsgId: MWAR-15995]
kaas_DocSearchUDPES_Doc_Range.c(8): Error -26608: HTTP Status-Code=504 (Gateway Timeout) for "https://hx9ekpvvbi.execute-api.us-east-1.amazonaws.com/KaaS-ITG/v2/search?q=HP Pavilion Desktop Models 500-000 to 500-999 &resultLimit=10&resultStart=0&countryCode=us&languageCode=en&disclosureLevel=696531864679532034919979251200881,47406819852170807613486806879990,218620138892645155286800249901443,287477763180518087286275037723076,887243771386204747508092376253257,600096605536507071488362545356335&printFields=documentID,title,documenttype,renderlink,matchscore,description,contentupdatedate,language,disclosurelevel,store,docsource,documenttypedetails,topics,categorizations&store=docstore,supportagentstore,manualagentstore,manualstore,videostore,processagentstore,udp-content-default&aggregations=producttopics,documenttype,disclosurelevel,countrycode,topissue&fromDate=2017-07-01&toDate=2018-12-18&spellCheck=3"  	[MsgId: MERR-26608]
Warning: Iteration pacing cannot be reached (pace time = 5.48, actual time = 29.04).	[MsgId: MWAR-15995]
kaas_DocSearchUDPES_Doc_Sort.c(8): Error -26608: HTTP Status-Code=504 (Gateway Timeout) for "https://hx9ekpvvbi.execute-api.us-east-1.amazonaws.com/KaaS-ITG/v2/search?q=HP Compaq Tablets &resultLimit=10&resultStart=0&countryCode=us&languageCode=en&disclosureLevel=696531864679532034919979251200881,47406819852170807613486806879990,218620138892645155286800249901443,287477763180518087286275037723076,887243771386204747508092376253257,600096605536507071488362545356335&sortBy=contentupdatedate&sortOrder=desc&printFields=documentID,title,documenttype,renderlink,matchscore,description,contentupdatedate,language,disclosurelevel,store,docsource,documenttypedetails,topics,categorizations&store=docstore,supportagentstore,manualagentstore,manualstore,videostore,processagentstore,udp-content-default&aggregations=producttopics,documenttype,disclosurelevel,countrycode,topissue&spellCheck=3"  	[MsgId: MERR-26608]
Warning: Iteration pacing cannot be reached (pace time = 5.54, actual time = 29.04).	[MsgId: MWAR-15995]
kaas_DocSearchUDPES_Doc_Sort.c(8): Error -26608: HTTP Status-Code=504 (Gateway Timeout) for "https://hx9ekpvvbi.execute-api.us-east-1.amazonaws.com/KaaS-ITG/v2/search?q=driver &resultLimit=10&resultStart=0&countryCode=us&languageCode=en&disclosureLevel=696531864679532034919979251200881,47406819852170807613486806879990,218620138892645155286800249901443,287477763180518087286275037723076,887243771386204747508092376253257,600096605536507071488362545356335&sortBy=contentupdatedate&sortOrder=desc&printFields=documentID,title,documenttype,renderlink,matchscore,description,contentupdatedate,language,disclosurelevel,store,docsource,documenttypedetails,topics,categorizations&store=docstore,supportagentstore,manualagentstore,manualstore,videostore,processagentstore,udp-content-default&aggregations=producttopics,documenttype,disclosurelevel,countrycode,topissue&spellCheck=3"  	[MsgId: MERR-26608]
Warning: Iteration pacing cannot be reached (pace time = 5.95, actual time = 29.04).	[MsgId: MWAR-15995]
kaas_DocSearchUDPES_Doc_DocTypes.c(8): Error -26608: HTTP Status-Code=504 (Gateway Timeout) for "https://hx9ekpvvbi.execute-api.us-east-1.amazonaws.com/KaaS-ITG/v2/search?q=download &resultLimit=10&resultStart=0&countryCode=us&languageCode=en&disclosureLevel=696531864679532034919979251200881,47406819852170807613486806879990,218620138892645155286800249901443,287477763180518087286275037723076,887243771386204747508092376253257&printFields=documentID,title,documenttype,renderlink,matchscore,description,contentupdatedate,language,disclosurelevel,store,docsource,documenttypedetails,topics,categorizations&store=docstore,supportagentstore,udp-content-default&documentTypes=Advisory,Agent%20Reference,Agent%20Resource%20Center,Bulletin,Concept%20Content,Notice,Product%20Change%20Notification,Security%20Bulletin,Service,Support,Support%20Information&spellCheck=3"  	[MsgId: MERR-26608]
Warning: Iteration pacing cannot be reached (pace time = 5.17, actual time = 29.04).	[MsgId: MWAR-15995]
kaas_DocSearchUDPES_Doc_Sort.c(8): Error -26608: HTTP Status-Code=504 (Gateway Timeout) for "https://hx9ekpvvbi.execute-api.us-east-1.amazonaws.com/KaaS-ITG/v2/search?q=Security & virus protection &resultLimit=10&resultStart=0&countryCode=us&languageCode=en&disclosureLevel=696531864679532034919979251200881,47406819852170807613486806879990,218620138892645155286800249901443,287477763180518087286275037723076,887243771386204747508092376253257,600096605536507071488362545356335&sortBy=contentupdatedate&sortOrder=desc&printFields=documentID,title,documenttype,renderlink,matchscore,description,contentupdatedate,language,disclosurelevel,store,docsource,documenttypedetails,topics,categorizations&store=docstore,supportagentstore,manualagentstore,manualstore,videostore,processagentstore,udp-content-default&aggregations=producttopics,documenttype,disclosurelevel,countrycode,topissue&spellCheck=3"  	[MsgId: MERR-26608]
Warning: Iteration pacing cannot be reached (pace time = 5.65, actual time = 29.18).	[MsgId: MWAR-15995]
kaas_DocSearchUDPES_Doc_DocTypes.c(8): Error -26608: HTTP Status-Code=504 (Gateway Timeout) for "https://hx9ekpvvbi.execute-api.us-east-1.amazonaws.com/KaaS-ITG/v2/search?q=HP Pavilion Desktop Models u100 to u999 &resultLimit=10&resultStart=0&countryCode=us&languageCode=en&disclosureLevel=696531864679532034919979251200881,47406819852170807613486806879990,218620138892645155286800249901443,287477763180518087286275037723076,887243771386204747508092376253257&printFields=documentID,title,documenttype,renderlink,matchscore,description,contentupdatedate,language,disclosurelevel,store,docsource,documenttypedetails,topics,categorizations&store=docstore,supportagentstore,udp-content-default&documentTypes=Advisory,Agent%20Reference,Agent%20Resource%20Center,Bulletin,Concept%20Content,Notice,Product%20Change%20Notification,Security%20Bulletin,Service,Support,Support%20Information&spellCheck=3"  	[MsgId: MERR-26608]
Warning: Iteration pacing cannot be reached (pace time = 5.60, actual time = 29.04).	[MsgId: MWAR-15995]
kaas_DocSearchUDPES_Doc_Range.c(8): Error -26608: HTTP Status-Code=504 (Gateway Timeout) for "https://hx9ekpvvbi.execute-api.us-east-1.amazonaws.com/KaaS-ITG/v2/search?q=HP LaserJet MFP Printers &resultLimit=10&resultStart=0&countryCode=us&languageCode=en&disclosureLevel=696531864679532034919979251200881,47406819852170807613486806879990,218620138892645155286800249901443,287477763180518087286275037723076,887243771386204747508092376253257,600096605536507071488362545356335&printFields=documentID,title,documenttype,renderlink,matchscore,description,contentupdatedate,language,disclosurelevel,store,docsource,documenttypedetails,topics,categorizations&store=docstore,supportagentstore,manualagentstore,manualstore,videostore,processagentstore,udp-content-default&aggregations=producttopics,documenttype,disclosurelevel,countrycode,topissue&fromDate=2017-07-01&toDate=2018-12-18&spellCheck=3"  	[MsgId: MERR-26608]
Warning: Iteration pacing cannot be reached (pace time = 5.85, actual time = 29.04).	[MsgId: MWAR-15995]
kaas_DocSearchUDPES_Doc_DocTypes.c(8): Error -26608: HTTP Status-Code=504 (Gateway Timeout) for "https://hx9ekpvvbi.execute-api.us-east-1.amazonaws.com/KaaS-ITG/v2/search?q=HP Compaq Tablets &resultLimit=10&resultStart=0&countryCode=us&languageCode=en&disclosureLevel=696531864679532034919979251200881,47406819852170807613486806879990,218620138892645155286800249901443,287477763180518087286275037723076,887243771386204747508092376253257&printFields=documentID,title,documenttype,renderlink,matchscore,description,contentupdatedate,language,disclosurelevel,store,docsource,documenttypedetails,topics,categorizations&store=docstore,supportagentstore,udp-content-default&documentTypes=Advisory,Agent%20Reference,Agent%20Resource%20Center,Bulletin,Concept%20Content,Notice,Product%20Change%20Notification,Security%20Bulletin,Service,Support,Support%20Information&spellCheck=3"  	[MsgId: MERR-26608]
Warning: Iteration pacing cannot be reached (pace time = 5.96, actual time = 29.04).	[MsgId: MWAR-15995]
kaas_DocSearchUDPES_Doc_Sort.c(8): Error -26608: HTTP Status-Code=504 (Gateway Timeout) for "https://hx9ekpvvbi.execute-api.us-east-1.amazonaws.com/KaaS-ITG/v2/search?q=software &resultLimit=10&resultStart=0&countryCode=us&languageCode=en&disclosureLevel=696531864679532034919979251200881,47406819852170807613486806879990,218620138892645155286800249901443,287477763180518087286275037723076,887243771386204747508092376253257,600096605536507071488362545356335&sortBy=contentupdatedate&sortOrder=desc&printFields=documentID,title,documenttype,renderlink,matchscore,description,contentupdatedate,language,disclosurelevel,store,docsource,documenttypedetails,topics,categorizations&store=docstore,supportagentstore,manualagentstore,manualstore,videostore,processagentstore,udp-content-default&aggregations=producttopics,documenttype,disclosurelevel,countrycode,topissue&spellCheck=3"  	[MsgId: MERR-26608]
Warning: Iteration pacing cannot be reached (pace time = 5.27, actual time = 29.04).	[MsgId: MWAR-15995]
Warning: Iteration pacing cannot be reached (pace time = 5.51, actual time = 28.23).	[MsgId: MWAR-15995]
kaas_DocSearchUDPES_Doc_Sort.c(8): Error -26608: HTTP Status-Code=504 (Gateway Timeout) for "https://hx9ekpvvbi.execute-api.us-east-1.amazonaws.com/KaaS-ITG/v2/search?q=software &resultLimit=10&resultStart=0&countryCode=us&languageCode=en&disclosureLevel=696531864679532034919979251200881,47406819852170807613486806879990,218620138892645155286800249901443,287477763180518087286275037723076,887243771386204747508092376253257,600096605536507071488362545356335&sortBy=contentupdatedate&sortOrder=desc&printFields=documentID,title,documenttype,renderlink,matchscore,description,contentupdatedate,language,disclosurelevel,store,docsource,documenttypedetails,topics,categorizations&store=docstore,supportagentstore,manualagentstore,manualstore,videostore,processagentstore,udp-content-default&aggregations=producttopics,documenttype,disclosurelevel,countrycode,topissue&spellCheck=3"  	[MsgId: MERR-26608]
Warning: Iteration pacing cannot be reached (pace time = 5.54, actual time = 29.18).	[MsgId: MWAR-15995]
Warning: Iteration pacing cannot be reached (pace time = 5.71, actual time = 25.91).	[MsgId: MWAR-15995]
Warning: Iteration pacing cannot be reached (pace time = 5.36, actual time = 23.27).	[MsgId: MWAR-15995]
Warning: Iteration pacing cannot be reached (pace time = 5.10, actual time = 25.98).	[MsgId: MWAR-15995]
Warning: Iteration pacing cannot be reached (pace time = 5.22, actual time = 13.94).	[MsgId: MWAR-15995]
Warning: Iteration pacing cannot be reached (pace time = 5.11, actual time = 12.29).	[MsgId: MWAR-15995]
Warning: Iteration pacing cannot be reached (pace time = 5.33, actual time = 20.21).	[MsgId: MWAR-15995]
Warning: Iteration pacing cannot be reached (pace time = 5.97, actual time = 18.62).	[MsgId: MWAR-15995]
Warning: Iteration pacing cannot be reached (pace time = 5.21, actual time = 18.99).	[MsgId: MWAR-15995]
Warning: Iteration pacing cannot be reached (pace time = 5.00, actual time = 5.16).	[MsgId: MWAR-15995]
Warning: Iteration pacing cannot be reached (pace time = 5.15, actual time = 14.37).	[MsgId: MWAR-15995]
Warning: Iteration pacing cannot be reached (pace time = 5.07, actual time = 16.31).	[MsgId: MWAR-15995]
Warning: Iteration pacing cannot be reached (pace time = 5.71, actual time = 21.53).	[MsgId: MWAR-15995]
Warning: Iteration pacing cannot be reached (pace time = 5.45, actual time = 22.14).	[MsgId: MWAR-15995]
Warning: Iteration pacing cannot be reached (pace time = 5.73, actual time = 18.35).	[MsgId: MWAR-15995]
Warning: Iteration pacing cannot be reached (pace time = 5.59, actual time = 21.66).	[MsgId: MWAR-15995]
Warning: Iteration pacing cannot be reached (pace time = 5.47, actual time = 10.71).	[MsgId: MWAR-15995]
Warning: Iteration pacing cannot be reached (pace time = 5.85, actual time = 16.78).	[MsgId: MWAR-15995]
Warning: Iteration pacing cannot be reached (pace time = 5.73, actual time = 20.65).	[MsgId: MWAR-15995]
Warning: Iteration pacing cannot be reached (pace time = 5.08, actual time = 14.26).	[MsgId: MWAR-15995]
Warning: Iteration pacing cannot be reached (pace time = 5.10, actual time = 7.54).	[MsgId: MWAR-15995]
