Warning: Iteration pacing cannot be reached (pace time = 5.23, actual time = 5.94).	[MsgId: MWAR-15995]
Warning: Iteration pacing cannot be reached (pace time = 5.68, actual time = 7.51).	[MsgId: MWAR-15995]
Warning: Iteration pacing cannot be reached (pace time = 5.08, actual time = 7.09).	[MsgId: MWAR-15995]
kaas_DocSearchUDPES_Doc_Sort.c(8): Error -26608: HTTP Status-Code=504 (Gateway Timeout) for "https://hx9ekpvvbi.execute-api.us-east-1.amazonaws.com/KaaS-ITG/v2/search?q=Fax &resultLimit=10&resultStart=0&regionCode=212299498967880112552079&languageCode=en&disclosureLevel=696531864679532034919979251200881,47406819852170807613486806879990,218620138892645155286800249901443,287477763180518087286275037723076,887243771386204747508092376253257,600096605536507071488362545356335&sortBy=contentupdatedate&sortOrder=desc&printFields=documentID,title,documenttype,renderlink,matchscore,description,contentupdatedate,language,disclosurelevel,store,docsource,documenttypedetails,topics,categorizations&store=docstore,manualstore,supportagentstore,manualagentstore,processagentstore,videostore,udp-content-default,sdlmanualstore&aggregations=producttopics,documenttype,disclosurelevel,regionCode,topissue&spellCheck=3"  	[MsgId: MERR-26608]
Warning: Iteration pacing cannot be reached (pace time = 5.41, actual time = 29.04).	[MsgId: MWAR-15995]
kaas_DocSearchUDPES_Doc_Range.c(8): Error -26608: HTTP Status-Code=504 (Gateway Timeout) for "https://hx9ekpvvbi.execute-api.us-east-1.amazonaws.com/KaaS-ITG/v2/search?q=Transfer synchronize data &resultLimit=10&resultStart=0&regionCode=212299498967880112552079&languageCode=en&disclosureLevel=696531864679532034919979251200881,47406819852170807613486806879990,218620138892645155286800249901443,287477763180518087286275037723076,887243771386204747508092376253257,600096605536507071488362545356335&printFields=documentID,title,documenttype,renderlink,matchscore,description,contentupdatedate,language,disclosurelevel,store,docsource,documenttypedetails,topics,categorizations&store=docstore,manualstore,supportagentstore,manualagentstore,processagentstore,videostore,udp-content-default,sdlmanualstore&aggregations=producttopics,documenttype,disclosurelevel,regionCode,topissue&fromDate=2017-07-01&toDate=2018-12-18&spellCheck=3"  	[MsgId: MERR-26608]
Warning: Iteration pacing cannot be reached (pace time = 5.49, actual time = 29.04).	[MsgId: MWAR-15995]
kaas_DocSearchUDPES_Doc_DocTypes.c(8): Error -26608: HTTP Status-Code=504 (Gateway Timeout) for "https://hx9ekpvvbi.execute-api.us-east-1.amazonaws.com/KaaS-ITG/v2/search?q=HP ENVY x2 11-g050br &resultLimit=10&resultStart=0&regionCode=212299498967880112552079&languageCode=en&disclosureLevel=696531864679532034919979251200881,47406819852170807613486806879990,218620138892645155286800249901443,287477763180518087286275037723076,887243771386204747508092376253257&printFields=documentID,title,documenttype,renderlink,matchscore,description,contentupdatedate,language,disclosurelevel,store,docsource,documenttypedetails,topics,categorizations&store=docstore,manualstore,supportagentstore,manualagentstore,processagentstore,videostore,udp-content-default,sdlmanualstore&documentTypes=Advisory,Agent%20Reference,Agent%20Resource%20Center,Bulletin,Concept%20Content,Notice,Product%20Change%20Notification,Security%20Bulletin,Service,Support,Support%20Information&spellCheck=3"  	[MsgId: MERR-26608]
Warning: Iteration pacing cannot be reached (pace time = 5.37, actual time = 29.05).	[MsgId: MWAR-15995]
kaas_DocSearchUDPES_Doc_Sort.c(8): Error -26608: HTTP Status-Code=504 (Gateway Timeout) for "https://hx9ekpvvbi.execute-api.us-east-1.amazonaws.com/KaaS-ITG/v2/search?q=HP Photosmart Printer Models A100 to A999 &resultLimit=10&resultStart=0&regionCode=212299498967880112552079&languageCode=en&disclosureLevel=696531864679532034919979251200881,47406819852170807613486806879990,218620138892645155286800249901443,287477763180518087286275037723076,887243771386204747508092376253257,600096605536507071488362545356335&sortBy=contentupdatedate&sortOrder=desc&printFields=documentID,title,documenttype,renderlink,matchscore,description,contentupdatedate,language,disclosurelevel,store,docsource,documenttypedetails,topics,categorizations&store=docstore,manualstore,supportagentstore,manualagentstore,processagentstore,videostore,udp-content-default,sdlmanualstore&aggregations=producttopics,documenttype,disclosurelevel,regionCode,topissue&spellCheck=3"  	[MsgId: MERR-26608]
Warning: Iteration pacing cannot be reached (pace time = 5.90, actual time = 29.05).	[MsgId: MWAR-15995]
Warning: Iteration pacing cannot be reached (pace time = 5.42, actual time = 20.84).	[MsgId: MWAR-15995]
Warning: Iteration pacing cannot be reached (pace time = 5.43, actual time = 17.09).	[MsgId: MWAR-15995]
Warning: Iteration pacing cannot be reached (pace time = 6.00, actual time = 13.99).	[MsgId: MWAR-15995]
Warning: Iteration pacing cannot be reached (pace time = 5.16, actual time = 5.37).	[MsgId: MWAR-15995]
kaas_DocSearchUDPES_Doc_Sort.c(8): Error -26608: HTTP Status-Code=504 (Gateway Timeout) for "https://hx9ekpvvbi.execute-api.us-east-1.amazonaws.com/KaaS-ITG/v2/search?q=HP Chrombook Notebooks &resultLimit=10&resultStart=0&regionCode=40166358557719563429345&languageCode=en&disclosureLevel=696531864679532034919979251200881,47406819852170807613486806879990,218620138892645155286800249901443,287477763180518087286275037723076,887243771386204747508092376253257,600096605536507071488362545356335&sortBy=contentupdatedate&sortOrder=desc&printFields=documentID,title,documenttype,renderlink,matchscore,description,contentupdatedate,language,disclosurelevel,store,docsource,documenttypedetails,topics,categorizations&store=docstore,manualstore,supportagentstore,manualagentstore,processagentstore,videostore,udp-content-default,sdlmanualstore&aggregations=producttopics,documenttype,disclosurelevel,regionCode,topissue&spellCheck=3"  	[MsgId: MERR-26608]
Warning: Iteration pacing cannot be reached (pace time = 5.50, actual time = 29.04).	[MsgId: MWAR-15995]
Warning: Iteration pacing cannot be reached (pace time = 5.54, actual time = 21.89).	[MsgId: MWAR-15995]
Warning: Iteration pacing cannot be reached (pace time = 5.03, actual time = 24.78).	[MsgId: MWAR-15995]
Warning: Iteration pacing cannot be reached (pace time = 5.25, actual time = 23.99).	[MsgId: MWAR-15995]
kaas_DocSearchUDPES_Doc_DocTypes.c(8): Error -26608: HTTP Status-Code=504 (Gateway Timeout) for "https://hx9ekpvvbi.execute-api.us-east-1.amazonaws.com/KaaS-ITG/v2/search?q=Display panel &resultLimit=10&resultStart=0&regionCode=212299498967880112552079&languageCode=en&disclosureLevel=696531864679532034919979251200881,47406819852170807613486806879990,218620138892645155286800249901443,287477763180518087286275037723076,887243771386204747508092376253257&printFields=documentID,title,documenttype,renderlink,matchscore,description,contentupdatedate,language,disclosurelevel,store,docsource,documenttypedetails,topics,categorizations&store=docstore,manualstore,supportagentstore,manualagentstore,processagentstore,videostore,udp-content-default,sdlmanualstore&documentTypes=Advisory,Agent%20Reference,Agent%20Resource%20Center,Bulletin,Concept%20Content,Notice,Product%20Change%20Notification,Security%20Bulletin,Service,Support,Support%20Information&spellCheck=3"  	[MsgId: MERR-26608]
Warning: Iteration pacing cannot be reached (pace time = 5.48, actual time = 29.05).	[MsgId: MWAR-15995]
kaas_DocSearchUDPES_Doc_Sort.c(8): Error -26608: HTTP Status-Code=504 (Gateway Timeout) for "https://hx9ekpvvbi.execute-api.us-east-1.amazonaws.com/KaaS-ITG/v2/search?q=HP Folio Notebooks &resultLimit=10&resultStart=0&regionCode=212299498967880112552079&languageCode=en&disclosureLevel=696531864679532034919979251200881,47406819852170807613486806879990,218620138892645155286800249901443,287477763180518087286275037723076,887243771386204747508092376253257,600096605536507071488362545356335&sortBy=contentupdatedate&sortOrder=desc&printFields=documentID,title,documenttype,renderlink,matchscore,description,contentupdatedate,language,disclosurelevel,store,docsource,documenttypedetails,topics,categorizations&store=docstore,manualstore,supportagentstore,manualagentstore,processagentstore,videostore,udp-content-default,sdlmanualstore&aggregations=producttopics,documenttype,disclosurelevel,regionCode,topissue&spellCheck=3"  	[MsgId: MERR-26608]
Warning: Iteration pacing cannot be reached (pace time = 5.99, actual time = 29.21).	[MsgId: MWAR-15995]
kaas_DocSearchUDPES_Doc_without_Prod_Context.c(8): Error -26608: HTTP Status-Code=504 (Gateway Timeout) for "https://hx9ekpvvbi.execute-api.us-east-1.amazonaws.com/KaaS-ITG/v2/search?q=Calculator use &resultLimit=10&resultStart=0&regionCode=145969036451726883647975&languageCode=en&disclosureLevel=696531864679532034919979251200881,47406819852170807613486806879990,218620138892645155286800249901443,287477763180518087286275037723076,887243771386204747508092376253257,600096605536507071488362545356335&printFields=documentID,title,documenttype,renderlink,matchscore,description,contentupdatedate,language,disclosurelevel,store,docsource,documenttypedetails,topics,categorizations&store=docstore,manualstore,supportagentstore,manualagentstore,processagentstore,videostore,udp-content-default,sdlmanualstore&aggregations=producttopics,documenttype,disclosurelevel,regionCode,topissue"  	[MsgId: MERR-26608]
Warning: Iteration pacing cannot be reached (pace time = 5.36, actual time = 29.04).	[MsgId: MWAR-15995]
Warning: Iteration pacing cannot be reached (pace time = 5.43, actual time = 20.10).	[MsgId: MWAR-15995]
Warning: Iteration pacing cannot be reached (pace time = 5.78, actual time = 12.39).	[MsgId: MWAR-15995]
Warning: Iteration pacing cannot be reached (pace time = 5.55, actual time = 13.18).	[MsgId: MWAR-15995]
kaas_DocSearchUDPES_Doc_without_Prod_Context.c(8): Error -26608: HTTP Status-Code=504 (Gateway Timeout) for "https://hx9ekpvvbi.execute-api.us-east-1.amazonaws.com/KaaS-ITG/v2/search?q=manual &resultLimit=10&resultStart=0&regionCode=212299498967880112552079&languageCode=en&disclosureLevel=696531864679532034919979251200881,47406819852170807613486806879990,218620138892645155286800249901443,287477763180518087286275037723076,887243771386204747508092376253257,600096605536507071488362545356335&printFields=documentID,title,documenttype,renderlink,matchscore,description,contentupdatedate,language,disclosurelevel,store,docsource,documenttypedetails,topics,categorizations&store=docstore,manualstore,supportagentstore,manualagentstore,processagentstore,videostore,udp-content-default,sdlmanualstore&aggregations=producttopics,documenttype,disclosurelevel,regionCode,topissue"  	[MsgId: MERR-26608]
Warning: Iteration pacing cannot be reached (pace time = 5.53, actual time = 29.04).	[MsgId: MWAR-15995]
kaas_DocSearchUDPES_Doc_DocTypes.c(8): Error -26608: HTTP Status-Code=504 (Gateway Timeout) for "https://hx9ekpvvbi.execute-api.us-east-1.amazonaws.com/KaaS-ITG/v2/search?q=HP Pavilion Desktop Models 500-000 to 500-999 &resultLimit=10&resultStart=0&regionCode=212299498967880112552079&languageCode=en&disclosureLevel=696531864679532034919979251200881,47406819852170807613486806879990,218620138892645155286800249901443,287477763180518087286275037723076,887243771386204747508092376253257&printFields=documentID,title,documenttype,renderlink,matchscore,description,contentupdatedate,language,disclosurelevel,store,docsource,documenttypedetails,topics,categorizations&store=docstore,manualstore,supportagentstore,manualagentstore,processagentstore,videostore,udp-content-default,sdlmanualstore&documentTypes=Advisory,Agent%20Reference,Agent%20Resource%20Center,Bulletin,Concept%20Content,Notice,Product%20Change%20Notification,Security%20Bulletin,Service,Support,Support%20Information&spellCheck=3"  	[MsgId: MERR-26608]
Warning: Iteration pacing cannot be reached (pace time = 5.24, actual time = 29.05).	[MsgId: MWAR-15995]
Warning: Iteration pacing cannot be reached (pace time = 5.48, actual time = 27.16).	[MsgId: MWAR-15995]
Warning: Iteration pacing cannot be reached (pace time = 5.25, actual time = 17.96).	[MsgId: MWAR-15995]
Warning: Iteration pacing cannot be reached (pace time = 5.02, actual time = 5.59).	[MsgId: MWAR-15995]
Warning: Iteration pacing cannot be reached (pace time = 5.86, actual time = 24.04).	[MsgId: MWAR-15995]
kaas_DocSearchUDPES_Doc_Sort.c(8): Error -26608: HTTP Status-Code=504 (Gateway Timeout) for "https://hx9ekpvvbi.execute-api.us-east-1.amazonaws.com/KaaS-ITG/v2/search?q=HP Officejet Printer Models 1000 to 5999 &resultLimit=10&resultStart=0&regionCode=70376080193144851787510&languageCode=en&disclosureLevel=696531864679532034919979251200881,47406819852170807613486806879990,218620138892645155286800249901443,287477763180518087286275037723076,887243771386204747508092376253257,600096605536507071488362545356335&sortBy=contentupdatedate&sortOrder=desc&printFields=documentID,title,documenttype,renderlink,matchscore,description,contentupdatedate,language,disclosurelevel,store,docsource,documenttypedetails,topics,categorizations&store=docstore,manualstore,supportagentstore,manualagentstore,processagentstore,videostore,udp-content-default,sdlmanualstore&aggregations=producttopics,documenttype,disclosurelevel,regionCode,topissue&spellCheck=3"  	[MsgId: MERR-26608]
Warning: Iteration pacing cannot be reached (pace time = 5.84, actual time = 29.04).	[MsgId: MWAR-15995]
kaas_DocSearchUDPES_Doc_Range.c(8): Error -26608: HTTP Status-Code=504 (Gateway Timeout) for "https://hx9ekpvvbi.execute-api.us-east-1.amazonaws.com/KaaS-ITG/v2/search?q=Diagnostics &resultLimit=10&resultStart=0&regionCode=40166358557719563429345&languageCode=en&disclosureLevel=696531864679532034919979251200881,47406819852170807613486806879990,218620138892645155286800249901443,287477763180518087286275037723076,887243771386204747508092376253257,600096605536507071488362545356335&printFields=documentID,title,documenttype,renderlink,matchscore,description,contentupdatedate,language,disclosurelevel,store,docsource,documenttypedetails,topics,categorizations&store=docstore,manualstore,supportagentstore,manualagentstore,processagentstore,videostore,udp-content-default,sdlmanualstore&aggregations=producttopics,documenttype,disclosurelevel,regionCode,topissue&fromDate=2017-07-01&toDate=2018-12-18&spellCheck=3"  	[MsgId: MERR-26608]
Warning: Iteration pacing cannot be reached (pace time = 5.58, actual time = 29.05).	[MsgId: MWAR-15995]
Warning: Iteration pacing cannot be reached (pace time = 5.83, actual time = 27.76).	[MsgId: MWAR-15995]
Warning: Iteration pacing cannot be reached (pace time = 5.95, actual time = 11.49).	[MsgId: MWAR-15995]
Warning: Iteration pacing cannot be reached (pace time = 5.52, actual time = 17.36).	[MsgId: MWAR-15995]
Warning: Iteration pacing cannot be reached (pace time = 5.73, actual time = 6.52).	[MsgId: MWAR-15995]
Warning: Iteration pacing cannot be reached (pace time = 5.32, actual time = 9.73).	[MsgId: MWAR-15995]
Warning: Iteration pacing cannot be reached (pace time = 5.56, actual time = 5.70).	[MsgId: MWAR-15995]
Warning: Iteration pacing cannot be reached (pace time = 5.68, actual time = 8.60).	[MsgId: MWAR-15995]
Warning: Iteration pacing cannot be reached (pace time = 5.47, actual time = 6.41).	[MsgId: MWAR-15995]
Warning: Iteration pacing cannot be reached (pace time = 5.92, actual time = 7.09).	[MsgId: MWAR-15995]
Warning: Iteration pacing cannot be reached (pace time = 5.10, actual time = 5.26).	[MsgId: MWAR-15995]
Warning: Iteration pacing cannot be reached (pace time = 5.03, actual time = 8.21).	[MsgId: MWAR-15995]
Warning: Iteration pacing cannot be reached (pace time = 5.17, actual time = 6.14).	[MsgId: MWAR-15995]
Warning: Iteration pacing cannot be reached (pace time = 5.92, actual time = 6.50).	[MsgId: MWAR-15995]
Warning: Iteration pacing cannot be reached (pace time = 5.11, actual time = 5.21).	[MsgId: MWAR-15995]
Warning: Iteration pacing cannot be reached (pace time = 5.46, actual time = 8.99).	[MsgId: MWAR-15995]
Warning: Iteration pacing cannot be reached (pace time = 5.88, actual time = 14.27).	[MsgId: MWAR-15995]
kaas_DocSearchUDPES_Doc_DocTypes.c(8): Error -26608: HTTP Status-Code=504 (Gateway Timeout) for "https://hx9ekpvvbi.execute-api.us-east-1.amazonaws.com/KaaS-ITG/v2/search?q=HP 10 Business Tablets &resultLimit=10&resultStart=0&regionCode=212299498967880112552079&languageCode=en&disclosureLevel=696531864679532034919979251200881,47406819852170807613486806879990,218620138892645155286800249901443,287477763180518087286275037723076,887243771386204747508092376253257&printFields=documentID,title,documenttype,renderlink,matchscore,description,contentupdatedate,language,disclosurelevel,store,docsource,documenttypedetails,topics,categorizations&store=docstore,manualstore,supportagentstore,manualagentstore,processagentstore,videostore,udp-content-default,sdlmanualstore&documentTypes=Advisory,Agent%20Reference,Agent%20Resource%20Center,Bulletin,Concept%20Content,Notice,Product%20Change%20Notification,Security%20Bulletin,Service,Support,Support%20Information&spellCheck=3"  	[MsgId: MERR-26608]
Warning: Iteration pacing cannot be reached (pace time = 5.82, actual time = 29.04).	[MsgId: MWAR-15995]
kaas_DocSearchUDPES_Doc_DocTypes.c(8): Error -26608: HTTP Status-Code=504 (Gateway Timeout) for "https://hx9ekpvvbi.execute-api.us-east-1.amazonaws.com/KaaS-ITG/v2/search?q=Calculator use &resultLimit=10&resultStart=0&regionCode=212299498967880112552079&languageCode=en&disclosureLevel=696531864679532034919979251200881,47406819852170807613486806879990,218620138892645155286800249901443,287477763180518087286275037723076,887243771386204747508092376253257&printFields=documentID,title,documenttype,renderlink,matchscore,description,contentupdatedate,language,disclosurelevel,store,docsource,documenttypedetails,topics,categorizations&store=docstore,manualstore,supportagentstore,manualagentstore,processagentstore,videostore,udp-content-default,sdlmanualstore&documentTypes=Advisory,Agent%20Reference,Agent%20Resource%20Center,Bulletin,Concept%20Content,Notice,Product%20Change%20Notification,Security%20Bulletin,Service,Support,Support%20Information&spellCheck=3"  	[MsgId: MERR-26608]
Warning: Iteration pacing cannot be reached (pace time = 5.29, actual time = 29.04).	[MsgId: MWAR-15995]
Warning: Iteration pacing cannot be reached (pace time = 5.81, actual time = 13.56).	[MsgId: MWAR-15995]
Warning: Iteration pacing cannot be reached (pace time = 5.53, actual time = 28.48).	[MsgId: MWAR-15995]
Warning: Iteration pacing cannot be reached (pace time = 5.51, actual time = 20.81).	[MsgId: MWAR-15995]
Warning: Iteration pacing cannot be reached (pace time = 5.20, actual time = 23.59).	[MsgId: MWAR-15995]
Warning: Iteration pacing cannot be reached (pace time = 5.82, actual time = 18.11).	[MsgId: MWAR-15995]
Warning: Iteration pacing cannot be reached (pace time = 5.39, actual time = 26.30).	[MsgId: MWAR-15995]
Warning: Iteration pacing cannot be reached (pace time = 5.52, actual time = 13.52).	[MsgId: MWAR-15995]
Warning: Iteration pacing cannot be reached (pace time = 5.79, actual time = 8.65).	[MsgId: MWAR-15995]
Warning: Iteration pacing cannot be reached (pace time = 5.88, actual time = 8.67).	[MsgId: MWAR-15995]
Warning: Iteration pacing cannot be reached (pace time = 5.77, actual time = 6.48).	[MsgId: MWAR-15995]
Warning: Iteration pacing cannot be reached (pace time = 5.29, actual time = 9.62).	[MsgId: MWAR-15995]
Warning: Iteration pacing cannot be reached (pace time = 5.71, actual time = 14.98).	[MsgId: MWAR-15995]
Warning: Iteration pacing cannot be reached (pace time = 5.12, actual time = 10.99).	[MsgId: MWAR-15995]
Warning: Iteration pacing cannot be reached (pace time = 5.38, actual time = 13.03).	[MsgId: MWAR-15995]
Warning: Iteration pacing cannot be reached (pace time = 5.31, actual time = 6.20).	[MsgId: MWAR-15995]
Warning: Iteration pacing cannot be reached (pace time = 5.86, actual time = 6.37).	[MsgId: MWAR-15995]
Warning: Iteration pacing cannot be reached (pace time = 5.34, actual time = 6.36).	[MsgId: MWAR-15995]
Warning: Iteration pacing cannot be reached (pace time = 5.80, actual time = 8.77).	[MsgId: MWAR-15995]
Warning: Iteration pacing cannot be reached (pace time = 5.46, actual time = 11.54).	[MsgId: MWAR-15995]
Warning: Iteration pacing cannot be reached (pace time = 5.68, actual time = 10.90).	[MsgId: MWAR-15995]
Warning: Iteration pacing cannot be reached (pace time = 5.57, actual time = 6.17).	[MsgId: MWAR-15995]
Warning: Iteration pacing cannot be reached (pace time = 5.97, actual time = 6.20).	[MsgId: MWAR-15995]
Warning: Iteration pacing cannot be reached (pace time = 5.49, actual time = 6.99).	[MsgId: MWAR-15995]
Warning: Iteration pacing cannot be reached (pace time = 5.42, actual time = 5.51).	[MsgId: MWAR-15995]
Warning: Iteration pacing cannot be reached (pace time = 5.63, actual time = 7.19).	[MsgId: MWAR-15995]
Warning: Iteration pacing cannot be reached (pace time = 5.89, actual time = 6.50).	[MsgId: MWAR-15995]
Warning: Iteration pacing cannot be reached (pace time = 5.58, actual time = 8.93).	[MsgId: MWAR-15995]
Warning: Iteration pacing cannot be reached (pace time = 5.30, actual time = 6.18).	[MsgId: MWAR-15995]
Warning: Iteration pacing cannot be reached (pace time = 5.18, actual time = 6.12).	[MsgId: MWAR-15995]
Warning: Iteration pacing cannot be reached (pace time = 5.15, actual time = 6.94).	[MsgId: MWAR-15995]
Warning: Iteration pacing cannot be reached (pace time = 5.16, actual time = 7.85).	[MsgId: MWAR-15995]
Warning: Iteration pacing cannot be reached (pace time = 5.05, actual time = 8.40).	[MsgId: MWAR-15995]
Warning: Iteration pacing cannot be reached (pace time = 5.02, actual time = 7.83).	[MsgId: MWAR-15995]
Warning: Iteration pacing cannot be reached (pace time = 5.54, actual time = 5.85).	[MsgId: MWAR-15995]
Warning: Iteration pacing cannot be reached (pace time = 5.43, actual time = 7.18).	[MsgId: MWAR-15995]
Warning: Iteration pacing cannot be reached (pace time = 5.28, actual time = 12.19).	[MsgId: MWAR-15995]
Warning: Iteration pacing cannot be reached (pace time = 5.46, actual time = 5.73).	[MsgId: MWAR-15995]
Warning: Iteration pacing cannot be reached (pace time = 5.21, actual time = 5.55).	[MsgId: MWAR-15995]
Warning: Iteration pacing cannot be reached (pace time = 5.56, actual time = 6.40).	[MsgId: MWAR-15995]
Warning: Iteration pacing cannot be reached (pace time = 5.32, actual time = 5.49).	[MsgId: MWAR-15995]
Warning: Iteration pacing cannot be reached (pace time = 5.52, actual time = 9.07).	[MsgId: MWAR-15995]
Warning: Iteration pacing cannot be reached (pace time = 5.81, actual time = 6.14).	[MsgId: MWAR-15995]
Warning: Iteration pacing cannot be reached (pace time = 5.29, actual time = 9.94).	[MsgId: MWAR-15995]
Warning: Iteration pacing cannot be reached (pace time = 5.37, actual time = 5.92).	[MsgId: MWAR-15995]
Warning: Iteration pacing cannot be reached (pace time = 5.04, actual time = 6.44).	[MsgId: MWAR-15995]
Warning: Iteration pacing cannot be reached (pace time = 5.03, actual time = 6.11).	[MsgId: MWAR-15995]
Warning: Iteration pacing cannot be reached (pace time = 5.33, actual time = 5.87).	[MsgId: MWAR-15995]
Warning: Iteration pacing cannot be reached (pace time = 5.34, actual time = 7.17).	[MsgId: MWAR-15995]
Warning: Iteration pacing cannot be reached (pace time = 5.52, actual time = 8.28).	[MsgId: MWAR-15995]
Warning: Iteration pacing cannot be reached (pace time = 5.03, actual time = 7.89).	[MsgId: MWAR-15995]
Warning: Iteration pacing cannot be reached (pace time = 5.96, actual time = 9.99).	[MsgId: MWAR-15995]
Warning: Iteration pacing cannot be reached (pace time = 5.05, actual time = 7.28).	[MsgId: MWAR-15995]
Warning: Iteration pacing cannot be reached (pace time = 5.63, actual time = 5.67).	[MsgId: MWAR-15995]
kaas_DocSearchUDPES_Doc_Sort.c(8): Error -26608: HTTP Status-Code=504 (Gateway Timeout) for "https://hx9ekpvvbi.execute-api.us-east-1.amazonaws.com/KaaS-ITG/v2/search?q=HP Pavilion Desktop Models 1000 to 6999 &resultLimit=10&resultStart=0&regionCode=212299498967880112552079&languageCode=en&disclosureLevel=696531864679532034919979251200881,47406819852170807613486806879990,218620138892645155286800249901443,287477763180518087286275037723076,887243771386204747508092376253257,600096605536507071488362545356335&sortBy=contentupdatedate&sortOrder=desc&printFields=documentID,title,documenttype,renderlink,matchscore,description,contentupdatedate,language,disclosurelevel,store,docsource,documenttypedetails,topics,categorizations&store=docstore,manualstore,supportagentstore,manualagentstore,processagentstore,videostore,udp-content-default,sdlmanualstore&aggregations=producttopics,documenttype,disclosurelevel,regionCode,topissue&spellCheck=3"  	[MsgId: MERR-26608]
Warning: Iteration pacing cannot be reached (pace time = 5.00, actual time = 29.05).	[MsgId: MWAR-15995]
kaas_DocSearchUDPES_Doc_DocTypes.c(8): Error -26608: HTTP Status-Code=504 (Gateway Timeout) for "https://hx9ekpvvbi.execute-api.us-east-1.amazonaws.com/KaaS-ITG/v2/search?q=install &resultLimit=10&resultStart=0&regionCode=212299498967880112552079&languageCode=en&disclosureLevel=696531864679532034919979251200881,47406819852170807613486806879990,218620138892645155286800249901443,287477763180518087286275037723076,887243771386204747508092376253257&printFields=documentID,title,documenttype,renderlink,matchscore,description,contentupdatedate,language,disclosurelevel,store,docsource,documenttypedetails,topics,categorizations&store=docstore,manualstore,supportagentstore,manualagentstore,processagentstore,videostore,udp-content-default,sdlmanualstore&documentTypes=Advisory,Agent%20Reference,Agent%20Resource%20Center,Bulletin,Concept%20Content,Notice,Product%20Change%20Notification,Security%20Bulletin,Service,Support,Support%20Information&spellCheck=3"  	[MsgId: MERR-26608]
Warning: Iteration pacing cannot be reached (pace time = 5.31, actual time = 29.05).	[MsgId: MWAR-15995]
kaas_DocSearchUDPES_Doc_Range.c(8): Error -26608: HTTP Status-Code=504 (Gateway Timeout) for "https://hx9ekpvvbi.execute-api.us-east-1.amazonaws.com/KaaS-ITG/v2/search?q=HP Deskjet Ink Advantage Printers &resultLimit=10&resultStart=0&regionCode=70376080193144851787510&languageCode=en&disclosureLevel=696531864679532034919979251200881,47406819852170807613486806879990,218620138892645155286800249901443,287477763180518087286275037723076,887243771386204747508092376253257,600096605536507071488362545356335&printFields=documentID,title,documenttype,renderlink,matchscore,description,contentupdatedate,language,disclosurelevel,store,docsource,documenttypedetails,topics,categorizations&store=docstore,manualstore,supportagentstore,manualagentstore,processagentstore,videostore,udp-content-default,sdlmanualstore&aggregations=producttopics,documenttype,disclosurelevel,regionCode,topissue&fromDate=2017-07-01&toDate=2018-12-18&spellCheck=3"  	[MsgId: MERR-26608]
Warning: Iteration pacing cannot be reached (pace time = 5.25, actual time = 29.05).	[MsgId: MWAR-15995]
kaas_DocSearchUDPES_Doc_Range.c(8): Error -26608: HTTP Status-Code=504 (Gateway Timeout) for "https://hx9ekpvvbi.execute-api.us-east-1.amazonaws.com/KaaS-ITG/v2/search?q=Monitor display panel TV &resultLimit=10&resultStart=0&regionCode=212299498967880112552079&languageCode=en&disclosureLevel=696531864679532034919979251200881,47406819852170807613486806879990,218620138892645155286800249901443,287477763180518087286275037723076,887243771386204747508092376253257,600096605536507071488362545356335&printFields=documentID,title,documenttype,renderlink,matchscore,description,contentupdatedate,language,disclosurelevel,store,docsource,documenttypedetails,topics,categorizations&store=docstore,manualstore,supportagentstore,manualagentstore,processagentstore,videostore,udp-content-default,sdlmanualstore&aggregations=producttopics,documenttype,disclosurelevel,regionCode,topissue&fromDate=2017-07-01&toDate=2018-12-18&spellCheck=3"  	[MsgId: MERR-26608]
Warning: Iteration pacing cannot be reached (pace time = 5.92, actual time = 29.04).	[MsgId: MWAR-15995]
kaas_DocSearchUDPES_Doc_Range.c(8): Error -26608: HTTP Status-Code=504 (Gateway Timeout) for "https://hx9ekpvvbi.execute-api.us-east-1.amazonaws.com/KaaS-ITG/v2/search?q=HP Officejet Printer Models 1000 to 5999 &resultLimit=10&resultStart=0&regionCode=212299498967880112552079&languageCode=en&disclosureLevel=696531864679532034919979251200881,47406819852170807613486806879990,218620138892645155286800249901443,287477763180518087286275037723076,887243771386204747508092376253257,600096605536507071488362545356335&printFields=documentID,title,documenttype,renderlink,matchscore,description,contentupdatedate,language,disclosurelevel,store,docsource,documenttypedetails,topics,categorizations&store=docstore,manualstore,supportagentstore,manualagentstore,processagentstore,videostore,udp-content-default,sdlmanualstore&aggregations=producttopics,documenttype,disclosurelevel,regionCode,topissue&fromDate=2017-07-01&toDate=2018-12-18&spellCheck=3"  	[MsgId: MERR-26608]
Warning: Iteration pacing cannot be reached (pace time = 5.87, actual time = 29.05).	[MsgId: MWAR-15995]
kaas_DocSearchUDPES_Doc_with_Prod_Context.c(8): Error -26608: HTTP Status-Code=504 (Gateway Timeout) for "https://hx9ekpvvbi.execute-api.us-east-1.amazonaws.com/KaaS-ITG/v2/search?q=Audio setup & use &resultLimit=10&resultStart=0&regionCode=us&languageCode=en&disclosureLevel=696531864679532034919979251200881,47406819852170807613486806879990,218620138892645155286800249901443,287477763180518087286275037723076,887243771386204747508092376253257,600096605536507071488362545356335&printFields=documentID,title,documenttype,renderlink,matchscore,description,contentupdatedate,language,disclosurelevel,store,docsource,documenttypedetails,topics,categorizations&store=docstore,manualstore,supportagentstore,manualagentstore,processagentstore,videostore,udp-content-default,sdlmanualstore&product=3962828 OR 3884606&aggregations=producttopics,documenttype,disclosurelevel,regionCode,topissue"  	[MsgId: MERR-26608]
Warning: Iteration pacing cannot be reached (pace time = 5.57, actual time = 29.05).	[MsgId: MWAR-15995]
kaas_DocSearchUDPES_Doc_with_Prod_Context.c(8): Error -26608: HTTP Status-Code=504 (Gateway Timeout) for "https://hx9ekpvvbi.execute-api.us-east-1.amazonaws.com/KaaS-ITG/v2/search?q=offline &resultLimit=10&resultStart=0&regionCode=us&languageCode=en&disclosureLevel=696531864679532034919979251200881,47406819852170807613486806879990,218620138892645155286800249901443,287477763180518087286275037723076,887243771386204747508092376253257,600096605536507071488362545356335&printFields=documentID,title,documenttype,renderlink,matchscore,description,contentupdatedate,language,disclosurelevel,store,docsource,documenttypedetails,topics,categorizations&store=docstore,manualstore,supportagentstore,manualagentstore,processagentstore,videostore,udp-content-default,sdlmanualstore&product=3962828 OR 3884606&aggregations=producttopics,documenttype,disclosurelevel,regionCode,topissue"  	[MsgId: MERR-26608]
Warning: Iteration pacing cannot be reached (pace time = 5.71, actual time = 29.05).	[MsgId: MWAR-15995]
kaas_DocSearchUDPES_Doc_Sort.c(8): Error -26608: HTTP Status-Code=504 (Gateway Timeout) for "https://hx9ekpvvbi.execute-api.us-east-1.amazonaws.com/KaaS-ITG/v2/search?q=HP 10 Business Tablets &resultLimit=10&resultStart=0&regionCode=212299498967880112552079&languageCode=en&disclosureLevel=696531864679532034919979251200881,47406819852170807613486806879990,218620138892645155286800249901443,287477763180518087286275037723076,887243771386204747508092376253257,600096605536507071488362545356335&sortBy=contentupdatedate&sortOrder=desc&printFields=documentID,title,documenttype,renderlink,matchscore,description,contentupdatedate,language,disclosurelevel,store,docsource,documenttypedetails,topics,categorizations&store=docstore,manualstore,supportagentstore,manualagentstore,processagentstore,videostore,udp-content-default,sdlmanualstore&aggregations=producttopics,documenttype,disclosurelevel,regionCode,topissue&spellCheck=3"  	[MsgId: MERR-26608]
Warning: Iteration pacing cannot be reached (pace time = 5.71, actual time = 29.04).	[MsgId: MWAR-15995]
kaas_DocSearchUDPES_Doc_DocTypes.c(8): Error -26608: HTTP Status-Code=504 (Gateway Timeout) for "https://hx9ekpvvbi.execute-api.us-east-1.amazonaws.com/KaaS-ITG/v2/search?q=HP TouchSmart & Touch Notebooks &resultLimit=10&resultStart=0&regionCode=212299498967880112552079&languageCode=en&disclosureLevel=696531864679532034919979251200881,47406819852170807613486806879990,218620138892645155286800249901443,287477763180518087286275037723076,887243771386204747508092376253257&printFields=documentID,title,documenttype,renderlink,matchscore,description,contentupdatedate,language,disclosurelevel,store,docsource,documenttypedetails,topics,categorizations&store=docstore,manualstore,supportagentstore,manualagentstore,processagentstore,videostore,udp-content-default,sdlmanualstore&documentTypes=Advisory,Agent%20Reference,Agent%20Resource%20Center,Bulletin,Concept%20Content,Notice,Product%20Change%20Notification,Security%20Bulletin,Service,Support,Support%20Information&spellCheck=3"  	[MsgId: MERR-26608]
Warning: Iteration pacing cannot be reached (pace time = 5.58, actual time = 29.04).	[MsgId: MWAR-15995]
kaas_DocSearchUDPES_Doc_DocTypes.c(8): Error -26608: HTTP Status-Code=504 (Gateway Timeout) for "https://hx9ekpvvbi.execute-api.us-east-1.amazonaws.com/KaaS-ITG/v2/search?q=HP Ultrabook Notebooks &resultLimit=10&resultStart=0&regionCode=113153058535415843908824&languageCode=en&disclosureLevel=696531864679532034919979251200881,47406819852170807613486806879990,218620138892645155286800249901443,287477763180518087286275037723076,887243771386204747508092376253257&printFields=documentID,title,documenttype,renderlink,matchscore,description,contentupdatedate,language,disclosurelevel,store,docsource,documenttypedetails,topics,categorizations&store=docstore,manualstore,supportagentstore,manualagentstore,processagentstore,videostore,udp-content-default,sdlmanualstore&documentTypes=Advisory,Agent%20Reference,Agent%20Resource%20Center,Bulletin,Concept%20Content,Notice,Product%20Change%20Notification,Security%20Bulletin,Service,Support,Support%20Information&spellCheck=3"  	[MsgId: MERR-26608]
Warning: Iteration pacing cannot be reached (pace time = 5.38, actual time = 29.20).	[MsgId: MWAR-15995]
kaas_DocSearchUDPES_Doc_without_Prod_Context.c(8): Error -26608: HTTP Status-Code=504 (Gateway Timeout) for "https://hx9ekpvvbi.execute-api.us-east-1.amazonaws.com/KaaS-ITG/v2/search?q=External storage memory card USB &resultLimit=10&resultStart=0&regionCode=113153058535415843908824&languageCode=en&disclosureLevel=696531864679532034919979251200881,47406819852170807613486806879990,218620138892645155286800249901443,287477763180518087286275037723076,887243771386204747508092376253257,600096605536507071488362545356335&printFields=documentID,title,documenttype,renderlink,matchscore,description,contentupdatedate,language,disclosurelevel,store,docsource,documenttypedetails,topics,categorizations&store=docstore,manualstore,supportagentstore,manualagentstore,processagentstore,videostore,udp-content-default,sdlmanualstore&aggregations=producttopics,documenttype,disclosurelevel,regionCode,topissue"  	[MsgId: MERR-26608]
Warning: Iteration pacing cannot be reached (pace time = 5.28, actual time = 29.20).	[MsgId: MWAR-15995]
kaas_DocSearchUDPES_Doc_DocTypes.c(8): Error -26608: HTTP Status-Code=504 (Gateway Timeout) for "https://hx9ekpvvbi.execute-api.us-east-1.amazonaws.com/KaaS-ITG/v2/search?q=HP Deskjet Printer Models K010 to K999 &resultLimit=10&resultStart=0&regionCode=212299498967880112552079&languageCode=en&disclosureLevel=696531864679532034919979251200881,47406819852170807613486806879990,218620138892645155286800249901443,287477763180518087286275037723076,887243771386204747508092376253257&printFields=documentID,title,documenttype,renderlink,matchscore,description,contentupdatedate,language,disclosurelevel,store,docsource,documenttypedetails,topics,categorizations&store=docstore,manualstore,supportagentstore,manualagentstore,processagentstore,videostore,udp-content-default,sdlmanualstore&documentTypes=Advisory,Agent%20Reference,Agent%20Resource%20Center,Bulletin,Concept%20Content,Notice,Product%20Change%20Notification,Security%20Bulletin,Service,Support,Support%20Information&spellCheck=3"  	[MsgId: MERR-26608]
Warning: Iteration pacing cannot be reached (pace time = 5.89, actual time = 29.04).	[MsgId: MWAR-15995]
kaas_DocSearchUDPES_Doc_Sort.c(8): Error -26608: HTTP Status-Code=504 (Gateway Timeout) for "https://hx9ekpvvbi.execute-api.us-east-1.amazonaws.com/KaaS-ITG/v2/search?q=paper jam &resultLimit=10&resultStart=0&regionCode=204738940873122840662786&languageCode=en&disclosureLevel=696531864679532034919979251200881,47406819852170807613486806879990,218620138892645155286800249901443,287477763180518087286275037723076,887243771386204747508092376253257,600096605536507071488362545356335&sortBy=contentupdatedate&sortOrder=desc&printFields=documentID,title,documenttype,renderlink,matchscore,description,contentupdatedate,language,disclosurelevel,store,docsource,documenttypedetails,topics,categorizations&store=docstore,manualstore,supportagentstore,manualagentstore,processagentstore,videostore,udp-content-default,sdlmanualstore&aggregations=producttopics,documenttype,disclosurelevel,regionCode,topissue&spellCheck=3"  	[MsgId: MERR-26608]
Warning: Iteration pacing cannot be reached (pace time = 5.98, actual time = 29.04).	[MsgId: MWAR-15995]
kaas_DocSearchUDPES_Doc_DocTypes.c(8): Error -26608: HTTP Status-Code=504 (Gateway Timeout) for "https://hx9ekpvvbi.execute-api.us-east-1.amazonaws.com/KaaS-ITG/v2/search?q=Configure & use networking &resultLimit=10&resultStart=0&regionCode=89767524404752770339728&languageCode=en&disclosureLevel=696531864679532034919979251200881,47406819852170807613486806879990,218620138892645155286800249901443,287477763180518087286275037723076,887243771386204747508092376253257&printFields=documentID,title,documenttype,renderlink,matchscore,description,contentupdatedate,language,disclosurelevel,store,docsource,documenttypedetails,topics,categorizations&store=docstore,manualstore,supportagentstore,manualagentstore,processagentstore,videostore,udp-content-default,sdlmanualstore&documentTypes=Advisory,Agent%20Reference,Agent%20Resource%20Center,Bulletin,Concept%20Content,Notice,Product%20Change%20Notification,Security%20Bulletin,Service,Support,Support%20Information&spellCheck=3"  	[MsgId: MERR-26608]
Warning: Iteration pacing cannot be reached (pace time = 5.60, actual time = 29.04).	[MsgId: MWAR-15995]
kaas_DocSearchUDPES_Doc_with_Prod_Context.c(8): Error -26608: HTTP Status-Code=504 (Gateway Timeout) for "https://hx9ekpvvbi.execute-api.us-east-1.amazonaws.com/KaaS-ITG/v2/search?q=Scan &resultLimit=10&resultStart=0&regionCode=us&languageCode=en&disclosureLevel=696531864679532034919979251200881,47406819852170807613486806879990,218620138892645155286800249901443,287477763180518087286275037723076,887243771386204747508092376253257,600096605536507071488362545356335&printFields=documentID,title,documenttype,renderlink,matchscore,description,contentupdatedate,language,disclosurelevel,store,docsource,documenttypedetails,topics,categorizations&store=docstore,manualstore,supportagentstore,manualagentstore,processagentstore,videostore,udp-content-default,sdlmanualstore&product=5223305 OR 3962828&aggregations=producttopics,documenttype,disclosurelevel,regionCode,topissue"  	[MsgId: MERR-26608]
Warning: Iteration pacing cannot be reached (pace time = 5.61, actual time = 29.04).	[MsgId: MWAR-15995]
Warning: Iteration pacing cannot be reached (pace time = 5.03, actual time = 17.45).	[MsgId: MWAR-15995]
kaas_DocSearchUDPES_Doc_Range.c(8): Error -26608: HTTP Status-Code=504 (Gateway Timeout) for "https://hx9ekpvvbi.execute-api.us-east-1.amazonaws.com/KaaS-ITG/v2/search?q=Transfer synchronize data &resultLimit=10&resultStart=0&regionCode=212299498967880112552079&languageCode=en&disclosureLevel=696531864679532034919979251200881,47406819852170807613486806879990,218620138892645155286800249901443,287477763180518087286275037723076,887243771386204747508092376253257,600096605536507071488362545356335&printFields=documentID,title,documenttype,renderlink,matchscore,description,contentupdatedate,language,disclosurelevel,store,docsource,documenttypedetails,topics,categorizations&store=docstore,manualstore,supportagentstore,manualagentstore,processagentstore,videostore,udp-content-default,sdlmanualstore&aggregations=producttopics,documenttype,disclosurelevel,regionCode,topissue&fromDate=2017-07-01&toDate=2018-12-18&spellCheck=3"  	[MsgId: MERR-26608]
Warning: Iteration pacing cannot be reached (pace time = 5.45, actual time = 29.04).	[MsgId: MWAR-15995]
Warning: Iteration pacing cannot be reached (pace time = 5.13, actual time = 17.47).	[MsgId: MWAR-15995]
Warning: Iteration pacing cannot be reached (pace time = 5.52, actual time = 18.18).	[MsgId: MWAR-15995]
Warning: Iteration pacing cannot be reached (pace time = 5.01, actual time = 13.95).	[MsgId: MWAR-15995]
Warning: Iteration pacing cannot be reached (pace time = 5.58, actual time = 13.68).	[MsgId: MWAR-15995]
Warning: Iteration pacing cannot be reached (pace time = 5.62, actual time = 10.09).	[MsgId: MWAR-15995]
Warning: Iteration pacing cannot be reached (pace time = 5.69, actual time = 16.48).	[MsgId: MWAR-15995]
Warning: Iteration pacing cannot be reached (pace time = 5.71, actual time = 25.80).	[MsgId: MWAR-15995]
Warning: Iteration pacing cannot be reached (pace time = 5.55, actual time = 8.43).	[MsgId: MWAR-15995]
Warning: Iteration pacing cannot be reached (pace time = 5.81, actual time = 7.77).	[MsgId: MWAR-15995]
Warning: Iteration pacing cannot be reached (pace time = 5.53, actual time = 6.96).	[MsgId: MWAR-15995]
Warning: Iteration pacing cannot be reached (pace time = 5.35, actual time = 12.86).	[MsgId: MWAR-15995]
Warning: Iteration pacing cannot be reached (pace time = 5.58, actual time = 6.56).	[MsgId: MWAR-15995]
Warning: Iteration pacing cannot be reached (pace time = 5.21, actual time = 12.81).	[MsgId: MWAR-15995]
Warning: Iteration pacing cannot be reached (pace time = 5.18, actual time = 5.22).	[MsgId: MWAR-15995]
Warning: Iteration pacing cannot be reached (pace time = 5.82, actual time = 6.08).	[MsgId: MWAR-15995]
Warning: Iteration pacing cannot be reached (pace time = 5.54, actual time = 6.83).	[MsgId: MWAR-15995]
Warning: Iteration pacing cannot be reached (pace time = 5.26, actual time = 14.45).	[MsgId: MWAR-15995]
Warning: Iteration pacing cannot be reached (pace time = 5.10, actual time = 12.17).	[MsgId: MWAR-15995]
Warning: Iteration pacing cannot be reached (pace time = 5.42, actual time = 12.50).	[MsgId: MWAR-15995]
Warning: Iteration pacing cannot be reached (pace time = 5.49, actual time = 26.54).	[MsgId: MWAR-15995]
kaas_DocSearchUDPES_Doc_Range.c(8): Error -26608: HTTP Status-Code=504 (Gateway Timeout) for "https://hx9ekpvvbi.execute-api.us-east-1.amazonaws.com/KaaS-ITG/v2/search?q=HP Pavilion 11-h128tu x2 PC &resultLimit=10&resultStart=0&regionCode=212299498967880112552079&languageCode=en&disclosureLevel=696531864679532034919979251200881,47406819852170807613486806879990,218620138892645155286800249901443,287477763180518087286275037723076,887243771386204747508092376253257,600096605536507071488362545356335&printFields=documentID,title,documenttype,renderlink,matchscore,description,contentupdatedate,language,disclosurelevel,store,docsource,documenttypedetails,topics,categorizations&store=docstore,manualstore,supportagentstore,manualagentstore,processagentstore,videostore,udp-content-default,sdlmanualstore&aggregations=producttopics,documenttype,disclosurelevel,regionCode,topissue&fromDate=2017-07-01&toDate=2018-12-18&spellCheck=3"  	[MsgId: MERR-26608]
Warning: Iteration pacing cannot be reached (pace time = 5.17, actual time = 29.04).	[MsgId: MWAR-15995]
Warning: Iteration pacing cannot be reached (pace time = 5.11, actual time = 27.76).	[MsgId: MWAR-15995]
kaas_DocSearchUDPES_Doc_Sort.c(8): Error -26608: HTTP Status-Code=504 (Gateway Timeout) for "https://hx9ekpvvbi.execute-api.us-east-1.amazonaws.com/KaaS-ITG/v2/search?q=wireless &resultLimit=10&resultStart=0&regionCode=205101142445494286415257&languageCode=en&disclosureLevel=696531864679532034919979251200881,47406819852170807613486806879990,218620138892645155286800249901443,287477763180518087286275037723076,887243771386204747508092376253257,600096605536507071488362545356335&sortBy=contentupdatedate&sortOrder=desc&printFields=documentID,title,documenttype,renderlink,matchscore,description,contentupdatedate,language,disclosurelevel,store,docsource,documenttypedetails,topics,categorizations&store=docstore,manualstore,supportagentstore,manualagentstore,processagentstore,videostore,udp-content-default,sdlmanualstore&aggregations=producttopics,documenttype,disclosurelevel,regionCode,topissue&spellCheck=3"  	[MsgId: MERR-26608]
Warning: Iteration pacing cannot be reached (pace time = 5.96, actual time = 29.04).	[MsgId: MWAR-15995]
Warning: Iteration pacing cannot be reached (pace time = 5.33, actual time = 26.45).	[MsgId: MWAR-15995]
Warning: Iteration pacing cannot be reached (pace time = 5.15, actual time = 18.31).	[MsgId: MWAR-15995]
Warning: Iteration pacing cannot be reached (pace time = 5.25, actual time = 15.73).	[MsgId: MWAR-15995]
Warning: Iteration pacing cannot be reached (pace time = 5.26, actual time = 10.39).	[MsgId: MWAR-15995]
kaas_DocSearchUDPES_Doc_without_Prod_Context.c(8): Error -26608: HTTP Status-Code=504 (Gateway Timeout) for "https://hx9ekpvvbi.execute-api.us-east-1.amazonaws.com/KaaS-ITG/v2/search?q=wireless &resultLimit=10&resultStart=0&regionCode=168159114597742561248013&languageCode=en&disclosureLevel=696531864679532034919979251200881,47406819852170807613486806879990,218620138892645155286800249901443,287477763180518087286275037723076,887243771386204747508092376253257,600096605536507071488362545356335&printFields=documentID,title,documenttype,renderlink,matchscore,description,contentupdatedate,language,disclosurelevel,store,docsource,documenttypedetails,topics,categorizations&store=docstore,manualstore,supportagentstore,manualagentstore,processagentstore,videostore,udp-content-default,sdlmanualstore&aggregations=producttopics,documenttype,disclosurelevel,regionCode,topissue"  	[MsgId: MERR-26608]
Warning: Iteration pacing cannot be reached (pace time = 5.09, actual time = 29.05).	[MsgId: MWAR-15995]
Warning: Iteration pacing cannot be reached (pace time = 5.65, actual time = 29.01).	[MsgId: MWAR-15995]
Warning: Iteration pacing cannot be reached (pace time = 5.50, actual time = 28.30).	[MsgId: MWAR-15995]
kaas_DocSearchUDPES_Doc_Sort.c(8): Error -26608: HTTP Status-Code=504 (Gateway Timeout) for "https://hx9ekpvvbi.execute-api.us-east-1.amazonaws.com/KaaS-ITG/v2/search?q=HP Deskjet Ink Advantage Printers &resultLimit=10&resultStart=0&regionCode=204738940873122840662786&languageCode=en&disclosureLevel=696531864679532034919979251200881,47406819852170807613486806879990,218620138892645155286800249901443,287477763180518087286275037723076,887243771386204747508092376253257,600096605536507071488362545356335&sortBy=contentupdatedate&sortOrder=desc&printFields=documentID,title,documenttype,renderlink,matchscore,description,contentupdatedate,language,disclosurelevel,store,docsource,documenttypedetails,topics,categorizations&store=docstore,manualstore,supportagentstore,manualagentstore,processagentstore,videostore,udp-content-default,sdlmanualstore&aggregations=producttopics,documenttype,disclosurelevel,regionCode,topissue&spellCheck=3"  	[MsgId: MERR-26608]
Warning: Iteration pacing cannot be reached (pace time = 5.66, actual time = 29.04).	[MsgId: MWAR-15995]
kaas_DocSearchUDPES_Doc_Range.c(8): Error -26608: HTTP Status-Code=504 (Gateway Timeout) for "https://hx9ekpvvbi.execute-api.us-east-1.amazonaws.com/KaaS-ITG/v2/search?q=HP x2 and x360 Models (Notebook & Tablet) &resultLimit=10&resultStart=0&regionCode=205101142445494286415257&languageCode=en&disclosureLevel=696531864679532034919979251200881,47406819852170807613486806879990,218620138892645155286800249901443,287477763180518087286275037723076,887243771386204747508092376253257,600096605536507071488362545356335&printFields=documentID,title,documenttype,renderlink,matchscore,description,contentupdatedate,language,disclosurelevel,store,docsource,documenttypedetails,topics,categorizations&store=docstore,manualstore,supportagentstore,manualagentstore,processagentstore,videostore,udp-content-default,sdlmanualstore&aggregations=producttopics,documenttype,disclosurelevel,regionCode,topissue&fromDate=2017-07-01&toDate=2018-12-18&spellCheck=3"  	[MsgId: MERR-26608]
Warning: Iteration pacing cannot be reached (pace time = 5.79, actual time = 29.04).	[MsgId: MWAR-15995]
kaas_DocSearchUDPES_Doc_Sort.c(8): Error -26608: HTTP Status-Code=504 (Gateway Timeout) for "https://hx9ekpvvbi.execute-api.us-east-1.amazonaws.com/KaaS-ITG/v2/search?q=HP ENVY All-in-One Desktops &resultLimit=10&resultStart=0&regionCode=89767524404752770339728&languageCode=en&disclosureLevel=696531864679532034919979251200881,47406819852170807613486806879990,218620138892645155286800249901443,287477763180518087286275037723076,887243771386204747508092376253257,600096605536507071488362545356335&sortBy=contentupdatedate&sortOrder=desc&printFields=documentID,title,documenttype,renderlink,matchscore,description,contentupdatedate,language,disclosurelevel,store,docsource,documenttypedetails,topics,categorizations&store=docstore,manualstore,supportagentstore,manualagentstore,processagentstore,videostore,udp-content-default,sdlmanualstore&aggregations=producttopics,documenttype,disclosurelevel,regionCode,topissue&spellCheck=3"  	[MsgId: MERR-26608]
Warning: Iteration pacing cannot be reached (pace time = 5.22, actual time = 29.05).	[MsgId: MWAR-15995]
kaas_DocSearchUDPES_Doc_Range.c(8): Error -26608: HTTP Status-Code=504 (Gateway Timeout) for "https://hx9ekpvvbi.execute-api.us-east-1.amazonaws.com/KaaS-ITG/v2/search?q=scanner &resultLimit=10&resultStart=0&regionCode=212299498967880112552079&languageCode=en&disclosureLevel=696531864679532034919979251200881,47406819852170807613486806879990,218620138892645155286800249901443,287477763180518087286275037723076,887243771386204747508092376253257,600096605536507071488362545356335&printFields=documentID,title,documenttype,renderlink,matchscore,description,contentupdatedate,language,disclosurelevel,store,docsource,documenttypedetails,topics,categorizations&store=docstore,manualstore,supportagentstore,manualagentstore,processagentstore,videostore,udp-content-default,sdlmanualstore&aggregations=producttopics,documenttype,disclosurelevel,regionCode,topissue&fromDate=2017-07-01&toDate=2018-12-18&spellCheck=3"  	[MsgId: MERR-26608]
Warning: Iteration pacing cannot be reached (pace time = 5.17, actual time = 29.04).	[MsgId: MWAR-15995]
kaas_DocSearchUDPES_Doc_DocTypes.c(8): Error -26608: HTTP Status-Code=504 (Gateway Timeout) for "https://hx9ekpvvbi.execute-api.us-east-1.amazonaws.com/KaaS-ITG/v2/search?q=Game controller/remote control use &resultLimit=10&resultStart=0&regionCode=212299498967880112552079&languageCode=en&disclosureLevel=696531864679532034919979251200881,47406819852170807613486806879990,218620138892645155286800249901443,287477763180518087286275037723076,887243771386204747508092376253257&printFields=documentID,title,documenttype,renderlink,matchscore,description,contentupdatedate,language,disclosurelevel,store,docsource,documenttypedetails,topics,categorizations&store=docstore,manualstore,supportagentstore,manualagentstore,processagentstore,videostore,udp-content-default,sdlmanualstore&documentTypes=Advisory,Agent%20Reference,Agent%20Resource%20Center,Bulletin,Concept%20Content,Notice,Product%20Change%20Notification,Security%20Bulletin,Service,Support,Support%20Information&spellCheck=3"  	[MsgId: MERR-26608]
Warning: Iteration pacing cannot be reached (pace time = 5.16, actual time = 29.04).	[MsgId: MWAR-15995]
kaas_DocSearchUDPES_Doc_DocTypes.c(8): Error -26608: HTTP Status-Code=504 (Gateway Timeout) for "https://hx9ekpvvbi.execute-api.us-east-1.amazonaws.com/KaaS-ITG/v2/search?q=CD/DVD drive &resultLimit=10&resultStart=0&regionCode=212299498967880112552079&languageCode=en&disclosureLevel=696531864679532034919979251200881,47406819852170807613486806879990,218620138892645155286800249901443,287477763180518087286275037723076,887243771386204747508092376253257&printFields=documentID,title,documenttype,renderlink,matchscore,description,contentupdatedate,language,disclosurelevel,store,docsource,documenttypedetails,topics,categorizations&store=docstore,manualstore,supportagentstore,manualagentstore,processagentstore,videostore,udp-content-default,sdlmanualstore&documentTypes=Advisory,Agent%20Reference,Agent%20Resource%20Center,Bulletin,Concept%20Content,Notice,Product%20Change%20Notification,Security%20Bulletin,Service,Support,Support%20Information&spellCheck=3"  	[MsgId: MERR-26608]
Warning: Iteration pacing cannot be reached (pace time = 5.04, actual time = 29.05).	[MsgId: MWAR-15995]
Warning: Iteration pacing cannot be reached (pace time = 5.79, actual time = 22.74).	[MsgId: MWAR-15995]
Warning: Iteration pacing cannot be reached (pace time = 5.81, actual time = 10.04).	[MsgId: MWAR-15995]
Warning: Iteration pacing cannot be reached (pace time = 5.61, actual time = 24.55).	[MsgId: MWAR-15995]
Warning: Iteration pacing cannot be reached (pace time = 5.96, actual time = 27.63).	[MsgId: MWAR-15995]
Warning: Iteration pacing cannot be reached (pace time = 5.55, actual time = 21.07).	[MsgId: MWAR-15995]
kaas_DocSearchUDPES_Doc_DocTypes.c(8): Error -26608: HTTP Status-Code=504 (Gateway Timeout) for "https://hx9ekpvvbi.execute-api.us-east-1.amazonaws.com/KaaS-ITG/v2/search?q=scanning &resultLimit=10&resultStart=0&regionCode=212299498967880112552079&languageCode=en&disclosureLevel=696531864679532034919979251200881,47406819852170807613486806879990,218620138892645155286800249901443,287477763180518087286275037723076,887243771386204747508092376253257&printFields=documentID,title,documenttype,renderlink,matchscore,description,contentupdatedate,language,disclosurelevel,store,docsource,documenttypedetails,topics,categorizations&store=docstore,manualstore,supportagentstore,manualagentstore,processagentstore,videostore,udp-content-default,sdlmanualstore&documentTypes=Advisory,Agent%20Reference,Agent%20Resource%20Center,Bulletin,Concept%20Content,Notice,Product%20Change%20Notification,Security%20Bulletin,Service,Support,Support%20Information&spellCheck=3"  	[MsgId: MERR-26608]
Warning: Iteration pacing cannot be reached (pace time = 5.37, actual time = 29.21).	[MsgId: MWAR-15995]
kaas_DocSearchUDPES_Doc_DocTypes.c(8): Error -26608: HTTP Status-Code=504 (Gateway Timeout) for "https://hx9ekpvvbi.execute-api.us-east-1.amazonaws.com/KaaS-ITG/v2/search?q=HP Officejet Printer Models 6000 to 9999 &resultLimit=10&resultStart=0&regionCode=25161013621264431463697&languageCode=en&disclosureLevel=696531864679532034919979251200881,47406819852170807613486806879990,218620138892645155286800249901443,287477763180518087286275037723076,887243771386204747508092376253257&printFields=documentID,title,documenttype,renderlink,matchscore,description,contentupdatedate,language,disclosurelevel,store,docsource,documenttypedetails,topics,categorizations&store=docstore,manualstore,supportagentstore,manualagentstore,processagentstore,videostore,udp-content-default,sdlmanualstore&documentTypes=Advisory,Agent%20Reference,Agent%20Resource%20Center,Bulletin,Concept%20Content,Notice,Product%20Change%20Notification,Security%20Bulletin,Service,Support,Support%20Information&spellCheck=3"  	[MsgId: MERR-26608]
Warning: Iteration pacing cannot be reached (pace time = 5.25, actual time = 29.04).	[MsgId: MWAR-15995]
Warning: Iteration pacing cannot be reached (pace time = 5.71, actual time = 8.10).	[MsgId: MWAR-15995]
Warning: Iteration pacing cannot be reached (pace time = 5.98, actual time = 18.10).	[MsgId: MWAR-15995]
Warning: Iteration pacing cannot be reached (pace time = 5.78, actual time = 7.45).	[MsgId: MWAR-15995]
Warning: Iteration pacing cannot be reached (pace time = 5.43, actual time = 6.22).	[MsgId: MWAR-15995]
Warning: Iteration pacing cannot be reached (pace time = 5.73, actual time = 21.75).	[MsgId: MWAR-15995]
Warning: Iteration pacing cannot be reached (pace time = 5.68, actual time = 17.16).	[MsgId: MWAR-15995]
Warning: Iteration pacing cannot be reached (pace time = 5.41, actual time = 19.21).	[MsgId: MWAR-15995]
Warning: Iteration pacing cannot be reached (pace time = 5.10, actual time = 7.79).	[MsgId: MWAR-15995]
Warning: Iteration pacing cannot be reached (pace time = 5.99, actual time = 11.63).	[MsgId: MWAR-15995]
Warning: Iteration pacing cannot be reached (pace time = 5.93, actual time = 8.33).	[MsgId: MWAR-15995]
Warning: Iteration pacing cannot be reached (pace time = 5.01, actual time = 11.91).	[MsgId: MWAR-15995]
Warning: Iteration pacing cannot be reached (pace time = 5.27, actual time = 8.31).	[MsgId: MWAR-15995]
Warning: Iteration pacing cannot be reached (pace time = 5.88, actual time = 16.63).	[MsgId: MWAR-15995]
Warning: Iteration pacing cannot be reached (pace time = 5.01, actual time = 5.20).	[MsgId: MWAR-15995]
Warning: Iteration pacing cannot be reached (pace time = 5.26, actual time = 17.72).	[MsgId: MWAR-15995]
Warning: Iteration pacing cannot be reached (pace time = 5.46, actual time = 26.46).	[MsgId: MWAR-15995]
kaas_DocSearchUDPES_Doc_Sort.c(8): Error -26608: HTTP Status-Code=504 (Gateway Timeout) for "https://hx9ekpvvbi.execute-api.us-east-1.amazonaws.com/KaaS-ITG/v2/search?q=Compaq Deskpro Desktops &resultLimit=10&resultStart=0&regionCode=212299498967880112552079&languageCode=en&disclosureLevel=696531864679532034919979251200881,47406819852170807613486806879990,218620138892645155286800249901443,287477763180518087286275037723076,887243771386204747508092376253257,600096605536507071488362545356335&sortBy=contentupdatedate&sortOrder=desc&printFields=documentID,title,documenttype,renderlink,matchscore,description,contentupdatedate,language,disclosurelevel,store,docsource,documenttypedetails,topics,categorizations&store=docstore,manualstore,supportagentstore,manualagentstore,processagentstore,videostore,udp-content-default,sdlmanualstore&aggregations=producttopics,documenttype,disclosurelevel,regionCode,topissue&spellCheck=3"  	[MsgId: MERR-26608]
Warning: Iteration pacing cannot be reached (pace time = 5.61, actual time = 29.04).	[MsgId: MWAR-15995]
kaas_DocSearchUDPES_Doc_with_Prod_Context.c(8): Error -26608: HTTP Status-Code=504 (Gateway Timeout) for "https://hx9ekpvvbi.execute-api.us-east-1.amazonaws.com/KaaS-ITG/v2/search?q=scanning &resultLimit=10&resultStart=0&regionCode=us&languageCode=en&disclosureLevel=696531864679532034919979251200881,47406819852170807613486806879990,218620138892645155286800249901443,287477763180518087286275037723076,887243771386204747508092376253257,600096605536507071488362545356335&printFields=documentID,title,documenttype,renderlink,matchscore,description,contentupdatedate,language,disclosurelevel,store,docsource,documenttypedetails,topics,categorizations&store=docstore,manualstore,supportagentstore,manualagentstore,processagentstore,videostore,udp-content-default,sdlmanualstore&product=6627588 OR 501585&aggregations=producttopics,documenttype,disclosurelevel,regionCode,topissue"  	[MsgId: MERR-26608]
Warning: Iteration pacing cannot be reached (pace time = 5.02, actual time = 29.04).	[MsgId: MWAR-15995]
kaas_DocSearchUDPES_Doc_Range.c(8): Error -26608: HTTP Status-Code=504 (Gateway Timeout) for "https://hx9ekpvvbi.execute-api.us-east-1.amazonaws.com/KaaS-ITG/v2/search?q=HP ENVY All-in-One Desktops &resultLimit=10&resultStart=0&regionCode=40166358557719563429345&languageCode=en&disclosureLevel=696531864679532034919979251200881,47406819852170807613486806879990,218620138892645155286800249901443,287477763180518087286275037723076,887243771386204747508092376253257,600096605536507071488362545356335&printFields=documentID,title,documenttype,renderlink,matchscore,description,contentupdatedate,language,disclosurelevel,store,docsource,documenttypedetails,topics,categorizations&store=docstore,manualstore,supportagentstore,manualagentstore,processagentstore,videostore,udp-content-default,sdlmanualstore&aggregations=producttopics,documenttype,disclosurelevel,regionCode,topissue&fromDate=2017-07-01&toDate=2018-12-18&spellCheck=3"  	[MsgId: MERR-26608]
Warning: Iteration pacing cannot be reached (pace time = 5.91, actual time = 29.04).	[MsgId: MWAR-15995]
kaas_DocSearchUDPES_Doc_Sort.c(8): Error -26608: HTTP Status-Code=504 (Gateway Timeout) for "https://hx9ekpvvbi.execute-api.us-east-1.amazonaws.com/KaaS-ITG/v2/search?q=Install/uninstall software &resultLimit=10&resultStart=0&regionCode=34042099798147270528590&languageCode=en&disclosureLevel=696531864679532034919979251200881,47406819852170807613486806879990,218620138892645155286800249901443,287477763180518087286275037723076,887243771386204747508092376253257,600096605536507071488362545356335&sortBy=contentupdatedate&sortOrder=desc&printFields=documentID,title,documenttype,renderlink,matchscore,description,contentupdatedate,language,disclosurelevel,store,docsource,documenttypedetails,topics,categorizations&store=docstore,manualstore,supportagentstore,manualagentstore,processagentstore,videostore,udp-content-default,sdlmanualstore&aggregations=producttopics,documenttype,disclosurelevel,regionCode,topissue&spellCheck=3"  	[MsgId: MERR-26608]
Warning: Iteration pacing cannot be reached (pace time = 5.72, actual time = 29.04).	[MsgId: MWAR-15995]
kaas_DocSearchUDPES_Doc_DocTypes.c(8): Error -26608: HTTP Status-Code=504 (Gateway Timeout) for "https://hx9ekpvvbi.execute-api.us-east-1.amazonaws.com/KaaS-ITG/v2/search?q=HP Photosmart Printer Models A100 to A999 &resultLimit=10&resultStart=0&regionCode=212299498967880112552079&languageCode=en&disclosureLevel=696531864679532034919979251200881,47406819852170807613486806879990,218620138892645155286800249901443,287477763180518087286275037723076,887243771386204747508092376253257&printFields=documentID,title,documenttype,renderlink,matchscore,description,contentupdatedate,language,disclosurelevel,store,docsource,documenttypedetails,topics,categorizations&store=docstore,manualstore,supportagentstore,manualagentstore,processagentstore,videostore,udp-content-default,sdlmanualstore&documentTypes=Advisory,Agent%20Reference,Agent%20Resource%20Center,Bulletin,Concept%20Content,Notice,Product%20Change%20Notification,Security%20Bulletin,Service,Support,Support%20Information&spellCheck=3"  	[MsgId: MERR-26608]
Warning: Iteration pacing cannot be reached (pace time = 5.50, actual time = 29.05).	[MsgId: MWAR-15995]
Warning: Iteration pacing cannot be reached (pace time = 5.49, actual time = 27.16).	[MsgId: MWAR-15995]
Warning: Iteration pacing cannot be reached (pace time = 5.85, actual time = 16.68).	[MsgId: MWAR-15995]
Warning: Iteration pacing cannot be reached (pace time = 5.56, actual time = 22.63).	[MsgId: MWAR-15995]
Warning: Iteration pacing cannot be reached (pace time = 5.08, actual time = 27.64).	[MsgId: MWAR-15995]
Warning: Iteration pacing cannot be reached (pace time = 5.50, actual time = 5.64).	[MsgId: MWAR-15995]
Warning: Iteration pacing cannot be reached (pace time = 5.96, actual time = 9.31).	[MsgId: MWAR-15995]
Warning: Iteration pacing cannot be reached (pace time = 5.10, actual time = 13.99).	[MsgId: MWAR-15995]
Warning: Iteration pacing cannot be reached (pace time = 5.23, actual time = 12.12).	[MsgId: MWAR-15995]
Warning: Iteration pacing cannot be reached (pace time = 5.36, actual time = 11.34).	[MsgId: MWAR-15995]
Warning: Iteration pacing cannot be reached (pace time = 5.46, actual time = 9.77).	[MsgId: MWAR-15995]
Warning: Iteration pacing cannot be reached (pace time = 5.27, actual time = 7.69).	[MsgId: MWAR-15995]
Warning: Iteration pacing cannot be reached (pace time = 5.11, actual time = 11.51).	[MsgId: MWAR-15995]
Warning: Iteration pacing cannot be reached (pace time = 5.78, actual time = 15.36).	[MsgId: MWAR-15995]
Warning: Iteration pacing cannot be reached (pace time = 5.04, actual time = 7.61).	[MsgId: MWAR-15995]
Warning: Iteration pacing cannot be reached (pace time = 5.72, actual time = 9.37).	[MsgId: MWAR-15995]
Warning: Iteration pacing cannot be reached (pace time = 5.43, actual time = 5.84).	[MsgId: MWAR-15995]
Warning: Iteration pacing cannot be reached (pace time = 5.45, actual time = 6.17).	[MsgId: MWAR-15995]
Warning: Iteration pacing cannot be reached (pace time = 5.33, actual time = 8.26).	[MsgId: MWAR-15995]
Warning: Iteration pacing cannot be reached (pace time = 5.19, actual time = 6.38).	[MsgId: MWAR-15995]
Warning: Iteration pacing cannot be reached (pace time = 5.74, actual time = 8.66).	[MsgId: MWAR-15995]
