Warning: Iteration pacing cannot be reached (pace time = 8.79, actual time = 20.56).	[MsgId: MWAR-15995]
kaas_DocSearchUDPES_Facets.c(8): Error -26608: HTTP Status-Code=504 (Gateway Timeout) for "https://hx9ekpvvbi.execute-api.us-east-1.amazonaws.com/KaaS-ITG/v2/search?q=wireless &resultLimit=10&resultStart=0&countryCode=us&languageCode=en&disclosureLevel=696531864679532034919979251200881,47406819852170807613486806879990,218620138892645155286800249901443,287477763180518087286275037723076,887243771386204747508092376253257,600096605536507071488362545356335&printFields=documentID,title,documenttype,renderlink,matchscore,description,contentupdatedate,language,disclosurelevel,store,docsource,documenttypedetails,topics,categorizations&store=docstore,supportagentstore,manualagentstore,manualstore,videostore,processagentstore,udp-content-default&aggregations=producttopics,documenttype,disclosurelevel,countrycode,topissue&spellCheck=3"  	[MsgId: MERR-26608]
Warning: Iteration pacing cannot be reached (pace time = 8.91, actual time = 29.16).	[MsgId: MWAR-15995]
kaas_DocSearchUDPES_Facets.c(8): Error -26608: HTTP Status-Code=504 (Gateway Timeout) for "https://hx9ekpvvbi.execute-api.us-east-1.amazonaws.com/KaaS-ITG/v2/search?q=Adding/replacing PC hardware &resultLimit=10&resultStart=0&countryCode=us&languageCode=en&disclosureLevel=696531864679532034919979251200881,47406819852170807613486806879990,218620138892645155286800249901443,287477763180518087286275037723076,887243771386204747508092376253257,600096605536507071488362545356335&printFields=documentID,title,documenttype,renderlink,matchscore,description,contentupdatedate,language,disclosurelevel,store,docsource,documenttypedetails,topics,categorizations&store=docstore,supportagentstore,manualagentstore,manualstore,videostore,processagentstore,udp-content-default&aggregations=producttopics,documenttype,disclosurelevel,countrycode,topissue&spellCheck=3"  	[MsgId: MERR-26608]
Warning: Iteration pacing cannot be reached (pace time = 7.21, actual time = 29.04).	[MsgId: MWAR-15995]
Warning: Iteration pacing cannot be reached (pace time = 6.67, actual time = 19.68).	[MsgId: MWAR-15995]
Warning: Iteration pacing cannot be reached (pace time = 6.20, actual time = 20.94).	[MsgId: MWAR-15995]
Warning: Iteration pacing cannot be reached (pace time = 7.20, actual time = 10.23).	[MsgId: MWAR-15995]
kaas_DocSearchUDPES_Facets.c(8): Error -26608: HTTP Status-Code=504 (Gateway Timeout) for "https://hx9ekpvvbi.execute-api.us-east-1.amazonaws.com/KaaS-ITG/v2/search?q=HP ENVY All-in-One Desktops &resultLimit=10&resultStart=0&countryCode=us&languageCode=en&disclosureLevel=696531864679532034919979251200881,47406819852170807613486806879990,218620138892645155286800249901443,287477763180518087286275037723076,887243771386204747508092376253257,600096605536507071488362545356335&printFields=documentID,title,documenttype,renderlink,matchscore,description,contentupdatedate,language,disclosurelevel,store,docsource,documenttypedetails,topics,categorizations&store=docstore,supportagentstore,manualagentstore,manualstore,videostore,processagentstore,udp-content-default&aggregations=producttopics,documenttype,disclosurelevel,countrycode,topissue&spellCheck=3"  	[MsgId: MERR-26608]
Warning: Iteration pacing cannot be reached (pace time = 8.16, actual time = 29.04).	[MsgId: MWAR-15995]
Warning: Iteration pacing cannot be reached (pace time = 6.27, actual time = 6.58).	[MsgId: MWAR-15995]
kaas_DocSearchUDPES_Facets.c(8): Error -26608: HTTP Status-Code=504 (Gateway Timeout) for "https://hx9ekpvvbi.execute-api.us-east-1.amazonaws.com/KaaS-ITG/v2/search?q=External storage/memory card/USB &resultLimit=10&resultStart=0&countryCode=us&languageCode=en&disclosureLevel=696531864679532034919979251200881,47406819852170807613486806879990,218620138892645155286800249901443,287477763180518087286275037723076,887243771386204747508092376253257,600096605536507071488362545356335&printFields=documentID,title,documenttype,renderlink,matchscore,description,contentupdatedate,language,disclosurelevel,store,docsource,documenttypedetails,topics,categorizations&store=docstore,supportagentstore,manualagentstore,manualstore,videostore,processagentstore,udp-content-default&aggregations=producttopics,documenttype,disclosurelevel,countrycode,topissue&spellCheck=3"  	[MsgId: MERR-26608]
Warning: Iteration pacing cannot be reached (pace time = 6.27, actual time = 29.05).	[MsgId: MWAR-15995]
Warning: Iteration pacing cannot be reached (pace time = 8.21, actual time = 15.66).	[MsgId: MWAR-15995]
Warning: Iteration pacing cannot be reached (pace time = 7.13, actual time = 23.11).	[MsgId: MWAR-15995]
Warning: Iteration pacing cannot be reached (pace time = 7.62, actual time = 16.82).	[MsgId: MWAR-15995]
kaas_DocSearchUDPES_Facets.c(8): Error -26608: HTTP Status-Code=504 (Gateway Timeout) for "https://hx9ekpvvbi.execute-api.us-east-1.amazonaws.com/KaaS-ITG/v2/search?q=System recovery/backup/restore &resultLimit=10&resultStart=0&countryCode=us&languageCode=en&disclosureLevel=696531864679532034919979251200881,47406819852170807613486806879990,218620138892645155286800249901443,287477763180518087286275037723076,887243771386204747508092376253257,600096605536507071488362545356335&printFields=documentID,title,documenttype,renderlink,matchscore,description,contentupdatedate,language,disclosurelevel,store,docsource,documenttypedetails,topics,categorizations&store=docstore,supportagentstore,manualagentstore,manualstore,videostore,processagentstore,udp-content-default&aggregations=producttopics,documenttype,disclosurelevel,countrycode,topissue&spellCheck=3"  	[MsgId: MERR-26608]
Warning: Iteration pacing cannot be reached (pace time = 7.21, actual time = 29.05).	[MsgId: MWAR-15995]
Warning: Iteration pacing cannot be reached (pace time = 7.03, actual time = 9.51).	[MsgId: MWAR-15995]
Warning: Iteration pacing cannot be reached (pace time = 7.40, actual time = 25.75).	[MsgId: MWAR-15995]
Warning: Iteration pacing cannot be reached (pace time = 6.22, actual time = 20.28).	[MsgId: MWAR-15995]
kaas_DocSearchUDPES_Facets.c(8): Error -26608: HTTP Status-Code=504 (Gateway Timeout) for "https://hx9ekpvvbi.execute-api.us-east-1.amazonaws.com/KaaS-ITG/v2/search?q=HP Classmate Notebooks &resultLimit=10&resultStart=0&countryCode=us&languageCode=en&disclosureLevel=696531864679532034919979251200881,47406819852170807613486806879990,218620138892645155286800249901443,287477763180518087286275037723076,887243771386204747508092376253257,600096605536507071488362545356335&printFields=documentID,title,documenttype,renderlink,matchscore,description,contentupdatedate,language,disclosurelevel,store,docsource,documenttypedetails,topics,categorizations&store=docstore,supportagentstore,manualagentstore,manualstore,videostore,processagentstore,udp-content-default&aggregations=producttopics,documenttype,disclosurelevel,countrycode,topissue&spellCheck=3"  	[MsgId: MERR-26608]
Warning: Iteration pacing cannot be reached (pace time = 8.88, actual time = 29.04).	[MsgId: MWAR-15995]
Warning: Iteration pacing cannot be reached (pace time = 6.68, actual time = 17.90).	[MsgId: MWAR-15995]
kaas_DocSearchUDPES_Facets.c(8): Error -26608: HTTP Status-Code=504 (Gateway Timeout) for "https://hx9ekpvvbi.execute-api.us-east-1.amazonaws.com/KaaS-ITG/v2/search?q=Product setup &resultLimit=10&resultStart=0&countryCode=us&languageCode=en&disclosureLevel=696531864679532034919979251200881,47406819852170807613486806879990,218620138892645155286800249901443,287477763180518087286275037723076,887243771386204747508092376253257,600096605536507071488362545356335&printFields=documentID,title,documenttype,renderlink,matchscore,description,contentupdatedate,language,disclosurelevel,store,docsource,documenttypedetails,topics,categorizations&store=docstore,supportagentstore,manualagentstore,manualstore,videostore,processagentstore,udp-content-default&aggregations=producttopics,documenttype,disclosurelevel,countrycode,topissue&spellCheck=3"  	[MsgId: MERR-26608]
Warning: Iteration pacing cannot be reached (pace time = 8.20, actual time = 29.04).	[MsgId: MWAR-15995]
Warning: Iteration pacing cannot be reached (pace time = 6.11, actual time = 21.87).	[MsgId: MWAR-15995]
kaas_DocSearchUDPES_Facets.c(8): Error -26608: HTTP Status-Code=504 (Gateway Timeout) for "https://hx9ekpvvbi.execute-api.us-east-1.amazonaws.com/KaaS-ITG/v2/search?q=HP Officejet Printer Models 100 to 999 &resultLimit=10&resultStart=0&countryCode=us&languageCode=en&disclosureLevel=696531864679532034919979251200881,47406819852170807613486806879990,218620138892645155286800249901443,287477763180518087286275037723076,887243771386204747508092376253257,600096605536507071488362545356335&printFields=documentID,title,documenttype,renderlink,matchscore,description,contentupdatedate,language,disclosurelevel,store,docsource,documenttypedetails,topics,categorizations&store=docstore,supportagentstore,manualagentstore,manualstore,videostore,processagentstore,udp-content-default&aggregations=producttopics,documenttype,disclosurelevel,countrycode,topissue&spellCheck=3"  	[MsgId: MERR-26608]
Warning: Iteration pacing cannot be reached (pace time = 6.83, actual time = 29.04).	[MsgId: MWAR-15995]
Warning: Iteration pacing cannot be reached (pace time = 6.89, actual time = 16.11).	[MsgId: MWAR-15995]
Warning: Iteration pacing cannot be reached (pace time = 7.29, actual time = 9.27).	[MsgId: MWAR-15995]
kaas_DocSearchUDPES_Facets.c(8): Error -26608: HTTP Status-Code=504 (Gateway Timeout) for "https://hx9ekpvvbi.execute-api.us-east-1.amazonaws.com/KaaS-ITG/v2/search?q=paper jam &resultLimit=10&resultStart=0&countryCode=us&languageCode=en&disclosureLevel=696531864679532034919979251200881,47406819852170807613486806879990,218620138892645155286800249901443,287477763180518087286275037723076,887243771386204747508092376253257,600096605536507071488362545356335&printFields=documentID,title,documenttype,renderlink,matchscore,description,contentupdatedate,language,disclosurelevel,store,docsource,documenttypedetails,topics,categorizations&store=docstore,supportagentstore,manualagentstore,manualstore,videostore,processagentstore,udp-content-default&aggregations=producttopics,documenttype,disclosurelevel,countrycode,topissue&spellCheck=3"  	[MsgId: MERR-26608]
Warning: Iteration pacing cannot be reached (pace time = 7.48, actual time = 29.05).	[MsgId: MWAR-15995]
kaas_DocSearchUDPES_Facets.c(8): Error -26608: HTTP Status-Code=504 (Gateway Timeout) for "https://hx9ekpvvbi.execute-api.us-east-1.amazonaws.com/KaaS-ITG/v2/search?q=HP Classmate Notebooks &resultLimit=10&resultStart=0&countryCode=us&languageCode=en&disclosureLevel=696531864679532034919979251200881,47406819852170807613486806879990,218620138892645155286800249901443,287477763180518087286275037723076,887243771386204747508092376253257,600096605536507071488362545356335&printFields=documentID,title,documenttype,renderlink,matchscore,description,contentupdatedate,language,disclosurelevel,store,docsource,documenttypedetails,topics,categorizations&store=docstore,supportagentstore,manualagentstore,manualstore,videostore,processagentstore,udp-content-default&aggregations=producttopics,documenttype,disclosurelevel,countrycode,topissue&spellCheck=3"  	[MsgId: MERR-26608]
Warning: Iteration pacing cannot be reached (pace time = 6.03, actual time = 29.04).	[MsgId: MWAR-15995]
kaas_DocSearchUDPES_Facets.c(8): Error -26608: HTTP Status-Code=504 (Gateway Timeout) for "https://hx9ekpvvbi.execute-api.us-east-1.amazonaws.com/KaaS-ITG/v2/search?q=webcam &resultLimit=10&resultStart=0&countryCode=us&languageCode=en&disclosureLevel=696531864679532034919979251200881,47406819852170807613486806879990,218620138892645155286800249901443,287477763180518087286275037723076,887243771386204747508092376253257,600096605536507071488362545356335&printFields=documentID,title,documenttype,renderlink,matchscore,description,contentupdatedate,language,disclosurelevel,store,docsource,documenttypedetails,topics,categorizations&store=docstore,supportagentstore,manualagentstore,manualstore,videostore,processagentstore,udp-content-default&aggregations=producttopics,documenttype,disclosurelevel,countrycode,topissue&spellCheck=3"  	[MsgId: MERR-26608]
Warning: Iteration pacing cannot be reached (pace time = 6.94, actual time = 29.04).	[MsgId: MWAR-15995]
Warning: Iteration pacing cannot be reached (pace time = 8.32, actual time = 20.51).	[MsgId: MWAR-15995]
Warning: Iteration pacing cannot be reached (pace time = 6.54, actual time = 11.64).	[MsgId: MWAR-15995]
kaas_DocSearchUDPES_Facets.c(8): Error -26608: HTTP Status-Code=504 (Gateway Timeout) for "https://hx9ekpvvbi.execute-api.us-east-1.amazonaws.com/KaaS-ITG/v2/search?q=HP Pavilion 11-h128tu x2 PC &resultLimit=10&resultStart=0&countryCode=us&languageCode=en&disclosureLevel=696531864679532034919979251200881,47406819852170807613486806879990,218620138892645155286800249901443,287477763180518087286275037723076,887243771386204747508092376253257,600096605536507071488362545356335&printFields=documentID,title,documenttype,renderlink,matchscore,description,contentupdatedate,language,disclosurelevel,store,docsource,documenttypedetails,topics,categorizations&store=docstore,supportagentstore,manualagentstore,manualstore,videostore,processagentstore,udp-content-default&aggregations=producttopics,documenttype,disclosurelevel,countrycode,topissue&spellCheck=3"  	[MsgId: MERR-26608]
Warning: Iteration pacing cannot be reached (pace time = 7.10, actual time = 29.04).	[MsgId: MWAR-15995]
Warning: Iteration pacing cannot be reached (pace time = 6.66, actual time = 11.72).	[MsgId: MWAR-15995]
Warning: Iteration pacing cannot be reached (pace time = 7.45, actual time = 8.90).	[MsgId: MWAR-15995]
Warning: Iteration pacing cannot be reached (pace time = 6.10, actual time = 24.31).	[MsgId: MWAR-15995]
Warning: Iteration pacing cannot be reached (pace time = 6.41, actual time = 19.55).	[MsgId: MWAR-15995]
Warning: Iteration pacing cannot be reached (pace time = 7.89, actual time = 22.05).	[MsgId: MWAR-15995]
Warning: Iteration pacing cannot be reached (pace time = 6.45, actual time = 25.06).	[MsgId: MWAR-15995]
Warning: Iteration pacing cannot be reached (pace time = 8.53, actual time = 11.81).	[MsgId: MWAR-15995]
Warning: Iteration pacing cannot be reached (pace time = 8.29, actual time = 16.19).	[MsgId: MWAR-15995]
Warning: Iteration pacing cannot be reached (pace time = 6.65, actual time = 18.84).	[MsgId: MWAR-15995]
kaas_DocSearchUDPES_Facets.c(8): Error -26608: HTTP Status-Code=504 (Gateway Timeout) for "https://hx9ekpvvbi.execute-api.us-east-1.amazonaws.com/KaaS-ITG/v2/search?q=HP Pavilion Desktop Models u1000 to u9999 &resultLimit=10&resultStart=0&countryCode=us&languageCode=en&disclosureLevel=696531864679532034919979251200881,47406819852170807613486806879990,218620138892645155286800249901443,287477763180518087286275037723076,887243771386204747508092376253257,600096605536507071488362545356335&printFields=documentID,title,documenttype,renderlink,matchscore,description,contentupdatedate,language,disclosurelevel,store,docsource,documenttypedetails,topics,categorizations&store=docstore,supportagentstore,manualagentstore,manualstore,videostore,processagentstore,udp-content-default&aggregations=producttopics,documenttype,disclosurelevel,countrycode,topissue&spellCheck=3"  	[MsgId: MERR-26608]
Warning: Iteration pacing cannot be reached (pace time = 7.73, actual time = 29.04).	[MsgId: MWAR-15995]
Warning: Iteration pacing cannot be reached (pace time = 8.36, actual time = 28.50).	[MsgId: MWAR-15995]
