Warning: Iteration pacing cannot be reached (pace time = 6.00, actual time = 12.47).	[MsgId: MWAR-15995]
Warning: Iteration pacing cannot be reached (pace time = 6.72, actual time = 8.63).	[MsgId: MWAR-15995]
kaas_DocSearchUDPES_Facets.c(8): Error -26608: HTTP Status-Code=504 (Gateway Timeout) for "https://hx9ekpvvbi.execute-api.us-east-1.amazonaws.com/KaaS-ITG/v2/search?q=HP LaserJet Enterprise Printers &resultLimit=10&resultStart=0&countryCode=us&languageCode=en&disclosureLevel=696531864679532034919979251200881,47406819852170807613486806879990,218620138892645155286800249901443,287477763180518087286275037723076,887243771386204747508092376253257,600096605536507071488362545356335&printFields=documentID,title,documenttype,renderlink,matchscore,description,contentupdatedate,language,disclosurelevel,store,docsource,documenttypedetails,topics,categorizations&store=docstore,supportagentstore,manualagentstore,manualstore,videostore,processagentstore,udp-content-default&aggregations=producttopics,documenttype,disclosurelevel,countrycode,topissue&spellCheck=3"  	[MsgId: MERR-26608]
Warning: Iteration pacing cannot be reached (pace time = 6.19, actual time = 29.17).	[MsgId: MWAR-15995]
Warning: Iteration pacing cannot be reached (pace time = 6.98, actual time = 7.12).	[MsgId: MWAR-15995]
kaas_DocSearchUDPES_Facets.c(8): Error -26608: HTTP Status-Code=504 (Gateway Timeout) for "https://hx9ekpvvbi.execute-api.us-east-1.amazonaws.com/KaaS-ITG/v2/search?q=HP x2 and x360 Models (Notebook & Tablet) &resultLimit=10&resultStart=0&countryCode=us&languageCode=en&disclosureLevel=696531864679532034919979251200881,47406819852170807613486806879990,218620138892645155286800249901443,287477763180518087286275037723076,887243771386204747508092376253257,600096605536507071488362545356335&printFields=documentID,title,documenttype,renderlink,matchscore,description,contentupdatedate,language,disclosurelevel,store,docsource,documenttypedetails,topics,categorizations&store=docstore,supportagentstore,manualagentstore,manualstore,videostore,processagentstore,udp-content-default&aggregations=producttopics,documenttype,disclosurelevel,countrycode,topissue&spellCheck=3"  	[MsgId: MERR-26608]
Warning: Iteration pacing cannot be reached (pace time = 6.06, actual time = 29.04).	[MsgId: MWAR-15995]
kaas_DocSearchUDPES_Facets.c(8): Error -26608: HTTP Status-Code=504 (Gateway Timeout) for "https://hx9ekpvvbi.execute-api.us-east-1.amazonaws.com/KaaS-ITG/v2/search?q=Software & apps &resultLimit=10&resultStart=0&countryCode=us&languageCode=en&disclosureLevel=696531864679532034919979251200881,47406819852170807613486806879990,218620138892645155286800249901443,287477763180518087286275037723076,887243771386204747508092376253257,600096605536507071488362545356335&printFields=documentID,title,documenttype,renderlink,matchscore,description,contentupdatedate,language,disclosurelevel,store,docsource,documenttypedetails,topics,categorizations&store=docstore,supportagentstore,manualagentstore,manualstore,videostore,processagentstore,udp-content-default&aggregations=producttopics,documenttype,disclosurelevel,countrycode,topissue&spellCheck=3"  	[MsgId: MERR-26608]
Warning: Iteration pacing cannot be reached (pace time = 6.18, actual time = 29.05).	[MsgId: MWAR-15995]
Warning: Iteration pacing cannot be reached (pace time = 6.33, actual time = 9.20).	[MsgId: MWAR-15995]
Warning: Iteration pacing cannot be reached (pace time = 6.52, actual time = 15.27).	[MsgId: MWAR-15995]
Warning: Iteration pacing cannot be reached (pace time = 6.23, actual time = 8.99).	[MsgId: MWAR-15995]
Warning: Iteration pacing cannot be reached (pace time = 6.15, actual time = 7.57).	[MsgId: MWAR-15995]
Warning: Iteration pacing cannot be reached (pace time = 6.82, actual time = 11.06).	[MsgId: MWAR-15995]
Warning: Iteration pacing cannot be reached (pace time = 6.16, actual time = 6.72).	[MsgId: MWAR-15995]
kaas_DocSearchUDPES_Facets.c(8): Error -26608: HTTP Status-Code=504 (Gateway Timeout) for "https://hx9ekpvvbi.execute-api.us-east-1.amazonaws.com/KaaS-ITG/v2/search?q=HP Officejet Printer Models 6000 to 9999 &resultLimit=10&resultStart=0&countryCode=us&languageCode=en&disclosureLevel=696531864679532034919979251200881,47406819852170807613486806879990,218620138892645155286800249901443,287477763180518087286275037723076,887243771386204747508092376253257,600096605536507071488362545356335&printFields=documentID,title,documenttype,renderlink,matchscore,description,contentupdatedate,language,disclosurelevel,store,docsource,documenttypedetails,topics,categorizations&store=docstore,supportagentstore,manualagentstore,manualstore,videostore,processagentstore,udp-content-default&aggregations=producttopics,documenttype,disclosurelevel,countrycode,topissue&spellCheck=3"  	[MsgId: MERR-26608]
Warning: Iteration pacing cannot be reached (pace time = 6.40, actual time = 29.06).	[MsgId: MWAR-15995]
Warning: Iteration pacing cannot be reached (pace time = 6.09, actual time = 6.34).	[MsgId: MWAR-15995]
Warning: Iteration pacing cannot be reached (pace time = 6.76, actual time = 11.11).	[MsgId: MWAR-15995]
Warning: Iteration pacing cannot be reached (pace time = 6.98, actual time = 7.36).	[MsgId: MWAR-15995]
Warning: Iteration pacing cannot be reached (pace time = 6.59, actual time = 10.25).	[MsgId: MWAR-15995]
