Warning: Iteration pacing cannot be reached (pace time = 8.00, actual time = 19.72).	[MsgId: MWAR-15995]
kaas_DocSearchHPES_Doc_without_Products.c(8): Continuing after Error -26608: HTTP Status-Code=504 (Gateway Timeout) for "https://hx9ekpvvbi.execute-api.us-east-1.amazonaws.com/KaaS-ITG/v2/search?q=Game controller remote control use &resultLimit=10&resultStart=0&countryCode=162089707212699946554652&languageCode=en&disclosureLevel=696531864679532034919979251200881&printFields=documentID,title,documenttype,renderlink,matchscore,description,contentupdatedate,language,disclosurelevel,store,docsource,documenttypedetails,topics,categorizations&store=docstore,manualstore,supportagentstore,manualagentstore,processagentstore,videostore,udp-content-default,sdlmanualstore&marginPercentage=65&cssMax=100&marginCssPercentage=23"  	[MsgId: MERR-26608]
Warning: Iteration pacing cannot be reached (pace time = 8.00, actual time = 29.04).	[MsgId: MWAR-15995]
Warning: Iteration pacing cannot be reached (pace time = 8.00, actual time = 27.13).	[MsgId: MWAR-15995]
Warning: Iteration pacing cannot be reached (pace time = 8.00, actual time = 20.06).	[MsgId: MWAR-15995]
Warning: Iteration pacing cannot be reached (pace time = 8.00, actual time = 15.88).	[MsgId: MWAR-15995]
Warning: Iteration pacing cannot be reached (pace time = 8.00, actual time = 13.87).	[MsgId: MWAR-15995]
Warning: Iteration pacing cannot be reached (pace time = 8.00, actual time = 16.27).	[MsgId: MWAR-15995]
kaas_DocSearchHPES_Doc_without_Products.c(8): Continuing after Error -26608: HTTP Status-Code=504 (Gateway Timeout) for "https://hx9ekpvvbi.execute-api.us-east-1.amazonaws.com/KaaS-ITG/v2/search?q=Adding replacing PC hardware &resultLimit=10&resultStart=0&countryCode=162089707212699946554652&languageCode=en&disclosureLevel=696531864679532034919979251200881&printFields=documentID,title,documenttype,renderlink,matchscore,description,contentupdatedate,language,disclosurelevel,store,docsource,documenttypedetails,topics,categorizations&store=docstore,manualstore,supportagentstore,manualagentstore,processagentstore,videostore,udp-content-default,sdlmanualstore&marginPercentage=65&cssMax=100&marginCssPercentage=23"  	[MsgId: MERR-26608]
Warning: Iteration pacing cannot be reached (pace time = 8.00, actual time = 29.04).	[MsgId: MWAR-15995]
kaas_DocSearchHPES_Doc_without_Products.c(8): Continuing after Error -26608: HTTP Status-Code=504 (Gateway Timeout) for "https://hx9ekpvvbi.execute-api.us-east-1.amazonaws.com/KaaS-ITG/v2/search?q=Install uninstall software &resultLimit=10&resultStart=0&countryCode=138006470606184648281649&languageCode=en&disclosureLevel=696531864679532034919979251200881&printFields=documentID,title,documenttype,renderlink,matchscore,description,contentupdatedate,language,disclosurelevel,store,docsource,documenttypedetails,topics,categorizations&store=docstore,manualstore,supportagentstore,manualagentstore,processagentstore,videostore,udp-content-default,sdlmanualstore&marginPercentage=65&cssMax=100&marginCssPercentage=23"  	[MsgId: MERR-26608]
Warning: Iteration pacing cannot be reached (pace time = 8.00, actual time = 29.04).	[MsgId: MWAR-15995]
kaas_DocSearchHPES_Doc_without_Products.c(8): Continuing after Error -26608: HTTP Status-Code=504 (Gateway Timeout) for "https://hx9ekpvvbi.execute-api.us-east-1.amazonaws.com/KaaS-ITG/v2/search?q=bios &resultLimit=10&resultStart=0&countryCode=162089707212699946554652&languageCode=en&disclosureLevel=696531864679532034919979251200881&printFields=documentID,title,documenttype,renderlink,matchscore,description,contentupdatedate,language,disclosurelevel,store,docsource,documenttypedetails,topics,categorizations&store=docstore,manualstore,supportagentstore,manualagentstore,processagentstore,videostore,udp-content-default,sdlmanualstore&marginPercentage=65&cssMax=100&marginCssPercentage=23"  	[MsgId: MERR-26608]
Warning: Iteration pacing cannot be reached (pace time = 8.00, actual time = 29.04).	[MsgId: MWAR-15995]
Warning: Iteration pacing cannot be reached (pace time = 8.00, actual time = 8.29).	[MsgId: MWAR-15995]
Warning: Iteration pacing cannot be reached (pace time = 8.00, actual time = 11.80).	[MsgId: MWAR-15995]
Warning: Iteration pacing cannot be reached (pace time = 8.00, actual time = 16.09).	[MsgId: MWAR-15995]
Warning: Iteration pacing cannot be reached (pace time = 8.00, actual time = 28.86).	[MsgId: MWAR-15995]
Warning: Iteration pacing cannot be reached (pace time = 8.00, actual time = 21.14).	[MsgId: MWAR-15995]
Warning: Iteration pacing cannot be reached (pace time = 8.00, actual time = 23.07).	[MsgId: MWAR-15995]
Warning: Iteration pacing cannot be reached (pace time = 8.00, actual time = 24.77).	[MsgId: MWAR-15995]
Warning: Iteration pacing cannot be reached (pace time = 8.00, actual time = 17.98).	[MsgId: MWAR-15995]
Warning: Iteration pacing cannot be reached (pace time = 8.00, actual time = 10.44).	[MsgId: MWAR-15995]
Warning: Iteration pacing cannot be reached (pace time = 8.00, actual time = 19.59).	[MsgId: MWAR-15995]
Warning: Iteration pacing cannot be reached (pace time = 8.00, actual time = 11.24).	[MsgId: MWAR-15995]
Warning: Iteration pacing cannot be reached (pace time = 8.00, actual time = 12.54).	[MsgId: MWAR-15995]
Warning: Iteration pacing cannot be reached (pace time = 8.00, actual time = 21.97).	[MsgId: MWAR-15995]
Warning: Iteration pacing cannot be reached (pace time = 8.00, actual time = 18.00).	[MsgId: MWAR-15995]
Warning: Iteration pacing cannot be reached (pace time = 8.00, actual time = 19.60).	[MsgId: MWAR-15995]
Warning: Iteration pacing cannot be reached (pace time = 8.00, actual time = 8.23).	[MsgId: MWAR-15995]
Warning: Iteration pacing cannot be reached (pace time = 8.00, actual time = 18.20).	[MsgId: MWAR-15995]
Warning: Iteration pacing cannot be reached (pace time = 8.00, actual time = 8.08).	[MsgId: MWAR-15995]
Warning: Iteration pacing cannot be reached (pace time = 8.00, actual time = 13.88).	[MsgId: MWAR-15995]
Warning: Iteration pacing cannot be reached (pace time = 8.00, actual time = 8.35).	[MsgId: MWAR-15995]
Warning: Iteration pacing cannot be reached (pace time = 8.00, actual time = 9.02).	[MsgId: MWAR-15995]
Warning: Iteration pacing cannot be reached (pace time = 8.00, actual time = 18.16).	[MsgId: MWAR-15995]
Warning: Iteration pacing cannot be reached (pace time = 8.00, actual time = 13.06).	[MsgId: MWAR-15995]
Warning: Iteration pacing cannot be reached (pace time = 8.00, actual time = 14.38).	[MsgId: MWAR-15995]
Warning: Iteration pacing cannot be reached (pace time = 8.00, actual time = 16.19).	[MsgId: MWAR-15995]
kaas_DocSearchHPES_Doc_Categories.c(8): Continuing after Error -26608: HTTP Status-Code=504 (Gateway Timeout) for "https://hx9ekpvvbi.execute-api.us-east-1.amazonaws.com/KaaS-ITG/v2/search?q=PC&resultLimit=20&resultStart=0&languageCode=en&countryCode=124207546664869136376565&store=docstore,manualstore,supportagentstore,manualagentstore,processagentstore,videostore,udp-content-default,sdlmanualstore&filters=(class:(pm_series_value%5E1.5%20OR%20pm_name_value%20OR%20pm_number_value)%20AND%20contenttype:Product%20AND%20historicalwebsupportflag:(no)%20AND%20navigationpath:(218999353636529622426797829401137))&clientId=WCC,marginPercentage=65&cssMax=100&marginCssPercentage=23"  	[MsgId: MERR-26608]
Warning: Iteration pacing cannot be reached (pace time = 8.00, actual time = 29.04).	[MsgId: MWAR-15995]
Warning: Iteration pacing cannot be reached (pace time = 8.00, actual time = 24.11).	[MsgId: MWAR-15995]
kaas_DocSearchHPES_Doc_without_Products.c(8): Continuing after Error -26608: HTTP Status-Code=504 (Gateway Timeout) for "https://hx9ekpvvbi.execute-api.us-east-1.amazonaws.com/KaaS-ITG/v2/search?q=Monitor display panel TV &resultLimit=10&resultStart=0&countryCode=156453662985778051924293&languageCode=en&disclosureLevel=696531864679532034919979251200881&printFields=documentID,title,documenttype,renderlink,matchscore,description,contentupdatedate,language,disclosurelevel,store,docsource,documenttypedetails,topics,categorizations&store=docstore,manualstore,supportagentstore,manualagentstore,processagentstore,videostore,udp-content-default,sdlmanualstore&marginPercentage=65&cssMax=100&marginCssPercentage=23"  	[MsgId: MERR-26608]
Warning: Iteration pacing cannot be reached (pace time = 8.00, actual time = 29.04).	[MsgId: MWAR-15995]
kaas_DocSearchHPES_Doc_without_Products.c(8): Continuing after Error -26608: HTTP Status-Code=504 (Gateway Timeout) for "https://hx9ekpvvbi.execute-api.us-east-1.amazonaws.com/KaaS-ITG/v2/search?q=driver &resultLimit=10&resultStart=0&countryCode=162089707212699946554652&languageCode=en&disclosureLevel=696531864679532034919979251200881&printFields=documentID,title,documenttype,renderlink,matchscore,description,contentupdatedate,language,disclosurelevel,store,docsource,documenttypedetails,topics,categorizations&store=docstore,manualstore,supportagentstore,manualagentstore,processagentstore,videostore,udp-content-default,sdlmanualstore&marginPercentage=65&cssMax=100&marginCssPercentage=23"  	[MsgId: MERR-26608]
Warning: Iteration pacing cannot be reached (pace time = 8.00, actual time = 29.04).	[MsgId: MWAR-15995]
kaas_DocSearchHPES_Doc_Categories.c(8): Continuing after Error -26608: HTTP Status-Code=504 (Gateway Timeout) for "https://hx9ekpvvbi.execute-api.us-east-1.amazonaws.com/KaaS-ITG/v2/search?q=Desktop&resultLimit=20&resultStart=0&languageCode=en&countryCode=189374230110721325389245&store=docstore,manualstore,supportagentstore,manualagentstore,processagentstore,videostore,udp-content-default,sdlmanualstore&filters=(class:(pm_series_value%5E1.5%20OR%20pm_name_value%20OR%20pm_number_value)%20AND%20contenttype:Product%20AND%20historicalwebsupportflag:(no)%20AND%20navigationpath:(218999353636529622426797829401137))&clientId=WCC,marginPercentage=65&cssMax=100&marginCssPercentage=23"  	[MsgId: MERR-26608]
Warning: Iteration pacing cannot be reached (pace time = 8.00, actual time = 29.04).	[MsgId: MWAR-15995]
kaas_DocSearchHPES_Doc_Categories.c(8): Continuing after Error -26608: HTTP Status-Code=504 (Gateway Timeout) for "https://hx9ekpvvbi.execute-api.us-east-1.amazonaws.com/KaaS-ITG/v2/search?q=All-in-One&resultLimit=20&resultStart=0&languageCode=en&countryCode=162089707212699946554652&store=docstore,manualstore,supportagentstore,manualagentstore,processagentstore,videostore,udp-content-default,sdlmanualstore&filters=(class:(pm_series_value%5E1.5%20OR%20pm_name_value%20OR%20pm_number_value)%20AND%20contenttype:Product%20AND%20historicalwebsupportflag:(no)%20AND%20navigationpath:(218999353636529622426797829401137))&clientId=WCC,marginPercentage=65&cssMax=100&marginCssPercentage=23"  	[MsgId: MERR-26608]
Warning: Iteration pacing cannot be reached (pace time = 8.00, actual time = 29.04).	[MsgId: MWAR-15995]
kaas_DocSearchHPES_Doc_Categories.c(8): Continuing after Error -26608: HTTP Status-Code=504 (Gateway Timeout) for "https://hx9ekpvvbi.execute-api.us-east-1.amazonaws.com/KaaS-ITG/v2/search?q=Pavilion&resultLimit=20&resultStart=0&languageCode=en&countryCode=162089707212699946554652&store=docstore,manualstore,supportagentstore,manualagentstore,processagentstore,videostore,udp-content-default,sdlmanualstore&filters=(class:(pm_series_value%5E1.5%20OR%20pm_name_value%20OR%20pm_number_value)%20AND%20contenttype:Product%20AND%20historicalwebsupportflag:(no)%20AND%20navigationpath:(268161584258236861743175748903686))&clientId=WCC,marginPercentage=65&cssMax=100&marginCssPercentage=23"  	[MsgId: MERR-26608]
Warning: Iteration pacing cannot be reached (pace time = 8.00, actual time = 29.04).	[MsgId: MWAR-15995]
Warning: Iteration pacing cannot be reached (pace time = 8.00, actual time = 10.99).	[MsgId: MWAR-15995]
kaas_DocSearchHPES_Doc_without_Products.c(8): Continuing after Error -26608: HTTP Status-Code=504 (Gateway Timeout) for "https://hx9ekpvvbi.execute-api.us-east-1.amazonaws.com/KaaS-ITG/v2/search?q=Print &resultLimit=10&resultStart=0&countryCode=162089707212699946554652&languageCode=en&disclosureLevel=696531864679532034919979251200881&printFields=documentID,title,documenttype,renderlink,matchscore,description,contentupdatedate,language,disclosurelevel,store,docsource,documenttypedetails,topics,categorizations&store=docstore,manualstore,supportagentstore,manualagentstore,processagentstore,videostore,udp-content-default,sdlmanualstore&marginPercentage=65&cssMax=100&marginCssPercentage=23"  	[MsgId: MERR-26608]
Warning: Iteration pacing cannot be reached (pace time = 8.00, actual time = 29.04).	[MsgId: MWAR-15995]
Warning: Iteration pacing cannot be reached (pace time = 8.00, actual time = 16.18).	[MsgId: MWAR-15995]
kaas_DocSearchHPES_Doc_Categories.c(8): Continuing after Error -26608: HTTP Status-Code=504 (Gateway Timeout) for "https://hx9ekpvvbi.execute-api.us-east-1.amazonaws.com/KaaS-ITG/v2/search?q=TouchSmart&resultLimit=20&resultStart=0&languageCode=en&countryCode=162089707212699946554652&store=docstore,manualstore,supportagentstore,manualagentstore,processagentstore,videostore,udp-content-default,sdlmanualstore&filters=(class:(pm_series_value%5E1.5%20OR%20pm_name_value%20OR%20pm_number_value)%20AND%20contenttype:Product%20AND%20historicalwebsupportflag:(no)%20AND%20navigationpath:(218999353636529622426797829401137))&clientId=WCC,marginPercentage=65&cssMax=100&marginCssPercentage=23"  	[MsgId: MERR-26608]
Warning: Iteration pacing cannot be reached (pace time = 8.00, actual time = 29.04).	[MsgId: MWAR-15995]
kaas_DocSearchHPES_Doc_Categories.c(8): Continuing after Error -26608: HTTP Status-Code=504 (Gateway Timeout) for "https://hx9ekpvvbi.execute-api.us-east-1.amazonaws.com/KaaS-ITG/v2/search?q=All-in-One&resultLimit=20&resultStart=0&languageCode=en&countryCode=162089707212699946554652&store=docstore,manualstore,supportagentstore,manualagentstore,processagentstore,videostore,udp-content-default,sdlmanualstore&filters=(class:(pm_series_value%5E1.5%20OR%20pm_name_value%20OR%20pm_number_value)%20AND%20contenttype:Product%20AND%20historicalwebsupportflag:(no)%20AND%20navigationpath:(218999353636529622426797829401137))&clientId=WCC,marginPercentage=65&cssMax=100&marginCssPercentage=23"  	[MsgId: MERR-26608]
Warning: Iteration pacing cannot be reached (pace time = 8.00, actual time = 29.04).	[MsgId: MWAR-15995]
Warning: Iteration pacing cannot be reached (pace time = 8.00, actual time = 27.56).	[MsgId: MWAR-15995]
Warning: Iteration pacing cannot be reached (pace time = 8.00, actual time = 10.49).	[MsgId: MWAR-15995]
Warning: Iteration pacing cannot be reached (pace time = 8.00, actual time = 8.22).	[MsgId: MWAR-15995]
Warning: Iteration pacing cannot be reached (pace time = 8.00, actual time = 8.70).	[MsgId: MWAR-15995]
Warning: Iteration pacing cannot be reached (pace time = 8.00, actual time = 18.85).	[MsgId: MWAR-15995]
Warning: Iteration pacing cannot be reached (pace time = 8.00, actual time = 19.48).	[MsgId: MWAR-15995]
Warning: Iteration pacing cannot be reached (pace time = 8.00, actual time = 21.06).	[MsgId: MWAR-15995]
Warning: Iteration pacing cannot be reached (pace time = 8.00, actual time = 19.88).	[MsgId: MWAR-15995]
kaas_DocSearchHPES_Doc_without_Products.c(8): Continuing after Error -26608: HTTP Status-Code=504 (Gateway Timeout) for "https://hx9ekpvvbi.execute-api.us-east-1.amazonaws.com/KaaS-ITG/v2/search?q=wifi &resultLimit=10&resultStart=0&countryCode=68385725843579960259475&languageCode=en&disclosureLevel=696531864679532034919979251200881&printFields=documentID,title,documenttype,renderlink,matchscore,description,contentupdatedate,language,disclosurelevel,store,docsource,documenttypedetails,topics,categorizations&store=docstore,manualstore,supportagentstore,manualagentstore,processagentstore,videostore,udp-content-default,sdlmanualstore&marginPercentage=65&cssMax=100&marginCssPercentage=23"  	[MsgId: MERR-26608]
Warning: Iteration pacing cannot be reached (pace time = 8.00, actual time = 29.04).	[MsgId: MWAR-15995]
Warning: Iteration pacing cannot be reached (pace time = 8.00, actual time = 22.44).	[MsgId: MWAR-15995]
Warning: Iteration pacing cannot be reached (pace time = 8.00, actual time = 23.75).	[MsgId: MWAR-15995]
Warning: Iteration pacing cannot be reached (pace time = 8.00, actual time = 20.20).	[MsgId: MWAR-15995]
Warning: Iteration pacing cannot be reached (pace time = 8.00, actual time = 11.72).	[MsgId: MWAR-15995]
Warning: Iteration pacing cannot be reached (pace time = 8.00, actual time = 8.14).	[MsgId: MWAR-15995]
Warning: Iteration pacing cannot be reached (pace time = 8.00, actual time = 15.16).	[MsgId: MWAR-15995]
Warning: Iteration pacing cannot be reached (pace time = 8.00, actual time = 10.37).	[MsgId: MWAR-15995]
Warning: Iteration pacing cannot be reached (pace time = 8.00, actual time = 14.78).	[MsgId: MWAR-15995]
Warning: Iteration pacing cannot be reached (pace time = 8.00, actual time = 28.61).	[MsgId: MWAR-15995]
Warning: Iteration pacing cannot be reached (pace time = 8.00, actual time = 23.55).	[MsgId: MWAR-15995]
Warning: Iteration pacing cannot be reached (pace time = 8.00, actual time = 9.31).	[MsgId: MWAR-15995]
kaas_DocSearchHPES_Doc_Categories.c(8): Continuing after Error -26608: HTTP Status-Code=504 (Gateway Timeout) for "https://hx9ekpvvbi.execute-api.us-east-1.amazonaws.com/KaaS-ITG/v2/search?q=Pavilion&resultLimit=20&resultStart=0&languageCode=en&countryCode=162089707212699946554652&store=docstore,manualstore,supportagentstore,manualagentstore,processagentstore,videostore,udp-content-default,sdlmanualstore&filters=(class:(pm_series_value%5E1.5%20OR%20pm_name_value%20OR%20pm_number_value)%20AND%20contenttype:Product%20AND%20historicalwebsupportflag:(no)%20AND%20navigationpath:(268161584258236861743175748903686))&clientId=WCC,marginPercentage=65&cssMax=100&marginCssPercentage=23"  	[MsgId: MERR-26608]
Warning: Iteration pacing cannot be reached (pace time = 8.00, actual time = 29.04).	[MsgId: MWAR-15995]
