kaas_DocSearchHPES_Doc_Categories.c(8): Error -26627: HTTP Status-Code=404 (Not Found) for "https://hx9ekpvvbi.execute-api.us-east-1.amazonaws.com/KaaS-ITG/v2/search?q=TouchSmart&resultLimit=20&resultStart=0&languageCode=en&countryCode=125630411275946264773386&store=docstore,manualstore,supportagentstore,manualagentstore,processagentstore,videostore,udp-content-default,sdlmanualstore&filters=(class:(pm_series_value%5E1.5%20OR%20pm_name_value%20OR%20pm_number_value)%20AND%20contenttype:Product%20AND%20historicalwebsupportflag:(no)%20AND%20navigationpath:(19539216537429048012118866320194))&clientId=WCC,marginPercentage=65&cssMax=100&marginCssPercentage=23"  	[MsgId: MERR-26627]
Warning: Iteration pacing cannot be reached (pace time = 5.20, actual time = 5.62).	[MsgId: MWAR-15995]
Warning: Iteration pacing cannot be reached (pace time = 5.20, actual time = 6.63).	[MsgId: MWAR-15995]
kaas_DocSearchHPES_Doc_without_Products.c(8): Error -26627: HTTP Status-Code=404 (Not Found) for "https://hx9ekpvvbi.execute-api.us-east-1.amazonaws.com/KaaS-ITG/v2/search?q=Install uninstall software &resultLimit=10&resultStart=0&countryCode=162089707212699946554652&languageCode=en&disclosureLevel=696531864679532034919979251200881&printFields=documentID,title,documenttype,renderlink,matchscore,description,contentupdatedate,language,disclosurelevel,store,docsource,documenttypedetails,topics,categorizations&store=docstore,manualstore,supportagentstore,manualagentstore,processagentstore,videostore,udp-content-default,sdlmanualstore&marginPercentage=65&cssMax=100&marginCssPercentage=23"  	[MsgId: MERR-26627]
kaas_DocSearchHPES_Doc_Categories.c(8): Error -26627: HTTP Status-Code=404 (Not Found) for "https://hx9ekpvvbi.execute-api.us-east-1.amazonaws.com/KaaS-ITG/v2/search?q=All-in-One&resultLimit=20&resultStart=0&languageCode=en&countryCode=52351307370956519273512&store=docstore,manualstore,supportagentstore,manualagentstore,processagentstore,videostore,udp-content-default,sdlmanualstore&filters=(class:(pm_series_value%5E1.5%20OR%20pm_name_value%20OR%20pm_number_value)%20AND%20contenttype:Product%20AND%20historicalwebsupportflag:(no)%20AND%20navigationpath:(218999353636529622426797829401137))&clientId=WCC,marginPercentage=65&cssMax=100&marginCssPercentage=23"  	[MsgId: MERR-26627]
kaas_DocSearchHPES_Doc_without_Products.c(8): Error -26627: HTTP Status-Code=404 (Not Found) for "https://hx9ekpvvbi.execute-api.us-east-1.amazonaws.com/KaaS-ITG/v2/search?q=Transfer synchronize data &resultLimit=10&resultStart=0&countryCode=16777495185917568727983&languageCode=en&disclosureLevel=696531864679532034919979251200881&printFields=documentID,title,documenttype,renderlink,matchscore,description,contentupdatedate,language,disclosurelevel,store,docsource,documenttypedetails,topics,categorizations&store=docstore,manualstore,supportagentstore,manualagentstore,processagentstore,videostore,udp-content-default,sdlmanualstore&marginPercentage=65&cssMax=100&marginCssPercentage=23"  	[MsgId: MERR-26627]
kaas_DocSearchHPES_Doc_Categories.c(8): Error -26627: HTTP Status-Code=404 (Not Found) for "https://hx9ekpvvbi.execute-api.us-east-1.amazonaws.com/KaaS-ITG/v2/search?q=Photosmart&resultLimit=20&resultStart=0&languageCode=en&countryCode=162089707212699946554652&store=docstore,manualstore,supportagentstore,manualagentstore,processagentstore,videostore,udp-content-default,sdlmanualstore&filters=(class:(pm_series_value%5E1.5%20OR%20pm_name_value%20OR%20pm_number_value)%20AND%20contenttype:Product%20AND%20historicalwebsupportflag:(no)%20AND%20navigationpath:(268161584258236861743175748903686))&clientId=WCC,marginPercentage=65&cssMax=100&marginCssPercentage=23"  	[MsgId: MERR-26627]
kaas_DocSearchHPES_Doc_Categories.c(8): Error -26627: HTTP Status-Code=404 (Not Found) for "https://hx9ekpvvbi.execute-api.us-east-1.amazonaws.com/KaaS-ITG/v2/search?q=Pavilion&resultLimit=20&resultStart=0&languageCode=en&countryCode=156453662985778051924293&store=docstore,manualstore,supportagentstore,manualagentstore,processagentstore,videostore,udp-content-default,sdlmanualstore&filters=(class:(pm_series_value%5E1.5%20OR%20pm_name_value%20OR%20pm_number_value)%20AND%20contenttype:Product%20AND%20historicalwebsupportflag:(no)%20AND%20navigationpath:(218999353636529622426797829401137))&clientId=WCC,marginPercentage=65&cssMax=100&marginCssPercentage=23"  	[MsgId: MERR-26627]
Warning: Iteration pacing cannot be reached (pace time = 5.20, actual time = 6.47).	[MsgId: MWAR-15995]
Warning: Iteration pacing cannot be reached (pace time = 5.20, actual time = 5.32).	[MsgId: MWAR-15995]
Warning: Iteration pacing cannot be reached (pace time = 5.20, actual time = 6.52).	[MsgId: MWAR-15995]
Warning: Iteration pacing cannot be reached (pace time = 5.20, actual time = 6.07).	[MsgId: MWAR-15995]
Warning: Iteration pacing cannot be reached (pace time = 5.20, actual time = 5.34).	[MsgId: MWAR-15995]
kaas_DocSearchHPES_Doc_without_Products.c(8): Error -26627: HTTP Status-Code=404 (Not Found) for "https://hx9ekpvvbi.execute-api.us-east-1.amazonaws.com/KaaS-ITG/v2/search?q=Hard drive &resultLimit=10&resultStart=0&countryCode=70679159253455255018841&languageCode=en&disclosureLevel=696531864679532034919979251200881&printFields=documentID,title,documenttype,renderlink,matchscore,description,contentupdatedate,language,disclosurelevel,store,docsource,documenttypedetails,topics,categorizations&store=docstore,manualstore,supportagentstore,manualagentstore,processagentstore,videostore,udp-content-default,sdlmanualstore&marginPercentage=65&cssMax=100&marginCssPercentage=23"  	[MsgId: MERR-26627]
kaas_DocSearchHPES_Doc_Categories.c(8): Error -26627: HTTP Status-Code=404 (Not Found) for "https://hx9ekpvvbi.execute-api.us-east-1.amazonaws.com/KaaS-ITG/v2/search?q=TouchSmart&resultLimit=20&resultStart=0&languageCode=en&countryCode=162089707212699946554652&store=docstore,manualstore,supportagentstore,manualagentstore,processagentstore,videostore,udp-content-default,sdlmanualstore&filters=(class:(pm_series_value%5E1.5%20OR%20pm_name_value%20OR%20pm_number_value)%20AND%20contenttype:Product%20AND%20historicalwebsupportflag:(no)%20AND%20navigationpath:(19539216537429048012118866320194))&clientId=WCC,marginPercentage=65&cssMax=100&marginCssPercentage=23"  	[MsgId: MERR-26627]
kaas_DocSearchHPES_Doc_without_Products.c(8): Error -26627: HTTP Status-Code=404 (Not Found) for "https://hx9ekpvvbi.execute-api.us-east-1.amazonaws.com/KaaS-ITG/v2/search?q=Clean & physically maintain &resultLimit=10&resultStart=0&countryCode=162089707212699946554652&languageCode=en&disclosureLevel=696531864679532034919979251200881&printFields=documentID,title,documenttype,renderlink,matchscore,description,contentupdatedate,language,disclosurelevel,store,docsource,documenttypedetails,topics,categorizations&store=docstore,manualstore,supportagentstore,manualagentstore,processagentstore,videostore,udp-content-default,sdlmanualstore&marginPercentage=65&cssMax=100&marginCssPercentage=23"  	[MsgId: MERR-26627]
kaas_DocSearchHPES_Doc_Categories.c(8): Error -26627: HTTP Status-Code=404 (Not Found) for "https://hx9ekpvvbi.execute-api.us-east-1.amazonaws.com/KaaS-ITG/v2/search?q=All-in-One&resultLimit=20&resultStart=0&languageCode=en&countryCode=162089707212699946554652&store=docstore,manualstore,supportagentstore,manualagentstore,processagentstore,videostore,udp-content-default,sdlmanualstore&filters=(class:(pm_series_value%5E1.5%20OR%20pm_name_value%20OR%20pm_number_value)%20AND%20contenttype:Product%20AND%20historicalwebsupportflag:(no)%20AND%20navigationpath:(218999353636529622426797829401137))&clientId=WCC,marginPercentage=65&cssMax=100&marginCssPercentage=23"  	[MsgId: MERR-26627]
Warning: Iteration pacing cannot be reached (pace time = 5.20, actual time = 5.95).	[MsgId: MWAR-15995]
Warning: Iteration pacing cannot be reached (pace time = 5.20, actual time = 5.89).	[MsgId: MWAR-15995]
Warning: Iteration pacing cannot be reached (pace time = 5.20, actual time = 6.60).	[MsgId: MWAR-15995]
kaas_DocSearchHPES_Doc_Categories.c(8): Error -26627: HTTP Status-Code=404 (Not Found) for "https://hx9ekpvvbi.execute-api.us-east-1.amazonaws.com/KaaS-ITG/v2/search?q=All-in-One&resultLimit=20&resultStart=0&languageCode=en&countryCode=174302957841610538528932&store=docstore,manualstore,supportagentstore,manualagentstore,processagentstore,videostore,udp-content-default,sdlmanualstore&filters=(class:(pm_series_value%5E1.5%20OR%20pm_name_value%20OR%20pm_number_value)%20AND%20contenttype:Product%20AND%20historicalwebsupportflag:(no)%20AND%20navigationpath:(218999353636529622426797829401137))&clientId=WCC,marginPercentage=65&cssMax=100&marginCssPercentage=23"  	[MsgId: MERR-26627]
Warning: Iteration pacing cannot be reached (pace time = 5.20, actual time = 5.99).	[MsgId: MWAR-15995]
Warning: Iteration pacing cannot be reached (pace time = 5.20, actual time = 5.81).	[MsgId: MWAR-15995]
kaas_DocSearchHPES_Doc_Categories.c(8): Error -26627: HTTP Status-Code=404 (Not Found) for "https://hx9ekpvvbi.execute-api.us-east-1.amazonaws.com/KaaS-ITG/v2/search?q=Notebook&resultLimit=20&resultStart=0&languageCode=en&countryCode=18398822416634067153956&store=docstore,manualstore,supportagentstore,manualagentstore,processagentstore,videostore,udp-content-default,sdlmanualstore&filters=(class:(pm_series_value%5E1.5%20OR%20pm_name_value%20OR%20pm_number_value)%20AND%20contenttype:Product%20AND%20historicalwebsupportflag:(no)%20AND%20navigationpath:(19539216537429048012118866320194))&clientId=WCC,marginPercentage=65&cssMax=100&marginCssPercentage=23"  	[MsgId: MERR-26627]
kaas_DocSearchHPES_Doc_Categories.c(8): Error -26627: HTTP Status-Code=404 (Not Found) for "https://hx9ekpvvbi.execute-api.us-east-1.amazonaws.com/KaaS-ITG/v2/search?q=Pavilion&resultLimit=20&resultStart=0&languageCode=en&countryCode=162089707212699946554652&store=docstore,manualstore,supportagentstore,manualagentstore,processagentstore,videostore,udp-content-default,sdlmanualstore&filters=(class:(pm_series_value%5E1.5%20OR%20pm_name_value%20OR%20pm_number_value)%20AND%20contenttype:Product%20AND%20historicalwebsupportflag:(no)%20AND%20navigationpath:(268161584258236861743175748903686))&clientId=WCC,marginPercentage=65&cssMax=100&marginCssPercentage=23"  	[MsgId: MERR-26627]
Warning: Iteration pacing cannot be reached (pace time = 5.20, actual time = 5.74).	[MsgId: MWAR-15995]
Warning: Iteration pacing cannot be reached (pace time = 5.20, actual time = 5.43).	[MsgId: MWAR-15995]
Warning: Iteration pacing cannot be reached (pace time = 5.20, actual time = 5.83).	[MsgId: MWAR-15995]
kaas_DocSearchHPES_Doc_without_Products.c(8): Error -26627: HTTP Status-Code=404 (Not Found) for "https://hx9ekpvvbi.execute-api.us-east-1.amazonaws.com/KaaS-ITG/v2/search?q=Power & battery &resultLimit=10&resultStart=0&countryCode=162089707212699946554652&languageCode=en&disclosureLevel=696531864679532034919979251200881&printFields=documentID,title,documenttype,renderlink,matchscore,description,contentupdatedate,language,disclosurelevel,store,docsource,documenttypedetails,topics,categorizations&store=docstore,manualstore,supportagentstore,manualagentstore,processagentstore,videostore,udp-content-default,sdlmanualstore&marginPercentage=65&cssMax=100&marginCssPercentage=23"  	[MsgId: MERR-26627]
Warning: Iteration pacing cannot be reached (pace time = 5.20, actual time = 5.42).	[MsgId: MWAR-15995]
Warning: Iteration pacing cannot be reached (pace time = 5.20, actual time = 5.75).	[MsgId: MWAR-15995]
Warning: Iteration pacing cannot be reached (pace time = 5.20, actual time = 5.63).	[MsgId: MWAR-15995]
kaas_DocSearchHPES_Doc_Categories.c(8): Error -26627: HTTP Status-Code=404 (Not Found) for "https://hx9ekpvvbi.execute-api.us-east-1.amazonaws.com/KaaS-ITG/v2/search?q=Notebook&resultLimit=20&resultStart=0&languageCode=en&countryCode=162089707212699946554652&store=docstore,manualstore,supportagentstore,manualagentstore,processagentstore,videostore,udp-content-default,sdlmanualstore&filters=(class:(pm_series_value%5E1.5%20OR%20pm_name_value%20OR%20pm_number_value)%20AND%20contenttype:Product%20AND%20historicalwebsupportflag:(no)%20AND%20navigationpath:(19539216537429048012118866320194))&clientId=WCC,marginPercentage=65&cssMax=100&marginCssPercentage=23"  	[MsgId: MERR-26627]
kaas_DocSearchHPES_Doc_without_Products.c(8): Error -26627: HTTP Status-Code=404 (Not Found) for "https://hx9ekpvvbi.execute-api.us-east-1.amazonaws.com/KaaS-ITG/v2/search?q=Fax &resultLimit=10&resultStart=0&countryCode=162089707212699946554652&languageCode=en&disclosureLevel=696531864679532034919979251200881&printFields=documentID,title,documenttype,renderlink,matchscore,description,contentupdatedate,language,disclosurelevel,store,docsource,documenttypedetails,topics,categorizations&store=docstore,manualstore,supportagentstore,manualagentstore,processagentstore,videostore,udp-content-default,sdlmanualstore&marginPercentage=65&cssMax=100&marginCssPercentage=23"  	[MsgId: MERR-26627]
kaas_DocSearchHPES_Doc_Categories.c(8): Error -26627: HTTP Status-Code=404 (Not Found) for "https://hx9ekpvvbi.execute-api.us-east-1.amazonaws.com/KaaS-ITG/v2/search?q=PC&resultLimit=20&resultStart=0&languageCode=en&countryCode=1707346174769429659512&store=docstore,manualstore,supportagentstore,manualagentstore,processagentstore,videostore,udp-content-default,sdlmanualstore&filters=(class:(pm_series_value%5E1.5%20OR%20pm_name_value%20OR%20pm_number_value)%20AND%20contenttype:Product%20AND%20historicalwebsupportflag:(no)%20AND%20navigationpath:(218999353636529622426797829401137))&clientId=WCC,marginPercentage=65&cssMax=100&marginCssPercentage=23"  	[MsgId: MERR-26627]
Warning: Iteration pacing cannot be reached (pace time = 5.20, actual time = 6.73).	[MsgId: MWAR-15995]
Warning: Iteration pacing cannot be reached (pace time = 5.20, actual time = 5.31).	[MsgId: MWAR-15995]
Warning: Iteration pacing cannot be reached (pace time = 5.20, actual time = 6.29).	[MsgId: MWAR-15995]
Warning: Iteration pacing cannot be reached (pace time = 5.20, actual time = 7.18).	[MsgId: MWAR-15995]
Warning: Iteration pacing cannot be reached (pace time = 5.20, actual time = 5.43).	[MsgId: MWAR-15995]
Warning: Iteration pacing cannot be reached (pace time = 5.20, actual time = 7.96).	[MsgId: MWAR-15995]
Warning: Iteration pacing cannot be reached (pace time = 5.20, actual time = 7.72).	[MsgId: MWAR-15995]
Warning: Iteration pacing cannot be reached (pace time = 5.20, actual time = 6.60).	[MsgId: MWAR-15995]
Warning: Iteration pacing cannot be reached (pace time = 5.20, actual time = 5.45).	[MsgId: MWAR-15995]
kaas_DocSearchHPES_Doc_without_Products.c(8): Error -26627: HTTP Status-Code=404 (Not Found) for "https://hx9ekpvvbi.execute-api.us-east-1.amazonaws.com/KaaS-ITG/v2/search?q=Calculator use &resultLimit=10&resultStart=0&countryCode=137916068156969096891810&languageCode=en&disclosureLevel=696531864679532034919979251200881&printFields=documentID,title,documenttype,renderlink,matchscore,description,contentupdatedate,language,disclosurelevel,store,docsource,documenttypedetails,topics,categorizations&store=docstore,manualstore,supportagentstore,manualagentstore,processagentstore,videostore,udp-content-default,sdlmanualstore&marginPercentage=65&cssMax=100&marginCssPercentage=23"  	[MsgId: MERR-26627]
Warning: Iteration pacing cannot be reached (pace time = 5.20, actual time = 5.35).	[MsgId: MWAR-15995]
Warning: Iteration pacing cannot be reached (pace time = 5.20, actual time = 6.37).	[MsgId: MWAR-15995]
Warning: Iteration pacing cannot be reached (pace time = 5.20, actual time = 5.64).	[MsgId: MWAR-15995]
Warning: Iteration pacing cannot be reached (pace time = 5.20, actual time = 5.37).	[MsgId: MWAR-15995]
Warning: Iteration pacing cannot be reached (pace time = 5.20, actual time = 7.86).	[MsgId: MWAR-15995]
Warning: Iteration pacing cannot be reached (pace time = 5.20, actual time = 5.94).	[MsgId: MWAR-15995]
Warning: Iteration pacing cannot be reached (pace time = 5.20, actual time = 6.25).	[MsgId: MWAR-15995]
Warning: Iteration pacing cannot be reached (pace time = 5.20, actual time = 6.06).	[MsgId: MWAR-15995]
Warning: Iteration pacing cannot be reached (pace time = 5.20, actual time = 6.96).	[MsgId: MWAR-15995]
Warning: Iteration pacing cannot be reached (pace time = 5.20, actual time = 6.79).	[MsgId: MWAR-15995]
kaas_DocSearchHPES_Doc_Categories.c(8): Error -26627: HTTP Status-Code=404 (Not Found) for "https://hx9ekpvvbi.execute-api.us-east-1.amazonaws.com/KaaS-ITG/v2/search?q=PC&resultLimit=20&resultStart=0&languageCode=en&countryCode=162089707212699946554652&store=docstore,manualstore,supportagentstore,manualagentstore,processagentstore,videostore,udp-content-default,sdlmanualstore&filters=(class:(pm_series_value%5E1.5%20OR%20pm_name_value%20OR%20pm_number_value)%20AND%20contenttype:Product%20AND%20historicalwebsupportflag:(no)%20AND%20navigationpath:(218999353636529622426797829401137))&clientId=WCC,marginPercentage=65&cssMax=100&marginCssPercentage=23"  	[MsgId: MERR-26627]
kaas_DocSearchHPES_Doc_without_Products.c(8): Error -26627: HTTP Status-Code=404 (Not Found) for "https://hx9ekpvvbi.execute-api.us-east-1.amazonaws.com/KaaS-ITG/v2/search?q=scanner &resultLimit=10&resultStart=0&countryCode=174830160350634459603258&languageCode=en&disclosureLevel=696531864679532034919979251200881&printFields=documentID,title,documenttype,renderlink,matchscore,description,contentupdatedate,language,disclosurelevel,store,docsource,documenttypedetails,topics,categorizations&store=docstore,manualstore,supportagentstore,manualagentstore,processagentstore,videostore,udp-content-default,sdlmanualstore&marginPercentage=65&cssMax=100&marginCssPercentage=23"  	[MsgId: MERR-26627]
kaas_DocSearchHPES_Doc_without_Products.c(8): Error -26627: HTTP Status-Code=404 (Not Found) for "https://hx9ekpvvbi.execute-api.us-east-1.amazonaws.com/KaaS-ITG/v2/search?q=download &resultLimit=10&resultStart=0&countryCode=162089707212699946554652&languageCode=en&disclosureLevel=696531864679532034919979251200881&printFields=documentID,title,documenttype,renderlink,matchscore,description,contentupdatedate,language,disclosurelevel,store,docsource,documenttypedetails,topics,categorizations&store=docstore,manualstore,supportagentstore,manualagentstore,processagentstore,videostore,udp-content-default,sdlmanualstore&marginPercentage=65&cssMax=100&marginCssPercentage=23"  	[MsgId: MERR-26627]
Warning: Iteration pacing cannot be reached (pace time = 5.20, actual time = 6.20).	[MsgId: MWAR-15995]
Warning: Iteration pacing cannot be reached (pace time = 5.20, actual time = 5.26).	[MsgId: MWAR-15995]
kaas_DocSearchHPES_Doc_without_Products.c(8): Error -26627: HTTP Status-Code=404 (Not Found) for "https://hx9ekpvvbi.execute-api.us-east-1.amazonaws.com/KaaS-ITG/v2/search?q=Fax &resultLimit=10&resultStart=0&countryCode=162089707212699946554652&languageCode=en&disclosureLevel=696531864679532034919979251200881&printFields=documentID,title,documenttype,renderlink,matchscore,description,contentupdatedate,language,disclosurelevel,store,docsource,documenttypedetails,topics,categorizations&store=docstore,manualstore,supportagentstore,manualagentstore,processagentstore,videostore,udp-content-default,sdlmanualstore&marginPercentage=65&cssMax=100&marginCssPercentage=23"  	[MsgId: MERR-26627]
kaas_DocSearchHPES_Doc_without_Products.c(8): Error -26627: HTTP Status-Code=404 (Not Found) for "https://hx9ekpvvbi.execute-api.us-east-1.amazonaws.com/KaaS-ITG/v2/search?q=offline &resultLimit=10&resultStart=0&countryCode=162089707212699946554652&languageCode=en&disclosureLevel=696531864679532034919979251200881&printFields=documentID,title,documenttype,renderlink,matchscore,description,contentupdatedate,language,disclosurelevel,store,docsource,documenttypedetails,topics,categorizations&store=docstore,manualstore,supportagentstore,manualagentstore,processagentstore,videostore,udp-content-default,sdlmanualstore&marginPercentage=65&cssMax=100&marginCssPercentage=23"  	[MsgId: MERR-26627]
kaas_DocSearchHPES_Doc_Categories.c(8): Error -26627: HTTP Status-Code=404 (Not Found) for "https://hx9ekpvvbi.execute-api.us-east-1.amazonaws.com/KaaS-ITG/v2/search?q=Officejet&resultLimit=20&resultStart=0&languageCode=en&countryCode=87665806821066933959705&store=docstore,manualstore,supportagentstore,manualagentstore,processagentstore,videostore,udp-content-default,sdlmanualstore&filters=(class:(pm_series_value%5E1.5%20OR%20pm_name_value%20OR%20pm_number_value)%20AND%20contenttype:Product%20AND%20historicalwebsupportflag:(no)%20AND%20navigationpath:(268161584258236861743175748903686))&clientId=WCC,marginPercentage=65&cssMax=100&marginCssPercentage=23"  	[MsgId: MERR-26627]
Warning: Iteration pacing cannot be reached (pace time = 5.20, actual time = 5.66).	[MsgId: MWAR-15995]
Warning: Iteration pacing cannot be reached (pace time = 5.20, actual time = 5.54).	[MsgId: MWAR-15995]
Warning: Iteration pacing cannot be reached (pace time = 5.20, actual time = 7.82).	[MsgId: MWAR-15995]
Warning: Iteration pacing cannot be reached (pace time = 5.20, actual time = 5.42).	[MsgId: MWAR-15995]
Warning: Iteration pacing cannot be reached (pace time = 5.20, actual time = 5.38).	[MsgId: MWAR-15995]
Warning: Iteration pacing cannot be reached (pace time = 5.20, actual time = 6.39).	[MsgId: MWAR-15995]
Warning: Iteration pacing cannot be reached (pace time = 5.20, actual time = 5.86).	[MsgId: MWAR-15995]
Warning: Iteration pacing cannot be reached (pace time = 5.20, actual time = 6.29).	[MsgId: MWAR-15995]
Warning: Iteration pacing cannot be reached (pace time = 5.20, actual time = 6.14).	[MsgId: MWAR-15995]
kaas_DocSearchHPES_Doc_without_Products.c(8): Error -26627: HTTP Status-Code=404 (Not Found) for "https://hx9ekpvvbi.execute-api.us-east-1.amazonaws.com/KaaS-ITG/v2/search?q=Copy &resultLimit=10&resultStart=0&countryCode=162089707212699946554652&languageCode=en&disclosureLevel=696531864679532034919979251200881&printFields=documentID,title,documenttype,renderlink,matchscore,description,contentupdatedate,language,disclosurelevel,store,docsource,documenttypedetails,topics,categorizations&store=docstore,manualstore,supportagentstore,manualagentstore,processagentstore,videostore,udp-content-default,sdlmanualstore&marginPercentage=65&cssMax=100&marginCssPercentage=23"  	[MsgId: MERR-26627]
kaas_DocSearchHPES_Doc_without_Products.c(8): Error -26627: HTTP Status-Code=404 (Not Found) for "https://hx9ekpvvbi.execute-api.us-east-1.amazonaws.com/KaaS-ITG/v2/search?q=Print &resultLimit=10&resultStart=0&countryCode=162089707212699946554652&languageCode=en&disclosureLevel=696531864679532034919979251200881&printFields=documentID,title,documenttype,renderlink,matchscore,description,contentupdatedate,language,disclosurelevel,store,docsource,documenttypedetails,topics,categorizations&store=docstore,manualstore,supportagentstore,manualagentstore,processagentstore,videostore,udp-content-default,sdlmanualstore&marginPercentage=65&cssMax=100&marginCssPercentage=23"  	[MsgId: MERR-26627]
kaas_DocSearchHPES_Doc_without_Products.c(8): Error -26627: HTTP Status-Code=404 (Not Found) for "https://hx9ekpvvbi.execute-api.us-east-1.amazonaws.com/KaaS-ITG/v2/search?q=paper jam&resultLimit=10&resultStart=0&countryCode=150601693527438717357396&languageCode=en&disclosureLevel=696531864679532034919979251200881&printFields=documentID,title,documenttype,renderlink,matchscore,description,contentupdatedate,language,disclosurelevel,store,docsource,documenttypedetails,topics,categorizations&store=docstore,manualstore,supportagentstore,manualagentstore,processagentstore,videostore,udp-content-default,sdlmanualstore&marginPercentage=65&cssMax=100&marginCssPercentage=23"  	[MsgId: MERR-26627]
kaas_DocSearchHPES_Doc_Categories.c(8): Error -26627: HTTP Status-Code=404 (Not Found) for "https://hx9ekpvvbi.execute-api.us-east-1.amazonaws.com/KaaS-ITG/v2/search?q=PC&resultLimit=20&resultStart=0&languageCode=en&countryCode=106888266654074010509788&store=docstore,manualstore,supportagentstore,manualagentstore,processagentstore,videostore,udp-content-default,sdlmanualstore&filters=(class:(pm_series_value%5E1.5%20OR%20pm_name_value%20OR%20pm_number_value)%20AND%20contenttype:Product%20AND%20historicalwebsupportflag:(no)%20AND%20navigationpath:(218999353636529622426797829401137))&clientId=WCC,marginPercentage=65&cssMax=100&marginCssPercentage=23"  	[MsgId: MERR-26627]
Warning: Iteration pacing cannot be reached (pace time = 5.20, actual time = 6.72).	[MsgId: MWAR-15995]
Warning: Iteration pacing cannot be reached (pace time = 5.20, actual time = 6.64).	[MsgId: MWAR-15995]
Warning: Iteration pacing cannot be reached (pace time = 5.20, actual time = 8.20).	[MsgId: MWAR-15995]
Warning: Iteration pacing cannot be reached (pace time = 5.20, actual time = 5.85).	[MsgId: MWAR-15995]
Warning: Iteration pacing cannot be reached (pace time = 5.20, actual time = 7.35).	[MsgId: MWAR-15995]
Warning: Iteration pacing cannot be reached (pace time = 5.20, actual time = 9.57).	[MsgId: MWAR-15995]
Warning: Iteration pacing cannot be reached (pace time = 5.20, actual time = 6.76).	[MsgId: MWAR-15995]
kaas_DocSearchHPES_Doc_without_Products.c(8): Error -26627: HTTP Status-Code=404 (Not Found) for "https://hx9ekpvvbi.execute-api.us-east-1.amazonaws.com/KaaS-ITG/v2/search?q=Copy &resultLimit=10&resultStart=0&countryCode=162089707212699946554652&languageCode=en&disclosureLevel=696531864679532034919979251200881&printFields=documentID,title,documenttype,renderlink,matchscore,description,contentupdatedate,language,disclosurelevel,store,docsource,documenttypedetails,topics,categorizations&store=docstore,manualstore,supportagentstore,manualagentstore,processagentstore,videostore,udp-content-default,sdlmanualstore&marginPercentage=65&cssMax=100&marginCssPercentage=23"  	[MsgId: MERR-26627]
kaas_DocSearchHPES_Doc_Categories.c(8): Error -26627: HTTP Status-Code=404 (Not Found) for "https://hx9ekpvvbi.execute-api.us-east-1.amazonaws.com/KaaS-ITG/v2/search?q=All-in-One&resultLimit=20&resultStart=0&languageCode=en&countryCode=156299074890838253702778&store=docstore,manualstore,supportagentstore,manualagentstore,processagentstore,videostore,udp-content-default,sdlmanualstore&filters=(class:(pm_series_value%5E1.5%20OR%20pm_name_value%20OR%20pm_number_value)%20AND%20contenttype:Product%20AND%20historicalwebsupportflag:(no)%20AND%20navigationpath:(218999353636529622426797829401137))&clientId=WCC,marginPercentage=65&cssMax=100&marginCssPercentage=23"  	[MsgId: MERR-26627]
Warning: Iteration pacing cannot be reached (pace time = 5.20, actual time = 5.51).	[MsgId: MWAR-15995]
Warning: Iteration pacing cannot be reached (pace time = 5.20, actual time = 6.96).	[MsgId: MWAR-15995]
Warning: Iteration pacing cannot be reached (pace time = 5.20, actual time = 5.87).	[MsgId: MWAR-15995]
kaas_DocSearchHPES_Doc_without_Products.c(8): Error -26627: HTTP Status-Code=404 (Not Found) for "https://hx9ekpvvbi.execute-api.us-east-1.amazonaws.com/KaaS-ITG/v2/search?q=Print &resultLimit=10&resultStart=0&countryCode=138006470606184648281649&languageCode=en&disclosureLevel=696531864679532034919979251200881&printFields=documentID,title,documenttype,renderlink,matchscore,description,contentupdatedate,language,disclosurelevel,store,docsource,documenttypedetails,topics,categorizations&store=docstore,manualstore,supportagentstore,manualagentstore,processagentstore,videostore,udp-content-default,sdlmanualstore&marginPercentage=65&cssMax=100&marginCssPercentage=23"  	[MsgId: MERR-26627]
Warning: Iteration pacing cannot be reached (pace time = 5.20, actual time = 5.52).	[MsgId: MWAR-15995]
kaas_DocSearchHPES_Doc_without_Products.c(8): Error -26627: HTTP Status-Code=404 (Not Found) for "https://hx9ekpvvbi.execute-api.us-east-1.amazonaws.com/KaaS-ITG/v2/search?q=Display panel &resultLimit=10&resultStart=0&countryCode=162089707212699946554652&languageCode=en&disclosureLevel=696531864679532034919979251200881&printFields=documentID,title,documenttype,renderlink,matchscore,description,contentupdatedate,language,disclosurelevel,store,docsource,documenttypedetails,topics,categorizations&store=docstore,manualstore,supportagentstore,manualagentstore,processagentstore,videostore,udp-content-default,sdlmanualstore&marginPercentage=65&cssMax=100&marginCssPercentage=23"  	[MsgId: MERR-26627]
Warning: Iteration pacing cannot be reached (pace time = 5.20, actual time = 5.59).	[MsgId: MWAR-15995]
Warning: Iteration pacing cannot be reached (pace time = 5.20, actual time = 5.58).	[MsgId: MWAR-15995]
Warning: Iteration pacing cannot be reached (pace time = 5.20, actual time = 5.21).	[MsgId: MWAR-15995]
Warning: Iteration pacing cannot be reached (pace time = 5.20, actual time = 5.97).	[MsgId: MWAR-15995]
Warning: Iteration pacing cannot be reached (pace time = 5.20, actual time = 5.32).	[MsgId: MWAR-15995]
Warning: Iteration pacing cannot be reached (pace time = 5.20, actual time = 5.20).	[MsgId: MWAR-15995]
Warning: Iteration pacing cannot be reached (pace time = 5.20, actual time = 6.51).	[MsgId: MWAR-15995]
Warning: Iteration pacing cannot be reached (pace time = 5.20, actual time = 5.96).	[MsgId: MWAR-15995]
kaas_DocSearchHPES_Doc_Categories.c(8): Error -26627: HTTP Status-Code=404 (Not Found) for "https://hx9ekpvvbi.execute-api.us-east-1.amazonaws.com/KaaS-ITG/v2/search?q=ENVY&resultLimit=20&resultStart=0&languageCode=en&countryCode=13527300554181320311347&store=docstore,manualstore,supportagentstore,manualagentstore,processagentstore,videostore,udp-content-default,sdlmanualstore&filters=(class:(pm_series_value%5E1.5%20OR%20pm_name_value%20OR%20pm_number_value)%20AND%20contenttype:Product%20AND%20historicalwebsupportflag:(no)%20AND%20navigationpath:(218999353636529622426797829401137))&clientId=WCC,marginPercentage=65&cssMax=100&marginCssPercentage=23"  	[MsgId: MERR-26627]
Warning: Iteration pacing cannot be reached (pace time = 5.20, actual time = 5.92).	[MsgId: MWAR-15995]
Warning: Iteration pacing cannot be reached (pace time = 5.20, actual time = 6.23).	[MsgId: MWAR-15995]
Warning: Iteration pacing cannot be reached (pace time = 5.20, actual time = 5.42).	[MsgId: MWAR-15995]
Warning: Iteration pacing cannot be reached (pace time = 5.20, actual time = 5.56).	[MsgId: MWAR-15995]
kaas_DocSearchHPES_Doc_Categories.c(8): Error -26627: HTTP Status-Code=404 (Not Found) for "https://hx9ekpvvbi.execute-api.us-east-1.amazonaws.com/KaaS-ITG/v2/search?q=All-in-One&resultLimit=20&resultStart=0&languageCode=en&countryCode=190105660680331711683721&store=docstore,manualstore,supportagentstore,manualagentstore,processagentstore,videostore,udp-content-default,sdlmanualstore&filters=(class:(pm_series_value%5E1.5%20OR%20pm_name_value%20OR%20pm_number_value)%20AND%20contenttype:Product%20AND%20historicalwebsupportflag:(no)%20AND%20navigationpath:(218999353636529622426797829401137))&clientId=WCC,marginPercentage=65&cssMax=100&marginCssPercentage=23"  	[MsgId: MERR-26627]
Warning: Iteration pacing cannot be reached (pace time = 5.20, actual time = 7.07).	[MsgId: MWAR-15995]
Warning: Iteration pacing cannot be reached (pace time = 5.20, actual time = 6.96).	[MsgId: MWAR-15995]
Warning: Iteration pacing cannot be reached (pace time = 5.20, actual time = 8.89).	[MsgId: MWAR-15995]
Warning: Iteration pacing cannot be reached (pace time = 5.20, actual time = 7.14).	[MsgId: MWAR-15995]
kaas_DocSearchHPES_Doc_Categories.c(8): Error -26627: HTTP Status-Code=404 (Not Found) for "https://hx9ekpvvbi.execute-api.us-east-1.amazonaws.com/KaaS-ITG/v2/search?q=Deskjet&resultLimit=20&resultStart=0&languageCode=en&countryCode=162089707212699946554652&store=docstore,manualstore,supportagentstore,manualagentstore,processagentstore,videostore,udp-content-default,sdlmanualstore&filters=(class:(pm_series_value%5E1.5%20OR%20pm_name_value%20OR%20pm_number_value)%20AND%20contenttype:Product%20AND%20historicalwebsupportflag:(no)%20AND%20navigationpath:(268161584258236861743175748903686))&clientId=WCC,marginPercentage=65&cssMax=100&marginCssPercentage=23"  	[MsgId: MERR-26627]
kaas_DocSearchHPES_Doc_without_Products.c(8): Error -26627: HTTP Status-Code=404 (Not Found) for "https://hx9ekpvvbi.execute-api.us-east-1.amazonaws.com/KaaS-ITG/v2/search?q=wifi &resultLimit=10&resultStart=0&countryCode=211344084465274349986446&languageCode=en&disclosureLevel=696531864679532034919979251200881&printFields=documentID,title,documenttype,renderlink,matchscore,description,contentupdatedate,language,disclosurelevel,store,docsource,documenttypedetails,topics,categorizations&store=docstore,manualstore,supportagentstore,manualagentstore,processagentstore,videostore,udp-content-default,sdlmanualstore&marginPercentage=65&cssMax=100&marginCssPercentage=23"  	[MsgId: MERR-26627]
Warning: Iteration pacing cannot be reached (pace time = 5.20, actual time = 6.10).	[MsgId: MWAR-15995]
Warning: Iteration pacing cannot be reached (pace time = 5.20, actual time = 6.04).	[MsgId: MWAR-15995]
Warning: Iteration pacing cannot be reached (pace time = 5.20, actual time = 5.54).	[MsgId: MWAR-15995]
kaas_DocSearchHPES_Doc_without_Products.c(8): Error -26627: HTTP Status-Code=404 (Not Found) for "https://hx9ekpvvbi.execute-api.us-east-1.amazonaws.com/KaaS-ITG/v2/search?q=Software & apps &resultLimit=10&resultStart=0&countryCode=114130895423565346075508&languageCode=en&disclosureLevel=696531864679532034919979251200881&printFields=documentID,title,documenttype,renderlink,matchscore,description,contentupdatedate,language,disclosurelevel,store,docsource,documenttypedetails,topics,categorizations&store=docstore,manualstore,supportagentstore,manualagentstore,processagentstore,videostore,udp-content-default,sdlmanualstore&marginPercentage=65&cssMax=100&marginCssPercentage=23"  	[MsgId: MERR-26627]
kaas_DocSearchHPES_Doc_without_Products.c(8): Error -26627: HTTP Status-Code=404 (Not Found) for "https://hx9ekpvvbi.execute-api.us-east-1.amazonaws.com/KaaS-ITG/v2/search?q=Calculator use &resultLimit=10&resultStart=0&countryCode=162089707212699946554652&languageCode=en&disclosureLevel=696531864679532034919979251200881&printFields=documentID,title,documenttype,renderlink,matchscore,description,contentupdatedate,language,disclosurelevel,store,docsource,documenttypedetails,topics,categorizations&store=docstore,manualstore,supportagentstore,manualagentstore,processagentstore,videostore,udp-content-default,sdlmanualstore&marginPercentage=65&cssMax=100&marginCssPercentage=23"  	[MsgId: MERR-26627]
kaas_DocSearchHPES_Doc_Categories.c(8): Error -26627: HTTP Status-Code=404 (Not Found) for "https://hx9ekpvvbi.execute-api.us-east-1.amazonaws.com/KaaS-ITG/v2/search?q=Elite&resultLimit=20&resultStart=0&languageCode=en&countryCode=162089707212699946554652&store=docstore,manualstore,supportagentstore,manualagentstore,processagentstore,videostore,udp-content-default,sdlmanualstore&filters=(class:(pm_series_value%5E1.5%20OR%20pm_name_value%20OR%20pm_number_value)%20AND%20contenttype:Product%20AND%20historicalwebsupportflag:(no)%20AND%20navigationpath:(218999353636529622426797829401137))&clientId=WCC,marginPercentage=65&cssMax=100&marginCssPercentage=23"  	[MsgId: MERR-26627]
kaas_DocSearchHPES_Doc_without_Products.c(8): Error -26627: HTTP Status-Code=404 (Not Found) for "https://hx9ekpvvbi.execute-api.us-east-1.amazonaws.com/KaaS-ITG/v2/search?q=bluetooth &resultLimit=10&resultStart=0&countryCode=162089707212699946554652&languageCode=en&disclosureLevel=696531864679532034919979251200881&printFields=documentID,title,documenttype,renderlink,matchscore,description,contentupdatedate,language,disclosurelevel,store,docsource,documenttypedetails,topics,categorizations&store=docstore,manualstore,supportagentstore,manualagentstore,processagentstore,videostore,udp-content-default,sdlmanualstore&marginPercentage=65&cssMax=100&marginCssPercentage=23"  	[MsgId: MERR-26627]
kaas_DocSearchHPES_Doc_without_Products.c(8): Error -26627: HTTP Status-Code=404 (Not Found) for "https://hx9ekpvvbi.execute-api.us-east-1.amazonaws.com/KaaS-ITG/v2/search?q=Display panel &resultLimit=10&resultStart=0&countryCode=162089707212699946554652&languageCode=en&disclosureLevel=696531864679532034919979251200881&printFields=documentID,title,documenttype,renderlink,matchscore,description,contentupdatedate,language,disclosurelevel,store,docsource,documenttypedetails,topics,categorizations&store=docstore,manualstore,supportagentstore,manualagentstore,processagentstore,videostore,udp-content-default,sdlmanualstore&marginPercentage=65&cssMax=100&marginCssPercentage=23"  	[MsgId: MERR-26627]
Warning: Iteration pacing cannot be reached (pace time = 5.20, actual time = 6.99).	[MsgId: MWAR-15995]
Warning: Iteration pacing cannot be reached (pace time = 5.20, actual time = 6.62).	[MsgId: MWAR-15995]
Warning: Iteration pacing cannot be reached (pace time = 5.20, actual time = 6.76).	[MsgId: MWAR-15995]
Warning: Iteration pacing cannot be reached (pace time = 5.20, actual time = 5.76).	[MsgId: MWAR-15995]
Warning: Iteration pacing cannot be reached (pace time = 5.20, actual time = 5.47).	[MsgId: MWAR-15995]
kaas_DocSearchHPES_Doc_without_Products.c(8): Error -26627: HTTP Status-Code=404 (Not Found) for "https://hx9ekpvvbi.execute-api.us-east-1.amazonaws.com/KaaS-ITG/v2/search?q=Diagnostics &resultLimit=10&resultStart=0&countryCode=125630411275946264773386&languageCode=en&disclosureLevel=696531864679532034919979251200881&printFields=documentID,title,documenttype,renderlink,matchscore,description,contentupdatedate,language,disclosurelevel,store,docsource,documenttypedetails,topics,categorizations&store=docstore,manualstore,supportagentstore,manualagentstore,processagentstore,videostore,udp-content-default,sdlmanualstore&marginPercentage=65&cssMax=100&marginCssPercentage=23"  	[MsgId: MERR-26627]
Warning: Iteration pacing cannot be reached (pace time = 5.20, actual time = 5.35).	[MsgId: MWAR-15995]
kaas_DocSearchHPES_Doc_without_Products.c(8): Error -26627: HTTP Status-Code=404 (Not Found) for "https://hx9ekpvvbi.execute-api.us-east-1.amazonaws.com/KaaS-ITG/v2/search?q=Copy &resultLimit=10&resultStart=0&countryCode=68385725843579960259475&languageCode=en&disclosureLevel=696531864679532034919979251200881&printFields=documentID,title,documenttype,renderlink,matchscore,description,contentupdatedate,language,disclosurelevel,store,docsource,documenttypedetails,topics,categorizations&store=docstore,manualstore,supportagentstore,manualagentstore,processagentstore,videostore,udp-content-default,sdlmanualstore&marginPercentage=65&cssMax=100&marginCssPercentage=23"  	[MsgId: MERR-26627]
Warning: Iteration pacing cannot be reached (pace time = 5.20, actual time = 7.49).	[MsgId: MWAR-15995]
Warning: Iteration pacing cannot be reached (pace time = 5.20, actual time = 5.32).	[MsgId: MWAR-15995]
Warning: Iteration pacing cannot be reached (pace time = 5.20, actual time = 6.59).	[MsgId: MWAR-15995]
Warning: Iteration pacing cannot be reached (pace time = 5.20, actual time = 5.43).	[MsgId: MWAR-15995]
Warning: Iteration pacing cannot be reached (pace time = 5.20, actual time = 5.44).	[MsgId: MWAR-15995]
kaas_DocSearchHPES_Doc_Categories.c(8): Error -26627: HTTP Status-Code=404 (Not Found) for "https://hx9ekpvvbi.execute-api.us-east-1.amazonaws.com/KaaS-ITG/v2/search?q=Notebook&resultLimit=20&resultStart=0&languageCode=en&countryCode=162089707212699946554652&store=docstore,manualstore,supportagentstore,manualagentstore,processagentstore,videostore,udp-content-default,sdlmanualstore&filters=(class:(pm_series_value%5E1.5%20OR%20pm_name_value%20OR%20pm_number_value)%20AND%20contenttype:Product%20AND%20historicalwebsupportflag:(no)%20AND%20navigationpath:(19539216537429048012118866320194))&clientId=WCC,marginPercentage=65&cssMax=100&marginCssPercentage=23"  	[MsgId: MERR-26627]
Warning: Iteration pacing cannot be reached (pace time = 5.20, actual time = 5.31).	[MsgId: MWAR-15995]
Warning: Iteration pacing cannot be reached (pace time = 5.20, actual time = 5.49).	[MsgId: MWAR-15995]
Warning: Iteration pacing cannot be reached (pace time = 5.20, actual time = 6.39).	[MsgId: MWAR-15995]
Warning: Iteration pacing cannot be reached (pace time = 5.20, actual time = 5.82).	[MsgId: MWAR-15995]
Warning: Iteration pacing cannot be reached (pace time = 5.20, actual time = 5.85).	[MsgId: MWAR-15995]
kaas_DocSearchHPES_Doc_without_Products.c(8): Error -26627: HTTP Status-Code=404 (Not Found) for "https://hx9ekpvvbi.execute-api.us-east-1.amazonaws.com/KaaS-ITG/v2/search?q=Recycle dispose &resultLimit=10&resultStart=0&countryCode=162089707212699946554652&languageCode=en&disclosureLevel=696531864679532034919979251200881&printFields=documentID,title,documenttype,renderlink,matchscore,description,contentupdatedate,language,disclosurelevel,store,docsource,documenttypedetails,topics,categorizations&store=docstore,manualstore,supportagentstore,manualagentstore,processagentstore,videostore,udp-content-default,sdlmanualstore&marginPercentage=65&cssMax=100&marginCssPercentage=23"  	[MsgId: MERR-26627]
kaas_DocSearchHPES_Doc_Categories.c(8): Error -26627: HTTP Status-Code=404 (Not Found) for "https://hx9ekpvvbi.execute-api.us-east-1.amazonaws.com/KaaS-ITG/v2/search?q=EliteBook&resultLimit=20&resultStart=0&languageCode=en&countryCode=1707346174769429659512&store=docstore,manualstore,supportagentstore,manualagentstore,processagentstore,videostore,udp-content-default,sdlmanualstore&filters=(class:(pm_series_value%5E1.5%20OR%20pm_name_value%20OR%20pm_number_value)%20AND%20contenttype:Product%20AND%20historicalwebsupportflag:(no)%20AND%20navigationpath:(19539216537429048012118866320194))&clientId=WCC,marginPercentage=65&cssMax=100&marginCssPercentage=23"  	[MsgId: MERR-26627]
Warning: Iteration pacing cannot be reached (pace time = 5.20, actual time = 5.99).	[MsgId: MWAR-15995]
Warning: Iteration pacing cannot be reached (pace time = 5.20, actual time = 6.83).	[MsgId: MWAR-15995]
Warning: Iteration pacing cannot be reached (pace time = 5.20, actual time = 5.54).	[MsgId: MWAR-15995]
Warning: Iteration pacing cannot be reached (pace time = 5.20, actual time = 5.61).	[MsgId: MWAR-15995]
Warning: Iteration pacing cannot be reached (pace time = 5.20, actual time = 5.69).	[MsgId: MWAR-15995]
kaas_DocSearchHPES_Doc_Categories.c(8): Error -26627: HTTP Status-Code=404 (Not Found) for "https://hx9ekpvvbi.execute-api.us-east-1.amazonaws.com/KaaS-ITG/v2/search?q=Officejet&resultLimit=20&resultStart=0&languageCode=en&countryCode=150601693527438717357396&store=docstore,manualstore,supportagentstore,manualagentstore,processagentstore,videostore,udp-content-default,sdlmanualstore&filters=(class:(pm_series_value%5E1.5%20OR%20pm_name_value%20OR%20pm_number_value)%20AND%20contenttype:Product%20AND%20historicalwebsupportflag:(no)%20AND%20navigationpath:(268161584258236861743175748903686))&clientId=WCC,marginPercentage=65&cssMax=100&marginCssPercentage=23"  	[MsgId: MERR-26627]
kaas_DocSearchHPES_Doc_Categories.c(8): Error -26627: HTTP Status-Code=404 (Not Found) for "https://hx9ekpvvbi.execute-api.us-east-1.amazonaws.com/KaaS-ITG/v2/search?q=ENVY&resultLimit=20&resultStart=0&languageCode=en&countryCode=162089707212699946554652&store=docstore,manualstore,supportagentstore,manualagentstore,processagentstore,videostore,udp-content-default,sdlmanualstore&filters=(class:(pm_series_value%5E1.5%20OR%20pm_name_value%20OR%20pm_number_value)%20AND%20contenttype:Product%20AND%20historicalwebsupportflag:(no)%20AND%20navigationpath:(218999353636529622426797829401137))&clientId=WCC,marginPercentage=65&cssMax=100&marginCssPercentage=23"  	[MsgId: MERR-26627]
kaas_DocSearchHPES_Doc_Categories.c(8): Error -26627: HTTP Status-Code=404 (Not Found) for "https://hx9ekpvvbi.execute-api.us-east-1.amazonaws.com/KaaS-ITG/v2/search?q=DesignJet&resultLimit=20&resultStart=0&languageCode=en&countryCode=162089707212699946554652&store=docstore,manualstore,supportagentstore,manualagentstore,processagentstore,videostore,udp-content-default,sdlmanualstore&filters=(class:(pm_series_value%5E1.5%20OR%20pm_name_value%20OR%20pm_number_value)%20AND%20contenttype:Product%20AND%20historicalwebsupportflag:(no)%20AND%20navigationpath:(268161584258236861743175748903686))&clientId=WCC,marginPercentage=65&cssMax=100&marginCssPercentage=23"  	[MsgId: MERR-26627]
Warning: Iteration pacing cannot be reached (pace time = 5.20, actual time = 5.43).	[MsgId: MWAR-15995]
Warning: Iteration pacing cannot be reached (pace time = 5.20, actual time = 5.38).	[MsgId: MWAR-15995]
Warning: Iteration pacing cannot be reached (pace time = 5.20, actual time = 7.58).	[MsgId: MWAR-15995]
Warning: Iteration pacing cannot be reached (pace time = 5.20, actual time = 6.59).	[MsgId: MWAR-15995]
Warning: Iteration pacing cannot be reached (pace time = 5.20, actual time = 5.41).	[MsgId: MWAR-15995]
Warning: Iteration pacing cannot be reached (pace time = 5.20, actual time = 5.50).	[MsgId: MWAR-15995]
Warning: Iteration pacing cannot be reached (pace time = 5.20, actual time = 5.46).	[MsgId: MWAR-15995]
kaas_DocSearchHPES_Doc_Categories.c(8): Error -26627: HTTP Status-Code=404 (Not Found) for "https://hx9ekpvvbi.execute-api.us-east-1.amazonaws.com/KaaS-ITG/v2/search?q=All-in-One&resultLimit=20&resultStart=0&languageCode=en&countryCode=162089707212699946554652&store=docstore,manualstore,supportagentstore,manualagentstore,processagentstore,videostore,udp-content-default,sdlmanualstore&filters=(class:(pm_series_value%5E1.5%20OR%20pm_name_value%20OR%20pm_number_value)%20AND%20contenttype:Product%20AND%20historicalwebsupportflag:(no)%20AND%20navigationpath:(218999353636529622426797829401137))&clientId=WCC,marginPercentage=65&cssMax=100&marginCssPercentage=23"  	[MsgId: MERR-26627]
