ServicePin.c(8): Error -26547: Authentication required, please use "web_set_user", e.g. web_set_user("domain\\user", "password", "host:port");  	[MsgId: MERR-26547]
ServicePin.c(8): Error -26630: HTTP Status-Code=401 (Unauthorized) for "https://hx9ekpvvbi.execute-api.us-east-1.amazonaws.com/KaaS-ITG/v2/servicepin/000a7MPr9zDcn4G8hOuJ0EOIwZT4/B5L05V"  	[MsgId: MERR-26630]
ServicePin.c(8): Error -26547: Authentication required, please use "web_set_user", e.g. web_set_user("domain\\user", "password", "host:port");  	[MsgId: MERR-26547]
ServicePin.c(8): Error -26630: HTTP Status-Code=401 (Unauthorized) for "https://hx9ekpvvbi.execute-api.us-east-1.amazonaws.com/KaaS-ITG/v2/servicepin/000a7MPr9zDcn4G8hOuJ0EOIwZT4/5ZN92A"  	[MsgId: MERR-26630]
ServicePin.c(8): Error -26547: Authentication required, please use "web_set_user", e.g. web_set_user("domain\\user", "password", "host:port");  	[MsgId: MERR-26547]
ServicePin.c(8): Error -26630: HTTP Status-Code=401 (Unauthorized) for "https://hx9ekpvvbi.execute-api.us-east-1.amazonaws.com/KaaS-ITG/v2/servicepin/000a7MPr9zDcn4G8hOuJ0EOIwZT4/CF082AR"  	[MsgId: MERR-26630]
ServicePin.c(8): Error -26547: Authentication required, please use "web_set_user", e.g. web_set_user("domain\\user", "password", "host:port");  	[MsgId: MERR-26547]
ServicePin.c(8): Error -26630: HTTP Status-Code=401 (Unauthorized) for "https://hx9ekpvvbi.execute-api.us-east-1.amazonaws.com/KaaS-ITG/v2/servicepin/000a7MPr9zDcn4G8hOuJ0EOIwZT4/CE989V"  	[MsgId: MERR-26630]
ServicePin.c(8): Error -26547: Authentication required, please use "web_set_user", e.g. web_set_user("domain\\user", "password", "host:port");  	[MsgId: MERR-26547]
ServicePin.c(8): Error -26630: HTTP Status-Code=401 (Unauthorized) for "https://hx9ekpvvbi.execute-api.us-east-1.amazonaws.com/KaaS-ITG/v2/servicepin/000a7MPr9zDcn4G8hOuJ0EOIwZT4/CD644V"  	[MsgId: MERR-26630]
ServicePin.c(8): Error -26547: Authentication required, please use "web_set_user", e.g. web_set_user("domain\\user", "password", "host:port");  	[MsgId: MERR-26547]
ServicePin.c(8): Error -26630: HTTP Status-Code=401 (Unauthorized) for "https://hx9ekpvvbi.execute-api.us-east-1.amazonaws.com/KaaS-ITG/v2/servicepin/000a7MPr9zDcn4G8hOuJ0EOIwZT4/CE996AR"  	[MsgId: MERR-26630]
ServicePin.c(8): Error -26547: Authentication required, please use "web_set_user", e.g. web_set_user("domain\\user", "password", "host:port");  	[MsgId: MERR-26547]
ServicePin.c(8): Error -26630: HTTP Status-Code=401 (Unauthorized) for "https://hx9ekpvvbi.execute-api.us-east-1.amazonaws.com/KaaS-ITG/v2/servicepin/000a7MPr9zDcn4G8hOuJ0EOIwZT4/CZ251V"  	[MsgId: MERR-26630]
ServicePin.c(8): Error -26547: Authentication required, please use "web_set_user", e.g. web_set_user("domain\\user", "password", "host:port");  	[MsgId: MERR-26547]
ServicePin.c(8): Error -26630: HTTP Status-Code=401 (Unauthorized) for "https://hx9ekpvvbi.execute-api.us-east-1.amazonaws.com/KaaS-ITG/v2/servicepin/000a7MPr9zDcn4G8hOuJ0EOIwZT4/CZ255V"  	[MsgId: MERR-26630]
ServicePin.c(8): Error -26547: Authentication required, please use "web_set_user", e.g. web_set_user("domain\\user", "password", "host:port");  	[MsgId: MERR-26547]
ServicePin.c(8): Error -26630: HTTP Status-Code=401 (Unauthorized) for "https://hx9ekpvvbi.execute-api.us-east-1.amazonaws.com/KaaS-ITG/v2/servicepin/000a7MPr9zDcn4G8hOuJ0EOIwZT4/CZ257AR"  	[MsgId: MERR-26630]
ServicePin.c(8): Error -26547: Authentication required, please use "web_set_user", e.g. web_set_user("domain\\user", "password", "host:port");  	[MsgId: MERR-26547]
ServicePin.c(8): Error -26630: HTTP Status-Code=401 (Unauthorized) for "https://hx9ekpvvbi.execute-api.us-east-1.amazonaws.com/KaaS-ITG/v2/servicepin/000a7MPr9zDcn4G8hOuJ0EOIwZT4/B3G86AR"  	[MsgId: MERR-26630]
ServicePin.c(8): Error -26547: Authentication required, please use "web_set_user", e.g. web_set_user("domain\\user", "password", "host:port");  	[MsgId: MERR-26547]
ServicePin.c(8): Error -26630: HTTP Status-Code=401 (Unauthorized) for "https://hx9ekpvvbi.execute-api.us-east-1.amazonaws.com/KaaS-ITG/v2/servicepin/000a7MPr9zDcn4G8hOuJ0EOIwZT4/J7Z08A"  	[MsgId: MERR-26630]
ServicePin.c(8): Error -26547: Authentication required, please use "web_set_user", e.g. web_set_user("domain\\user", "password", "host:port");  	[MsgId: MERR-26547]
ServicePin.c(8): Error -26630: HTTP Status-Code=401 (Unauthorized) for "https://hx9ekpvvbi.execute-api.us-east-1.amazonaws.com/KaaS-ITG/v2/servicepin/000a7MPr9zDcn4G8hOuJ0EOIwZT4/B5L47A"  	[MsgId: MERR-26630]
ServicePin.c(8): Error -26547: Authentication required, please use "web_set_user", e.g. web_set_user("domain\\user", "password", "host:port");  	[MsgId: MERR-26547]
ServicePin.c(8): Error -26630: HTTP Status-Code=401 (Unauthorized) for "https://hx9ekpvvbi.execute-api.us-east-1.amazonaws.com/KaaS-ITG/v2/servicepin/000a7MPr9zDcn4G8hOuJ0EOIwZT4/CZ257V"  	[MsgId: MERR-26630]
ServicePin.c(8): Error -26547: Authentication required, please use "web_set_user", e.g. web_set_user("domain\\user", "password", "host:port");  	[MsgId: MERR-26547]
ServicePin.c(8): Error -26630: HTTP Status-Code=401 (Unauthorized) for "https://hx9ekpvvbi.execute-api.us-east-1.amazonaws.com/KaaS-ITG/v2/servicepin/000a7MPr9zDcn4G8hOuJ0EOIwZT4/J8J65A"  	[MsgId: MERR-26630]
ServicePin.c(8): Error -26547: Authentication required, please use "web_set_user", e.g. web_set_user("domain\\user", "password", "host:port");  	[MsgId: MERR-26547]
ServicePin.c(8): Error -26630: HTTP Status-Code=401 (Unauthorized) for "https://hx9ekpvvbi.execute-api.us-east-1.amazonaws.com/KaaS-ITG/v2/servicepin/000a7MPr9zDcn4G8hOuJ0EOIwZT4/1PV86A"  	[MsgId: MERR-26630]
ServicePin.c(8): Error -26547: Authentication required, please use "web_set_user", e.g. web_set_user("domain\\user", "password", "host:port");  	[MsgId: MERR-26547]
ServicePin.c(8): Error -26630: HTTP Status-Code=401 (Unauthorized) for "https://hx9ekpvvbi.execute-api.us-east-1.amazonaws.com/KaaS-ITG/v2/servicepin/000a7MPr9zDcn4G8hOuJ0EOIwZT4/B3G86A"  	[MsgId: MERR-26630]
ServicePin.c(8): Error -26547: Authentication required, please use "web_set_user", e.g. web_set_user("domain\\user", "password", "host:port");  	[MsgId: MERR-26547]
ServicePin.c(8): Error -26630: HTTP Status-Code=401 (Unauthorized) for "https://hx9ekpvvbi.execute-api.us-east-1.amazonaws.com/KaaS-ITG/v2/servicepin/000a7MPr9zDcn4G8hOuJ0EOIwZT4/G1W39A"  	[MsgId: MERR-26630]
ServicePin.c(8): Error -26547: Authentication required, please use "web_set_user", e.g. web_set_user("domain\\user", "password", "host:port");  	[MsgId: MERR-26547]
ServicePin.c(8): Error -26630: HTTP Status-Code=401 (Unauthorized) for "https://hx9ekpvvbi.execute-api.us-east-1.amazonaws.com/KaaS-ITG/v2/servicepin/000a7MPr9zDcn4G8hOuJ0EOIwZT4/CE992V"  	[MsgId: MERR-26630]
ServicePin.c(8): Error -26547: Authentication required, please use "web_set_user", e.g. web_set_user("domain\\user", "password", "host:port");  	[MsgId: MERR-26547]
ServicePin.c(8): Error -26630: HTTP Status-Code=401 (Unauthorized) for "https://hx9ekpvvbi.execute-api.us-east-1.amazonaws.com/KaaS-ITG/v2/servicepin/000a7MPr9zDcn4G8hOuJ0EOIwZT4/CZ256V"  	[MsgId: MERR-26630]
ServicePin.c(8): Error -26547: Authentication required, please use "web_set_user", e.g. web_set_user("domain\\user", "password", "host:port");  	[MsgId: MERR-26547]
ServicePin.c(8): Error -26630: HTTP Status-Code=401 (Unauthorized) for "https://hx9ekpvvbi.execute-api.us-east-1.amazonaws.com/KaaS-ITG/v2/servicepin/000a7MPr9zDcn4G8hOuJ0EOIwZT4/F2A76V"  	[MsgId: MERR-26630]
ServicePin.c(8): Error -26547: Authentication required, please use "web_set_user", e.g. web_set_user("domain\\user", "password", "host:port");  	[MsgId: MERR-26547]
ServicePin.c(8): Error -26630: HTTP Status-Code=401 (Unauthorized) for "https://hx9ekpvvbi.execute-api.us-east-1.amazonaws.com/KaaS-ITG/v2/servicepin/000a7MPr9zDcn4G8hOuJ0EOIwZT4/5ZN93A"  	[MsgId: MERR-26630]
ServicePin.c(8): Error -26547: Authentication required, please use "web_set_user", e.g. web_set_user("domain\\user", "password", "host:port");  	[MsgId: MERR-26547]
ServicePin.c(8): Error -26630: HTTP Status-Code=401 (Unauthorized) for "https://hx9ekpvvbi.execute-api.us-east-1.amazonaws.com/KaaS-ITG/v2/servicepin/000a7MPr9zDcn4G8hOuJ0EOIwZT4/J7Z08A"  	[MsgId: MERR-26630]
ServicePin.c(8): Error -26547: Authentication required, please use "web_set_user", e.g. web_set_user("domain\\user", "password", "host:port");  	[MsgId: MERR-26547]
ServicePin.c(8): Error -26630: HTTP Status-Code=401 (Unauthorized) for "https://hx9ekpvvbi.execute-api.us-east-1.amazonaws.com/KaaS-ITG/v2/servicepin/000a7MPr9zDcn4G8hOuJ0EOIwZT4/CE996V"  	[MsgId: MERR-26630]
ServicePin.c(8): Error -26547: Authentication required, please use "web_set_user", e.g. web_set_user("domain\\user", "password", "host:port");  	[MsgId: MERR-26547]
ServicePin.c(8): Error -26630: HTTP Status-Code=401 (Unauthorized) for "https://hx9ekpvvbi.execute-api.us-east-1.amazonaws.com/KaaS-ITG/v2/servicepin/000a7MPr9zDcn4G8hOuJ0EOIwZT4/CE994A"  	[MsgId: MERR-26630]
ServicePin.c(8): Error -26547: Authentication required, please use "web_set_user", e.g. web_set_user("domain\\user", "password", "host:port");  	[MsgId: MERR-26547]
ServicePin.c(8): Error -26630: HTTP Status-Code=401 (Unauthorized) for "https://hx9ekpvvbi.execute-api.us-east-1.amazonaws.com/KaaS-ITG/v2/servicepin/000a7MPr9zDcn4G8hOuJ0EOIwZT4/B3G85V"  	[MsgId: MERR-26630]
ServicePin.c(8): Error -26547: Authentication required, please use "web_set_user", e.g. web_set_user("domain\\user", "password", "host:port");  	[MsgId: MERR-26547]
ServicePin.c(8): Error -26630: HTTP Status-Code=401 (Unauthorized) for "https://hx9ekpvvbi.execute-api.us-east-1.amazonaws.com/KaaS-ITG/v2/servicepin/000a7MPr9zDcn4G8hOuJ0EOIwZT4/1PV67A"  	[MsgId: MERR-26630]
ServicePin.c(8): Error -26547: Authentication required, please use "web_set_user", e.g. web_set_user("domain\\user", "password", "host:port");  	[MsgId: MERR-26547]
ServicePin.c(8): Error -26630: HTTP Status-Code=401 (Unauthorized) for "https://hx9ekpvvbi.execute-api.us-east-1.amazonaws.com/KaaS-ITG/v2/servicepin/000a7MPr9zDcn4G8hOuJ0EOIwZT4/5ZN96A"  	[MsgId: MERR-26630]
ServicePin.c(8): Error -26547: Authentication required, please use "web_set_user", e.g. web_set_user("domain\\user", "password", "host:port");  	[MsgId: MERR-26547]
ServicePin.c(8): Error -26630: HTTP Status-Code=401 (Unauthorized) for "https://hx9ekpvvbi.execute-api.us-east-1.amazonaws.com/KaaS-ITG/v2/servicepin/000a7MPr9zDcn4G8hOuJ0EOIwZT4/CD646AR"  	[MsgId: MERR-26630]
ServicePin.c(8): Error -26547: Authentication required, please use "web_set_user", e.g. web_set_user("domain\\user", "password", "host:port");  	[MsgId: MERR-26547]
ServicePin.c(8): Error -26630: HTTP Status-Code=401 (Unauthorized) for "https://hx9ekpvvbi.execute-api.us-east-1.amazonaws.com/KaaS-ITG/v2/servicepin/000a7MPr9zDcn4G8hOuJ0EOIwZT4/1PV89A"  	[MsgId: MERR-26630]
ServicePin.c(8): Error -26547: Authentication required, please use "web_set_user", e.g. web_set_user("domain\\user", "password", "host:port");  	[MsgId: MERR-26547]
ServicePin.c(8): Error -26630: HTTP Status-Code=401 (Unauthorized) for "https://hx9ekpvvbi.execute-api.us-east-1.amazonaws.com/KaaS-ITG/v2/servicepin/000a7MPr9zDcn4G8hOuJ0EOIwZT4/B5L04A"  	[MsgId: MERR-26630]
ServicePin.c(8): Error -26547: Authentication required, please use "web_set_user", e.g. web_set_user("domain\\user", "password", "host:port");  	[MsgId: MERR-26547]
ServicePin.c(8): Error -26630: HTTP Status-Code=401 (Unauthorized) for "https://hx9ekpvvbi.execute-api.us-east-1.amazonaws.com/KaaS-ITG/v2/servicepin/000a7MPr9zDcn4G8hOuJ0EOIwZT4/C2S11V"  	[MsgId: MERR-26630]
ServicePin.c(8): Error -26547: Authentication required, please use "web_set_user", e.g. web_set_user("domain\\user", "password", "host:port");  	[MsgId: MERR-26547]
ServicePin.c(8): Error -26630: HTTP Status-Code=401 (Unauthorized) for "https://hx9ekpvvbi.execute-api.us-east-1.amazonaws.com/KaaS-ITG/v2/servicepin/000a7MPr9zDcn4G8hOuJ0EOIwZT4/5ZN93A"  	[MsgId: MERR-26630]
ServicePin.c(8): Error -26547: Authentication required, please use "web_set_user", e.g. web_set_user("domain\\user", "password", "host:port");  	[MsgId: MERR-26547]
ServicePin.c(8): Error -26630: HTTP Status-Code=401 (Unauthorized) for "https://hx9ekpvvbi.execute-api.us-east-1.amazonaws.com/KaaS-ITG/v2/servicepin/000a7MPr9zDcn4G8hOuJ0EOIwZT4/J7Z10A"  	[MsgId: MERR-26630]
ServicePin.c(8): Error -26547: Authentication required, please use "web_set_user", e.g. web_set_user("domain\\user", "password", "host:port");  	[MsgId: MERR-26547]
ServicePin.c(8): Error -26630: HTTP Status-Code=401 (Unauthorized) for "https://hx9ekpvvbi.execute-api.us-east-1.amazonaws.com/KaaS-ITG/v2/servicepin/000a7MPr9zDcn4G8hOuJ0EOIwZT4/B5L05V"  	[MsgId: MERR-26630]
ServicePin.c(8): Error -26547: Authentication required, please use "web_set_user", e.g. web_set_user("domain\\user", "password", "host:port");  	[MsgId: MERR-26547]
ServicePin.c(8): Error -26630: HTTP Status-Code=401 (Unauthorized) for "https://hx9ekpvvbi.execute-api.us-east-1.amazonaws.com/KaaS-ITG/v2/servicepin/000a7MPr9zDcn4G8hOuJ0EOIwZT4/CE993A"  	[MsgId: MERR-26630]
ServicePin.c(8): Error -26547: Authentication required, please use "web_set_user", e.g. web_set_user("domain\\user", "password", "host:port");  	[MsgId: MERR-26547]
ServicePin.c(8): Error -26630: HTTP Status-Code=401 (Unauthorized) for "https://hx9ekpvvbi.execute-api.us-east-1.amazonaws.com/KaaS-ITG/v2/servicepin/000a7MPr9zDcn4G8hOuJ0EOIwZT4/P7Z47A"  	[MsgId: MERR-26630]
ServicePin.c(8): Error -26547: Authentication required, please use "web_set_user", e.g. web_set_user("domain\\user", "password", "host:port");  	[MsgId: MERR-26547]
ServicePin.c(8): Error -26630: HTTP Status-Code=401 (Unauthorized) for "https://hx9ekpvvbi.execute-api.us-east-1.amazonaws.com/KaaS-ITG/v2/servicepin/000a7MPr9zDcn4G8hOuJ0EOIwZT4/5ZN89A"  	[MsgId: MERR-26630]
