ServicePin.c(8): Error -26627: HTTP Status-Code=404 (Not Found) for "https://hx9ekpvvbi.execute-api.us-east-1.amazonaws.com/KaaS-ITG/v2/servicepin/000a5idCeamapCSoNzX5tlw5Icjp/5ZN93A"  	[MsgId: MERR-26627]
ServicePin.c(8): Error -26627: HTTP Status-Code=404 (Not Found) for "https://hx9ekpvvbi.execute-api.us-east-1.amazonaws.com/KaaS-ITG/v2/servicepin/000a5idCeamapCSoNzX5tlw5Icjp/CE992AR"  	[MsgId: MERR-26627]
ServicePin.c(8): Error -26627: HTTP Status-Code=404 (Not Found) for "https://hx9ekpvvbi.execute-api.us-east-1.amazonaws.com/KaaS-ITG/v2/servicepin/000a5idCeamapCSoNzX5tlw5Icjp/2GP13A"  	[MsgId: MERR-26627]
ServicePin.c(8): Error -26627: HTTP Status-Code=404 (Not Found) for "https://hx9ekpvvbi.execute-api.us-east-1.amazonaws.com/KaaS-ITG/v2/servicepin/000a5idCeamapCSoNzX5tlw5Icjp/CE989AR"  	[MsgId: MERR-26627]
ServicePin.c(8): Error -26627: HTTP Status-Code=404 (Not Found) for "https://hx9ekpvvbi.execute-api.us-east-1.amazonaws.com/KaaS-ITG/v2/servicepin/000a5idCeamapCSoNzX5tlw5Icjp/CE995AR"  	[MsgId: MERR-26627]
ServicePin.c(8): Error -26627: HTTP Status-Code=404 (Not Found) for "https://hx9ekpvvbi.execute-api.us-east-1.amazonaws.com/KaaS-ITG/v2/servicepin/000a5idCeamapCSoNzX5tlw5Icjp/CE994AR"  	[MsgId: MERR-26627]
ServicePin.c(8): Error -26627: HTTP Status-Code=404 (Not Found) for "https://hx9ekpvvbi.execute-api.us-east-1.amazonaws.com/KaaS-ITG/v2/servicepin/000a5idCeamapCSoNzX5tlw5Icjp/CF082AR"  	[MsgId: MERR-26627]
ServicePin.c(8): Error -26627: HTTP Status-Code=404 (Not Found) for "https://hx9ekpvvbi.execute-api.us-east-1.amazonaws.com/KaaS-ITG/v2/servicepin/000a5idCeamapCSoNzX5tlw5Icjp/2GP05A"  	[MsgId: MERR-26627]
ServicePin.c(8): Error -26627: HTTP Status-Code=404 (Not Found) for "https://hx9ekpvvbi.execute-api.us-east-1.amazonaws.com/KaaS-ITG/v2/servicepin/000a5idCeamapCSoNzX5tlw5Icjp/CF083AR"  	[MsgId: MERR-26627]
ServicePin.c(8): Error -26627: HTTP Status-Code=404 (Not Found) for "https://hx9ekpvvbi.execute-api.us-east-1.amazonaws.com/KaaS-ITG/v2/servicepin/000a5idCeamapCSoNzX5tlw5Icjp/CE992AR"  	[MsgId: MERR-26627]
ServicePin.c(8): Error -26627: HTTP Status-Code=404 (Not Found) for "https://hx9ekpvvbi.execute-api.us-east-1.amazonaws.com/KaaS-ITG/v2/servicepin/000a5idCeamapCSoNzX5tlw5Icjp/CZ248AR"  	[MsgId: MERR-26627]
ServicePin.c(8): Error -26627: HTTP Status-Code=404 (Not Found) for "https://hx9ekpvvbi.execute-api.us-east-1.amazonaws.com/KaaS-ITG/v2/servicepin/000a5idCeamapCSoNzX5tlw5Icjp/5ZN96A"  	[MsgId: MERR-26627]
ServicePin.c(8): Error -26627: HTTP Status-Code=404 (Not Found) for "https://hx9ekpvvbi.execute-api.us-east-1.amazonaws.com/KaaS-ITG/v2/servicepin/000a5idCeamapCSoNzX5tlw5Icjp/B3G86AR"  	[MsgId: MERR-26627]
ServicePin.c(8): Error -26627: HTTP Status-Code=404 (Not Found) for "https://hx9ekpvvbi.execute-api.us-east-1.amazonaws.com/KaaS-ITG/v2/servicepin/000a5idCeamapCSoNzX5tlw5Icjp/CE992AR"  	[MsgId: MERR-26627]
ServicePin.c(8): Error -26627: HTTP Status-Code=404 (Not Found) for "https://hx9ekpvvbi.execute-api.us-east-1.amazonaws.com/KaaS-ITG/v2/servicepin/000a5idCeamapCSoNzX5tlw5Icjp/CZ258A"  	[MsgId: MERR-26627]
ServicePin.c(8): Error -26627: HTTP Status-Code=404 (Not Found) for "https://hx9ekpvvbi.execute-api.us-east-1.amazonaws.com/KaaS-ITG/v2/servicepin/000a5idCeamapCSoNzX5tlw5Icjp/B3G84AR"  	[MsgId: MERR-26627]
Warning: Iteration pacing cannot be reached (pace time = 3.58, actual time = 4.05).	[MsgId: MWAR-15995]
ServicePin.c(8): Error -26627: HTTP Status-Code=404 (Not Found) for "https://hx9ekpvvbi.execute-api.us-east-1.amazonaws.com/KaaS-ITG/v2/servicepin/000a5idCeamapCSoNzX5tlw5Icjp/5ZN88A"  	[MsgId: MERR-26627]
ServicePin.c(8): Error -26627: HTTP Status-Code=404 (Not Found) for "https://hx9ekpvvbi.execute-api.us-east-1.amazonaws.com/KaaS-ITG/v2/servicepin/000a5idCeamapCSoNzX5tlw5Icjp/CE992AR"  	[MsgId: MERR-26627]
ServicePin.c(8): Error -26627: HTTP Status-Code=404 (Not Found) for "https://hx9ekpvvbi.execute-api.us-east-1.amazonaws.com/KaaS-ITG/v2/servicepin/000a5idCeamapCSoNzX5tlw5Icjp/5ZN92A"  	[MsgId: MERR-26627]
Warning: Iteration pacing cannot be reached (pace time = 3.21, actual time = 3.75).	[MsgId: MWAR-15995]
ServicePin.c(8): Error -26627: HTTP Status-Code=404 (Not Found) for "https://hx9ekpvvbi.execute-api.us-east-1.amazonaws.com/KaaS-ITG/v2/servicepin/000a5idCeamapCSoNzX5tlw5Icjp/CZ249AR"  	[MsgId: MERR-26627]
ServicePin.c(8): Error -26627: HTTP Status-Code=404 (Not Found) for "https://hx9ekpvvbi.execute-api.us-east-1.amazonaws.com/KaaS-ITG/v2/servicepin/000a5idCeamapCSoNzX5tlw5Icjp/5ZN89A"  	[MsgId: MERR-26627]
Warning: Iteration pacing cannot be reached (pace time = 3.39, actual time = 3.81).	[MsgId: MWAR-15995]
ServicePin.c(8): Error -26627: HTTP Status-Code=404 (Not Found) for "https://hx9ekpvvbi.execute-api.us-east-1.amazonaws.com/KaaS-ITG/v2/servicepin/000a5idCeamapCSoNzX5tlw5Icjp/2GP10A"  	[MsgId: MERR-26627]
ServicePin.c(8): Error -26627: HTTP Status-Code=404 (Not Found) for "https://hx9ekpvvbi.execute-api.us-east-1.amazonaws.com/KaaS-ITG/v2/servicepin/000a5idCeamapCSoNzX5tlw5Icjp/CZ248AR"  	[MsgId: MERR-26627]
ServicePin.c(8): Error -26627: HTTP Status-Code=404 (Not Found) for "https://hx9ekpvvbi.execute-api.us-east-1.amazonaws.com/KaaS-ITG/v2/servicepin/000a5idCeamapCSoNzX5tlw5Icjp/B3G85AR"  	[MsgId: MERR-26627]
ServicePin.c(8): Error -26627: HTTP Status-Code=404 (Not Found) for "https://hx9ekpvvbi.execute-api.us-east-1.amazonaws.com/KaaS-ITG/v2/servicepin/000a5idCeamapCSoNzX5tlw5Icjp/5ZN97A"  	[MsgId: MERR-26627]
ServicePin.c(8): Error -26627: HTTP Status-Code=404 (Not Found) for "https://hx9ekpvvbi.execute-api.us-east-1.amazonaws.com/KaaS-ITG/v2/servicepin/000a5idCeamapCSoNzX5tlw5Icjp/CE996AR"  	[MsgId: MERR-26627]
ServicePin.c(8): Error -26627: HTTP Status-Code=404 (Not Found) for "https://hx9ekpvvbi.execute-api.us-east-1.amazonaws.com/KaaS-ITG/v2/servicepin/000a5idCeamapCSoNzX5tlw5Icjp/B3G86AR"  	[MsgId: MERR-26627]
Warning: Iteration pacing cannot be reached (pace time = 3.99, actual time = 9.17).	[MsgId: MWAR-15995]
ServicePin.c(8): Error -26627: HTTP Status-Code=404 (Not Found) for "https://hx9ekpvvbi.execute-api.us-east-1.amazonaws.com/KaaS-ITG/v2/servicepin/000a5idCeamapCSoNzX5tlw5Icjp/CZ255AR"  	[MsgId: MERR-26627]
Warning: Iteration pacing cannot be reached (pace time = 3.69, actual time = 4.59).	[MsgId: MWAR-15995]
ServicePin.c(8): Error -26627: HTTP Status-Code=404 (Not Found) for "https://hx9ekpvvbi.execute-api.us-east-1.amazonaws.com/KaaS-ITG/v2/servicepin/000a5idCeamapCSoNzX5tlw5Icjp/CF082AR"  	[MsgId: MERR-26627]
Warning: Iteration pacing cannot be reached (pace time = 3.32, actual time = 8.64).	[MsgId: MWAR-15995]
ServicePin.c(8): Error -26627: HTTP Status-Code=404 (Not Found) for "https://hx9ekpvvbi.execute-api.us-east-1.amazonaws.com/KaaS-ITG/v2/servicepin/000a5idCeamapCSoNzX5tlw5Icjp/CD646AR"  	[MsgId: MERR-26627]
Warning: Iteration pacing cannot be reached (pace time = 3.31, actual time = 4.26).	[MsgId: MWAR-15995]
Warning: Iteration pacing cannot be reached (pace time = 3.94, actual time = 5.12).	[MsgId: MWAR-15995]
ServicePin.c(8): Error -26627: HTTP Status-Code=404 (Not Found) for "https://hx9ekpvvbi.execute-api.us-east-1.amazonaws.com/KaaS-ITG/v2/servicepin/000a5idCeamapCSoNzX5tlw5Icjp/2CF59A"  	[MsgId: MERR-26627]
Warning: Iteration pacing cannot be reached (pace time = 3.17, actual time = 5.90).	[MsgId: MWAR-15995]
Warning: Iteration pacing cannot be reached (pace time = 3.10, actual time = 3.22).	[MsgId: MWAR-15995]
ServicePin.c(8): Error -26627: HTTP Status-Code=404 (Not Found) for "https://hx9ekpvvbi.execute-api.us-east-1.amazonaws.com/KaaS-ITG/v2/servicepin/000a5idCeamapCSoNzX5tlw5Icjp/CE990AR"  	[MsgId: MERR-26627]
ServicePin.c(8): Error -26627: HTTP Status-Code=404 (Not Found) for "https://hx9ekpvvbi.execute-api.us-east-1.amazonaws.com/KaaS-ITG/v2/servicepin/000a5idCeamapCSoNzX5tlw5Icjp/2GP05A"  	[MsgId: MERR-26627]
ServicePin.c(8): Error -26627: HTTP Status-Code=404 (Not Found) for "https://hx9ekpvvbi.execute-api.us-east-1.amazonaws.com/KaaS-ITG/v2/servicepin/000a5idCeamapCSoNzX5tlw5Icjp/5ZN96A"  	[MsgId: MERR-26627]
ServicePin.c(8): Error -26627: HTTP Status-Code=404 (Not Found) for "https://hx9ekpvvbi.execute-api.us-east-1.amazonaws.com/KaaS-ITG/v2/servicepin/000a5idCeamapCSoNzX5tlw5Icjp/CF083AR"  	[MsgId: MERR-26627]
Warning: Iteration pacing cannot be reached (pace time = 3.53, actual time = 5.26).	[MsgId: MWAR-15995]
ServicePin.c(8): Error -26627: HTTP Status-Code=404 (Not Found) for "https://hx9ekpvvbi.execute-api.us-east-1.amazonaws.com/KaaS-ITG/v2/servicepin/000a5idCeamapCSoNzX5tlw5Icjp/5ZN96A"  	[MsgId: MERR-26627]
ServicePin.c(8): Error -26627: HTTP Status-Code=404 (Not Found) for "https://hx9ekpvvbi.execute-api.us-east-1.amazonaws.com/KaaS-ITG/v2/servicepin/000a5idCeamapCSoNzX5tlw5Icjp/5ZN95A"  	[MsgId: MERR-26627]
ServicePin.c(8): Error -26627: HTTP Status-Code=404 (Not Found) for "https://hx9ekpvvbi.execute-api.us-east-1.amazonaws.com/KaaS-ITG/v2/servicepin/000a5idCeamapCSoNzX5tlw5Icjp/2CF57A"  	[MsgId: MERR-26627]
Warning: Iteration pacing cannot be reached (pace time = 3.51, actual time = 4.46).	[MsgId: MWAR-15995]
ServicePin.c(8): Error -26627: HTTP Status-Code=404 (Not Found) for "https://hx9ekpvvbi.execute-api.us-east-1.amazonaws.com/KaaS-ITG/v2/servicepin/000a5idCeamapCSoNzX5tlw5Icjp/5ZN94A"  	[MsgId: MERR-26627]
Warning: Iteration pacing cannot be reached (pace time = 3.45, actual time = 4.70).	[MsgId: MWAR-15995]
Warning: Iteration pacing cannot be reached (pace time = 3.83, actual time = 5.64).	[MsgId: MWAR-15995]
Warning: Iteration pacing cannot be reached (pace time = 3.22, actual time = 4.43).	[MsgId: MWAR-15995]
Warning: Iteration pacing cannot be reached (pace time = 3.90, actual time = 4.89).	[MsgId: MWAR-15995]
ServicePin.c(8): Error -26627: HTTP Status-Code=404 (Not Found) for "https://hx9ekpvvbi.execute-api.us-east-1.amazonaws.com/KaaS-ITG/v2/servicepin/000a5idCeamapCSoNzX5tlw5Icjp/5ZN89A"  	[MsgId: MERR-26627]
ServicePin.c(8): Error -26627: HTTP Status-Code=404 (Not Found) for "https://hx9ekpvvbi.execute-api.us-east-1.amazonaws.com/KaaS-ITG/v2/servicepin/000a5idCeamapCSoNzX5tlw5Icjp/2GP10A"  	[MsgId: MERR-26627]
ServicePin.c(8): Error -26627: HTTP Status-Code=404 (Not Found) for "https://hx9ekpvvbi.execute-api.us-east-1.amazonaws.com/KaaS-ITG/v2/servicepin/000a5idCeamapCSoNzX5tlw5Icjp/2GP17A"  	[MsgId: MERR-26627]
Warning: Iteration pacing cannot be reached (pace time = 3.54, actual time = 4.12).	[MsgId: MWAR-15995]
ServicePin.c(8): Error -26627: HTTP Status-Code=404 (Not Found) for "https://hx9ekpvvbi.execute-api.us-east-1.amazonaws.com/KaaS-ITG/v2/servicepin/000a5idCeamapCSoNzX5tlw5Icjp/J7Z10A"  	[MsgId: MERR-26627]
ServicePin.c(8): Error -26627: HTTP Status-Code=404 (Not Found) for "https://hx9ekpvvbi.execute-api.us-east-1.amazonaws.com/KaaS-ITG/v2/servicepin/000a5idCeamapCSoNzX5tlw5Icjp/2GP04A"  	[MsgId: MERR-26627]
ServicePin.c(8): Error -26627: HTTP Status-Code=404 (Not Found) for "https://hx9ekpvvbi.execute-api.us-east-1.amazonaws.com/KaaS-ITG/v2/servicepin/000a5idCeamapCSoNzX5tlw5Icjp/5ZN95A"  	[MsgId: MERR-26627]
Warning: Iteration pacing cannot be reached (pace time = 3.98, actual time = 5.11).	[MsgId: MWAR-15995]
Warning: Iteration pacing cannot be reached (pace time = 3.10, actual time = 4.21).	[MsgId: MWAR-15995]
Warning: Iteration pacing cannot be reached (pace time = 3.62, actual time = 4.04).	[MsgId: MWAR-15995]
Warning: Iteration pacing cannot be reached (pace time = 3.67, actual time = 4.66).	[MsgId: MWAR-15995]
ServicePin.c(8): Error -26627: HTTP Status-Code=404 (Not Found) for "https://hx9ekpvvbi.execute-api.us-east-1.amazonaws.com/KaaS-ITG/v2/servicepin/000a5idCeamapCSoNzX5tlw5Icjp/CZ251A"  	[MsgId: MERR-26627]
ServicePin.c(8): Error -26627: HTTP Status-Code=404 (Not Found) for "https://hx9ekpvvbi.execute-api.us-east-1.amazonaws.com/KaaS-ITG/v2/servicepin/000a5idCeamapCSoNzX5tlw5Icjp/CE991AR"  	[MsgId: MERR-26627]
ServicePin.c(8): Error -26627: HTTP Status-Code=404 (Not Found) for "https://hx9ekpvvbi.execute-api.us-east-1.amazonaws.com/KaaS-ITG/v2/servicepin/000a5idCeamapCSoNzX5tlw5Icjp/2CF57A"  	[MsgId: MERR-26627]
Warning: Iteration pacing cannot be reached (pace time = 3.10, actual time = 7.09).	[MsgId: MWAR-15995]
ServicePin.c(8): Error -26627: HTTP Status-Code=404 (Not Found) for "https://hx9ekpvvbi.execute-api.us-east-1.amazonaws.com/KaaS-ITG/v2/servicepin/000a5idCeamapCSoNzX5tlw5Icjp/2GP16A"  	[MsgId: MERR-26627]
ServicePin.c(8): Error -26627: HTTP Status-Code=404 (Not Found) for "https://hx9ekpvvbi.execute-api.us-east-1.amazonaws.com/KaaS-ITG/v2/servicepin/000a5idCeamapCSoNzX5tlw5Icjp/CD644AR"  	[MsgId: MERR-26627]
Warning: Iteration pacing cannot be reached (pace time = 3.46, actual time = 8.06).	[MsgId: MWAR-15995]
ServicePin.c(8): Error -26627: HTTP Status-Code=404 (Not Found) for "https://hx9ekpvvbi.execute-api.us-east-1.amazonaws.com/KaaS-ITG/v2/servicepin/000a5idCeamapCSoNzX5tlw5Icjp/2CF60A"  	[MsgId: MERR-26627]
ServicePin.c(8): Error -26627: HTTP Status-Code=404 (Not Found) for "https://hx9ekpvvbi.execute-api.us-east-1.amazonaws.com/KaaS-ITG/v2/servicepin/000a5idCeamapCSoNzX5tlw5Icjp/CF082AR"  	[MsgId: MERR-26627]
ServicePin.c(8): Error -26627: HTTP Status-Code=404 (Not Found) for "https://hx9ekpvvbi.execute-api.us-east-1.amazonaws.com/KaaS-ITG/v2/servicepin/000a5idCeamapCSoNzX5tlw5Icjp/CZ248AR"  	[MsgId: MERR-26627]
Warning: Iteration pacing cannot be reached (pace time = 3.66, actual time = 4.09).	[MsgId: MWAR-15995]
ServicePin.c(8): Error -26627: HTTP Status-Code=404 (Not Found) for "https://hx9ekpvvbi.execute-api.us-east-1.amazonaws.com/KaaS-ITG/v2/servicepin/000a5idCeamapCSoNzX5tlw5Icjp/5ZN95A"  	[MsgId: MERR-26627]
ServicePin.c(8): Error -26627: HTTP Status-Code=404 (Not Found) for "https://hx9ekpvvbi.execute-api.us-east-1.amazonaws.com/KaaS-ITG/v2/servicepin/000a5idCeamapCSoNzX5tlw5Icjp/2GP14A"  	[MsgId: MERR-26627]
Warning: Iteration pacing cannot be reached (pace time = 3.01, actual time = 3.66).	[MsgId: MWAR-15995]
Warning: Iteration pacing cannot be reached (pace time = 3.73, actual time = 4.45).	[MsgId: MWAR-15995]
Warning: Iteration pacing cannot be reached (pace time = 3.67, actual time = 4.05).	[MsgId: MWAR-15995]
ServicePin.c(8): Error -26627: HTTP Status-Code=404 (Not Found) for "https://hx9ekpvvbi.execute-api.us-east-1.amazonaws.com/KaaS-ITG/v2/servicepin/000a5idCeamapCSoNzX5tlw5Icjp/CZ255AR"  	[MsgId: MERR-26627]
ServicePin.c(8): Error -26627: HTTP Status-Code=404 (Not Found) for "https://hx9ekpvvbi.execute-api.us-east-1.amazonaws.com/KaaS-ITG/v2/servicepin/000a5idCeamapCSoNzX5tlw5Icjp/2GP16A"  	[MsgId: MERR-26627]
ServicePin.c(8): Error -26627: HTTP Status-Code=404 (Not Found) for "https://hx9ekpvvbi.execute-api.us-east-1.amazonaws.com/KaaS-ITG/v2/servicepin/000a5idCeamapCSoNzX5tlw5Icjp/CE996AR"  	[MsgId: MERR-26627]
Warning: Iteration pacing cannot be reached (pace time = 3.01, actual time = 3.94).	[MsgId: MWAR-15995]
Warning: Iteration pacing cannot be reached (pace time = 3.17, actual time = 4.08).	[MsgId: MWAR-15995]
ServicePin.c(8): Error -26627: HTTP Status-Code=404 (Not Found) for "https://hx9ekpvvbi.execute-api.us-east-1.amazonaws.com/KaaS-ITG/v2/servicepin/000a5idCeamapCSoNzX5tlw5Icjp/CE989AR"  	[MsgId: MERR-26627]
ServicePin.c(8): Error -26627: HTTP Status-Code=404 (Not Found) for "https://hx9ekpvvbi.execute-api.us-east-1.amazonaws.com/KaaS-ITG/v2/servicepin/000a5idCeamapCSoNzX5tlw5Icjp/B3G86AR"  	[MsgId: MERR-26627]
ServicePin.c(8): Error -26627: HTTP Status-Code=404 (Not Found) for "https://hx9ekpvvbi.execute-api.us-east-1.amazonaws.com/KaaS-ITG/v2/servicepin/000a5idCeamapCSoNzX5tlw5Icjp/2GP13A"  	[MsgId: MERR-26627]
Warning: Iteration pacing cannot be reached (pace time = 3.30, actual time = 5.41).	[MsgId: MWAR-15995]
ServicePin.c(8): Error -26627: HTTP Status-Code=404 (Not Found) for "https://hx9ekpvvbi.execute-api.us-east-1.amazonaws.com/KaaS-ITG/v2/servicepin/000a5idCeamapCSoNzX5tlw5Icjp/B3G84AR"  	[MsgId: MERR-26627]
ServicePin.c(8): Error -26627: HTTP Status-Code=404 (Not Found) for "https://hx9ekpvvbi.execute-api.us-east-1.amazonaws.com/KaaS-ITG/v2/servicepin/000a5idCeamapCSoNzX5tlw5Icjp/2GP05A"  	[MsgId: MERR-26627]
ServicePin.c(8): Error -26627: HTTP Status-Code=404 (Not Found) for "https://hx9ekpvvbi.execute-api.us-east-1.amazonaws.com/KaaS-ITG/v2/servicepin/000a5idCeamapCSoNzX5tlw5Icjp/CE992AR"  	[MsgId: MERR-26627]
ServicePin.c(8): Error -26627: HTTP Status-Code=404 (Not Found) for "https://hx9ekpvvbi.execute-api.us-east-1.amazonaws.com/KaaS-ITG/v2/servicepin/000a5idCeamapCSoNzX5tlw5Icjp/CE995AR"  	[MsgId: MERR-26627]
Warning: Iteration pacing cannot be reached (pace time = 3.08, actual time = 4.84).	[MsgId: MWAR-15995]
Warning: Iteration pacing cannot be reached (pace time = 3.65, actual time = 4.52).	[MsgId: MWAR-15995]
Warning: Iteration pacing cannot be reached (pace time = 3.37, actual time = 3.46).	[MsgId: MWAR-15995]
ServicePin.c(8): Error -26627: HTTP Status-Code=404 (Not Found) for "https://hx9ekpvvbi.execute-api.us-east-1.amazonaws.com/KaaS-ITG/v2/servicepin/000a5idCeamapCSoNzX5tlw5Icjp/CF083AR"  	[MsgId: MERR-26627]
ServicePin.c(8): Error -26627: HTTP Status-Code=404 (Not Found) for "https://hx9ekpvvbi.execute-api.us-east-1.amazonaws.com/KaaS-ITG/v2/servicepin/000a5idCeamapCSoNzX5tlw5Icjp/CE990AR"  	[MsgId: MERR-26627]
Warning: Iteration pacing cannot be reached (pace time = 3.42, actual time = 12.83).	[MsgId: MWAR-15995]
Warning: Iteration pacing cannot be reached (pace time = 3.68, actual time = 10.69).	[MsgId: MWAR-15995]
Warning: Iteration pacing cannot be reached (pace time = 3.02, actual time = 4.14).	[MsgId: MWAR-15995]
ServicePin.c(8): Error -26608: HTTP Status-Code=504 (Gateway Timeout) for "https://hx9ekpvvbi.execute-api.us-east-1.amazonaws.com/KaaS-ITG/v2/servicepin/000a5idCeamapCSoNzX5tlw5Icjp/J7Z09A"  	[MsgId: MERR-26608]
Warning: Iteration pacing cannot be reached (pace time = 3.04, actual time = 29.04).	[MsgId: MWAR-15995]
ServicePin.c(8): Error -26627: HTTP Status-Code=404 (Not Found) for "https://hx9ekpvvbi.execute-api.us-east-1.amazonaws.com/KaaS-ITG/v2/servicepin/000a5idCeamapCSoNzX5tlw5Icjp/2CF59A"  	[MsgId: MERR-26627]
ServicePin.c(8): Error -26627: HTTP Status-Code=404 (Not Found) for "https://hx9ekpvvbi.execute-api.us-east-1.amazonaws.com/KaaS-ITG/v2/servicepin/000a5idCeamapCSoNzX5tlw5Icjp/B3G84AR"  	[MsgId: MERR-26627]
ServicePin.c(8): Error -26627: HTTP Status-Code=404 (Not Found) for "https://hx9ekpvvbi.execute-api.us-east-1.amazonaws.com/KaaS-ITG/v2/servicepin/000a5idCeamapCSoNzX5tlw5Icjp/5ZN96A"  	[MsgId: MERR-26627]
ServicePin.c(8): Error -26627: HTTP Status-Code=404 (Not Found) for "https://hx9ekpvvbi.execute-api.us-east-1.amazonaws.com/KaaS-ITG/v2/servicepin/000a5idCeamapCSoNzX5tlw5Icjp/CZ256AR"  	[MsgId: MERR-26627]
ServicePin.c(8): Error -26627: HTTP Status-Code=404 (Not Found) for "https://hx9ekpvvbi.execute-api.us-east-1.amazonaws.com/KaaS-ITG/v2/servicepin/000a5idCeamapCSoNzX5tlw5Icjp/CZ249AR"  	[MsgId: MERR-26627]
ServicePin.c(8): Error -26627: HTTP Status-Code=404 (Not Found) for "https://hx9ekpvvbi.execute-api.us-east-1.amazonaws.com/KaaS-ITG/v2/servicepin/000a5idCeamapCSoNzX5tlw5Icjp/5ZN92A"  	[MsgId: MERR-26627]
Warning: Iteration pacing cannot be reached (pace time = 3.10, actual time = 4.23).	[MsgId: MWAR-15995]
ServicePin.c(8): Error -26627: HTTP Status-Code=404 (Not Found) for "https://hx9ekpvvbi.execute-api.us-east-1.amazonaws.com/KaaS-ITG/v2/servicepin/000a5idCeamapCSoNzX5tlw5Icjp/5ZN93A"  	[MsgId: MERR-26627]
Warning: Iteration pacing cannot be reached (pace time = 3.39, actual time = 4.48).	[MsgId: MWAR-15995]
Warning: Iteration pacing cannot be reached (pace time = 3.68, actual time = 25.76).	[MsgId: MWAR-15995]
ServicePin.c(8): Error -26608: HTTP Status-Code=504 (Gateway Timeout) for "https://hx9ekpvvbi.execute-api.us-east-1.amazonaws.com/KaaS-ITG/v2/servicepin/000a5idCeamapCSoNzX5tlw5Icjp/CD646A"  	[MsgId: MERR-26608]
Warning: Iteration pacing cannot be reached (pace time = 3.62, actual time = 29.05).	[MsgId: MWAR-15995]
ServicePin.c(8): Error -26627: HTTP Status-Code=404 (Not Found) for "https://hx9ekpvvbi.execute-api.us-east-1.amazonaws.com/KaaS-ITG/v2/servicepin/000a5idCeamapCSoNzX5tlw5Icjp/5ZN92A"  	[MsgId: MERR-26627]
Warning: Iteration pacing cannot be reached (pace time = 3.77, actual time = 4.72).	[MsgId: MWAR-15995]
ServicePin.c(8): Error -26627: HTTP Status-Code=404 (Not Found) for "https://hx9ekpvvbi.execute-api.us-east-1.amazonaws.com/KaaS-ITG/v2/servicepin/000a5idCeamapCSoNzX5tlw5Icjp/CZ256AR"  	[MsgId: MERR-26627]
ServicePin.c(8): Error -26627: HTTP Status-Code=404 (Not Found) for "https://hx9ekpvvbi.execute-api.us-east-1.amazonaws.com/KaaS-ITG/v2/servicepin/000a5idCeamapCSoNzX5tlw5Icjp/CZ248AR"  	[MsgId: MERR-26627]
Warning: Iteration pacing cannot be reached (pace time = 3.91, actual time = 7.01).	[MsgId: MWAR-15995]
Warning: Iteration pacing cannot be reached (pace time = 3.22, actual time = 3.29).	[MsgId: MWAR-15995]
Warning: Iteration pacing cannot be reached (pace time = 3.46, actual time = 4.29).	[MsgId: MWAR-15995]
Warning: Iteration pacing cannot be reached (pace time = 3.81, actual time = 3.98).	[MsgId: MWAR-15995]
Warning: Iteration pacing cannot be reached (pace time = 3.40, actual time = 5.57).	[MsgId: MWAR-15995]
Warning: Iteration pacing cannot be reached (pace time = 3.14, actual time = 5.21).	[MsgId: MWAR-15995]
ServicePin.c(8): Error -26627: HTTP Status-Code=404 (Not Found) for "https://hx9ekpvvbi.execute-api.us-east-1.amazonaws.com/KaaS-ITG/v2/servicepin/000a5idCeamapCSoNzX5tlw5Icjp/2GP07A"  	[MsgId: MERR-26627]
ServicePin.c(8): Error -26627: HTTP Status-Code=404 (Not Found) for "https://hx9ekpvvbi.execute-api.us-east-1.amazonaws.com/KaaS-ITG/v2/servicepin/000a5idCeamapCSoNzX5tlw5Icjp/CZ256AR"  	[MsgId: MERR-26627]
Warning: Iteration pacing cannot be reached (pace time = 3.08, actual time = 24.50).	[MsgId: MWAR-15995]
ServicePin.c(8): Error -26627: HTTP Status-Code=404 (Not Found) for "https://hx9ekpvvbi.execute-api.us-east-1.amazonaws.com/KaaS-ITG/v2/servicepin/000a5idCeamapCSoNzX5tlw5Icjp/CZ255AR"  	[MsgId: MERR-26627]
Warning: Iteration pacing cannot be reached (pace time = 3.18, actual time = 6.11).	[MsgId: MWAR-15995]
ServicePin.c(8): Error -26627: HTTP Status-Code=404 (Not Found) for "https://hx9ekpvvbi.execute-api.us-east-1.amazonaws.com/KaaS-ITG/v2/servicepin/000a5idCeamapCSoNzX5tlw5Icjp/2GP05A"  	[MsgId: MERR-26627]
Warning: Iteration pacing cannot be reached (pace time = 3.17, actual time = 3.33).	[MsgId: MWAR-15995]
ServicePin.c(8): Error -26627: HTTP Status-Code=404 (Not Found) for "https://hx9ekpvvbi.execute-api.us-east-1.amazonaws.com/KaaS-ITG/v2/servicepin/000a5idCeamapCSoNzX5tlw5Icjp/CE996AR"  	[MsgId: MERR-26627]
ServicePin.c(8): Error -26627: HTTP Status-Code=404 (Not Found) for "https://hx9ekpvvbi.execute-api.us-east-1.amazonaws.com/KaaS-ITG/v2/servicepin/000a5idCeamapCSoNzX5tlw5Icjp/CZ256AR"  	[MsgId: MERR-26627]
ServicePin.c(8): Error -26627: HTTP Status-Code=404 (Not Found) for "https://hx9ekpvvbi.execute-api.us-east-1.amazonaws.com/KaaS-ITG/v2/servicepin/000a5idCeamapCSoNzX5tlw5Icjp/CE992AR"  	[MsgId: MERR-26627]
Warning: Iteration pacing cannot be reached (pace time = 3.46, actual time = 6.17).	[MsgId: MWAR-15995]
ServicePin.c(8): Error -26627: HTTP Status-Code=404 (Not Found) for "https://hx9ekpvvbi.execute-api.us-east-1.amazonaws.com/KaaS-ITG/v2/servicepin/000a5idCeamapCSoNzX5tlw5Icjp/CE990AR"  	[MsgId: MERR-26627]
Warning: Iteration pacing cannot be reached (pace time = 3.68, actual time = 8.97).	[MsgId: MWAR-15995]
ServicePin.c(8): Error -26627: HTTP Status-Code=404 (Not Found) for "https://hx9ekpvvbi.execute-api.us-east-1.amazonaws.com/KaaS-ITG/v2/servicepin/000a5idCeamapCSoNzX5tlw5Icjp/B3G85AR"  	[MsgId: MERR-26627]
Warning: Iteration pacing cannot be reached (pace time = 3.16, actual time = 5.54).	[MsgId: MWAR-15995]
ServicePin.c(8): Error -26627: HTTP Status-Code=404 (Not Found) for "https://hx9ekpvvbi.execute-api.us-east-1.amazonaws.com/KaaS-ITG/v2/servicepin/000a5idCeamapCSoNzX5tlw5Icjp/CE991AR"  	[MsgId: MERR-26627]
Warning: Iteration pacing cannot be reached (pace time = 3.18, actual time = 3.63).	[MsgId: MWAR-15995]
ServicePin.c(8): Error -26627: HTTP Status-Code=404 (Not Found) for "https://hx9ekpvvbi.execute-api.us-east-1.amazonaws.com/KaaS-ITG/v2/servicepin/000a5idCeamapCSoNzX5tlw5Icjp/CF083AR"  	[MsgId: MERR-26627]
ServicePin.c(8): Error -26627: HTTP Status-Code=404 (Not Found) for "https://hx9ekpvvbi.execute-api.us-east-1.amazonaws.com/KaaS-ITG/v2/servicepin/000a5idCeamapCSoNzX5tlw5Icjp/CE993AR"  	[MsgId: MERR-26627]
Warning: Iteration pacing cannot be reached (pace time = 3.67, actual time = 4.53).	[MsgId: MWAR-15995]
Warning: Iteration pacing cannot be reached (pace time = 3.11, actual time = 4.08).	[MsgId: MWAR-15995]
Warning: Iteration pacing cannot be reached (pace time = 3.70, actual time = 4.72).	[MsgId: MWAR-15995]
ServicePin.c(8): Error -26627: HTTP Status-Code=404 (Not Found) for "https://hx9ekpvvbi.execute-api.us-east-1.amazonaws.com/KaaS-ITG/v2/servicepin/000a5idCeamapCSoNzX5tlw5Icjp/2GP17A"  	[MsgId: MERR-26627]
Warning: Iteration pacing cannot be reached (pace time = 3.12, actual time = 3.39).	[MsgId: MWAR-15995]
ServicePin.c(8): Error -26627: HTTP Status-Code=404 (Not Found) for "https://hx9ekpvvbi.execute-api.us-east-1.amazonaws.com/KaaS-ITG/v2/servicepin/000a5idCeamapCSoNzX5tlw5Icjp/CE990AR"  	[MsgId: MERR-26627]
ServicePin.c(8): Error -26627: HTTP Status-Code=404 (Not Found) for "https://hx9ekpvvbi.execute-api.us-east-1.amazonaws.com/KaaS-ITG/v2/servicepin/000a5idCeamapCSoNzX5tlw5Icjp/2CF57A"  	[MsgId: MERR-26627]
ServicePin.c(8): Error -26627: HTTP Status-Code=404 (Not Found) for "https://hx9ekpvvbi.execute-api.us-east-1.amazonaws.com/KaaS-ITG/v2/servicepin/000a5idCeamapCSoNzX5tlw5Icjp/2GP07A"  	[MsgId: MERR-26627]
ServicePin.c(8): Error -26627: HTTP Status-Code=404 (Not Found) for "https://hx9ekpvvbi.execute-api.us-east-1.amazonaws.com/KaaS-ITG/v2/servicepin/000a5idCeamapCSoNzX5tlw5Icjp/CZ258A"  	[MsgId: MERR-26627]
ServicePin.c(8): Error -26627: HTTP Status-Code=404 (Not Found) for "https://hx9ekpvvbi.execute-api.us-east-1.amazonaws.com/KaaS-ITG/v2/servicepin/000a5idCeamapCSoNzX5tlw5Icjp/2GP17A"  	[MsgId: MERR-26627]
ServicePin.c(8): Error -26627: HTTP Status-Code=404 (Not Found) for "https://hx9ekpvvbi.execute-api.us-east-1.amazonaws.com/KaaS-ITG/v2/servicepin/000a5idCeamapCSoNzX5tlw5Icjp/CE990AR"  	[MsgId: MERR-26627]
Warning: Iteration pacing cannot be reached (pace time = 3.37, actual time = 3.66).	[MsgId: MWAR-15995]
Warning: Iteration pacing cannot be reached (pace time = 3.48, actual time = 4.83).	[MsgId: MWAR-15995]
ServicePin.c(8): Error -26627: HTTP Status-Code=404 (Not Found) for "https://hx9ekpvvbi.execute-api.us-east-1.amazonaws.com/KaaS-ITG/v2/servicepin/000a5idCeamapCSoNzX5tlw5Icjp/B3G86AR"  	[MsgId: MERR-26627]
Warning: Iteration pacing cannot be reached (pace time = 3.78, actual time = 4.76).	[MsgId: MWAR-15995]
ServicePin.c(8): Error -26627: HTTP Status-Code=404 (Not Found) for "https://hx9ekpvvbi.execute-api.us-east-1.amazonaws.com/KaaS-ITG/v2/servicepin/000a5idCeamapCSoNzX5tlw5Icjp/F3J54A"  	[MsgId: MERR-26627]
ServicePin.c(8): Error -26627: HTTP Status-Code=404 (Not Found) for "https://hx9ekpvvbi.execute-api.us-east-1.amazonaws.com/KaaS-ITG/v2/servicepin/000a5idCeamapCSoNzX5tlw5Icjp/CE990AR"  	[MsgId: MERR-26627]
Warning: Iteration pacing cannot be reached (pace time = 3.26, actual time = 4.67).	[MsgId: MWAR-15995]
ServicePin.c(8): Error -26627: HTTP Status-Code=404 (Not Found) for "https://hx9ekpvvbi.execute-api.us-east-1.amazonaws.com/KaaS-ITG/v2/servicepin/000a5idCeamapCSoNzX5tlw5Icjp/B3G86AR"  	[MsgId: MERR-26627]
Warning: Iteration pacing cannot be reached (pace time = 3.42, actual time = 3.57).	[MsgId: MWAR-15995]
ServicePin.c(8): Error -26627: HTTP Status-Code=404 (Not Found) for "https://hx9ekpvvbi.execute-api.us-east-1.amazonaws.com/KaaS-ITG/v2/servicepin/000a5idCeamapCSoNzX5tlw5Icjp/5ZN94A"  	[MsgId: MERR-26627]
Warning: Iteration pacing cannot be reached (pace time = 3.54, actual time = 5.09).	[MsgId: MWAR-15995]
Warning: Iteration pacing cannot be reached (pace time = 3.84, actual time = 7.04).	[MsgId: MWAR-15995]
Warning: Iteration pacing cannot be reached (pace time = 3.57, actual time = 5.13).	[MsgId: MWAR-15995]
ServicePin.c(8): Error -26627: HTTP Status-Code=404 (Not Found) for "https://hx9ekpvvbi.execute-api.us-east-1.amazonaws.com/KaaS-ITG/v2/servicepin/000a5idCeamapCSoNzX5tlw5Icjp/CE989AR"  	[MsgId: MERR-26627]
Warning: Iteration pacing cannot be reached (pace time = 3.59, actual time = 5.61).	[MsgId: MWAR-15995]
ServicePin.c(8): Error -26627: HTTP Status-Code=404 (Not Found) for "https://hx9ekpvvbi.execute-api.us-east-1.amazonaws.com/KaaS-ITG/v2/servicepin/000a5idCeamapCSoNzX5tlw5Icjp/2GP17A"  	[MsgId: MERR-26627]
ServicePin.c(8): Error -26627: HTTP Status-Code=404 (Not Found) for "https://hx9ekpvvbi.execute-api.us-east-1.amazonaws.com/KaaS-ITG/v2/servicepin/000a5idCeamapCSoNzX5tlw5Icjp/2GP16A"  	[MsgId: MERR-26627]
Warning: Iteration pacing cannot be reached (pace time = 3.65, actual time = 4.69).	[MsgId: MWAR-15995]
Warning: Iteration pacing cannot be reached (pace time = 3.27, actual time = 3.58).	[MsgId: MWAR-15995]
ServicePin.c(8): Error -26627: HTTP Status-Code=404 (Not Found) for "https://hx9ekpvvbi.execute-api.us-east-1.amazonaws.com/KaaS-ITG/v2/servicepin/000a5idCeamapCSoNzX5tlw5Icjp/2GP05A"  	[MsgId: MERR-26627]
Warning: Iteration pacing cannot be reached (pace time = 3.53, actual time = 5.14).	[MsgId: MWAR-15995]
ServicePin.c(8): Error -26627: HTTP Status-Code=404 (Not Found) for "https://hx9ekpvvbi.execute-api.us-east-1.amazonaws.com/KaaS-ITG/v2/servicepin/000a5idCeamapCSoNzX5tlw5Icjp/5ZN89A"  	[MsgId: MERR-26627]
Warning: Iteration pacing cannot be reached (pace time = 3.06, actual time = 3.57).	[MsgId: MWAR-15995]
Warning: Iteration pacing cannot be reached (pace time = 3.73, actual time = 5.60).	[MsgId: MWAR-15995]
ServicePin.c(8): Error -26627: HTTP Status-Code=404 (Not Found) for "https://hx9ekpvvbi.execute-api.us-east-1.amazonaws.com/KaaS-ITG/v2/servicepin/000a5idCeamapCSoNzX5tlw5Icjp/CF083AR"  	[MsgId: MERR-26627]
ServicePin.c(8): Error -26627: HTTP Status-Code=404 (Not Found) for "https://hx9ekpvvbi.execute-api.us-east-1.amazonaws.com/KaaS-ITG/v2/servicepin/000a5idCeamapCSoNzX5tlw5Icjp/B3G84AR"  	[MsgId: MERR-26627]
Warning: Iteration pacing cannot be reached (pace time = 3.09, actual time = 6.27).	[MsgId: MWAR-15995]
ServicePin.c(8): Error -26627: HTTP Status-Code=404 (Not Found) for "https://hx9ekpvvbi.execute-api.us-east-1.amazonaws.com/KaaS-ITG/v2/servicepin/000a5idCeamapCSoNzX5tlw5Icjp/CZ257AR"  	[MsgId: MERR-26627]
Warning: Iteration pacing cannot be reached (pace time = 3.48, actual time = 4.52).	[MsgId: MWAR-15995]
ServicePin.c(8): Error -26627: HTTP Status-Code=404 (Not Found) for "https://hx9ekpvvbi.execute-api.us-east-1.amazonaws.com/KaaS-ITG/v2/servicepin/000a5idCeamapCSoNzX5tlw5Icjp/CZ249AR"  	[MsgId: MERR-26627]
Warning: Iteration pacing cannot be reached (pace time = 3.21, actual time = 4.56).	[MsgId: MWAR-15995]
Warning: Iteration pacing cannot be reached (pace time = 3.19, actual time = 22.02).	[MsgId: MWAR-15995]
ServicePin.c(8): Error -26627: HTTP Status-Code=404 (Not Found) for "https://hx9ekpvvbi.execute-api.us-east-1.amazonaws.com/KaaS-ITG/v2/servicepin/000a5idCeamapCSoNzX5tlw5Icjp/CE996AR"  	[MsgId: MERR-26627]
ServicePin.c(8): Error -26608: HTTP Status-Code=504 (Gateway Timeout) for "https://hx9ekpvvbi.execute-api.us-east-1.amazonaws.com/KaaS-ITG/v2/servicepin/000a5idCeamapCSoNzX5tlw5Icjp/2CF59A"  	[MsgId: MERR-26608]
Warning: Iteration pacing cannot be reached (pace time = 3.77, actual time = 29.04).	[MsgId: MWAR-15995]
Warning: Iteration pacing cannot be reached (pace time = 3.62, actual time = 11.15).	[MsgId: MWAR-15995]
ServicePin.c(8): Error -26627: HTTP Status-Code=404 (Not Found) for "https://hx9ekpvvbi.execute-api.us-east-1.amazonaws.com/KaaS-ITG/v2/servicepin/000a5idCeamapCSoNzX5tlw5Icjp/CZ258A"  	[MsgId: MERR-26627]
ServicePin.c(8): Error -26627: HTTP Status-Code=404 (Not Found) for "https://hx9ekpvvbi.execute-api.us-east-1.amazonaws.com/KaaS-ITG/v2/servicepin/000a5idCeamapCSoNzX5tlw5Icjp/CZ251A"  	[MsgId: MERR-26627]
ServicePin.c(8): Error -26627: HTTP Status-Code=404 (Not Found) for "https://hx9ekpvvbi.execute-api.us-east-1.amazonaws.com/KaaS-ITG/v2/servicepin/000a5idCeamapCSoNzX5tlw5Icjp/CE994AR"  	[MsgId: MERR-26627]
ServicePin.c(8): Error -26627: HTTP Status-Code=404 (Not Found) for "https://hx9ekpvvbi.execute-api.us-east-1.amazonaws.com/KaaS-ITG/v2/servicepin/000a5idCeamapCSoNzX5tlw5Icjp/CE989AR"  	[MsgId: MERR-26627]
ServicePin.c(8): Error -26627: HTTP Status-Code=404 (Not Found) for "https://hx9ekpvvbi.execute-api.us-east-1.amazonaws.com/KaaS-ITG/v2/servicepin/000a5idCeamapCSoNzX5tlw5Icjp/B3G86AR"  	[MsgId: MERR-26627]
Warning: Iteration pacing cannot be reached (pace time = 3.20, actual time = 16.11).	[MsgId: MWAR-15995]
ServicePin.c(8): Error -26627: HTTP Status-Code=404 (Not Found) for "https://hx9ekpvvbi.execute-api.us-east-1.amazonaws.com/KaaS-ITG/v2/servicepin/000a5idCeamapCSoNzX5tlw5Icjp/CF083AR"  	[MsgId: MERR-26627]
ServicePin.c(8): Error -26627: HTTP Status-Code=404 (Not Found) for "https://hx9ekpvvbi.execute-api.us-east-1.amazonaws.com/KaaS-ITG/v2/servicepin/000a5idCeamapCSoNzX5tlw5Icjp/CZ250AR"  	[MsgId: MERR-26627]
Warning: Iteration pacing cannot be reached (pace time = 3.24, actual time = 3.77).	[MsgId: MWAR-15995]
ServicePin.c(8): Error -26627: HTTP Status-Code=404 (Not Found) for "https://hx9ekpvvbi.execute-api.us-east-1.amazonaws.com/KaaS-ITG/v2/servicepin/000a5idCeamapCSoNzX5tlw5Icjp/2GP11A"  	[MsgId: MERR-26627]
Warning: Iteration pacing cannot be reached (pace time = 3.33, actual time = 6.40).	[MsgId: MWAR-15995]
ServicePin.c(8): Error -26627: HTTP Status-Code=404 (Not Found) for "https://hx9ekpvvbi.execute-api.us-east-1.amazonaws.com/KaaS-ITG/v2/servicepin/000a5idCeamapCSoNzX5tlw5Icjp/5ZN88A"  	[MsgId: MERR-26627]
Warning: Iteration pacing cannot be reached (pace time = 3.64, actual time = 7.63).	[MsgId: MWAR-15995]
Warning: Iteration pacing cannot be reached (pace time = 3.25, actual time = 3.34).	[MsgId: MWAR-15995]
ServicePin.c(8): Error -26627: HTTP Status-Code=404 (Not Found) for "https://hx9ekpvvbi.execute-api.us-east-1.amazonaws.com/KaaS-ITG/v2/servicepin/000a5idCeamapCSoNzX5tlw5Icjp/5ZN97A"  	[MsgId: MERR-26627]
Warning: Iteration pacing cannot be reached (pace time = 3.50, actual time = 4.14).	[MsgId: MWAR-15995]
ServicePin.c(8): Error -26627: HTTP Status-Code=404 (Not Found) for "https://hx9ekpvvbi.execute-api.us-east-1.amazonaws.com/KaaS-ITG/v2/servicepin/000a5idCeamapCSoNzX5tlw5Icjp/CD646AR"  	[MsgId: MERR-26627]
Warning: Iteration pacing cannot be reached (pace time = 3.17, actual time = 3.60).	[MsgId: MWAR-15995]
Warning: Iteration pacing cannot be reached (pace time = 3.10, actual time = 5.61).	[MsgId: MWAR-15995]
ServicePin.c(8): Error -26627: HTTP Status-Code=404 (Not Found) for "https://hx9ekpvvbi.execute-api.us-east-1.amazonaws.com/KaaS-ITG/v2/servicepin/000a5idCeamapCSoNzX5tlw5Icjp/CF083AR"  	[MsgId: MERR-26627]
ServicePin.c(8): Error -26627: HTTP Status-Code=404 (Not Found) for "https://hx9ekpvvbi.execute-api.us-east-1.amazonaws.com/KaaS-ITG/v2/servicepin/000a5idCeamapCSoNzX5tlw5Icjp/5ZN96A"  	[MsgId: MERR-26627]
ServicePin.c(8): Error -26627: HTTP Status-Code=404 (Not Found) for "https://hx9ekpvvbi.execute-api.us-east-1.amazonaws.com/KaaS-ITG/v2/servicepin/000a5idCeamapCSoNzX5tlw5Icjp/2GP17A"  	[MsgId: MERR-26627]
ServicePin.c(8): Error -26627: HTTP Status-Code=404 (Not Found) for "https://hx9ekpvvbi.execute-api.us-east-1.amazonaws.com/KaaS-ITG/v2/servicepin/000a5idCeamapCSoNzX5tlw5Icjp/CZ258A"  	[MsgId: MERR-26627]
ServicePin.c(8): Error -26627: HTTP Status-Code=404 (Not Found) for "https://hx9ekpvvbi.execute-api.us-east-1.amazonaws.com/KaaS-ITG/v2/servicepin/000a5idCeamapCSoNzX5tlw5Icjp/CD644AR"  	[MsgId: MERR-26627]
Warning: Iteration pacing cannot be reached (pace time = 3.10, actual time = 3.11).	[MsgId: MWAR-15995]
ServicePin.c(8): Error -26627: HTTP Status-Code=404 (Not Found) for "https://hx9ekpvvbi.execute-api.us-east-1.amazonaws.com/KaaS-ITG/v2/servicepin/000a5idCeamapCSoNzX5tlw5Icjp/CE989AR"  	[MsgId: MERR-26627]
Warning: Iteration pacing cannot be reached (pace time = 3.60, actual time = 5.93).	[MsgId: MWAR-15995]
ServicePin.c(8): Error -26627: HTTP Status-Code=404 (Not Found) for "https://hx9ekpvvbi.execute-api.us-east-1.amazonaws.com/KaaS-ITG/v2/servicepin/000a5idCeamapCSoNzX5tlw5Icjp/2CF60A"  	[MsgId: MERR-26627]
ServicePin.c(8): Error -26627: HTTP Status-Code=404 (Not Found) for "https://hx9ekpvvbi.execute-api.us-east-1.amazonaws.com/KaaS-ITG/v2/servicepin/000a5idCeamapCSoNzX5tlw5Icjp/CE990AR"  	[MsgId: MERR-26627]
Warning: Iteration pacing cannot be reached (pace time = 3.32, actual time = 4.59).	[MsgId: MWAR-15995]
ServicePin.c(8): Error -26627: HTTP Status-Code=404 (Not Found) for "https://hx9ekpvvbi.execute-api.us-east-1.amazonaws.com/KaaS-ITG/v2/servicepin/000a5idCeamapCSoNzX5tlw5Icjp/CE993AR"  	[MsgId: MERR-26627]
ServicePin.c(8): Error -26627: HTTP Status-Code=404 (Not Found) for "https://hx9ekpvvbi.execute-api.us-east-1.amazonaws.com/KaaS-ITG/v2/servicepin/000a5idCeamapCSoNzX5tlw5Icjp/5ZN94A"  	[MsgId: MERR-26627]
ServicePin.c(8): Error -26627: HTTP Status-Code=404 (Not Found) for "https://hx9ekpvvbi.execute-api.us-east-1.amazonaws.com/KaaS-ITG/v2/servicepin/000a5idCeamapCSoNzX5tlw5Icjp/2GP07A"  	[MsgId: MERR-26627]
Warning: Iteration pacing cannot be reached (pace time = 3.52, actual time = 4.08).	[MsgId: MWAR-15995]
ServicePin.c(8): Error -26627: HTTP Status-Code=404 (Not Found) for "https://hx9ekpvvbi.execute-api.us-east-1.amazonaws.com/KaaS-ITG/v2/servicepin/000a5idCeamapCSoNzX5tlw5Icjp/2CF60A"  	[MsgId: MERR-26627]
ServicePin.c(8): Error -26627: HTTP Status-Code=404 (Not Found) for "https://hx9ekpvvbi.execute-api.us-east-1.amazonaws.com/KaaS-ITG/v2/servicepin/000a5idCeamapCSoNzX5tlw5Icjp/2GP16A"  	[MsgId: MERR-26627]
ServicePin.c(8): Error -26627: HTTP Status-Code=404 (Not Found) for "https://hx9ekpvvbi.execute-api.us-east-1.amazonaws.com/KaaS-ITG/v2/servicepin/000a5idCeamapCSoNzX5tlw5Icjp/B3G85AR"  	[MsgId: MERR-26627]
ServicePin.c(8): Error -26627: HTTP Status-Code=404 (Not Found) for "https://hx9ekpvvbi.execute-api.us-east-1.amazonaws.com/KaaS-ITG/v2/servicepin/000a5idCeamapCSoNzX5tlw5Icjp/F3J54A"  	[MsgId: MERR-26627]
ServicePin.c(8): Error -26627: HTTP Status-Code=404 (Not Found) for "https://hx9ekpvvbi.execute-api.us-east-1.amazonaws.com/KaaS-ITG/v2/servicepin/000a5idCeamapCSoNzX5tlw5Icjp/2CF57A"  	[MsgId: MERR-26627]
ServicePin.c(8): Error -26627: HTTP Status-Code=404 (Not Found) for "https://hx9ekpvvbi.execute-api.us-east-1.amazonaws.com/KaaS-ITG/v2/servicepin/000a5idCeamapCSoNzX5tlw5Icjp/2CF59A"  	[MsgId: MERR-26627]
ServicePin.c(8): Error -26627: HTTP Status-Code=404 (Not Found) for "https://hx9ekpvvbi.execute-api.us-east-1.amazonaws.com/KaaS-ITG/v2/servicepin/000a5idCeamapCSoNzX5tlw5Icjp/CE993AR"  	[MsgId: MERR-26627]
ServicePin.c(8): Error -26627: HTTP Status-Code=404 (Not Found) for "https://hx9ekpvvbi.execute-api.us-east-1.amazonaws.com/KaaS-ITG/v2/servicepin/000a5idCeamapCSoNzX5tlw5Icjp/1PV89A"  	[MsgId: MERR-26627]
Warning: Iteration pacing cannot be reached (pace time = 3.83, actual time = 6.90).	[MsgId: MWAR-15995]
ServicePin.c(8): Error -26627: HTTP Status-Code=404 (Not Found) for "https://hx9ekpvvbi.execute-api.us-east-1.amazonaws.com/KaaS-ITG/v2/servicepin/000a5idCeamapCSoNzX5tlw5Icjp/CE990AR"  	[MsgId: MERR-26627]
ServicePin.c(8): Error -26627: HTTP Status-Code=404 (Not Found) for "https://hx9ekpvvbi.execute-api.us-east-1.amazonaws.com/KaaS-ITG/v2/servicepin/000a5idCeamapCSoNzX5tlw5Icjp/2GP10A"  	[MsgId: MERR-26627]
Warning: Iteration pacing cannot be reached (pace time = 3.96, actual time = 6.22).	[MsgId: MWAR-15995]
ServicePin.c(8): Error -26627: HTTP Status-Code=404 (Not Found) for "https://hx9ekpvvbi.execute-api.us-east-1.amazonaws.com/KaaS-ITG/v2/servicepin/000a5idCeamapCSoNzX5tlw5Icjp/2CF60A"  	[MsgId: MERR-26627]
ServicePin.c(8): Error -26627: HTTP Status-Code=404 (Not Found) for "https://hx9ekpvvbi.execute-api.us-east-1.amazonaws.com/KaaS-ITG/v2/servicepin/000a5idCeamapCSoNzX5tlw5Icjp/CZ251V"  	[MsgId: MERR-26627]
ServicePin.c(8): Error -26627: HTTP Status-Code=404 (Not Found) for "https://hx9ekpvvbi.execute-api.us-east-1.amazonaws.com/KaaS-ITG/v2/servicepin/000a5idCeamapCSoNzX5tlw5Icjp/F3J54A"  	[MsgId: MERR-26627]
ServicePin.c(8): Error -26627: HTTP Status-Code=404 (Not Found) for "https://hx9ekpvvbi.execute-api.us-east-1.amazonaws.com/KaaS-ITG/v2/servicepin/000a5idCeamapCSoNzX5tlw5Icjp/CE993AR"  	[MsgId: MERR-26627]
Warning: Iteration pacing cannot be reached (pace time = 3.13, actual time = 3.68).	[MsgId: MWAR-15995]
ServicePin.c(8): Error -26627: HTTP Status-Code=404 (Not Found) for "https://hx9ekpvvbi.execute-api.us-east-1.amazonaws.com/KaaS-ITG/v2/servicepin/000a5idCeamapCSoNzX5tlw5Icjp/2GP11A"  	[MsgId: MERR-26627]
Warning: Iteration pacing cannot be reached (pace time = 3.05, actual time = 3.77).	[MsgId: MWAR-15995]
Warning: Iteration pacing cannot be reached (pace time = 3.94, actual time = 5.87).	[MsgId: MWAR-15995]
Warning: Iteration pacing cannot be reached (pace time = 3.73, actual time = 4.06).	[MsgId: MWAR-15995]
ServicePin.c(8): Error -26627: HTTP Status-Code=404 (Not Found) for "https://hx9ekpvvbi.execute-api.us-east-1.amazonaws.com/KaaS-ITG/v2/servicepin/000a5idCeamapCSoNzX5tlw5Icjp/2GP17A"  	[MsgId: MERR-26627]
ServicePin.c(8): Error -26627: HTTP Status-Code=404 (Not Found) for "https://hx9ekpvvbi.execute-api.us-east-1.amazonaws.com/KaaS-ITG/v2/servicepin/000a5idCeamapCSoNzX5tlw5Icjp/CZ251V"  	[MsgId: MERR-26627]
Warning: Iteration pacing cannot be reached (pace time = 3.49, actual time = 7.42).	[MsgId: MWAR-15995]
ServicePin.c(8): Error -26627: HTTP Status-Code=404 (Not Found) for "https://hx9ekpvvbi.execute-api.us-east-1.amazonaws.com/KaaS-ITG/v2/servicepin/000a5idCeamapCSoNzX5tlw5Icjp/2CF56A"  	[MsgId: MERR-26627]
ServicePin.c(8): Error -26627: HTTP Status-Code=404 (Not Found) for "https://hx9ekpvvbi.execute-api.us-east-1.amazonaws.com/KaaS-ITG/v2/servicepin/000a5idCeamapCSoNzX5tlw5Icjp/CF081AR"  	[MsgId: MERR-26627]
ServicePin.c(8): Error -26627: HTTP Status-Code=404 (Not Found) for "https://hx9ekpvvbi.execute-api.us-east-1.amazonaws.com/KaaS-ITG/v2/servicepin/000a5idCeamapCSoNzX5tlw5Icjp/CF081AR"  	[MsgId: MERR-26627]
Warning: Iteration pacing cannot be reached (pace time = 3.82, actual time = 4.42).	[MsgId: MWAR-15995]
ServicePin.c(8): Error -26627: HTTP Status-Code=404 (Not Found) for "https://hx9ekpvvbi.execute-api.us-east-1.amazonaws.com/KaaS-ITG/v2/servicepin/000a5idCeamapCSoNzX5tlw5Icjp/B3G86AR"  	[MsgId: MERR-26627]
Warning: Iteration pacing cannot be reached (pace time = 3.88, actual time = 10.75).	[MsgId: MWAR-15995]
ServicePin.c(8): Error -26627: HTTP Status-Code=404 (Not Found) for "https://hx9ekpvvbi.execute-api.us-east-1.amazonaws.com/KaaS-ITG/v2/servicepin/000a5idCeamapCSoNzX5tlw5Icjp/2GP07A"  	[MsgId: MERR-26627]
Warning: Iteration pacing cannot be reached (pace time = 3.32, actual time = 3.64).	[MsgId: MWAR-15995]
ServicePin.c(8): Error -26627: HTTP Status-Code=404 (Not Found) for "https://hx9ekpvvbi.execute-api.us-east-1.amazonaws.com/KaaS-ITG/v2/servicepin/000a5idCeamapCSoNzX5tlw5Icjp/2CF59A"  	[MsgId: MERR-26627]
ServicePin.c(8): Error -26627: HTTP Status-Code=404 (Not Found) for "https://hx9ekpvvbi.execute-api.us-east-1.amazonaws.com/KaaS-ITG/v2/servicepin/000a5idCeamapCSoNzX5tlw5Icjp/2GP17A"  	[MsgId: MERR-26627]
Warning: Iteration pacing cannot be reached (pace time = 3.66, actual time = 4.96).	[MsgId: MWAR-15995]
ServicePin.c(8): Error -26627: HTTP Status-Code=404 (Not Found) for "https://hx9ekpvvbi.execute-api.us-east-1.amazonaws.com/KaaS-ITG/v2/servicepin/000a5idCeamapCSoNzX5tlw5Icjp/2GP16A"  	[MsgId: MERR-26627]
Warning: Iteration pacing cannot be reached (pace time = 3.75, actual time = 5.23).	[MsgId: MWAR-15995]
ServicePin.c(8): Error -26627: HTTP Status-Code=404 (Not Found) for "https://hx9ekpvvbi.execute-api.us-east-1.amazonaws.com/KaaS-ITG/v2/servicepin/000a5idCeamapCSoNzX5tlw5Icjp/2GP11A"  	[MsgId: MERR-26627]
Warning: Iteration pacing cannot be reached (pace time = 3.50, actual time = 6.21).	[MsgId: MWAR-15995]
ServicePin.c(8): Error -26627: HTTP Status-Code=404 (Not Found) for "https://hx9ekpvvbi.execute-api.us-east-1.amazonaws.com/KaaS-ITG/v2/servicepin/000a5idCeamapCSoNzX5tlw5Icjp/2GP05A"  	[MsgId: MERR-26627]
Warning: Iteration pacing cannot be reached (pace time = 3.05, actual time = 3.16).	[MsgId: MWAR-15995]
Warning: Iteration pacing cannot be reached (pace time = 3.87, actual time = 5.20).	[MsgId: MWAR-15995]
ServicePin.c(8): Error -26627: HTTP Status-Code=404 (Not Found) for "https://hx9ekpvvbi.execute-api.us-east-1.amazonaws.com/KaaS-ITG/v2/servicepin/000a5idCeamapCSoNzX5tlw5Icjp/B3G86AR"  	[MsgId: MERR-26627]
Warning: Iteration pacing cannot be reached (pace time = 3.04, actual time = 8.13).	[MsgId: MWAR-15995]
ServicePin.c(8): Error -26627: HTTP Status-Code=404 (Not Found) for "https://hx9ekpvvbi.execute-api.us-east-1.amazonaws.com/KaaS-ITG/v2/servicepin/000a5idCeamapCSoNzX5tlw5Icjp/B3G86AR"  	[MsgId: MERR-26627]
ServicePin.c(8): Error -26627: HTTP Status-Code=404 (Not Found) for "https://hx9ekpvvbi.execute-api.us-east-1.amazonaws.com/KaaS-ITG/v2/servicepin/000a5idCeamapCSoNzX5tlw5Icjp/CF083AR"  	[MsgId: MERR-26627]
ServicePin.c(8): Error -26627: HTTP Status-Code=404 (Not Found) for "https://hx9ekpvvbi.execute-api.us-east-1.amazonaws.com/KaaS-ITG/v2/servicepin/000a5idCeamapCSoNzX5tlw5Icjp/CE989AR"  	[MsgId: MERR-26627]
Warning: Iteration pacing cannot be reached (pace time = 3.35, actual time = 3.84).	[MsgId: MWAR-15995]
Warning: Iteration pacing cannot be reached (pace time = 3.20, actual time = 5.69).	[MsgId: MWAR-15995]
Warning: Iteration pacing cannot be reached (pace time = 3.18, actual time = 6.99).	[MsgId: MWAR-15995]
ServicePin.c(8): Error -26627: HTTP Status-Code=404 (Not Found) for "https://hx9ekpvvbi.execute-api.us-east-1.amazonaws.com/KaaS-ITG/v2/servicepin/000a5idCeamapCSoNzX5tlw5Icjp/2GP17A"  	[MsgId: MERR-26627]
Warning: Iteration pacing cannot be reached (pace time = 3.82, actual time = 5.75).	[MsgId: MWAR-15995]
Warning: Iteration pacing cannot be reached (pace time = 3.53, actual time = 7.92).	[MsgId: MWAR-15995]
ServicePin.c(8): Error -26627: HTTP Status-Code=404 (Not Found) for "https://hx9ekpvvbi.execute-api.us-east-1.amazonaws.com/KaaS-ITG/v2/servicepin/000a5idCeamapCSoNzX5tlw5Icjp/CZ250AR"  	[MsgId: MERR-26627]
ServicePin.c(8): Error -26627: HTTP Status-Code=404 (Not Found) for "https://hx9ekpvvbi.execute-api.us-east-1.amazonaws.com/KaaS-ITG/v2/servicepin/000a5idCeamapCSoNzX5tlw5Icjp/2GP17A"  	[MsgId: MERR-26627]
Warning: Iteration pacing cannot be reached (pace time = 3.70, actual time = 4.29).	[MsgId: MWAR-15995]
ServicePin.c(8): Error -26627: HTTP Status-Code=404 (Not Found) for "https://hx9ekpvvbi.execute-api.us-east-1.amazonaws.com/KaaS-ITG/v2/servicepin/000a5idCeamapCSoNzX5tlw5Icjp/CZ255AR"  	[MsgId: MERR-26627]
Warning: Iteration pacing cannot be reached (pace time = 3.40, actual time = 8.22).	[MsgId: MWAR-15995]
ServicePin.c(8): Error -26627: HTTP Status-Code=404 (Not Found) for "https://hx9ekpvvbi.execute-api.us-east-1.amazonaws.com/KaaS-ITG/v2/servicepin/000a5idCeamapCSoNzX5tlw5Icjp/1PV89A"  	[MsgId: MERR-26627]
ServicePin.c(8): Error -26627: HTTP Status-Code=404 (Not Found) for "https://hx9ekpvvbi.execute-api.us-east-1.amazonaws.com/KaaS-ITG/v2/servicepin/000a5idCeamapCSoNzX5tlw5Icjp/2GP13A"  	[MsgId: MERR-26627]
Warning: Iteration pacing cannot be reached (pace time = 3.49, actual time = 16.20).	[MsgId: MWAR-15995]
ServicePin.c(8): Error -26627: HTTP Status-Code=404 (Not Found) for "https://hx9ekpvvbi.execute-api.us-east-1.amazonaws.com/KaaS-ITG/v2/servicepin/000a5idCeamapCSoNzX5tlw5Icjp/1PV89A"  	[MsgId: MERR-26627]
ServicePin.c(8): Error -26627: HTTP Status-Code=404 (Not Found) for "https://hx9ekpvvbi.execute-api.us-east-1.amazonaws.com/KaaS-ITG/v2/servicepin/000a5idCeamapCSoNzX5tlw5Icjp/CZ258A"  	[MsgId: MERR-26627]
Warning: Iteration pacing cannot be reached (pace time = 3.28, actual time = 24.60).	[MsgId: MWAR-15995]
ServicePin.c(8): Error -26627: HTTP Status-Code=404 (Not Found) for "https://hx9ekpvvbi.execute-api.us-east-1.amazonaws.com/KaaS-ITG/v2/servicepin/000a5idCeamapCSoNzX5tlw5Icjp/2GP05A"  	[MsgId: MERR-26627]
Warning: Iteration pacing cannot be reached (pace time = 3.66, actual time = 25.84).	[MsgId: MWAR-15995]
Warning: Iteration pacing cannot be reached (pace time = 3.83, actual time = 4.59).	[MsgId: MWAR-15995]
ServicePin.c(8): Error -26627: HTTP Status-Code=404 (Not Found) for "https://hx9ekpvvbi.execute-api.us-east-1.amazonaws.com/KaaS-ITG/v2/servicepin/000a5idCeamapCSoNzX5tlw5Icjp/CZ257AR"  	[MsgId: MERR-26627]
Warning: Iteration pacing cannot be reached (pace time = 3.24, actual time = 3.35).	[MsgId: MWAR-15995]
ServicePin.c(8): Error -26627: HTTP Status-Code=404 (Not Found) for "https://hx9ekpvvbi.execute-api.us-east-1.amazonaws.com/KaaS-ITG/v2/servicepin/000a5idCeamapCSoNzX5tlw5Icjp/5ZN96A"  	[MsgId: MERR-26627]
ServicePin.c(8): Error -26627: HTTP Status-Code=404 (Not Found) for "https://hx9ekpvvbi.execute-api.us-east-1.amazonaws.com/KaaS-ITG/v2/servicepin/000a5idCeamapCSoNzX5tlw5Icjp/1PV89A"  	[MsgId: MERR-26627]
ServicePin.c(8): Error -26627: HTTP Status-Code=404 (Not Found) for "https://hx9ekpvvbi.execute-api.us-east-1.amazonaws.com/KaaS-ITG/v2/servicepin/000a5idCeamapCSoNzX5tlw5Icjp/B3G86AR"  	[MsgId: MERR-26627]
Warning: Iteration pacing cannot be reached (pace time = 3.95, actual time = 8.93).	[MsgId: MWAR-15995]
ServicePin.c(8): Error -26627: HTTP Status-Code=404 (Not Found) for "https://hx9ekpvvbi.execute-api.us-east-1.amazonaws.com/KaaS-ITG/v2/servicepin/000a5idCeamapCSoNzX5tlw5Icjp/5ZN95A"  	[MsgId: MERR-26627]
ServicePin.c(8): Error -26627: HTTP Status-Code=404 (Not Found) for "https://hx9ekpvvbi.execute-api.us-east-1.amazonaws.com/KaaS-ITG/v2/servicepin/000a5idCeamapCSoNzX5tlw5Icjp/CD645AR"  	[MsgId: MERR-26627]
Warning: Iteration pacing cannot be reached (pace time = 3.44, actual time = 3.70).	[MsgId: MWAR-15995]
ServicePin.c(8): Error -26627: HTTP Status-Code=404 (Not Found) for "https://hx9ekpvvbi.execute-api.us-east-1.amazonaws.com/KaaS-ITG/v2/servicepin/000a5idCeamapCSoNzX5tlw5Icjp/B3G85AR"  	[MsgId: MERR-26627]
Warning: Iteration pacing cannot be reached (pace time = 3.63, actual time = 20.59).	[MsgId: MWAR-15995]
ServicePin.c(8): Error -26627: HTTP Status-Code=404 (Not Found) for "https://hx9ekpvvbi.execute-api.us-east-1.amazonaws.com/KaaS-ITG/v2/servicepin/000a5idCeamapCSoNzX5tlw5Icjp/F3J54A"  	[MsgId: MERR-26627]
Warning: Iteration pacing cannot be reached (pace time = 3.71, actual time = 5.48).	[MsgId: MWAR-15995]
ServicePin.c(8): Error -26627: HTTP Status-Code=404 (Not Found) for "https://hx9ekpvvbi.execute-api.us-east-1.amazonaws.com/KaaS-ITG/v2/servicepin/000a5idCeamapCSoNzX5tlw5Icjp/CZ249AR"  	[MsgId: MERR-26627]
ServicePin.c(8): Error -26627: HTTP Status-Code=404 (Not Found) for "https://hx9ekpvvbi.execute-api.us-east-1.amazonaws.com/KaaS-ITG/v2/servicepin/000a5idCeamapCSoNzX5tlw5Icjp/5ZN95A"  	[MsgId: MERR-26627]
Warning: Iteration pacing cannot be reached (pace time = 3.59, actual time = 6.08).	[MsgId: MWAR-15995]
Warning: Iteration pacing cannot be reached (pace time = 3.25, actual time = 5.54).	[MsgId: MWAR-15995]
ServicePin.c(8): Error -26627: HTTP Status-Code=404 (Not Found) for "https://hx9ekpvvbi.execute-api.us-east-1.amazonaws.com/KaaS-ITG/v2/servicepin/000a5idCeamapCSoNzX5tlw5Icjp/CD646AR"  	[MsgId: MERR-26627]
ServicePin.c(8): Error -26627: HTTP Status-Code=404 (Not Found) for "https://hx9ekpvvbi.execute-api.us-east-1.amazonaws.com/KaaS-ITG/v2/servicepin/000a5idCeamapCSoNzX5tlw5Icjp/2GP05A"  	[MsgId: MERR-26627]
Warning: Iteration pacing cannot be reached (pace time = 3.48, actual time = 3.77).	[MsgId: MWAR-15995]
ServicePin.c(8): Error -26627: HTTP Status-Code=404 (Not Found) for "https://hx9ekpvvbi.execute-api.us-east-1.amazonaws.com/KaaS-ITG/v2/servicepin/000a5idCeamapCSoNzX5tlw5Icjp/2CF60A"  	[MsgId: MERR-26627]
ServicePin.c(8): Error -26627: HTTP Status-Code=404 (Not Found) for "https://hx9ekpvvbi.execute-api.us-east-1.amazonaws.com/KaaS-ITG/v2/servicepin/000a5idCeamapCSoNzX5tlw5Icjp/CE994AR"  	[MsgId: MERR-26627]
Warning: Iteration pacing cannot be reached (pace time = 3.44, actual time = 5.02).	[MsgId: MWAR-15995]
Warning: Iteration pacing cannot be reached (pace time = 3.81, actual time = 4.22).	[MsgId: MWAR-15995]
Warning: Iteration pacing cannot be reached (pace time = 3.21, actual time = 3.52).	[MsgId: MWAR-15995]
ServicePin.c(8): Error -26627: HTTP Status-Code=404 (Not Found) for "https://hx9ekpvvbi.execute-api.us-east-1.amazonaws.com/KaaS-ITG/v2/servicepin/000a5idCeamapCSoNzX5tlw5Icjp/CZ257AR"  	[MsgId: MERR-26627]
ServicePin.c(8): Error -26627: HTTP Status-Code=404 (Not Found) for "https://hx9ekpvvbi.execute-api.us-east-1.amazonaws.com/KaaS-ITG/v2/servicepin/000a5idCeamapCSoNzX5tlw5Icjp/2GP04A"  	[MsgId: MERR-26627]
ServicePin.c(8): Error -26627: HTTP Status-Code=404 (Not Found) for "https://hx9ekpvvbi.execute-api.us-east-1.amazonaws.com/KaaS-ITG/v2/servicepin/000a5idCeamapCSoNzX5tlw5Icjp/CZ258A"  	[MsgId: MERR-26627]
ServicePin.c(8): Error -26627: HTTP Status-Code=404 (Not Found) for "https://hx9ekpvvbi.execute-api.us-east-1.amazonaws.com/KaaS-ITG/v2/servicepin/000a5idCeamapCSoNzX5tlw5Icjp/CE989AR"  	[MsgId: MERR-26627]
Warning: Iteration pacing cannot be reached (pace time = 3.71, actual time = 3.96).	[MsgId: MWAR-15995]
Warning: Iteration pacing cannot be reached (pace time = 3.34, actual time = 4.07).	[MsgId: MWAR-15995]
Warning: Iteration pacing cannot be reached (pace time = 3.48, actual time = 4.63).	[MsgId: MWAR-15995]
Warning: Iteration pacing cannot be reached (pace time = 3.22, actual time = 3.27).	[MsgId: MWAR-15995]
ServicePin.c(8): Error -26627: HTTP Status-Code=404 (Not Found) for "https://hx9ekpvvbi.execute-api.us-east-1.amazonaws.com/KaaS-ITG/v2/servicepin/000a5idCeamapCSoNzX5tlw5Icjp/B3G85AR"  	[MsgId: MERR-26627]
ServicePin.c(8): Error -26627: HTTP Status-Code=404 (Not Found) for "https://hx9ekpvvbi.execute-api.us-east-1.amazonaws.com/KaaS-ITG/v2/servicepin/000a5idCeamapCSoNzX5tlw5Icjp/CD644AR"  	[MsgId: MERR-26627]
ServicePin.c(8): Error -26627: HTTP Status-Code=404 (Not Found) for "https://hx9ekpvvbi.execute-api.us-east-1.amazonaws.com/KaaS-ITG/v2/servicepin/000a5idCeamapCSoNzX5tlw5Icjp/5ZN96A"  	[MsgId: MERR-26627]
ServicePin.c(8): Error -26627: HTTP Status-Code=404 (Not Found) for "https://hx9ekpvvbi.execute-api.us-east-1.amazonaws.com/KaaS-ITG/v2/servicepin/000a5idCeamapCSoNzX5tlw5Icjp/1PV89A"  	[MsgId: MERR-26627]
ServicePin.c(8): Error -26627: HTTP Status-Code=404 (Not Found) for "https://hx9ekpvvbi.execute-api.us-east-1.amazonaws.com/KaaS-ITG/v2/servicepin/000a5idCeamapCSoNzX5tlw5Icjp/CZ255AR"  	[MsgId: MERR-26627]
Warning: Iteration pacing cannot be reached (pace time = 3.01, actual time = 11.21).	[MsgId: MWAR-15995]
ServicePin.c(8): Error -26627: HTTP Status-Code=404 (Not Found) for "https://hx9ekpvvbi.execute-api.us-east-1.amazonaws.com/KaaS-ITG/v2/servicepin/000a5idCeamapCSoNzX5tlw5Icjp/B3G86AR"  	[MsgId: MERR-26627]
Warning: Iteration pacing cannot be reached (pace time = 3.17, actual time = 5.78).	[MsgId: MWAR-15995]
ServicePin.c(8): Error -26627: HTTP Status-Code=404 (Not Found) for "https://hx9ekpvvbi.execute-api.us-east-1.amazonaws.com/KaaS-ITG/v2/servicepin/000a5idCeamapCSoNzX5tlw5Icjp/CF081AR"  	[MsgId: MERR-26627]
ServicePin.c(8): Error -26627: HTTP Status-Code=404 (Not Found) for "https://hx9ekpvvbi.execute-api.us-east-1.amazonaws.com/KaaS-ITG/v2/servicepin/000a5idCeamapCSoNzX5tlw5Icjp/2GP14A"  	[MsgId: MERR-26627]
Warning: Iteration pacing cannot be reached (pace time = 3.08, actual time = 4.72).	[MsgId: MWAR-15995]
ServicePin.c(8): Error -26608: HTTP Status-Code=504 (Gateway Timeout) for "https://hx9ekpvvbi.execute-api.us-east-1.amazonaws.com/KaaS-ITG/v2/servicepin/000a5idCeamapCSoNzX5tlw5Icjp/B3G85V"  	[MsgId: MERR-26608]
Warning: Iteration pacing cannot be reached (pace time = 3.94, actual time = 29.04).	[MsgId: MWAR-15995]
ServicePin.c(8): Error -26608: HTTP Status-Code=504 (Gateway Timeout) for "https://hx9ekpvvbi.execute-api.us-east-1.amazonaws.com/KaaS-ITG/v2/servicepin/000a5idCeamapCSoNzX5tlw5Icjp/1PV64A"  	[MsgId: MERR-26608]
Warning: Iteration pacing cannot be reached (pace time = 3.42, actual time = 29.24).	[MsgId: MWAR-15995]
Warning: Iteration pacing cannot be reached (pace time = 3.10, actual time = 21.00).	[MsgId: MWAR-15995]
ServicePin.c(8): Error -26627: HTTP Status-Code=404 (Not Found) for "https://hx9ekpvvbi.execute-api.us-east-1.amazonaws.com/KaaS-ITG/v2/servicepin/000a5idCeamapCSoNzX5tlw5Icjp/2GP17A"  	[MsgId: MERR-26627]
ServicePin.c(8): Error -26627: HTTP Status-Code=404 (Not Found) for "https://hx9ekpvvbi.execute-api.us-east-1.amazonaws.com/KaaS-ITG/v2/servicepin/000a5idCeamapCSoNzX5tlw5Icjp/2GP07A"  	[MsgId: MERR-26627]
ServicePin.c(8): Error -26627: HTTP Status-Code=404 (Not Found) for "https://hx9ekpvvbi.execute-api.us-east-1.amazonaws.com/KaaS-ITG/v2/servicepin/000a5idCeamapCSoNzX5tlw5Icjp/CD645AR"  	[MsgId: MERR-26627]
Warning: Iteration pacing cannot be reached (pace time = 3.52, actual time = 6.11).	[MsgId: MWAR-15995]
ServicePin.c(8): Error -26627: HTTP Status-Code=404 (Not Found) for "https://hx9ekpvvbi.execute-api.us-east-1.amazonaws.com/KaaS-ITG/v2/servicepin/000a5idCeamapCSoNzX5tlw5Icjp/5ZN93A"  	[MsgId: MERR-26627]
Warning: Iteration pacing cannot be reached (pace time = 3.50, actual time = 5.51).	[MsgId: MWAR-15995]
Warning: Iteration pacing cannot be reached (pace time = 3.05, actual time = 4.29).	[MsgId: MWAR-15995]
ServicePin.c(8): Error -26627: HTTP Status-Code=404 (Not Found) for "https://hx9ekpvvbi.execute-api.us-east-1.amazonaws.com/KaaS-ITG/v2/servicepin/000a5idCeamapCSoNzX5tlw5Icjp/5ZN95A"  	[MsgId: MERR-26627]
Warning: Iteration pacing cannot be reached (pace time = 3.84, actual time = 24.12).	[MsgId: MWAR-15995]
ServicePin.c(8): Error -26627: HTTP Status-Code=404 (Not Found) for "https://hx9ekpvvbi.execute-api.us-east-1.amazonaws.com/KaaS-ITG/v2/servicepin/000a5idCeamapCSoNzX5tlw5Icjp/CE993AR"  	[MsgId: MERR-26627]
Warning: Iteration pacing cannot be reached (pace time = 3.84, actual time = 6.43).	[MsgId: MWAR-15995]
ServicePin.c(8): Error -26627: HTTP Status-Code=404 (Not Found) for "https://hx9ekpvvbi.execute-api.us-east-1.amazonaws.com/KaaS-ITG/v2/servicepin/000a5idCeamapCSoNzX5tlw5Icjp/CZ257AR"  	[MsgId: MERR-26627]
Warning: Iteration pacing cannot be reached (pace time = 3.47, actual time = 3.66).	[MsgId: MWAR-15995]
ServicePin.c(8): Error -26627: HTTP Status-Code=404 (Not Found) for "https://hx9ekpvvbi.execute-api.us-east-1.amazonaws.com/KaaS-ITG/v2/servicepin/000a5idCeamapCSoNzX5tlw5Icjp/CE994AR"  	[MsgId: MERR-26627]
ServicePin.c(8): Error -26627: HTTP Status-Code=404 (Not Found) for "https://hx9ekpvvbi.execute-api.us-east-1.amazonaws.com/KaaS-ITG/v2/servicepin/000a5idCeamapCSoNzX5tlw5Icjp/CZ257AR"  	[MsgId: MERR-26627]
Warning: Iteration pacing cannot be reached (pace time = 3.51, actual time = 3.56).	[MsgId: MWAR-15995]
Warning: Iteration pacing cannot be reached (pace time = 3.69, actual time = 3.71).	[MsgId: MWAR-15995]
ServicePin.c(8): Error -26627: HTTP Status-Code=404 (Not Found) for "https://hx9ekpvvbi.execute-api.us-east-1.amazonaws.com/KaaS-ITG/v2/servicepin/000a5idCeamapCSoNzX5tlw5Icjp/F3J54A"  	[MsgId: MERR-26627]
ServicePin.c(8): Error -26627: HTTP Status-Code=404 (Not Found) for "https://hx9ekpvvbi.execute-api.us-east-1.amazonaws.com/KaaS-ITG/v2/servicepin/000a5idCeamapCSoNzX5tlw5Icjp/CZ258A"  	[MsgId: MERR-26627]
ServicePin.c(8): Error -26627: HTTP Status-Code=404 (Not Found) for "https://hx9ekpvvbi.execute-api.us-east-1.amazonaws.com/KaaS-ITG/v2/servicepin/000a5idCeamapCSoNzX5tlw5Icjp/CE994AR"  	[MsgId: MERR-26627]
ServicePin.c(8): Error -26627: HTTP Status-Code=404 (Not Found) for "https://hx9ekpvvbi.execute-api.us-east-1.amazonaws.com/KaaS-ITG/v2/servicepin/000a5idCeamapCSoNzX5tlw5Icjp/F3J55A"  	[MsgId: MERR-26627]
Warning: Iteration pacing cannot be reached (pace time = 3.27, actual time = 15.07).	[MsgId: MWAR-15995]
Warning: Iteration pacing cannot be reached (pace time = 3.50, actual time = 5.00).	[MsgId: MWAR-15995]
ServicePin.c(8): Error -26627: HTTP Status-Code=404 (Not Found) for "https://hx9ekpvvbi.execute-api.us-east-1.amazonaws.com/KaaS-ITG/v2/servicepin/000a5idCeamapCSoNzX5tlw5Icjp/2GP07A"  	[MsgId: MERR-26627]
ServicePin.c(8): Error -26627: HTTP Status-Code=404 (Not Found) for "https://hx9ekpvvbi.execute-api.us-east-1.amazonaws.com/KaaS-ITG/v2/servicepin/000a5idCeamapCSoNzX5tlw5Icjp/1PV89A"  	[MsgId: MERR-26627]
ServicePin.c(8): Error -26627: HTTP Status-Code=404 (Not Found) for "https://hx9ekpvvbi.execute-api.us-east-1.amazonaws.com/KaaS-ITG/v2/servicepin/000a5idCeamapCSoNzX5tlw5Icjp/CE996AR"  	[MsgId: MERR-26627]
ServicePin.c(8): Error -26627: HTTP Status-Code=404 (Not Found) for "https://hx9ekpvvbi.execute-api.us-east-1.amazonaws.com/KaaS-ITG/v2/servicepin/000a5idCeamapCSoNzX5tlw5Icjp/CF083AR"  	[MsgId: MERR-26627]
ServicePin.c(8): Error -26627: HTTP Status-Code=404 (Not Found) for "https://hx9ekpvvbi.execute-api.us-east-1.amazonaws.com/KaaS-ITG/v2/servicepin/000a5idCeamapCSoNzX5tlw5Icjp/2GP11A"  	[MsgId: MERR-26627]
ServicePin.c(8): Error -26627: HTTP Status-Code=404 (Not Found) for "https://hx9ekpvvbi.execute-api.us-east-1.amazonaws.com/KaaS-ITG/v2/servicepin/000a5idCeamapCSoNzX5tlw5Icjp/5ZN88A"  	[MsgId: MERR-26627]
ServicePin.c(8): Error -26627: HTTP Status-Code=404 (Not Found) for "https://hx9ekpvvbi.execute-api.us-east-1.amazonaws.com/KaaS-ITG/v2/servicepin/000a5idCeamapCSoNzX5tlw5Icjp/CZ250AR"  	[MsgId: MERR-26627]
ServicePin.c(8): Error -26627: HTTP Status-Code=404 (Not Found) for "https://hx9ekpvvbi.execute-api.us-east-1.amazonaws.com/KaaS-ITG/v2/servicepin/000a5idCeamapCSoNzX5tlw5Icjp/5ZN88A"  	[MsgId: MERR-26627]
Warning: Iteration pacing cannot be reached (pace time = 3.38, actual time = 3.47).	[MsgId: MWAR-15995]
Warning: Iteration pacing cannot be reached (pace time = 3.03, actual time = 4.81).	[MsgId: MWAR-15995]
ServicePin.c(8): Error -26627: HTTP Status-Code=404 (Not Found) for "https://hx9ekpvvbi.execute-api.us-east-1.amazonaws.com/KaaS-ITG/v2/servicepin/000a5idCeamapCSoNzX5tlw5Icjp/2CF59A"  	[MsgId: MERR-26627]
ServicePin.c(8): Error -26627: HTTP Status-Code=404 (Not Found) for "https://hx9ekpvvbi.execute-api.us-east-1.amazonaws.com/KaaS-ITG/v2/servicepin/000a5idCeamapCSoNzX5tlw5Icjp/2GP05A"  	[MsgId: MERR-26627]
Warning: Iteration pacing cannot be reached (pace time = 3.07, actual time = 4.66).	[MsgId: MWAR-15995]
ServicePin.c(8): Error -26627: HTTP Status-Code=404 (Not Found) for "https://hx9ekpvvbi.execute-api.us-east-1.amazonaws.com/KaaS-ITG/v2/servicepin/000a5idCeamapCSoNzX5tlw5Icjp/5ZN95A"  	[MsgId: MERR-26627]
ServicePin.c(8): Error -26627: HTTP Status-Code=404 (Not Found) for "https://hx9ekpvvbi.execute-api.us-east-1.amazonaws.com/KaaS-ITG/v2/servicepin/000a5idCeamapCSoNzX5tlw5Icjp/B3G85AR"  	[MsgId: MERR-26627]
ServicePin.c(8): Error -26627: HTTP Status-Code=404 (Not Found) for "https://hx9ekpvvbi.execute-api.us-east-1.amazonaws.com/KaaS-ITG/v2/servicepin/000a5idCeamapCSoNzX5tlw5Icjp/CE991AR"  	[MsgId: MERR-26627]
ServicePin.c(8): Error -26627: HTTP Status-Code=404 (Not Found) for "https://hx9ekpvvbi.execute-api.us-east-1.amazonaws.com/KaaS-ITG/v2/servicepin/000a5idCeamapCSoNzX5tlw5Icjp/CZ251A"  	[MsgId: MERR-26627]
ServicePin.c(8): Error -26627: HTTP Status-Code=404 (Not Found) for "https://hx9ekpvvbi.execute-api.us-east-1.amazonaws.com/KaaS-ITG/v2/servicepin/000a5idCeamapCSoNzX5tlw5Icjp/2GP04A"  	[MsgId: MERR-26627]
ServicePin.c(8): Error -26627: HTTP Status-Code=404 (Not Found) for "https://hx9ekpvvbi.execute-api.us-east-1.amazonaws.com/KaaS-ITG/v2/servicepin/000a5idCeamapCSoNzX5tlw5Icjp/J7Z10A"  	[MsgId: MERR-26627]
Warning: Iteration pacing cannot be reached (pace time = 3.49, actual time = 5.02).	[MsgId: MWAR-15995]
ServicePin.c(8): Error -26627: HTTP Status-Code=404 (Not Found) for "https://hx9ekpvvbi.execute-api.us-east-1.amazonaws.com/KaaS-ITG/v2/servicepin/000a5idCeamapCSoNzX5tlw5Icjp/CZ251V"  	[MsgId: MERR-26627]
Warning: Iteration pacing cannot be reached (pace time = 3.43, actual time = 15.40).	[MsgId: MWAR-15995]
ServicePin.c(8): Error -26627: HTTP Status-Code=404 (Not Found) for "https://hx9ekpvvbi.execute-api.us-east-1.amazonaws.com/KaaS-ITG/v2/servicepin/000a5idCeamapCSoNzX5tlw5Icjp/5ZN94A"  	[MsgId: MERR-26627]
ServicePin.c(8): Error -26627: HTTP Status-Code=404 (Not Found) for "https://hx9ekpvvbi.execute-api.us-east-1.amazonaws.com/KaaS-ITG/v2/servicepin/000a5idCeamapCSoNzX5tlw5Icjp/2GP16A"  	[MsgId: MERR-26627]
Warning: Iteration pacing cannot be reached (pace time = 3.77, actual time = 5.45).	[MsgId: MWAR-15995]
Warning: Iteration pacing cannot be reached (pace time = 3.37, actual time = 4.11).	[MsgId: MWAR-15995]
ServicePin.c(8): Error -26627: HTTP Status-Code=404 (Not Found) for "https://hx9ekpvvbi.execute-api.us-east-1.amazonaws.com/KaaS-ITG/v2/servicepin/000a5idCeamapCSoNzX5tlw5Icjp/2CF59A"  	[MsgId: MERR-26627]
Warning: Iteration pacing cannot be reached (pace time = 3.08, actual time = 4.95).	[MsgId: MWAR-15995]
ServicePin.c(8): Error -26627: HTTP Status-Code=404 (Not Found) for "https://hx9ekpvvbi.execute-api.us-east-1.amazonaws.com/KaaS-ITG/v2/servicepin/000a5idCeamapCSoNzX5tlw5Icjp/2CF57A"  	[MsgId: MERR-26627]
ServicePin.c(8): Error -26627: HTTP Status-Code=404 (Not Found) for "https://hx9ekpvvbi.execute-api.us-east-1.amazonaws.com/KaaS-ITG/v2/servicepin/000a5idCeamapCSoNzX5tlw5Icjp/F3J55A"  	[MsgId: MERR-26627]
ServicePin.c(8): Error -26627: HTTP Status-Code=404 (Not Found) for "https://hx9ekpvvbi.execute-api.us-east-1.amazonaws.com/KaaS-ITG/v2/servicepin/000a5idCeamapCSoNzX5tlw5Icjp/CZ256AR"  	[MsgId: MERR-26627]
ServicePin.c(8): Error -26627: HTTP Status-Code=404 (Not Found) for "https://hx9ekpvvbi.execute-api.us-east-1.amazonaws.com/KaaS-ITG/v2/servicepin/000a5idCeamapCSoNzX5tlw5Icjp/B3G86AR"  	[MsgId: MERR-26627]
Warning: Iteration pacing cannot be reached (pace time = 3.07, actual time = 4.41).	[MsgId: MWAR-15995]
ServicePin.c(8): Error -26627: HTTP Status-Code=404 (Not Found) for "https://hx9ekpvvbi.execute-api.us-east-1.amazonaws.com/KaaS-ITG/v2/servicepin/000a5idCeamapCSoNzX5tlw5Icjp/CD644AR"  	[MsgId: MERR-26627]
ServicePin.c(8): Error -26627: HTTP Status-Code=404 (Not Found) for "https://hx9ekpvvbi.execute-api.us-east-1.amazonaws.com/KaaS-ITG/v2/servicepin/000a5idCeamapCSoNzX5tlw5Icjp/CE992AR"  	[MsgId: MERR-26627]
ServicePin.c(8): Error -26627: HTTP Status-Code=404 (Not Found) for "https://hx9ekpvvbi.execute-api.us-east-1.amazonaws.com/KaaS-ITG/v2/servicepin/000a5idCeamapCSoNzX5tlw5Icjp/CF081AR"  	[MsgId: MERR-26627]
Warning: Iteration pacing cannot be reached (pace time = 3.41, actual time = 5.87).	[MsgId: MWAR-15995]
Warning: Iteration pacing cannot be reached (pace time = 3.10, actual time = 4.09).	[MsgId: MWAR-15995]
ServicePin.c(8): Error -26627: HTTP Status-Code=404 (Not Found) for "https://hx9ekpvvbi.execute-api.us-east-1.amazonaws.com/KaaS-ITG/v2/servicepin/000a5idCeamapCSoNzX5tlw5Icjp/CE989AR"  	[MsgId: MERR-26627]
Warning: Iteration pacing cannot be reached (pace time = 3.05, actual time = 4.17).	[MsgId: MWAR-15995]
Warning: Iteration pacing cannot be reached (pace time = 3.84, actual time = 4.04).	[MsgId: MWAR-15995]
Warning: Iteration pacing cannot be reached (pace time = 3.57, actual time = 5.20).	[MsgId: MWAR-15995]
ServicePin.c(8): Error -26627: HTTP Status-Code=404 (Not Found) for "https://hx9ekpvvbi.execute-api.us-east-1.amazonaws.com/KaaS-ITG/v2/servicepin/000a5idCeamapCSoNzX5tlw5Icjp/2GP13A"  	[MsgId: MERR-26627]
Warning: Iteration pacing cannot be reached (pace time = 3.25, actual time = 3.73).	[MsgId: MWAR-15995]
ServicePin.c(8): Error -26627: HTTP Status-Code=404 (Not Found) for "https://hx9ekpvvbi.execute-api.us-east-1.amazonaws.com/KaaS-ITG/v2/servicepin/000a5idCeamapCSoNzX5tlw5Icjp/5ZN89A"  	[MsgId: MERR-26627]
