ServicePin.c(8): Error -26627: HTTP Status-Code=404 (Not Found) for "https://hx9ekpvvbi.execute-api.us-east-1.amazonaws.com/KaaS-ITG/v2/servicepin/000ahtvRMdEVuiMqLDMNQv1prPdr/CZ257AR"  	[MsgId: MERR-26627]
ServicePin.c(8): Error -26627: HTTP Status-Code=404 (Not Found) for "https://hx9ekpvvbi.execute-api.us-east-1.amazonaws.com/KaaS-ITG/v2/servicepin/000ahtvRMdEVuiMqLDMNQv1prPdr/CF081AR"  	[MsgId: MERR-26627]
ServicePin.c(8): Error -26627: HTTP Status-Code=404 (Not Found) for "https://hx9ekpvvbi.execute-api.us-east-1.amazonaws.com/KaaS-ITG/v2/servicepin/000ahtvRMdEVuiMqLDMNQv1prPdr/CD645AR"  	[MsgId: MERR-26627]
ServicePin.c(8): Error -26627: HTTP Status-Code=404 (Not Found) for "https://hx9ekpvvbi.execute-api.us-east-1.amazonaws.com/KaaS-ITG/v2/servicepin/000ahtvRMdEVuiMqLDMNQv1prPdr/2GP16A"  	[MsgId: MERR-26627]
ServicePin.c(8): Error -26627: HTTP Status-Code=404 (Not Found) for "https://hx9ekpvvbi.execute-api.us-east-1.amazonaws.com/KaaS-ITG/v2/servicepin/000ahtvRMdEVuiMqLDMNQv1prPdr/5ZN88A"  	[MsgId: MERR-26627]
ServicePin.c(8): Error -26627: HTTP Status-Code=404 (Not Found) for "https://hx9ekpvvbi.execute-api.us-east-1.amazonaws.com/KaaS-ITG/v2/servicepin/000ahtvRMdEVuiMqLDMNQv1prPdr/CZ257AR"  	[MsgId: MERR-26627]
ServicePin.c(8): Error -26627: HTTP Status-Code=404 (Not Found) for "https://hx9ekpvvbi.execute-api.us-east-1.amazonaws.com/KaaS-ITG/v2/servicepin/000ahtvRMdEVuiMqLDMNQv1prPdr/CE993AR"  	[MsgId: MERR-26627]
ServicePin.c(8): Error -26627: HTTP Status-Code=404 (Not Found) for "https://hx9ekpvvbi.execute-api.us-east-1.amazonaws.com/KaaS-ITG/v2/servicepin/000ahtvRMdEVuiMqLDMNQv1prPdr/CF082AR"  	[MsgId: MERR-26627]
ServicePin.c(8): Error -26627: HTTP Status-Code=404 (Not Found) for "https://hx9ekpvvbi.execute-api.us-east-1.amazonaws.com/KaaS-ITG/v2/servicepin/000ahtvRMdEVuiMqLDMNQv1prPdr/J7Z10A"  	[MsgId: MERR-26627]
ServicePin.c(8): Error -26627: HTTP Status-Code=404 (Not Found) for "https://hx9ekpvvbi.execute-api.us-east-1.amazonaws.com/KaaS-ITG/v2/servicepin/000ahtvRMdEVuiMqLDMNQv1prPdr/2GP16A"  	[MsgId: MERR-26627]
ServicePin.c(8): Error -26627: HTTP Status-Code=404 (Not Found) for "https://hx9ekpvvbi.execute-api.us-east-1.amazonaws.com/KaaS-ITG/v2/servicepin/000ahtvRMdEVuiMqLDMNQv1prPdr/2GP13A"  	[MsgId: MERR-26627]
ServicePin.c(8): Error -26627: HTTP Status-Code=404 (Not Found) for "https://hx9ekpvvbi.execute-api.us-east-1.amazonaws.com/KaaS-ITG/v2/servicepin/000ahtvRMdEVuiMqLDMNQv1prPdr/CF081AR"  	[MsgId: MERR-26627]
ServicePin.c(8): Error -26627: HTTP Status-Code=404 (Not Found) for "https://hx9ekpvvbi.execute-api.us-east-1.amazonaws.com/KaaS-ITG/v2/servicepin/000ahtvRMdEVuiMqLDMNQv1prPdr/CE990AR"  	[MsgId: MERR-26627]
ServicePin.c(8): Error -26627: HTTP Status-Code=404 (Not Found) for "https://hx9ekpvvbi.execute-api.us-east-1.amazonaws.com/KaaS-ITG/v2/servicepin/000ahtvRMdEVuiMqLDMNQv1prPdr/2GP05A"  	[MsgId: MERR-26627]
ServicePin.c(8): Error -26627: HTTP Status-Code=404 (Not Found) for "https://hx9ekpvvbi.execute-api.us-east-1.amazonaws.com/KaaS-ITG/v2/servicepin/000ahtvRMdEVuiMqLDMNQv1prPdr/CE990AR"  	[MsgId: MERR-26627]
ServicePin.c(8): Error -26627: HTTP Status-Code=404 (Not Found) for "https://hx9ekpvvbi.execute-api.us-east-1.amazonaws.com/KaaS-ITG/v2/servicepin/000ahtvRMdEVuiMqLDMNQv1prPdr/CF083AR"  	[MsgId: MERR-26627]
ServicePin.c(8): Error -26627: HTTP Status-Code=404 (Not Found) for "https://hx9ekpvvbi.execute-api.us-east-1.amazonaws.com/KaaS-ITG/v2/servicepin/000ahtvRMdEVuiMqLDMNQv1prPdr/2GP16A"  	[MsgId: MERR-26627]
ServicePin.c(8): Error -26627: HTTP Status-Code=404 (Not Found) for "https://hx9ekpvvbi.execute-api.us-east-1.amazonaws.com/KaaS-ITG/v2/servicepin/000ahtvRMdEVuiMqLDMNQv1prPdr/J7Z10A"  	[MsgId: MERR-26627]
ServicePin.c(8): Error -26627: HTTP Status-Code=404 (Not Found) for "https://hx9ekpvvbi.execute-api.us-east-1.amazonaws.com/KaaS-ITG/v2/servicepin/000ahtvRMdEVuiMqLDMNQv1prPdr/CD646AR"  	[MsgId: MERR-26627]
ServicePin.c(8): Error -26627: HTTP Status-Code=404 (Not Found) for "https://hx9ekpvvbi.execute-api.us-east-1.amazonaws.com/KaaS-ITG/v2/servicepin/000ahtvRMdEVuiMqLDMNQv1prPdr/CE990AR"  	[MsgId: MERR-26627]
ServicePin.c(8): Error -26627: HTTP Status-Code=404 (Not Found) for "https://hx9ekpvvbi.execute-api.us-east-1.amazonaws.com/KaaS-ITG/v2/servicepin/000ahtvRMdEVuiMqLDMNQv1prPdr/2GP07A"  	[MsgId: MERR-26627]
ServicePin.c(8): Error -26627: HTTP Status-Code=404 (Not Found) for "https://hx9ekpvvbi.execute-api.us-east-1.amazonaws.com/KaaS-ITG/v2/servicepin/000ahtvRMdEVuiMqLDMNQv1prPdr/5ZN89A"  	[MsgId: MERR-26627]
ServicePin.c(8): Error -26627: HTTP Status-Code=404 (Not Found) for "https://hx9ekpvvbi.execute-api.us-east-1.amazonaws.com/KaaS-ITG/v2/servicepin/000ahtvRMdEVuiMqLDMNQv1prPdr/2GP11A"  	[MsgId: MERR-26627]
ServicePin.c(8): Error -26627: HTTP Status-Code=404 (Not Found) for "https://hx9ekpvvbi.execute-api.us-east-1.amazonaws.com/KaaS-ITG/v2/servicepin/000ahtvRMdEVuiMqLDMNQv1prPdr/2GP07A"  	[MsgId: MERR-26627]
ServicePin.c(8): Error -26627: HTTP Status-Code=404 (Not Found) for "https://hx9ekpvvbi.execute-api.us-east-1.amazonaws.com/KaaS-ITG/v2/servicepin/000ahtvRMdEVuiMqLDMNQv1prPdr/2CF56A"  	[MsgId: MERR-26627]
ServicePin.c(8): Error -26627: HTTP Status-Code=404 (Not Found) for "https://hx9ekpvvbi.execute-api.us-east-1.amazonaws.com/KaaS-ITG/v2/servicepin/000ahtvRMdEVuiMqLDMNQv1prPdr/CE993AR"  	[MsgId: MERR-26627]
Warning: Iteration pacing cannot be reached (pace time = 3.29, actual time = 4.57).	[MsgId: MWAR-15995]
ServicePin.c(8): Error -26627: HTTP Status-Code=404 (Not Found) for "https://hx9ekpvvbi.execute-api.us-east-1.amazonaws.com/KaaS-ITG/v2/servicepin/000ahtvRMdEVuiMqLDMNQv1prPdr/2GP10A"  	[MsgId: MERR-26627]
ServicePin.c(8): Error -26627: HTTP Status-Code=404 (Not Found) for "https://hx9ekpvvbi.execute-api.us-east-1.amazonaws.com/KaaS-ITG/v2/servicepin/000ahtvRMdEVuiMqLDMNQv1prPdr/2GP08A"  	[MsgId: MERR-26627]
ServicePin.c(8): Error -26627: HTTP Status-Code=404 (Not Found) for "https://hx9ekpvvbi.execute-api.us-east-1.amazonaws.com/KaaS-ITG/v2/servicepin/000ahtvRMdEVuiMqLDMNQv1prPdr/5ZN88A"  	[MsgId: MERR-26627]
ServicePin.c(8): Error -26627: HTTP Status-Code=404 (Not Found) for "https://hx9ekpvvbi.execute-api.us-east-1.amazonaws.com/KaaS-ITG/v2/servicepin/000ahtvRMdEVuiMqLDMNQv1prPdr/CE990AR"  	[MsgId: MERR-26627]
ServicePin.c(8): Error -26627: HTTP Status-Code=404 (Not Found) for "https://hx9ekpvvbi.execute-api.us-east-1.amazonaws.com/KaaS-ITG/v2/servicepin/000ahtvRMdEVuiMqLDMNQv1prPdr/CZ248AR"  	[MsgId: MERR-26627]
ServicePin.c(8): Error -26627: HTTP Status-Code=404 (Not Found) for "https://hx9ekpvvbi.execute-api.us-east-1.amazonaws.com/KaaS-ITG/v2/servicepin/000ahtvRMdEVuiMqLDMNQv1prPdr/B3G85AR"  	[MsgId: MERR-26627]
ServicePin.c(8): Error -26627: HTTP Status-Code=404 (Not Found) for "https://hx9ekpvvbi.execute-api.us-east-1.amazonaws.com/KaaS-ITG/v2/servicepin/000ahtvRMdEVuiMqLDMNQv1prPdr/2GP16A"  	[MsgId: MERR-26627]
ServicePin.c(8): Error -26627: HTTP Status-Code=404 (Not Found) for "https://hx9ekpvvbi.execute-api.us-east-1.amazonaws.com/KaaS-ITG/v2/servicepin/000ahtvRMdEVuiMqLDMNQv1prPdr/CD645AR"  	[MsgId: MERR-26627]
ServicePin.c(8): Error -26627: HTTP Status-Code=404 (Not Found) for "https://hx9ekpvvbi.execute-api.us-east-1.amazonaws.com/KaaS-ITG/v2/servicepin/000ahtvRMdEVuiMqLDMNQv1prPdr/F3J55A"  	[MsgId: MERR-26627]
ServicePin.c(8): Error -26627: HTTP Status-Code=404 (Not Found) for "https://hx9ekpvvbi.execute-api.us-east-1.amazonaws.com/KaaS-ITG/v2/servicepin/000ahtvRMdEVuiMqLDMNQv1prPdr/CZ258A"  	[MsgId: MERR-26627]
ServicePin.c(8): Error -26627: HTTP Status-Code=404 (Not Found) for "https://hx9ekpvvbi.execute-api.us-east-1.amazonaws.com/KaaS-ITG/v2/servicepin/000ahtvRMdEVuiMqLDMNQv1prPdr/B3G84AR"  	[MsgId: MERR-26627]
ServicePin.c(8): Error -26627: HTTP Status-Code=404 (Not Found) for "https://hx9ekpvvbi.execute-api.us-east-1.amazonaws.com/KaaS-ITG/v2/servicepin/000ahtvRMdEVuiMqLDMNQv1prPdr/CE991AR"  	[MsgId: MERR-26627]
ServicePin.c(8): Error -26627: HTTP Status-Code=404 (Not Found) for "https://hx9ekpvvbi.execute-api.us-east-1.amazonaws.com/KaaS-ITG/v2/servicepin/000ahtvRMdEVuiMqLDMNQv1prPdr/2CF60A"  	[MsgId: MERR-26627]
ServicePin.c(8): Error -26627: HTTP Status-Code=404 (Not Found) for "https://hx9ekpvvbi.execute-api.us-east-1.amazonaws.com/KaaS-ITG/v2/servicepin/000ahtvRMdEVuiMqLDMNQv1prPdr/2GP16A"  	[MsgId: MERR-26627]
ServicePin.c(8): Error -26627: HTTP Status-Code=404 (Not Found) for "https://hx9ekpvvbi.execute-api.us-east-1.amazonaws.com/KaaS-ITG/v2/servicepin/000ahtvRMdEVuiMqLDMNQv1prPdr/CZ255AR"  	[MsgId: MERR-26627]
ServicePin.c(8): Error -26627: HTTP Status-Code=404 (Not Found) for "https://hx9ekpvvbi.execute-api.us-east-1.amazonaws.com/KaaS-ITG/v2/servicepin/000ahtvRMdEVuiMqLDMNQv1prPdr/5ZN89A"  	[MsgId: MERR-26627]
ServicePin.c(8): Error -26627: HTTP Status-Code=404 (Not Found) for "https://hx9ekpvvbi.execute-api.us-east-1.amazonaws.com/KaaS-ITG/v2/servicepin/000ahtvRMdEVuiMqLDMNQv1prPdr/F3J55A"  	[MsgId: MERR-26627]
ServicePin.c(8): Error -26627: HTTP Status-Code=404 (Not Found) for "https://hx9ekpvvbi.execute-api.us-east-1.amazonaws.com/KaaS-ITG/v2/servicepin/000ahtvRMdEVuiMqLDMNQv1prPdr/CZ251A"  	[MsgId: MERR-26627]
ServicePin.c(8): Error -26627: HTTP Status-Code=404 (Not Found) for "https://hx9ekpvvbi.execute-api.us-east-1.amazonaws.com/KaaS-ITG/v2/servicepin/000ahtvRMdEVuiMqLDMNQv1prPdr/CE992AR"  	[MsgId: MERR-26627]
ServicePin.c(8): Error -26627: HTTP Status-Code=404 (Not Found) for "https://hx9ekpvvbi.execute-api.us-east-1.amazonaws.com/KaaS-ITG/v2/servicepin/000ahtvRMdEVuiMqLDMNQv1prPdr/1PV89A"  	[MsgId: MERR-26627]
ServicePin.c(8): Error -26627: HTTP Status-Code=404 (Not Found) for "https://hx9ekpvvbi.execute-api.us-east-1.amazonaws.com/KaaS-ITG/v2/servicepin/000ahtvRMdEVuiMqLDMNQv1prPdr/F3J55A"  	[MsgId: MERR-26627]
ServicePin.c(8): Error -26627: HTTP Status-Code=404 (Not Found) for "https://hx9ekpvvbi.execute-api.us-east-1.amazonaws.com/KaaS-ITG/v2/servicepin/000ahtvRMdEVuiMqLDMNQv1prPdr/CZ251V"  	[MsgId: MERR-26627]
ServicePin.c(8): Error -26627: HTTP Status-Code=404 (Not Found) for "https://hx9ekpvvbi.execute-api.us-east-1.amazonaws.com/KaaS-ITG/v2/servicepin/000ahtvRMdEVuiMqLDMNQv1prPdr/CD644AR"  	[MsgId: MERR-26627]
ServicePin.c(8): Error -26627: HTTP Status-Code=404 (Not Found) for "https://hx9ekpvvbi.execute-api.us-east-1.amazonaws.com/KaaS-ITG/v2/servicepin/000ahtvRMdEVuiMqLDMNQv1prPdr/CD644AR"  	[MsgId: MERR-26627]
Warning: Iteration pacing cannot be reached (pace time = 3.21, actual time = 3.25).	[MsgId: MWAR-15995]
ServicePin.c(8): Error -26627: HTTP Status-Code=404 (Not Found) for "https://hx9ekpvvbi.execute-api.us-east-1.amazonaws.com/KaaS-ITG/v2/servicepin/000ahtvRMdEVuiMqLDMNQv1prPdr/2CF60A"  	[MsgId: MERR-26627]
ServicePin.c(8): Error -26627: HTTP Status-Code=404 (Not Found) for "https://hx9ekpvvbi.execute-api.us-east-1.amazonaws.com/KaaS-ITG/v2/servicepin/000ahtvRMdEVuiMqLDMNQv1prPdr/CD646AR"  	[MsgId: MERR-26627]
ServicePin.c(8): Error -26627: HTTP Status-Code=404 (Not Found) for "https://hx9ekpvvbi.execute-api.us-east-1.amazonaws.com/KaaS-ITG/v2/servicepin/000ahtvRMdEVuiMqLDMNQv1prPdr/2GP16A"  	[MsgId: MERR-26627]
ServicePin.c(8): Error -26627: HTTP Status-Code=404 (Not Found) for "https://hx9ekpvvbi.execute-api.us-east-1.amazonaws.com/KaaS-ITG/v2/servicepin/000ahtvRMdEVuiMqLDMNQv1prPdr/2GP05A"  	[MsgId: MERR-26627]
ServicePin.c(8): Error -26627: HTTP Status-Code=404 (Not Found) for "https://hx9ekpvvbi.execute-api.us-east-1.amazonaws.com/KaaS-ITG/v2/servicepin/000ahtvRMdEVuiMqLDMNQv1prPdr/2CF57A"  	[MsgId: MERR-26627]
ServicePin.c(8): Error -26627: HTTP Status-Code=404 (Not Found) for "https://hx9ekpvvbi.execute-api.us-east-1.amazonaws.com/KaaS-ITG/v2/servicepin/000ahtvRMdEVuiMqLDMNQv1prPdr/CE996AR"  	[MsgId: MERR-26627]
ServicePin.c(8): Error -26627: HTTP Status-Code=404 (Not Found) for "https://hx9ekpvvbi.execute-api.us-east-1.amazonaws.com/KaaS-ITG/v2/servicepin/000ahtvRMdEVuiMqLDMNQv1prPdr/2GP11A"  	[MsgId: MERR-26627]
ServicePin.c(8): Error -26627: HTTP Status-Code=404 (Not Found) for "https://hx9ekpvvbi.execute-api.us-east-1.amazonaws.com/KaaS-ITG/v2/servicepin/000ahtvRMdEVuiMqLDMNQv1prPdr/5ZN89A"  	[MsgId: MERR-26627]
ServicePin.c(8): Error -26627: HTTP Status-Code=404 (Not Found) for "https://hx9ekpvvbi.execute-api.us-east-1.amazonaws.com/KaaS-ITG/v2/servicepin/000ahtvRMdEVuiMqLDMNQv1prPdr/2CF59A"  	[MsgId: MERR-26627]
Warning: Iteration pacing cannot be reached (pace time = 3.26, actual time = 4.33).	[MsgId: MWAR-15995]
Warning: Iteration pacing cannot be reached (pace time = 3.29, actual time = 12.72).	[MsgId: MWAR-15995]
ServicePin.c(8): Error -26627: HTTP Status-Code=404 (Not Found) for "https://hx9ekpvvbi.execute-api.us-east-1.amazonaws.com/KaaS-ITG/v2/servicepin/000ahtvRMdEVuiMqLDMNQv1prPdr/2GP07A"  	[MsgId: MERR-26627]
ServicePin.c(8): Error -26627: HTTP Status-Code=404 (Not Found) for "https://hx9ekpvvbi.execute-api.us-east-1.amazonaws.com/KaaS-ITG/v2/servicepin/000ahtvRMdEVuiMqLDMNQv1prPdr/5ZN88A"  	[MsgId: MERR-26627]
ServicePin.c(8): Error -26627: HTTP Status-Code=404 (Not Found) for "https://hx9ekpvvbi.execute-api.us-east-1.amazonaws.com/KaaS-ITG/v2/servicepin/000ahtvRMdEVuiMqLDMNQv1prPdr/2GP14A"  	[MsgId: MERR-26627]
ServicePin.c(8): Error -26627: HTTP Status-Code=404 (Not Found) for "https://hx9ekpvvbi.execute-api.us-east-1.amazonaws.com/KaaS-ITG/v2/servicepin/000ahtvRMdEVuiMqLDMNQv1prPdr/2GP10A"  	[MsgId: MERR-26627]
ServicePin.c(8): Error -26627: HTTP Status-Code=404 (Not Found) for "https://hx9ekpvvbi.execute-api.us-east-1.amazonaws.com/KaaS-ITG/v2/servicepin/000ahtvRMdEVuiMqLDMNQv1prPdr/CZ248AR"  	[MsgId: MERR-26627]
ServicePin.c(8): Error -26627: HTTP Status-Code=404 (Not Found) for "https://hx9ekpvvbi.execute-api.us-east-1.amazonaws.com/KaaS-ITG/v2/servicepin/000ahtvRMdEVuiMqLDMNQv1prPdr/CD644AR"  	[MsgId: MERR-26627]
ServicePin.c(8): Error -26627: HTTP Status-Code=404 (Not Found) for "https://hx9ekpvvbi.execute-api.us-east-1.amazonaws.com/KaaS-ITG/v2/servicepin/000ahtvRMdEVuiMqLDMNQv1prPdr/2CF60A"  	[MsgId: MERR-26627]
ServicePin.c(8): Error -26608: HTTP Status-Code=504 (Gateway Timeout) for "https://hx9ekpvvbi.execute-api.us-east-1.amazonaws.com/KaaS-ITG/v2/servicepin/000ahtvRMdEVuiMqLDMNQv1prPdr/P7Z47A"  	[MsgId: MERR-26608]
Warning: Iteration pacing cannot be reached (pace time = 3.76, actual time = 29.04).	[MsgId: MWAR-15995]
Warning: Iteration pacing cannot be reached (pace time = 3.67, actual time = 23.06).	[MsgId: MWAR-15995]
ServicePin.c(8): Error -26627: HTTP Status-Code=404 (Not Found) for "https://hx9ekpvvbi.execute-api.us-east-1.amazonaws.com/KaaS-ITG/v2/servicepin/000ahtvRMdEVuiMqLDMNQv1prPdr/2GP07A"  	[MsgId: MERR-26627]
ServicePin.c(8): Error -26627: HTTP Status-Code=404 (Not Found) for "https://hx9ekpvvbi.execute-api.us-east-1.amazonaws.com/KaaS-ITG/v2/servicepin/000ahtvRMdEVuiMqLDMNQv1prPdr/2CF59A"  	[MsgId: MERR-26627]
ServicePin.c(8): Error -26627: HTTP Status-Code=404 (Not Found) for "https://hx9ekpvvbi.execute-api.us-east-1.amazonaws.com/KaaS-ITG/v2/servicepin/000ahtvRMdEVuiMqLDMNQv1prPdr/CZ250AR"  	[MsgId: MERR-26627]
ServicePin.c(8): Error -26627: HTTP Status-Code=404 (Not Found) for "https://hx9ekpvvbi.execute-api.us-east-1.amazonaws.com/KaaS-ITG/v2/servicepin/000ahtvRMdEVuiMqLDMNQv1prPdr/2GP08A"  	[MsgId: MERR-26627]
ServicePin.c(8): Error -26627: HTTP Status-Code=404 (Not Found) for "https://hx9ekpvvbi.execute-api.us-east-1.amazonaws.com/KaaS-ITG/v2/servicepin/000ahtvRMdEVuiMqLDMNQv1prPdr/CE993AR"  	[MsgId: MERR-26627]
ServicePin.c(8): Error -26627: HTTP Status-Code=404 (Not Found) for "https://hx9ekpvvbi.execute-api.us-east-1.amazonaws.com/KaaS-ITG/v2/servicepin/000ahtvRMdEVuiMqLDMNQv1prPdr/CD646AR"  	[MsgId: MERR-26627]
ServicePin.c(8): Error -26627: HTTP Status-Code=404 (Not Found) for "https://hx9ekpvvbi.execute-api.us-east-1.amazonaws.com/KaaS-ITG/v2/servicepin/000ahtvRMdEVuiMqLDMNQv1prPdr/CZ248AR"  	[MsgId: MERR-26627]
ServicePin.c(8): Error -26627: HTTP Status-Code=404 (Not Found) for "https://hx9ekpvvbi.execute-api.us-east-1.amazonaws.com/KaaS-ITG/v2/servicepin/000ahtvRMdEVuiMqLDMNQv1prPdr/2GP04A"  	[MsgId: MERR-26627]
ServicePin.c(8): Error -26627: HTTP Status-Code=404 (Not Found) for "https://hx9ekpvvbi.execute-api.us-east-1.amazonaws.com/KaaS-ITG/v2/servicepin/000ahtvRMdEVuiMqLDMNQv1prPdr/2GP16A"  	[MsgId: MERR-26627]
ServicePin.c(8): Error -26627: HTTP Status-Code=404 (Not Found) for "https://hx9ekpvvbi.execute-api.us-east-1.amazonaws.com/KaaS-ITG/v2/servicepin/000ahtvRMdEVuiMqLDMNQv1prPdr/J7Z10A"  	[MsgId: MERR-26627]
ServicePin.c(8): Error -26627: HTTP Status-Code=404 (Not Found) for "https://hx9ekpvvbi.execute-api.us-east-1.amazonaws.com/KaaS-ITG/v2/servicepin/000ahtvRMdEVuiMqLDMNQv1prPdr/F3J55A"  	[MsgId: MERR-26627]
ServicePin.c(8): Error -26627: HTTP Status-Code=404 (Not Found) for "https://hx9ekpvvbi.execute-api.us-east-1.amazonaws.com/KaaS-ITG/v2/servicepin/000ahtvRMdEVuiMqLDMNQv1prPdr/5ZN95A"  	[MsgId: MERR-26627]
ServicePin.c(8): Error -26627: HTTP Status-Code=404 (Not Found) for "https://hx9ekpvvbi.execute-api.us-east-1.amazonaws.com/KaaS-ITG/v2/servicepin/000ahtvRMdEVuiMqLDMNQv1prPdr/2CF56A"  	[MsgId: MERR-26627]
ServicePin.c(8): Error -26627: HTTP Status-Code=404 (Not Found) for "https://hx9ekpvvbi.execute-api.us-east-1.amazonaws.com/KaaS-ITG/v2/servicepin/000ahtvRMdEVuiMqLDMNQv1prPdr/2GP11A"  	[MsgId: MERR-26627]
ServicePin.c(8): Error -26627: HTTP Status-Code=404 (Not Found) for "https://hx9ekpvvbi.execute-api.us-east-1.amazonaws.com/KaaS-ITG/v2/servicepin/000ahtvRMdEVuiMqLDMNQv1prPdr/CD646AR"  	[MsgId: MERR-26627]
ServicePin.c(8): Error -26627: HTTP Status-Code=404 (Not Found) for "https://hx9ekpvvbi.execute-api.us-east-1.amazonaws.com/KaaS-ITG/v2/servicepin/000ahtvRMdEVuiMqLDMNQv1prPdr/2GP16A"  	[MsgId: MERR-26627]
ServicePin.c(8): Error -26627: HTTP Status-Code=404 (Not Found) for "https://hx9ekpvvbi.execute-api.us-east-1.amazonaws.com/KaaS-ITG/v2/servicepin/000ahtvRMdEVuiMqLDMNQv1prPdr/CE994AR"  	[MsgId: MERR-26627]
Warning: Iteration pacing cannot be reached (pace time = 3.69, actual time = 9.47).	[MsgId: MWAR-15995]
ServicePin.c(8): Error -26627: HTTP Status-Code=404 (Not Found) for "https://hx9ekpvvbi.execute-api.us-east-1.amazonaws.com/KaaS-ITG/v2/servicepin/000ahtvRMdEVuiMqLDMNQv1prPdr/2GP16A"  	[MsgId: MERR-26627]
Warning: Iteration pacing cannot be reached (pace time = 3.91, actual time = 5.23).	[MsgId: MWAR-15995]
ServicePin.c(8): Error -26627: HTTP Status-Code=404 (Not Found) for "https://hx9ekpvvbi.execute-api.us-east-1.amazonaws.com/KaaS-ITG/v2/servicepin/000ahtvRMdEVuiMqLDMNQv1prPdr/2CF59A"  	[MsgId: MERR-26627]
ServicePin.c(8): Error -26627: HTTP Status-Code=404 (Not Found) for "https://hx9ekpvvbi.execute-api.us-east-1.amazonaws.com/KaaS-ITG/v2/servicepin/000ahtvRMdEVuiMqLDMNQv1prPdr/CF083AR"  	[MsgId: MERR-26627]
Warning: Iteration pacing cannot be reached (pace time = 3.07, actual time = 4.19).	[MsgId: MWAR-15995]
ServicePin.c(8): Error -26627: HTTP Status-Code=404 (Not Found) for "https://hx9ekpvvbi.execute-api.us-east-1.amazonaws.com/KaaS-ITG/v2/servicepin/000ahtvRMdEVuiMqLDMNQv1prPdr/5ZN88A"  	[MsgId: MERR-26627]
ServicePin.c(8): Error -26627: HTTP Status-Code=404 (Not Found) for "https://hx9ekpvvbi.execute-api.us-east-1.amazonaws.com/KaaS-ITG/v2/servicepin/000ahtvRMdEVuiMqLDMNQv1prPdr/CE994AR"  	[MsgId: MERR-26627]
ServicePin.c(8): Error -26627: HTTP Status-Code=404 (Not Found) for "https://hx9ekpvvbi.execute-api.us-east-1.amazonaws.com/KaaS-ITG/v2/servicepin/000ahtvRMdEVuiMqLDMNQv1prPdr/5ZN92A"  	[MsgId: MERR-26627]
ServicePin.c(8): Error -26627: HTTP Status-Code=404 (Not Found) for "https://hx9ekpvvbi.execute-api.us-east-1.amazonaws.com/KaaS-ITG/v2/servicepin/000ahtvRMdEVuiMqLDMNQv1prPdr/5ZN88A"  	[MsgId: MERR-26627]
ServicePin.c(8): Error -26627: HTTP Status-Code=404 (Not Found) for "https://hx9ekpvvbi.execute-api.us-east-1.amazonaws.com/KaaS-ITG/v2/servicepin/000ahtvRMdEVuiMqLDMNQv1prPdr/CZ251A"  	[MsgId: MERR-26627]
ServicePin.c(8): Error -26608: HTTP Status-Code=504 (Gateway Timeout) for "https://hx9ekpvvbi.execute-api.us-east-1.amazonaws.com/KaaS-ITG/v2/servicepin/000ahtvRMdEVuiMqLDMNQv1prPdr/CE990A"  	[MsgId: MERR-26608]
Warning: Iteration pacing cannot be reached (pace time = 3.02, actual time = 29.04).	[MsgId: MWAR-15995]
Warning: Iteration pacing cannot be reached (pace time = 3.20, actual time = 23.71).	[MsgId: MWAR-15995]
ServicePin.c(8): Error -26627: HTTP Status-Code=404 (Not Found) for "https://hx9ekpvvbi.execute-api.us-east-1.amazonaws.com/KaaS-ITG/v2/servicepin/000ahtvRMdEVuiMqLDMNQv1prPdr/2GP13A"  	[MsgId: MERR-26627]
ServicePin.c(8): Error -26627: HTTP Status-Code=404 (Not Found) for "https://hx9ekpvvbi.execute-api.us-east-1.amazonaws.com/KaaS-ITG/v2/servicepin/000ahtvRMdEVuiMqLDMNQv1prPdr/5ZN94A"  	[MsgId: MERR-26627]
ServicePin.c(8): Error -26627: HTTP Status-Code=404 (Not Found) for "https://hx9ekpvvbi.execute-api.us-east-1.amazonaws.com/KaaS-ITG/v2/servicepin/000ahtvRMdEVuiMqLDMNQv1prPdr/CZ251A"  	[MsgId: MERR-26627]
ServicePin.c(8): Error -26627: HTTP Status-Code=404 (Not Found) for "https://hx9ekpvvbi.execute-api.us-east-1.amazonaws.com/KaaS-ITG/v2/servicepin/000ahtvRMdEVuiMqLDMNQv1prPdr/5ZN92A"  	[MsgId: MERR-26627]
ServicePin.c(8): Error -26627: HTTP Status-Code=404 (Not Found) for "https://hx9ekpvvbi.execute-api.us-east-1.amazonaws.com/KaaS-ITG/v2/servicepin/000ahtvRMdEVuiMqLDMNQv1prPdr/2GP13A"  	[MsgId: MERR-26627]
ServicePin.c(8): Error -26627: HTTP Status-Code=404 (Not Found) for "https://hx9ekpvvbi.execute-api.us-east-1.amazonaws.com/KaaS-ITG/v2/servicepin/000ahtvRMdEVuiMqLDMNQv1prPdr/2GP17A"  	[MsgId: MERR-26627]
ServicePin.c(8): Error -26627: HTTP Status-Code=404 (Not Found) for "https://hx9ekpvvbi.execute-api.us-east-1.amazonaws.com/KaaS-ITG/v2/servicepin/000ahtvRMdEVuiMqLDMNQv1prPdr/CZ251A"  	[MsgId: MERR-26627]
ServicePin.c(8): Error -26627: HTTP Status-Code=404 (Not Found) for "https://hx9ekpvvbi.execute-api.us-east-1.amazonaws.com/KaaS-ITG/v2/servicepin/000ahtvRMdEVuiMqLDMNQv1prPdr/CZ250AR"  	[MsgId: MERR-26627]
ServicePin.c(8): Error -26627: HTTP Status-Code=404 (Not Found) for "https://hx9ekpvvbi.execute-api.us-east-1.amazonaws.com/KaaS-ITG/v2/servicepin/000ahtvRMdEVuiMqLDMNQv1prPdr/5ZN97A"  	[MsgId: MERR-26627]
ServicePin.c(8): Error -26627: HTTP Status-Code=404 (Not Found) for "https://hx9ekpvvbi.execute-api.us-east-1.amazonaws.com/KaaS-ITG/v2/servicepin/000ahtvRMdEVuiMqLDMNQv1prPdr/2CF56A"  	[MsgId: MERR-26627]
ServicePin.c(8): Error -26627: HTTP Status-Code=404 (Not Found) for "https://hx9ekpvvbi.execute-api.us-east-1.amazonaws.com/KaaS-ITG/v2/servicepin/000ahtvRMdEVuiMqLDMNQv1prPdr/CF081AR"  	[MsgId: MERR-26627]
ServicePin.c(8): Error -26627: HTTP Status-Code=404 (Not Found) for "https://hx9ekpvvbi.execute-api.us-east-1.amazonaws.com/KaaS-ITG/v2/servicepin/000ahtvRMdEVuiMqLDMNQv1prPdr/B3G84AR"  	[MsgId: MERR-26627]
ServicePin.c(8): Error -26627: HTTP Status-Code=404 (Not Found) for "https://hx9ekpvvbi.execute-api.us-east-1.amazonaws.com/KaaS-ITG/v2/servicepin/000ahtvRMdEVuiMqLDMNQv1prPdr/5ZN89A"  	[MsgId: MERR-26627]
ServicePin.c(8): Error -26627: HTTP Status-Code=404 (Not Found) for "https://hx9ekpvvbi.execute-api.us-east-1.amazonaws.com/KaaS-ITG/v2/servicepin/000ahtvRMdEVuiMqLDMNQv1prPdr/2CF60A"  	[MsgId: MERR-26627]
ServicePin.c(8): Error -26627: HTTP Status-Code=404 (Not Found) for "https://hx9ekpvvbi.execute-api.us-east-1.amazonaws.com/KaaS-ITG/v2/servicepin/000ahtvRMdEVuiMqLDMNQv1prPdr/1PV89A"  	[MsgId: MERR-26627]
ServicePin.c(8): Error -26627: HTTP Status-Code=404 (Not Found) for "https://hx9ekpvvbi.execute-api.us-east-1.amazonaws.com/KaaS-ITG/v2/servicepin/000ahtvRMdEVuiMqLDMNQv1prPdr/2GP17A"  	[MsgId: MERR-26627]
ServicePin.c(8): Error -26627: HTTP Status-Code=404 (Not Found) for "https://hx9ekpvvbi.execute-api.us-east-1.amazonaws.com/KaaS-ITG/v2/servicepin/000ahtvRMdEVuiMqLDMNQv1prPdr/J7Z10A"  	[MsgId: MERR-26627]
ServicePin.c(8): Error -26627: HTTP Status-Code=404 (Not Found) for "https://hx9ekpvvbi.execute-api.us-east-1.amazonaws.com/KaaS-ITG/v2/servicepin/000ahtvRMdEVuiMqLDMNQv1prPdr/CE996AR"  	[MsgId: MERR-26627]
ServicePin.c(8): Error -26627: HTTP Status-Code=404 (Not Found) for "https://hx9ekpvvbi.execute-api.us-east-1.amazonaws.com/KaaS-ITG/v2/servicepin/000ahtvRMdEVuiMqLDMNQv1prPdr/5ZN93A"  	[MsgId: MERR-26627]
Warning: Iteration pacing cannot be reached (pace time = 3.45, actual time = 7.01).	[MsgId: MWAR-15995]
ServicePin.c(8): Error -26627: HTTP Status-Code=404 (Not Found) for "https://hx9ekpvvbi.execute-api.us-east-1.amazonaws.com/KaaS-ITG/v2/servicepin/000ahtvRMdEVuiMqLDMNQv1prPdr/2GP08A"  	[MsgId: MERR-26627]
ServicePin.c(8): Error -26627: HTTP Status-Code=404 (Not Found) for "https://hx9ekpvvbi.execute-api.us-east-1.amazonaws.com/KaaS-ITG/v2/servicepin/000ahtvRMdEVuiMqLDMNQv1prPdr/5ZN92A"  	[MsgId: MERR-26627]
ServicePin.c(8): Error -26627: HTTP Status-Code=404 (Not Found) for "https://hx9ekpvvbi.execute-api.us-east-1.amazonaws.com/KaaS-ITG/v2/servicepin/000ahtvRMdEVuiMqLDMNQv1prPdr/5ZN95A"  	[MsgId: MERR-26627]
Warning: Iteration pacing cannot be reached (pace time = 3.10, actual time = 3.22).	[MsgId: MWAR-15995]
ServicePin.c(8): Error -26627: HTTP Status-Code=404 (Not Found) for "https://hx9ekpvvbi.execute-api.us-east-1.amazonaws.com/KaaS-ITG/v2/servicepin/000ahtvRMdEVuiMqLDMNQv1prPdr/2GP17A"  	[MsgId: MERR-26627]
ServicePin.c(8): Error -26627: HTTP Status-Code=404 (Not Found) for "https://hx9ekpvvbi.execute-api.us-east-1.amazonaws.com/KaaS-ITG/v2/servicepin/000ahtvRMdEVuiMqLDMNQv1prPdr/5ZN89A"  	[MsgId: MERR-26627]
ServicePin.c(8): Error -26627: HTTP Status-Code=404 (Not Found) for "https://hx9ekpvvbi.execute-api.us-east-1.amazonaws.com/KaaS-ITG/v2/servicepin/000ahtvRMdEVuiMqLDMNQv1prPdr/CF081AR"  	[MsgId: MERR-26627]
ServicePin.c(8): Error -26627: HTTP Status-Code=404 (Not Found) for "https://hx9ekpvvbi.execute-api.us-east-1.amazonaws.com/KaaS-ITG/v2/servicepin/000ahtvRMdEVuiMqLDMNQv1prPdr/2GP11A"  	[MsgId: MERR-26627]
Warning: Iteration pacing cannot be reached (pace time = 3.13, actual time = 3.90).	[MsgId: MWAR-15995]
ServicePin.c(8): Error -26627: HTTP Status-Code=404 (Not Found) for "https://hx9ekpvvbi.execute-api.us-east-1.amazonaws.com/KaaS-ITG/v2/servicepin/000ahtvRMdEVuiMqLDMNQv1prPdr/2GP16A"  	[MsgId: MERR-26627]
Warning: Iteration pacing cannot be reached (pace time = 3.46, actual time = 15.50).	[MsgId: MWAR-15995]
ServicePin.c(8): Error -26627: HTTP Status-Code=404 (Not Found) for "https://hx9ekpvvbi.execute-api.us-east-1.amazonaws.com/KaaS-ITG/v2/servicepin/000ahtvRMdEVuiMqLDMNQv1prPdr/2GP13A"  	[MsgId: MERR-26627]
ServicePin.c(8): Error -26627: HTTP Status-Code=404 (Not Found) for "https://hx9ekpvvbi.execute-api.us-east-1.amazonaws.com/KaaS-ITG/v2/servicepin/000ahtvRMdEVuiMqLDMNQv1prPdr/CD644AR"  	[MsgId: MERR-26627]
ServicePin.c(8): Error -26627: HTTP Status-Code=404 (Not Found) for "https://hx9ekpvvbi.execute-api.us-east-1.amazonaws.com/KaaS-ITG/v2/servicepin/000ahtvRMdEVuiMqLDMNQv1prPdr/B3G85AR"  	[MsgId: MERR-26627]
Warning: Iteration pacing cannot be reached (pace time = 3.62, actual time = 4.86).	[MsgId: MWAR-15995]
ServicePin.c(8): Error -26627: HTTP Status-Code=404 (Not Found) for "https://hx9ekpvvbi.execute-api.us-east-1.amazonaws.com/KaaS-ITG/v2/servicepin/000ahtvRMdEVuiMqLDMNQv1prPdr/CZ257AR"  	[MsgId: MERR-26627]
ServicePin.c(8): Error -26627: HTTP Status-Code=404 (Not Found) for "https://hx9ekpvvbi.execute-api.us-east-1.amazonaws.com/KaaS-ITG/v2/servicepin/000ahtvRMdEVuiMqLDMNQv1prPdr/B3G85AR"  	[MsgId: MERR-26627]
ServicePin.c(8): Error -26627: HTTP Status-Code=404 (Not Found) for "https://hx9ekpvvbi.execute-api.us-east-1.amazonaws.com/KaaS-ITG/v2/servicepin/000ahtvRMdEVuiMqLDMNQv1prPdr/CZ255AR"  	[MsgId: MERR-26627]
Warning: Iteration pacing cannot be reached (pace time = 3.63, actual time = 4.32).	[MsgId: MWAR-15995]
ServicePin.c(8): Error -26627: HTTP Status-Code=404 (Not Found) for "https://hx9ekpvvbi.execute-api.us-east-1.amazonaws.com/KaaS-ITG/v2/servicepin/000ahtvRMdEVuiMqLDMNQv1prPdr/CE989AR"  	[MsgId: MERR-26627]
ServicePin.c(8): Error -26627: HTTP Status-Code=404 (Not Found) for "https://hx9ekpvvbi.execute-api.us-east-1.amazonaws.com/KaaS-ITG/v2/servicepin/000ahtvRMdEVuiMqLDMNQv1prPdr/2CF59A"  	[MsgId: MERR-26627]
ServicePin.c(8): Error -26627: HTTP Status-Code=404 (Not Found) for "https://hx9ekpvvbi.execute-api.us-east-1.amazonaws.com/KaaS-ITG/v2/servicepin/000ahtvRMdEVuiMqLDMNQv1prPdr/CZ250AR"  	[MsgId: MERR-26627]
ServicePin.c(8): Error -26627: HTTP Status-Code=404 (Not Found) for "https://hx9ekpvvbi.execute-api.us-east-1.amazonaws.com/KaaS-ITG/v2/servicepin/000ahtvRMdEVuiMqLDMNQv1prPdr/2CF59A"  	[MsgId: MERR-26627]
ServicePin.c(8): Error -26627: HTTP Status-Code=404 (Not Found) for "https://hx9ekpvvbi.execute-api.us-east-1.amazonaws.com/KaaS-ITG/v2/servicepin/000ahtvRMdEVuiMqLDMNQv1prPdr/CF081AR"  	[MsgId: MERR-26627]
ServicePin.c(8): Error -26627: HTTP Status-Code=404 (Not Found) for "https://hx9ekpvvbi.execute-api.us-east-1.amazonaws.com/KaaS-ITG/v2/servicepin/000ahtvRMdEVuiMqLDMNQv1prPdr/CZ249AR"  	[MsgId: MERR-26627]
ServicePin.c(8): Error -26627: HTTP Status-Code=404 (Not Found) for "https://hx9ekpvvbi.execute-api.us-east-1.amazonaws.com/KaaS-ITG/v2/servicepin/000ahtvRMdEVuiMqLDMNQv1prPdr/CE990AR"  	[MsgId: MERR-26627]
ServicePin.c(8): Error -26627: HTTP Status-Code=404 (Not Found) for "https://hx9ekpvvbi.execute-api.us-east-1.amazonaws.com/KaaS-ITG/v2/servicepin/000ahtvRMdEVuiMqLDMNQv1prPdr/2GP14A"  	[MsgId: MERR-26627]
ServicePin.c(8): Error -26627: HTTP Status-Code=404 (Not Found) for "https://hx9ekpvvbi.execute-api.us-east-1.amazonaws.com/KaaS-ITG/v2/servicepin/000ahtvRMdEVuiMqLDMNQv1prPdr/2CF56A"  	[MsgId: MERR-26627]
ServicePin.c(8): Error -26627: HTTP Status-Code=404 (Not Found) for "https://hx9ekpvvbi.execute-api.us-east-1.amazonaws.com/KaaS-ITG/v2/servicepin/000ahtvRMdEVuiMqLDMNQv1prPdr/B3G85AR"  	[MsgId: MERR-26627]
Warning: Iteration pacing cannot be reached (pace time = 3.73, actual time = 3.74).	[MsgId: MWAR-15995]
ServicePin.c(8): Error -26627: HTTP Status-Code=404 (Not Found) for "https://hx9ekpvvbi.execute-api.us-east-1.amazonaws.com/KaaS-ITG/v2/servicepin/000ahtvRMdEVuiMqLDMNQv1prPdr/CE989AR"  	[MsgId: MERR-26627]
ServicePin.c(8): Error -26627: HTTP Status-Code=404 (Not Found) for "https://hx9ekpvvbi.execute-api.us-east-1.amazonaws.com/KaaS-ITG/v2/servicepin/000ahtvRMdEVuiMqLDMNQv1prPdr/5ZN89A"  	[MsgId: MERR-26627]
ServicePin.c(8): Error -26627: HTTP Status-Code=404 (Not Found) for "https://hx9ekpvvbi.execute-api.us-east-1.amazonaws.com/KaaS-ITG/v2/servicepin/000ahtvRMdEVuiMqLDMNQv1prPdr/2CF57A"  	[MsgId: MERR-26627]
ServicePin.c(8): Error -26627: HTTP Status-Code=404 (Not Found) for "https://hx9ekpvvbi.execute-api.us-east-1.amazonaws.com/KaaS-ITG/v2/servicepin/000ahtvRMdEVuiMqLDMNQv1prPdr/CE994AR"  	[MsgId: MERR-26627]
ServicePin.c(8): Error -26627: HTTP Status-Code=404 (Not Found) for "https://hx9ekpvvbi.execute-api.us-east-1.amazonaws.com/KaaS-ITG/v2/servicepin/000ahtvRMdEVuiMqLDMNQv1prPdr/5ZN97A"  	[MsgId: MERR-26627]
ServicePin.c(8): Error -26627: HTTP Status-Code=404 (Not Found) for "https://hx9ekpvvbi.execute-api.us-east-1.amazonaws.com/KaaS-ITG/v2/servicepin/000ahtvRMdEVuiMqLDMNQv1prPdr/B3G86AR"  	[MsgId: MERR-26627]
ServicePin.c(8): Error -26627: HTTP Status-Code=404 (Not Found) for "https://hx9ekpvvbi.execute-api.us-east-1.amazonaws.com/KaaS-ITG/v2/servicepin/000ahtvRMdEVuiMqLDMNQv1prPdr/CD645AR"  	[MsgId: MERR-26627]
ServicePin.c(8): Error -26627: HTTP Status-Code=404 (Not Found) for "https://hx9ekpvvbi.execute-api.us-east-1.amazonaws.com/KaaS-ITG/v2/servicepin/000ahtvRMdEVuiMqLDMNQv1prPdr/B3G85AR"  	[MsgId: MERR-26627]
ServicePin.c(8): Error -26627: HTTP Status-Code=404 (Not Found) for "https://hx9ekpvvbi.execute-api.us-east-1.amazonaws.com/KaaS-ITG/v2/servicepin/000ahtvRMdEVuiMqLDMNQv1prPdr/CF081AR"  	[MsgId: MERR-26627]
ServicePin.c(8): Error -26627: HTTP Status-Code=404 (Not Found) for "https://hx9ekpvvbi.execute-api.us-east-1.amazonaws.com/KaaS-ITG/v2/servicepin/000ahtvRMdEVuiMqLDMNQv1prPdr/CZ248AR"  	[MsgId: MERR-26627]
Warning: Iteration pacing cannot be reached (pace time = 3.72, actual time = 9.90).	[MsgId: MWAR-15995]
ServicePin.c(8): Error -26627: HTTP Status-Code=404 (Not Found) for "https://hx9ekpvvbi.execute-api.us-east-1.amazonaws.com/KaaS-ITG/v2/servicepin/000ahtvRMdEVuiMqLDMNQv1prPdr/CZ249AR"  	[MsgId: MERR-26627]
Warning: Iteration pacing cannot be reached (pace time = 3.40, actual time = 14.05).	[MsgId: MWAR-15995]
ServicePin.c(8): Error -26627: HTTP Status-Code=404 (Not Found) for "https://hx9ekpvvbi.execute-api.us-east-1.amazonaws.com/KaaS-ITG/v2/servicepin/000ahtvRMdEVuiMqLDMNQv1prPdr/CF083AR"  	[MsgId: MERR-26627]
ServicePin.c(8): Error -26627: HTTP Status-Code=404 (Not Found) for "https://hx9ekpvvbi.execute-api.us-east-1.amazonaws.com/KaaS-ITG/v2/servicepin/000ahtvRMdEVuiMqLDMNQv1prPdr/2GP08A"  	[MsgId: MERR-26627]
ServicePin.c(8): Error -26627: HTTP Status-Code=404 (Not Found) for "https://hx9ekpvvbi.execute-api.us-east-1.amazonaws.com/KaaS-ITG/v2/servicepin/000ahtvRMdEVuiMqLDMNQv1prPdr/2CF57A"  	[MsgId: MERR-26627]
ServicePin.c(8): Error -26627: HTTP Status-Code=404 (Not Found) for "https://hx9ekpvvbi.execute-api.us-east-1.amazonaws.com/KaaS-ITG/v2/servicepin/000ahtvRMdEVuiMqLDMNQv1prPdr/CE994AR"  	[MsgId: MERR-26627]
ServicePin.c(8): Error -26627: HTTP Status-Code=404 (Not Found) for "https://hx9ekpvvbi.execute-api.us-east-1.amazonaws.com/KaaS-ITG/v2/servicepin/000ahtvRMdEVuiMqLDMNQv1prPdr/CZ248AR"  	[MsgId: MERR-26627]
ServicePin.c(8): Error -26627: HTTP Status-Code=404 (Not Found) for "https://hx9ekpvvbi.execute-api.us-east-1.amazonaws.com/KaaS-ITG/v2/servicepin/000ahtvRMdEVuiMqLDMNQv1prPdr/2CF57A"  	[MsgId: MERR-26627]
ServicePin.c(8): Error -26627: HTTP Status-Code=404 (Not Found) for "https://hx9ekpvvbi.execute-api.us-east-1.amazonaws.com/KaaS-ITG/v2/servicepin/000ahtvRMdEVuiMqLDMNQv1prPdr/2CF57A"  	[MsgId: MERR-26627]
ServicePin.c(8): Error -26627: HTTP Status-Code=404 (Not Found) for "https://hx9ekpvvbi.execute-api.us-east-1.amazonaws.com/KaaS-ITG/v2/servicepin/000ahtvRMdEVuiMqLDMNQv1prPdr/CZ258A"  	[MsgId: MERR-26627]
ServicePin.c(8): Error -26627: HTTP Status-Code=404 (Not Found) for "https://hx9ekpvvbi.execute-api.us-east-1.amazonaws.com/KaaS-ITG/v2/servicepin/000ahtvRMdEVuiMqLDMNQv1prPdr/5ZN93A"  	[MsgId: MERR-26627]
ServicePin.c(8): Error -26627: HTTP Status-Code=404 (Not Found) for "https://hx9ekpvvbi.execute-api.us-east-1.amazonaws.com/KaaS-ITG/v2/servicepin/000ahtvRMdEVuiMqLDMNQv1prPdr/2GP13A"  	[MsgId: MERR-26627]
ServicePin.c(8): Error -26627: HTTP Status-Code=404 (Not Found) for "https://hx9ekpvvbi.execute-api.us-east-1.amazonaws.com/KaaS-ITG/v2/servicepin/000ahtvRMdEVuiMqLDMNQv1prPdr/B3G86AR"  	[MsgId: MERR-26627]
ServicePin.c(8): Error -26627: HTTP Status-Code=404 (Not Found) for "https://hx9ekpvvbi.execute-api.us-east-1.amazonaws.com/KaaS-ITG/v2/servicepin/000ahtvRMdEVuiMqLDMNQv1prPdr/2GP07A"  	[MsgId: MERR-26627]
ServicePin.c(8): Error -26627: HTTP Status-Code=404 (Not Found) for "https://hx9ekpvvbi.execute-api.us-east-1.amazonaws.com/KaaS-ITG/v2/servicepin/000ahtvRMdEVuiMqLDMNQv1prPdr/B3G86AR"  	[MsgId: MERR-26627]
ServicePin.c(8): Error -26627: HTTP Status-Code=404 (Not Found) for "https://hx9ekpvvbi.execute-api.us-east-1.amazonaws.com/KaaS-ITG/v2/servicepin/000ahtvRMdEVuiMqLDMNQv1prPdr/CF081AR"  	[MsgId: MERR-26627]
Warning: Iteration pacing cannot be reached (pace time = 3.42, actual time = 3.52).	[MsgId: MWAR-15995]
ServicePin.c(8): Error -26627: HTTP Status-Code=404 (Not Found) for "https://hx9ekpvvbi.execute-api.us-east-1.amazonaws.com/KaaS-ITG/v2/servicepin/000ahtvRMdEVuiMqLDMNQv1prPdr/CD645AR"  	[MsgId: MERR-26627]
ServicePin.c(8): Error -26627: HTTP Status-Code=404 (Not Found) for "https://hx9ekpvvbi.execute-api.us-east-1.amazonaws.com/KaaS-ITG/v2/servicepin/000ahtvRMdEVuiMqLDMNQv1prPdr/2GP11A"  	[MsgId: MERR-26627]
ServicePin.c(8): Error -26627: HTTP Status-Code=404 (Not Found) for "https://hx9ekpvvbi.execute-api.us-east-1.amazonaws.com/KaaS-ITG/v2/servicepin/000ahtvRMdEVuiMqLDMNQv1prPdr/2CF57A"  	[MsgId: MERR-26627]
ServicePin.c(8): Error -26627: HTTP Status-Code=404 (Not Found) for "https://hx9ekpvvbi.execute-api.us-east-1.amazonaws.com/KaaS-ITG/v2/servicepin/000ahtvRMdEVuiMqLDMNQv1prPdr/5ZN94A"  	[MsgId: MERR-26627]
Warning: Iteration pacing cannot be reached (pace time = 3.93, actual time = 4.15).	[MsgId: MWAR-15995]
Warning: Iteration pacing cannot be reached (pace time = 3.91, actual time = 4.77).	[MsgId: MWAR-15995]
ServicePin.c(8): Error -26627: HTTP Status-Code=404 (Not Found) for "https://hx9ekpvvbi.execute-api.us-east-1.amazonaws.com/KaaS-ITG/v2/servicepin/000ahtvRMdEVuiMqLDMNQv1prPdr/CE993AR"  	[MsgId: MERR-26627]
ServicePin.c(8): Error -26627: HTTP Status-Code=404 (Not Found) for "https://hx9ekpvvbi.execute-api.us-east-1.amazonaws.com/KaaS-ITG/v2/servicepin/000ahtvRMdEVuiMqLDMNQv1prPdr/CE991AR"  	[MsgId: MERR-26627]
ServicePin.c(8): Error -26627: HTTP Status-Code=404 (Not Found) for "https://hx9ekpvvbi.execute-api.us-east-1.amazonaws.com/KaaS-ITG/v2/servicepin/000ahtvRMdEVuiMqLDMNQv1prPdr/2CF60A"  	[MsgId: MERR-26627]
ServicePin.c(8): Error -26627: HTTP Status-Code=404 (Not Found) for "https://hx9ekpvvbi.execute-api.us-east-1.amazonaws.com/KaaS-ITG/v2/servicepin/000ahtvRMdEVuiMqLDMNQv1prPdr/CF081AR"  	[MsgId: MERR-26627]
ServicePin.c(8): Error -26627: HTTP Status-Code=404 (Not Found) for "https://hx9ekpvvbi.execute-api.us-east-1.amazonaws.com/KaaS-ITG/v2/servicepin/000ahtvRMdEVuiMqLDMNQv1prPdr/2GP13A"  	[MsgId: MERR-26627]
ServicePin.c(8): Error -26627: HTTP Status-Code=404 (Not Found) for "https://hx9ekpvvbi.execute-api.us-east-1.amazonaws.com/KaaS-ITG/v2/servicepin/000ahtvRMdEVuiMqLDMNQv1prPdr/5ZN95A"  	[MsgId: MERR-26627]
ServicePin.c(8): Error -26627: HTTP Status-Code=404 (Not Found) for "https://hx9ekpvvbi.execute-api.us-east-1.amazonaws.com/KaaS-ITG/v2/servicepin/000ahtvRMdEVuiMqLDMNQv1prPdr/5ZN89A"  	[MsgId: MERR-26627]
ServicePin.c(8): Error -26627: HTTP Status-Code=404 (Not Found) for "https://hx9ekpvvbi.execute-api.us-east-1.amazonaws.com/KaaS-ITG/v2/servicepin/000ahtvRMdEVuiMqLDMNQv1prPdr/5ZN94A"  	[MsgId: MERR-26627]
ServicePin.c(8): Error -26627: HTTP Status-Code=404 (Not Found) for "https://hx9ekpvvbi.execute-api.us-east-1.amazonaws.com/KaaS-ITG/v2/servicepin/000ahtvRMdEVuiMqLDMNQv1prPdr/5ZN96A"  	[MsgId: MERR-26627]
Warning: Iteration pacing cannot be reached (pace time = 3.27, actual time = 13.46).	[MsgId: MWAR-15995]
ServicePin.c(8): Error -26627: HTTP Status-Code=404 (Not Found) for "https://hx9ekpvvbi.execute-api.us-east-1.amazonaws.com/KaaS-ITG/v2/servicepin/000ahtvRMdEVuiMqLDMNQv1prPdr/5ZN96A"  	[MsgId: MERR-26627]
ServicePin.c(8): Error -26627: HTTP Status-Code=404 (Not Found) for "https://hx9ekpvvbi.execute-api.us-east-1.amazonaws.com/KaaS-ITG/v2/servicepin/000ahtvRMdEVuiMqLDMNQv1prPdr/CE989AR"  	[MsgId: MERR-26627]
Warning: Iteration pacing cannot be reached (pace time = 3.74, actual time = 4.17).	[MsgId: MWAR-15995]
ServicePin.c(8): Error -26627: HTTP Status-Code=404 (Not Found) for "https://hx9ekpvvbi.execute-api.us-east-1.amazonaws.com/KaaS-ITG/v2/servicepin/000ahtvRMdEVuiMqLDMNQv1prPdr/2GP04A"  	[MsgId: MERR-26627]
ServicePin.c(8): Error -26627: HTTP Status-Code=404 (Not Found) for "https://hx9ekpvvbi.execute-api.us-east-1.amazonaws.com/KaaS-ITG/v2/servicepin/000ahtvRMdEVuiMqLDMNQv1prPdr/CZ255AR"  	[MsgId: MERR-26627]
ServicePin.c(8): Error -26627: HTTP Status-Code=404 (Not Found) for "https://hx9ekpvvbi.execute-api.us-east-1.amazonaws.com/KaaS-ITG/v2/servicepin/000ahtvRMdEVuiMqLDMNQv1prPdr/CZ258A"  	[MsgId: MERR-26627]
ServicePin.c(8): Error -26627: HTTP Status-Code=404 (Not Found) for "https://hx9ekpvvbi.execute-api.us-east-1.amazonaws.com/KaaS-ITG/v2/servicepin/000ahtvRMdEVuiMqLDMNQv1prPdr/CE993AR"  	[MsgId: MERR-26627]
ServicePin.c(8): Error -26627: HTTP Status-Code=404 (Not Found) for "https://hx9ekpvvbi.execute-api.us-east-1.amazonaws.com/KaaS-ITG/v2/servicepin/000ahtvRMdEVuiMqLDMNQv1prPdr/F3J55A"  	[MsgId: MERR-26627]
ServicePin.c(8): Error -26627: HTTP Status-Code=404 (Not Found) for "https://hx9ekpvvbi.execute-api.us-east-1.amazonaws.com/KaaS-ITG/v2/servicepin/000ahtvRMdEVuiMqLDMNQv1prPdr/CZ250AR"  	[MsgId: MERR-26627]
ServicePin.c(8): Error -26627: HTTP Status-Code=404 (Not Found) for "https://hx9ekpvvbi.execute-api.us-east-1.amazonaws.com/KaaS-ITG/v2/servicepin/000ahtvRMdEVuiMqLDMNQv1prPdr/CD644AR"  	[MsgId: MERR-26627]
ServicePin.c(8): Error -26627: HTTP Status-Code=404 (Not Found) for "https://hx9ekpvvbi.execute-api.us-east-1.amazonaws.com/KaaS-ITG/v2/servicepin/000ahtvRMdEVuiMqLDMNQv1prPdr/CZ249AR"  	[MsgId: MERR-26627]
ServicePin.c(8): Error -26627: HTTP Status-Code=404 (Not Found) for "https://hx9ekpvvbi.execute-api.us-east-1.amazonaws.com/KaaS-ITG/v2/servicepin/000ahtvRMdEVuiMqLDMNQv1prPdr/CD645AR"  	[MsgId: MERR-26627]
ServicePin.c(8): Error -26627: HTTP Status-Code=404 (Not Found) for "https://hx9ekpvvbi.execute-api.us-east-1.amazonaws.com/KaaS-ITG/v2/servicepin/000ahtvRMdEVuiMqLDMNQv1prPdr/CZ258A"  	[MsgId: MERR-26627]
ServicePin.c(8): Error -26627: HTTP Status-Code=404 (Not Found) for "https://hx9ekpvvbi.execute-api.us-east-1.amazonaws.com/KaaS-ITG/v2/servicepin/000ahtvRMdEVuiMqLDMNQv1prPdr/5ZN93A"  	[MsgId: MERR-26627]
ServicePin.c(8): Error -26627: HTTP Status-Code=404 (Not Found) for "https://hx9ekpvvbi.execute-api.us-east-1.amazonaws.com/KaaS-ITG/v2/servicepin/000ahtvRMdEVuiMqLDMNQv1prPdr/CZ248AR"  	[MsgId: MERR-26627]
ServicePin.c(8): Error -26627: HTTP Status-Code=404 (Not Found) for "https://hx9ekpvvbi.execute-api.us-east-1.amazonaws.com/KaaS-ITG/v2/servicepin/000ahtvRMdEVuiMqLDMNQv1prPdr/CE990AR"  	[MsgId: MERR-26627]
ServicePin.c(8): Error -26627: HTTP Status-Code=404 (Not Found) for "https://hx9ekpvvbi.execute-api.us-east-1.amazonaws.com/KaaS-ITG/v2/servicepin/000ahtvRMdEVuiMqLDMNQv1prPdr/5ZN94A"  	[MsgId: MERR-26627]
ServicePin.c(8): Error -26627: HTTP Status-Code=404 (Not Found) for "https://hx9ekpvvbi.execute-api.us-east-1.amazonaws.com/KaaS-ITG/v2/servicepin/000ahtvRMdEVuiMqLDMNQv1prPdr/2GP08A"  	[MsgId: MERR-26627]
ServicePin.c(8): Error -26627: HTTP Status-Code=404 (Not Found) for "https://hx9ekpvvbi.execute-api.us-east-1.amazonaws.com/KaaS-ITG/v2/servicepin/000ahtvRMdEVuiMqLDMNQv1prPdr/CD646AR"  	[MsgId: MERR-26627]
ServicePin.c(8): Error -26627: HTTP Status-Code=404 (Not Found) for "https://hx9ekpvvbi.execute-api.us-east-1.amazonaws.com/KaaS-ITG/v2/servicepin/000ahtvRMdEVuiMqLDMNQv1prPdr/CZ258A"  	[MsgId: MERR-26627]
ServicePin.c(8): Error -26627: HTTP Status-Code=404 (Not Found) for "https://hx9ekpvvbi.execute-api.us-east-1.amazonaws.com/KaaS-ITG/v2/servicepin/000ahtvRMdEVuiMqLDMNQv1prPdr/5ZN96A"  	[MsgId: MERR-26627]
ServicePin.c(8): Error -26627: HTTP Status-Code=404 (Not Found) for "https://hx9ekpvvbi.execute-api.us-east-1.amazonaws.com/KaaS-ITG/v2/servicepin/000ahtvRMdEVuiMqLDMNQv1prPdr/2CF59A"  	[MsgId: MERR-26627]
ServicePin.c(8): Error -26627: HTTP Status-Code=404 (Not Found) for "https://hx9ekpvvbi.execute-api.us-east-1.amazonaws.com/KaaS-ITG/v2/servicepin/000ahtvRMdEVuiMqLDMNQv1prPdr/F3J55A"  	[MsgId: MERR-26627]
ServicePin.c(8): Error -26627: HTTP Status-Code=404 (Not Found) for "https://hx9ekpvvbi.execute-api.us-east-1.amazonaws.com/KaaS-ITG/v2/servicepin/000ahtvRMdEVuiMqLDMNQv1prPdr/CZ250AR"  	[MsgId: MERR-26627]
ServicePin.c(8): Error -26627: HTTP Status-Code=404 (Not Found) for "https://hx9ekpvvbi.execute-api.us-east-1.amazonaws.com/KaaS-ITG/v2/servicepin/000ahtvRMdEVuiMqLDMNQv1prPdr/CD644AR"  	[MsgId: MERR-26627]
ServicePin.c(8): Error -26627: HTTP Status-Code=404 (Not Found) for "https://hx9ekpvvbi.execute-api.us-east-1.amazonaws.com/KaaS-ITG/v2/servicepin/000ahtvRMdEVuiMqLDMNQv1prPdr/1PV89A"  	[MsgId: MERR-26627]
ServicePin.c(8): Error -26627: HTTP Status-Code=404 (Not Found) for "https://hx9ekpvvbi.execute-api.us-east-1.amazonaws.com/KaaS-ITG/v2/servicepin/000ahtvRMdEVuiMqLDMNQv1prPdr/CF082AR"  	[MsgId: MERR-26627]
ServicePin.c(8): Error -26627: HTTP Status-Code=404 (Not Found) for "https://hx9ekpvvbi.execute-api.us-east-1.amazonaws.com/KaaS-ITG/v2/servicepin/000ahtvRMdEVuiMqLDMNQv1prPdr/5ZN88A"  	[MsgId: MERR-26627]
ServicePin.c(8): Error -26627: HTTP Status-Code=404 (Not Found) for "https://hx9ekpvvbi.execute-api.us-east-1.amazonaws.com/KaaS-ITG/v2/servicepin/000ahtvRMdEVuiMqLDMNQv1prPdr/CE996AR"  	[MsgId: MERR-26627]
ServicePin.c(8): Error -26627: HTTP Status-Code=404 (Not Found) for "https://hx9ekpvvbi.execute-api.us-east-1.amazonaws.com/KaaS-ITG/v2/servicepin/000ahtvRMdEVuiMqLDMNQv1prPdr/CE995AR"  	[MsgId: MERR-26627]
ServicePin.c(8): Error -26627: HTTP Status-Code=404 (Not Found) for "https://hx9ekpvvbi.execute-api.us-east-1.amazonaws.com/KaaS-ITG/v2/servicepin/000ahtvRMdEVuiMqLDMNQv1prPdr/CZ249AR"  	[MsgId: MERR-26627]
ServicePin.c(8): Error -26627: HTTP Status-Code=404 (Not Found) for "https://hx9ekpvvbi.execute-api.us-east-1.amazonaws.com/KaaS-ITG/v2/servicepin/000ahtvRMdEVuiMqLDMNQv1prPdr/B3G84AR"  	[MsgId: MERR-26627]
ServicePin.c(8): Error -26627: HTTP Status-Code=404 (Not Found) for "https://hx9ekpvvbi.execute-api.us-east-1.amazonaws.com/KaaS-ITG/v2/servicepin/000ahtvRMdEVuiMqLDMNQv1prPdr/CF082AR"  	[MsgId: MERR-26627]
ServicePin.c(8): Error -26627: HTTP Status-Code=404 (Not Found) for "https://hx9ekpvvbi.execute-api.us-east-1.amazonaws.com/KaaS-ITG/v2/servicepin/000ahtvRMdEVuiMqLDMNQv1prPdr/CE989AR"  	[MsgId: MERR-26627]
ServicePin.c(8): Error -26627: HTTP Status-Code=404 (Not Found) for "https://hx9ekpvvbi.execute-api.us-east-1.amazonaws.com/KaaS-ITG/v2/servicepin/000ahtvRMdEVuiMqLDMNQv1prPdr/CF081AR"  	[MsgId: MERR-26627]
ServicePin.c(8): Error -26627: HTTP Status-Code=404 (Not Found) for "https://hx9ekpvvbi.execute-api.us-east-1.amazonaws.com/KaaS-ITG/v2/servicepin/000ahtvRMdEVuiMqLDMNQv1prPdr/CZ255AR"  	[MsgId: MERR-26627]
ServicePin.c(8): Error -26627: HTTP Status-Code=404 (Not Found) for "https://hx9ekpvvbi.execute-api.us-east-1.amazonaws.com/KaaS-ITG/v2/servicepin/000ahtvRMdEVuiMqLDMNQv1prPdr/5ZN95A"  	[MsgId: MERR-26627]
ServicePin.c(8): Error -26627: HTTP Status-Code=404 (Not Found) for "https://hx9ekpvvbi.execute-api.us-east-1.amazonaws.com/KaaS-ITG/v2/servicepin/000ahtvRMdEVuiMqLDMNQv1prPdr/CE996AR"  	[MsgId: MERR-26627]
ServicePin.c(8): Error -26627: HTTP Status-Code=404 (Not Found) for "https://hx9ekpvvbi.execute-api.us-east-1.amazonaws.com/KaaS-ITG/v2/servicepin/000ahtvRMdEVuiMqLDMNQv1prPdr/2GP07A"  	[MsgId: MERR-26627]
ServicePin.c(8): Error -26627: HTTP Status-Code=404 (Not Found) for "https://hx9ekpvvbi.execute-api.us-east-1.amazonaws.com/KaaS-ITG/v2/servicepin/000ahtvRMdEVuiMqLDMNQv1prPdr/5ZN93A"  	[MsgId: MERR-26627]
Warning: Iteration pacing cannot be reached (pace time = 3.07, actual time = 3.35).	[MsgId: MWAR-15995]
ServicePin.c(8): Error -26627: HTTP Status-Code=404 (Not Found) for "https://hx9ekpvvbi.execute-api.us-east-1.amazonaws.com/KaaS-ITG/v2/servicepin/000ahtvRMdEVuiMqLDMNQv1prPdr/2GP05A"  	[MsgId: MERR-26627]
ServicePin.c(8): Error -26627: HTTP Status-Code=404 (Not Found) for "https://hx9ekpvvbi.execute-api.us-east-1.amazonaws.com/KaaS-ITG/v2/servicepin/000ahtvRMdEVuiMqLDMNQv1prPdr/F3J55A"  	[MsgId: MERR-26627]
ServicePin.c(8): Error -26627: HTTP Status-Code=404 (Not Found) for "https://hx9ekpvvbi.execute-api.us-east-1.amazonaws.com/KaaS-ITG/v2/servicepin/000ahtvRMdEVuiMqLDMNQv1prPdr/CE994AR"  	[MsgId: MERR-26627]
ServicePin.c(8): Error -26627: HTTP Status-Code=404 (Not Found) for "https://hx9ekpvvbi.execute-api.us-east-1.amazonaws.com/KaaS-ITG/v2/servicepin/000ahtvRMdEVuiMqLDMNQv1prPdr/2CF59A"  	[MsgId: MERR-26627]
ServicePin.c(8): Error -26627: HTTP Status-Code=404 (Not Found) for "https://hx9ekpvvbi.execute-api.us-east-1.amazonaws.com/KaaS-ITG/v2/servicepin/000ahtvRMdEVuiMqLDMNQv1prPdr/CZ251A"  	[MsgId: MERR-26627]
ServicePin.c(8): Error -26627: HTTP Status-Code=404 (Not Found) for "https://hx9ekpvvbi.execute-api.us-east-1.amazonaws.com/KaaS-ITG/v2/servicepin/000ahtvRMdEVuiMqLDMNQv1prPdr/2GP16A"  	[MsgId: MERR-26627]
ServicePin.c(8): Error -26627: HTTP Status-Code=404 (Not Found) for "https://hx9ekpvvbi.execute-api.us-east-1.amazonaws.com/KaaS-ITG/v2/servicepin/000ahtvRMdEVuiMqLDMNQv1prPdr/CF082AR"  	[MsgId: MERR-26627]
Warning: Iteration pacing cannot be reached (pace time = 3.11, actual time = 3.46).	[MsgId: MWAR-15995]
ServicePin.c(8): Error -26627: HTTP Status-Code=404 (Not Found) for "https://hx9ekpvvbi.execute-api.us-east-1.amazonaws.com/KaaS-ITG/v2/servicepin/000ahtvRMdEVuiMqLDMNQv1prPdr/CE992AR"  	[MsgId: MERR-26627]
ServicePin.c(8): Error -26627: HTTP Status-Code=404 (Not Found) for "https://hx9ekpvvbi.execute-api.us-east-1.amazonaws.com/KaaS-ITG/v2/servicepin/000ahtvRMdEVuiMqLDMNQv1prPdr/CE990AR"  	[MsgId: MERR-26627]
ServicePin.c(8): Error -26627: HTTP Status-Code=404 (Not Found) for "https://hx9ekpvvbi.execute-api.us-east-1.amazonaws.com/KaaS-ITG/v2/servicepin/000ahtvRMdEVuiMqLDMNQv1prPdr/2CF57A"  	[MsgId: MERR-26627]
Warning: Iteration pacing cannot be reached (pace time = 3.41, actual time = 4.62).	[MsgId: MWAR-15995]
ServicePin.c(8): Error -26627: HTTP Status-Code=404 (Not Found) for "https://hx9ekpvvbi.execute-api.us-east-1.amazonaws.com/KaaS-ITG/v2/servicepin/000ahtvRMdEVuiMqLDMNQv1prPdr/2GP07A"  	[MsgId: MERR-26627]
ServicePin.c(8): Error -26627: HTTP Status-Code=404 (Not Found) for "https://hx9ekpvvbi.execute-api.us-east-1.amazonaws.com/KaaS-ITG/v2/servicepin/000ahtvRMdEVuiMqLDMNQv1prPdr/5ZN94A"  	[MsgId: MERR-26627]
ServicePin.c(8): Error -26627: HTTP Status-Code=404 (Not Found) for "https://hx9ekpvvbi.execute-api.us-east-1.amazonaws.com/KaaS-ITG/v2/servicepin/000ahtvRMdEVuiMqLDMNQv1prPdr/CE995AR"  	[MsgId: MERR-26627]
ServicePin.c(8): Error -26627: HTTP Status-Code=404 (Not Found) for "https://hx9ekpvvbi.execute-api.us-east-1.amazonaws.com/KaaS-ITG/v2/servicepin/000ahtvRMdEVuiMqLDMNQv1prPdr/J7Z10A"  	[MsgId: MERR-26627]
ServicePin.c(8): Error -26627: HTTP Status-Code=404 (Not Found) for "https://hx9ekpvvbi.execute-api.us-east-1.amazonaws.com/KaaS-ITG/v2/servicepin/000ahtvRMdEVuiMqLDMNQv1prPdr/5ZN94A"  	[MsgId: MERR-26627]
ServicePin.c(8): Error -26627: HTTP Status-Code=404 (Not Found) for "https://hx9ekpvvbi.execute-api.us-east-1.amazonaws.com/KaaS-ITG/v2/servicepin/000ahtvRMdEVuiMqLDMNQv1prPdr/5ZN97A"  	[MsgId: MERR-26627]
ServicePin.c(8): Error -26627: HTTP Status-Code=404 (Not Found) for "https://hx9ekpvvbi.execute-api.us-east-1.amazonaws.com/KaaS-ITG/v2/servicepin/000ahtvRMdEVuiMqLDMNQv1prPdr/CZ251A"  	[MsgId: MERR-26627]
ServicePin.c(8): Error -26627: HTTP Status-Code=404 (Not Found) for "https://hx9ekpvvbi.execute-api.us-east-1.amazonaws.com/KaaS-ITG/v2/servicepin/000ahtvRMdEVuiMqLDMNQv1prPdr/2GP10A"  	[MsgId: MERR-26627]
ServicePin.c(8): Error -26627: HTTP Status-Code=404 (Not Found) for "https://hx9ekpvvbi.execute-api.us-east-1.amazonaws.com/KaaS-ITG/v2/servicepin/000ahtvRMdEVuiMqLDMNQv1prPdr/F3J55A"  	[MsgId: MERR-26627]
ServicePin.c(8): Error -26627: HTTP Status-Code=404 (Not Found) for "https://hx9ekpvvbi.execute-api.us-east-1.amazonaws.com/KaaS-ITG/v2/servicepin/000ahtvRMdEVuiMqLDMNQv1prPdr/2GP04A"  	[MsgId: MERR-26627]
ServicePin.c(8): Error -26627: HTTP Status-Code=404 (Not Found) for "https://hx9ekpvvbi.execute-api.us-east-1.amazonaws.com/KaaS-ITG/v2/servicepin/000ahtvRMdEVuiMqLDMNQv1prPdr/CF081AR"  	[MsgId: MERR-26627]
ServicePin.c(8): Error -26627: HTTP Status-Code=404 (Not Found) for "https://hx9ekpvvbi.execute-api.us-east-1.amazonaws.com/KaaS-ITG/v2/servicepin/000ahtvRMdEVuiMqLDMNQv1prPdr/CZ251V"  	[MsgId: MERR-26627]
ServicePin.c(8): Error -26627: HTTP Status-Code=404 (Not Found) for "https://hx9ekpvvbi.execute-api.us-east-1.amazonaws.com/KaaS-ITG/v2/servicepin/000ahtvRMdEVuiMqLDMNQv1prPdr/CZ258A"  	[MsgId: MERR-26627]
Warning: Iteration pacing cannot be reached (pace time = 3.58, actual time = 4.35).	[MsgId: MWAR-15995]
ServicePin.c(8): Error -26627: HTTP Status-Code=404 (Not Found) for "https://hx9ekpvvbi.execute-api.us-east-1.amazonaws.com/KaaS-ITG/v2/servicepin/000ahtvRMdEVuiMqLDMNQv1prPdr/CF083AR"  	[MsgId: MERR-26627]
ServicePin.c(8): Error -26627: HTTP Status-Code=404 (Not Found) for "https://hx9ekpvvbi.execute-api.us-east-1.amazonaws.com/KaaS-ITG/v2/servicepin/000ahtvRMdEVuiMqLDMNQv1prPdr/2GP11A"  	[MsgId: MERR-26627]
ServicePin.c(8): Error -26627: HTTP Status-Code=404 (Not Found) for "https://hx9ekpvvbi.execute-api.us-east-1.amazonaws.com/KaaS-ITG/v2/servicepin/000ahtvRMdEVuiMqLDMNQv1prPdr/2GP05A"  	[MsgId: MERR-26627]
ServicePin.c(8): Error -26627: HTTP Status-Code=404 (Not Found) for "https://hx9ekpvvbi.execute-api.us-east-1.amazonaws.com/KaaS-ITG/v2/servicepin/000ahtvRMdEVuiMqLDMNQv1prPdr/CZ251A"  	[MsgId: MERR-26627]
ServicePin.c(8): Error -26627: HTTP Status-Code=404 (Not Found) for "https://hx9ekpvvbi.execute-api.us-east-1.amazonaws.com/KaaS-ITG/v2/servicepin/000ahtvRMdEVuiMqLDMNQv1prPdr/CE989AR"  	[MsgId: MERR-26627]
ServicePin.c(8): Error -26627: HTTP Status-Code=404 (Not Found) for "https://hx9ekpvvbi.execute-api.us-east-1.amazonaws.com/KaaS-ITG/v2/servicepin/000ahtvRMdEVuiMqLDMNQv1prPdr/2GP05A"  	[MsgId: MERR-26627]
ServicePin.c(8): Error -26627: HTTP Status-Code=404 (Not Found) for "https://hx9ekpvvbi.execute-api.us-east-1.amazonaws.com/KaaS-ITG/v2/servicepin/000ahtvRMdEVuiMqLDMNQv1prPdr/CZ251A"  	[MsgId: MERR-26627]
ServicePin.c(8): Error -26627: HTTP Status-Code=404 (Not Found) for "https://hx9ekpvvbi.execute-api.us-east-1.amazonaws.com/KaaS-ITG/v2/servicepin/000ahtvRMdEVuiMqLDMNQv1prPdr/2GP16A"  	[MsgId: MERR-26627]
ServicePin.c(8): Error -26627: HTTP Status-Code=404 (Not Found) for "https://hx9ekpvvbi.execute-api.us-east-1.amazonaws.com/KaaS-ITG/v2/servicepin/000ahtvRMdEVuiMqLDMNQv1prPdr/CE990AR"  	[MsgId: MERR-26627]
ServicePin.c(8): Error -26627: HTTP Status-Code=404 (Not Found) for "https://hx9ekpvvbi.execute-api.us-east-1.amazonaws.com/KaaS-ITG/v2/servicepin/000ahtvRMdEVuiMqLDMNQv1prPdr/5ZN97A"  	[MsgId: MERR-26627]
ServicePin.c(8): Error -26627: HTTP Status-Code=404 (Not Found) for "https://hx9ekpvvbi.execute-api.us-east-1.amazonaws.com/KaaS-ITG/v2/servicepin/000ahtvRMdEVuiMqLDMNQv1prPdr/CE989AR"  	[MsgId: MERR-26627]
Warning: Iteration pacing cannot be reached (pace time = 3.88, actual time = 9.14).	[MsgId: MWAR-15995]
ServicePin.c(8): Error -26627: HTTP Status-Code=404 (Not Found) for "https://hx9ekpvvbi.execute-api.us-east-1.amazonaws.com/KaaS-ITG/v2/servicepin/000ahtvRMdEVuiMqLDMNQv1prPdr/CE992AR"  	[MsgId: MERR-26627]
ServicePin.c(8): Error -26627: HTTP Status-Code=404 (Not Found) for "https://hx9ekpvvbi.execute-api.us-east-1.amazonaws.com/KaaS-ITG/v2/servicepin/000ahtvRMdEVuiMqLDMNQv1prPdr/5ZN88A"  	[MsgId: MERR-26627]
ServicePin.c(8): Error -26627: HTTP Status-Code=404 (Not Found) for "https://hx9ekpvvbi.execute-api.us-east-1.amazonaws.com/KaaS-ITG/v2/servicepin/000ahtvRMdEVuiMqLDMNQv1prPdr/2GP05A"  	[MsgId: MERR-26627]
Warning: Iteration pacing cannot be reached (pace time = 3.03, actual time = 5.87).	[MsgId: MWAR-15995]
Warning: Iteration pacing cannot be reached (pace time = 3.31, actual time = 11.81).	[MsgId: MWAR-15995]
Warning: Iteration pacing cannot be reached (pace time = 3.72, actual time = 3.98).	[MsgId: MWAR-15995]
ServicePin.c(8): Error -26627: HTTP Status-Code=404 (Not Found) for "https://hx9ekpvvbi.execute-api.us-east-1.amazonaws.com/KaaS-ITG/v2/servicepin/000ahtvRMdEVuiMqLDMNQv1prPdr/5ZN89A"  	[MsgId: MERR-26627]
ServicePin.c(8): Error -26627: HTTP Status-Code=404 (Not Found) for "https://hx9ekpvvbi.execute-api.us-east-1.amazonaws.com/KaaS-ITG/v2/servicepin/000ahtvRMdEVuiMqLDMNQv1prPdr/CZ248AR"  	[MsgId: MERR-26627]
ServicePin.c(8): Error -26627: HTTP Status-Code=404 (Not Found) for "https://hx9ekpvvbi.execute-api.us-east-1.amazonaws.com/KaaS-ITG/v2/servicepin/000ahtvRMdEVuiMqLDMNQv1prPdr/2CF59A"  	[MsgId: MERR-26627]
Warning: Iteration pacing cannot be reached (pace time = 3.37, actual time = 5.89).	[MsgId: MWAR-15995]
ServicePin.c(8): Error -26627: HTTP Status-Code=404 (Not Found) for "https://hx9ekpvvbi.execute-api.us-east-1.amazonaws.com/KaaS-ITG/v2/servicepin/000ahtvRMdEVuiMqLDMNQv1prPdr/B3G86AR"  	[MsgId: MERR-26627]
Warning: Iteration pacing cannot be reached (pace time = 3.58, actual time = 4.65).	[MsgId: MWAR-15995]
Warning: Iteration pacing cannot be reached (pace time = 3.12, actual time = 19.22).	[MsgId: MWAR-15995]
Warning: Iteration pacing cannot be reached (pace time = 3.78, actual time = 9.26).	[MsgId: MWAR-15995]
ServicePin.c(8): Error -26627: HTTP Status-Code=404 (Not Found) for "https://hx9ekpvvbi.execute-api.us-east-1.amazonaws.com/KaaS-ITG/v2/servicepin/000ahtvRMdEVuiMqLDMNQv1prPdr/2GP14A"  	[MsgId: MERR-26627]
ServicePin.c(8): Error -26627: HTTP Status-Code=404 (Not Found) for "https://hx9ekpvvbi.execute-api.us-east-1.amazonaws.com/KaaS-ITG/v2/servicepin/000ahtvRMdEVuiMqLDMNQv1prPdr/F3J55A"  	[MsgId: MERR-26627]
ServicePin.c(8): Error -26627: HTTP Status-Code=404 (Not Found) for "https://hx9ekpvvbi.execute-api.us-east-1.amazonaws.com/KaaS-ITG/v2/servicepin/000ahtvRMdEVuiMqLDMNQv1prPdr/CD646AR"  	[MsgId: MERR-26627]
ServicePin.c(8): Error -26627: HTTP Status-Code=404 (Not Found) for "https://hx9ekpvvbi.execute-api.us-east-1.amazonaws.com/KaaS-ITG/v2/servicepin/000ahtvRMdEVuiMqLDMNQv1prPdr/CZ257AR"  	[MsgId: MERR-26627]
ServicePin.c(8): Error -26627: HTTP Status-Code=404 (Not Found) for "https://hx9ekpvvbi.execute-api.us-east-1.amazonaws.com/KaaS-ITG/v2/servicepin/000ahtvRMdEVuiMqLDMNQv1prPdr/CZ255AR"  	[MsgId: MERR-26627]
Warning: Iteration pacing cannot be reached (pace time = 3.17, actual time = 18.94).	[MsgId: MWAR-15995]
ServicePin.c(8): Error -26627: HTTP Status-Code=404 (Not Found) for "https://hx9ekpvvbi.execute-api.us-east-1.amazonaws.com/KaaS-ITG/v2/servicepin/000ahtvRMdEVuiMqLDMNQv1prPdr/2CF57A"  	[MsgId: MERR-26627]
ServicePin.c(8): Error -26627: HTTP Status-Code=404 (Not Found) for "https://hx9ekpvvbi.execute-api.us-east-1.amazonaws.com/KaaS-ITG/v2/servicepin/000ahtvRMdEVuiMqLDMNQv1prPdr/CZ255AR"  	[MsgId: MERR-26627]
ServicePin.c(8): Error -26627: HTTP Status-Code=404 (Not Found) for "https://hx9ekpvvbi.execute-api.us-east-1.amazonaws.com/KaaS-ITG/v2/servicepin/000ahtvRMdEVuiMqLDMNQv1prPdr/CE989AR"  	[MsgId: MERR-26627]
ServicePin.c(8): Error -26627: HTTP Status-Code=404 (Not Found) for "https://hx9ekpvvbi.execute-api.us-east-1.amazonaws.com/KaaS-ITG/v2/servicepin/000ahtvRMdEVuiMqLDMNQv1prPdr/5ZN93A"  	[MsgId: MERR-26627]
Warning: Iteration pacing cannot be reached (pace time = 3.34, actual time = 3.54).	[MsgId: MWAR-15995]
ServicePin.c(8): Error -26627: HTTP Status-Code=404 (Not Found) for "https://hx9ekpvvbi.execute-api.us-east-1.amazonaws.com/KaaS-ITG/v2/servicepin/000ahtvRMdEVuiMqLDMNQv1prPdr/2GP07A"  	[MsgId: MERR-26627]
ServicePin.c(8): Error -26627: HTTP Status-Code=404 (Not Found) for "https://hx9ekpvvbi.execute-api.us-east-1.amazonaws.com/KaaS-ITG/v2/servicepin/000ahtvRMdEVuiMqLDMNQv1prPdr/2GP05A"  	[MsgId: MERR-26627]
ServicePin.c(8): Error -26627: HTTP Status-Code=404 (Not Found) for "https://hx9ekpvvbi.execute-api.us-east-1.amazonaws.com/KaaS-ITG/v2/servicepin/000ahtvRMdEVuiMqLDMNQv1prPdr/5ZN88A"  	[MsgId: MERR-26627]
Warning: Iteration pacing cannot be reached (pace time = 3.33, actual time = 5.96).	[MsgId: MWAR-15995]
ServicePin.c(8): Error -26627: HTTP Status-Code=404 (Not Found) for "https://hx9ekpvvbi.execute-api.us-east-1.amazonaws.com/KaaS-ITG/v2/servicepin/000ahtvRMdEVuiMqLDMNQv1prPdr/2GP17A"  	[MsgId: MERR-26627]
ServicePin.c(8): Error -26627: HTTP Status-Code=404 (Not Found) for "https://hx9ekpvvbi.execute-api.us-east-1.amazonaws.com/KaaS-ITG/v2/servicepin/000ahtvRMdEVuiMqLDMNQv1prPdr/1PV89A"  	[MsgId: MERR-26627]
ServicePin.c(8): Error -26627: HTTP Status-Code=404 (Not Found) for "https://hx9ekpvvbi.execute-api.us-east-1.amazonaws.com/KaaS-ITG/v2/servicepin/000ahtvRMdEVuiMqLDMNQv1prPdr/CZ258A"  	[MsgId: MERR-26627]
ServicePin.c(8): Error -26627: HTTP Status-Code=404 (Not Found) for "https://hx9ekpvvbi.execute-api.us-east-1.amazonaws.com/KaaS-ITG/v2/servicepin/000ahtvRMdEVuiMqLDMNQv1prPdr/2GP10A"  	[MsgId: MERR-26627]
ServicePin.c(8): Error -26627: HTTP Status-Code=404 (Not Found) for "https://hx9ekpvvbi.execute-api.us-east-1.amazonaws.com/KaaS-ITG/v2/servicepin/000ahtvRMdEVuiMqLDMNQv1prPdr/CZ255AR"  	[MsgId: MERR-26627]
ServicePin.c(8): Error -26627: HTTP Status-Code=404 (Not Found) for "https://hx9ekpvvbi.execute-api.us-east-1.amazonaws.com/KaaS-ITG/v2/servicepin/000ahtvRMdEVuiMqLDMNQv1prPdr/2GP07A"  	[MsgId: MERR-26627]
Warning: Iteration pacing cannot be reached (pace time = 3.04, actual time = 3.75).	[MsgId: MWAR-15995]
ServicePin.c(8): Error -26627: HTTP Status-Code=404 (Not Found) for "https://hx9ekpvvbi.execute-api.us-east-1.amazonaws.com/KaaS-ITG/v2/servicepin/000ahtvRMdEVuiMqLDMNQv1prPdr/CD644AR"  	[MsgId: MERR-26627]
ServicePin.c(8): Error -26627: HTTP Status-Code=404 (Not Found) for "https://hx9ekpvvbi.execute-api.us-east-1.amazonaws.com/KaaS-ITG/v2/servicepin/000ahtvRMdEVuiMqLDMNQv1prPdr/2CF59A"  	[MsgId: MERR-26627]
ServicePin.c(8): Error -26627: HTTP Status-Code=404 (Not Found) for "https://hx9ekpvvbi.execute-api.us-east-1.amazonaws.com/KaaS-ITG/v2/servicepin/000ahtvRMdEVuiMqLDMNQv1prPdr/2GP10A"  	[MsgId: MERR-26627]
ServicePin.c(8): Error -26627: HTTP Status-Code=404 (Not Found) for "https://hx9ekpvvbi.execute-api.us-east-1.amazonaws.com/KaaS-ITG/v2/servicepin/000ahtvRMdEVuiMqLDMNQv1prPdr/5ZN97A"  	[MsgId: MERR-26627]
Warning: Iteration pacing cannot be reached (pace time = 3.37, actual time = 4.16).	[MsgId: MWAR-15995]
Warning: Iteration pacing cannot be reached (pace time = 3.19, actual time = 3.36).	[MsgId: MWAR-15995]
ServicePin.c(8): Error -26627: HTTP Status-Code=404 (Not Found) for "https://hx9ekpvvbi.execute-api.us-east-1.amazonaws.com/KaaS-ITG/v2/servicepin/000ahtvRMdEVuiMqLDMNQv1prPdr/2GP14A"  	[MsgId: MERR-26627]
ServicePin.c(8): Error -26627: HTTP Status-Code=404 (Not Found) for "https://hx9ekpvvbi.execute-api.us-east-1.amazonaws.com/KaaS-ITG/v2/servicepin/000ahtvRMdEVuiMqLDMNQv1prPdr/CZ249AR"  	[MsgId: MERR-26627]
ServicePin.c(8): Error -26627: HTTP Status-Code=404 (Not Found) for "https://hx9ekpvvbi.execute-api.us-east-1.amazonaws.com/KaaS-ITG/v2/servicepin/000ahtvRMdEVuiMqLDMNQv1prPdr/B3G84AR"  	[MsgId: MERR-26627]
Warning: Iteration pacing cannot be reached (pace time = 3.89, actual time = 5.80).	[MsgId: MWAR-15995]
ServicePin.c(8): Error -26627: HTTP Status-Code=404 (Not Found) for "https://hx9ekpvvbi.execute-api.us-east-1.amazonaws.com/KaaS-ITG/v2/servicepin/000ahtvRMdEVuiMqLDMNQv1prPdr/CE989AR"  	[MsgId: MERR-26627]
ServicePin.c(8): Error -26627: HTTP Status-Code=404 (Not Found) for "https://hx9ekpvvbi.execute-api.us-east-1.amazonaws.com/KaaS-ITG/v2/servicepin/000ahtvRMdEVuiMqLDMNQv1prPdr/CZ258A"  	[MsgId: MERR-26627]
ServicePin.c(8): Error -26627: HTTP Status-Code=404 (Not Found) for "https://hx9ekpvvbi.execute-api.us-east-1.amazonaws.com/KaaS-ITG/v2/servicepin/000ahtvRMdEVuiMqLDMNQv1prPdr/CZ251A"  	[MsgId: MERR-26627]
Warning: Iteration pacing cannot be reached (pace time = 3.04, actual time = 3.40).	[MsgId: MWAR-15995]
ServicePin.c(8): Error -26627: HTTP Status-Code=404 (Not Found) for "https://hx9ekpvvbi.execute-api.us-east-1.amazonaws.com/KaaS-ITG/v2/servicepin/000ahtvRMdEVuiMqLDMNQv1prPdr/CZ249AR"  	[MsgId: MERR-26627]
ServicePin.c(8): Error -26627: HTTP Status-Code=404 (Not Found) for "https://hx9ekpvvbi.execute-api.us-east-1.amazonaws.com/KaaS-ITG/v2/servicepin/000ahtvRMdEVuiMqLDMNQv1prPdr/2GP11A"  	[MsgId: MERR-26627]
