ServicePin.c(9): Error -26547: Authentication required, please use "web_set_user", e.g. web_set_user("domain\\user", "password", "host:port");  	[MsgId: MERR-26547]
ServicePin.c(9): Error -26630: HTTP Status-Code=401 (Unauthorized) for "https://hx9ekpvvbi.execute-api.us-east-1.amazonaws.com/KaaS-ITG/v2/servicepin/000a5jSkPzu1cLzgxtrLuXytYeDe/J8J64A"  	[MsgId: MERR-26630]
ServicePin.c(9): Error -26547: Authentication required, please use "web_set_user", e.g. web_set_user("domain\\user", "password", "host:port");  	[MsgId: MERR-26547]
ServicePin.c(9): Error -26630: HTTP Status-Code=401 (Unauthorized) for "https://hx9ekpvvbi.execute-api.us-east-1.amazonaws.com/KaaS-ITG/v2/servicepin/000a5jSkPzu1cLzgxtrLuXytYeDe/3GX98A"  	[MsgId: MERR-26630]
ServicePin.c(9): Error -26547: Authentication required, please use "web_set_user", e.g. web_set_user("domain\\user", "password", "host:port");  	[MsgId: MERR-26547]
ServicePin.c(9): Error -26630: HTTP Status-Code=401 (Unauthorized) for "https://hx9ekpvvbi.execute-api.us-east-1.amazonaws.com/KaaS-ITG/v2/servicepin/000a5jSkPzu1cLzgxtrLuXytYeDe/J8J64A"  	[MsgId: MERR-26630]
ServicePin.c(9): Error -26547: Authentication required, please use "web_set_user", e.g. web_set_user("domain\\user", "password", "host:port");  	[MsgId: MERR-26547]
ServicePin.c(9): Error -26630: HTTP Status-Code=401 (Unauthorized) for "https://hx9ekpvvbi.execute-api.us-east-1.amazonaws.com/KaaS-ITG/v2/servicepin/000a5jSkPzu1cLzgxtrLuXytYeDe/CZ255A"  	[MsgId: MERR-26630]
ServicePin.c(9): Error -26547: Authentication required, please use "web_set_user", e.g. web_set_user("domain\\user", "password", "host:port");  	[MsgId: MERR-26547]
ServicePin.c(9): Error -26630: HTTP Status-Code=401 (Unauthorized) for "https://hx9ekpvvbi.execute-api.us-east-1.amazonaws.com/KaaS-ITG/v2/servicepin/000a5jSkPzu1cLzgxtrLuXytYeDe/CE991V"  	[MsgId: MERR-26630]
ServicePin.c(9): Error -26547: Authentication required, please use "web_set_user", e.g. web_set_user("domain\\user", "password", "host:port");  	[MsgId: MERR-26547]
ServicePin.c(9): Error -26630: HTTP Status-Code=401 (Unauthorized) for "https://hx9ekpvvbi.execute-api.us-east-1.amazonaws.com/KaaS-ITG/v2/servicepin/000a5jSkPzu1cLzgxtrLuXytYeDe/J8A10A"  	[MsgId: MERR-26630]
ServicePin.c(9): Error -26547: Authentication required, please use "web_set_user", e.g. web_set_user("domain\\user", "password", "host:port");  	[MsgId: MERR-26547]
ServicePin.c(9): Error -26630: HTTP Status-Code=401 (Unauthorized) for "https://hx9ekpvvbi.execute-api.us-east-1.amazonaws.com/KaaS-ITG/v2/servicepin/000a5jSkPzu1cLzgxtrLuXytYeDe/J7Z06A"  	[MsgId: MERR-26630]
ServicePin.c(9): Error -26547: Authentication required, please use "web_set_user", e.g. web_set_user("domain\\user", "password", "host:port");  	[MsgId: MERR-26547]
ServicePin.c(9): Error -26630: HTTP Status-Code=401 (Unauthorized) for "https://hx9ekpvvbi.execute-api.us-east-1.amazonaws.com/KaaS-ITG/v2/servicepin/000a5jSkPzu1cLzgxtrLuXytYeDe/J8J63A"  	[MsgId: MERR-26630]
ServicePin.c(9): Error -26547: Authentication required, please use "web_set_user", e.g. web_set_user("domain\\user", "password", "host:port");  	[MsgId: MERR-26547]
ServicePin.c(9): Error -26630: HTTP Status-Code=401 (Unauthorized) for "https://hx9ekpvvbi.execute-api.us-east-1.amazonaws.com/KaaS-ITG/v2/servicepin/000a5jSkPzu1cLzgxtrLuXytYeDe/CZ255A"  	[MsgId: MERR-26630]
ServicePin.c(9): Error -26547: Authentication required, please use "web_set_user", e.g. web_set_user("domain\\user", "password", "host:port");  	[MsgId: MERR-26547]
ServicePin.c(9): Error -26630: HTTP Status-Code=401 (Unauthorized) for "https://hx9ekpvvbi.execute-api.us-east-1.amazonaws.com/KaaS-ITG/v2/servicepin/000a5jSkPzu1cLzgxtrLuXytYeDe/J7X28V"  	[MsgId: MERR-26630]
ServicePin.c(9): Error -26547: Authentication required, please use "web_set_user", e.g. web_set_user("domain\\user", "password", "host:port");  	[MsgId: MERR-26547]
ServicePin.c(9): Error -26630: HTTP Status-Code=401 (Unauthorized) for "https://hx9ekpvvbi.execute-api.us-east-1.amazonaws.com/KaaS-ITG/v2/servicepin/000a5jSkPzu1cLzgxtrLuXytYeDe/J7Z03A"  	[MsgId: MERR-26630]
ServicePin.c(9): Error -26547: Authentication required, please use "web_set_user", e.g. web_set_user("domain\\user", "password", "host:port");  	[MsgId: MERR-26547]
ServicePin.c(9): Error -26630: HTTP Status-Code=401 (Unauthorized) for "https://hx9ekpvvbi.execute-api.us-east-1.amazonaws.com/KaaS-ITG/v2/servicepin/000a5jSkPzu1cLzgxtrLuXytYeDe/C2S11V"  	[MsgId: MERR-26630]
ServicePin.c(9): Error -26547: Authentication required, please use "web_set_user", e.g. web_set_user("domain\\user", "password", "host:port");  	[MsgId: MERR-26547]
ServicePin.c(9): Error -26630: HTTP Status-Code=401 (Unauthorized) for "https://hx9ekpvvbi.execute-api.us-east-1.amazonaws.com/KaaS-ITG/v2/servicepin/000a5jSkPzu1cLzgxtrLuXytYeDe/J8J64A"  	[MsgId: MERR-26630]
ServicePin.c(9): Error -26547: Authentication required, please use "web_set_user", e.g. web_set_user("domain\\user", "password", "host:port");  	[MsgId: MERR-26547]
ServicePin.c(9): Error -26630: HTTP Status-Code=401 (Unauthorized) for "https://hx9ekpvvbi.execute-api.us-east-1.amazonaws.com/KaaS-ITG/v2/servicepin/000a5jSkPzu1cLzgxtrLuXytYeDe/F2A69V"  	[MsgId: MERR-26630]
ServicePin.c(9): Error -26547: Authentication required, please use "web_set_user", e.g. web_set_user("domain\\user", "password", "host:port");  	[MsgId: MERR-26547]
ServicePin.c(9): Error -26630: HTTP Status-Code=401 (Unauthorized) for "https://hx9ekpvvbi.execute-api.us-east-1.amazonaws.com/KaaS-ITG/v2/servicepin/000a5jSkPzu1cLzgxtrLuXytYeDe/B5L46V"  	[MsgId: MERR-26630]
ServicePin.c(9): Error -26547: Authentication required, please use "web_set_user", e.g. web_set_user("domain\\user", "password", "host:port");  	[MsgId: MERR-26547]
ServicePin.c(9): Error -26630: HTTP Status-Code=401 (Unauthorized) for "https://hx9ekpvvbi.execute-api.us-east-1.amazonaws.com/KaaS-ITG/v2/servicepin/000a5jSkPzu1cLzgxtrLuXytYeDe/C2S11V"  	[MsgId: MERR-26630]
ServicePin.c(9): Error -26547: Authentication required, please use "web_set_user", e.g. web_set_user("domain\\user", "password", "host:port");  	[MsgId: MERR-26547]
ServicePin.c(9): Error -26630: HTTP Status-Code=401 (Unauthorized) for "https://hx9ekpvvbi.execute-api.us-east-1.amazonaws.com/KaaS-ITG/v2/servicepin/000a5jSkPzu1cLzgxtrLuXytYeDe/B5L26V"  	[MsgId: MERR-26630]
ServicePin.c(9): Error -26547: Authentication required, please use "web_set_user", e.g. web_set_user("domain\\user", "password", "host:port");  	[MsgId: MERR-26547]
ServicePin.c(9): Error -26630: HTTP Status-Code=401 (Unauthorized) for "https://hx9ekpvvbi.execute-api.us-east-1.amazonaws.com/KaaS-ITG/v2/servicepin/000a5jSkPzu1cLzgxtrLuXytYeDe/L3U55A"  	[MsgId: MERR-26630]
ServicePin.c(9): Error -26547: Authentication required, please use "web_set_user", e.g. web_set_user("domain\\user", "password", "host:port");  	[MsgId: MERR-26547]
ServicePin.c(9): Error -26630: HTTP Status-Code=401 (Unauthorized) for "https://hx9ekpvvbi.execute-api.us-east-1.amazonaws.com/KaaS-ITG/v2/servicepin/000a5jSkPzu1cLzgxtrLuXytYeDe/J7X28V"  	[MsgId: MERR-26630]
ServicePin.c(9): Error -26547: Authentication required, please use "web_set_user", e.g. web_set_user("domain\\user", "password", "host:port");  	[MsgId: MERR-26547]
ServicePin.c(9): Error -26630: HTTP Status-Code=401 (Unauthorized) for "https://hx9ekpvvbi.execute-api.us-east-1.amazonaws.com/KaaS-ITG/v2/servicepin/000a5jSkPzu1cLzgxtrLuXytYeDe/CD646V"  	[MsgId: MERR-26630]
ServicePin.c(9): Error -26547: Authentication required, please use "web_set_user", e.g. web_set_user("domain\\user", "password", "host:port");  	[MsgId: MERR-26547]
ServicePin.c(9): Error -26630: HTTP Status-Code=401 (Unauthorized) for "https://hx9ekpvvbi.execute-api.us-east-1.amazonaws.com/KaaS-ITG/v2/servicepin/000a5jSkPzu1cLzgxtrLuXytYeDe/CZ255A"  	[MsgId: MERR-26630]
ServicePin.c(9): Error -26547: Authentication required, please use "web_set_user", e.g. web_set_user("domain\\user", "password", "host:port");  	[MsgId: MERR-26547]
ServicePin.c(9): Error -26630: HTTP Status-Code=401 (Unauthorized) for "https://hx9ekpvvbi.execute-api.us-east-1.amazonaws.com/KaaS-ITG/v2/servicepin/000a5jSkPzu1cLzgxtrLuXytYeDe/CF081A"  	[MsgId: MERR-26630]
ServicePin.c(9): Error -26547: Authentication required, please use "web_set_user", e.g. web_set_user("domain\\user", "password", "host:port");  	[MsgId: MERR-26547]
ServicePin.c(9): Error -26630: HTTP Status-Code=401 (Unauthorized) for "https://hx9ekpvvbi.execute-api.us-east-1.amazonaws.com/KaaS-ITG/v2/servicepin/000a5jSkPzu1cLzgxtrLuXytYeDe/B5L26V"  	[MsgId: MERR-26630]
ServicePin.c(9): Error -26547: Authentication required, please use "web_set_user", e.g. web_set_user("domain\\user", "password", "host:port");  	[MsgId: MERR-26547]
ServicePin.c(9): Error -26630: HTTP Status-Code=401 (Unauthorized) for "https://hx9ekpvvbi.execute-api.us-east-1.amazonaws.com/KaaS-ITG/v2/servicepin/000a5jSkPzu1cLzgxtrLuXytYeDe/CZ255A"  	[MsgId: MERR-26630]
ServicePin.c(9): Error -26547: Authentication required, please use "web_set_user", e.g. web_set_user("domain\\user", "password", "host:port");  	[MsgId: MERR-26547]
ServicePin.c(9): Error -26630: HTTP Status-Code=401 (Unauthorized) for "https://hx9ekpvvbi.execute-api.us-east-1.amazonaws.com/KaaS-ITG/v2/servicepin/000a5jSkPzu1cLzgxtrLuXytYeDe/F2A81A"  	[MsgId: MERR-26630]
ServicePin.c(9): Error -26547: Authentication required, please use "web_set_user", e.g. web_set_user("domain\\user", "password", "host:port");  	[MsgId: MERR-26547]
ServicePin.c(9): Error -26630: HTTP Status-Code=401 (Unauthorized) for "https://hx9ekpvvbi.execute-api.us-east-1.amazonaws.com/KaaS-ITG/v2/servicepin/000a5jSkPzu1cLzgxtrLuXytYeDe/J7Z06A"  	[MsgId: MERR-26630]
ServicePin.c(9): Error -26547: Authentication required, please use "web_set_user", e.g. web_set_user("domain\\user", "password", "host:port");  	[MsgId: MERR-26547]
ServicePin.c(9): Error -26630: HTTP Status-Code=401 (Unauthorized) for "https://hx9ekpvvbi.execute-api.us-east-1.amazonaws.com/KaaS-ITG/v2/servicepin/000a5jSkPzu1cLzgxtrLuXytYeDe/1PV66A"  	[MsgId: MERR-26630]
ServicePin.c(9): Error -26547: Authentication required, please use "web_set_user", e.g. web_set_user("domain\\user", "password", "host:port");  	[MsgId: MERR-26547]
ServicePin.c(9): Error -26630: HTTP Status-Code=401 (Unauthorized) for "https://hx9ekpvvbi.execute-api.us-east-1.amazonaws.com/KaaS-ITG/v2/servicepin/000a5jSkPzu1cLzgxtrLuXytYeDe/F2A81A"  	[MsgId: MERR-26630]
ServicePin.c(9): Error -26547: Authentication required, please use "web_set_user", e.g. web_set_user("domain\\user", "password", "host:port");  	[MsgId: MERR-26547]
ServicePin.c(9): Error -26630: HTTP Status-Code=401 (Unauthorized) for "https://hx9ekpvvbi.execute-api.us-east-1.amazonaws.com/KaaS-ITG/v2/servicepin/000a5jSkPzu1cLzgxtrLuXytYeDe/CD646V"  	[MsgId: MERR-26630]
ServicePin.c(9): Error -26547: Authentication required, please use "web_set_user", e.g. web_set_user("domain\\user", "password", "host:port");  	[MsgId: MERR-26547]
ServicePin.c(9): Error -26630: HTTP Status-Code=401 (Unauthorized) for "https://hx9ekpvvbi.execute-api.us-east-1.amazonaws.com/KaaS-ITG/v2/servicepin/000a5jSkPzu1cLzgxtrLuXytYeDe/J7Z09A"  	[MsgId: MERR-26630]
ServicePin.c(9): Error -26547: Authentication required, please use "web_set_user", e.g. web_set_user("domain\\user", "password", "host:port");  	[MsgId: MERR-26547]
ServicePin.c(9): Error -26630: HTTP Status-Code=401 (Unauthorized) for "https://hx9ekpvvbi.execute-api.us-east-1.amazonaws.com/KaaS-ITG/v2/servicepin/000a5jSkPzu1cLzgxtrLuXytYeDe/CE991V"  	[MsgId: MERR-26630]
ServicePin.c(9): Error -26547: Authentication required, please use "web_set_user", e.g. web_set_user("domain\\user", "password", "host:port");  	[MsgId: MERR-26547]
ServicePin.c(9): Error -26630: HTTP Status-Code=401 (Unauthorized) for "https://hx9ekpvvbi.execute-api.us-east-1.amazonaws.com/KaaS-ITG/v2/servicepin/000a5jSkPzu1cLzgxtrLuXytYeDe/J7Z07A"  	[MsgId: MERR-26630]
ServicePin.c(9): Error -26547: Authentication required, please use "web_set_user", e.g. web_set_user("domain\\user", "password", "host:port");  	[MsgId: MERR-26547]
ServicePin.c(9): Error -26630: HTTP Status-Code=401 (Unauthorized) for "https://hx9ekpvvbi.execute-api.us-east-1.amazonaws.com/KaaS-ITG/v2/servicepin/000a5jSkPzu1cLzgxtrLuXytYeDe/3GX98A"  	[MsgId: MERR-26630]
ServicePin.c(9): Error -26547: Authentication required, please use "web_set_user", e.g. web_set_user("domain\\user", "password", "host:port");  	[MsgId: MERR-26547]
ServicePin.c(9): Error -26630: HTTP Status-Code=401 (Unauthorized) for "https://hx9ekpvvbi.execute-api.us-east-1.amazonaws.com/KaaS-ITG/v2/servicepin/000a5jSkPzu1cLzgxtrLuXytYeDe/J8A10A"  	[MsgId: MERR-26630]
ServicePin.c(9): Error -26547: Authentication required, please use "web_set_user", e.g. web_set_user("domain\\user", "password", "host:port");  	[MsgId: MERR-26547]
ServicePin.c(9): Error -26630: HTTP Status-Code=401 (Unauthorized) for "https://hx9ekpvvbi.execute-api.us-east-1.amazonaws.com/KaaS-ITG/v2/servicepin/000a5jSkPzu1cLzgxtrLuXytYeDe/1PU52A"  	[MsgId: MERR-26630]
ServicePin.c(9): Error -26547: Authentication required, please use "web_set_user", e.g. web_set_user("domain\\user", "password", "host:port");  	[MsgId: MERR-26547]
ServicePin.c(9): Error -26630: HTTP Status-Code=401 (Unauthorized) for "https://hx9ekpvvbi.execute-api.us-east-1.amazonaws.com/KaaS-ITG/v2/servicepin/000a5jSkPzu1cLzgxtrLuXytYeDe/CF081A"  	[MsgId: MERR-26630]
ServicePin.c(9): Error -26547: Authentication required, please use "web_set_user", e.g. web_set_user("domain\\user", "password", "host:port");  	[MsgId: MERR-26547]
ServicePin.c(9): Error -26630: HTTP Status-Code=401 (Unauthorized) for "https://hx9ekpvvbi.execute-api.us-east-1.amazonaws.com/KaaS-ITG/v2/servicepin/000a5jSkPzu1cLzgxtrLuXytYeDe/J8J64A"  	[MsgId: MERR-26630]
ServicePin.c(9): Error -26547: Authentication required, please use "web_set_user", e.g. web_set_user("domain\\user", "password", "host:port");  	[MsgId: MERR-26547]
ServicePin.c(9): Error -26630: HTTP Status-Code=401 (Unauthorized) for "https://hx9ekpvvbi.execute-api.us-east-1.amazonaws.com/KaaS-ITG/v2/servicepin/000a5jSkPzu1cLzgxtrLuXytYeDe/J7Z11A"  	[MsgId: MERR-26630]
ServicePin.c(9): Error -26547: Authentication required, please use "web_set_user", e.g. web_set_user("domain\\user", "password", "host:port");  	[MsgId: MERR-26547]
ServicePin.c(9): Error -26630: HTTP Status-Code=401 (Unauthorized) for "https://hx9ekpvvbi.execute-api.us-east-1.amazonaws.com/KaaS-ITG/v2/servicepin/000a5jSkPzu1cLzgxtrLuXytYeDe/J7Z08A"  	[MsgId: MERR-26630]
ServicePin.c(9): Error -26547: Authentication required, please use "web_set_user", e.g. web_set_user("domain\\user", "password", "host:port");  	[MsgId: MERR-26547]
ServicePin.c(9): Error -26630: HTTP Status-Code=401 (Unauthorized) for "https://hx9ekpvvbi.execute-api.us-east-1.amazonaws.com/KaaS-ITG/v2/servicepin/000a5jSkPzu1cLzgxtrLuXytYeDe/C2S11V"  	[MsgId: MERR-26630]
ServicePin.c(9): Error -26547: Authentication required, please use "web_set_user", e.g. web_set_user("domain\\user", "password", "host:port");  	[MsgId: MERR-26547]
ServicePin.c(9): Error -26630: HTTP Status-Code=401 (Unauthorized) for "https://hx9ekpvvbi.execute-api.us-east-1.amazonaws.com/KaaS-ITG/v2/servicepin/000a5jSkPzu1cLzgxtrLuXytYeDe/J8J64A"  	[MsgId: MERR-26630]
ServicePin.c(9): Error -26547: Authentication required, please use "web_set_user", e.g. web_set_user("domain\\user", "password", "host:port");  	[MsgId: MERR-26547]
ServicePin.c(9): Error -26630: HTTP Status-Code=401 (Unauthorized) for "https://hx9ekpvvbi.execute-api.us-east-1.amazonaws.com/KaaS-ITG/v2/servicepin/000a5jSkPzu1cLzgxtrLuXytYeDe/C2S11V"  	[MsgId: MERR-26630]
ServicePin.c(9): Error -26547: Authentication required, please use "web_set_user", e.g. web_set_user("domain\\user", "password", "host:port");  	[MsgId: MERR-26547]
ServicePin.c(9): Error -26630: HTTP Status-Code=401 (Unauthorized) for "https://hx9ekpvvbi.execute-api.us-east-1.amazonaws.com/KaaS-ITG/v2/servicepin/000a5jSkPzu1cLzgxtrLuXytYeDe/J7Z08A"  	[MsgId: MERR-26630]
ServicePin.c(9): Error -26547: Authentication required, please use "web_set_user", e.g. web_set_user("domain\\user", "password", "host:port");  	[MsgId: MERR-26547]
ServicePin.c(9): Error -26630: HTTP Status-Code=401 (Unauthorized) for "https://hx9ekpvvbi.execute-api.us-east-1.amazonaws.com/KaaS-ITG/v2/servicepin/000a5jSkPzu1cLzgxtrLuXytYeDe/1PU52A"  	[MsgId: MERR-26630]
ServicePin.c(9): Error -26547: Authentication required, please use "web_set_user", e.g. web_set_user("domain\\user", "password", "host:port");  	[MsgId: MERR-26547]
ServicePin.c(9): Error -26630: HTTP Status-Code=401 (Unauthorized) for "https://hx9ekpvvbi.execute-api.us-east-1.amazonaws.com/KaaS-ITG/v2/servicepin/000a5jSkPzu1cLzgxtrLuXytYeDe/CE992A"  	[MsgId: MERR-26630]
ServicePin.c(9): Error -26547: Authentication required, please use "web_set_user", e.g. web_set_user("domain\\user", "password", "host:port");  	[MsgId: MERR-26547]
ServicePin.c(9): Error -26630: HTTP Status-Code=401 (Unauthorized) for "https://hx9ekpvvbi.execute-api.us-east-1.amazonaws.com/KaaS-ITG/v2/servicepin/000a5jSkPzu1cLzgxtrLuXytYeDe/J7Z12A"  	[MsgId: MERR-26630]
ServicePin.c(9): Error -26547: Authentication required, please use "web_set_user", e.g. web_set_user("domain\\user", "password", "host:port");  	[MsgId: MERR-26547]
ServicePin.c(9): Error -26630: HTTP Status-Code=401 (Unauthorized) for "https://hx9ekpvvbi.execute-api.us-east-1.amazonaws.com/KaaS-ITG/v2/servicepin/000a5jSkPzu1cLzgxtrLuXytYeDe/J7Z07A"  	[MsgId: MERR-26630]
ServicePin.c(9): Error -26547: Authentication required, please use "web_set_user", e.g. web_set_user("domain\\user", "password", "host:port");  	[MsgId: MERR-26547]
ServicePin.c(9): Error -26630: HTTP Status-Code=401 (Unauthorized) for "https://hx9ekpvvbi.execute-api.us-east-1.amazonaws.com/KaaS-ITG/v2/servicepin/000a5jSkPzu1cLzgxtrLuXytYeDe/J7Z11A"  	[MsgId: MERR-26630]
ServicePin.c(9): Error -26547: Authentication required, please use "web_set_user", e.g. web_set_user("domain\\user", "password", "host:port");  	[MsgId: MERR-26547]
ServicePin.c(9): Error -26630: HTTP Status-Code=401 (Unauthorized) for "https://hx9ekpvvbi.execute-api.us-east-1.amazonaws.com/KaaS-ITG/v2/servicepin/000a5jSkPzu1cLzgxtrLuXytYeDe/G1W47V"  	[MsgId: MERR-26630]
ServicePin.c(9): Error -26547: Authentication required, please use "web_set_user", e.g. web_set_user("domain\\user", "password", "host:port");  	[MsgId: MERR-26547]
ServicePin.c(9): Error -26630: HTTP Status-Code=401 (Unauthorized) for "https://hx9ekpvvbi.execute-api.us-east-1.amazonaws.com/KaaS-ITG/v2/servicepin/000a5jSkPzu1cLzgxtrLuXytYeDe/CE993A"  	[MsgId: MERR-26630]
ServicePin.c(9): Error -26547: Authentication required, please use "web_set_user", e.g. web_set_user("domain\\user", "password", "host:port");  	[MsgId: MERR-26547]
ServicePin.c(9): Error -26630: HTTP Status-Code=401 (Unauthorized) for "https://hx9ekpvvbi.execute-api.us-east-1.amazonaws.com/KaaS-ITG/v2/servicepin/000a5jSkPzu1cLzgxtrLuXytYeDe/J8J63A"  	[MsgId: MERR-26630]
ServicePin.c(9): Error -26547: Authentication required, please use "web_set_user", e.g. web_set_user("domain\\user", "password", "host:port");  	[MsgId: MERR-26547]
ServicePin.c(9): Error -26630: HTTP Status-Code=401 (Unauthorized) for "https://hx9ekpvvbi.execute-api.us-east-1.amazonaws.com/KaaS-ITG/v2/servicepin/000a5jSkPzu1cLzgxtrLuXytYeDe/J7Z07A"  	[MsgId: MERR-26630]
ServicePin.c(9): Error -26547: Authentication required, please use "web_set_user", e.g. web_set_user("domain\\user", "password", "host:port");  	[MsgId: MERR-26547]
ServicePin.c(9): Error -26630: HTTP Status-Code=401 (Unauthorized) for "https://hx9ekpvvbi.execute-api.us-east-1.amazonaws.com/KaaS-ITG/v2/servicepin/000a5jSkPzu1cLzgxtrLuXytYeDe/CE992A"  	[MsgId: MERR-26630]
ServicePin.c(9): Error -26547: Authentication required, please use "web_set_user", e.g. web_set_user("domain\\user", "password", "host:port");  	[MsgId: MERR-26547]
ServicePin.c(9): Error -26630: HTTP Status-Code=401 (Unauthorized) for "https://hx9ekpvvbi.execute-api.us-east-1.amazonaws.com/KaaS-ITG/v2/servicepin/000a5jSkPzu1cLzgxtrLuXytYeDe/L3U55A"  	[MsgId: MERR-26630]
ServicePin.c(9): Error -26547: Authentication required, please use "web_set_user", e.g. web_set_user("domain\\user", "password", "host:port");  	[MsgId: MERR-26547]
ServicePin.c(9): Error -26630: HTTP Status-Code=401 (Unauthorized) for "https://hx9ekpvvbi.execute-api.us-east-1.amazonaws.com/KaaS-ITG/v2/servicepin/000a5jSkPzu1cLzgxtrLuXytYeDe/C2S11V"  	[MsgId: MERR-26630]
ServicePin.c(9): Error -26547: Authentication required, please use "web_set_user", e.g. web_set_user("domain\\user", "password", "host:port");  	[MsgId: MERR-26547]
ServicePin.c(9): Error -26630: HTTP Status-Code=401 (Unauthorized) for "https://hx9ekpvvbi.execute-api.us-east-1.amazonaws.com/KaaS-ITG/v2/servicepin/000a5jSkPzu1cLzgxtrLuXytYeDe/CE992A"  	[MsgId: MERR-26630]
ServicePin.c(9): Error -26547: Authentication required, please use "web_set_user", e.g. web_set_user("domain\\user", "password", "host:port");  	[MsgId: MERR-26547]
ServicePin.c(9): Error -26630: HTTP Status-Code=401 (Unauthorized) for "https://hx9ekpvvbi.execute-api.us-east-1.amazonaws.com/KaaS-ITG/v2/servicepin/000a5jSkPzu1cLzgxtrLuXytYeDe/CZ255A"  	[MsgId: MERR-26630]
ServicePin.c(9): Error -26547: Authentication required, please use "web_set_user", e.g. web_set_user("domain\\user", "password", "host:port");  	[MsgId: MERR-26547]
ServicePin.c(9): Error -26630: HTTP Status-Code=401 (Unauthorized) for "https://hx9ekpvvbi.execute-api.us-east-1.amazonaws.com/KaaS-ITG/v2/servicepin/000a5jSkPzu1cLzgxtrLuXytYeDe/F2A81A"  	[MsgId: MERR-26630]
ServicePin.c(9): Error -26547: Authentication required, please use "web_set_user", e.g. web_set_user("domain\\user", "password", "host:port");  	[MsgId: MERR-26547]
ServicePin.c(9): Error -26630: HTTP Status-Code=401 (Unauthorized) for "https://hx9ekpvvbi.execute-api.us-east-1.amazonaws.com/KaaS-ITG/v2/servicepin/000a5jSkPzu1cLzgxtrLuXytYeDe/J7Z12A"  	[MsgId: MERR-26630]
ServicePin.c(9): Error -26547: Authentication required, please use "web_set_user", e.g. web_set_user("domain\\user", "password", "host:port");  	[MsgId: MERR-26547]
ServicePin.c(9): Error -26630: HTTP Status-Code=401 (Unauthorized) for "https://hx9ekpvvbi.execute-api.us-east-1.amazonaws.com/KaaS-ITG/v2/servicepin/000a5jSkPzu1cLzgxtrLuXytYeDe/1PV66A"  	[MsgId: MERR-26630]
ServicePin.c(9): Error -26547: Authentication required, please use "web_set_user", e.g. web_set_user("domain\\user", "password", "host:port");  	[MsgId: MERR-26547]
ServicePin.c(9): Error -26630: HTTP Status-Code=401 (Unauthorized) for "https://hx9ekpvvbi.execute-api.us-east-1.amazonaws.com/KaaS-ITG/v2/servicepin/000a5jSkPzu1cLzgxtrLuXytYeDe/CE992A"  	[MsgId: MERR-26630]
ServicePin.c(9): Error -26547: Authentication required, please use "web_set_user", e.g. web_set_user("domain\\user", "password", "host:port");  	[MsgId: MERR-26547]
ServicePin.c(9): Error -26630: HTTP Status-Code=401 (Unauthorized) for "https://hx9ekpvvbi.execute-api.us-east-1.amazonaws.com/KaaS-ITG/v2/servicepin/000a5jSkPzu1cLzgxtrLuXytYeDe/G1W47V"  	[MsgId: MERR-26630]
ServicePin.c(9): Error -26547: Authentication required, please use "web_set_user", e.g. web_set_user("domain\\user", "password", "host:port");  	[MsgId: MERR-26547]
ServicePin.c(9): Error -26630: HTTP Status-Code=401 (Unauthorized) for "https://hx9ekpvvbi.execute-api.us-east-1.amazonaws.com/KaaS-ITG/v2/servicepin/000a5jSkPzu1cLzgxtrLuXytYeDe/J8J63A"  	[MsgId: MERR-26630]
ServicePin.c(9): Error -26547: Authentication required, please use "web_set_user", e.g. web_set_user("domain\\user", "password", "host:port");  	[MsgId: MERR-26547]
ServicePin.c(9): Error -26630: HTTP Status-Code=401 (Unauthorized) for "https://hx9ekpvvbi.execute-api.us-east-1.amazonaws.com/KaaS-ITG/v2/servicepin/000a5jSkPzu1cLzgxtrLuXytYeDe/B3G86V"  	[MsgId: MERR-26630]
ServicePin.c(9): Error -26547: Authentication required, please use "web_set_user", e.g. web_set_user("domain\\user", "password", "host:port");  	[MsgId: MERR-26547]
ServicePin.c(9): Error -26630: HTTP Status-Code=401 (Unauthorized) for "https://hx9ekpvvbi.execute-api.us-east-1.amazonaws.com/KaaS-ITG/v2/servicepin/000a5jSkPzu1cLzgxtrLuXytYeDe/1PV66A"  	[MsgId: MERR-26630]
ServicePin.c(9): Error -26547: Authentication required, please use "web_set_user", e.g. web_set_user("domain\\user", "password", "host:port");  	[MsgId: MERR-26547]
ServicePin.c(9): Error -26630: HTTP Status-Code=401 (Unauthorized) for "https://hx9ekpvvbi.execute-api.us-east-1.amazonaws.com/KaaS-ITG/v2/servicepin/000a5jSkPzu1cLzgxtrLuXytYeDe/J7Z07A"  	[MsgId: MERR-26630]
ServicePin.c(9): Error -26547: Authentication required, please use "web_set_user", e.g. web_set_user("domain\\user", "password", "host:port");  	[MsgId: MERR-26547]
ServicePin.c(9): Error -26630: HTTP Status-Code=401 (Unauthorized) for "https://hx9ekpvvbi.execute-api.us-east-1.amazonaws.com/KaaS-ITG/v2/servicepin/000a5jSkPzu1cLzgxtrLuXytYeDe/CD646V"  	[MsgId: MERR-26630]
ServicePin.c(9): Error -26547: Authentication required, please use "web_set_user", e.g. web_set_user("domain\\user", "password", "host:port");  	[MsgId: MERR-26547]
ServicePin.c(9): Error -26630: HTTP Status-Code=401 (Unauthorized) for "https://hx9ekpvvbi.execute-api.us-east-1.amazonaws.com/KaaS-ITG/v2/servicepin/000a5jSkPzu1cLzgxtrLuXytYeDe/G1W47V"  	[MsgId: MERR-26630]
ServicePin.c(9): Error -26547: Authentication required, please use "web_set_user", e.g. web_set_user("domain\\user", "password", "host:port");  	[MsgId: MERR-26547]
ServicePin.c(9): Error -26630: HTTP Status-Code=401 (Unauthorized) for "https://hx9ekpvvbi.execute-api.us-east-1.amazonaws.com/KaaS-ITG/v2/servicepin/000a5jSkPzu1cLzgxtrLuXytYeDe/B5L48V"  	[MsgId: MERR-26630]
ServicePin.c(9): Error -26547: Authentication required, please use "web_set_user", e.g. web_set_user("domain\\user", "password", "host:port");  	[MsgId: MERR-26547]
ServicePin.c(9): Error -26630: HTTP Status-Code=401 (Unauthorized) for "https://hx9ekpvvbi.execute-api.us-east-1.amazonaws.com/KaaS-ITG/v2/servicepin/000a5jSkPzu1cLzgxtrLuXytYeDe/J7Z08A"  	[MsgId: MERR-26630]
ServicePin.c(9): Error -26547: Authentication required, please use "web_set_user", e.g. web_set_user("domain\\user", "password", "host:port");  	[MsgId: MERR-26547]
ServicePin.c(9): Error -26630: HTTP Status-Code=401 (Unauthorized) for "https://hx9ekpvvbi.execute-api.us-east-1.amazonaws.com/KaaS-ITG/v2/servicepin/000a5jSkPzu1cLzgxtrLuXytYeDe/J7Z03A"  	[MsgId: MERR-26630]
ServicePin.c(9): Error -26547: Authentication required, please use "web_set_user", e.g. web_set_user("domain\\user", "password", "host:port");  	[MsgId: MERR-26547]
ServicePin.c(9): Error -26630: HTTP Status-Code=401 (Unauthorized) for "https://hx9ekpvvbi.execute-api.us-east-1.amazonaws.com/KaaS-ITG/v2/servicepin/000a5jSkPzu1cLzgxtrLuXytYeDe/CD646V"  	[MsgId: MERR-26630]
ServicePin.c(9): Error -26547: Authentication required, please use "web_set_user", e.g. web_set_user("domain\\user", "password", "host:port");  	[MsgId: MERR-26547]
ServicePin.c(9): Error -26630: HTTP Status-Code=401 (Unauthorized) for "https://hx9ekpvvbi.execute-api.us-east-1.amazonaws.com/KaaS-ITG/v2/servicepin/000a5jSkPzu1cLzgxtrLuXytYeDe/J8J63A"  	[MsgId: MERR-26630]
ServicePin.c(9): Error -26547: Authentication required, please use "web_set_user", e.g. web_set_user("domain\\user", "password", "host:port");  	[MsgId: MERR-26547]
ServicePin.c(9): Error -26630: HTTP Status-Code=401 (Unauthorized) for "https://hx9ekpvvbi.execute-api.us-east-1.amazonaws.com/KaaS-ITG/v2/servicepin/000a5jSkPzu1cLzgxtrLuXytYeDe/J7Z07A"  	[MsgId: MERR-26630]
ServicePin.c(9): Error -26547: Authentication required, please use "web_set_user", e.g. web_set_user("domain\\user", "password", "host:port");  	[MsgId: MERR-26547]
ServicePin.c(9): Error -26630: HTTP Status-Code=401 (Unauthorized) for "https://hx9ekpvvbi.execute-api.us-east-1.amazonaws.com/KaaS-ITG/v2/servicepin/000a5jSkPzu1cLzgxtrLuXytYeDe/3GX99A"  	[MsgId: MERR-26630]
ServicePin.c(9): Error -26547: Authentication required, please use "web_set_user", e.g. web_set_user("domain\\user", "password", "host:port");  	[MsgId: MERR-26547]
ServicePin.c(9): Error -26630: HTTP Status-Code=401 (Unauthorized) for "https://hx9ekpvvbi.execute-api.us-east-1.amazonaws.com/KaaS-ITG/v2/servicepin/000a5jSkPzu1cLzgxtrLuXytYeDe/B5L26V"  	[MsgId: MERR-26630]
ServicePin.c(9): Error -26547: Authentication required, please use "web_set_user", e.g. web_set_user("domain\\user", "password", "host:port");  	[MsgId: MERR-26547]
ServicePin.c(9): Error -26630: HTTP Status-Code=401 (Unauthorized) for "https://hx9ekpvvbi.execute-api.us-east-1.amazonaws.com/KaaS-ITG/v2/servicepin/000a5jSkPzu1cLzgxtrLuXytYeDe/C2S11V"  	[MsgId: MERR-26630]
ServicePin.c(9): Error -26547: Authentication required, please use "web_set_user", e.g. web_set_user("domain\\user", "password", "host:port");  	[MsgId: MERR-26547]
ServicePin.c(9): Error -26630: HTTP Status-Code=401 (Unauthorized) for "https://hx9ekpvvbi.execute-api.us-east-1.amazonaws.com/KaaS-ITG/v2/servicepin/000a5jSkPzu1cLzgxtrLuXytYeDe/C2S11V"  	[MsgId: MERR-26630]
ServicePin.c(9): Error -26547: Authentication required, please use "web_set_user", e.g. web_set_user("domain\\user", "password", "host:port");  	[MsgId: MERR-26547]
ServicePin.c(9): Error -26630: HTTP Status-Code=401 (Unauthorized) for "https://hx9ekpvvbi.execute-api.us-east-1.amazonaws.com/KaaS-ITG/v2/servicepin/000a5jSkPzu1cLzgxtrLuXytYeDe/J8J64A"  	[MsgId: MERR-26630]
ServicePin.c(9): Error -26547: Authentication required, please use "web_set_user", e.g. web_set_user("domain\\user", "password", "host:port");  	[MsgId: MERR-26547]
ServicePin.c(9): Error -26630: HTTP Status-Code=401 (Unauthorized) for "https://hx9ekpvvbi.execute-api.us-east-1.amazonaws.com/KaaS-ITG/v2/servicepin/000a5jSkPzu1cLzgxtrLuXytYeDe/3GX98A"  	[MsgId: MERR-26630]
ServicePin.c(9): Error -26547: Authentication required, please use "web_set_user", e.g. web_set_user("domain\\user", "password", "host:port");  	[MsgId: MERR-26547]
ServicePin.c(9): Error -26630: HTTP Status-Code=401 (Unauthorized) for "https://hx9ekpvvbi.execute-api.us-east-1.amazonaws.com/KaaS-ITG/v2/servicepin/000a5jSkPzu1cLzgxtrLuXytYeDe/CE992A"  	[MsgId: MERR-26630]
ServicePin.c(9): Error -26547: Authentication required, please use "web_set_user", e.g. web_set_user("domain\\user", "password", "host:port");  	[MsgId: MERR-26547]
ServicePin.c(9): Error -26630: HTTP Status-Code=401 (Unauthorized) for "https://hx9ekpvvbi.execute-api.us-east-1.amazonaws.com/KaaS-ITG/v2/servicepin/000a5jSkPzu1cLzgxtrLuXytYeDe/Z5G79A"  	[MsgId: MERR-26630]
ServicePin.c(9): Error -26547: Authentication required, please use "web_set_user", e.g. web_set_user("domain\\user", "password", "host:port");  	[MsgId: MERR-26547]
ServicePin.c(9): Error -26630: HTTP Status-Code=401 (Unauthorized) for "https://hx9ekpvvbi.execute-api.us-east-1.amazonaws.com/KaaS-ITG/v2/servicepin/000a5jSkPzu1cLzgxtrLuXytYeDe/B5L48V"  	[MsgId: MERR-26630]
ServicePin.c(9): Error -26547: Authentication required, please use "web_set_user", e.g. web_set_user("domain\\user", "password", "host:port");  	[MsgId: MERR-26547]
ServicePin.c(9): Error -26630: HTTP Status-Code=401 (Unauthorized) for "https://hx9ekpvvbi.execute-api.us-east-1.amazonaws.com/KaaS-ITG/v2/servicepin/000a5jSkPzu1cLzgxtrLuXytYeDe/CE996A"  	[MsgId: MERR-26630]
ServicePin.c(9): Error -26547: Authentication required, please use "web_set_user", e.g. web_set_user("domain\\user", "password", "host:port");  	[MsgId: MERR-26547]
ServicePin.c(9): Error -26630: HTTP Status-Code=401 (Unauthorized) for "https://hx9ekpvvbi.execute-api.us-east-1.amazonaws.com/KaaS-ITG/v2/servicepin/000a5jSkPzu1cLzgxtrLuXytYeDe/J7Z07A"  	[MsgId: MERR-26630]
ServicePin.c(9): Error -26547: Authentication required, please use "web_set_user", e.g. web_set_user("domain\\user", "password", "host:port");  	[MsgId: MERR-26547]
ServicePin.c(9): Error -26630: HTTP Status-Code=401 (Unauthorized) for "https://hx9ekpvvbi.execute-api.us-east-1.amazonaws.com/KaaS-ITG/v2/servicepin/000a5jSkPzu1cLzgxtrLuXytYeDe/J7Z08A"  	[MsgId: MERR-26630]
ServicePin.c(9): Error -26547: Authentication required, please use "web_set_user", e.g. web_set_user("domain\\user", "password", "host:port");  	[MsgId: MERR-26547]
ServicePin.c(9): Error -26630: HTTP Status-Code=401 (Unauthorized) for "https://hx9ekpvvbi.execute-api.us-east-1.amazonaws.com/KaaS-ITG/v2/servicepin/000a5jSkPzu1cLzgxtrLuXytYeDe/CZ255A"  	[MsgId: MERR-26630]
ServicePin.c(9): Error -26547: Authentication required, please use "web_set_user", e.g. web_set_user("domain\\user", "password", "host:port");  	[MsgId: MERR-26547]
ServicePin.c(9): Error -26630: HTTP Status-Code=401 (Unauthorized) for "https://hx9ekpvvbi.execute-api.us-east-1.amazonaws.com/KaaS-ITG/v2/servicepin/000a5jSkPzu1cLzgxtrLuXytYeDe/F2A81A"  	[MsgId: MERR-26630]
ServicePin.c(9): Error -26547: Authentication required, please use "web_set_user", e.g. web_set_user("domain\\user", "password", "host:port");  	[MsgId: MERR-26547]
ServicePin.c(9): Error -26630: HTTP Status-Code=401 (Unauthorized) for "https://hx9ekpvvbi.execute-api.us-east-1.amazonaws.com/KaaS-ITG/v2/servicepin/000a5jSkPzu1cLzgxtrLuXytYeDe/J8A10A"  	[MsgId: MERR-26630]
ServicePin.c(9): Error -26547: Authentication required, please use "web_set_user", e.g. web_set_user("domain\\user", "password", "host:port");  	[MsgId: MERR-26547]
ServicePin.c(9): Error -26630: HTTP Status-Code=401 (Unauthorized) for "https://hx9ekpvvbi.execute-api.us-east-1.amazonaws.com/KaaS-ITG/v2/servicepin/000a5jSkPzu1cLzgxtrLuXytYeDe/J8J64A"  	[MsgId: MERR-26630]
ServicePin.c(9): Error -26547: Authentication required, please use "web_set_user", e.g. web_set_user("domain\\user", "password", "host:port");  	[MsgId: MERR-26547]
ServicePin.c(9): Error -26630: HTTP Status-Code=401 (Unauthorized) for "https://hx9ekpvvbi.execute-api.us-east-1.amazonaws.com/KaaS-ITG/v2/servicepin/000a5jSkPzu1cLzgxtrLuXytYeDe/J7Z06A"  	[MsgId: MERR-26630]
ServicePin.c(9): Error -26547: Authentication required, please use "web_set_user", e.g. web_set_user("domain\\user", "password", "host:port");  	[MsgId: MERR-26547]
ServicePin.c(9): Error -26630: HTTP Status-Code=401 (Unauthorized) for "https://hx9ekpvvbi.execute-api.us-east-1.amazonaws.com/KaaS-ITG/v2/servicepin/000a5jSkPzu1cLzgxtrLuXytYeDe/F2A69V"  	[MsgId: MERR-26630]
ServicePin.c(9): Error -26547: Authentication required, please use "web_set_user", e.g. web_set_user("domain\\user", "password", "host:port");  	[MsgId: MERR-26547]
ServicePin.c(9): Error -26630: HTTP Status-Code=401 (Unauthorized) for "https://hx9ekpvvbi.execute-api.us-east-1.amazonaws.com/KaaS-ITG/v2/servicepin/000a5jSkPzu1cLzgxtrLuXytYeDe/B3G85A"  	[MsgId: MERR-26630]
ServicePin.c(9): Error -26547: Authentication required, please use "web_set_user", e.g. web_set_user("domain\\user", "password", "host:port");  	[MsgId: MERR-26547]
ServicePin.c(9): Error -26630: HTTP Status-Code=401 (Unauthorized) for "https://hx9ekpvvbi.execute-api.us-east-1.amazonaws.com/KaaS-ITG/v2/servicepin/000a5jSkPzu1cLzgxtrLuXytYeDe/CF081A"  	[MsgId: MERR-26630]
ServicePin.c(9): Error -26547: Authentication required, please use "web_set_user", e.g. web_set_user("domain\\user", "password", "host:port");  	[MsgId: MERR-26547]
ServicePin.c(9): Error -26630: HTTP Status-Code=401 (Unauthorized) for "https://hx9ekpvvbi.execute-api.us-east-1.amazonaws.com/KaaS-ITG/v2/servicepin/000a5jSkPzu1cLzgxtrLuXytYeDe/1PV66A"  	[MsgId: MERR-26630]
ServicePin.c(9): Error -26547: Authentication required, please use "web_set_user", e.g. web_set_user("domain\\user", "password", "host:port");  	[MsgId: MERR-26547]
ServicePin.c(9): Error -26630: HTTP Status-Code=401 (Unauthorized) for "https://hx9ekpvvbi.execute-api.us-east-1.amazonaws.com/KaaS-ITG/v2/servicepin/000a5jSkPzu1cLzgxtrLuXytYeDe/CF081A"  	[MsgId: MERR-26630]
ServicePin.c(9): Error -26547: Authentication required, please use "web_set_user", e.g. web_set_user("domain\\user", "password", "host:port");  	[MsgId: MERR-26547]
ServicePin.c(9): Error -26630: HTTP Status-Code=401 (Unauthorized) for "https://hx9ekpvvbi.execute-api.us-east-1.amazonaws.com/KaaS-ITG/v2/servicepin/000a5jSkPzu1cLzgxtrLuXytYeDe/B5L46V"  	[MsgId: MERR-26630]
ServicePin.c(9): Error -26547: Authentication required, please use "web_set_user", e.g. web_set_user("domain\\user", "password", "host:port");  	[MsgId: MERR-26547]
ServicePin.c(9): Error -26630: HTTP Status-Code=401 (Unauthorized) for "https://hx9ekpvvbi.execute-api.us-east-1.amazonaws.com/KaaS-ITG/v2/servicepin/000a5jSkPzu1cLzgxtrLuXytYeDe/J7Z07A"  	[MsgId: MERR-26630]
ServicePin.c(9): Error -26547: Authentication required, please use "web_set_user", e.g. web_set_user("domain\\user", "password", "host:port");  	[MsgId: MERR-26547]
ServicePin.c(9): Error -26630: HTTP Status-Code=401 (Unauthorized) for "https://hx9ekpvvbi.execute-api.us-east-1.amazonaws.com/KaaS-ITG/v2/servicepin/000a5jSkPzu1cLzgxtrLuXytYeDe/CE991V"  	[MsgId: MERR-26630]
ServicePin.c(9): Error -26547: Authentication required, please use "web_set_user", e.g. web_set_user("domain\\user", "password", "host:port");  	[MsgId: MERR-26547]
ServicePin.c(9): Error -26630: HTTP Status-Code=401 (Unauthorized) for "https://hx9ekpvvbi.execute-api.us-east-1.amazonaws.com/KaaS-ITG/v2/servicepin/000a5jSkPzu1cLzgxtrLuXytYeDe/3GX98A"  	[MsgId: MERR-26630]
ServicePin.c(9): Error -26547: Authentication required, please use "web_set_user", e.g. web_set_user("domain\\user", "password", "host:port");  	[MsgId: MERR-26547]
ServicePin.c(9): Error -26630: HTTP Status-Code=401 (Unauthorized) for "https://hx9ekpvvbi.execute-api.us-east-1.amazonaws.com/KaaS-ITG/v2/servicepin/000a5jSkPzu1cLzgxtrLuXytYeDe/J8A10A"  	[MsgId: MERR-26630]
ServicePin.c(9): Error -26547: Authentication required, please use "web_set_user", e.g. web_set_user("domain\\user", "password", "host:port");  	[MsgId: MERR-26547]
ServicePin.c(9): Error -26630: HTTP Status-Code=401 (Unauthorized) for "https://hx9ekpvvbi.execute-api.us-east-1.amazonaws.com/KaaS-ITG/v2/servicepin/000a5jSkPzu1cLzgxtrLuXytYeDe/CZ255A"  	[MsgId: MERR-26630]
ServicePin.c(9): Error -26547: Authentication required, please use "web_set_user", e.g. web_set_user("domain\\user", "password", "host:port");  	[MsgId: MERR-26547]
ServicePin.c(9): Error -26630: HTTP Status-Code=401 (Unauthorized) for "https://hx9ekpvvbi.execute-api.us-east-1.amazonaws.com/KaaS-ITG/v2/servicepin/000a5jSkPzu1cLzgxtrLuXytYeDe/B3G86V"  	[MsgId: MERR-26630]
ServicePin.c(9): Error -26547: Authentication required, please use "web_set_user", e.g. web_set_user("domain\\user", "password", "host:port");  	[MsgId: MERR-26547]
ServicePin.c(9): Error -26630: HTTP Status-Code=401 (Unauthorized) for "https://hx9ekpvvbi.execute-api.us-east-1.amazonaws.com/KaaS-ITG/v2/servicepin/000a5jSkPzu1cLzgxtrLuXytYeDe/B5L46V"  	[MsgId: MERR-26630]
ServicePin.c(9): Error -26547: Authentication required, please use "web_set_user", e.g. web_set_user("domain\\user", "password", "host:port");  	[MsgId: MERR-26547]
ServicePin.c(9): Error -26630: HTTP Status-Code=401 (Unauthorized) for "https://hx9ekpvvbi.execute-api.us-east-1.amazonaws.com/KaaS-ITG/v2/servicepin/000a5jSkPzu1cLzgxtrLuXytYeDe/B3G86V"  	[MsgId: MERR-26630]
ServicePin.c(9): Error -26547: Authentication required, please use "web_set_user", e.g. web_set_user("domain\\user", "password", "host:port");  	[MsgId: MERR-26547]
ServicePin.c(9): Error -26630: HTTP Status-Code=401 (Unauthorized) for "https://hx9ekpvvbi.execute-api.us-east-1.amazonaws.com/KaaS-ITG/v2/servicepin/000a5jSkPzu1cLzgxtrLuXytYeDe/J7X28V"  	[MsgId: MERR-26630]
ServicePin.c(9): Error -26547: Authentication required, please use "web_set_user", e.g. web_set_user("domain\\user", "password", "host:port");  	[MsgId: MERR-26547]
ServicePin.c(9): Error -26630: HTTP Status-Code=401 (Unauthorized) for "https://hx9ekpvvbi.execute-api.us-east-1.amazonaws.com/KaaS-ITG/v2/servicepin/000a5jSkPzu1cLzgxtrLuXytYeDe/3GX99A"  	[MsgId: MERR-26630]
ServicePin.c(9): Error -26547: Authentication required, please use "web_set_user", e.g. web_set_user("domain\\user", "password", "host:port");  	[MsgId: MERR-26547]
ServicePin.c(9): Error -26630: HTTP Status-Code=401 (Unauthorized) for "https://hx9ekpvvbi.execute-api.us-east-1.amazonaws.com/KaaS-ITG/v2/servicepin/000a5jSkPzu1cLzgxtrLuXytYeDe/B5L46V"  	[MsgId: MERR-26630]
ServicePin.c(9): Error -26547: Authentication required, please use "web_set_user", e.g. web_set_user("domain\\user", "password", "host:port");  	[MsgId: MERR-26547]
ServicePin.c(9): Error -26630: HTTP Status-Code=401 (Unauthorized) for "https://hx9ekpvvbi.execute-api.us-east-1.amazonaws.com/KaaS-ITG/v2/servicepin/000a5jSkPzu1cLzgxtrLuXytYeDe/CD646V"  	[MsgId: MERR-26630]
ServicePin.c(9): Error -26547: Authentication required, please use "web_set_user", e.g. web_set_user("domain\\user", "password", "host:port");  	[MsgId: MERR-26547]
ServicePin.c(9): Error -26630: HTTP Status-Code=401 (Unauthorized) for "https://hx9ekpvvbi.execute-api.us-east-1.amazonaws.com/KaaS-ITG/v2/servicepin/000a5jSkPzu1cLzgxtrLuXytYeDe/3GX98A"  	[MsgId: MERR-26630]
ServicePin.c(9): Error -26547: Authentication required, please use "web_set_user", e.g. web_set_user("domain\\user", "password", "host:port");  	[MsgId: MERR-26547]
ServicePin.c(9): Error -26630: HTTP Status-Code=401 (Unauthorized) for "https://hx9ekpvvbi.execute-api.us-east-1.amazonaws.com/KaaS-ITG/v2/servicepin/000a5jSkPzu1cLzgxtrLuXytYeDe/J7Z06A"  	[MsgId: MERR-26630]
ServicePin.c(9): Error -26547: Authentication required, please use "web_set_user", e.g. web_set_user("domain\\user", "password", "host:port");  	[MsgId: MERR-26547]
ServicePin.c(9): Error -26630: HTTP Status-Code=401 (Unauthorized) for "https://hx9ekpvvbi.execute-api.us-east-1.amazonaws.com/KaaS-ITG/v2/servicepin/000a5jSkPzu1cLzgxtrLuXytYeDe/J8A10A"  	[MsgId: MERR-26630]
ServicePin.c(9): Error -26547: Authentication required, please use "web_set_user", e.g. web_set_user("domain\\user", "password", "host:port");  	[MsgId: MERR-26547]
ServicePin.c(9): Error -26630: HTTP Status-Code=401 (Unauthorized) for "https://hx9ekpvvbi.execute-api.us-east-1.amazonaws.com/KaaS-ITG/v2/servicepin/000a5jSkPzu1cLzgxtrLuXytYeDe/B5L48V"  	[MsgId: MERR-26630]
ServicePin.c(9): Error -26547: Authentication required, please use "web_set_user", e.g. web_set_user("domain\\user", "password", "host:port");  	[MsgId: MERR-26547]
ServicePin.c(9): Error -26630: HTTP Status-Code=401 (Unauthorized) for "https://hx9ekpvvbi.execute-api.us-east-1.amazonaws.com/KaaS-ITG/v2/servicepin/000a5jSkPzu1cLzgxtrLuXytYeDe/J7Z03A"  	[MsgId: MERR-26630]
ServicePin.c(9): Error -26547: Authentication required, please use "web_set_user", e.g. web_set_user("domain\\user", "password", "host:port");  	[MsgId: MERR-26547]
ServicePin.c(9): Error -26630: HTTP Status-Code=401 (Unauthorized) for "https://hx9ekpvvbi.execute-api.us-east-1.amazonaws.com/KaaS-ITG/v2/servicepin/000a5jSkPzu1cLzgxtrLuXytYeDe/CE993A"  	[MsgId: MERR-26630]
ServicePin.c(9): Error -26547: Authentication required, please use "web_set_user", e.g. web_set_user("domain\\user", "password", "host:port");  	[MsgId: MERR-26547]
ServicePin.c(9): Error -26630: HTTP Status-Code=401 (Unauthorized) for "https://hx9ekpvvbi.execute-api.us-east-1.amazonaws.com/KaaS-ITG/v2/servicepin/000a5jSkPzu1cLzgxtrLuXytYeDe/3GX98A"  	[MsgId: MERR-26630]
ServicePin.c(9): Error -26547: Authentication required, please use "web_set_user", e.g. web_set_user("domain\\user", "password", "host:port");  	[MsgId: MERR-26547]
ServicePin.c(9): Error -26630: HTTP Status-Code=401 (Unauthorized) for "https://hx9ekpvvbi.execute-api.us-east-1.amazonaws.com/KaaS-ITG/v2/servicepin/000a5jSkPzu1cLzgxtrLuXytYeDe/J7Z06A"  	[MsgId: MERR-26630]
ServicePin.c(9): Error -26547: Authentication required, please use "web_set_user", e.g. web_set_user("domain\\user", "password", "host:port");  	[MsgId: MERR-26547]
ServicePin.c(9): Error -26630: HTTP Status-Code=401 (Unauthorized) for "https://hx9ekpvvbi.execute-api.us-east-1.amazonaws.com/KaaS-ITG/v2/servicepin/000a5jSkPzu1cLzgxtrLuXytYeDe/J8J63A"  	[MsgId: MERR-26630]
ServicePin.c(9): Error -26547: Authentication required, please use "web_set_user", e.g. web_set_user("domain\\user", "password", "host:port");  	[MsgId: MERR-26547]
ServicePin.c(9): Error -26630: HTTP Status-Code=401 (Unauthorized) for "https://hx9ekpvvbi.execute-api.us-east-1.amazonaws.com/KaaS-ITG/v2/servicepin/000a5jSkPzu1cLzgxtrLuXytYeDe/F2A81A"  	[MsgId: MERR-26630]
ServicePin.c(9): Error -26547: Authentication required, please use "web_set_user", e.g. web_set_user("domain\\user", "password", "host:port");  	[MsgId: MERR-26547]
ServicePin.c(9): Error -26630: HTTP Status-Code=401 (Unauthorized) for "https://hx9ekpvvbi.execute-api.us-east-1.amazonaws.com/KaaS-ITG/v2/servicepin/000a5jSkPzu1cLzgxtrLuXytYeDe/CE993A"  	[MsgId: MERR-26630]
ServicePin.c(9): Error -26547: Authentication required, please use "web_set_user", e.g. web_set_user("domain\\user", "password", "host:port");  	[MsgId: MERR-26547]
ServicePin.c(9): Error -26630: HTTP Status-Code=401 (Unauthorized) for "https://hx9ekpvvbi.execute-api.us-east-1.amazonaws.com/KaaS-ITG/v2/servicepin/000a5jSkPzu1cLzgxtrLuXytYeDe/J7Z09A"  	[MsgId: MERR-26630]
ServicePin.c(9): Error -26547: Authentication required, please use "web_set_user", e.g. web_set_user("domain\\user", "password", "host:port");  	[MsgId: MERR-26547]
ServicePin.c(9): Error -26630: HTTP Status-Code=401 (Unauthorized) for "https://hx9ekpvvbi.execute-api.us-east-1.amazonaws.com/KaaS-ITG/v2/servicepin/000a5jSkPzu1cLzgxtrLuXytYeDe/CD646V"  	[MsgId: MERR-26630]
ServicePin.c(9): Error -26547: Authentication required, please use "web_set_user", e.g. web_set_user("domain\\user", "password", "host:port");  	[MsgId: MERR-26547]
ServicePin.c(9): Error -26630: HTTP Status-Code=401 (Unauthorized) for "https://hx9ekpvvbi.execute-api.us-east-1.amazonaws.com/KaaS-ITG/v2/servicepin/000a5jSkPzu1cLzgxtrLuXytYeDe/C2S11V"  	[MsgId: MERR-26630]
ServicePin.c(9): Error -26547: Authentication required, please use "web_set_user", e.g. web_set_user("domain\\user", "password", "host:port");  	[MsgId: MERR-26547]
ServicePin.c(9): Error -26630: HTTP Status-Code=401 (Unauthorized) for "https://hx9ekpvvbi.execute-api.us-east-1.amazonaws.com/KaaS-ITG/v2/servicepin/000a5jSkPzu1cLzgxtrLuXytYeDe/J7Z06A"  	[MsgId: MERR-26630]
ServicePin.c(9): Error -26547: Authentication required, please use "web_set_user", e.g. web_set_user("domain\\user", "password", "host:port");  	[MsgId: MERR-26547]
ServicePin.c(9): Error -26630: HTTP Status-Code=401 (Unauthorized) for "https://hx9ekpvvbi.execute-api.us-east-1.amazonaws.com/KaaS-ITG/v2/servicepin/000a5jSkPzu1cLzgxtrLuXytYeDe/CE993A"  	[MsgId: MERR-26630]
ServicePin.c(9): Error -26547: Authentication required, please use "web_set_user", e.g. web_set_user("domain\\user", "password", "host:port");  	[MsgId: MERR-26547]
ServicePin.c(9): Error -26630: HTTP Status-Code=401 (Unauthorized) for "https://hx9ekpvvbi.execute-api.us-east-1.amazonaws.com/KaaS-ITG/v2/servicepin/000a5jSkPzu1cLzgxtrLuXytYeDe/G1W47V"  	[MsgId: MERR-26630]
ServicePin.c(9): Error -26547: Authentication required, please use "web_set_user", e.g. web_set_user("domain\\user", "password", "host:port");  	[MsgId: MERR-26547]
ServicePin.c(9): Error -26630: HTTP Status-Code=401 (Unauthorized) for "https://hx9ekpvvbi.execute-api.us-east-1.amazonaws.com/KaaS-ITG/v2/servicepin/000a5jSkPzu1cLzgxtrLuXytYeDe/CD646V"  	[MsgId: MERR-26630]
ServicePin.c(9): Error -26547: Authentication required, please use "web_set_user", e.g. web_set_user("domain\\user", "password", "host:port");  	[MsgId: MERR-26547]
ServicePin.c(9): Error -26630: HTTP Status-Code=401 (Unauthorized) for "https://hx9ekpvvbi.execute-api.us-east-1.amazonaws.com/KaaS-ITG/v2/servicepin/000a5jSkPzu1cLzgxtrLuXytYeDe/CE992A"  	[MsgId: MERR-26630]
ServicePin.c(9): Error -26547: Authentication required, please use "web_set_user", e.g. web_set_user("domain\\user", "password", "host:port");  	[MsgId: MERR-26547]
ServicePin.c(9): Error -26630: HTTP Status-Code=401 (Unauthorized) for "https://hx9ekpvvbi.execute-api.us-east-1.amazonaws.com/KaaS-ITG/v2/servicepin/000a5jSkPzu1cLzgxtrLuXytYeDe/Z5G79A"  	[MsgId: MERR-26630]
ServicePin.c(9): Error -26547: Authentication required, please use "web_set_user", e.g. web_set_user("domain\\user", "password", "host:port");  	[MsgId: MERR-26547]
ServicePin.c(9): Error -26630: HTTP Status-Code=401 (Unauthorized) for "https://hx9ekpvvbi.execute-api.us-east-1.amazonaws.com/KaaS-ITG/v2/servicepin/000a5jSkPzu1cLzgxtrLuXytYeDe/L3U55A"  	[MsgId: MERR-26630]
ServicePin.c(9): Error -26547: Authentication required, please use "web_set_user", e.g. web_set_user("domain\\user", "password", "host:port");  	[MsgId: MERR-26547]
ServicePin.c(9): Error -26630: HTTP Status-Code=401 (Unauthorized) for "https://hx9ekpvvbi.execute-api.us-east-1.amazonaws.com/KaaS-ITG/v2/servicepin/000a5jSkPzu1cLzgxtrLuXytYeDe/3GX98A"  	[MsgId: MERR-26630]
ServicePin.c(9): Error -26547: Authentication required, please use "web_set_user", e.g. web_set_user("domain\\user", "password", "host:port");  	[MsgId: MERR-26547]
ServicePin.c(9): Error -26630: HTTP Status-Code=401 (Unauthorized) for "https://hx9ekpvvbi.execute-api.us-east-1.amazonaws.com/KaaS-ITG/v2/servicepin/000a5jSkPzu1cLzgxtrLuXytYeDe/CF081A"  	[MsgId: MERR-26630]
ServicePin.c(9): Error -26547: Authentication required, please use "web_set_user", e.g. web_set_user("domain\\user", "password", "host:port");  	[MsgId: MERR-26547]
ServicePin.c(9): Error -26630: HTTP Status-Code=401 (Unauthorized) for "https://hx9ekpvvbi.execute-api.us-east-1.amazonaws.com/KaaS-ITG/v2/servicepin/000a5jSkPzu1cLzgxtrLuXytYeDe/F2A69V"  	[MsgId: MERR-26630]
ServicePin.c(9): Error -26547: Authentication required, please use "web_set_user", e.g. web_set_user("domain\\user", "password", "host:port");  	[MsgId: MERR-26547]
ServicePin.c(9): Error -26630: HTTP Status-Code=401 (Unauthorized) for "https://hx9ekpvvbi.execute-api.us-east-1.amazonaws.com/KaaS-ITG/v2/servicepin/000a5jSkPzu1cLzgxtrLuXytYeDe/J8A10A"  	[MsgId: MERR-26630]
ServicePin.c(9): Error -26547: Authentication required, please use "web_set_user", e.g. web_set_user("domain\\user", "password", "host:port");  	[MsgId: MERR-26547]
ServicePin.c(9): Error -26630: HTTP Status-Code=401 (Unauthorized) for "https://hx9ekpvvbi.execute-api.us-east-1.amazonaws.com/KaaS-ITG/v2/servicepin/000a5jSkPzu1cLzgxtrLuXytYeDe/J8A10A"  	[MsgId: MERR-26630]
ServicePin.c(9): Error -26547: Authentication required, please use "web_set_user", e.g. web_set_user("domain\\user", "password", "host:port");  	[MsgId: MERR-26547]
ServicePin.c(9): Error -26630: HTTP Status-Code=401 (Unauthorized) for "https://hx9ekpvvbi.execute-api.us-east-1.amazonaws.com/KaaS-ITG/v2/servicepin/000a5jSkPzu1cLzgxtrLuXytYeDe/J7Z03A"  	[MsgId: MERR-26630]
ServicePin.c(9): Error -26547: Authentication required, please use "web_set_user", e.g. web_set_user("domain\\user", "password", "host:port");  	[MsgId: MERR-26547]
ServicePin.c(9): Error -26630: HTTP Status-Code=401 (Unauthorized) for "https://hx9ekpvvbi.execute-api.us-east-1.amazonaws.com/KaaS-ITG/v2/servicepin/000a5jSkPzu1cLzgxtrLuXytYeDe/CD646V"  	[MsgId: MERR-26630]
ServicePin.c(9): Error -26547: Authentication required, please use "web_set_user", e.g. web_set_user("domain\\user", "password", "host:port");  	[MsgId: MERR-26547]
ServicePin.c(9): Error -26630: HTTP Status-Code=401 (Unauthorized) for "https://hx9ekpvvbi.execute-api.us-east-1.amazonaws.com/KaaS-ITG/v2/servicepin/000a5jSkPzu1cLzgxtrLuXytYeDe/3GX98A"  	[MsgId: MERR-26630]
ServicePin.c(9): Error -26547: Authentication required, please use "web_set_user", e.g. web_set_user("domain\\user", "password", "host:port");  	[MsgId: MERR-26547]
ServicePin.c(9): Error -26630: HTTP Status-Code=401 (Unauthorized) for "https://hx9ekpvvbi.execute-api.us-east-1.amazonaws.com/KaaS-ITG/v2/servicepin/000a5jSkPzu1cLzgxtrLuXytYeDe/J7Z06A"  	[MsgId: MERR-26630]
ServicePin.c(9): Error -26547: Authentication required, please use "web_set_user", e.g. web_set_user("domain\\user", "password", "host:port");  	[MsgId: MERR-26547]
ServicePin.c(9): Error -26630: HTTP Status-Code=401 (Unauthorized) for "https://hx9ekpvvbi.execute-api.us-east-1.amazonaws.com/KaaS-ITG/v2/servicepin/000a5jSkPzu1cLzgxtrLuXytYeDe/B5L48V"  	[MsgId: MERR-26630]
ServicePin.c(9): Error -26547: Authentication required, please use "web_set_user", e.g. web_set_user("domain\\user", "password", "host:port");  	[MsgId: MERR-26547]
ServicePin.c(9): Error -26630: HTTP Status-Code=401 (Unauthorized) for "https://hx9ekpvvbi.execute-api.us-east-1.amazonaws.com/KaaS-ITG/v2/servicepin/000a5jSkPzu1cLzgxtrLuXytYeDe/J7Z11A"  	[MsgId: MERR-26630]
ServicePin.c(9): Error -26547: Authentication required, please use "web_set_user", e.g. web_set_user("domain\\user", "password", "host:port");  	[MsgId: MERR-26547]
ServicePin.c(9): Error -26630: HTTP Status-Code=401 (Unauthorized) for "https://hx9ekpvvbi.execute-api.us-east-1.amazonaws.com/KaaS-ITG/v2/servicepin/000a5jSkPzu1cLzgxtrLuXytYeDe/B5L26V"  	[MsgId: MERR-26630]
ServicePin.c(9): Error -26547: Authentication required, please use "web_set_user", e.g. web_set_user("domain\\user", "password", "host:port");  	[MsgId: MERR-26547]
ServicePin.c(9): Error -26630: HTTP Status-Code=401 (Unauthorized) for "https://hx9ekpvvbi.execute-api.us-east-1.amazonaws.com/KaaS-ITG/v2/servicepin/000a5jSkPzu1cLzgxtrLuXytYeDe/J7Z09A"  	[MsgId: MERR-26630]
ServicePin.c(9): Error -26547: Authentication required, please use "web_set_user", e.g. web_set_user("domain\\user", "password", "host:port");  	[MsgId: MERR-26547]
ServicePin.c(9): Error -26630: HTTP Status-Code=401 (Unauthorized) for "https://hx9ekpvvbi.execute-api.us-east-1.amazonaws.com/KaaS-ITG/v2/servicepin/000a5jSkPzu1cLzgxtrLuXytYeDe/L3U55A"  	[MsgId: MERR-26630]
ServicePin.c(9): Error -26547: Authentication required, please use "web_set_user", e.g. web_set_user("domain\\user", "password", "host:port");  	[MsgId: MERR-26547]
ServicePin.c(9): Error -26630: HTTP Status-Code=401 (Unauthorized) for "https://hx9ekpvvbi.execute-api.us-east-1.amazonaws.com/KaaS-ITG/v2/servicepin/000a5jSkPzu1cLzgxtrLuXytYeDe/CE996A"  	[MsgId: MERR-26630]
ServicePin.c(9): Error -26547: Authentication required, please use "web_set_user", e.g. web_set_user("domain\\user", "password", "host:port");  	[MsgId: MERR-26547]
ServicePin.c(9): Error -26630: HTTP Status-Code=401 (Unauthorized) for "https://hx9ekpvvbi.execute-api.us-east-1.amazonaws.com/KaaS-ITG/v2/servicepin/000a5jSkPzu1cLzgxtrLuXytYeDe/CE996A"  	[MsgId: MERR-26630]
ServicePin.c(9): Error -26547: Authentication required, please use "web_set_user", e.g. web_set_user("domain\\user", "password", "host:port");  	[MsgId: MERR-26547]
ServicePin.c(9): Error -26630: HTTP Status-Code=401 (Unauthorized) for "https://hx9ekpvvbi.execute-api.us-east-1.amazonaws.com/KaaS-ITG/v2/servicepin/000a5jSkPzu1cLzgxtrLuXytYeDe/J8J63A"  	[MsgId: MERR-26630]
ServicePin.c(9): Error -26547: Authentication required, please use "web_set_user", e.g. web_set_user("domain\\user", "password", "host:port");  	[MsgId: MERR-26547]
ServicePin.c(9): Error -26630: HTTP Status-Code=401 (Unauthorized) for "https://hx9ekpvvbi.execute-api.us-east-1.amazonaws.com/KaaS-ITG/v2/servicepin/000a5jSkPzu1cLzgxtrLuXytYeDe/J7Z12A"  	[MsgId: MERR-26630]
ServicePin.c(9): Error -26547: Authentication required, please use "web_set_user", e.g. web_set_user("domain\\user", "password", "host:port");  	[MsgId: MERR-26547]
ServicePin.c(9): Error -26630: HTTP Status-Code=401 (Unauthorized) for "https://hx9ekpvvbi.execute-api.us-east-1.amazonaws.com/KaaS-ITG/v2/servicepin/000a5jSkPzu1cLzgxtrLuXytYeDe/J8A10A"  	[MsgId: MERR-26630]
ServicePin.c(9): Error -26547: Authentication required, please use "web_set_user", e.g. web_set_user("domain\\user", "password", "host:port");  	[MsgId: MERR-26547]
ServicePin.c(9): Error -26630: HTTP Status-Code=401 (Unauthorized) for "https://hx9ekpvvbi.execute-api.us-east-1.amazonaws.com/KaaS-ITG/v2/servicepin/000a5jSkPzu1cLzgxtrLuXytYeDe/F2A69V"  	[MsgId: MERR-26630]
ServicePin.c(9): Error -26547: Authentication required, please use "web_set_user", e.g. web_set_user("domain\\user", "password", "host:port");  	[MsgId: MERR-26547]
ServicePin.c(9): Error -26630: HTTP Status-Code=401 (Unauthorized) for "https://hx9ekpvvbi.execute-api.us-east-1.amazonaws.com/KaaS-ITG/v2/servicepin/000a5jSkPzu1cLzgxtrLuXytYeDe/CD646V"  	[MsgId: MERR-26630]
ServicePin.c(9): Error -26547: Authentication required, please use "web_set_user", e.g. web_set_user("domain\\user", "password", "host:port");  	[MsgId: MERR-26547]
ServicePin.c(9): Error -26630: HTTP Status-Code=401 (Unauthorized) for "https://hx9ekpvvbi.execute-api.us-east-1.amazonaws.com/KaaS-ITG/v2/servicepin/000a5jSkPzu1cLzgxtrLuXytYeDe/CF081A"  	[MsgId: MERR-26630]
ServicePin.c(9): Error -26547: Authentication required, please use "web_set_user", e.g. web_set_user("domain\\user", "password", "host:port");  	[MsgId: MERR-26547]
ServicePin.c(9): Error -26630: HTTP Status-Code=401 (Unauthorized) for "https://hx9ekpvvbi.execute-api.us-east-1.amazonaws.com/KaaS-ITG/v2/servicepin/000a5jSkPzu1cLzgxtrLuXytYeDe/J7X28V"  	[MsgId: MERR-26630]
ServicePin.c(9): Error -26547: Authentication required, please use "web_set_user", e.g. web_set_user("domain\\user", "password", "host:port");  	[MsgId: MERR-26547]
ServicePin.c(9): Error -26630: HTTP Status-Code=401 (Unauthorized) for "https://hx9ekpvvbi.execute-api.us-east-1.amazonaws.com/KaaS-ITG/v2/servicepin/000a5jSkPzu1cLzgxtrLuXytYeDe/CE996A"  	[MsgId: MERR-26630]
ServicePin.c(9): Error -26547: Authentication required, please use "web_set_user", e.g. web_set_user("domain\\user", "password", "host:port");  	[MsgId: MERR-26547]
ServicePin.c(9): Error -26630: HTTP Status-Code=401 (Unauthorized) for "https://hx9ekpvvbi.execute-api.us-east-1.amazonaws.com/KaaS-ITG/v2/servicepin/000a5jSkPzu1cLzgxtrLuXytYeDe/CE991V"  	[MsgId: MERR-26630]
ServicePin.c(9): Error -26547: Authentication required, please use "web_set_user", e.g. web_set_user("domain\\user", "password", "host:port");  	[MsgId: MERR-26547]
ServicePin.c(9): Error -26630: HTTP Status-Code=401 (Unauthorized) for "https://hx9ekpvvbi.execute-api.us-east-1.amazonaws.com/KaaS-ITG/v2/servicepin/000a5jSkPzu1cLzgxtrLuXytYeDe/CD646V"  	[MsgId: MERR-26630]
ServicePin.c(9): Error -26547: Authentication required, please use "web_set_user", e.g. web_set_user("domain\\user", "password", "host:port");  	[MsgId: MERR-26547]
ServicePin.c(9): Error -26630: HTTP Status-Code=401 (Unauthorized) for "https://hx9ekpvvbi.execute-api.us-east-1.amazonaws.com/KaaS-ITG/v2/servicepin/000a5jSkPzu1cLzgxtrLuXytYeDe/CD646V"  	[MsgId: MERR-26630]
ServicePin.c(9): Error -26547: Authentication required, please use "web_set_user", e.g. web_set_user("domain\\user", "password", "host:port");  	[MsgId: MERR-26547]
ServicePin.c(9): Error -26630: HTTP Status-Code=401 (Unauthorized) for "https://hx9ekpvvbi.execute-api.us-east-1.amazonaws.com/KaaS-ITG/v2/servicepin/000a5jSkPzu1cLzgxtrLuXytYeDe/CD646V"  	[MsgId: MERR-26630]
ServicePin.c(9): Error -26547: Authentication required, please use "web_set_user", e.g. web_set_user("domain\\user", "password", "host:port");  	[MsgId: MERR-26547]
ServicePin.c(9): Error -26630: HTTP Status-Code=401 (Unauthorized) for "https://hx9ekpvvbi.execute-api.us-east-1.amazonaws.com/KaaS-ITG/v2/servicepin/000a5jSkPzu1cLzgxtrLuXytYeDe/J8J63A"  	[MsgId: MERR-26630]
ServicePin.c(9): Error -26547: Authentication required, please use "web_set_user", e.g. web_set_user("domain\\user", "password", "host:port");  	[MsgId: MERR-26547]
ServicePin.c(9): Error -26630: HTTP Status-Code=401 (Unauthorized) for "https://hx9ekpvvbi.execute-api.us-east-1.amazonaws.com/KaaS-ITG/v2/servicepin/000a5jSkPzu1cLzgxtrLuXytYeDe/J7X28V"  	[MsgId: MERR-26630]
ServicePin.c(9): Error -26547: Authentication required, please use "web_set_user", e.g. web_set_user("domain\\user", "password", "host:port");  	[MsgId: MERR-26547]
ServicePin.c(9): Error -26630: HTTP Status-Code=401 (Unauthorized) for "https://hx9ekpvvbi.execute-api.us-east-1.amazonaws.com/KaaS-ITG/v2/servicepin/000a5jSkPzu1cLzgxtrLuXytYeDe/J7X28V"  	[MsgId: MERR-26630]
ServicePin.c(9): Error -26547: Authentication required, please use "web_set_user", e.g. web_set_user("domain\\user", "password", "host:port");  	[MsgId: MERR-26547]
ServicePin.c(9): Error -26630: HTTP Status-Code=401 (Unauthorized) for "https://hx9ekpvvbi.execute-api.us-east-1.amazonaws.com/KaaS-ITG/v2/servicepin/000a5jSkPzu1cLzgxtrLuXytYeDe/B3G85A"  	[MsgId: MERR-26630]
ServicePin.c(9): Error -26547: Authentication required, please use "web_set_user", e.g. web_set_user("domain\\user", "password", "host:port");  	[MsgId: MERR-26547]
ServicePin.c(9): Error -26630: HTTP Status-Code=401 (Unauthorized) for "https://hx9ekpvvbi.execute-api.us-east-1.amazonaws.com/KaaS-ITG/v2/servicepin/000a5jSkPzu1cLzgxtrLuXytYeDe/B3G86V"  	[MsgId: MERR-26630]
ServicePin.c(9): Error -26547: Authentication required, please use "web_set_user", e.g. web_set_user("domain\\user", "password", "host:port");  	[MsgId: MERR-26547]
ServicePin.c(9): Error -26630: HTTP Status-Code=401 (Unauthorized) for "https://hx9ekpvvbi.execute-api.us-east-1.amazonaws.com/KaaS-ITG/v2/servicepin/000a5jSkPzu1cLzgxtrLuXytYeDe/CE993A"  	[MsgId: MERR-26630]
ServicePin.c(9): Error -26547: Authentication required, please use "web_set_user", e.g. web_set_user("domain\\user", "password", "host:port");  	[MsgId: MERR-26547]
ServicePin.c(9): Error -26630: HTTP Status-Code=401 (Unauthorized) for "https://hx9ekpvvbi.execute-api.us-east-1.amazonaws.com/KaaS-ITG/v2/servicepin/000a5jSkPzu1cLzgxtrLuXytYeDe/J7Z09A"  	[MsgId: MERR-26630]
ServicePin.c(9): Error -26547: Authentication required, please use "web_set_user", e.g. web_set_user("domain\\user", "password", "host:port");  	[MsgId: MERR-26547]
ServicePin.c(9): Error -26630: HTTP Status-Code=401 (Unauthorized) for "https://hx9ekpvvbi.execute-api.us-east-1.amazonaws.com/KaaS-ITG/v2/servicepin/000a5jSkPzu1cLzgxtrLuXytYeDe/B3G85A"  	[MsgId: MERR-26630]
ServicePin.c(9): Error -26547: Authentication required, please use "web_set_user", e.g. web_set_user("domain\\user", "password", "host:port");  	[MsgId: MERR-26547]
ServicePin.c(9): Error -26630: HTTP Status-Code=401 (Unauthorized) for "https://hx9ekpvvbi.execute-api.us-east-1.amazonaws.com/KaaS-ITG/v2/servicepin/000a5jSkPzu1cLzgxtrLuXytYeDe/1PV66A"  	[MsgId: MERR-26630]
ServicePin.c(9): Error -26547: Authentication required, please use "web_set_user", e.g. web_set_user("domain\\user", "password", "host:port");  	[MsgId: MERR-26547]
ServicePin.c(9): Error -26630: HTTP Status-Code=401 (Unauthorized) for "https://hx9ekpvvbi.execute-api.us-east-1.amazonaws.com/KaaS-ITG/v2/servicepin/000a5jSkPzu1cLzgxtrLuXytYeDe/CE996A"  	[MsgId: MERR-26630]
ServicePin.c(9): Error -26547: Authentication required, please use "web_set_user", e.g. web_set_user("domain\\user", "password", "host:port");  	[MsgId: MERR-26547]
ServicePin.c(9): Error -26630: HTTP Status-Code=401 (Unauthorized) for "https://hx9ekpvvbi.execute-api.us-east-1.amazonaws.com/KaaS-ITG/v2/servicepin/000a5jSkPzu1cLzgxtrLuXytYeDe/J7Z07A"  	[MsgId: MERR-26630]
ServicePin.c(9): Error -26547: Authentication required, please use "web_set_user", e.g. web_set_user("domain\\user", "password", "host:port");  	[MsgId: MERR-26547]
ServicePin.c(9): Error -26630: HTTP Status-Code=401 (Unauthorized) for "https://hx9ekpvvbi.execute-api.us-east-1.amazonaws.com/KaaS-ITG/v2/servicepin/000a5jSkPzu1cLzgxtrLuXytYeDe/J7Z11A"  	[MsgId: MERR-26630]
ServicePin.c(9): Error -26547: Authentication required, please use "web_set_user", e.g. web_set_user("domain\\user", "password", "host:port");  	[MsgId: MERR-26547]
ServicePin.c(9): Error -26630: HTTP Status-Code=401 (Unauthorized) for "https://hx9ekpvvbi.execute-api.us-east-1.amazonaws.com/KaaS-ITG/v2/servicepin/000a5jSkPzu1cLzgxtrLuXytYeDe/J8J63A"  	[MsgId: MERR-26630]
ServicePin.c(9): Error -26547: Authentication required, please use "web_set_user", e.g. web_set_user("domain\\user", "password", "host:port");  	[MsgId: MERR-26547]
ServicePin.c(9): Error -26630: HTTP Status-Code=401 (Unauthorized) for "https://hx9ekpvvbi.execute-api.us-east-1.amazonaws.com/KaaS-ITG/v2/servicepin/000a5jSkPzu1cLzgxtrLuXytYeDe/C2S11V"  	[MsgId: MERR-26630]
ServicePin.c(9): Error -26547: Authentication required, please use "web_set_user", e.g. web_set_user("domain\\user", "password", "host:port");  	[MsgId: MERR-26547]
ServicePin.c(9): Error -26630: HTTP Status-Code=401 (Unauthorized) for "https://hx9ekpvvbi.execute-api.us-east-1.amazonaws.com/KaaS-ITG/v2/servicepin/000a5jSkPzu1cLzgxtrLuXytYeDe/J7Z06A"  	[MsgId: MERR-26630]
ServicePin.c(9): Error -26547: Authentication required, please use "web_set_user", e.g. web_set_user("domain\\user", "password", "host:port");  	[MsgId: MERR-26547]
ServicePin.c(9): Error -26630: HTTP Status-Code=401 (Unauthorized) for "https://hx9ekpvvbi.execute-api.us-east-1.amazonaws.com/KaaS-ITG/v2/servicepin/000a5jSkPzu1cLzgxtrLuXytYeDe/B3G85A"  	[MsgId: MERR-26630]
ServicePin.c(9): Error -26547: Authentication required, please use "web_set_user", e.g. web_set_user("domain\\user", "password", "host:port");  	[MsgId: MERR-26547]
ServicePin.c(9): Error -26630: HTTP Status-Code=401 (Unauthorized) for "https://hx9ekpvvbi.execute-api.us-east-1.amazonaws.com/KaaS-ITG/v2/servicepin/000a5jSkPzu1cLzgxtrLuXytYeDe/CZ255A"  	[MsgId: MERR-26630]
ServicePin.c(9): Error -26547: Authentication required, please use "web_set_user", e.g. web_set_user("domain\\user", "password", "host:port");  	[MsgId: MERR-26547]
ServicePin.c(9): Error -26630: HTTP Status-Code=401 (Unauthorized) for "https://hx9ekpvvbi.execute-api.us-east-1.amazonaws.com/KaaS-ITG/v2/servicepin/000a5jSkPzu1cLzgxtrLuXytYeDe/CD646V"  	[MsgId: MERR-26630]
ServicePin.c(9): Error -26547: Authentication required, please use "web_set_user", e.g. web_set_user("domain\\user", "password", "host:port");  	[MsgId: MERR-26547]
ServicePin.c(9): Error -26630: HTTP Status-Code=401 (Unauthorized) for "https://hx9ekpvvbi.execute-api.us-east-1.amazonaws.com/KaaS-ITG/v2/servicepin/000a5jSkPzu1cLzgxtrLuXytYeDe/B3G85A"  	[MsgId: MERR-26630]
ServicePin.c(9): Error -26547: Authentication required, please use "web_set_user", e.g. web_set_user("domain\\user", "password", "host:port");  	[MsgId: MERR-26547]
ServicePin.c(9): Error -26630: HTTP Status-Code=401 (Unauthorized) for "https://hx9ekpvvbi.execute-api.us-east-1.amazonaws.com/KaaS-ITG/v2/servicepin/000a5jSkPzu1cLzgxtrLuXytYeDe/J7Z08A"  	[MsgId: MERR-26630]
ServicePin.c(9): Error -26547: Authentication required, please use "web_set_user", e.g. web_set_user("domain\\user", "password", "host:port");  	[MsgId: MERR-26547]
ServicePin.c(9): Error -26630: HTTP Status-Code=401 (Unauthorized) for "https://hx9ekpvvbi.execute-api.us-east-1.amazonaws.com/KaaS-ITG/v2/servicepin/000a5jSkPzu1cLzgxtrLuXytYeDe/J7Z11A"  	[MsgId: MERR-26630]
ServicePin.c(9): Error -26547: Authentication required, please use "web_set_user", e.g. web_set_user("domain\\user", "password", "host:port");  	[MsgId: MERR-26547]
ServicePin.c(9): Error -26630: HTTP Status-Code=401 (Unauthorized) for "https://hx9ekpvvbi.execute-api.us-east-1.amazonaws.com/KaaS-ITG/v2/servicepin/000a5jSkPzu1cLzgxtrLuXytYeDe/J8J64A"  	[MsgId: MERR-26630]
ServicePin.c(9): Error -26547: Authentication required, please use "web_set_user", e.g. web_set_user("domain\\user", "password", "host:port");  	[MsgId: MERR-26547]
ServicePin.c(9): Error -26630: HTTP Status-Code=401 (Unauthorized) for "https://hx9ekpvvbi.execute-api.us-east-1.amazonaws.com/KaaS-ITG/v2/servicepin/000a5jSkPzu1cLzgxtrLuXytYeDe/B5L48V"  	[MsgId: MERR-26630]
ServicePin.c(9): Error -26547: Authentication required, please use "web_set_user", e.g. web_set_user("domain\\user", "password", "host:port");  	[MsgId: MERR-26547]
ServicePin.c(9): Error -26630: HTTP Status-Code=401 (Unauthorized) for "https://hx9ekpvvbi.execute-api.us-east-1.amazonaws.com/KaaS-ITG/v2/servicepin/000a5jSkPzu1cLzgxtrLuXytYeDe/J7Z12A"  	[MsgId: MERR-26630]
ServicePin.c(9): Error -26547: Authentication required, please use "web_set_user", e.g. web_set_user("domain\\user", "password", "host:port");  	[MsgId: MERR-26547]
ServicePin.c(9): Error -26630: HTTP Status-Code=401 (Unauthorized) for "https://hx9ekpvvbi.execute-api.us-east-1.amazonaws.com/KaaS-ITG/v2/servicepin/000a5jSkPzu1cLzgxtrLuXytYeDe/F2A81A"  	[MsgId: MERR-26630]
ServicePin.c(9): Error -26547: Authentication required, please use "web_set_user", e.g. web_set_user("domain\\user", "password", "host:port");  	[MsgId: MERR-26547]
ServicePin.c(9): Error -26630: HTTP Status-Code=401 (Unauthorized) for "https://hx9ekpvvbi.execute-api.us-east-1.amazonaws.com/KaaS-ITG/v2/servicepin/000a5jSkPzu1cLzgxtrLuXytYeDe/J7Z03A"  	[MsgId: MERR-26630]
ServicePin.c(9): Error -26547: Authentication required, please use "web_set_user", e.g. web_set_user("domain\\user", "password", "host:port");  	[MsgId: MERR-26547]
ServicePin.c(9): Error -26630: HTTP Status-Code=401 (Unauthorized) for "https://hx9ekpvvbi.execute-api.us-east-1.amazonaws.com/KaaS-ITG/v2/servicepin/000a5jSkPzu1cLzgxtrLuXytYeDe/B5L26V"  	[MsgId: MERR-26630]
ServicePin.c(9): Error -26547: Authentication required, please use "web_set_user", e.g. web_set_user("domain\\user", "password", "host:port");  	[MsgId: MERR-26547]
ServicePin.c(9): Error -26630: HTTP Status-Code=401 (Unauthorized) for "https://hx9ekpvvbi.execute-api.us-east-1.amazonaws.com/KaaS-ITG/v2/servicepin/000a5jSkPzu1cLzgxtrLuXytYeDe/3GX98A"  	[MsgId: MERR-26630]
ServicePin.c(9): Error -26547: Authentication required, please use "web_set_user", e.g. web_set_user("domain\\user", "password", "host:port");  	[MsgId: MERR-26547]
ServicePin.c(9): Error -26630: HTTP Status-Code=401 (Unauthorized) for "https://hx9ekpvvbi.execute-api.us-east-1.amazonaws.com/KaaS-ITG/v2/servicepin/000a5jSkPzu1cLzgxtrLuXytYeDe/Z5G79A"  	[MsgId: MERR-26630]
ServicePin.c(9): Error -26547: Authentication required, please use "web_set_user", e.g. web_set_user("domain\\user", "password", "host:port");  	[MsgId: MERR-26547]
ServicePin.c(9): Error -26630: HTTP Status-Code=401 (Unauthorized) for "https://hx9ekpvvbi.execute-api.us-east-1.amazonaws.com/KaaS-ITG/v2/servicepin/000a5jSkPzu1cLzgxtrLuXytYeDe/B3G86V"  	[MsgId: MERR-26630]
ServicePin.c(9): Error -26547: Authentication required, please use "web_set_user", e.g. web_set_user("domain\\user", "password", "host:port");  	[MsgId: MERR-26547]
ServicePin.c(9): Error -26630: HTTP Status-Code=401 (Unauthorized) for "https://hx9ekpvvbi.execute-api.us-east-1.amazonaws.com/KaaS-ITG/v2/servicepin/000a5jSkPzu1cLzgxtrLuXytYeDe/F2A69V"  	[MsgId: MERR-26630]
ServicePin.c(9): Error -26547: Authentication required, please use "web_set_user", e.g. web_set_user("domain\\user", "password", "host:port");  	[MsgId: MERR-26547]
ServicePin.c(9): Error -26630: HTTP Status-Code=401 (Unauthorized) for "https://hx9ekpvvbi.execute-api.us-east-1.amazonaws.com/KaaS-ITG/v2/servicepin/000a5jSkPzu1cLzgxtrLuXytYeDe/B5L46V"  	[MsgId: MERR-26630]
ServicePin.c(9): Error -26547: Authentication required, please use "web_set_user", e.g. web_set_user("domain\\user", "password", "host:port");  	[MsgId: MERR-26547]
ServicePin.c(9): Error -26630: HTTP Status-Code=401 (Unauthorized) for "https://hx9ekpvvbi.execute-api.us-east-1.amazonaws.com/KaaS-ITG/v2/servicepin/000a5jSkPzu1cLzgxtrLuXytYeDe/J8A10A"  	[MsgId: MERR-26630]
ServicePin.c(9): Error -26547: Authentication required, please use "web_set_user", e.g. web_set_user("domain\\user", "password", "host:port");  	[MsgId: MERR-26547]
ServicePin.c(9): Error -26630: HTTP Status-Code=401 (Unauthorized) for "https://hx9ekpvvbi.execute-api.us-east-1.amazonaws.com/KaaS-ITG/v2/servicepin/000a5jSkPzu1cLzgxtrLuXytYeDe/CF081A"  	[MsgId: MERR-26630]
ServicePin.c(9): Error -26547: Authentication required, please use "web_set_user", e.g. web_set_user("domain\\user", "password", "host:port");  	[MsgId: MERR-26547]
ServicePin.c(9): Error -26630: HTTP Status-Code=401 (Unauthorized) for "https://hx9ekpvvbi.execute-api.us-east-1.amazonaws.com/KaaS-ITG/v2/servicepin/000a5jSkPzu1cLzgxtrLuXytYeDe/CE996A"  	[MsgId: MERR-26630]
ServicePin.c(9): Error -26547: Authentication required, please use "web_set_user", e.g. web_set_user("domain\\user", "password", "host:port");  	[MsgId: MERR-26547]
ServicePin.c(9): Error -26630: HTTP Status-Code=401 (Unauthorized) for "https://hx9ekpvvbi.execute-api.us-east-1.amazonaws.com/KaaS-ITG/v2/servicepin/000a5jSkPzu1cLzgxtrLuXytYeDe/J7Z09A"  	[MsgId: MERR-26630]
ServicePin.c(9): Error -26547: Authentication required, please use "web_set_user", e.g. web_set_user("domain\\user", "password", "host:port");  	[MsgId: MERR-26547]
ServicePin.c(9): Error -26630: HTTP Status-Code=401 (Unauthorized) for "https://hx9ekpvvbi.execute-api.us-east-1.amazonaws.com/KaaS-ITG/v2/servicepin/000a5jSkPzu1cLzgxtrLuXytYeDe/CE996A"  	[MsgId: MERR-26630]
ServicePin.c(9): Error -26547: Authentication required, please use "web_set_user", e.g. web_set_user("domain\\user", "password", "host:port");  	[MsgId: MERR-26547]
ServicePin.c(9): Error -26630: HTTP Status-Code=401 (Unauthorized) for "https://hx9ekpvvbi.execute-api.us-east-1.amazonaws.com/KaaS-ITG/v2/servicepin/000a5jSkPzu1cLzgxtrLuXytYeDe/J8A10A"  	[MsgId: MERR-26630]
ServicePin.c(9): Error -26547: Authentication required, please use "web_set_user", e.g. web_set_user("domain\\user", "password", "host:port");  	[MsgId: MERR-26547]
ServicePin.c(9): Error -26630: HTTP Status-Code=401 (Unauthorized) for "https://hx9ekpvvbi.execute-api.us-east-1.amazonaws.com/KaaS-ITG/v2/servicepin/000a5jSkPzu1cLzgxtrLuXytYeDe/J7Z07A"  	[MsgId: MERR-26630]
ServicePin.c(9): Error -26547: Authentication required, please use "web_set_user", e.g. web_set_user("domain\\user", "password", "host:port");  	[MsgId: MERR-26547]
ServicePin.c(9): Error -26630: HTTP Status-Code=401 (Unauthorized) for "https://hx9ekpvvbi.execute-api.us-east-1.amazonaws.com/KaaS-ITG/v2/servicepin/000a5jSkPzu1cLzgxtrLuXytYeDe/J7Z09A"  	[MsgId: MERR-26630]
ServicePin.c(9): Error -26547: Authentication required, please use "web_set_user", e.g. web_set_user("domain\\user", "password", "host:port");  	[MsgId: MERR-26547]
ServicePin.c(9): Error -26630: HTTP Status-Code=401 (Unauthorized) for "https://hx9ekpvvbi.execute-api.us-east-1.amazonaws.com/KaaS-ITG/v2/servicepin/000a5jSkPzu1cLzgxtrLuXytYeDe/J7X28V"  	[MsgId: MERR-26630]
ServicePin.c(9): Error -26547: Authentication required, please use "web_set_user", e.g. web_set_user("domain\\user", "password", "host:port");  	[MsgId: MERR-26547]
ServicePin.c(9): Error -26630: HTTP Status-Code=401 (Unauthorized) for "https://hx9ekpvvbi.execute-api.us-east-1.amazonaws.com/KaaS-ITG/v2/servicepin/000a5jSkPzu1cLzgxtrLuXytYeDe/J7Z08A"  	[MsgId: MERR-26630]
ServicePin.c(9): Error -26547: Authentication required, please use "web_set_user", e.g. web_set_user("domain\\user", "password", "host:port");  	[MsgId: MERR-26547]
ServicePin.c(9): Error -26630: HTTP Status-Code=401 (Unauthorized) for "https://hx9ekpvvbi.execute-api.us-east-1.amazonaws.com/KaaS-ITG/v2/servicepin/000a5jSkPzu1cLzgxtrLuXytYeDe/3GX99A"  	[MsgId: MERR-26630]
ServicePin.c(9): Error -26547: Authentication required, please use "web_set_user", e.g. web_set_user("domain\\user", "password", "host:port");  	[MsgId: MERR-26547]
ServicePin.c(9): Error -26630: HTTP Status-Code=401 (Unauthorized) for "https://hx9ekpvvbi.execute-api.us-east-1.amazonaws.com/KaaS-ITG/v2/servicepin/000a5jSkPzu1cLzgxtrLuXytYeDe/L3U55A"  	[MsgId: MERR-26630]
ServicePin.c(9): Error -26547: Authentication required, please use "web_set_user", e.g. web_set_user("domain\\user", "password", "host:port");  	[MsgId: MERR-26547]
ServicePin.c(9): Error -26630: HTTP Status-Code=401 (Unauthorized) for "https://hx9ekpvvbi.execute-api.us-east-1.amazonaws.com/KaaS-ITG/v2/servicepin/000a5jSkPzu1cLzgxtrLuXytYeDe/J7Z12A"  	[MsgId: MERR-26630]
ServicePin.c(9): Error -26547: Authentication required, please use "web_set_user", e.g. web_set_user("domain\\user", "password", "host:port");  	[MsgId: MERR-26547]
ServicePin.c(9): Error -26630: HTTP Status-Code=401 (Unauthorized) for "https://hx9ekpvvbi.execute-api.us-east-1.amazonaws.com/KaaS-ITG/v2/servicepin/000a5jSkPzu1cLzgxtrLuXytYeDe/C2S11V"  	[MsgId: MERR-26630]
ServicePin.c(9): Error -26547: Authentication required, please use "web_set_user", e.g. web_set_user("domain\\user", "password", "host:port");  	[MsgId: MERR-26547]
ServicePin.c(9): Error -26630: HTTP Status-Code=401 (Unauthorized) for "https://hx9ekpvvbi.execute-api.us-east-1.amazonaws.com/KaaS-ITG/v2/servicepin/000a5jSkPzu1cLzgxtrLuXytYeDe/B3G85A"  	[MsgId: MERR-26630]
ServicePin.c(9): Error -26547: Authentication required, please use "web_set_user", e.g. web_set_user("domain\\user", "password", "host:port");  	[MsgId: MERR-26547]
ServicePin.c(9): Error -26630: HTTP Status-Code=401 (Unauthorized) for "https://hx9ekpvvbi.execute-api.us-east-1.amazonaws.com/KaaS-ITG/v2/servicepin/000a5jSkPzu1cLzgxtrLuXytYeDe/CE992A"  	[MsgId: MERR-26630]
ServicePin.c(9): Error -26547: Authentication required, please use "web_set_user", e.g. web_set_user("domain\\user", "password", "host:port");  	[MsgId: MERR-26547]
ServicePin.c(9): Error -26630: HTTP Status-Code=401 (Unauthorized) for "https://hx9ekpvvbi.execute-api.us-east-1.amazonaws.com/KaaS-ITG/v2/servicepin/000a5jSkPzu1cLzgxtrLuXytYeDe/J7Z03A"  	[MsgId: MERR-26630]
ServicePin.c(9): Error -26547: Authentication required, please use "web_set_user", e.g. web_set_user("domain\\user", "password", "host:port");  	[MsgId: MERR-26547]
ServicePin.c(9): Error -26630: HTTP Status-Code=401 (Unauthorized) for "https://hx9ekpvvbi.execute-api.us-east-1.amazonaws.com/KaaS-ITG/v2/servicepin/000a5jSkPzu1cLzgxtrLuXytYeDe/J8J63A"  	[MsgId: MERR-26630]
ServicePin.c(9): Error -26547: Authentication required, please use "web_set_user", e.g. web_set_user("domain\\user", "password", "host:port");  	[MsgId: MERR-26547]
ServicePin.c(9): Error -26630: HTTP Status-Code=401 (Unauthorized) for "https://hx9ekpvvbi.execute-api.us-east-1.amazonaws.com/KaaS-ITG/v2/servicepin/000a5jSkPzu1cLzgxtrLuXytYeDe/CE992A"  	[MsgId: MERR-26630]
ServicePin.c(9): Error -26547: Authentication required, please use "web_set_user", e.g. web_set_user("domain\\user", "password", "host:port");  	[MsgId: MERR-26547]
ServicePin.c(9): Error -26630: HTTP Status-Code=401 (Unauthorized) for "https://hx9ekpvvbi.execute-api.us-east-1.amazonaws.com/KaaS-ITG/v2/servicepin/000a5jSkPzu1cLzgxtrLuXytYeDe/J7Z09A"  	[MsgId: MERR-26630]
ServicePin.c(9): Error -26547: Authentication required, please use "web_set_user", e.g. web_set_user("domain\\user", "password", "host:port");  	[MsgId: MERR-26547]
ServicePin.c(9): Error -26630: HTTP Status-Code=401 (Unauthorized) for "https://hx9ekpvvbi.execute-api.us-east-1.amazonaws.com/KaaS-ITG/v2/servicepin/000a5jSkPzu1cLzgxtrLuXytYeDe/1PV66A"  	[MsgId: MERR-26630]
ServicePin.c(9): Error -26547: Authentication required, please use "web_set_user", e.g. web_set_user("domain\\user", "password", "host:port");  	[MsgId: MERR-26547]
ServicePin.c(9): Error -26630: HTTP Status-Code=401 (Unauthorized) for "https://hx9ekpvvbi.execute-api.us-east-1.amazonaws.com/KaaS-ITG/v2/servicepin/000a5jSkPzu1cLzgxtrLuXytYeDe/J7Z08A"  	[MsgId: MERR-26630]
ServicePin.c(9): Error -26547: Authentication required, please use "web_set_user", e.g. web_set_user("domain\\user", "password", "host:port");  	[MsgId: MERR-26547]
ServicePin.c(9): Error -26630: HTTP Status-Code=401 (Unauthorized) for "https://hx9ekpvvbi.execute-api.us-east-1.amazonaws.com/KaaS-ITG/v2/servicepin/000a5jSkPzu1cLzgxtrLuXytYeDe/CE996A"  	[MsgId: MERR-26630]
ServicePin.c(9): Error -26547: Authentication required, please use "web_set_user", e.g. web_set_user("domain\\user", "password", "host:port");  	[MsgId: MERR-26547]
ServicePin.c(9): Error -26630: HTTP Status-Code=401 (Unauthorized) for "https://hx9ekpvvbi.execute-api.us-east-1.amazonaws.com/KaaS-ITG/v2/servicepin/000a5jSkPzu1cLzgxtrLuXytYeDe/CD646V"  	[MsgId: MERR-26630]
ServicePin.c(9): Error -26547: Authentication required, please use "web_set_user", e.g. web_set_user("domain\\user", "password", "host:port");  	[MsgId: MERR-26547]
ServicePin.c(9): Error -26630: HTTP Status-Code=401 (Unauthorized) for "https://hx9ekpvvbi.execute-api.us-east-1.amazonaws.com/KaaS-ITG/v2/servicepin/000a5jSkPzu1cLzgxtrLuXytYeDe/B3G86V"  	[MsgId: MERR-26630]
ServicePin.c(9): Error -26547: Authentication required, please use "web_set_user", e.g. web_set_user("domain\\user", "password", "host:port");  	[MsgId: MERR-26547]
ServicePin.c(9): Error -26630: HTTP Status-Code=401 (Unauthorized) for "https://hx9ekpvvbi.execute-api.us-east-1.amazonaws.com/KaaS-ITG/v2/servicepin/000a5jSkPzu1cLzgxtrLuXytYeDe/C2S11V"  	[MsgId: MERR-26630]
ServicePin.c(9): Error -26547: Authentication required, please use "web_set_user", e.g. web_set_user("domain\\user", "password", "host:port");  	[MsgId: MERR-26547]
ServicePin.c(9): Error -26630: HTTP Status-Code=401 (Unauthorized) for "https://hx9ekpvvbi.execute-api.us-east-1.amazonaws.com/KaaS-ITG/v2/servicepin/000a5jSkPzu1cLzgxtrLuXytYeDe/G1W47V"  	[MsgId: MERR-26630]
ServicePin.c(9): Error -26547: Authentication required, please use "web_set_user", e.g. web_set_user("domain\\user", "password", "host:port");  	[MsgId: MERR-26547]
ServicePin.c(9): Error -26630: HTTP Status-Code=401 (Unauthorized) for "https://hx9ekpvvbi.execute-api.us-east-1.amazonaws.com/KaaS-ITG/v2/servicepin/000a5jSkPzu1cLzgxtrLuXytYeDe/CD646V"  	[MsgId: MERR-26630]
ServicePin.c(9): Error -26547: Authentication required, please use "web_set_user", e.g. web_set_user("domain\\user", "password", "host:port");  	[MsgId: MERR-26547]
ServicePin.c(9): Error -26630: HTTP Status-Code=401 (Unauthorized) for "https://hx9ekpvvbi.execute-api.us-east-1.amazonaws.com/KaaS-ITG/v2/servicepin/000a5jSkPzu1cLzgxtrLuXytYeDe/F2A81A"  	[MsgId: MERR-26630]
ServicePin.c(9): Error -26547: Authentication required, please use "web_set_user", e.g. web_set_user("domain\\user", "password", "host:port");  	[MsgId: MERR-26547]
ServicePin.c(9): Error -26630: HTTP Status-Code=401 (Unauthorized) for "https://hx9ekpvvbi.execute-api.us-east-1.amazonaws.com/KaaS-ITG/v2/servicepin/000a5jSkPzu1cLzgxtrLuXytYeDe/B5L48V"  	[MsgId: MERR-26630]
ServicePin.c(9): Error -26547: Authentication required, please use "web_set_user", e.g. web_set_user("domain\\user", "password", "host:port");  	[MsgId: MERR-26547]
ServicePin.c(9): Error -26630: HTTP Status-Code=401 (Unauthorized) for "https://hx9ekpvvbi.execute-api.us-east-1.amazonaws.com/KaaS-ITG/v2/servicepin/000a5jSkPzu1cLzgxtrLuXytYeDe/J7Z03A"  	[MsgId: MERR-26630]
ServicePin.c(9): Error -26547: Authentication required, please use "web_set_user", e.g. web_set_user("domain\\user", "password", "host:port");  	[MsgId: MERR-26547]
ServicePin.c(9): Error -26630: HTTP Status-Code=401 (Unauthorized) for "https://hx9ekpvvbi.execute-api.us-east-1.amazonaws.com/KaaS-ITG/v2/servicepin/000a5jSkPzu1cLzgxtrLuXytYeDe/1PU52A"  	[MsgId: MERR-26630]
ServicePin.c(9): Error -26547: Authentication required, please use "web_set_user", e.g. web_set_user("domain\\user", "password", "host:port");  	[MsgId: MERR-26547]
ServicePin.c(9): Error -26630: HTTP Status-Code=401 (Unauthorized) for "https://hx9ekpvvbi.execute-api.us-east-1.amazonaws.com/KaaS-ITG/v2/servicepin/000a5jSkPzu1cLzgxtrLuXytYeDe/1PV66A"  	[MsgId: MERR-26630]
ServicePin.c(9): Error -26547: Authentication required, please use "web_set_user", e.g. web_set_user("domain\\user", "password", "host:port");  	[MsgId: MERR-26547]
ServicePin.c(9): Error -26630: HTTP Status-Code=401 (Unauthorized) for "https://hx9ekpvvbi.execute-api.us-east-1.amazonaws.com/KaaS-ITG/v2/servicepin/000a5jSkPzu1cLzgxtrLuXytYeDe/C2S11V"  	[MsgId: MERR-26630]
ServicePin.c(9): Error -26547: Authentication required, please use "web_set_user", e.g. web_set_user("domain\\user", "password", "host:port");  	[MsgId: MERR-26547]
ServicePin.c(9): Error -26630: HTTP Status-Code=401 (Unauthorized) for "https://hx9ekpvvbi.execute-api.us-east-1.amazonaws.com/KaaS-ITG/v2/servicepin/000a5jSkPzu1cLzgxtrLuXytYeDe/J8A10A"  	[MsgId: MERR-26630]
ServicePin.c(9): Error -26547: Authentication required, please use "web_set_user", e.g. web_set_user("domain\\user", "password", "host:port");  	[MsgId: MERR-26547]
ServicePin.c(9): Error -26630: HTTP Status-Code=401 (Unauthorized) for "https://hx9ekpvvbi.execute-api.us-east-1.amazonaws.com/KaaS-ITG/v2/servicepin/000a5jSkPzu1cLzgxtrLuXytYeDe/B5L26V"  	[MsgId: MERR-26630]
ServicePin.c(9): Error -26547: Authentication required, please use "web_set_user", e.g. web_set_user("domain\\user", "password", "host:port");  	[MsgId: MERR-26547]
ServicePin.c(9): Error -26630: HTTP Status-Code=401 (Unauthorized) for "https://hx9ekpvvbi.execute-api.us-east-1.amazonaws.com/KaaS-ITG/v2/servicepin/000a5jSkPzu1cLzgxtrLuXytYeDe/J7Z08A"  	[MsgId: MERR-26630]
ServicePin.c(9): Error -26547: Authentication required, please use "web_set_user", e.g. web_set_user("domain\\user", "password", "host:port");  	[MsgId: MERR-26547]
ServicePin.c(9): Error -26630: HTTP Status-Code=401 (Unauthorized) for "https://hx9ekpvvbi.execute-api.us-east-1.amazonaws.com/KaaS-ITG/v2/servicepin/000a5jSkPzu1cLzgxtrLuXytYeDe/CE992A"  	[MsgId: MERR-26630]
ServicePin.c(9): Error -26547: Authentication required, please use "web_set_user", e.g. web_set_user("domain\\user", "password", "host:port");  	[MsgId: MERR-26547]
ServicePin.c(9): Error -26630: HTTP Status-Code=401 (Unauthorized) for "https://hx9ekpvvbi.execute-api.us-east-1.amazonaws.com/KaaS-ITG/v2/servicepin/000a5jSkPzu1cLzgxtrLuXytYeDe/J7X28V"  	[MsgId: MERR-26630]
ServicePin.c(9): Error -26547: Authentication required, please use "web_set_user", e.g. web_set_user("domain\\user", "password", "host:port");  	[MsgId: MERR-26547]
ServicePin.c(9): Error -26630: HTTP Status-Code=401 (Unauthorized) for "https://hx9ekpvvbi.execute-api.us-east-1.amazonaws.com/KaaS-ITG/v2/servicepin/000a5jSkPzu1cLzgxtrLuXytYeDe/1PV66A"  	[MsgId: MERR-26630]
ServicePin.c(9): Error -26547: Authentication required, please use "web_set_user", e.g. web_set_user("domain\\user", "password", "host:port");  	[MsgId: MERR-26547]
ServicePin.c(9): Error -26630: HTTP Status-Code=401 (Unauthorized) for "https://hx9ekpvvbi.execute-api.us-east-1.amazonaws.com/KaaS-ITG/v2/servicepin/000a5jSkPzu1cLzgxtrLuXytYeDe/B5L26V"  	[MsgId: MERR-26630]
ServicePin.c(9): Error -26547: Authentication required, please use "web_set_user", e.g. web_set_user("domain\\user", "password", "host:port");  	[MsgId: MERR-26547]
ServicePin.c(9): Error -26630: HTTP Status-Code=401 (Unauthorized) for "https://hx9ekpvvbi.execute-api.us-east-1.amazonaws.com/KaaS-ITG/v2/servicepin/000a5jSkPzu1cLzgxtrLuXytYeDe/J7Z08A"  	[MsgId: MERR-26630]
ServicePin.c(9): Error -26547: Authentication required, please use "web_set_user", e.g. web_set_user("domain\\user", "password", "host:port");  	[MsgId: MERR-26547]
ServicePin.c(9): Error -26630: HTTP Status-Code=401 (Unauthorized) for "https://hx9ekpvvbi.execute-api.us-east-1.amazonaws.com/KaaS-ITG/v2/servicepin/000a5jSkPzu1cLzgxtrLuXytYeDe/J7X28V"  	[MsgId: MERR-26630]
ServicePin.c(9): Error -26547: Authentication required, please use "web_set_user", e.g. web_set_user("domain\\user", "password", "host:port");  	[MsgId: MERR-26547]
ServicePin.c(9): Error -26630: HTTP Status-Code=401 (Unauthorized) for "https://hx9ekpvvbi.execute-api.us-east-1.amazonaws.com/KaaS-ITG/v2/servicepin/000a5jSkPzu1cLzgxtrLuXytYeDe/B3G86V"  	[MsgId: MERR-26630]
ServicePin.c(9): Error -26547: Authentication required, please use "web_set_user", e.g. web_set_user("domain\\user", "password", "host:port");  	[MsgId: MERR-26547]
ServicePin.c(9): Error -26630: HTTP Status-Code=401 (Unauthorized) for "https://hx9ekpvvbi.execute-api.us-east-1.amazonaws.com/KaaS-ITG/v2/servicepin/000a5jSkPzu1cLzgxtrLuXytYeDe/Z5G79A"  	[MsgId: MERR-26630]
ServicePin.c(9): Error -26547: Authentication required, please use "web_set_user", e.g. web_set_user("domain\\user", "password", "host:port");  	[MsgId: MERR-26547]
ServicePin.c(9): Error -26630: HTTP Status-Code=401 (Unauthorized) for "https://hx9ekpvvbi.execute-api.us-east-1.amazonaws.com/KaaS-ITG/v2/servicepin/000a5jSkPzu1cLzgxtrLuXytYeDe/J7Z11A"  	[MsgId: MERR-26630]
ServicePin.c(9): Error -26547: Authentication required, please use "web_set_user", e.g. web_set_user("domain\\user", "password", "host:port");  	[MsgId: MERR-26547]
ServicePin.c(9): Error -26630: HTTP Status-Code=401 (Unauthorized) for "https://hx9ekpvvbi.execute-api.us-east-1.amazonaws.com/KaaS-ITG/v2/servicepin/000a5jSkPzu1cLzgxtrLuXytYeDe/J8J63A"  	[MsgId: MERR-26630]
ServicePin.c(9): Error -26547: Authentication required, please use "web_set_user", e.g. web_set_user("domain\\user", "password", "host:port");  	[MsgId: MERR-26547]
ServicePin.c(9): Error -26630: HTTP Status-Code=401 (Unauthorized) for "https://hx9ekpvvbi.execute-api.us-east-1.amazonaws.com/KaaS-ITG/v2/servicepin/000a5jSkPzu1cLzgxtrLuXytYeDe/3GX99A"  	[MsgId: MERR-26630]
ServicePin.c(9): Error -26547: Authentication required, please use "web_set_user", e.g. web_set_user("domain\\user", "password", "host:port");  	[MsgId: MERR-26547]
ServicePin.c(9): Error -26630: HTTP Status-Code=401 (Unauthorized) for "https://hx9ekpvvbi.execute-api.us-east-1.amazonaws.com/KaaS-ITG/v2/servicepin/000a5jSkPzu1cLzgxtrLuXytYeDe/J7Z09A"  	[MsgId: MERR-26630]
ServicePin.c(9): Error -26547: Authentication required, please use "web_set_user", e.g. web_set_user("domain\\user", "password", "host:port");  	[MsgId: MERR-26547]
ServicePin.c(9): Error -26630: HTTP Status-Code=401 (Unauthorized) for "https://hx9ekpvvbi.execute-api.us-east-1.amazonaws.com/KaaS-ITG/v2/servicepin/000a5jSkPzu1cLzgxtrLuXytYeDe/J7Z08A"  	[MsgId: MERR-26630]
ServicePin.c(9): Error -26547: Authentication required, please use "web_set_user", e.g. web_set_user("domain\\user", "password", "host:port");  	[MsgId: MERR-26547]
ServicePin.c(9): Error -26630: HTTP Status-Code=401 (Unauthorized) for "https://hx9ekpvvbi.execute-api.us-east-1.amazonaws.com/KaaS-ITG/v2/servicepin/000a5jSkPzu1cLzgxtrLuXytYeDe/1PU52A"  	[MsgId: MERR-26630]
ServicePin.c(9): Error -26547: Authentication required, please use "web_set_user", e.g. web_set_user("domain\\user", "password", "host:port");  	[MsgId: MERR-26547]
ServicePin.c(9): Error -26630: HTTP Status-Code=401 (Unauthorized) for "https://hx9ekpvvbi.execute-api.us-east-1.amazonaws.com/KaaS-ITG/v2/servicepin/000a5jSkPzu1cLzgxtrLuXytYeDe/G1W47V"  	[MsgId: MERR-26630]
ServicePin.c(9): Error -26547: Authentication required, please use "web_set_user", e.g. web_set_user("domain\\user", "password", "host:port");  	[MsgId: MERR-26547]
ServicePin.c(9): Error -26630: HTTP Status-Code=401 (Unauthorized) for "https://hx9ekpvvbi.execute-api.us-east-1.amazonaws.com/KaaS-ITG/v2/servicepin/000a5jSkPzu1cLzgxtrLuXytYeDe/CE996A"  	[MsgId: MERR-26630]
ServicePin.c(9): Error -26547: Authentication required, please use "web_set_user", e.g. web_set_user("domain\\user", "password", "host:port");  	[MsgId: MERR-26547]
ServicePin.c(9): Error -26630: HTTP Status-Code=401 (Unauthorized) for "https://hx9ekpvvbi.execute-api.us-east-1.amazonaws.com/KaaS-ITG/v2/servicepin/000a5jSkPzu1cLzgxtrLuXytYeDe/J7Z07A"  	[MsgId: MERR-26630]
ServicePin.c(9): Error -26547: Authentication required, please use "web_set_user", e.g. web_set_user("domain\\user", "password", "host:port");  	[MsgId: MERR-26547]
ServicePin.c(9): Error -26630: HTTP Status-Code=401 (Unauthorized) for "https://hx9ekpvvbi.execute-api.us-east-1.amazonaws.com/KaaS-ITG/v2/servicepin/000a5jSkPzu1cLzgxtrLuXytYeDe/1PV66A"  	[MsgId: MERR-26630]
ServicePin.c(9): Error -26547: Authentication required, please use "web_set_user", e.g. web_set_user("domain\\user", "password", "host:port");  	[MsgId: MERR-26547]
ServicePin.c(9): Error -26630: HTTP Status-Code=401 (Unauthorized) for "https://hx9ekpvvbi.execute-api.us-east-1.amazonaws.com/KaaS-ITG/v2/servicepin/000a5jSkPzu1cLzgxtrLuXytYeDe/F2A69V"  	[MsgId: MERR-26630]
ServicePin.c(9): Error -26547: Authentication required, please use "web_set_user", e.g. web_set_user("domain\\user", "password", "host:port");  	[MsgId: MERR-26547]
ServicePin.c(9): Error -26630: HTTP Status-Code=401 (Unauthorized) for "https://hx9ekpvvbi.execute-api.us-east-1.amazonaws.com/KaaS-ITG/v2/servicepin/000a5jSkPzu1cLzgxtrLuXytYeDe/B5L48V"  	[MsgId: MERR-26630]
ServicePin.c(9): Error -26547: Authentication required, please use "web_set_user", e.g. web_set_user("domain\\user", "password", "host:port");  	[MsgId: MERR-26547]
ServicePin.c(9): Error -26630: HTTP Status-Code=401 (Unauthorized) for "https://hx9ekpvvbi.execute-api.us-east-1.amazonaws.com/KaaS-ITG/v2/servicepin/000a5jSkPzu1cLzgxtrLuXytYeDe/J7X28V"  	[MsgId: MERR-26630]
ServicePin.c(9): Error -26547: Authentication required, please use "web_set_user", e.g. web_set_user("domain\\user", "password", "host:port");  	[MsgId: MERR-26547]
ServicePin.c(9): Error -26630: HTTP Status-Code=401 (Unauthorized) for "https://hx9ekpvvbi.execute-api.us-east-1.amazonaws.com/KaaS-ITG/v2/servicepin/000a5jSkPzu1cLzgxtrLuXytYeDe/1PU52A"  	[MsgId: MERR-26630]
ServicePin.c(9): Error -26547: Authentication required, please use "web_set_user", e.g. web_set_user("domain\\user", "password", "host:port");  	[MsgId: MERR-26547]
ServicePin.c(9): Error -26630: HTTP Status-Code=401 (Unauthorized) for "https://hx9ekpvvbi.execute-api.us-east-1.amazonaws.com/KaaS-ITG/v2/servicepin/000a5jSkPzu1cLzgxtrLuXytYeDe/Z5G79A"  	[MsgId: MERR-26630]
ServicePin.c(9): Error -26547: Authentication required, please use "web_set_user", e.g. web_set_user("domain\\user", "password", "host:port");  	[MsgId: MERR-26547]
ServicePin.c(9): Error -26630: HTTP Status-Code=401 (Unauthorized) for "https://hx9ekpvvbi.execute-api.us-east-1.amazonaws.com/KaaS-ITG/v2/servicepin/000a5jSkPzu1cLzgxtrLuXytYeDe/CE991V"  	[MsgId: MERR-26630]
ServicePin.c(9): Error -26547: Authentication required, please use "web_set_user", e.g. web_set_user("domain\\user", "password", "host:port");  	[MsgId: MERR-26547]
ServicePin.c(9): Error -26630: HTTP Status-Code=401 (Unauthorized) for "https://hx9ekpvvbi.execute-api.us-east-1.amazonaws.com/KaaS-ITG/v2/servicepin/000a5jSkPzu1cLzgxtrLuXytYeDe/F2A81A"  	[MsgId: MERR-26630]
ServicePin.c(9): Error -26547: Authentication required, please use "web_set_user", e.g. web_set_user("domain\\user", "password", "host:port");  	[MsgId: MERR-26547]
ServicePin.c(9): Error -26630: HTTP Status-Code=401 (Unauthorized) for "https://hx9ekpvvbi.execute-api.us-east-1.amazonaws.com/KaaS-ITG/v2/servicepin/000a5jSkPzu1cLzgxtrLuXytYeDe/B3G85A"  	[MsgId: MERR-26630]
ServicePin.c(9): Error -26547: Authentication required, please use "web_set_user", e.g. web_set_user("domain\\user", "password", "host:port");  	[MsgId: MERR-26547]
ServicePin.c(9): Error -26630: HTTP Status-Code=401 (Unauthorized) for "https://hx9ekpvvbi.execute-api.us-east-1.amazonaws.com/KaaS-ITG/v2/servicepin/000a5jSkPzu1cLzgxtrLuXytYeDe/CE993A"  	[MsgId: MERR-26630]
ServicePin.c(9): Error -26547: Authentication required, please use "web_set_user", e.g. web_set_user("domain\\user", "password", "host:port");  	[MsgId: MERR-26547]
ServicePin.c(9): Error -26630: HTTP Status-Code=401 (Unauthorized) for "https://hx9ekpvvbi.execute-api.us-east-1.amazonaws.com/KaaS-ITG/v2/servicepin/000a5jSkPzu1cLzgxtrLuXytYeDe/B5L46V"  	[MsgId: MERR-26630]
ServicePin.c(9): Error -26547: Authentication required, please use "web_set_user", e.g. web_set_user("domain\\user", "password", "host:port");  	[MsgId: MERR-26547]
ServicePin.c(9): Error -26630: HTTP Status-Code=401 (Unauthorized) for "https://hx9ekpvvbi.execute-api.us-east-1.amazonaws.com/KaaS-ITG/v2/servicepin/000a5jSkPzu1cLzgxtrLuXytYeDe/B5L48V"  	[MsgId: MERR-26630]
ServicePin.c(9): Error -26547: Authentication required, please use "web_set_user", e.g. web_set_user("domain\\user", "password", "host:port");  	[MsgId: MERR-26547]
ServicePin.c(9): Error -26630: HTTP Status-Code=401 (Unauthorized) for "https://hx9ekpvvbi.execute-api.us-east-1.amazonaws.com/KaaS-ITG/v2/servicepin/000a5jSkPzu1cLzgxtrLuXytYeDe/CE996A"  	[MsgId: MERR-26630]
