Warning: Iteration pacing cannot be reached (pace time = 3.32, actual time = 12.57).	[MsgId: MWAR-15995]
Warning: Iteration pacing cannot be reached (pace time = 3.08, actual time = 3.10).	[MsgId: MWAR-15995]
Warning: Iteration pacing cannot be reached (pace time = 3.37, actual time = 8.45).	[MsgId: MWAR-15995]
Warning: Iteration pacing cannot be reached (pace time = 3.57, actual time = 23.83).	[MsgId: MWAR-15995]
Warning: Iteration pacing cannot be reached (pace time = 3.69, actual time = 3.75).	[MsgId: MWAR-15995]
Warning: Iteration pacing cannot be reached (pace time = 3.15, actual time = 15.97).	[MsgId: MWAR-15995]
Warning: Iteration pacing cannot be reached (pace time = 3.81, actual time = 4.62).	[MsgId: MWAR-15995]
Warning: Iteration pacing cannot be reached (pace time = 3.94, actual time = 4.40).	[MsgId: MWAR-15995]
Warning: Iteration pacing cannot be reached (pace time = 3.28, actual time = 20.69).	[MsgId: MWAR-15995]
Warning: Iteration pacing cannot be reached (pace time = 3.32, actual time = 3.54).	[MsgId: MWAR-15995]
Warning: Iteration pacing cannot be reached (pace time = 3.84, actual time = 16.17).	[MsgId: MWAR-15995]
Warning: Iteration pacing cannot be reached (pace time = 3.20, actual time = 5.29).	[MsgId: MWAR-15995]
Warning: Iteration pacing cannot be reached (pace time = 3.80, actual time = 8.72).	[MsgId: MWAR-15995]
Warning: Iteration pacing cannot be reached (pace time = 3.32, actual time = 3.68).	[MsgId: MWAR-15995]
Warning: Iteration pacing cannot be reached (pace time = 3.26, actual time = 5.60).	[MsgId: MWAR-15995]
Warning: Iteration pacing cannot be reached (pace time = 3.35, actual time = 10.24).	[MsgId: MWAR-15995]
Warning: Iteration pacing cannot be reached (pace time = 3.86, actual time = 21.57).	[MsgId: MWAR-15995]
Warning: Iteration pacing cannot be reached (pace time = 3.35, actual time = 6.17).	[MsgId: MWAR-15995]
Warning: Iteration pacing cannot be reached (pace time = 3.03, actual time = 4.11).	[MsgId: MWAR-15995]
Warning: Iteration pacing cannot be reached (pace time = 3.13, actual time = 4.40).	[MsgId: MWAR-15995]
Warning: Iteration pacing cannot be reached (pace time = 3.15, actual time = 25.14).	[MsgId: MWAR-15995]
Warning: Iteration pacing cannot be reached (pace time = 3.76, actual time = 14.47).	[MsgId: MWAR-15995]
Warning: Iteration pacing cannot be reached (pace time = 3.95, actual time = 8.31).	[MsgId: MWAR-15995]
Warning: Iteration pacing cannot be reached (pace time = 3.39, actual time = 5.00).	[MsgId: MWAR-15995]
Warning: Iteration pacing cannot be reached (pace time = 3.21, actual time = 3.23).	[MsgId: MWAR-15995]
ServicePin.c(8): Error -26608: HTTP Status-Code=504 (Gateway Timeout) for "https://hx9ekpvvbi.execute-api.us-east-1.amazonaws.com/KaaS-ITG/v2/servicepin/000aFrBy2tViiydlJ6Q3fIOIG92X/3GX99A"  	[MsgId: MERR-26608]
Warning: Iteration pacing cannot be reached (pace time = 3.92, actual time = 29.04).	[MsgId: MWAR-15995]
Warning: Iteration pacing cannot be reached (pace time = 3.94, actual time = 11.93).	[MsgId: MWAR-15995]
Warning: Iteration pacing cannot be reached (pace time = 3.89, actual time = 18.23).	[MsgId: MWAR-15995]
Warning: Iteration pacing cannot be reached (pace time = 3.66, actual time = 6.75).	[MsgId: MWAR-15995]
Warning: Iteration pacing cannot be reached (pace time = 3.15, actual time = 19.82).	[MsgId: MWAR-15995]
Warning: Iteration pacing cannot be reached (pace time = 3.27, actual time = 21.78).	[MsgId: MWAR-15995]
Warning: Iteration pacing cannot be reached (pace time = 3.74, actual time = 14.67).	[MsgId: MWAR-15995]
Warning: Iteration pacing cannot be reached (pace time = 3.20, actual time = 4.81).	[MsgId: MWAR-15995]
Warning: Iteration pacing cannot be reached (pace time = 3.36, actual time = 12.89).	[MsgId: MWAR-15995]
Warning: Iteration pacing cannot be reached (pace time = 3.09, actual time = 3.92).	[MsgId: MWAR-15995]
Warning: Iteration pacing cannot be reached (pace time = 3.45, actual time = 11.30).	[MsgId: MWAR-15995]
Warning: Iteration pacing cannot be reached (pace time = 3.36, actual time = 3.76).	[MsgId: MWAR-15995]
Warning: Iteration pacing cannot be reached (pace time = 3.50, actual time = 4.55).	[MsgId: MWAR-15995]
ServicePin.c(8): Error -26608: HTTP Status-Code=504 (Gateway Timeout) for "https://hx9ekpvvbi.execute-api.us-east-1.amazonaws.com/KaaS-ITG/v2/servicepin/000aFrBy2tViiydlJ6Q3fIOIG92X/J7Z06A"  	[MsgId: MERR-26608]
Warning: Iteration pacing cannot be reached (pace time = 3.55, actual time = 29.04).	[MsgId: MWAR-15995]
ServicePin.c(8): Error -26608: HTTP Status-Code=504 (Gateway Timeout) for "https://hx9ekpvvbi.execute-api.us-east-1.amazonaws.com/KaaS-ITG/v2/servicepin/000aFrBy2tViiydlJ6Q3fIOIG92X/CZ249A"  	[MsgId: MERR-26608]
Warning: Iteration pacing cannot be reached (pace time = 3.08, actual time = 29.24).	[MsgId: MWAR-15995]
Warning: Iteration pacing cannot be reached (pace time = 3.37, actual time = 18.45).	[MsgId: MWAR-15995]
Warning: Iteration pacing cannot be reached (pace time = 3.95, actual time = 7.23).	[MsgId: MWAR-15995]
ServicePin.c(8): Error -26608: HTTP Status-Code=504 (Gateway Timeout) for "https://hx9ekpvvbi.execute-api.us-east-1.amazonaws.com/KaaS-ITG/v2/servicepin/000aFrBy2tViiydlJ6Q3fIOIG92X/CE991A"  	[MsgId: MERR-26608]
Warning: Iteration pacing cannot be reached (pace time = 3.13, actual time = 29.04).	[MsgId: MWAR-15995]
ServicePin.c(8): Error -26608: HTTP Status-Code=504 (Gateway Timeout) for "https://hx9ekpvvbi.execute-api.us-east-1.amazonaws.com/KaaS-ITG/v2/servicepin/000aFrBy2tViiydlJ6Q3fIOIG92X/J7Z13A"  	[MsgId: MERR-26608]
Warning: Iteration pacing cannot be reached (pace time = 3.72, actual time = 29.24).	[MsgId: MWAR-15995]
Warning: Iteration pacing cannot be reached (pace time = 3.21, actual time = 3.68).	[MsgId: MWAR-15995]
Warning: Iteration pacing cannot be reached (pace time = 3.00, actual time = 5.10).	[MsgId: MWAR-15995]
Warning: Iteration pacing cannot be reached (pace time = 3.87, actual time = 4.79).	[MsgId: MWAR-15995]
ServicePin.c(8): Error -26608: HTTP Status-Code=504 (Gateway Timeout) for "https://hx9ekpvvbi.execute-api.us-east-1.amazonaws.com/KaaS-ITG/v2/servicepin/000aFrBy2tViiydlJ6Q3fIOIG92X/1PV86A"  	[MsgId: MERR-26608]
Warning: Iteration pacing cannot be reached (pace time = 3.10, actual time = 29.04).	[MsgId: MWAR-15995]
Warning: Iteration pacing cannot be reached (pace time = 3.61, actual time = 12.56).	[MsgId: MWAR-15995]
Warning: Iteration pacing cannot be reached (pace time = 3.14, actual time = 5.75).	[MsgId: MWAR-15995]
Warning: Iteration pacing cannot be reached (pace time = 3.66, actual time = 4.32).	[MsgId: MWAR-15995]
ServicePin.c(8): Error -26608: HTTP Status-Code=504 (Gateway Timeout) for "https://hx9ekpvvbi.execute-api.us-east-1.amazonaws.com/KaaS-ITG/v2/servicepin/000aFrBy2tViiydlJ6Q3fIOIG92X/CE994V"  	[MsgId: MERR-26608]
Warning: Iteration pacing cannot be reached (pace time = 3.03, actual time = 29.04).	[MsgId: MWAR-15995]
Warning: Iteration pacing cannot be reached (pace time = 3.44, actual time = 4.43).	[MsgId: MWAR-15995]
Warning: Iteration pacing cannot be reached (pace time = 3.02, actual time = 3.32).	[MsgId: MWAR-15995]
Warning: Iteration pacing cannot be reached (pace time = 3.24, actual time = 22.90).	[MsgId: MWAR-15995]
