Warning: Iteration pacing cannot be reached (pace time = 8.00, actual time = 11.71).	[MsgId: MWAR-15995]
Warning: Iteration pacing cannot be reached (pace time = 8.00, actual time = 12.62).	[MsgId: MWAR-15995]
Warning: Iteration pacing cannot be reached (pace time = 8.00, actual time = 15.96).	[MsgId: MWAR-15995]
Warning: Iteration pacing cannot be reached (pace time = 8.00, actual time = 17.54).	[MsgId: MWAR-15995]
ServicePin.c(9): Error -26627: HTTP Status-Code=404 (Not Found) for "https://hx9ekpvvbi.execute-api.us-east-1.amazonaws.com/KaaS-ITG/v2/servicepin/000ahRBlZbeJqwlCIYozCsZnRfKd/CZ256A"  	[MsgId: MERR-26627]
Warning: Iteration pacing cannot be reached (pace time = 8.00, actual time = 13.04).	[MsgId: MWAR-15995]
Warning: Iteration pacing cannot be reached (pace time = 8.00, actual time = 10.81).	[MsgId: MWAR-15995]
Warning: Iteration pacing cannot be reached (pace time = 8.00, actual time = 14.70).	[MsgId: MWAR-15995]
Warning: Iteration pacing cannot be reached (pace time = 8.00, actual time = 17.43).	[MsgId: MWAR-15995]
Warning: Iteration pacing cannot be reached (pace time = 8.00, actual time = 14.23).	[MsgId: MWAR-15995]
Warning: Iteration pacing cannot be reached (pace time = 8.00, actual time = 13.12).	[MsgId: MWAR-15995]
Warning: Iteration pacing cannot be reached (pace time = 8.00, actual time = 15.10).	[MsgId: MWAR-15995]
Warning: Iteration pacing cannot be reached (pace time = 8.00, actual time = 17.91).	[MsgId: MWAR-15995]
Warning: Iteration pacing cannot be reached (pace time = 8.00, actual time = 15.51).	[MsgId: MWAR-15995]
Warning: Iteration pacing cannot be reached (pace time = 8.00, actual time = 15.20).	[MsgId: MWAR-15995]
ServicePin.c(9): Error -26627: HTTP Status-Code=404 (Not Found) for "https://hx9ekpvvbi.execute-api.us-east-1.amazonaws.com/KaaS-ITG/v2/servicepin/000ahRBlZbeJqwlCIYozCsZnRfKd/J7Z12A"  	[MsgId: MERR-26627]
Warning: Iteration pacing cannot be reached (pace time = 8.00, actual time = 10.07).	[MsgId: MWAR-15995]
Warning: Iteration pacing cannot be reached (pace time = 8.00, actual time = 18.70).	[MsgId: MWAR-15995]
Warning: Iteration pacing cannot be reached (pace time = 8.00, actual time = 16.17).	[MsgId: MWAR-15995]
Warning: Iteration pacing cannot be reached (pace time = 8.00, actual time = 13.24).	[MsgId: MWAR-15995]
Warning: Iteration pacing cannot be reached (pace time = 8.00, actual time = 18.35).	[MsgId: MWAR-15995]
Warning: Iteration pacing cannot be reached (pace time = 8.00, actual time = 16.66).	[MsgId: MWAR-15995]
Warning: Iteration pacing cannot be reached (pace time = 8.00, actual time = 16.75).	[MsgId: MWAR-15995]
Warning: Iteration pacing cannot be reached (pace time = 8.00, actual time = 15.29).	[MsgId: MWAR-15995]
Warning: Iteration pacing cannot be reached (pace time = 8.00, actual time = 17.02).	[MsgId: MWAR-15995]
Warning: Iteration pacing cannot be reached (pace time = 8.00, actual time = 15.67).	[MsgId: MWAR-15995]
ServicePin.c(9): Error -26627: HTTP Status-Code=404 (Not Found) for "https://hx9ekpvvbi.execute-api.us-east-1.amazonaws.com/KaaS-ITG/v2/servicepin/000ahRBlZbeJqwlCIYozCsZnRfKd/CZ255V"  	[MsgId: MERR-26627]
Warning: Iteration pacing cannot be reached (pace time = 8.00, actual time = 12.71).	[MsgId: MWAR-15995]
Warning: Iteration pacing cannot be reached (pace time = 8.00, actual time = 14.18).	[MsgId: MWAR-15995]
Warning: Iteration pacing cannot be reached (pace time = 8.00, actual time = 14.88).	[MsgId: MWAR-15995]
Warning: Iteration pacing cannot be reached (pace time = 8.00, actual time = 17.86).	[MsgId: MWAR-15995]
Warning: Iteration pacing cannot be reached (pace time = 8.00, actual time = 16.20).	[MsgId: MWAR-15995]
Warning: Iteration pacing cannot be reached (pace time = 8.00, actual time = 17.00).	[MsgId: MWAR-15995]
Warning: Iteration pacing cannot be reached (pace time = 8.00, actual time = 14.16).	[MsgId: MWAR-15995]
Warning: Iteration pacing cannot be reached (pace time = 8.00, actual time = 18.04).	[MsgId: MWAR-15995]
Warning: Iteration pacing cannot be reached (pace time = 8.00, actual time = 16.10).	[MsgId: MWAR-15995]
Warning: Iteration pacing cannot be reached (pace time = 8.00, actual time = 14.61).	[MsgId: MWAR-15995]
ServicePin.c(9): Error -26627: HTTP Status-Code=404 (Not Found) for "https://hx9ekpvvbi.execute-api.us-east-1.amazonaws.com/KaaS-ITG/v2/servicepin/000ahRBlZbeJqwlCIYozCsZnRfKd/F2A71A"  	[MsgId: MERR-26627]
Warning: Iteration pacing cannot be reached (pace time = 8.00, actual time = 14.75).	[MsgId: MWAR-15995]
ServicePin.c(9): Error -26627: HTTP Status-Code=404 (Not Found) for "https://hx9ekpvvbi.execute-api.us-east-1.amazonaws.com/KaaS-ITG/v2/servicepin/000ahRBlZbeJqwlCIYozCsZnRfKd/3GY14A"  	[MsgId: MERR-26627]
Warning: Iteration pacing cannot be reached (pace time = 8.00, actual time = 15.14).	[MsgId: MWAR-15995]
Warning: Iteration pacing cannot be reached (pace time = 8.00, actual time = 15.10).	[MsgId: MWAR-15995]
Warning: Iteration pacing cannot be reached (pace time = 8.00, actual time = 14.14).	[MsgId: MWAR-15995]
Warning: Iteration pacing cannot be reached (pace time = 8.00, actual time = 14.25).	[MsgId: MWAR-15995]
Warning: Iteration pacing cannot be reached (pace time = 8.00, actual time = 13.44).	[MsgId: MWAR-15995]
Warning: Iteration pacing cannot be reached (pace time = 8.00, actual time = 14.99).	[MsgId: MWAR-15995]
ServicePin.c(9): Error -26627: HTTP Status-Code=404 (Not Found) for "https://hx9ekpvvbi.execute-api.us-east-1.amazonaws.com/KaaS-ITG/v2/servicepin/000ahRBlZbeJqwlCIYozCsZnRfKd/G1W39V"  	[MsgId: MERR-26627]
ServicePin.c(9): Error -26627: HTTP Status-Code=404 (Not Found) for "https://hx9ekpvvbi.execute-api.us-east-1.amazonaws.com/KaaS-ITG/v2/servicepin/000ahRBlZbeJqwlCIYozCsZnRfKd/G1W41A"  	[MsgId: MERR-26627]
Warning: Iteration pacing cannot be reached (pace time = 8.00, actual time = 10.38).	[MsgId: MWAR-15995]
Warning: Iteration pacing cannot be reached (pace time = 8.00, actual time = 14.99).	[MsgId: MWAR-15995]
Warning: Iteration pacing cannot be reached (pace time = 8.00, actual time = 15.08).	[MsgId: MWAR-15995]
Warning: Iteration pacing cannot be reached (pace time = 8.00, actual time = 14.68).	[MsgId: MWAR-15995]
Warning: Iteration pacing cannot be reached (pace time = 8.00, actual time = 16.55).	[MsgId: MWAR-15995]
ServicePin.c(9): Error -26627: HTTP Status-Code=404 (Not Found) for "https://hx9ekpvvbi.execute-api.us-east-1.amazonaws.com/KaaS-ITG/v2/servicepin/000ahRBlZbeJqwlCIYozCsZnRfKd/3GN19A"  	[MsgId: MERR-26627]
Warning: Iteration pacing cannot be reached (pace time = 8.00, actual time = 8.70).	[MsgId: MWAR-15995]
Warning: Iteration pacing cannot be reached (pace time = 8.00, actual time = 14.60).	[MsgId: MWAR-15995]
Warning: Iteration pacing cannot be reached (pace time = 8.00, actual time = 15.25).	[MsgId: MWAR-15995]
Warning: Iteration pacing cannot be reached (pace time = 8.00, actual time = 13.78).	[MsgId: MWAR-15995]
Warning: Iteration pacing cannot be reached (pace time = 8.00, actual time = 18.20).	[MsgId: MWAR-15995]
Warning: Iteration pacing cannot be reached (pace time = 8.00, actual time = 15.12).	[MsgId: MWAR-15995]
Warning: Iteration pacing cannot be reached (pace time = 8.00, actual time = 15.19).	[MsgId: MWAR-15995]
Warning: Iteration pacing cannot be reached (pace time = 8.00, actual time = 13.95).	[MsgId: MWAR-15995]
Warning: Iteration pacing cannot be reached (pace time = 8.00, actual time = 17.17).	[MsgId: MWAR-15995]
Warning: Iteration pacing cannot be reached (pace time = 8.00, actual time = 16.25).	[MsgId: MWAR-15995]
Warning: Iteration pacing cannot be reached (pace time = 8.00, actual time = 14.54).	[MsgId: MWAR-15995]
ServicePin.c(9): Error -26627: HTTP Status-Code=404 (Not Found) for "https://hx9ekpvvbi.execute-api.us-east-1.amazonaws.com/KaaS-ITG/v2/servicepin/000ahRBlZbeJqwlCIYozCsZnRfKd/CF083V"  	[MsgId: MERR-26627]
ServicePin.c(9): Error -26627: HTTP Status-Code=404 (Not Found) for "https://hx9ekpvvbi.execute-api.us-east-1.amazonaws.com/KaaS-ITG/v2/servicepin/000ahRBlZbeJqwlCIYozCsZnRfKd/B5L26A"  	[MsgId: MERR-26627]
Warning: Iteration pacing cannot be reached (pace time = 8.00, actual time = 9.32).	[MsgId: MWAR-15995]
ServicePin.c(9): Error -26627: HTTP Status-Code=404 (Not Found) for "https://hx9ekpvvbi.execute-api.us-east-1.amazonaws.com/KaaS-ITG/v2/servicepin/000ahRBlZbeJqwlCIYozCsZnRfKd/B5L27V"  	[MsgId: MERR-26627]
ServicePin.c(9): Error -26627: HTTP Status-Code=404 (Not Found) for "https://hx9ekpvvbi.execute-api.us-east-1.amazonaws.com/KaaS-ITG/v2/servicepin/000ahRBlZbeJqwlCIYozCsZnRfKd/F2A70V"  	[MsgId: MERR-26627]
ServicePin.c(9): Error -26627: HTTP Status-Code=404 (Not Found) for "https://hx9ekpvvbi.execute-api.us-east-1.amazonaws.com/KaaS-ITG/v2/servicepin/000ahRBlZbeJqwlCIYozCsZnRfKd/J8J66A"  	[MsgId: MERR-26627]
Warning: Iteration pacing cannot be reached (pace time = 8.00, actual time = 15.52).	[MsgId: MWAR-15995]
Warning: Iteration pacing cannot be reached (pace time = 8.00, actual time = 15.71).	[MsgId: MWAR-15995]
Warning: Iteration pacing cannot be reached (pace time = 8.00, actual time = 15.29).	[MsgId: MWAR-15995]
Warning: Iteration pacing cannot be reached (pace time = 8.00, actual time = 17.94).	[MsgId: MWAR-15995]
ServicePin.c(9): Error -26627: HTTP Status-Code=404 (Not Found) for "https://hx9ekpvvbi.execute-api.us-east-1.amazonaws.com/KaaS-ITG/v2/servicepin/000ahRBlZbeJqwlCIYozCsZnRfKd/J8J63A"  	[MsgId: MERR-26627]
Warning: Iteration pacing cannot be reached (pace time = 8.00, actual time = 10.98).	[MsgId: MWAR-15995]
Warning: Iteration pacing cannot be reached (pace time = 8.00, actual time = 14.65).	[MsgId: MWAR-15995]
Warning: Iteration pacing cannot be reached (pace time = 8.00, actual time = 14.83).	[MsgId: MWAR-15995]
Warning: Iteration pacing cannot be reached (pace time = 8.00, actual time = 15.94).	[MsgId: MWAR-15995]
Warning: Iteration pacing cannot be reached (pace time = 8.00, actual time = 17.03).	[MsgId: MWAR-15995]
Warning: Iteration pacing cannot be reached (pace time = 8.00, actual time = 16.83).	[MsgId: MWAR-15995]
Warning: Iteration pacing cannot be reached (pace time = 8.00, actual time = 14.70).	[MsgId: MWAR-15995]
Warning: Iteration pacing cannot be reached (pace time = 8.00, actual time = 16.19).	[MsgId: MWAR-15995]
Warning: Iteration pacing cannot be reached (pace time = 8.00, actual time = 18.16).	[MsgId: MWAR-15995]
Warning: Iteration pacing cannot be reached (pace time = 8.00, actual time = 15.32).	[MsgId: MWAR-15995]
Warning: Iteration pacing cannot be reached (pace time = 8.00, actual time = 21.32).	[MsgId: MWAR-15995]
ServicePin.c(9): Error -26627: HTTP Status-Code=404 (Not Found) for "https://hx9ekpvvbi.execute-api.us-east-1.amazonaws.com/KaaS-ITG/v2/servicepin/000ahRBlZbeJqwlCIYozCsZnRfKd/F2A76V"  	[MsgId: MERR-26627]
Warning: Iteration pacing cannot be reached (pace time = 8.00, actual time = 10.19).	[MsgId: MWAR-15995]
Warning: Iteration pacing cannot be reached (pace time = 8.00, actual time = 17.85).	[MsgId: MWAR-15995]
Warning: Iteration pacing cannot be reached (pace time = 8.00, actual time = 15.55).	[MsgId: MWAR-15995]
Warning: Iteration pacing cannot be reached (pace time = 8.00, actual time = 12.28).	[MsgId: MWAR-15995]
Warning: Iteration pacing cannot be reached (pace time = 8.00, actual time = 14.93).	[MsgId: MWAR-15995]
Warning: Iteration pacing cannot be reached (pace time = 8.00, actual time = 16.79).	[MsgId: MWAR-15995]
Warning: Iteration pacing cannot be reached (pace time = 8.00, actual time = 15.58).	[MsgId: MWAR-15995]
Warning: Iteration pacing cannot be reached (pace time = 8.00, actual time = 15.43).	[MsgId: MWAR-15995]
Warning: Iteration pacing cannot be reached (pace time = 8.00, actual time = 15.73).	[MsgId: MWAR-15995]
Warning: Iteration pacing cannot be reached (pace time = 8.00, actual time = 13.05).	[MsgId: MWAR-15995]
Warning: Iteration pacing cannot be reached (pace time = 8.00, actual time = 14.70).	[MsgId: MWAR-15995]
Warning: Iteration pacing cannot be reached (pace time = 8.00, actual time = 17.95).	[MsgId: MWAR-15995]
ServicePin.c(9): Error -26627: HTTP Status-Code=404 (Not Found) for "https://hx9ekpvvbi.execute-api.us-east-1.amazonaws.com/KaaS-ITG/v2/servicepin/000ahRBlZbeJqwlCIYozCsZnRfKd/F2A71A"  	[MsgId: MERR-26627]
ServicePin.c(9): Error -26627: HTTP Status-Code=404 (Not Found) for "https://hx9ekpvvbi.execute-api.us-east-1.amazonaws.com/KaaS-ITG/v2/servicepin/000ahRBlZbeJqwlCIYozCsZnRfKd/F2A68V"  	[MsgId: MERR-26627]
Warning: Iteration pacing cannot be reached (pace time = 8.00, actual time = 11.00).	[MsgId: MWAR-15995]
ServicePin.c(9): Error -26627: HTTP Status-Code=404 (Not Found) for "https://hx9ekpvvbi.execute-api.us-east-1.amazonaws.com/KaaS-ITG/v2/servicepin/000ahRBlZbeJqwlCIYozCsZnRfKd/CZ257V"  	[MsgId: MERR-26627]
Warning: Iteration pacing cannot be reached (pace time = 8.00, actual time = 18.28).	[MsgId: MWAR-15995]
Warning: Iteration pacing cannot be reached (pace time = 8.00, actual time = 18.86).	[MsgId: MWAR-15995]
Warning: Iteration pacing cannot be reached (pace time = 8.00, actual time = 17.42).	[MsgId: MWAR-15995]
Warning: Iteration pacing cannot be reached (pace time = 8.00, actual time = 22.28).	[MsgId: MWAR-15995]
ServicePin.c(9): Error -26627: HTTP Status-Code=404 (Not Found) for "https://hx9ekpvvbi.execute-api.us-east-1.amazonaws.com/KaaS-ITG/v2/servicepin/000ahRBlZbeJqwlCIYozCsZnRfKd/CE995A"  	[MsgId: MERR-26627]
Warning: Iteration pacing cannot be reached (pace time = 8.00, actual time = 15.71).	[MsgId: MWAR-15995]
ServicePin.c(9): Error -26627: HTTP Status-Code=404 (Not Found) for "https://hx9ekpvvbi.execute-api.us-east-1.amazonaws.com/KaaS-ITG/v2/servicepin/000ahRBlZbeJqwlCIYozCsZnRfKd/B5L48A"  	[MsgId: MERR-26627]
Warning: Iteration pacing cannot be reached (pace time = 8.00, actual time = 11.76).	[MsgId: MWAR-15995]
ServicePin.c(9): Error -26627: HTTP Status-Code=404 (Not Found) for "https://hx9ekpvvbi.execute-api.us-east-1.amazonaws.com/KaaS-ITG/v2/servicepin/000ahRBlZbeJqwlCIYozCsZnRfKd/Z5G77A"  	[MsgId: MERR-26627]
Warning: Iteration pacing cannot be reached (pace time = 8.00, actual time = 10.94).	[MsgId: MWAR-15995]
Warning: Iteration pacing cannot be reached (pace time = 8.00, actual time = 13.20).	[MsgId: MWAR-15995]
Warning: Iteration pacing cannot be reached (pace time = 8.00, actual time = 17.88).	[MsgId: MWAR-15995]
Warning: Iteration pacing cannot be reached (pace time = 8.00, actual time = 18.75).	[MsgId: MWAR-15995]
ServicePin.c(9): Error -26627: HTTP Status-Code=404 (Not Found) for "https://hx9ekpvvbi.execute-api.us-east-1.amazonaws.com/KaaS-ITG/v2/servicepin/000ahRBlZbeJqwlCIYozCsZnRfKd/F2A69A"  	[MsgId: MERR-26627]
Warning: Iteration pacing cannot be reached (pace time = 8.00, actual time = 12.41).	[MsgId: MWAR-15995]
Warning: Iteration pacing cannot be reached (pace time = 8.00, actual time = 17.07).	[MsgId: MWAR-15995]
Warning: Iteration pacing cannot be reached (pace time = 8.00, actual time = 22.16).	[MsgId: MWAR-15995]
ServicePin.c(9): Error -26627: HTTP Status-Code=404 (Not Found) for "https://hx9ekpvvbi.execute-api.us-east-1.amazonaws.com/KaaS-ITG/v2/servicepin/000ahRBlZbeJqwlCIYozCsZnRfKd/CE992V"  	[MsgId: MERR-26627]
Warning: Iteration pacing cannot be reached (pace time = 8.00, actual time = 9.35).	[MsgId: MWAR-15995]
Warning: Iteration pacing cannot be reached (pace time = 8.00, actual time = 17.23).	[MsgId: MWAR-15995]
ServicePin.c(9): Error -26627: HTTP Status-Code=404 (Not Found) for "https://hx9ekpvvbi.execute-api.us-east-1.amazonaws.com/KaaS-ITG/v2/servicepin/000ahRBlZbeJqwlCIYozCsZnRfKd/C2S12V"  	[MsgId: MERR-26627]
Warning: Iteration pacing cannot be reached (pace time = 8.00, actual time = 16.76).	[MsgId: MWAR-15995]
Warning: Iteration pacing cannot be reached (pace time = 8.00, actual time = 15.89).	[MsgId: MWAR-15995]
Warning: Iteration pacing cannot be reached (pace time = 8.00, actual time = 16.69).	[MsgId: MWAR-15995]
Warning: Iteration pacing cannot be reached (pace time = 8.00, actual time = 21.45).	[MsgId: MWAR-15995]
Warning: Iteration pacing cannot be reached (pace time = 8.00, actual time = 15.59).	[MsgId: MWAR-15995]
Warning: Iteration pacing cannot be reached (pace time = 8.00, actual time = 14.82).	[MsgId: MWAR-15995]
Warning: Iteration pacing cannot be reached (pace time = 8.00, actual time = 15.63).	[MsgId: MWAR-15995]
Warning: Iteration pacing cannot be reached (pace time = 8.00, actual time = 15.20).	[MsgId: MWAR-15995]
ServicePin.c(9): Error -26627: HTTP Status-Code=404 (Not Found) for "https://hx9ekpvvbi.execute-api.us-east-1.amazonaws.com/KaaS-ITG/v2/servicepin/000ahRBlZbeJqwlCIYozCsZnRfKd/3GX99A"  	[MsgId: MERR-26627]
Warning: Iteration pacing cannot be reached (pace time = 8.00, actual time = 11.56).	[MsgId: MWAR-15995]
ServicePin.c(9): Error -26627: HTTP Status-Code=404 (Not Found) for "https://hx9ekpvvbi.execute-api.us-east-1.amazonaws.com/KaaS-ITG/v2/servicepin/000ahRBlZbeJqwlCIYozCsZnRfKd/CZ256V"  	[MsgId: MERR-26627]
Warning: Iteration pacing cannot be reached (pace time = 8.00, actual time = 14.90).	[MsgId: MWAR-15995]
ServicePin.c(9): Error -26627: HTTP Status-Code=404 (Not Found) for "https://hx9ekpvvbi.execute-api.us-east-1.amazonaws.com/KaaS-ITG/v2/servicepin/000ahRBlZbeJqwlCIYozCsZnRfKd/J7Z06A"  	[MsgId: MERR-26627]
Warning: Iteration pacing cannot be reached (pace time = 8.00, actual time = 10.56).	[MsgId: MWAR-15995]
Warning: Iteration pacing cannot be reached (pace time = 8.00, actual time = 17.03).	[MsgId: MWAR-15995]
Warning: Iteration pacing cannot be reached (pace time = 8.00, actual time = 18.07).	[MsgId: MWAR-15995]
Warning: Iteration pacing cannot be reached (pace time = 8.00, actual time = 16.23).	[MsgId: MWAR-15995]
Warning: Iteration pacing cannot be reached (pace time = 8.00, actual time = 17.04).	[MsgId: MWAR-15995]
ServicePin.c(9): Error -26627: HTTP Status-Code=404 (Not Found) for "https://hx9ekpvvbi.execute-api.us-east-1.amazonaws.com/KaaS-ITG/v2/servicepin/000ahRBlZbeJqwlCIYozCsZnRfKd/B5L24A"  	[MsgId: MERR-26627]
ServicePin.c(9): Error -26627: HTTP Status-Code=404 (Not Found) for "https://hx9ekpvvbi.execute-api.us-east-1.amazonaws.com/KaaS-ITG/v2/servicepin/000ahRBlZbeJqwlCIYozCsZnRfKd/J7Z08A"  	[MsgId: MERR-26627]
Warning: Iteration pacing cannot be reached (pace time = 8.00, actual time = 12.88).	[MsgId: MWAR-15995]
Warning: Iteration pacing cannot be reached (pace time = 8.00, actual time = 16.64).	[MsgId: MWAR-15995]
Warning: Iteration pacing cannot be reached (pace time = 8.00, actual time = 15.45).	[MsgId: MWAR-15995]
Warning: Iteration pacing cannot be reached (pace time = 8.00, actual time = 13.76).	[MsgId: MWAR-15995]
Warning: Iteration pacing cannot be reached (pace time = 8.00, actual time = 13.06).	[MsgId: MWAR-15995]
Warning: Iteration pacing cannot be reached (pace time = 8.00, actual time = 15.66).	[MsgId: MWAR-15995]
Warning: Iteration pacing cannot be reached (pace time = 8.00, actual time = 15.61).	[MsgId: MWAR-15995]
Warning: Iteration pacing cannot be reached (pace time = 8.00, actual time = 13.79).	[MsgId: MWAR-15995]
Warning: Iteration pacing cannot be reached (pace time = 8.00, actual time = 15.07).	[MsgId: MWAR-15995]
Warning: Iteration pacing cannot be reached (pace time = 8.00, actual time = 13.50).	[MsgId: MWAR-15995]
ServicePin.c(9): Error -26627: HTTP Status-Code=404 (Not Found) for "https://hx9ekpvvbi.execute-api.us-east-1.amazonaws.com/KaaS-ITG/v2/servicepin/000ahRBlZbeJqwlCIYozCsZnRfKd/CD644V"  	[MsgId: MERR-26627]
Warning: Iteration pacing cannot be reached (pace time = 8.00, actual time = 10.16).	[MsgId: MWAR-15995]
Warning: Iteration pacing cannot be reached (pace time = 8.00, actual time = 14.16).	[MsgId: MWAR-15995]
Warning: Iteration pacing cannot be reached (pace time = 8.00, actual time = 14.11).	[MsgId: MWAR-15995]
ServicePin.c(9): Error -26627: HTTP Status-Code=404 (Not Found) for "https://hx9ekpvvbi.execute-api.us-east-1.amazonaws.com/KaaS-ITG/v2/servicepin/000ahRBlZbeJqwlCIYozCsZnRfKd/CZ255V"  	[MsgId: MERR-26627]
ServicePin.c(9): Error -26627: HTTP Status-Code=404 (Not Found) for "https://hx9ekpvvbi.execute-api.us-east-1.amazonaws.com/KaaS-ITG/v2/servicepin/000ahRBlZbeJqwlCIYozCsZnRfKd/Z5G75A"  	[MsgId: MERR-26627]
Warning: Iteration pacing cannot be reached (pace time = 8.00, actual time = 11.47).	[MsgId: MWAR-15995]
Warning: Iteration pacing cannot be reached (pace time = 8.00, actual time = 13.58).	[MsgId: MWAR-15995]
Warning: Iteration pacing cannot be reached (pace time = 8.00, actual time = 16.65).	[MsgId: MWAR-15995]
Warning: Iteration pacing cannot be reached (pace time = 8.00, actual time = 14.00).	[MsgId: MWAR-15995]
Warning: Iteration pacing cannot be reached (pace time = 8.00, actual time = 13.03).	[MsgId: MWAR-15995]
Warning: Iteration pacing cannot be reached (pace time = 8.00, actual time = 19.42).	[MsgId: MWAR-15995]
ServicePin.c(9): Error -26627: HTTP Status-Code=404 (Not Found) for "https://hx9ekpvvbi.execute-api.us-east-1.amazonaws.com/KaaS-ITG/v2/servicepin/000ahRBlZbeJqwlCIYozCsZnRfKd/B5L04A"  	[MsgId: MERR-26627]
ServicePin.c(9): Error -26627: HTTP Status-Code=404 (Not Found) for "https://hx9ekpvvbi.execute-api.us-east-1.amazonaws.com/KaaS-ITG/v2/servicepin/000ahRBlZbeJqwlCIYozCsZnRfKd/F2A76A"  	[MsgId: MERR-26627]
Warning: Iteration pacing cannot be reached (pace time = 8.00, actual time = 21.71).	[MsgId: MWAR-15995]
Warning: Iteration pacing cannot be reached (pace time = 8.00, actual time = 15.41).	[MsgId: MWAR-15995]
Warning: Iteration pacing cannot be reached (pace time = 8.00, actual time = 11.91).	[MsgId: MWAR-15995]
ServicePin.c(9): Error -26627: HTTP Status-Code=404 (Not Found) for "https://hx9ekpvvbi.execute-api.us-east-1.amazonaws.com/KaaS-ITG/v2/servicepin/000ahRBlZbeJqwlCIYozCsZnRfKd/CE996A"  	[MsgId: MERR-26627]
Warning: Iteration pacing cannot be reached (pace time = 8.00, actual time = 18.17).	[MsgId: MWAR-15995]
Warning: Iteration pacing cannot be reached (pace time = 8.00, actual time = 15.88).	[MsgId: MWAR-15995]
Warning: Iteration pacing cannot be reached (pace time = 8.00, actual time = 13.53).	[MsgId: MWAR-15995]
Warning: Iteration pacing cannot be reached (pace time = 8.00, actual time = 12.86).	[MsgId: MWAR-15995]
Warning: Iteration pacing cannot be reached (pace time = 8.00, actual time = 14.82).	[MsgId: MWAR-15995]
Warning: Iteration pacing cannot be reached (pace time = 8.00, actual time = 18.42).	[MsgId: MWAR-15995]
Warning: Iteration pacing cannot be reached (pace time = 8.00, actual time = 16.74).	[MsgId: MWAR-15995]
Warning: Iteration pacing cannot be reached (pace time = 8.00, actual time = 12.75).	[MsgId: MWAR-15995]
ServicePin.c(9): Error -26627: HTTP Status-Code=404 (Not Found) for "https://hx9ekpvvbi.execute-api.us-east-1.amazonaws.com/KaaS-ITG/v2/servicepin/000ahRBlZbeJqwlCIYozCsZnRfKd/1PV66A"  	[MsgId: MERR-26627]
Warning: Iteration pacing cannot be reached (pace time = 8.00, actual time = 11.54).	[MsgId: MWAR-15995]
Warning: Iteration pacing cannot be reached (pace time = 8.00, actual time = 12.89).	[MsgId: MWAR-15995]
Warning: Iteration pacing cannot be reached (pace time = 8.00, actual time = 15.50).	[MsgId: MWAR-15995]
Warning: Iteration pacing cannot be reached (pace time = 8.00, actual time = 16.24).	[MsgId: MWAR-15995]
Warning: Iteration pacing cannot be reached (pace time = 8.00, actual time = 15.46).	[MsgId: MWAR-15995]
ServicePin.c(9): Error -26627: HTTP Status-Code=404 (Not Found) for "https://hx9ekpvvbi.execute-api.us-east-1.amazonaws.com/KaaS-ITG/v2/servicepin/000ahRBlZbeJqwlCIYozCsZnRfKd/Z5G75A"  	[MsgId: MERR-26627]
Warning: Iteration pacing cannot be reached (pace time = 8.00, actual time = 12.69).	[MsgId: MWAR-15995]
Warning: Iteration pacing cannot be reached (pace time = 8.00, actual time = 14.18).	[MsgId: MWAR-15995]
Warning: Iteration pacing cannot be reached (pace time = 8.00, actual time = 15.92).	[MsgId: MWAR-15995]
Warning: Iteration pacing cannot be reached (pace time = 8.00, actual time = 15.01).	[MsgId: MWAR-15995]
Warning: Iteration pacing cannot be reached (pace time = 8.00, actual time = 18.30).	[MsgId: MWAR-15995]
Warning: Iteration pacing cannot be reached (pace time = 8.00, actual time = 13.61).	[MsgId: MWAR-15995]
Warning: Iteration pacing cannot be reached (pace time = 8.00, actual time = 14.60).	[MsgId: MWAR-15995]
Warning: Iteration pacing cannot be reached (pace time = 8.00, actual time = 19.51).	[MsgId: MWAR-15995]
Warning: Iteration pacing cannot be reached (pace time = 8.00, actual time = 14.55).	[MsgId: MWAR-15995]
Warning: Iteration pacing cannot be reached (pace time = 8.00, actual time = 16.74).	[MsgId: MWAR-15995]
Warning: Iteration pacing cannot be reached (pace time = 8.00, actual time = 15.82).	[MsgId: MWAR-15995]
Warning: Iteration pacing cannot be reached (pace time = 8.00, actual time = 19.23).	[MsgId: MWAR-15995]
