ServicePin.c(8): Error -26627: HTTP Status-Code=404 (Not Found) for "https://hx9ekpvvbi.execute-api.us-east-1.amazonaws.com/KaaS-ITG/v2/servicepin/000arZpIenlwyT3nNxiVaHPEyJLS/2CF60A"  	[MsgId: MERR-26627]
ServicePin.c(8): Error -26627: HTTP Status-Code=404 (Not Found) for "https://hx9ekpvvbi.execute-api.us-east-1.amazonaws.com/KaaS-ITG/v2/servicepin/000arZpIenlwyT3nNxiVaHPEyJLS/CE990AR"  	[MsgId: MERR-26627]
ServicePin.c(8): Error -26627: HTTP Status-Code=404 (Not Found) for "https://hx9ekpvvbi.execute-api.us-east-1.amazonaws.com/KaaS-ITG/v2/servicepin/000arZpIenlwyT3nNxiVaHPEyJLS/CE989AR"  	[MsgId: MERR-26627]
ServicePin.c(8): Error -26627: HTTP Status-Code=404 (Not Found) for "https://hx9ekpvvbi.execute-api.us-east-1.amazonaws.com/KaaS-ITG/v2/servicepin/000arZpIenlwyT3nNxiVaHPEyJLS/CD644AR"  	[MsgId: MERR-26627]
ServicePin.c(8): Error -26627: HTTP Status-Code=404 (Not Found) for "https://hx9ekpvvbi.execute-api.us-east-1.amazonaws.com/KaaS-ITG/v2/servicepin/000arZpIenlwyT3nNxiVaHPEyJLS/5ZN94A"  	[MsgId: MERR-26627]
ServicePin.c(8): Error -26627: HTTP Status-Code=404 (Not Found) for "https://hx9ekpvvbi.execute-api.us-east-1.amazonaws.com/KaaS-ITG/v2/servicepin/000arZpIenlwyT3nNxiVaHPEyJLS/F3J54A"  	[MsgId: MERR-26627]
ServicePin.c(8): Error -26627: HTTP Status-Code=404 (Not Found) for "https://hx9ekpvvbi.execute-api.us-east-1.amazonaws.com/KaaS-ITG/v2/servicepin/000arZpIenlwyT3nNxiVaHPEyJLS/1PV89A"  	[MsgId: MERR-26627]
ServicePin.c(8): Error -26627: HTTP Status-Code=404 (Not Found) for "https://hx9ekpvvbi.execute-api.us-east-1.amazonaws.com/KaaS-ITG/v2/servicepin/000arZpIenlwyT3nNxiVaHPEyJLS/CE992AR"  	[MsgId: MERR-26627]
ServicePin.c(8): Error -26627: HTTP Status-Code=404 (Not Found) for "https://hx9ekpvvbi.execute-api.us-east-1.amazonaws.com/KaaS-ITG/v2/servicepin/000arZpIenlwyT3nNxiVaHPEyJLS/5ZN88A"  	[MsgId: MERR-26627]
ServicePin.c(8): Error -26627: HTTP Status-Code=404 (Not Found) for "https://hx9ekpvvbi.execute-api.us-east-1.amazonaws.com/KaaS-ITG/v2/servicepin/000arZpIenlwyT3nNxiVaHPEyJLS/CD644AR"  	[MsgId: MERR-26627]
ServicePin.c(8): Error -26627: HTTP Status-Code=404 (Not Found) for "https://hx9ekpvvbi.execute-api.us-east-1.amazonaws.com/KaaS-ITG/v2/servicepin/000arZpIenlwyT3nNxiVaHPEyJLS/CZ249AR"  	[MsgId: MERR-26627]
ServicePin.c(8): Error -26627: HTTP Status-Code=404 (Not Found) for "https://hx9ekpvvbi.execute-api.us-east-1.amazonaws.com/KaaS-ITG/v2/servicepin/000arZpIenlwyT3nNxiVaHPEyJLS/2GP04A"  	[MsgId: MERR-26627]
ServicePin.c(8): Error -26627: HTTP Status-Code=404 (Not Found) for "https://hx9ekpvvbi.execute-api.us-east-1.amazonaws.com/KaaS-ITG/v2/servicepin/000arZpIenlwyT3nNxiVaHPEyJLS/CE991AR"  	[MsgId: MERR-26627]
ServicePin.c(8): Error -26627: HTTP Status-Code=404 (Not Found) for "https://hx9ekpvvbi.execute-api.us-east-1.amazonaws.com/KaaS-ITG/v2/servicepin/000arZpIenlwyT3nNxiVaHPEyJLS/2GP10A"  	[MsgId: MERR-26627]
ServicePin.c(8): Error -26627: HTTP Status-Code=404 (Not Found) for "https://hx9ekpvvbi.execute-api.us-east-1.amazonaws.com/KaaS-ITG/v2/servicepin/000arZpIenlwyT3nNxiVaHPEyJLS/2GP10A"  	[MsgId: MERR-26627]
ServicePin.c(8): Error -26627: HTTP Status-Code=404 (Not Found) for "https://hx9ekpvvbi.execute-api.us-east-1.amazonaws.com/KaaS-ITG/v2/servicepin/000arZpIenlwyT3nNxiVaHPEyJLS/CD646AR"  	[MsgId: MERR-26627]
ServicePin.c(8): Error -26627: HTTP Status-Code=404 (Not Found) for "https://hx9ekpvvbi.execute-api.us-east-1.amazonaws.com/KaaS-ITG/v2/servicepin/000arZpIenlwyT3nNxiVaHPEyJLS/CZ257AR"  	[MsgId: MERR-26627]
Warning: Iteration pacing cannot be reached (pace time = 3.65, actual time = 3.87).	[MsgId: MWAR-15995]
ServicePin.c(8): Error -26627: HTTP Status-Code=404 (Not Found) for "https://hx9ekpvvbi.execute-api.us-east-1.amazonaws.com/KaaS-ITG/v2/servicepin/000arZpIenlwyT3nNxiVaHPEyJLS/1PV89A"  	[MsgId: MERR-26627]
ServicePin.c(8): Error -26627: HTTP Status-Code=404 (Not Found) for "https://hx9ekpvvbi.execute-api.us-east-1.amazonaws.com/KaaS-ITG/v2/servicepin/000arZpIenlwyT3nNxiVaHPEyJLS/2CF56A"  	[MsgId: MERR-26627]
ServicePin.c(8): Error -26627: HTTP Status-Code=404 (Not Found) for "https://hx9ekpvvbi.execute-api.us-east-1.amazonaws.com/KaaS-ITG/v2/servicepin/000arZpIenlwyT3nNxiVaHPEyJLS/5ZN89A"  	[MsgId: MERR-26627]
ServicePin.c(8): Error -26627: HTTP Status-Code=404 (Not Found) for "https://hx9ekpvvbi.execute-api.us-east-1.amazonaws.com/KaaS-ITG/v2/servicepin/000arZpIenlwyT3nNxiVaHPEyJLS/CE989AR"  	[MsgId: MERR-26627]
ServicePin.c(8): Error -26627: HTTP Status-Code=404 (Not Found) for "https://hx9ekpvvbi.execute-api.us-east-1.amazonaws.com/KaaS-ITG/v2/servicepin/000arZpIenlwyT3nNxiVaHPEyJLS/B3G84AR"  	[MsgId: MERR-26627]
ServicePin.c(8): Error -26627: HTTP Status-Code=404 (Not Found) for "https://hx9ekpvvbi.execute-api.us-east-1.amazonaws.com/KaaS-ITG/v2/servicepin/000arZpIenlwyT3nNxiVaHPEyJLS/2GP04A"  	[MsgId: MERR-26627]
ServicePin.c(8): Error -26627: HTTP Status-Code=404 (Not Found) for "https://hx9ekpvvbi.execute-api.us-east-1.amazonaws.com/KaaS-ITG/v2/servicepin/000arZpIenlwyT3nNxiVaHPEyJLS/2GP05A"  	[MsgId: MERR-26627]
Warning: Iteration pacing cannot be reached (pace time = 3.60, actual time = 5.43).	[MsgId: MWAR-15995]
ServicePin.c(8): Error -26627: HTTP Status-Code=404 (Not Found) for "https://hx9ekpvvbi.execute-api.us-east-1.amazonaws.com/KaaS-ITG/v2/servicepin/000arZpIenlwyT3nNxiVaHPEyJLS/CF083AR"  	[MsgId: MERR-26627]
ServicePin.c(8): Error -26627: HTTP Status-Code=404 (Not Found) for "https://hx9ekpvvbi.execute-api.us-east-1.amazonaws.com/KaaS-ITG/v2/servicepin/000arZpIenlwyT3nNxiVaHPEyJLS/F3J55A"  	[MsgId: MERR-26627]
ServicePin.c(8): Error -26627: HTTP Status-Code=404 (Not Found) for "https://hx9ekpvvbi.execute-api.us-east-1.amazonaws.com/KaaS-ITG/v2/servicepin/000arZpIenlwyT3nNxiVaHPEyJLS/5ZN97A"  	[MsgId: MERR-26627]
ServicePin.c(8): Error -26627: HTTP Status-Code=404 (Not Found) for "https://hx9ekpvvbi.execute-api.us-east-1.amazonaws.com/KaaS-ITG/v2/servicepin/000arZpIenlwyT3nNxiVaHPEyJLS/B3G85AR"  	[MsgId: MERR-26627]
Warning: Iteration pacing cannot be reached (pace time = 3.22, actual time = 6.76).	[MsgId: MWAR-15995]
Warning: Iteration pacing cannot be reached (pace time = 3.83, actual time = 3.84).	[MsgId: MWAR-15995]
Warning: Iteration pacing cannot be reached (pace time = 3.93, actual time = 6.59).	[MsgId: MWAR-15995]
ServicePin.c(8): Error -26627: HTTP Status-Code=404 (Not Found) for "https://hx9ekpvvbi.execute-api.us-east-1.amazonaws.com/KaaS-ITG/v2/servicepin/000arZpIenlwyT3nNxiVaHPEyJLS/F3J55A"  	[MsgId: MERR-26627]
ServicePin.c(8): Error -26627: HTTP Status-Code=404 (Not Found) for "https://hx9ekpvvbi.execute-api.us-east-1.amazonaws.com/KaaS-ITG/v2/servicepin/000arZpIenlwyT3nNxiVaHPEyJLS/CE995AR"  	[MsgId: MERR-26627]
ServicePin.c(8): Error -26627: HTTP Status-Code=404 (Not Found) for "https://hx9ekpvvbi.execute-api.us-east-1.amazonaws.com/KaaS-ITG/v2/servicepin/000arZpIenlwyT3nNxiVaHPEyJLS/J7Z10A"  	[MsgId: MERR-26627]
ServicePin.c(8): Error -26627: HTTP Status-Code=404 (Not Found) for "https://hx9ekpvvbi.execute-api.us-east-1.amazonaws.com/KaaS-ITG/v2/servicepin/000arZpIenlwyT3nNxiVaHPEyJLS/B3G86AR"  	[MsgId: MERR-26627]
ServicePin.c(8): Error -26627: HTTP Status-Code=404 (Not Found) for "https://hx9ekpvvbi.execute-api.us-east-1.amazonaws.com/KaaS-ITG/v2/servicepin/000arZpIenlwyT3nNxiVaHPEyJLS/CZ251V"  	[MsgId: MERR-26627]
ServicePin.c(8): Error -26627: HTTP Status-Code=404 (Not Found) for "https://hx9ekpvvbi.execute-api.us-east-1.amazonaws.com/KaaS-ITG/v2/servicepin/000arZpIenlwyT3nNxiVaHPEyJLS/B3G85AR"  	[MsgId: MERR-26627]
ServicePin.c(8): Error -26627: HTTP Status-Code=404 (Not Found) for "https://hx9ekpvvbi.execute-api.us-east-1.amazonaws.com/KaaS-ITG/v2/servicepin/000arZpIenlwyT3nNxiVaHPEyJLS/B3G85AR"  	[MsgId: MERR-26627]
ServicePin.c(8): Error -26627: HTTP Status-Code=404 (Not Found) for "https://hx9ekpvvbi.execute-api.us-east-1.amazonaws.com/KaaS-ITG/v2/servicepin/000arZpIenlwyT3nNxiVaHPEyJLS/CE991AR"  	[MsgId: MERR-26627]
Warning: Iteration pacing cannot be reached (pace time = 3.99, actual time = 5.97).	[MsgId: MWAR-15995]
Warning: Iteration pacing cannot be reached (pace time = 3.60, actual time = 4.19).	[MsgId: MWAR-15995]
ServicePin.c(8): Error -26627: HTTP Status-Code=404 (Not Found) for "https://hx9ekpvvbi.execute-api.us-east-1.amazonaws.com/KaaS-ITG/v2/servicepin/000arZpIenlwyT3nNxiVaHPEyJLS/CZ257AR"  	[MsgId: MERR-26627]
ServicePin.c(8): Error -26627: HTTP Status-Code=404 (Not Found) for "https://hx9ekpvvbi.execute-api.us-east-1.amazonaws.com/KaaS-ITG/v2/servicepin/000arZpIenlwyT3nNxiVaHPEyJLS/CE996AR"  	[MsgId: MERR-26627]
ServicePin.c(8): Error -26627: HTTP Status-Code=404 (Not Found) for "https://hx9ekpvvbi.execute-api.us-east-1.amazonaws.com/KaaS-ITG/v2/servicepin/000arZpIenlwyT3nNxiVaHPEyJLS/CF083AR"  	[MsgId: MERR-26627]
ServicePin.c(8): Error -26627: HTTP Status-Code=404 (Not Found) for "https://hx9ekpvvbi.execute-api.us-east-1.amazonaws.com/KaaS-ITG/v2/servicepin/000arZpIenlwyT3nNxiVaHPEyJLS/5ZN97A"  	[MsgId: MERR-26627]
Warning: Iteration pacing cannot be reached (pace time = 3.58, actual time = 4.26).	[MsgId: MWAR-15995]
ServicePin.c(8): Error -26627: HTTP Status-Code=404 (Not Found) for "https://hx9ekpvvbi.execute-api.us-east-1.amazonaws.com/KaaS-ITG/v2/servicepin/000arZpIenlwyT3nNxiVaHPEyJLS/1PV89A"  	[MsgId: MERR-26627]
ServicePin.c(8): Error -26627: HTTP Status-Code=404 (Not Found) for "https://hx9ekpvvbi.execute-api.us-east-1.amazonaws.com/KaaS-ITG/v2/servicepin/000arZpIenlwyT3nNxiVaHPEyJLS/B3G85AR"  	[MsgId: MERR-26627]
ServicePin.c(8): Error -26627: HTTP Status-Code=404 (Not Found) for "https://hx9ekpvvbi.execute-api.us-east-1.amazonaws.com/KaaS-ITG/v2/servicepin/000arZpIenlwyT3nNxiVaHPEyJLS/CE989AR"  	[MsgId: MERR-26627]
ServicePin.c(8): Error -26627: HTTP Status-Code=404 (Not Found) for "https://hx9ekpvvbi.execute-api.us-east-1.amazonaws.com/KaaS-ITG/v2/servicepin/000arZpIenlwyT3nNxiVaHPEyJLS/5ZN95A"  	[MsgId: MERR-26627]
ServicePin.c(8): Error -26627: HTTP Status-Code=404 (Not Found) for "https://hx9ekpvvbi.execute-api.us-east-1.amazonaws.com/KaaS-ITG/v2/servicepin/000arZpIenlwyT3nNxiVaHPEyJLS/CE993AR"  	[MsgId: MERR-26627]
ServicePin.c(8): Error -26627: HTTP Status-Code=404 (Not Found) for "https://hx9ekpvvbi.execute-api.us-east-1.amazonaws.com/KaaS-ITG/v2/servicepin/000arZpIenlwyT3nNxiVaHPEyJLS/5ZN97A"  	[MsgId: MERR-26627]
ServicePin.c(8): Error -26627: HTTP Status-Code=404 (Not Found) for "https://hx9ekpvvbi.execute-api.us-east-1.amazonaws.com/KaaS-ITG/v2/servicepin/000arZpIenlwyT3nNxiVaHPEyJLS/2CF59A"  	[MsgId: MERR-26627]
Warning: Iteration pacing cannot be reached (pace time = 3.15, actual time = 10.57).	[MsgId: MWAR-15995]
ServicePin.c(8): Error -26627: HTTP Status-Code=404 (Not Found) for "https://hx9ekpvvbi.execute-api.us-east-1.amazonaws.com/KaaS-ITG/v2/servicepin/000arZpIenlwyT3nNxiVaHPEyJLS/CE995AR"  	[MsgId: MERR-26627]
Warning: Iteration pacing cannot be reached (pace time = 3.79, actual time = 3.98).	[MsgId: MWAR-15995]
ServicePin.c(8): Error -26627: HTTP Status-Code=404 (Not Found) for "https://hx9ekpvvbi.execute-api.us-east-1.amazonaws.com/KaaS-ITG/v2/servicepin/000arZpIenlwyT3nNxiVaHPEyJLS/CD645AR"  	[MsgId: MERR-26627]
ServicePin.c(8): Error -26627: HTTP Status-Code=404 (Not Found) for "https://hx9ekpvvbi.execute-api.us-east-1.amazonaws.com/KaaS-ITG/v2/servicepin/000arZpIenlwyT3nNxiVaHPEyJLS/CZ248AR"  	[MsgId: MERR-26627]
ServicePin.c(8): Error -26627: HTTP Status-Code=404 (Not Found) for "https://hx9ekpvvbi.execute-api.us-east-1.amazonaws.com/KaaS-ITG/v2/servicepin/000arZpIenlwyT3nNxiVaHPEyJLS/2GP16A"  	[MsgId: MERR-26627]
ServicePin.c(8): Error -26627: HTTP Status-Code=404 (Not Found) for "https://hx9ekpvvbi.execute-api.us-east-1.amazonaws.com/KaaS-ITG/v2/servicepin/000arZpIenlwyT3nNxiVaHPEyJLS/2GP17A"  	[MsgId: MERR-26627]
Warning: Iteration pacing cannot be reached (pace time = 3.44, actual time = 3.90).	[MsgId: MWAR-15995]
Warning: Iteration pacing cannot be reached (pace time = 3.28, actual time = 4.30).	[MsgId: MWAR-15995]
ServicePin.c(8): Error -26627: HTTP Status-Code=404 (Not Found) for "https://hx9ekpvvbi.execute-api.us-east-1.amazonaws.com/KaaS-ITG/v2/servicepin/000arZpIenlwyT3nNxiVaHPEyJLS/CZ257AR"  	[MsgId: MERR-26627]
ServicePin.c(8): Error -26627: HTTP Status-Code=404 (Not Found) for "https://hx9ekpvvbi.execute-api.us-east-1.amazonaws.com/KaaS-ITG/v2/servicepin/000arZpIenlwyT3nNxiVaHPEyJLS/CE994AR"  	[MsgId: MERR-26627]
ServicePin.c(8): Error -26627: HTTP Status-Code=404 (Not Found) for "https://hx9ekpvvbi.execute-api.us-east-1.amazonaws.com/KaaS-ITG/v2/servicepin/000arZpIenlwyT3nNxiVaHPEyJLS/CF083AR"  	[MsgId: MERR-26627]
ServicePin.c(8): Error -26627: HTTP Status-Code=404 (Not Found) for "https://hx9ekpvvbi.execute-api.us-east-1.amazonaws.com/KaaS-ITG/v2/servicepin/000arZpIenlwyT3nNxiVaHPEyJLS/CZ250AR"  	[MsgId: MERR-26627]
Warning: Iteration pacing cannot be reached (pace time = 3.65, actual time = 4.32).	[MsgId: MWAR-15995]
ServicePin.c(8): Error -26627: HTTP Status-Code=404 (Not Found) for "https://hx9ekpvvbi.execute-api.us-east-1.amazonaws.com/KaaS-ITG/v2/servicepin/000arZpIenlwyT3nNxiVaHPEyJLS/2GP16A"  	[MsgId: MERR-26627]
ServicePin.c(8): Error -26627: HTTP Status-Code=404 (Not Found) for "https://hx9ekpvvbi.execute-api.us-east-1.amazonaws.com/KaaS-ITG/v2/servicepin/000arZpIenlwyT3nNxiVaHPEyJLS/2GP16A"  	[MsgId: MERR-26627]
ServicePin.c(8): Error -26627: HTTP Status-Code=404 (Not Found) for "https://hx9ekpvvbi.execute-api.us-east-1.amazonaws.com/KaaS-ITG/v2/servicepin/000arZpIenlwyT3nNxiVaHPEyJLS/CF083AR"  	[MsgId: MERR-26627]
ServicePin.c(8): Error -26627: HTTP Status-Code=404 (Not Found) for "https://hx9ekpvvbi.execute-api.us-east-1.amazonaws.com/KaaS-ITG/v2/servicepin/000arZpIenlwyT3nNxiVaHPEyJLS/2GP11A"  	[MsgId: MERR-26627]
ServicePin.c(8): Error -26627: HTTP Status-Code=404 (Not Found) for "https://hx9ekpvvbi.execute-api.us-east-1.amazonaws.com/KaaS-ITG/v2/servicepin/000arZpIenlwyT3nNxiVaHPEyJLS/J7Z10A"  	[MsgId: MERR-26627]
ServicePin.c(8): Error -26627: HTTP Status-Code=404 (Not Found) for "https://hx9ekpvvbi.execute-api.us-east-1.amazonaws.com/KaaS-ITG/v2/servicepin/000arZpIenlwyT3nNxiVaHPEyJLS/CZ251V"  	[MsgId: MERR-26627]
ServicePin.c(8): Error -26627: HTTP Status-Code=404 (Not Found) for "https://hx9ekpvvbi.execute-api.us-east-1.amazonaws.com/KaaS-ITG/v2/servicepin/000arZpIenlwyT3nNxiVaHPEyJLS/J7Z10A"  	[MsgId: MERR-26627]
ServicePin.c(8): Error -26627: HTTP Status-Code=404 (Not Found) for "https://hx9ekpvvbi.execute-api.us-east-1.amazonaws.com/KaaS-ITG/v2/servicepin/000arZpIenlwyT3nNxiVaHPEyJLS/F3J55A"  	[MsgId: MERR-26627]
ServicePin.c(8): Error -26627: HTTP Status-Code=404 (Not Found) for "https://hx9ekpvvbi.execute-api.us-east-1.amazonaws.com/KaaS-ITG/v2/servicepin/000arZpIenlwyT3nNxiVaHPEyJLS/2GP11A"  	[MsgId: MERR-26627]
Warning: Iteration pacing cannot be reached (pace time = 3.62, actual time = 3.69).	[MsgId: MWAR-15995]
ServicePin.c(8): Error -26627: HTTP Status-Code=404 (Not Found) for "https://hx9ekpvvbi.execute-api.us-east-1.amazonaws.com/KaaS-ITG/v2/servicepin/000arZpIenlwyT3nNxiVaHPEyJLS/2GP14A"  	[MsgId: MERR-26627]
Warning: Iteration pacing cannot be reached (pace time = 3.34, actual time = 5.27).	[MsgId: MWAR-15995]
Warning: Iteration pacing cannot be reached (pace time = 3.50, actual time = 6.18).	[MsgId: MWAR-15995]
ServicePin.c(8): Error -26627: HTTP Status-Code=404 (Not Found) for "https://hx9ekpvvbi.execute-api.us-east-1.amazonaws.com/KaaS-ITG/v2/servicepin/000arZpIenlwyT3nNxiVaHPEyJLS/1PV89A"  	[MsgId: MERR-26627]
Warning: Iteration pacing cannot be reached (pace time = 3.22, actual time = 3.22).	[MsgId: MWAR-15995]
Warning: Iteration pacing cannot be reached (pace time = 3.46, actual time = 7.14).	[MsgId: MWAR-15995]
Warning: Iteration pacing cannot be reached (pace time = 3.43, actual time = 5.45).	[MsgId: MWAR-15995]
ServicePin.c(8): Error -26627: HTTP Status-Code=404 (Not Found) for "https://hx9ekpvvbi.execute-api.us-east-1.amazonaws.com/KaaS-ITG/v2/servicepin/000arZpIenlwyT3nNxiVaHPEyJLS/2GP10A"  	[MsgId: MERR-26627]
ServicePin.c(8): Error -26627: HTTP Status-Code=404 (Not Found) for "https://hx9ekpvvbi.execute-api.us-east-1.amazonaws.com/KaaS-ITG/v2/servicepin/000arZpIenlwyT3nNxiVaHPEyJLS/2GP16A"  	[MsgId: MERR-26627]
ServicePin.c(8): Error -26627: HTTP Status-Code=404 (Not Found) for "https://hx9ekpvvbi.execute-api.us-east-1.amazonaws.com/KaaS-ITG/v2/servicepin/000arZpIenlwyT3nNxiVaHPEyJLS/CZ255AR"  	[MsgId: MERR-26627]
ServicePin.c(8): Error -26627: HTTP Status-Code=404 (Not Found) for "https://hx9ekpvvbi.execute-api.us-east-1.amazonaws.com/KaaS-ITG/v2/servicepin/000arZpIenlwyT3nNxiVaHPEyJLS/CE991AR"  	[MsgId: MERR-26627]
ServicePin.c(8): Error -26627: HTTP Status-Code=404 (Not Found) for "https://hx9ekpvvbi.execute-api.us-east-1.amazonaws.com/KaaS-ITG/v2/servicepin/000arZpIenlwyT3nNxiVaHPEyJLS/CF081AR"  	[MsgId: MERR-26627]
ServicePin.c(8): Error -26627: HTTP Status-Code=404 (Not Found) for "https://hx9ekpvvbi.execute-api.us-east-1.amazonaws.com/KaaS-ITG/v2/servicepin/000arZpIenlwyT3nNxiVaHPEyJLS/2GP17A"  	[MsgId: MERR-26627]
ServicePin.c(8): Error -26627: HTTP Status-Code=404 (Not Found) for "https://hx9ekpvvbi.execute-api.us-east-1.amazonaws.com/KaaS-ITG/v2/servicepin/000arZpIenlwyT3nNxiVaHPEyJLS/B3G86AR"  	[MsgId: MERR-26627]
ServicePin.c(8): Error -26627: HTTP Status-Code=404 (Not Found) for "https://hx9ekpvvbi.execute-api.us-east-1.amazonaws.com/KaaS-ITG/v2/servicepin/000arZpIenlwyT3nNxiVaHPEyJLS/CD644AR"  	[MsgId: MERR-26627]
ServicePin.c(8): Error -26627: HTTP Status-Code=404 (Not Found) for "https://hx9ekpvvbi.execute-api.us-east-1.amazonaws.com/KaaS-ITG/v2/servicepin/000arZpIenlwyT3nNxiVaHPEyJLS/CE994AR"  	[MsgId: MERR-26627]
ServicePin.c(8): Error -26627: HTTP Status-Code=404 (Not Found) for "https://hx9ekpvvbi.execute-api.us-east-1.amazonaws.com/KaaS-ITG/v2/servicepin/000arZpIenlwyT3nNxiVaHPEyJLS/2GP11A"  	[MsgId: MERR-26627]
ServicePin.c(8): Error -26627: HTTP Status-Code=404 (Not Found) for "https://hx9ekpvvbi.execute-api.us-east-1.amazonaws.com/KaaS-ITG/v2/servicepin/000arZpIenlwyT3nNxiVaHPEyJLS/J7Z10A"  	[MsgId: MERR-26627]
ServicePin.c(8): Error -26627: HTTP Status-Code=404 (Not Found) for "https://hx9ekpvvbi.execute-api.us-east-1.amazonaws.com/KaaS-ITG/v2/servicepin/000arZpIenlwyT3nNxiVaHPEyJLS/2GP14A"  	[MsgId: MERR-26627]
ServicePin.c(8): Error -26627: HTTP Status-Code=404 (Not Found) for "https://hx9ekpvvbi.execute-api.us-east-1.amazonaws.com/KaaS-ITG/v2/servicepin/000arZpIenlwyT3nNxiVaHPEyJLS/CD646AR"  	[MsgId: MERR-26627]
ServicePin.c(8): Error -26627: HTTP Status-Code=404 (Not Found) for "https://hx9ekpvvbi.execute-api.us-east-1.amazonaws.com/KaaS-ITG/v2/servicepin/000arZpIenlwyT3nNxiVaHPEyJLS/F3J55A"  	[MsgId: MERR-26627]
ServicePin.c(8): Error -26627: HTTP Status-Code=404 (Not Found) for "https://hx9ekpvvbi.execute-api.us-east-1.amazonaws.com/KaaS-ITG/v2/servicepin/000arZpIenlwyT3nNxiVaHPEyJLS/CD645AR"  	[MsgId: MERR-26627]
ServicePin.c(8): Error -26627: HTTP Status-Code=404 (Not Found) for "https://hx9ekpvvbi.execute-api.us-east-1.amazonaws.com/KaaS-ITG/v2/servicepin/000arZpIenlwyT3nNxiVaHPEyJLS/2CF57A"  	[MsgId: MERR-26627]
ServicePin.c(8): Error -26627: HTTP Status-Code=404 (Not Found) for "https://hx9ekpvvbi.execute-api.us-east-1.amazonaws.com/KaaS-ITG/v2/servicepin/000arZpIenlwyT3nNxiVaHPEyJLS/CE991AR"  	[MsgId: MERR-26627]
ServicePin.c(8): Error -26627: HTTP Status-Code=404 (Not Found) for "https://hx9ekpvvbi.execute-api.us-east-1.amazonaws.com/KaaS-ITG/v2/servicepin/000arZpIenlwyT3nNxiVaHPEyJLS/2GP11A"  	[MsgId: MERR-26627]
Warning: Iteration pacing cannot be reached (pace time = 3.24, actual time = 7.16).	[MsgId: MWAR-15995]
Warning: Iteration pacing cannot be reached (pace time = 3.33, actual time = 9.68).	[MsgId: MWAR-15995]
ServicePin.c(8): Error -26627: HTTP Status-Code=404 (Not Found) for "https://hx9ekpvvbi.execute-api.us-east-1.amazonaws.com/KaaS-ITG/v2/servicepin/000arZpIenlwyT3nNxiVaHPEyJLS/CF081AR"  	[MsgId: MERR-26627]
ServicePin.c(8): Error -26627: HTTP Status-Code=404 (Not Found) for "https://hx9ekpvvbi.execute-api.us-east-1.amazonaws.com/KaaS-ITG/v2/servicepin/000arZpIenlwyT3nNxiVaHPEyJLS/CZ251V"  	[MsgId: MERR-26627]
ServicePin.c(8): Error -26627: HTTP Status-Code=404 (Not Found) for "https://hx9ekpvvbi.execute-api.us-east-1.amazonaws.com/KaaS-ITG/v2/servicepin/000arZpIenlwyT3nNxiVaHPEyJLS/2GP14A"  	[MsgId: MERR-26627]
ServicePin.c(8): Error -26608: HTTP Status-Code=504 (Gateway Timeout) for "https://hx9ekpvvbi.execute-api.us-east-1.amazonaws.com/KaaS-ITG/v2/servicepin/000arZpIenlwyT3nNxiVaHPEyJLS/G1W39A"  	[MsgId: MERR-26608]
Warning: Iteration pacing cannot be reached (pace time = 3.35, actual time = 29.04).	[MsgId: MWAR-15995]
ServicePin.c(8): Error -26627: HTTP Status-Code=404 (Not Found) for "https://hx9ekpvvbi.execute-api.us-east-1.amazonaws.com/KaaS-ITG/v2/servicepin/000arZpIenlwyT3nNxiVaHPEyJLS/5ZN97A"  	[MsgId: MERR-26627]
Warning: Iteration pacing cannot be reached (pace time = 3.35, actual time = 5.36).	[MsgId: MWAR-15995]
ServicePin.c(8): Error -26627: HTTP Status-Code=404 (Not Found) for "https://hx9ekpvvbi.execute-api.us-east-1.amazonaws.com/KaaS-ITG/v2/servicepin/000arZpIenlwyT3nNxiVaHPEyJLS/CE996AR"  	[MsgId: MERR-26627]
ServicePin.c(8): Error -26627: HTTP Status-Code=404 (Not Found) for "https://hx9ekpvvbi.execute-api.us-east-1.amazonaws.com/KaaS-ITG/v2/servicepin/000arZpIenlwyT3nNxiVaHPEyJLS/CF081AR"  	[MsgId: MERR-26627]
Warning: Iteration pacing cannot be reached (pace time = 3.10, actual time = 5.44).	[MsgId: MWAR-15995]
ServicePin.c(8): Error -26627: HTTP Status-Code=404 (Not Found) for "https://hx9ekpvvbi.execute-api.us-east-1.amazonaws.com/KaaS-ITG/v2/servicepin/000arZpIenlwyT3nNxiVaHPEyJLS/CZ255AR"  	[MsgId: MERR-26627]
Warning: Iteration pacing cannot be reached (pace time = 3.01, actual time = 7.60).	[MsgId: MWAR-15995]
Warning: Iteration pacing cannot be reached (pace time = 3.25, actual time = 3.59).	[MsgId: MWAR-15995]
ServicePin.c(8): Error -26627: HTTP Status-Code=404 (Not Found) for "https://hx9ekpvvbi.execute-api.us-east-1.amazonaws.com/KaaS-ITG/v2/servicepin/000arZpIenlwyT3nNxiVaHPEyJLS/B3G84AR"  	[MsgId: MERR-26627]
ServicePin.c(8): Error -26627: HTTP Status-Code=404 (Not Found) for "https://hx9ekpvvbi.execute-api.us-east-1.amazonaws.com/KaaS-ITG/v2/servicepin/000arZpIenlwyT3nNxiVaHPEyJLS/5ZN92A"  	[MsgId: MERR-26627]
ServicePin.c(8): Error -26627: HTTP Status-Code=404 (Not Found) for "https://hx9ekpvvbi.execute-api.us-east-1.amazonaws.com/KaaS-ITG/v2/servicepin/000arZpIenlwyT3nNxiVaHPEyJLS/2GP05A"  	[MsgId: MERR-26627]
ServicePin.c(8): Error -26627: HTTP Status-Code=404 (Not Found) for "https://hx9ekpvvbi.execute-api.us-east-1.amazonaws.com/KaaS-ITG/v2/servicepin/000arZpIenlwyT3nNxiVaHPEyJLS/CE994AR"  	[MsgId: MERR-26627]
ServicePin.c(8): Error -26627: HTTP Status-Code=404 (Not Found) for "https://hx9ekpvvbi.execute-api.us-east-1.amazonaws.com/KaaS-ITG/v2/servicepin/000arZpIenlwyT3nNxiVaHPEyJLS/CZ256AR"  	[MsgId: MERR-26627]
Warning: Iteration pacing cannot be reached (pace time = 3.33, actual time = 4.45).	[MsgId: MWAR-15995]
ServicePin.c(8): Error -26627: HTTP Status-Code=404 (Not Found) for "https://hx9ekpvvbi.execute-api.us-east-1.amazonaws.com/KaaS-ITG/v2/servicepin/000arZpIenlwyT3nNxiVaHPEyJLS/CZ251V"  	[MsgId: MERR-26627]
ServicePin.c(8): Error -26627: HTTP Status-Code=404 (Not Found) for "https://hx9ekpvvbi.execute-api.us-east-1.amazonaws.com/KaaS-ITG/v2/servicepin/000arZpIenlwyT3nNxiVaHPEyJLS/CZ255AR"  	[MsgId: MERR-26627]
ServicePin.c(8): Error -26627: HTTP Status-Code=404 (Not Found) for "https://hx9ekpvvbi.execute-api.us-east-1.amazonaws.com/KaaS-ITG/v2/servicepin/000arZpIenlwyT3nNxiVaHPEyJLS/5ZN97A"  	[MsgId: MERR-26627]
ServicePin.c(8): Error -26627: HTTP Status-Code=404 (Not Found) for "https://hx9ekpvvbi.execute-api.us-east-1.amazonaws.com/KaaS-ITG/v2/servicepin/000arZpIenlwyT3nNxiVaHPEyJLS/CZ257AR"  	[MsgId: MERR-26627]
Warning: Iteration pacing cannot be reached (pace time = 3.18, actual time = 5.09).	[MsgId: MWAR-15995]
ServicePin.c(8): Error -26627: HTTP Status-Code=404 (Not Found) for "https://hx9ekpvvbi.execute-api.us-east-1.amazonaws.com/KaaS-ITG/v2/servicepin/000arZpIenlwyT3nNxiVaHPEyJLS/CE993AR"  	[MsgId: MERR-26627]
ServicePin.c(8): Error -26627: HTTP Status-Code=404 (Not Found) for "https://hx9ekpvvbi.execute-api.us-east-1.amazonaws.com/KaaS-ITG/v2/servicepin/000arZpIenlwyT3nNxiVaHPEyJLS/2GP17A"  	[MsgId: MERR-26627]
ServicePin.c(8): Error -26627: HTTP Status-Code=404 (Not Found) for "https://hx9ekpvvbi.execute-api.us-east-1.amazonaws.com/KaaS-ITG/v2/servicepin/000arZpIenlwyT3nNxiVaHPEyJLS/CZ250AR"  	[MsgId: MERR-26627]
ServicePin.c(8): Error -26627: HTTP Status-Code=404 (Not Found) for "https://hx9ekpvvbi.execute-api.us-east-1.amazonaws.com/KaaS-ITG/v2/servicepin/000arZpIenlwyT3nNxiVaHPEyJLS/CE993AR"  	[MsgId: MERR-26627]
Warning: Iteration pacing cannot be reached (pace time = 3.74, actual time = 4.03).	[MsgId: MWAR-15995]
ServicePin.c(8): Error -26627: HTTP Status-Code=404 (Not Found) for "https://hx9ekpvvbi.execute-api.us-east-1.amazonaws.com/KaaS-ITG/v2/servicepin/000arZpIenlwyT3nNxiVaHPEyJLS/2GP04A"  	[MsgId: MERR-26627]
ServicePin.c(8): Error -26627: HTTP Status-Code=404 (Not Found) for "https://hx9ekpvvbi.execute-api.us-east-1.amazonaws.com/KaaS-ITG/v2/servicepin/000arZpIenlwyT3nNxiVaHPEyJLS/5ZN95A"  	[MsgId: MERR-26627]
ServicePin.c(8): Error -26627: HTTP Status-Code=404 (Not Found) for "https://hx9ekpvvbi.execute-api.us-east-1.amazonaws.com/KaaS-ITG/v2/servicepin/000arZpIenlwyT3nNxiVaHPEyJLS/CE994AR"  	[MsgId: MERR-26627]
ServicePin.c(8): Error -26627: HTTP Status-Code=404 (Not Found) for "https://hx9ekpvvbi.execute-api.us-east-1.amazonaws.com/KaaS-ITG/v2/servicepin/000arZpIenlwyT3nNxiVaHPEyJLS/CE989AR"  	[MsgId: MERR-26627]
ServicePin.c(8): Error -26627: HTTP Status-Code=404 (Not Found) for "https://hx9ekpvvbi.execute-api.us-east-1.amazonaws.com/KaaS-ITG/v2/servicepin/000arZpIenlwyT3nNxiVaHPEyJLS/CD645AR"  	[MsgId: MERR-26627]
ServicePin.c(8): Error -26627: HTTP Status-Code=404 (Not Found) for "https://hx9ekpvvbi.execute-api.us-east-1.amazonaws.com/KaaS-ITG/v2/servicepin/000arZpIenlwyT3nNxiVaHPEyJLS/CE995AR"  	[MsgId: MERR-26627]
ServicePin.c(8): Error -26627: HTTP Status-Code=404 (Not Found) for "https://hx9ekpvvbi.execute-api.us-east-1.amazonaws.com/KaaS-ITG/v2/servicepin/000arZpIenlwyT3nNxiVaHPEyJLS/2GP14A"  	[MsgId: MERR-26627]
ServicePin.c(8): Error -26627: HTTP Status-Code=404 (Not Found) for "https://hx9ekpvvbi.execute-api.us-east-1.amazonaws.com/KaaS-ITG/v2/servicepin/000arZpIenlwyT3nNxiVaHPEyJLS/1PV89A"  	[MsgId: MERR-26627]
ServicePin.c(8): Error -26627: HTTP Status-Code=404 (Not Found) for "https://hx9ekpvvbi.execute-api.us-east-1.amazonaws.com/KaaS-ITG/v2/servicepin/000arZpIenlwyT3nNxiVaHPEyJLS/2GP11A"  	[MsgId: MERR-26627]
Warning: Iteration pacing cannot be reached (pace time = 3.81, actual time = 4.27).	[MsgId: MWAR-15995]
ServicePin.c(8): Error -26627: HTTP Status-Code=404 (Not Found) for "https://hx9ekpvvbi.execute-api.us-east-1.amazonaws.com/KaaS-ITG/v2/servicepin/000arZpIenlwyT3nNxiVaHPEyJLS/CE994AR"  	[MsgId: MERR-26627]
ServicePin.c(8): Error -26627: HTTP Status-Code=404 (Not Found) for "https://hx9ekpvvbi.execute-api.us-east-1.amazonaws.com/KaaS-ITG/v2/servicepin/000arZpIenlwyT3nNxiVaHPEyJLS/CZ257AR"  	[MsgId: MERR-26627]
ServicePin.c(8): Error -26627: HTTP Status-Code=404 (Not Found) for "https://hx9ekpvvbi.execute-api.us-east-1.amazonaws.com/KaaS-ITG/v2/servicepin/000arZpIenlwyT3nNxiVaHPEyJLS/5ZN93A"  	[MsgId: MERR-26627]
ServicePin.c(8): Error -26627: HTTP Status-Code=404 (Not Found) for "https://hx9ekpvvbi.execute-api.us-east-1.amazonaws.com/KaaS-ITG/v2/servicepin/000arZpIenlwyT3nNxiVaHPEyJLS/CE996AR"  	[MsgId: MERR-26627]
ServicePin.c(8): Error -26627: HTTP Status-Code=404 (Not Found) for "https://hx9ekpvvbi.execute-api.us-east-1.amazonaws.com/KaaS-ITG/v2/servicepin/000arZpIenlwyT3nNxiVaHPEyJLS/CF082AR"  	[MsgId: MERR-26627]
Warning: Iteration pacing cannot be reached (pace time = 3.85, actual time = 4.55).	[MsgId: MWAR-15995]
ServicePin.c(8): Error -26627: HTTP Status-Code=404 (Not Found) for "https://hx9ekpvvbi.execute-api.us-east-1.amazonaws.com/KaaS-ITG/v2/servicepin/000arZpIenlwyT3nNxiVaHPEyJLS/5ZN95A"  	[MsgId: MERR-26627]
ServicePin.c(8): Error -26627: HTTP Status-Code=404 (Not Found) for "https://hx9ekpvvbi.execute-api.us-east-1.amazonaws.com/KaaS-ITG/v2/servicepin/000arZpIenlwyT3nNxiVaHPEyJLS/J7Z10A"  	[MsgId: MERR-26627]
ServicePin.c(8): Error -26627: HTTP Status-Code=404 (Not Found) for "https://hx9ekpvvbi.execute-api.us-east-1.amazonaws.com/KaaS-ITG/v2/servicepin/000arZpIenlwyT3nNxiVaHPEyJLS/B3G86AR"  	[MsgId: MERR-26627]
ServicePin.c(8): Error -26627: HTTP Status-Code=404 (Not Found) for "https://hx9ekpvvbi.execute-api.us-east-1.amazonaws.com/KaaS-ITG/v2/servicepin/000arZpIenlwyT3nNxiVaHPEyJLS/CE993AR"  	[MsgId: MERR-26627]
ServicePin.c(8): Error -26627: HTTP Status-Code=404 (Not Found) for "https://hx9ekpvvbi.execute-api.us-east-1.amazonaws.com/KaaS-ITG/v2/servicepin/000arZpIenlwyT3nNxiVaHPEyJLS/2CF60A"  	[MsgId: MERR-26627]
ServicePin.c(8): Error -26608: HTTP Status-Code=504 (Gateway Timeout) for "https://hx9ekpvvbi.execute-api.us-east-1.amazonaws.com/KaaS-ITG/v2/servicepin/000arZpIenlwyT3nNxiVaHPEyJLS/CE991AR"  	[MsgId: MERR-26608]
Warning: Iteration pacing cannot be reached (pace time = 3.19, actual time = 29.04).	[MsgId: MWAR-15995]
ServicePin.c(8): Error -26627: HTTP Status-Code=404 (Not Found) for "https://hx9ekpvvbi.execute-api.us-east-1.amazonaws.com/KaaS-ITG/v2/servicepin/000arZpIenlwyT3nNxiVaHPEyJLS/CZ255AR"  	[MsgId: MERR-26627]
ServicePin.c(8): Error -26627: HTTP Status-Code=404 (Not Found) for "https://hx9ekpvvbi.execute-api.us-east-1.amazonaws.com/KaaS-ITG/v2/servicepin/000arZpIenlwyT3nNxiVaHPEyJLS/2CF57A"  	[MsgId: MERR-26627]
ServicePin.c(8): Error -26627: HTTP Status-Code=404 (Not Found) for "https://hx9ekpvvbi.execute-api.us-east-1.amazonaws.com/KaaS-ITG/v2/servicepin/000arZpIenlwyT3nNxiVaHPEyJLS/CF082AR"  	[MsgId: MERR-26627]
ServicePin.c(8): Error -26627: HTTP Status-Code=404 (Not Found) for "https://hx9ekpvvbi.execute-api.us-east-1.amazonaws.com/KaaS-ITG/v2/servicepin/000arZpIenlwyT3nNxiVaHPEyJLS/5ZN93A"  	[MsgId: MERR-26627]
Warning: Iteration pacing cannot be reached (pace time = 3.03, actual time = 7.15).	[MsgId: MWAR-15995]
Warning: Iteration pacing cannot be reached (pace time = 3.77, actual time = 4.05).	[MsgId: MWAR-15995]
ServicePin.c(8): Error -26627: HTTP Status-Code=404 (Not Found) for "https://hx9ekpvvbi.execute-api.us-east-1.amazonaws.com/KaaS-ITG/v2/servicepin/000arZpIenlwyT3nNxiVaHPEyJLS/2GP05A"  	[MsgId: MERR-26627]
ServicePin.c(8): Error -26627: HTTP Status-Code=404 (Not Found) for "https://hx9ekpvvbi.execute-api.us-east-1.amazonaws.com/KaaS-ITG/v2/servicepin/000arZpIenlwyT3nNxiVaHPEyJLS/CF082AR"  	[MsgId: MERR-26627]
ServicePin.c(8): Error -26627: HTTP Status-Code=404 (Not Found) for "https://hx9ekpvvbi.execute-api.us-east-1.amazonaws.com/KaaS-ITG/v2/servicepin/000arZpIenlwyT3nNxiVaHPEyJLS/CE991AR"  	[MsgId: MERR-26627]
ServicePin.c(8): Error -26627: HTTP Status-Code=404 (Not Found) for "https://hx9ekpvvbi.execute-api.us-east-1.amazonaws.com/KaaS-ITG/v2/servicepin/000arZpIenlwyT3nNxiVaHPEyJLS/CF081AR"  	[MsgId: MERR-26627]
ServicePin.c(8): Error -26627: HTTP Status-Code=404 (Not Found) for "https://hx9ekpvvbi.execute-api.us-east-1.amazonaws.com/KaaS-ITG/v2/servicepin/000arZpIenlwyT3nNxiVaHPEyJLS/CZ256AR"  	[MsgId: MERR-26627]
ServicePin.c(8): Error -26627: HTTP Status-Code=404 (Not Found) for "https://hx9ekpvvbi.execute-api.us-east-1.amazonaws.com/KaaS-ITG/v2/servicepin/000arZpIenlwyT3nNxiVaHPEyJLS/J7Z10A"  	[MsgId: MERR-26627]
ServicePin.c(8): Error -26627: HTTP Status-Code=404 (Not Found) for "https://hx9ekpvvbi.execute-api.us-east-1.amazonaws.com/KaaS-ITG/v2/servicepin/000arZpIenlwyT3nNxiVaHPEyJLS/CF083AR"  	[MsgId: MERR-26627]
ServicePin.c(8): Error -26627: HTTP Status-Code=404 (Not Found) for "https://hx9ekpvvbi.execute-api.us-east-1.amazonaws.com/KaaS-ITG/v2/servicepin/000arZpIenlwyT3nNxiVaHPEyJLS/CE991AR"  	[MsgId: MERR-26627]
ServicePin.c(8): Error -26627: HTTP Status-Code=404 (Not Found) for "https://hx9ekpvvbi.execute-api.us-east-1.amazonaws.com/KaaS-ITG/v2/servicepin/000arZpIenlwyT3nNxiVaHPEyJLS/CE993AR"  	[MsgId: MERR-26627]
ServicePin.c(8): Error -26627: HTTP Status-Code=404 (Not Found) for "https://hx9ekpvvbi.execute-api.us-east-1.amazonaws.com/KaaS-ITG/v2/servicepin/000arZpIenlwyT3nNxiVaHPEyJLS/2GP14A"  	[MsgId: MERR-26627]
Warning: Iteration pacing cannot be reached (pace time = 3.18, actual time = 3.30).	[MsgId: MWAR-15995]
Warning: Iteration pacing cannot be reached (pace time = 3.83, actual time = 3.86).	[MsgId: MWAR-15995]
ServicePin.c(8): Error -26627: HTTP Status-Code=404 (Not Found) for "https://hx9ekpvvbi.execute-api.us-east-1.amazonaws.com/KaaS-ITG/v2/servicepin/000arZpIenlwyT3nNxiVaHPEyJLS/CE991AR"  	[MsgId: MERR-26627]
Warning: Iteration pacing cannot be reached (pace time = 3.39, actual time = 3.40).	[MsgId: MWAR-15995]
ServicePin.c(8): Error -26627: HTTP Status-Code=404 (Not Found) for "https://hx9ekpvvbi.execute-api.us-east-1.amazonaws.com/KaaS-ITG/v2/servicepin/000arZpIenlwyT3nNxiVaHPEyJLS/CE991AR"  	[MsgId: MERR-26627]
Warning: Iteration pacing cannot be reached (pace time = 3.58, actual time = 6.61).	[MsgId: MWAR-15995]
ServicePin.c(8): Error -26627: HTTP Status-Code=404 (Not Found) for "https://hx9ekpvvbi.execute-api.us-east-1.amazonaws.com/KaaS-ITG/v2/servicepin/000arZpIenlwyT3nNxiVaHPEyJLS/F3J55A"  	[MsgId: MERR-26627]
ServicePin.c(8): Error -26627: HTTP Status-Code=404 (Not Found) for "https://hx9ekpvvbi.execute-api.us-east-1.amazonaws.com/KaaS-ITG/v2/servicepin/000arZpIenlwyT3nNxiVaHPEyJLS/B3G85AR"  	[MsgId: MERR-26627]
ServicePin.c(8): Error -26627: HTTP Status-Code=404 (Not Found) for "https://hx9ekpvvbi.execute-api.us-east-1.amazonaws.com/KaaS-ITG/v2/servicepin/000arZpIenlwyT3nNxiVaHPEyJLS/CF083AR"  	[MsgId: MERR-26627]
ServicePin.c(8): Error -26627: HTTP Status-Code=404 (Not Found) for "https://hx9ekpvvbi.execute-api.us-east-1.amazonaws.com/KaaS-ITG/v2/servicepin/000arZpIenlwyT3nNxiVaHPEyJLS/J7Z10A"  	[MsgId: MERR-26627]
ServicePin.c(8): Error -26627: HTTP Status-Code=404 (Not Found) for "https://hx9ekpvvbi.execute-api.us-east-1.amazonaws.com/KaaS-ITG/v2/servicepin/000arZpIenlwyT3nNxiVaHPEyJLS/CZ251A"  	[MsgId: MERR-26627]
ServicePin.c(8): Error -26627: HTTP Status-Code=404 (Not Found) for "https://hx9ekpvvbi.execute-api.us-east-1.amazonaws.com/KaaS-ITG/v2/servicepin/000arZpIenlwyT3nNxiVaHPEyJLS/2CF59A"  	[MsgId: MERR-26627]
Warning: Iteration pacing cannot be reached (pace time = 3.74, actual time = 3.75).	[MsgId: MWAR-15995]
ServicePin.c(8): Error -26627: HTTP Status-Code=404 (Not Found) for "https://hx9ekpvvbi.execute-api.us-east-1.amazonaws.com/KaaS-ITG/v2/servicepin/000arZpIenlwyT3nNxiVaHPEyJLS/2CF56A"  	[MsgId: MERR-26627]
ServicePin.c(8): Error -26627: HTTP Status-Code=404 (Not Found) for "https://hx9ekpvvbi.execute-api.us-east-1.amazonaws.com/KaaS-ITG/v2/servicepin/000arZpIenlwyT3nNxiVaHPEyJLS/5ZN94A"  	[MsgId: MERR-26627]
ServicePin.c(8): Error -26627: HTTP Status-Code=404 (Not Found) for "https://hx9ekpvvbi.execute-api.us-east-1.amazonaws.com/KaaS-ITG/v2/servicepin/000arZpIenlwyT3nNxiVaHPEyJLS/2GP05A"  	[MsgId: MERR-26627]
ServicePin.c(8): Error -26627: HTTP Status-Code=404 (Not Found) for "https://hx9ekpvvbi.execute-api.us-east-1.amazonaws.com/KaaS-ITG/v2/servicepin/000arZpIenlwyT3nNxiVaHPEyJLS/5ZN96A"  	[MsgId: MERR-26627]
ServicePin.c(8): Error -26627: HTTP Status-Code=404 (Not Found) for "https://hx9ekpvvbi.execute-api.us-east-1.amazonaws.com/KaaS-ITG/v2/servicepin/000arZpIenlwyT3nNxiVaHPEyJLS/CE991AR"  	[MsgId: MERR-26627]
ServicePin.c(8): Error -26627: HTTP Status-Code=404 (Not Found) for "https://hx9ekpvvbi.execute-api.us-east-1.amazonaws.com/KaaS-ITG/v2/servicepin/000arZpIenlwyT3nNxiVaHPEyJLS/2CF59A"  	[MsgId: MERR-26627]
Warning: Iteration pacing cannot be reached (pace time = 3.22, actual time = 4.10).	[MsgId: MWAR-15995]
ServicePin.c(8): Error -26627: HTTP Status-Code=404 (Not Found) for "https://hx9ekpvvbi.execute-api.us-east-1.amazonaws.com/KaaS-ITG/v2/servicepin/000arZpIenlwyT3nNxiVaHPEyJLS/B3G86AR"  	[MsgId: MERR-26627]
Warning: Iteration pacing cannot be reached (pace time = 3.91, actual time = 19.83).	[MsgId: MWAR-15995]
ServicePin.c(8): Error -26627: HTTP Status-Code=404 (Not Found) for "https://hx9ekpvvbi.execute-api.us-east-1.amazonaws.com/KaaS-ITG/v2/servicepin/000arZpIenlwyT3nNxiVaHPEyJLS/CE989AR"  	[MsgId: MERR-26627]
Warning: Iteration pacing cannot be reached (pace time = 3.53, actual time = 7.16).	[MsgId: MWAR-15995]
ServicePin.c(8): Error -26627: HTTP Status-Code=404 (Not Found) for "https://hx9ekpvvbi.execute-api.us-east-1.amazonaws.com/KaaS-ITG/v2/servicepin/000arZpIenlwyT3nNxiVaHPEyJLS/CZ258A"  	[MsgId: MERR-26627]
Warning: Iteration pacing cannot be reached (pace time = 3.17, actual time = 3.98).	[MsgId: MWAR-15995]
ServicePin.c(8): Error -26627: HTTP Status-Code=404 (Not Found) for "https://hx9ekpvvbi.execute-api.us-east-1.amazonaws.com/KaaS-ITG/v2/servicepin/000arZpIenlwyT3nNxiVaHPEyJLS/CD645AR"  	[MsgId: MERR-26627]
ServicePin.c(8): Error -26627: HTTP Status-Code=404 (Not Found) for "https://hx9ekpvvbi.execute-api.us-east-1.amazonaws.com/KaaS-ITG/v2/servicepin/000arZpIenlwyT3nNxiVaHPEyJLS/CF082AR"  	[MsgId: MERR-26627]
ServicePin.c(8): Error -26627: HTTP Status-Code=404 (Not Found) for "https://hx9ekpvvbi.execute-api.us-east-1.amazonaws.com/KaaS-ITG/v2/servicepin/000arZpIenlwyT3nNxiVaHPEyJLS/2GP10A"  	[MsgId: MERR-26627]
Warning: Iteration pacing cannot be reached (pace time = 3.25, actual time = 5.03).	[MsgId: MWAR-15995]
ServicePin.c(8): Error -26627: HTTP Status-Code=404 (Not Found) for "https://hx9ekpvvbi.execute-api.us-east-1.amazonaws.com/KaaS-ITG/v2/servicepin/000arZpIenlwyT3nNxiVaHPEyJLS/5ZN97A"  	[MsgId: MERR-26627]
ServicePin.c(8): Error -26627: HTTP Status-Code=404 (Not Found) for "https://hx9ekpvvbi.execute-api.us-east-1.amazonaws.com/KaaS-ITG/v2/servicepin/000arZpIenlwyT3nNxiVaHPEyJLS/5ZN92A"  	[MsgId: MERR-26627]
ServicePin.c(8): Error -26627: HTTP Status-Code=404 (Not Found) for "https://hx9ekpvvbi.execute-api.us-east-1.amazonaws.com/KaaS-ITG/v2/servicepin/000arZpIenlwyT3nNxiVaHPEyJLS/CD645AR"  	[MsgId: MERR-26627]
ServicePin.c(8): Error -26627: HTTP Status-Code=404 (Not Found) for "https://hx9ekpvvbi.execute-api.us-east-1.amazonaws.com/KaaS-ITG/v2/servicepin/000arZpIenlwyT3nNxiVaHPEyJLS/CZ249AR"  	[MsgId: MERR-26627]
Warning: Iteration pacing cannot be reached (pace time = 3.01, actual time = 5.93).	[MsgId: MWAR-15995]
ServicePin.c(8): Error -26627: HTTP Status-Code=404 (Not Found) for "https://hx9ekpvvbi.execute-api.us-east-1.amazonaws.com/KaaS-ITG/v2/servicepin/000arZpIenlwyT3nNxiVaHPEyJLS/CE991AR"  	[MsgId: MERR-26627]
ServicePin.c(8): Error -26627: HTTP Status-Code=404 (Not Found) for "https://hx9ekpvvbi.execute-api.us-east-1.amazonaws.com/KaaS-ITG/v2/servicepin/000arZpIenlwyT3nNxiVaHPEyJLS/F3J55A"  	[MsgId: MERR-26627]
Warning: Iteration pacing cannot be reached (pace time = 3.25, actual time = 7.41).	[MsgId: MWAR-15995]
ServicePin.c(8): Error -26627: HTTP Status-Code=404 (Not Found) for "https://hx9ekpvvbi.execute-api.us-east-1.amazonaws.com/KaaS-ITG/v2/servicepin/000arZpIenlwyT3nNxiVaHPEyJLS/5ZN92A"  	[MsgId: MERR-26627]
Warning: Iteration pacing cannot be reached (pace time = 3.75, actual time = 19.41).	[MsgId: MWAR-15995]
Warning: Iteration pacing cannot be reached (pace time = 3.67, actual time = 21.78).	[MsgId: MWAR-15995]
ServicePin.c(8): Error -26627: HTTP Status-Code=404 (Not Found) for "https://hx9ekpvvbi.execute-api.us-east-1.amazonaws.com/KaaS-ITG/v2/servicepin/000arZpIenlwyT3nNxiVaHPEyJLS/5ZN97A"  	[MsgId: MERR-26627]
Warning: Iteration pacing cannot be reached (pace time = 3.77, actual time = 11.43).	[MsgId: MWAR-15995]
ServicePin.c(8): Error -26627: HTTP Status-Code=404 (Not Found) for "https://hx9ekpvvbi.execute-api.us-east-1.amazonaws.com/KaaS-ITG/v2/servicepin/000arZpIenlwyT3nNxiVaHPEyJLS/5ZN88A"  	[MsgId: MERR-26627]
ServicePin.c(8): Error -26608: HTTP Status-Code=504 (Gateway Timeout) for "https://hx9ekpvvbi.execute-api.us-east-1.amazonaws.com/KaaS-ITG/v2/servicepin/000arZpIenlwyT3nNxiVaHPEyJLS/G1W41V"  	[MsgId: MERR-26608]
Warning: Iteration pacing cannot be reached (pace time = 3.75, actual time = 29.04).	[MsgId: MWAR-15995]
ServicePin.c(8): Error -26627: HTTP Status-Code=404 (Not Found) for "https://hx9ekpvvbi.execute-api.us-east-1.amazonaws.com/KaaS-ITG/v2/servicepin/000arZpIenlwyT3nNxiVaHPEyJLS/5ZN94A"  	[MsgId: MERR-26627]
ServicePin.c(8): Error -26627: HTTP Status-Code=404 (Not Found) for "https://hx9ekpvvbi.execute-api.us-east-1.amazonaws.com/KaaS-ITG/v2/servicepin/000arZpIenlwyT3nNxiVaHPEyJLS/2GP16A"  	[MsgId: MERR-26627]
Warning: Iteration pacing cannot be reached (pace time = 3.04, actual time = 4.43).	[MsgId: MWAR-15995]
ServicePin.c(8): Error -26627: HTTP Status-Code=404 (Not Found) for "https://hx9ekpvvbi.execute-api.us-east-1.amazonaws.com/KaaS-ITG/v2/servicepin/000arZpIenlwyT3nNxiVaHPEyJLS/2GP07A"  	[MsgId: MERR-26627]
ServicePin.c(8): Error -26627: HTTP Status-Code=404 (Not Found) for "https://hx9ekpvvbi.execute-api.us-east-1.amazonaws.com/KaaS-ITG/v2/servicepin/000arZpIenlwyT3nNxiVaHPEyJLS/2CF60A"  	[MsgId: MERR-26627]
ServicePin.c(8): Error -26627: HTTP Status-Code=404 (Not Found) for "https://hx9ekpvvbi.execute-api.us-east-1.amazonaws.com/KaaS-ITG/v2/servicepin/000arZpIenlwyT3nNxiVaHPEyJLS/2GP14A"  	[MsgId: MERR-26627]
Warning: Iteration pacing cannot be reached (pace time = 3.87, actual time = 5.20).	[MsgId: MWAR-15995]
ServicePin.c(8): Error -26627: HTTP Status-Code=404 (Not Found) for "https://hx9ekpvvbi.execute-api.us-east-1.amazonaws.com/KaaS-ITG/v2/servicepin/000arZpIenlwyT3nNxiVaHPEyJLS/2GP04A"  	[MsgId: MERR-26627]
Warning: Iteration pacing cannot be reached (pace time = 3.80, actual time = 4.20).	[MsgId: MWAR-15995]
ServicePin.c(8): Error -26627: HTTP Status-Code=404 (Not Found) for "https://hx9ekpvvbi.execute-api.us-east-1.amazonaws.com/KaaS-ITG/v2/servicepin/000arZpIenlwyT3nNxiVaHPEyJLS/CZ248AR"  	[MsgId: MERR-26627]
ServicePin.c(8): Error -26627: HTTP Status-Code=404 (Not Found) for "https://hx9ekpvvbi.execute-api.us-east-1.amazonaws.com/KaaS-ITG/v2/servicepin/000arZpIenlwyT3nNxiVaHPEyJLS/F3J54A"  	[MsgId: MERR-26627]
ServicePin.c(8): Error -26627: HTTP Status-Code=404 (Not Found) for "https://hx9ekpvvbi.execute-api.us-east-1.amazonaws.com/KaaS-ITG/v2/servicepin/000arZpIenlwyT3nNxiVaHPEyJLS/CD645AR"  	[MsgId: MERR-26627]
ServicePin.c(8): Error -26627: HTTP Status-Code=404 (Not Found) for "https://hx9ekpvvbi.execute-api.us-east-1.amazonaws.com/KaaS-ITG/v2/servicepin/000arZpIenlwyT3nNxiVaHPEyJLS/CE993AR"  	[MsgId: MERR-26627]
ServicePin.c(8): Error -26627: HTTP Status-Code=404 (Not Found) for "https://hx9ekpvvbi.execute-api.us-east-1.amazonaws.com/KaaS-ITG/v2/servicepin/000arZpIenlwyT3nNxiVaHPEyJLS/CE992AR"  	[MsgId: MERR-26627]
Warning: Iteration pacing cannot be reached (pace time = 3.21, actual time = 7.22).	[MsgId: MWAR-15995]
ServicePin.c(8): Error -26627: HTTP Status-Code=404 (Not Found) for "https://hx9ekpvvbi.execute-api.us-east-1.amazonaws.com/KaaS-ITG/v2/servicepin/000arZpIenlwyT3nNxiVaHPEyJLS/CD645AR"  	[MsgId: MERR-26627]
ServicePin.c(8): Error -26627: HTTP Status-Code=404 (Not Found) for "https://hx9ekpvvbi.execute-api.us-east-1.amazonaws.com/KaaS-ITG/v2/servicepin/000arZpIenlwyT3nNxiVaHPEyJLS/CE994AR"  	[MsgId: MERR-26627]
ServicePin.c(8): Error -26627: HTTP Status-Code=404 (Not Found) for "https://hx9ekpvvbi.execute-api.us-east-1.amazonaws.com/KaaS-ITG/v2/servicepin/000arZpIenlwyT3nNxiVaHPEyJLS/CE995AR"  	[MsgId: MERR-26627]
Warning: Iteration pacing cannot be reached (pace time = 3.92, actual time = 5.33).	[MsgId: MWAR-15995]
ServicePin.c(8): Error -26627: HTTP Status-Code=404 (Not Found) for "https://hx9ekpvvbi.execute-api.us-east-1.amazonaws.com/KaaS-ITG/v2/servicepin/000arZpIenlwyT3nNxiVaHPEyJLS/CE994AR"  	[MsgId: MERR-26627]
ServicePin.c(8): Error -26627: HTTP Status-Code=404 (Not Found) for "https://hx9ekpvvbi.execute-api.us-east-1.amazonaws.com/KaaS-ITG/v2/servicepin/000arZpIenlwyT3nNxiVaHPEyJLS/CZ249AR"  	[MsgId: MERR-26627]
ServicePin.c(8): Error -26627: HTTP Status-Code=404 (Not Found) for "https://hx9ekpvvbi.execute-api.us-east-1.amazonaws.com/KaaS-ITG/v2/servicepin/000arZpIenlwyT3nNxiVaHPEyJLS/5ZN88A"  	[MsgId: MERR-26627]
ServicePin.c(8): Error -26627: HTTP Status-Code=404 (Not Found) for "https://hx9ekpvvbi.execute-api.us-east-1.amazonaws.com/KaaS-ITG/v2/servicepin/000arZpIenlwyT3nNxiVaHPEyJLS/CE994AR"  	[MsgId: MERR-26627]
Warning: Iteration pacing cannot be reached (pace time = 3.24, actual time = 21.60).	[MsgId: MWAR-15995]
Warning: Iteration pacing cannot be reached (pace time = 3.88, actual time = 14.17).	[MsgId: MWAR-15995]
ServicePin.c(8): Error -26627: HTTP Status-Code=404 (Not Found) for "https://hx9ekpvvbi.execute-api.us-east-1.amazonaws.com/KaaS-ITG/v2/servicepin/000arZpIenlwyT3nNxiVaHPEyJLS/5ZN88A"  	[MsgId: MERR-26627]
ServicePin.c(8): Error -26627: HTTP Status-Code=404 (Not Found) for "https://hx9ekpvvbi.execute-api.us-east-1.amazonaws.com/KaaS-ITG/v2/servicepin/000arZpIenlwyT3nNxiVaHPEyJLS/CF082AR"  	[MsgId: MERR-26627]
ServicePin.c(8): Error -26627: HTTP Status-Code=404 (Not Found) for "https://hx9ekpvvbi.execute-api.us-east-1.amazonaws.com/KaaS-ITG/v2/servicepin/000arZpIenlwyT3nNxiVaHPEyJLS/F3J54A"  	[MsgId: MERR-26627]
Warning: Iteration pacing cannot be reached (pace time = 3.06, actual time = 7.55).	[MsgId: MWAR-15995]
ServicePin.c(8): Error -26627: HTTP Status-Code=404 (Not Found) for "https://hx9ekpvvbi.execute-api.us-east-1.amazonaws.com/KaaS-ITG/v2/servicepin/000arZpIenlwyT3nNxiVaHPEyJLS/2CF57A"  	[MsgId: MERR-26627]
ServicePin.c(8): Error -26627: HTTP Status-Code=404 (Not Found) for "https://hx9ekpvvbi.execute-api.us-east-1.amazonaws.com/KaaS-ITG/v2/servicepin/000arZpIenlwyT3nNxiVaHPEyJLS/2CF60A"  	[MsgId: MERR-26627]
ServicePin.c(8): Error -26627: HTTP Status-Code=404 (Not Found) for "https://hx9ekpvvbi.execute-api.us-east-1.amazonaws.com/KaaS-ITG/v2/servicepin/000arZpIenlwyT3nNxiVaHPEyJLS/CD645AR"  	[MsgId: MERR-26627]
ServicePin.c(8): Error -26627: HTTP Status-Code=404 (Not Found) for "https://hx9ekpvvbi.execute-api.us-east-1.amazonaws.com/KaaS-ITG/v2/servicepin/000arZpIenlwyT3nNxiVaHPEyJLS/CZ251V"  	[MsgId: MERR-26627]
ServicePin.c(8): Error -26627: HTTP Status-Code=404 (Not Found) for "https://hx9ekpvvbi.execute-api.us-east-1.amazonaws.com/KaaS-ITG/v2/servicepin/000arZpIenlwyT3nNxiVaHPEyJLS/CE994AR"  	[MsgId: MERR-26627]
ServicePin.c(8): Error -26627: HTTP Status-Code=404 (Not Found) for "https://hx9ekpvvbi.execute-api.us-east-1.amazonaws.com/KaaS-ITG/v2/servicepin/000arZpIenlwyT3nNxiVaHPEyJLS/2GP07A"  	[MsgId: MERR-26627]
ServicePin.c(8): Error -26627: HTTP Status-Code=404 (Not Found) for "https://hx9ekpvvbi.execute-api.us-east-1.amazonaws.com/KaaS-ITG/v2/servicepin/000arZpIenlwyT3nNxiVaHPEyJLS/5ZN96A"  	[MsgId: MERR-26627]
Warning: Iteration pacing cannot be reached (pace time = 3.70, actual time = 5.48).	[MsgId: MWAR-15995]
ServicePin.c(8): Error -26627: HTTP Status-Code=404 (Not Found) for "https://hx9ekpvvbi.execute-api.us-east-1.amazonaws.com/KaaS-ITG/v2/servicepin/000arZpIenlwyT3nNxiVaHPEyJLS/CE992AR"  	[MsgId: MERR-26627]
ServicePin.c(8): Error -26627: HTTP Status-Code=404 (Not Found) for "https://hx9ekpvvbi.execute-api.us-east-1.amazonaws.com/KaaS-ITG/v2/servicepin/000arZpIenlwyT3nNxiVaHPEyJLS/CD645AR"  	[MsgId: MERR-26627]
Warning: Iteration pacing cannot be reached (pace time = 3.05, actual time = 3.46).	[MsgId: MWAR-15995]
ServicePin.c(8): Error -26627: HTTP Status-Code=404 (Not Found) for "https://hx9ekpvvbi.execute-api.us-east-1.amazonaws.com/KaaS-ITG/v2/servicepin/000arZpIenlwyT3nNxiVaHPEyJLS/5ZN96A"  	[MsgId: MERR-26627]
ServicePin.c(8): Error -26627: HTTP Status-Code=404 (Not Found) for "https://hx9ekpvvbi.execute-api.us-east-1.amazonaws.com/KaaS-ITG/v2/servicepin/000arZpIenlwyT3nNxiVaHPEyJLS/2CF56A"  	[MsgId: MERR-26627]
ServicePin.c(8): Error -26627: HTTP Status-Code=404 (Not Found) for "https://hx9ekpvvbi.execute-api.us-east-1.amazonaws.com/KaaS-ITG/v2/servicepin/000arZpIenlwyT3nNxiVaHPEyJLS/5ZN96A"  	[MsgId: MERR-26627]
Warning: Iteration pacing cannot be reached (pace time = 3.84, actual time = 4.65).	[MsgId: MWAR-15995]
ServicePin.c(8): Error -26627: HTTP Status-Code=404 (Not Found) for "https://hx9ekpvvbi.execute-api.us-east-1.amazonaws.com/KaaS-ITG/v2/servicepin/000arZpIenlwyT3nNxiVaHPEyJLS/J7Z10A"  	[MsgId: MERR-26627]
ServicePin.c(8): Error -26627: HTTP Status-Code=404 (Not Found) for "https://hx9ekpvvbi.execute-api.us-east-1.amazonaws.com/KaaS-ITG/v2/servicepin/000arZpIenlwyT3nNxiVaHPEyJLS/CD645AR"  	[MsgId: MERR-26627]
ServicePin.c(8): Error -26627: HTTP Status-Code=404 (Not Found) for "https://hx9ekpvvbi.execute-api.us-east-1.amazonaws.com/KaaS-ITG/v2/servicepin/000arZpIenlwyT3nNxiVaHPEyJLS/5ZN89A"  	[MsgId: MERR-26627]
ServicePin.c(8): Error -26627: HTTP Status-Code=404 (Not Found) for "https://hx9ekpvvbi.execute-api.us-east-1.amazonaws.com/KaaS-ITG/v2/servicepin/000arZpIenlwyT3nNxiVaHPEyJLS/5ZN92A"  	[MsgId: MERR-26627]
Warning: Iteration pacing cannot be reached (pace time = 3.77, actual time = 5.44).	[MsgId: MWAR-15995]
ServicePin.c(8): Error -26627: HTTP Status-Code=404 (Not Found) for "https://hx9ekpvvbi.execute-api.us-east-1.amazonaws.com/KaaS-ITG/v2/servicepin/000arZpIenlwyT3nNxiVaHPEyJLS/CE994AR"  	[MsgId: MERR-26627]
ServicePin.c(8): Error -26627: HTTP Status-Code=404 (Not Found) for "https://hx9ekpvvbi.execute-api.us-east-1.amazonaws.com/KaaS-ITG/v2/servicepin/000arZpIenlwyT3nNxiVaHPEyJLS/2GP07A"  	[MsgId: MERR-26627]
ServicePin.c(8): Error -26627: HTTP Status-Code=404 (Not Found) for "https://hx9ekpvvbi.execute-api.us-east-1.amazonaws.com/KaaS-ITG/v2/servicepin/000arZpIenlwyT3nNxiVaHPEyJLS/CE991AR"  	[MsgId: MERR-26627]
ServicePin.c(8): Error -26627: HTTP Status-Code=404 (Not Found) for "https://hx9ekpvvbi.execute-api.us-east-1.amazonaws.com/KaaS-ITG/v2/servicepin/000arZpIenlwyT3nNxiVaHPEyJLS/2CF59A"  	[MsgId: MERR-26627]
ServicePin.c(8): Error -26627: HTTP Status-Code=404 (Not Found) for "https://hx9ekpvvbi.execute-api.us-east-1.amazonaws.com/KaaS-ITG/v2/servicepin/000arZpIenlwyT3nNxiVaHPEyJLS/2GP10A"  	[MsgId: MERR-26627]
ServicePin.c(8): Error -26627: HTTP Status-Code=404 (Not Found) for "https://hx9ekpvvbi.execute-api.us-east-1.amazonaws.com/KaaS-ITG/v2/servicepin/000arZpIenlwyT3nNxiVaHPEyJLS/5ZN93A"  	[MsgId: MERR-26627]
ServicePin.c(8): Error -26627: HTTP Status-Code=404 (Not Found) for "https://hx9ekpvvbi.execute-api.us-east-1.amazonaws.com/KaaS-ITG/v2/servicepin/000arZpIenlwyT3nNxiVaHPEyJLS/2CF60A"  	[MsgId: MERR-26627]
ServicePin.c(8): Error -26627: HTTP Status-Code=404 (Not Found) for "https://hx9ekpvvbi.execute-api.us-east-1.amazonaws.com/KaaS-ITG/v2/servicepin/000arZpIenlwyT3nNxiVaHPEyJLS/CF082AR"  	[MsgId: MERR-26627]
ServicePin.c(8): Error -26627: HTTP Status-Code=404 (Not Found) for "https://hx9ekpvvbi.execute-api.us-east-1.amazonaws.com/KaaS-ITG/v2/servicepin/000arZpIenlwyT3nNxiVaHPEyJLS/CF082AR"  	[MsgId: MERR-26627]
ServicePin.c(8): Error -26627: HTTP Status-Code=404 (Not Found) for "https://hx9ekpvvbi.execute-api.us-east-1.amazonaws.com/KaaS-ITG/v2/servicepin/000arZpIenlwyT3nNxiVaHPEyJLS/2GP10A"  	[MsgId: MERR-26627]
ServicePin.c(8): Error -26627: HTTP Status-Code=404 (Not Found) for "https://hx9ekpvvbi.execute-api.us-east-1.amazonaws.com/KaaS-ITG/v2/servicepin/000arZpIenlwyT3nNxiVaHPEyJLS/CD645AR"  	[MsgId: MERR-26627]
Warning: Iteration pacing cannot be reached (pace time = 3.04, actual time = 3.49).	[MsgId: MWAR-15995]
ServicePin.c(8): Error -26627: HTTP Status-Code=404 (Not Found) for "https://hx9ekpvvbi.execute-api.us-east-1.amazonaws.com/KaaS-ITG/v2/servicepin/000arZpIenlwyT3nNxiVaHPEyJLS/5ZN89A"  	[MsgId: MERR-26627]
ServicePin.c(8): Error -26627: HTTP Status-Code=404 (Not Found) for "https://hx9ekpvvbi.execute-api.us-east-1.amazonaws.com/KaaS-ITG/v2/servicepin/000arZpIenlwyT3nNxiVaHPEyJLS/CD646AR"  	[MsgId: MERR-26627]
ServicePin.c(8): Error -26627: HTTP Status-Code=404 (Not Found) for "https://hx9ekpvvbi.execute-api.us-east-1.amazonaws.com/KaaS-ITG/v2/servicepin/000arZpIenlwyT3nNxiVaHPEyJLS/2CF57A"  	[MsgId: MERR-26627]
Warning: Iteration pacing cannot be reached (pace time = 3.46, actual time = 5.45).	[MsgId: MWAR-15995]
ServicePin.c(8): Error -26627: HTTP Status-Code=404 (Not Found) for "https://hx9ekpvvbi.execute-api.us-east-1.amazonaws.com/KaaS-ITG/v2/servicepin/000arZpIenlwyT3nNxiVaHPEyJLS/2GP14A"  	[MsgId: MERR-26627]
Warning: Iteration pacing cannot be reached (pace time = 3.79, actual time = 5.71).	[MsgId: MWAR-15995]
Warning: Iteration pacing cannot be reached (pace time = 4.00, actual time = 11.16).	[MsgId: MWAR-15995]
ServicePin.c(8): Error -26627: HTTP Status-Code=404 (Not Found) for "https://hx9ekpvvbi.execute-api.us-east-1.amazonaws.com/KaaS-ITG/v2/servicepin/000arZpIenlwyT3nNxiVaHPEyJLS/B3G85AR"  	[MsgId: MERR-26627]
ServicePin.c(8): Error -26627: HTTP Status-Code=404 (Not Found) for "https://hx9ekpvvbi.execute-api.us-east-1.amazonaws.com/KaaS-ITG/v2/servicepin/000arZpIenlwyT3nNxiVaHPEyJLS/5ZN88A"  	[MsgId: MERR-26627]
ServicePin.c(8): Error -26627: HTTP Status-Code=404 (Not Found) for "https://hx9ekpvvbi.execute-api.us-east-1.amazonaws.com/KaaS-ITG/v2/servicepin/000arZpIenlwyT3nNxiVaHPEyJLS/CZ250AR"  	[MsgId: MERR-26627]
ServicePin.c(8): Error -26627: HTTP Status-Code=404 (Not Found) for "https://hx9ekpvvbi.execute-api.us-east-1.amazonaws.com/KaaS-ITG/v2/servicepin/000arZpIenlwyT3nNxiVaHPEyJLS/J7Z10A"  	[MsgId: MERR-26627]
Warning: Iteration pacing cannot be reached (pace time = 3.20, actual time = 3.26).	[MsgId: MWAR-15995]
ServicePin.c(8): Error -26627: HTTP Status-Code=404 (Not Found) for "https://hx9ekpvvbi.execute-api.us-east-1.amazonaws.com/KaaS-ITG/v2/servicepin/000arZpIenlwyT3nNxiVaHPEyJLS/5ZN89A"  	[MsgId: MERR-26627]
ServicePin.c(8): Error -26627: HTTP Status-Code=404 (Not Found) for "https://hx9ekpvvbi.execute-api.us-east-1.amazonaws.com/KaaS-ITG/v2/servicepin/000arZpIenlwyT3nNxiVaHPEyJLS/F3J54A"  	[MsgId: MERR-26627]
ServicePin.c(8): Error -26627: HTTP Status-Code=404 (Not Found) for "https://hx9ekpvvbi.execute-api.us-east-1.amazonaws.com/KaaS-ITG/v2/servicepin/000arZpIenlwyT3nNxiVaHPEyJLS/2GP17A"  	[MsgId: MERR-26627]
ServicePin.c(8): Error -26627: HTTP Status-Code=404 (Not Found) for "https://hx9ekpvvbi.execute-api.us-east-1.amazonaws.com/KaaS-ITG/v2/servicepin/000arZpIenlwyT3nNxiVaHPEyJLS/B3G85AR"  	[MsgId: MERR-26627]
ServicePin.c(8): Error -26627: HTTP Status-Code=404 (Not Found) for "https://hx9ekpvvbi.execute-api.us-east-1.amazonaws.com/KaaS-ITG/v2/servicepin/000arZpIenlwyT3nNxiVaHPEyJLS/CD644AR"  	[MsgId: MERR-26627]
ServicePin.c(8): Error -26627: HTTP Status-Code=404 (Not Found) for "https://hx9ekpvvbi.execute-api.us-east-1.amazonaws.com/KaaS-ITG/v2/servicepin/000arZpIenlwyT3nNxiVaHPEyJLS/2GP17A"  	[MsgId: MERR-26627]
ServicePin.c(8): Error -26627: HTTP Status-Code=404 (Not Found) for "https://hx9ekpvvbi.execute-api.us-east-1.amazonaws.com/KaaS-ITG/v2/servicepin/000arZpIenlwyT3nNxiVaHPEyJLS/CF081AR"  	[MsgId: MERR-26627]
ServicePin.c(8): Error -26627: HTTP Status-Code=404 (Not Found) for "https://hx9ekpvvbi.execute-api.us-east-1.amazonaws.com/KaaS-ITG/v2/servicepin/000arZpIenlwyT3nNxiVaHPEyJLS/CF082AR"  	[MsgId: MERR-26627]
ServicePin.c(8): Error -26627: HTTP Status-Code=404 (Not Found) for "https://hx9ekpvvbi.execute-api.us-east-1.amazonaws.com/KaaS-ITG/v2/servicepin/000arZpIenlwyT3nNxiVaHPEyJLS/CZ251V"  	[MsgId: MERR-26627]
ServicePin.c(8): Error -26627: HTTP Status-Code=404 (Not Found) for "https://hx9ekpvvbi.execute-api.us-east-1.amazonaws.com/KaaS-ITG/v2/servicepin/000arZpIenlwyT3nNxiVaHPEyJLS/CZ248AR"  	[MsgId: MERR-26627]
Warning: Iteration pacing cannot be reached (pace time = 3.82, actual time = 5.56).	[MsgId: MWAR-15995]
ServicePin.c(8): Error -26627: HTTP Status-Code=404 (Not Found) for "https://hx9ekpvvbi.execute-api.us-east-1.amazonaws.com/KaaS-ITG/v2/servicepin/000arZpIenlwyT3nNxiVaHPEyJLS/CZ251A"  	[MsgId: MERR-26627]
ServicePin.c(8): Error -26627: HTTP Status-Code=404 (Not Found) for "https://hx9ekpvvbi.execute-api.us-east-1.amazonaws.com/KaaS-ITG/v2/servicepin/000arZpIenlwyT3nNxiVaHPEyJLS/2GP13A"  	[MsgId: MERR-26627]
ServicePin.c(8): Error -26627: HTTP Status-Code=404 (Not Found) for "https://hx9ekpvvbi.execute-api.us-east-1.amazonaws.com/KaaS-ITG/v2/servicepin/000arZpIenlwyT3nNxiVaHPEyJLS/2GP04A"  	[MsgId: MERR-26627]
ServicePin.c(8): Error -26627: HTTP Status-Code=404 (Not Found) for "https://hx9ekpvvbi.execute-api.us-east-1.amazonaws.com/KaaS-ITG/v2/servicepin/000arZpIenlwyT3nNxiVaHPEyJLS/2CF60A"  	[MsgId: MERR-26627]
Warning: Iteration pacing cannot be reached (pace time = 3.06, actual time = 5.72).	[MsgId: MWAR-15995]
ServicePin.c(8): Error -26627: HTTP Status-Code=404 (Not Found) for "https://hx9ekpvvbi.execute-api.us-east-1.amazonaws.com/KaaS-ITG/v2/servicepin/000arZpIenlwyT3nNxiVaHPEyJLS/CF081AR"  	[MsgId: MERR-26627]
ServicePin.c(8): Error -26627: HTTP Status-Code=404 (Not Found) for "https://hx9ekpvvbi.execute-api.us-east-1.amazonaws.com/KaaS-ITG/v2/servicepin/000arZpIenlwyT3nNxiVaHPEyJLS/CE991AR"  	[MsgId: MERR-26627]
ServicePin.c(8): Error -26627: HTTP Status-Code=404 (Not Found) for "https://hx9ekpvvbi.execute-api.us-east-1.amazonaws.com/KaaS-ITG/v2/servicepin/000arZpIenlwyT3nNxiVaHPEyJLS/CZ251A"  	[MsgId: MERR-26627]
ServicePin.c(8): Error -26627: HTTP Status-Code=404 (Not Found) for "https://hx9ekpvvbi.execute-api.us-east-1.amazonaws.com/KaaS-ITG/v2/servicepin/000arZpIenlwyT3nNxiVaHPEyJLS/1PV89A"  	[MsgId: MERR-26627]
ServicePin.c(8): Error -26627: HTTP Status-Code=404 (Not Found) for "https://hx9ekpvvbi.execute-api.us-east-1.amazonaws.com/KaaS-ITG/v2/servicepin/000arZpIenlwyT3nNxiVaHPEyJLS/CE994AR"  	[MsgId: MERR-26627]
ServicePin.c(8): Error -26627: HTTP Status-Code=404 (Not Found) for "https://hx9ekpvvbi.execute-api.us-east-1.amazonaws.com/KaaS-ITG/v2/servicepin/000arZpIenlwyT3nNxiVaHPEyJLS/B3G84AR"  	[MsgId: MERR-26627]
ServicePin.c(8): Error -26627: HTTP Status-Code=404 (Not Found) for "https://hx9ekpvvbi.execute-api.us-east-1.amazonaws.com/KaaS-ITG/v2/servicepin/000arZpIenlwyT3nNxiVaHPEyJLS/B3G85AR"  	[MsgId: MERR-26627]
ServicePin.c(8): Error -26627: HTTP Status-Code=404 (Not Found) for "https://hx9ekpvvbi.execute-api.us-east-1.amazonaws.com/KaaS-ITG/v2/servicepin/000arZpIenlwyT3nNxiVaHPEyJLS/CF082AR"  	[MsgId: MERR-26627]
ServicePin.c(8): Error -26627: HTTP Status-Code=404 (Not Found) for "https://hx9ekpvvbi.execute-api.us-east-1.amazonaws.com/KaaS-ITG/v2/servicepin/000arZpIenlwyT3nNxiVaHPEyJLS/2CF59A"  	[MsgId: MERR-26627]
ServicePin.c(8): Error -26627: HTTP Status-Code=404 (Not Found) for "https://hx9ekpvvbi.execute-api.us-east-1.amazonaws.com/KaaS-ITG/v2/servicepin/000arZpIenlwyT3nNxiVaHPEyJLS/CF081AR"  	[MsgId: MERR-26627]
ServicePin.c(8): Error -26627: HTTP Status-Code=404 (Not Found) for "https://hx9ekpvvbi.execute-api.us-east-1.amazonaws.com/KaaS-ITG/v2/servicepin/000arZpIenlwyT3nNxiVaHPEyJLS/2CF56A"  	[MsgId: MERR-26627]
ServicePin.c(8): Error -26627: HTTP Status-Code=404 (Not Found) for "https://hx9ekpvvbi.execute-api.us-east-1.amazonaws.com/KaaS-ITG/v2/servicepin/000arZpIenlwyT3nNxiVaHPEyJLS/CZ251A"  	[MsgId: MERR-26627]
ServicePin.c(8): Error -26627: HTTP Status-Code=404 (Not Found) for "https://hx9ekpvvbi.execute-api.us-east-1.amazonaws.com/KaaS-ITG/v2/servicepin/000arZpIenlwyT3nNxiVaHPEyJLS/CE992AR"  	[MsgId: MERR-26627]
ServicePin.c(8): Error -26627: HTTP Status-Code=404 (Not Found) for "https://hx9ekpvvbi.execute-api.us-east-1.amazonaws.com/KaaS-ITG/v2/servicepin/000arZpIenlwyT3nNxiVaHPEyJLS/5ZN94A"  	[MsgId: MERR-26627]
ServicePin.c(8): Error -26627: HTTP Status-Code=404 (Not Found) for "https://hx9ekpvvbi.execute-api.us-east-1.amazonaws.com/KaaS-ITG/v2/servicepin/000arZpIenlwyT3nNxiVaHPEyJLS/5ZN97A"  	[MsgId: MERR-26627]
Warning: Iteration pacing cannot be reached (pace time = 3.24, actual time = 5.39).	[MsgId: MWAR-15995]
ServicePin.c(8): Error -26627: HTTP Status-Code=404 (Not Found) for "https://hx9ekpvvbi.execute-api.us-east-1.amazonaws.com/KaaS-ITG/v2/servicepin/000arZpIenlwyT3nNxiVaHPEyJLS/CF081AR"  	[MsgId: MERR-26627]
Warning: Iteration pacing cannot be reached (pace time = 3.91, actual time = 4.71).	[MsgId: MWAR-15995]
ServicePin.c(8): Error -26627: HTTP Status-Code=404 (Not Found) for "https://hx9ekpvvbi.execute-api.us-east-1.amazonaws.com/KaaS-ITG/v2/servicepin/000arZpIenlwyT3nNxiVaHPEyJLS/CZ257AR"  	[MsgId: MERR-26627]
ServicePin.c(8): Error -26627: HTTP Status-Code=404 (Not Found) for "https://hx9ekpvvbi.execute-api.us-east-1.amazonaws.com/KaaS-ITG/v2/servicepin/000arZpIenlwyT3nNxiVaHPEyJLS/1PV89A"  	[MsgId: MERR-26627]
ServicePin.c(8): Error -26627: HTTP Status-Code=404 (Not Found) for "https://hx9ekpvvbi.execute-api.us-east-1.amazonaws.com/KaaS-ITG/v2/servicepin/000arZpIenlwyT3nNxiVaHPEyJLS/2GP13A"  	[MsgId: MERR-26627]
ServicePin.c(8): Error -26627: HTTP Status-Code=404 (Not Found) for "https://hx9ekpvvbi.execute-api.us-east-1.amazonaws.com/KaaS-ITG/v2/servicepin/000arZpIenlwyT3nNxiVaHPEyJLS/5ZN89A"  	[MsgId: MERR-26627]
ServicePin.c(8): Error -26627: HTTP Status-Code=404 (Not Found) for "https://hx9ekpvvbi.execute-api.us-east-1.amazonaws.com/KaaS-ITG/v2/servicepin/000arZpIenlwyT3nNxiVaHPEyJLS/CE989AR"  	[MsgId: MERR-26627]
ServicePin.c(8): Error -26627: HTTP Status-Code=404 (Not Found) for "https://hx9ekpvvbi.execute-api.us-east-1.amazonaws.com/KaaS-ITG/v2/servicepin/000arZpIenlwyT3nNxiVaHPEyJLS/CF082AR"  	[MsgId: MERR-26627]
ServicePin.c(8): Error -26627: HTTP Status-Code=404 (Not Found) for "https://hx9ekpvvbi.execute-api.us-east-1.amazonaws.com/KaaS-ITG/v2/servicepin/000arZpIenlwyT3nNxiVaHPEyJLS/1PV89A"  	[MsgId: MERR-26627]
ServicePin.c(8): Error -26627: HTTP Status-Code=404 (Not Found) for "https://hx9ekpvvbi.execute-api.us-east-1.amazonaws.com/KaaS-ITG/v2/servicepin/000arZpIenlwyT3nNxiVaHPEyJLS/5ZN95A"  	[MsgId: MERR-26627]
ServicePin.c(8): Error -26627: HTTP Status-Code=404 (Not Found) for "https://hx9ekpvvbi.execute-api.us-east-1.amazonaws.com/KaaS-ITG/v2/servicepin/000arZpIenlwyT3nNxiVaHPEyJLS/5ZN96A"  	[MsgId: MERR-26627]
ServicePin.c(8): Error -26627: HTTP Status-Code=404 (Not Found) for "https://hx9ekpvvbi.execute-api.us-east-1.amazonaws.com/KaaS-ITG/v2/servicepin/000arZpIenlwyT3nNxiVaHPEyJLS/CZ248AR"  	[MsgId: MERR-26627]
ServicePin.c(8): Error -26627: HTTP Status-Code=404 (Not Found) for "https://hx9ekpvvbi.execute-api.us-east-1.amazonaws.com/KaaS-ITG/v2/servicepin/000arZpIenlwyT3nNxiVaHPEyJLS/B3G86AR"  	[MsgId: MERR-26627]
ServicePin.c(8): Error -26627: HTTP Status-Code=404 (Not Found) for "https://hx9ekpvvbi.execute-api.us-east-1.amazonaws.com/KaaS-ITG/v2/servicepin/000arZpIenlwyT3nNxiVaHPEyJLS/2CF57A"  	[MsgId: MERR-26627]
ServicePin.c(8): Error -26627: HTTP Status-Code=404 (Not Found) for "https://hx9ekpvvbi.execute-api.us-east-1.amazonaws.com/KaaS-ITG/v2/servicepin/000arZpIenlwyT3nNxiVaHPEyJLS/2CF56A"  	[MsgId: MERR-26627]
ServicePin.c(8): Error -26627: HTTP Status-Code=404 (Not Found) for "https://hx9ekpvvbi.execute-api.us-east-1.amazonaws.com/KaaS-ITG/v2/servicepin/000arZpIenlwyT3nNxiVaHPEyJLS/CZ249AR"  	[MsgId: MERR-26627]
Warning: Iteration pacing cannot be reached (pace time = 3.92, actual time = 4.91).	[MsgId: MWAR-15995]
ServicePin.c(8): Error -26627: HTTP Status-Code=404 (Not Found) for "https://hx9ekpvvbi.execute-api.us-east-1.amazonaws.com/KaaS-ITG/v2/servicepin/000arZpIenlwyT3nNxiVaHPEyJLS/CZ256AR"  	[MsgId: MERR-26627]
Warning: Iteration pacing cannot be reached (pace time = 3.48, actual time = 4.66).	[MsgId: MWAR-15995]
ServicePin.c(8): Error -26627: HTTP Status-Code=404 (Not Found) for "https://hx9ekpvvbi.execute-api.us-east-1.amazonaws.com/KaaS-ITG/v2/servicepin/000arZpIenlwyT3nNxiVaHPEyJLS/CF083AR"  	[MsgId: MERR-26627]
ServicePin.c(8): Error -26627: HTTP Status-Code=404 (Not Found) for "https://hx9ekpvvbi.execute-api.us-east-1.amazonaws.com/KaaS-ITG/v2/servicepin/000arZpIenlwyT3nNxiVaHPEyJLS/5ZN95A"  	[MsgId: MERR-26627]
Warning: Iteration pacing cannot be reached (pace time = 3.09, actual time = 4.89).	[MsgId: MWAR-15995]
Warning: Iteration pacing cannot be reached (pace time = 3.22, actual time = 3.33).	[MsgId: MWAR-15995]
ServicePin.c(8): Error -26627: HTTP Status-Code=404 (Not Found) for "https://hx9ekpvvbi.execute-api.us-east-1.amazonaws.com/KaaS-ITG/v2/servicepin/000arZpIenlwyT3nNxiVaHPEyJLS/F3J55A"  	[MsgId: MERR-26627]
Warning: Iteration pacing cannot be reached (pace time = 3.30, actual time = 4.09).	[MsgId: MWAR-15995]
Warning: Iteration pacing cannot be reached (pace time = 3.50, actual time = 4.16).	[MsgId: MWAR-15995]
ServicePin.c(8): Error -26627: HTTP Status-Code=404 (Not Found) for "https://hx9ekpvvbi.execute-api.us-east-1.amazonaws.com/KaaS-ITG/v2/servicepin/000arZpIenlwyT3nNxiVaHPEyJLS/5ZN97A"  	[MsgId: MERR-26627]
Warning: Iteration pacing cannot be reached (pace time = 3.19, actual time = 6.69).	[MsgId: MWAR-15995]
ServicePin.c(8): Error -26627: HTTP Status-Code=404 (Not Found) for "https://hx9ekpvvbi.execute-api.us-east-1.amazonaws.com/KaaS-ITG/v2/servicepin/000arZpIenlwyT3nNxiVaHPEyJLS/5ZN88A"  	[MsgId: MERR-26627]
ServicePin.c(8): Error -26627: HTTP Status-Code=404 (Not Found) for "https://hx9ekpvvbi.execute-api.us-east-1.amazonaws.com/KaaS-ITG/v2/servicepin/000arZpIenlwyT3nNxiVaHPEyJLS/CZ248AR"  	[MsgId: MERR-26627]
ServicePin.c(8): Error -26627: HTTP Status-Code=404 (Not Found) for "https://hx9ekpvvbi.execute-api.us-east-1.amazonaws.com/KaaS-ITG/v2/servicepin/000arZpIenlwyT3nNxiVaHPEyJLS/J7Z10A"  	[MsgId: MERR-26627]
ServicePin.c(8): Error -26627: HTTP Status-Code=404 (Not Found) for "https://hx9ekpvvbi.execute-api.us-east-1.amazonaws.com/KaaS-ITG/v2/servicepin/000arZpIenlwyT3nNxiVaHPEyJLS/CZ256AR"  	[MsgId: MERR-26627]
Warning: Iteration pacing cannot be reached (pace time = 3.94, actual time = 8.82).	[MsgId: MWAR-15995]
ServicePin.c(8): Error -26627: HTTP Status-Code=404 (Not Found) for "https://hx9ekpvvbi.execute-api.us-east-1.amazonaws.com/KaaS-ITG/v2/servicepin/000arZpIenlwyT3nNxiVaHPEyJLS/2CF56A"  	[MsgId: MERR-26627]
ServicePin.c(8): Error -26627: HTTP Status-Code=404 (Not Found) for "https://hx9ekpvvbi.execute-api.us-east-1.amazonaws.com/KaaS-ITG/v2/servicepin/000arZpIenlwyT3nNxiVaHPEyJLS/5ZN89A"  	[MsgId: MERR-26627]
ServicePin.c(8): Error -26627: HTTP Status-Code=404 (Not Found) for "https://hx9ekpvvbi.execute-api.us-east-1.amazonaws.com/KaaS-ITG/v2/servicepin/000arZpIenlwyT3nNxiVaHPEyJLS/2CF59A"  	[MsgId: MERR-26627]
ServicePin.c(8): Error -26627: HTTP Status-Code=404 (Not Found) for "https://hx9ekpvvbi.execute-api.us-east-1.amazonaws.com/KaaS-ITG/v2/servicepin/000arZpIenlwyT3nNxiVaHPEyJLS/5ZN89A"  	[MsgId: MERR-26627]
ServicePin.c(8): Error -26627: HTTP Status-Code=404 (Not Found) for "https://hx9ekpvvbi.execute-api.us-east-1.amazonaws.com/KaaS-ITG/v2/servicepin/000arZpIenlwyT3nNxiVaHPEyJLS/2GP04A"  	[MsgId: MERR-26627]
ServicePin.c(8): Error -26627: HTTP Status-Code=404 (Not Found) for "https://hx9ekpvvbi.execute-api.us-east-1.amazonaws.com/KaaS-ITG/v2/servicepin/000arZpIenlwyT3nNxiVaHPEyJLS/CE995AR"  	[MsgId: MERR-26627]
ServicePin.c(8): Error -26627: HTTP Status-Code=404 (Not Found) for "https://hx9ekpvvbi.execute-api.us-east-1.amazonaws.com/KaaS-ITG/v2/servicepin/000arZpIenlwyT3nNxiVaHPEyJLS/CE992AR"  	[MsgId: MERR-26627]
ServicePin.c(8): Error -26627: HTTP Status-Code=404 (Not Found) for "https://hx9ekpvvbi.execute-api.us-east-1.amazonaws.com/KaaS-ITG/v2/servicepin/000arZpIenlwyT3nNxiVaHPEyJLS/B3G85AR"  	[MsgId: MERR-26627]
ServicePin.c(8): Error -26627: HTTP Status-Code=404 (Not Found) for "https://hx9ekpvvbi.execute-api.us-east-1.amazonaws.com/KaaS-ITG/v2/servicepin/000arZpIenlwyT3nNxiVaHPEyJLS/5ZN96A"  	[MsgId: MERR-26627]
ServicePin.c(8): Error -26627: HTTP Status-Code=404 (Not Found) for "https://hx9ekpvvbi.execute-api.us-east-1.amazonaws.com/KaaS-ITG/v2/servicepin/000arZpIenlwyT3nNxiVaHPEyJLS/2CF57A"  	[MsgId: MERR-26627]
Warning: Iteration pacing cannot be reached (pace time = 3.66, actual time = 17.03).	[MsgId: MWAR-15995]
ServicePin.c(8): Error -26627: HTTP Status-Code=404 (Not Found) for "https://hx9ekpvvbi.execute-api.us-east-1.amazonaws.com/KaaS-ITG/v2/servicepin/000arZpIenlwyT3nNxiVaHPEyJLS/CD645AR"  	[MsgId: MERR-26627]
