Warning: Iteration pacing cannot be reached (pace time = 8.00, actual time = 11.08).	[MsgId: MWAR-15995]
Warning: Iteration pacing cannot be reached (pace time = 8.00, actual time = 16.80).	[MsgId: MWAR-15995]
Warning: Iteration pacing cannot be reached (pace time = 8.00, actual time = 14.44).	[MsgId: MWAR-15995]
Warning: Iteration pacing cannot be reached (pace time = 8.00, actual time = 16.96).	[MsgId: MWAR-15995]
Warning: Iteration pacing cannot be reached (pace time = 8.00, actual time = 14.50).	[MsgId: MWAR-15995]
Warning: Iteration pacing cannot be reached (pace time = 8.00, actual time = 14.07).	[MsgId: MWAR-15995]
Warning: Iteration pacing cannot be reached (pace time = 8.00, actual time = 12.71).	[MsgId: MWAR-15995]
Warning: Iteration pacing cannot be reached (pace time = 8.00, actual time = 12.22).	[MsgId: MWAR-15995]
Warning: Iteration pacing cannot be reached (pace time = 8.00, actual time = 25.14).	[MsgId: MWAR-15995]
Warning: Iteration pacing cannot be reached (pace time = 8.00, actual time = 14.52).	[MsgId: MWAR-15995]
Warning: Iteration pacing cannot be reached (pace time = 8.00, actual time = 11.35).	[MsgId: MWAR-15995]
ServicePin.c(9): Error -26627: HTTP Status-Code=404 (Not Found) for "https://hx9ekpvvbi.execute-api.us-east-1.amazonaws.com/KaaS-ITG/v2/servicepin/000aYb88KqUOFJ6V7AKe3IdwYqNr/3GY31A"  	[MsgId: MERR-26627]
Warning: Iteration pacing cannot be reached (pace time = 8.00, actual time = 9.90).	[MsgId: MWAR-15995]
Warning: Iteration pacing cannot be reached (pace time = 8.00, actual time = 14.29).	[MsgId: MWAR-15995]
Warning: Iteration pacing cannot be reached (pace time = 8.00, actual time = 14.45).	[MsgId: MWAR-15995]
ServicePin.c(9): Error -26627: HTTP Status-Code=404 (Not Found) for "https://hx9ekpvvbi.execute-api.us-east-1.amazonaws.com/KaaS-ITG/v2/servicepin/000aYb88KqUOFJ6V7AKe3IdwYqNr/B5L04A"  	[MsgId: MERR-26627]
Warning: Iteration pacing cannot be reached (pace time = 8.00, actual time = 8.33).	[MsgId: MWAR-15995]
ServicePin.c(9): Error -26627: HTTP Status-Code=404 (Not Found) for "https://hx9ekpvvbi.execute-api.us-east-1.amazonaws.com/KaaS-ITG/v2/servicepin/000aYb88KqUOFJ6V7AKe3IdwYqNr/P7Z47A"  	[MsgId: MERR-26627]
Warning: Iteration pacing cannot be reached (pace time = 8.00, actual time = 16.27).	[MsgId: MWAR-15995]
ServicePin.c(9): Error -26627: HTTP Status-Code=404 (Not Found) for "https://hx9ekpvvbi.execute-api.us-east-1.amazonaws.com/KaaS-ITG/v2/servicepin/000aYb88KqUOFJ6V7AKe3IdwYqNr/1PV88A"  	[MsgId: MERR-26627]
Warning: Iteration pacing cannot be reached (pace time = 8.00, actual time = 15.16).	[MsgId: MWAR-15995]
Warning: Iteration pacing cannot be reached (pace time = 8.00, actual time = 15.45).	[MsgId: MWAR-15995]
Warning: Iteration pacing cannot be reached (pace time = 8.00, actual time = 18.73).	[MsgId: MWAR-15995]
Warning: Iteration pacing cannot be reached (pace time = 8.00, actual time = 15.75).	[MsgId: MWAR-15995]
Warning: Iteration pacing cannot be reached (pace time = 8.00, actual time = 12.26).	[MsgId: MWAR-15995]
Warning: Iteration pacing cannot be reached (pace time = 8.00, actual time = 12.40).	[MsgId: MWAR-15995]
Warning: Iteration pacing cannot be reached (pace time = 8.00, actual time = 16.36).	[MsgId: MWAR-15995]
ServicePin.c(9): Error -26627: HTTP Status-Code=404 (Not Found) for "https://hx9ekpvvbi.execute-api.us-east-1.amazonaws.com/KaaS-ITG/v2/servicepin/000aYb88KqUOFJ6V7AKe3IdwYqNr/B5L04V"  	[MsgId: MERR-26627]
Warning: Iteration pacing cannot be reached (pace time = 8.00, actual time = 15.16).	[MsgId: MWAR-15995]
Warning: Iteration pacing cannot be reached (pace time = 8.00, actual time = 16.08).	[MsgId: MWAR-15995]
Warning: Iteration pacing cannot be reached (pace time = 8.00, actual time = 13.23).	[MsgId: MWAR-15995]
Warning: Iteration pacing cannot be reached (pace time = 8.00, actual time = 17.00).	[MsgId: MWAR-15995]
Warning: Iteration pacing cannot be reached (pace time = 8.00, actual time = 17.67).	[MsgId: MWAR-15995]
ServicePin.c(9): Error -26627: HTTP Status-Code=404 (Not Found) for "https://hx9ekpvvbi.execute-api.us-east-1.amazonaws.com/KaaS-ITG/v2/servicepin/000aYb88KqUOFJ6V7AKe3IdwYqNr/L1H45A"  	[MsgId: MERR-26627]
Warning: Iteration pacing cannot be reached (pace time = 8.00, actual time = 12.34).	[MsgId: MWAR-15995]
Warning: Iteration pacing cannot be reached (pace time = 8.00, actual time = 14.99).	[MsgId: MWAR-15995]
Warning: Iteration pacing cannot be reached (pace time = 8.00, actual time = 12.99).	[MsgId: MWAR-15995]
Warning: Iteration pacing cannot be reached (pace time = 8.00, actual time = 15.49).	[MsgId: MWAR-15995]
Warning: Iteration pacing cannot be reached (pace time = 8.00, actual time = 16.59).	[MsgId: MWAR-15995]
ServicePin.c(9): Error -26627: HTTP Status-Code=404 (Not Found) for "https://hx9ekpvvbi.execute-api.us-east-1.amazonaws.com/KaaS-ITG/v2/servicepin/000aYb88KqUOFJ6V7AKe3IdwYqNr/CD645V"  	[MsgId: MERR-26627]
ServicePin.c(9): Error -26627: HTTP Status-Code=404 (Not Found) for "https://hx9ekpvvbi.execute-api.us-east-1.amazonaws.com/KaaS-ITG/v2/servicepin/000aYb88KqUOFJ6V7AKe3IdwYqNr/3GY03A"  	[MsgId: MERR-26627]
Warning: Iteration pacing cannot be reached (pace time = 8.00, actual time = 11.18).	[MsgId: MWAR-15995]
Warning: Iteration pacing cannot be reached (pace time = 8.00, actual time = 13.58).	[MsgId: MWAR-15995]
Warning: Iteration pacing cannot be reached (pace time = 8.00, actual time = 14.47).	[MsgId: MWAR-15995]
Warning: Iteration pacing cannot be reached (pace time = 8.00, actual time = 12.67).	[MsgId: MWAR-15995]
Warning: Iteration pacing cannot be reached (pace time = 8.00, actual time = 12.61).	[MsgId: MWAR-15995]
Warning: Iteration pacing cannot be reached (pace time = 8.00, actual time = 17.14).	[MsgId: MWAR-15995]
ServicePin.c(9): Error -26627: HTTP Status-Code=404 (Not Found) for "https://hx9ekpvvbi.execute-api.us-east-1.amazonaws.com/KaaS-ITG/v2/servicepin/000aYb88KqUOFJ6V7AKe3IdwYqNr/1PS55A"  	[MsgId: MERR-26627]
Warning: Iteration pacing cannot be reached (pace time = 8.00, actual time = 14.20).	[MsgId: MWAR-15995]
ServicePin.c(9): Error -26627: HTTP Status-Code=404 (Not Found) for "https://hx9ekpvvbi.execute-api.us-east-1.amazonaws.com/KaaS-ITG/v2/servicepin/000aYb88KqUOFJ6V7AKe3IdwYqNr/CZ250A"  	[MsgId: MERR-26627]
Warning: Iteration pacing cannot be reached (pace time = 8.00, actual time = 14.93).	[MsgId: MWAR-15995]
Warning: Iteration pacing cannot be reached (pace time = 8.00, actual time = 13.83).	[MsgId: MWAR-15995]
Warning: Iteration pacing cannot be reached (pace time = 8.00, actual time = 15.69).	[MsgId: MWAR-15995]
Warning: Iteration pacing cannot be reached (pace time = 8.00, actual time = 15.30).	[MsgId: MWAR-15995]
Warning: Iteration pacing cannot be reached (pace time = 8.00, actual time = 13.96).	[MsgId: MWAR-15995]
ServicePin.c(9): Error -26627: HTTP Status-Code=404 (Not Found) for "https://hx9ekpvvbi.execute-api.us-east-1.amazonaws.com/KaaS-ITG/v2/servicepin/000aYb88KqUOFJ6V7AKe3IdwYqNr/G1W40V"  	[MsgId: MERR-26627]
Warning: Iteration pacing cannot be reached (pace time = 8.00, actual time = 11.00).	[MsgId: MWAR-15995]
Warning: Iteration pacing cannot be reached (pace time = 8.00, actual time = 14.25).	[MsgId: MWAR-15995]
Warning: Iteration pacing cannot be reached (pace time = 8.00, actual time = 13.27).	[MsgId: MWAR-15995]
Warning: Iteration pacing cannot be reached (pace time = 8.00, actual time = 14.41).	[MsgId: MWAR-15995]
Warning: Iteration pacing cannot be reached (pace time = 8.00, actual time = 14.32).	[MsgId: MWAR-15995]
Warning: Iteration pacing cannot be reached (pace time = 8.00, actual time = 12.26).	[MsgId: MWAR-15995]
Warning: Iteration pacing cannot be reached (pace time = 8.00, actual time = 12.97).	[MsgId: MWAR-15995]
Warning: Iteration pacing cannot be reached (pace time = 8.00, actual time = 16.27).	[MsgId: MWAR-15995]
Warning: Iteration pacing cannot be reached (pace time = 8.00, actual time = 17.54).	[MsgId: MWAR-15995]
Warning: Iteration pacing cannot be reached (pace time = 8.00, actual time = 14.35).	[MsgId: MWAR-15995]
Warning: Iteration pacing cannot be reached (pace time = 8.00, actual time = 14.46).	[MsgId: MWAR-15995]
Warning: Iteration pacing cannot be reached (pace time = 8.00, actual time = 13.50).	[MsgId: MWAR-15995]
Warning: Iteration pacing cannot be reached (pace time = 8.00, actual time = 16.21).	[MsgId: MWAR-15995]
Warning: Iteration pacing cannot be reached (pace time = 8.00, actual time = 14.56).	[MsgId: MWAR-15995]
Warning: Iteration pacing cannot be reached (pace time = 8.00, actual time = 13.28).	[MsgId: MWAR-15995]
Warning: Iteration pacing cannot be reached (pace time = 8.00, actual time = 14.60).	[MsgId: MWAR-15995]
Warning: Iteration pacing cannot be reached (pace time = 8.00, actual time = 16.44).	[MsgId: MWAR-15995]
Warning: Iteration pacing cannot be reached (pace time = 8.00, actual time = 11.32).	[MsgId: MWAR-15995]
Warning: Iteration pacing cannot be reached (pace time = 8.00, actual time = 13.24).	[MsgId: MWAR-15995]
Warning: Iteration pacing cannot be reached (pace time = 8.00, actual time = 20.73).	[MsgId: MWAR-15995]
Warning: Iteration pacing cannot be reached (pace time = 8.00, actual time = 22.50).	[MsgId: MWAR-15995]
Warning: Iteration pacing cannot be reached (pace time = 8.00, actual time = 13.49).	[MsgId: MWAR-15995]
Warning: Iteration pacing cannot be reached (pace time = 8.00, actual time = 16.23).	[MsgId: MWAR-15995]
Warning: Iteration pacing cannot be reached (pace time = 8.00, actual time = 15.11).	[MsgId: MWAR-15995]
Warning: Iteration pacing cannot be reached (pace time = 8.00, actual time = 14.09).	[MsgId: MWAR-15995]
Warning: Iteration pacing cannot be reached (pace time = 8.00, actual time = 15.90).	[MsgId: MWAR-15995]
Warning: Iteration pacing cannot be reached (pace time = 8.00, actual time = 13.58).	[MsgId: MWAR-15995]
Warning: Iteration pacing cannot be reached (pace time = 8.00, actual time = 14.88).	[MsgId: MWAR-15995]
Warning: Iteration pacing cannot be reached (pace time = 8.00, actual time = 18.86).	[MsgId: MWAR-15995]
ServicePin.c(9): Error -26627: HTTP Status-Code=404 (Not Found) for "https://hx9ekpvvbi.execute-api.us-east-1.amazonaws.com/KaaS-ITG/v2/servicepin/000aYb88KqUOFJ6V7AKe3IdwYqNr/CE989A"  	[MsgId: MERR-26627]
Warning: Iteration pacing cannot be reached (pace time = 8.00, actual time = 9.83).	[MsgId: MWAR-15995]
Warning: Iteration pacing cannot be reached (pace time = 8.00, actual time = 15.23).	[MsgId: MWAR-15995]
Warning: Iteration pacing cannot be reached (pace time = 8.00, actual time = 15.71).	[MsgId: MWAR-15995]
Warning: Iteration pacing cannot be reached (pace time = 8.00, actual time = 15.40).	[MsgId: MWAR-15995]
ServicePin.c(9): Error -26627: HTTP Status-Code=404 (Not Found) for "https://hx9ekpvvbi.execute-api.us-east-1.amazonaws.com/KaaS-ITG/v2/servicepin/000aYb88KqUOFJ6V7AKe3IdwYqNr/CZ257V"  	[MsgId: MERR-26627]
Warning: Iteration pacing cannot be reached (pace time = 8.00, actual time = 8.95).	[MsgId: MWAR-15995]
Warning: Iteration pacing cannot be reached (pace time = 8.00, actual time = 14.77).	[MsgId: MWAR-15995]
Warning: Iteration pacing cannot be reached (pace time = 8.00, actual time = 13.61).	[MsgId: MWAR-15995]
Warning: Iteration pacing cannot be reached (pace time = 8.00, actual time = 14.95).	[MsgId: MWAR-15995]
Warning: Iteration pacing cannot be reached (pace time = 8.00, actual time = 14.46).	[MsgId: MWAR-15995]
Warning: Iteration pacing cannot be reached (pace time = 8.00, actual time = 18.47).	[MsgId: MWAR-15995]
Warning: Iteration pacing cannot be reached (pace time = 8.00, actual time = 15.67).	[MsgId: MWAR-15995]
Warning: Iteration pacing cannot be reached (pace time = 8.00, actual time = 15.67).	[MsgId: MWAR-15995]
Warning: Iteration pacing cannot be reached (pace time = 8.00, actual time = 14.32).	[MsgId: MWAR-15995]
Warning: Iteration pacing cannot be reached (pace time = 8.00, actual time = 15.31).	[MsgId: MWAR-15995]
ServicePin.c(9): Error -26627: HTTP Status-Code=404 (Not Found) for "https://hx9ekpvvbi.execute-api.us-east-1.amazonaws.com/KaaS-ITG/v2/servicepin/000aYb88KqUOFJ6V7AKe3IdwYqNr/CE993V"  	[MsgId: MERR-26627]
Warning: Iteration pacing cannot be reached (pace time = 8.00, actual time = 12.20).	[MsgId: MWAR-15995]
Warning: Iteration pacing cannot be reached (pace time = 8.00, actual time = 16.17).	[MsgId: MWAR-15995]
Warning: Iteration pacing cannot be reached (pace time = 8.00, actual time = 13.04).	[MsgId: MWAR-15995]
Warning: Iteration pacing cannot be reached (pace time = 8.00, actual time = 18.97).	[MsgId: MWAR-15995]
Warning: Iteration pacing cannot be reached (pace time = 8.00, actual time = 15.32).	[MsgId: MWAR-15995]
Warning: Iteration pacing cannot be reached (pace time = 8.00, actual time = 17.46).	[MsgId: MWAR-15995]
Warning: Iteration pacing cannot be reached (pace time = 8.00, actual time = 17.57).	[MsgId: MWAR-15995]
ServicePin.c(9): Error -26627: HTTP Status-Code=404 (Not Found) for "https://hx9ekpvvbi.execute-api.us-east-1.amazonaws.com/KaaS-ITG/v2/servicepin/000aYb88KqUOFJ6V7AKe3IdwYqNr/J7Z05A"  	[MsgId: MERR-26627]
Warning: Iteration pacing cannot be reached (pace time = 8.00, actual time = 9.46).	[MsgId: MWAR-15995]
Warning: Iteration pacing cannot be reached (pace time = 8.00, actual time = 13.95).	[MsgId: MWAR-15995]
ServicePin.c(9): Error -26627: HTTP Status-Code=404 (Not Found) for "https://hx9ekpvvbi.execute-api.us-east-1.amazonaws.com/KaaS-ITG/v2/servicepin/000aYb88KqUOFJ6V7AKe3IdwYqNr/CZ249V"  	[MsgId: MERR-26627]
Warning: Iteration pacing cannot be reached (pace time = 8.00, actual time = 15.71).	[MsgId: MWAR-15995]
Warning: Iteration pacing cannot be reached (pace time = 8.00, actual time = 20.03).	[MsgId: MWAR-15995]
Warning: Iteration pacing cannot be reached (pace time = 8.00, actual time = 14.28).	[MsgId: MWAR-15995]
Warning: Iteration pacing cannot be reached (pace time = 8.00, actual time = 14.42).	[MsgId: MWAR-15995]
ServicePin.c(9): Error -26627: HTTP Status-Code=404 (Not Found) for "https://hx9ekpvvbi.execute-api.us-east-1.amazonaws.com/KaaS-ITG/v2/servicepin/000aYb88KqUOFJ6V7AKe3IdwYqNr/B5L27A"  	[MsgId: MERR-26627]
Warning: Iteration pacing cannot be reached (pace time = 8.00, actual time = 10.10).	[MsgId: MWAR-15995]
Warning: Iteration pacing cannot be reached (pace time = 8.00, actual time = 12.67).	[MsgId: MWAR-15995]
ServicePin.c(9): Error -26627: HTTP Status-Code=404 (Not Found) for "https://hx9ekpvvbi.execute-api.us-east-1.amazonaws.com/KaaS-ITG/v2/servicepin/000aYb88KqUOFJ6V7AKe3IdwYqNr/CF081V"  	[MsgId: MERR-26627]
Warning: Iteration pacing cannot be reached (pace time = 8.00, actual time = 9.74).	[MsgId: MWAR-15995]
Warning: Iteration pacing cannot be reached (pace time = 8.00, actual time = 18.05).	[MsgId: MWAR-15995]
Warning: Iteration pacing cannot be reached (pace time = 8.00, actual time = 13.96).	[MsgId: MWAR-15995]
Warning: Iteration pacing cannot be reached (pace time = 8.00, actual time = 17.94).	[MsgId: MWAR-15995]
Warning: Iteration pacing cannot be reached (pace time = 8.00, actual time = 16.47).	[MsgId: MWAR-15995]
Warning: Iteration pacing cannot be reached (pace time = 8.00, actual time = 17.55).	[MsgId: MWAR-15995]
Warning: Iteration pacing cannot be reached (pace time = 8.00, actual time = 16.97).	[MsgId: MWAR-15995]
Warning: Iteration pacing cannot be reached (pace time = 8.00, actual time = 14.24).	[MsgId: MWAR-15995]
ServicePin.c(9): Error -26627: HTTP Status-Code=404 (Not Found) for "https://hx9ekpvvbi.execute-api.us-east-1.amazonaws.com/KaaS-ITG/v2/servicepin/000aYb88KqUOFJ6V7AKe3IdwYqNr/B5L24V"  	[MsgId: MERR-26627]
Warning: Iteration pacing cannot be reached (pace time = 8.00, actual time = 13.98).	[MsgId: MWAR-15995]
ServicePin.c(9): Error -26627: HTTP Status-Code=404 (Not Found) for "https://hx9ekpvvbi.execute-api.us-east-1.amazonaws.com/KaaS-ITG/v2/servicepin/000aYb88KqUOFJ6V7AKe3IdwYqNr/J7Z08A"  	[MsgId: MERR-26627]
Warning: Iteration pacing cannot be reached (pace time = 8.00, actual time = 8.08).	[MsgId: MWAR-15995]
Warning: Iteration pacing cannot be reached (pace time = 8.00, actual time = 16.84).	[MsgId: MWAR-15995]
