Warning: Iteration pacing cannot be reached (pace time = 3.25, actual time = 3.51).	[MsgId: MWAR-15995]
ServicePin.c(8): Error -26627: HTTP Status-Code=404 (Not Found) for "https://hx9ekpvvbi.execute-api.us-east-1.amazonaws.com/KaaS-ITG/v2/servicepin/000aQxIgUmUr8F0sVwIxsEFvvRSk/1PV89A"  	[MsgId: MERR-26627]
Warning: Iteration pacing cannot be reached (pace time = 3.75, actual time = 9.30).	[MsgId: MWAR-15995]
ServicePin.c(8): Error -26627: HTTP Status-Code=404 (Not Found) for "https://hx9ekpvvbi.execute-api.us-east-1.amazonaws.com/KaaS-ITG/v2/servicepin/000aQxIgUmUr8F0sVwIxsEFvvRSk/CZ256AR"  	[MsgId: MERR-26627]
ServicePin.c(8): Error -26627: HTTP Status-Code=404 (Not Found) for "https://hx9ekpvvbi.execute-api.us-east-1.amazonaws.com/KaaS-ITG/v2/servicepin/000aQxIgUmUr8F0sVwIxsEFvvRSk/5ZN93A"  	[MsgId: MERR-26627]
ServicePin.c(8): Error -26627: HTTP Status-Code=404 (Not Found) for "https://hx9ekpvvbi.execute-api.us-east-1.amazonaws.com/KaaS-ITG/v2/servicepin/000aQxIgUmUr8F0sVwIxsEFvvRSk/CF083AR"  	[MsgId: MERR-26627]
ServicePin.c(8): Error -26627: HTTP Status-Code=404 (Not Found) for "https://hx9ekpvvbi.execute-api.us-east-1.amazonaws.com/KaaS-ITG/v2/servicepin/000aQxIgUmUr8F0sVwIxsEFvvRSk/5ZN93A"  	[MsgId: MERR-26627]
ServicePin.c(8): Error -26627: HTTP Status-Code=404 (Not Found) for "https://hx9ekpvvbi.execute-api.us-east-1.amazonaws.com/KaaS-ITG/v2/servicepin/000aQxIgUmUr8F0sVwIxsEFvvRSk/CF083AR"  	[MsgId: MERR-26627]
Warning: Iteration pacing cannot be reached (pace time = 3.60, actual time = 6.20).	[MsgId: MWAR-15995]
ServicePin.c(8): Error -26627: HTTP Status-Code=404 (Not Found) for "https://hx9ekpvvbi.execute-api.us-east-1.amazonaws.com/KaaS-ITG/v2/servicepin/000aQxIgUmUr8F0sVwIxsEFvvRSk/2GP08A"  	[MsgId: MERR-26627]
ServicePin.c(8): Error -26627: HTTP Status-Code=404 (Not Found) for "https://hx9ekpvvbi.execute-api.us-east-1.amazonaws.com/KaaS-ITG/v2/servicepin/000aQxIgUmUr8F0sVwIxsEFvvRSk/CZ248AR"  	[MsgId: MERR-26627]
Warning: Iteration pacing cannot be reached (pace time = 3.66, actual time = 8.02).	[MsgId: MWAR-15995]
ServicePin.c(8): Error -26627: HTTP Status-Code=404 (Not Found) for "https://hx9ekpvvbi.execute-api.us-east-1.amazonaws.com/KaaS-ITG/v2/servicepin/000aQxIgUmUr8F0sVwIxsEFvvRSk/2GP08A"  	[MsgId: MERR-26627]
ServicePin.c(8): Error -26627: HTTP Status-Code=404 (Not Found) for "https://hx9ekpvvbi.execute-api.us-east-1.amazonaws.com/KaaS-ITG/v2/servicepin/000aQxIgUmUr8F0sVwIxsEFvvRSk/CF082AR"  	[MsgId: MERR-26627]
ServicePin.c(8): Error -26627: HTTP Status-Code=404 (Not Found) for "https://hx9ekpvvbi.execute-api.us-east-1.amazonaws.com/KaaS-ITG/v2/servicepin/000aQxIgUmUr8F0sVwIxsEFvvRSk/CZ258A"  	[MsgId: MERR-26627]
Warning: Iteration pacing cannot be reached (pace time = 3.71, actual time = 7.04).	[MsgId: MWAR-15995]
Warning: Iteration pacing cannot be reached (pace time = 3.74, actual time = 9.71).	[MsgId: MWAR-15995]
ServicePin.c(8): Error -26627: HTTP Status-Code=404 (Not Found) for "https://hx9ekpvvbi.execute-api.us-east-1.amazonaws.com/KaaS-ITG/v2/servicepin/000aQxIgUmUr8F0sVwIxsEFvvRSk/5ZN88A"  	[MsgId: MERR-26627]
Warning: Iteration pacing cannot be reached (pace time = 3.73, actual time = 7.30).	[MsgId: MWAR-15995]
ServicePin.c(8): Error -26627: HTTP Status-Code=404 (Not Found) for "https://hx9ekpvvbi.execute-api.us-east-1.amazonaws.com/KaaS-ITG/v2/servicepin/000aQxIgUmUr8F0sVwIxsEFvvRSk/2CF57A"  	[MsgId: MERR-26627]
ServicePin.c(8): Error -26627: HTTP Status-Code=404 (Not Found) for "https://hx9ekpvvbi.execute-api.us-east-1.amazonaws.com/KaaS-ITG/v2/servicepin/000aQxIgUmUr8F0sVwIxsEFvvRSk/F3J55A"  	[MsgId: MERR-26627]
Warning: Iteration pacing cannot be reached (pace time = 3.50, actual time = 9.91).	[MsgId: MWAR-15995]
Warning: Iteration pacing cannot be reached (pace time = 3.48, actual time = 11.67).	[MsgId: MWAR-15995]
Warning: Iteration pacing cannot be reached (pace time = 3.24, actual time = 3.53).	[MsgId: MWAR-15995]
Warning: Iteration pacing cannot be reached (pace time = 3.50, actual time = 21.07).	[MsgId: MWAR-15995]
ServicePin.c(8): Error -26627: HTTP Status-Code=404 (Not Found) for "https://hx9ekpvvbi.execute-api.us-east-1.amazonaws.com/KaaS-ITG/v2/servicepin/000aQxIgUmUr8F0sVwIxsEFvvRSk/CZ258A"  	[MsgId: MERR-26627]
ServicePin.c(8): Error -26627: HTTP Status-Code=404 (Not Found) for "https://hx9ekpvvbi.execute-api.us-east-1.amazonaws.com/KaaS-ITG/v2/servicepin/000aQxIgUmUr8F0sVwIxsEFvvRSk/2GP07A"  	[MsgId: MERR-26627]
Warning: Iteration pacing cannot be reached (pace time = 3.78, actual time = 12.69).	[MsgId: MWAR-15995]
Warning: Iteration pacing cannot be reached (pace time = 3.38, actual time = 9.01).	[MsgId: MWAR-15995]
Warning: Iteration pacing cannot be reached (pace time = 3.17, actual time = 26.00).	[MsgId: MWAR-15995]
ServicePin.c(8): Error -26627: HTTP Status-Code=404 (Not Found) for "https://hx9ekpvvbi.execute-api.us-east-1.amazonaws.com/KaaS-ITG/v2/servicepin/000aQxIgUmUr8F0sVwIxsEFvvRSk/CE989AR"  	[MsgId: MERR-26627]
Warning: Iteration pacing cannot be reached (pace time = 3.54, actual time = 20.64).	[MsgId: MWAR-15995]
Warning: Iteration pacing cannot be reached (pace time = 3.87, actual time = 22.75).	[MsgId: MWAR-15995]
ServicePin.c(8): Error -26627: HTTP Status-Code=404 (Not Found) for "https://hx9ekpvvbi.execute-api.us-east-1.amazonaws.com/KaaS-ITG/v2/servicepin/000aQxIgUmUr8F0sVwIxsEFvvRSk/CZ255AR"  	[MsgId: MERR-26627]
ServicePin.c(8): Error -26627: HTTP Status-Code=404 (Not Found) for "https://hx9ekpvvbi.execute-api.us-east-1.amazonaws.com/KaaS-ITG/v2/servicepin/000aQxIgUmUr8F0sVwIxsEFvvRSk/2GP10A"  	[MsgId: MERR-26627]
ServicePin.c(8): Error -26627: HTTP Status-Code=404 (Not Found) for "https://hx9ekpvvbi.execute-api.us-east-1.amazonaws.com/KaaS-ITG/v2/servicepin/000aQxIgUmUr8F0sVwIxsEFvvRSk/J7Z10A"  	[MsgId: MERR-26627]
Warning: Iteration pacing cannot be reached (pace time = 3.34, actual time = 26.24).	[MsgId: MWAR-15995]
Warning: Iteration pacing cannot be reached (pace time = 3.92, actual time = 10.29).	[MsgId: MWAR-15995]
ServicePin.c(8): Error -26627: HTTP Status-Code=404 (Not Found) for "https://hx9ekpvvbi.execute-api.us-east-1.amazonaws.com/KaaS-ITG/v2/servicepin/000aQxIgUmUr8F0sVwIxsEFvvRSk/2GP16A"  	[MsgId: MERR-26627]
Warning: Iteration pacing cannot be reached (pace time = 3.79, actual time = 8.30).	[MsgId: MWAR-15995]
Warning: Iteration pacing cannot be reached (pace time = 3.74, actual time = 15.11).	[MsgId: MWAR-15995]
Warning: Iteration pacing cannot be reached (pace time = 3.20, actual time = 18.57).	[MsgId: MWAR-15995]
Warning: Iteration pacing cannot be reached (pace time = 3.01, actual time = 9.68).	[MsgId: MWAR-15995]
Warning: Iteration pacing cannot be reached (pace time = 3.46, actual time = 11.64).	[MsgId: MWAR-15995]
ServicePin.c(8): Error -26627: HTTP Status-Code=404 (Not Found) for "https://hx9ekpvvbi.execute-api.us-east-1.amazonaws.com/KaaS-ITG/v2/servicepin/000aQxIgUmUr8F0sVwIxsEFvvRSk/CZ257AR"  	[MsgId: MERR-26627]
ServicePin.c(8): Error -26627: HTTP Status-Code=404 (Not Found) for "https://hx9ekpvvbi.execute-api.us-east-1.amazonaws.com/KaaS-ITG/v2/servicepin/000aQxIgUmUr8F0sVwIxsEFvvRSk/CD645AR"  	[MsgId: MERR-26627]
Warning: Iteration pacing cannot be reached (pace time = 3.89, actual time = 10.36).	[MsgId: MWAR-15995]
Warning: Iteration pacing cannot be reached (pace time = 3.67, actual time = 11.60).	[MsgId: MWAR-15995]
ServicePin.c(8): Error -26627: HTTP Status-Code=404 (Not Found) for "https://hx9ekpvvbi.execute-api.us-east-1.amazonaws.com/KaaS-ITG/v2/servicepin/000aQxIgUmUr8F0sVwIxsEFvvRSk/F3J54A"  	[MsgId: MERR-26627]
Warning: Iteration pacing cannot be reached (pace time = 3.01, actual time = 14.15).	[MsgId: MWAR-15995]
Warning: Iteration pacing cannot be reached (pace time = 3.48, actual time = 18.09).	[MsgId: MWAR-15995]
Warning: Iteration pacing cannot be reached (pace time = 3.30, actual time = 15.94).	[MsgId: MWAR-15995]
Warning: Iteration pacing cannot be reached (pace time = 3.34, actual time = 14.88).	[MsgId: MWAR-15995]
Warning: Iteration pacing cannot be reached (pace time = 3.73, actual time = 23.01).	[MsgId: MWAR-15995]
Warning: Iteration pacing cannot be reached (pace time = 3.35, actual time = 19.40).	[MsgId: MWAR-15995]
Warning: Iteration pacing cannot be reached (pace time = 3.46, actual time = 11.89).	[MsgId: MWAR-15995]
Warning: Iteration pacing cannot be reached (pace time = 3.01, actual time = 7.75).	[MsgId: MWAR-15995]
ServicePin.c(8): Error -26608: HTTP Status-Code=504 (Gateway Timeout) for "https://hx9ekpvvbi.execute-api.us-east-1.amazonaws.com/KaaS-ITG/v2/servicepin/000aQxIgUmUr8F0sVwIxsEFvvRSk/F2A77A"  	[MsgId: MERR-26608]
Warning: Iteration pacing cannot be reached (pace time = 3.77, actual time = 29.04).	[MsgId: MWAR-15995]
ServicePin.c(8): Error -26627: HTTP Status-Code=404 (Not Found) for "https://hx9ekpvvbi.execute-api.us-east-1.amazonaws.com/KaaS-ITG/v2/servicepin/000aQxIgUmUr8F0sVwIxsEFvvRSk/2GP10A"  	[MsgId: MERR-26627]
Warning: Iteration pacing cannot be reached (pace time = 3.84, actual time = 12.94).	[MsgId: MWAR-15995]
Warning: Iteration pacing cannot be reached (pace time = 3.30, actual time = 7.91).	[MsgId: MWAR-15995]
Warning: Iteration pacing cannot be reached (pace time = 3.81, actual time = 6.64).	[MsgId: MWAR-15995]
Warning: Iteration pacing cannot be reached (pace time = 3.48, actual time = 10.54).	[MsgId: MWAR-15995]
ServicePin.c(8): Error -26627: HTTP Status-Code=404 (Not Found) for "https://hx9ekpvvbi.execute-api.us-east-1.amazonaws.com/KaaS-ITG/v2/servicepin/000aQxIgUmUr8F0sVwIxsEFvvRSk/B3G84AR"  	[MsgId: MERR-26627]
Warning: Iteration pacing cannot be reached (pace time = 3.25, actual time = 13.37).	[MsgId: MWAR-15995]
ServicePin.c(8): Error -26627: HTTP Status-Code=404 (Not Found) for "https://hx9ekpvvbi.execute-api.us-east-1.amazonaws.com/KaaS-ITG/v2/servicepin/000aQxIgUmUr8F0sVwIxsEFvvRSk/2CF60A"  	[MsgId: MERR-26627]
ServicePin.c(8): Error -26627: HTTP Status-Code=404 (Not Found) for "https://hx9ekpvvbi.execute-api.us-east-1.amazonaws.com/KaaS-ITG/v2/servicepin/000aQxIgUmUr8F0sVwIxsEFvvRSk/CF082AR"  	[MsgId: MERR-26627]
Warning: Iteration pacing cannot be reached (pace time = 3.36, actual time = 9.04).	[MsgId: MWAR-15995]
Warning: Iteration pacing cannot be reached (pace time = 3.34, actual time = 16.98).	[MsgId: MWAR-15995]
ServicePin.c(8): Error -26627: HTTP Status-Code=404 (Not Found) for "https://hx9ekpvvbi.execute-api.us-east-1.amazonaws.com/KaaS-ITG/v2/servicepin/000aQxIgUmUr8F0sVwIxsEFvvRSk/CZ251V"  	[MsgId: MERR-26627]
Warning: Iteration pacing cannot be reached (pace time = 3.07, actual time = 8.98).	[MsgId: MWAR-15995]
Warning: Iteration pacing cannot be reached (pace time = 3.02, actual time = 10.85).	[MsgId: MWAR-15995]
Warning: Iteration pacing cannot be reached (pace time = 3.38, actual time = 11.16).	[MsgId: MWAR-15995]
ServicePin.c(8): Error -26627: HTTP Status-Code=404 (Not Found) for "https://hx9ekpvvbi.execute-api.us-east-1.amazonaws.com/KaaS-ITG/v2/servicepin/000aQxIgUmUr8F0sVwIxsEFvvRSk/2GP10A"  	[MsgId: MERR-26627]
Warning: Iteration pacing cannot be reached (pace time = 3.19, actual time = 13.10).	[MsgId: MWAR-15995]
ServicePin.c(8): Error -26627: HTTP Status-Code=404 (Not Found) for "https://hx9ekpvvbi.execute-api.us-east-1.amazonaws.com/KaaS-ITG/v2/servicepin/000aQxIgUmUr8F0sVwIxsEFvvRSk/B3G84AR"  	[MsgId: MERR-26627]
ServicePin.c(8): Error -26627: HTTP Status-Code=404 (Not Found) for "https://hx9ekpvvbi.execute-api.us-east-1.amazonaws.com/KaaS-ITG/v2/servicepin/000aQxIgUmUr8F0sVwIxsEFvvRSk/2GP13A"  	[MsgId: MERR-26627]
Warning: Iteration pacing cannot be reached (pace time = 3.38, actual time = 25.96).	[MsgId: MWAR-15995]
Warning: Iteration pacing cannot be reached (pace time = 3.71, actual time = 16.20).	[MsgId: MWAR-15995]
ServicePin.c(8): Error -26627: HTTP Status-Code=404 (Not Found) for "https://hx9ekpvvbi.execute-api.us-east-1.amazonaws.com/KaaS-ITG/v2/servicepin/000aQxIgUmUr8F0sVwIxsEFvvRSk/CE990AR"  	[MsgId: MERR-26627]
ServicePin.c(8): Error -26627: HTTP Status-Code=404 (Not Found) for "https://hx9ekpvvbi.execute-api.us-east-1.amazonaws.com/KaaS-ITG/v2/servicepin/000aQxIgUmUr8F0sVwIxsEFvvRSk/CZ251V"  	[MsgId: MERR-26627]
Warning: Iteration pacing cannot be reached (pace time = 3.30, actual time = 9.40).	[MsgId: MWAR-15995]
ServicePin.c(8): Error -26627: HTTP Status-Code=404 (Not Found) for "https://hx9ekpvvbi.execute-api.us-east-1.amazonaws.com/KaaS-ITG/v2/servicepin/000aQxIgUmUr8F0sVwIxsEFvvRSk/CZ255AR"  	[MsgId: MERR-26627]
Warning: Iteration pacing cannot be reached (pace time = 3.63, actual time = 10.17).	[MsgId: MWAR-15995]
Warning: Iteration pacing cannot be reached (pace time = 3.44, actual time = 17.35).	[MsgId: MWAR-15995]
ServicePin.c(8): Error -26608: HTTP Status-Code=504 (Gateway Timeout) for "https://hx9ekpvvbi.execute-api.us-east-1.amazonaws.com/KaaS-ITG/v2/servicepin/000aQxIgUmUr8F0sVwIxsEFvvRSk/CE994A"  	[MsgId: MERR-26608]
Warning: Iteration pacing cannot be reached (pace time = 3.81, actual time = 29.04).	[MsgId: MWAR-15995]
ServicePin.c(8): Error -26627: HTTP Status-Code=404 (Not Found) for "https://hx9ekpvvbi.execute-api.us-east-1.amazonaws.com/KaaS-ITG/v2/servicepin/000aQxIgUmUr8F0sVwIxsEFvvRSk/2GP11A"  	[MsgId: MERR-26627]
Warning: Iteration pacing cannot be reached (pace time = 3.50, actual time = 7.32).	[MsgId: MWAR-15995]
Warning: Iteration pacing cannot be reached (pace time = 3.60, actual time = 10.12).	[MsgId: MWAR-15995]
ServicePin.c(8): Error -26627: HTTP Status-Code=404 (Not Found) for "https://hx9ekpvvbi.execute-api.us-east-1.amazonaws.com/KaaS-ITG/v2/servicepin/000aQxIgUmUr8F0sVwIxsEFvvRSk/2GP05A"  	[MsgId: MERR-26627]
ServicePin.c(8): Error -26627: HTTP Status-Code=404 (Not Found) for "https://hx9ekpvvbi.execute-api.us-east-1.amazonaws.com/KaaS-ITG/v2/servicepin/000aQxIgUmUr8F0sVwIxsEFvvRSk/CE990AR"  	[MsgId: MERR-26627]
Warning: Iteration pacing cannot be reached (pace time = 3.24, actual time = 21.99).	[MsgId: MWAR-15995]
ServicePin.c(8): Error -26627: HTTP Status-Code=404 (Not Found) for "https://hx9ekpvvbi.execute-api.us-east-1.amazonaws.com/KaaS-ITG/v2/servicepin/000aQxIgUmUr8F0sVwIxsEFvvRSk/CE994AR"  	[MsgId: MERR-26627]
Warning: Iteration pacing cannot be reached (pace time = 3.44, actual time = 7.94).	[MsgId: MWAR-15995]
ServicePin.c(8): Error -26627: HTTP Status-Code=404 (Not Found) for "https://hx9ekpvvbi.execute-api.us-east-1.amazonaws.com/KaaS-ITG/v2/servicepin/000aQxIgUmUr8F0sVwIxsEFvvRSk/2CF56A"  	[MsgId: MERR-26627]
Warning: Iteration pacing cannot be reached (pace time = 3.50, actual time = 13.07).	[MsgId: MWAR-15995]
ServicePin.c(8): Error -26627: HTTP Status-Code=404 (Not Found) for "https://hx9ekpvvbi.execute-api.us-east-1.amazonaws.com/KaaS-ITG/v2/servicepin/000aQxIgUmUr8F0sVwIxsEFvvRSk/2GP07A"  	[MsgId: MERR-26627]
Warning: Iteration pacing cannot be reached (pace time = 3.87, actual time = 9.58).	[MsgId: MWAR-15995]
ServicePin.c(8): Error -26627: HTTP Status-Code=404 (Not Found) for "https://hx9ekpvvbi.execute-api.us-east-1.amazonaws.com/KaaS-ITG/v2/servicepin/000aQxIgUmUr8F0sVwIxsEFvvRSk/CZ256AR"  	[MsgId: MERR-26627]
Warning: Iteration pacing cannot be reached (pace time = 3.57, actual time = 3.71).	[MsgId: MWAR-15995]
ServicePin.c(8): Error -26627: HTTP Status-Code=404 (Not Found) for "https://hx9ekpvvbi.execute-api.us-east-1.amazonaws.com/KaaS-ITG/v2/servicepin/000aQxIgUmUr8F0sVwIxsEFvvRSk/CE990AR"  	[MsgId: MERR-26627]
Warning: Iteration pacing cannot be reached (pace time = 3.21, actual time = 12.76).	[MsgId: MWAR-15995]
Warning: Iteration pacing cannot be reached (pace time = 3.00, actual time = 3.23).	[MsgId: MWAR-15995]
Warning: Iteration pacing cannot be reached (pace time = 3.15, actual time = 3.26).	[MsgId: MWAR-15995]
Warning: Iteration pacing cannot be reached (pace time = 3.96, actual time = 11.27).	[MsgId: MWAR-15995]
ServicePin.c(8): Error -26627: HTTP Status-Code=404 (Not Found) for "https://hx9ekpvvbi.execute-api.us-east-1.amazonaws.com/KaaS-ITG/v2/servicepin/000aQxIgUmUr8F0sVwIxsEFvvRSk/CF081AR"  	[MsgId: MERR-26627]
Warning: Iteration pacing cannot be reached (pace time = 3.74, actual time = 8.25).	[MsgId: MWAR-15995]
ServicePin.c(8): Error -26627: HTTP Status-Code=404 (Not Found) for "https://hx9ekpvvbi.execute-api.us-east-1.amazonaws.com/KaaS-ITG/v2/servicepin/000aQxIgUmUr8F0sVwIxsEFvvRSk/2CF60A"  	[MsgId: MERR-26627]
Warning: Iteration pacing cannot be reached (pace time = 3.34, actual time = 15.82).	[MsgId: MWAR-15995]
ServicePin.c(8): Error -26627: HTTP Status-Code=404 (Not Found) for "https://hx9ekpvvbi.execute-api.us-east-1.amazonaws.com/KaaS-ITG/v2/servicepin/000aQxIgUmUr8F0sVwIxsEFvvRSk/2GP10A"  	[MsgId: MERR-26627]
Warning: Iteration pacing cannot be reached (pace time = 3.46, actual time = 5.69).	[MsgId: MWAR-15995]
Warning: Iteration pacing cannot be reached (pace time = 3.47, actual time = 14.47).	[MsgId: MWAR-15995]
Warning: Iteration pacing cannot be reached (pace time = 3.00, actual time = 11.15).	[MsgId: MWAR-15995]
Warning: Iteration pacing cannot be reached (pace time = 3.81, actual time = 14.99).	[MsgId: MWAR-15995]
Warning: Iteration pacing cannot be reached (pace time = 3.17, actual time = 17.77).	[MsgId: MWAR-15995]
ServicePin.c(8): Error -26627: HTTP Status-Code=404 (Not Found) for "https://hx9ekpvvbi.execute-api.us-east-1.amazonaws.com/KaaS-ITG/v2/servicepin/000aQxIgUmUr8F0sVwIxsEFvvRSk/2GP08A"  	[MsgId: MERR-26627]
Warning: Iteration pacing cannot be reached (pace time = 3.73, actual time = 3.90).	[MsgId: MWAR-15995]
Warning: Iteration pacing cannot be reached (pace time = 3.42, actual time = 11.14).	[MsgId: MWAR-15995]
Warning: Iteration pacing cannot be reached (pace time = 3.53, actual time = 25.82).	[MsgId: MWAR-15995]
ServicePin.c(8): Error -26627: HTTP Status-Code=404 (Not Found) for "https://hx9ekpvvbi.execute-api.us-east-1.amazonaws.com/KaaS-ITG/v2/servicepin/000aQxIgUmUr8F0sVwIxsEFvvRSk/2GP05A"  	[MsgId: MERR-26627]
Warning: Iteration pacing cannot be reached (pace time = 3.90, actual time = 13.63).	[MsgId: MWAR-15995]
ServicePin.c(8): Error -26627: HTTP Status-Code=404 (Not Found) for "https://hx9ekpvvbi.execute-api.us-east-1.amazonaws.com/KaaS-ITG/v2/servicepin/000aQxIgUmUr8F0sVwIxsEFvvRSk/5ZN94A"  	[MsgId: MERR-26627]
Warning: Iteration pacing cannot be reached (pace time = 3.30, actual time = 13.08).	[MsgId: MWAR-15995]
Warning: Iteration pacing cannot be reached (pace time = 3.21, actual time = 18.83).	[MsgId: MWAR-15995]
ServicePin.c(8): Error -26627: HTTP Status-Code=404 (Not Found) for "https://hx9ekpvvbi.execute-api.us-east-1.amazonaws.com/KaaS-ITG/v2/servicepin/000aQxIgUmUr8F0sVwIxsEFvvRSk/B3G84AR"  	[MsgId: MERR-26627]
ServicePin.c(8): Error -26627: HTTP Status-Code=404 (Not Found) for "https://hx9ekpvvbi.execute-api.us-east-1.amazonaws.com/KaaS-ITG/v2/servicepin/000aQxIgUmUr8F0sVwIxsEFvvRSk/2GP13A"  	[MsgId: MERR-26627]
Warning: Iteration pacing cannot be reached (pace time = 3.53, actual time = 10.53).	[MsgId: MWAR-15995]
ServicePin.c(8): Error -26627: HTTP Status-Code=404 (Not Found) for "https://hx9ekpvvbi.execute-api.us-east-1.amazonaws.com/KaaS-ITG/v2/servicepin/000aQxIgUmUr8F0sVwIxsEFvvRSk/CD644AR"  	[MsgId: MERR-26627]
ServicePin.c(8): Error -26627: HTTP Status-Code=404 (Not Found) for "https://hx9ekpvvbi.execute-api.us-east-1.amazonaws.com/KaaS-ITG/v2/servicepin/000aQxIgUmUr8F0sVwIxsEFvvRSk/B3G86AR"  	[MsgId: MERR-26627]
Warning: Iteration pacing cannot be reached (pace time = 3.40, actual time = 13.98).	[MsgId: MWAR-15995]
Warning: Iteration pacing cannot be reached (pace time = 3.28, actual time = 15.60).	[MsgId: MWAR-15995]
Warning: Iteration pacing cannot be reached (pace time = 3.94, actual time = 13.27).	[MsgId: MWAR-15995]
Warning: Iteration pacing cannot be reached (pace time = 3.94, actual time = 15.96).	[MsgId: MWAR-15995]
Warning: Iteration pacing cannot be reached (pace time = 3.44, actual time = 17.03).	[MsgId: MWAR-15995]
Warning: Iteration pacing cannot be reached (pace time = 3.41, actual time = 23.60).	[MsgId: MWAR-15995]
ServicePin.c(8): Error -26627: HTTP Status-Code=404 (Not Found) for "https://hx9ekpvvbi.execute-api.us-east-1.amazonaws.com/KaaS-ITG/v2/servicepin/000aQxIgUmUr8F0sVwIxsEFvvRSk/5ZN88A"  	[MsgId: MERR-26627]
Warning: Iteration pacing cannot be reached (pace time = 3.29, actual time = 21.88).	[MsgId: MWAR-15995]
Warning: Iteration pacing cannot be reached (pace time = 3.90, actual time = 28.54).	[MsgId: MWAR-15995]
Warning: Iteration pacing cannot be reached (pace time = 3.33, actual time = 10.57).	[MsgId: MWAR-15995]
Warning: Iteration pacing cannot be reached (pace time = 3.46, actual time = 28.26).	[MsgId: MWAR-15995]
ServicePin.c(8): Error -26627: HTTP Status-Code=404 (Not Found) for "https://hx9ekpvvbi.execute-api.us-east-1.amazonaws.com/KaaS-ITG/v2/servicepin/000aQxIgUmUr8F0sVwIxsEFvvRSk/2GP16A"  	[MsgId: MERR-26627]
Warning: Iteration pacing cannot be reached (pace time = 3.33, actual time = 15.56).	[MsgId: MWAR-15995]
Warning: Iteration pacing cannot be reached (pace time = 3.42, actual time = 9.79).	[MsgId: MWAR-15995]
Warning: Iteration pacing cannot be reached (pace time = 3.39, actual time = 16.27).	[MsgId: MWAR-15995]
ServicePin.c(8): Error -26627: HTTP Status-Code=404 (Not Found) for "https://hx9ekpvvbi.execute-api.us-east-1.amazonaws.com/KaaS-ITG/v2/servicepin/000aQxIgUmUr8F0sVwIxsEFvvRSk/CZ250AR"  	[MsgId: MERR-26627]
Warning: Iteration pacing cannot be reached (pace time = 3.23, actual time = 12.23).	[MsgId: MWAR-15995]
Warning: Iteration pacing cannot be reached (pace time = 3.31, actual time = 17.27).	[MsgId: MWAR-15995]
ServicePin.c(8): Error -26627: HTTP Status-Code=404 (Not Found) for "https://hx9ekpvvbi.execute-api.us-east-1.amazonaws.com/KaaS-ITG/v2/servicepin/000aQxIgUmUr8F0sVwIxsEFvvRSk/2GP17A"  	[MsgId: MERR-26627]
ServicePin.c(8): Error -26627: HTTP Status-Code=404 (Not Found) for "https://hx9ekpvvbi.execute-api.us-east-1.amazonaws.com/KaaS-ITG/v2/servicepin/000aQxIgUmUr8F0sVwIxsEFvvRSk/2GP11A"  	[MsgId: MERR-26627]
Warning: Iteration pacing cannot be reached (pace time = 3.89, actual time = 14.56).	[MsgId: MWAR-15995]
Warning: Iteration pacing cannot be reached (pace time = 3.23, actual time = 17.00).	[MsgId: MWAR-15995]
Warning: Iteration pacing cannot be reached (pace time = 3.20, actual time = 10.51).	[MsgId: MWAR-15995]
Warning: Iteration pacing cannot be reached (pace time = 3.83, actual time = 13.80).	[MsgId: MWAR-15995]
ServicePin.c(8): Error -26627: HTTP Status-Code=404 (Not Found) for "https://hx9ekpvvbi.execute-api.us-east-1.amazonaws.com/KaaS-ITG/v2/servicepin/000aQxIgUmUr8F0sVwIxsEFvvRSk/2GP13A"  	[MsgId: MERR-26627]
ServicePin.c(8): Error -26627: HTTP Status-Code=404 (Not Found) for "https://hx9ekpvvbi.execute-api.us-east-1.amazonaws.com/KaaS-ITG/v2/servicepin/000aQxIgUmUr8F0sVwIxsEFvvRSk/J7Z10A"  	[MsgId: MERR-26627]
Warning: Iteration pacing cannot be reached (pace time = 3.27, actual time = 9.36).	[MsgId: MWAR-15995]
Warning: Iteration pacing cannot be reached (pace time = 3.02, actual time = 10.51).	[MsgId: MWAR-15995]
Warning: Iteration pacing cannot be reached (pace time = 3.91, actual time = 18.03).	[MsgId: MWAR-15995]
Warning: Iteration pacing cannot be reached (pace time = 3.55, actual time = 16.80).	[MsgId: MWAR-15995]
Warning: Iteration pacing cannot be reached (pace time = 3.96, actual time = 8.03).	[MsgId: MWAR-15995]
Warning: Iteration pacing cannot be reached (pace time = 3.22, actual time = 12.30).	[MsgId: MWAR-15995]
Warning: Iteration pacing cannot be reached (pace time = 3.62, actual time = 9.38).	[MsgId: MWAR-15995]
Warning: Iteration pacing cannot be reached (pace time = 3.17, actual time = 11.44).	[MsgId: MWAR-15995]
Warning: Iteration pacing cannot be reached (pace time = 3.13, actual time = 14.81).	[MsgId: MWAR-15995]
Warning: Iteration pacing cannot be reached (pace time = 3.76, actual time = 9.89).	[MsgId: MWAR-15995]
Warning: Iteration pacing cannot be reached (pace time = 3.35, actual time = 7.35).	[MsgId: MWAR-15995]
Warning: Iteration pacing cannot be reached (pace time = 3.53, actual time = 11.85).	[MsgId: MWAR-15995]
Warning: Iteration pacing cannot be reached (pace time = 3.79, actual time = 5.56).	[MsgId: MWAR-15995]
Warning: Iteration pacing cannot be reached (pace time = 3.36, actual time = 8.83).	[MsgId: MWAR-15995]
Warning: Iteration pacing cannot be reached (pace time = 3.34, actual time = 10.41).	[MsgId: MWAR-15995]
Warning: Iteration pacing cannot be reached (pace time = 3.29, actual time = 11.10).	[MsgId: MWAR-15995]
ServicePin.c(8): Error -26627: HTTP Status-Code=404 (Not Found) for "https://hx9ekpvvbi.execute-api.us-east-1.amazonaws.com/KaaS-ITG/v2/servicepin/000aQxIgUmUr8F0sVwIxsEFvvRSk/2GP17A"  	[MsgId: MERR-26627]
Warning: Iteration pacing cannot be reached (pace time = 3.99, actual time = 11.65).	[MsgId: MWAR-15995]
Warning: Iteration pacing cannot be reached (pace time = 3.89, actual time = 18.91).	[MsgId: MWAR-15995]
ServicePin.c(8): Error -26627: HTTP Status-Code=404 (Not Found) for "https://hx9ekpvvbi.execute-api.us-east-1.amazonaws.com/KaaS-ITG/v2/servicepin/000aQxIgUmUr8F0sVwIxsEFvvRSk/CE993AR"  	[MsgId: MERR-26627]
ServicePin.c(8): Error -26627: HTTP Status-Code=404 (Not Found) for "https://hx9ekpvvbi.execute-api.us-east-1.amazonaws.com/KaaS-ITG/v2/servicepin/000aQxIgUmUr8F0sVwIxsEFvvRSk/CE991AR"  	[MsgId: MERR-26627]
ServicePin.c(8): Error -26627: HTTP Status-Code=404 (Not Found) for "https://hx9ekpvvbi.execute-api.us-east-1.amazonaws.com/KaaS-ITG/v2/servicepin/000aQxIgUmUr8F0sVwIxsEFvvRSk/2GP10A"  	[MsgId: MERR-26627]
Warning: Iteration pacing cannot be reached (pace time = 3.26, actual time = 7.24).	[MsgId: MWAR-15995]
Warning: Iteration pacing cannot be reached (pace time = 3.35, actual time = 22.24).	[MsgId: MWAR-15995]
Warning: Iteration pacing cannot be reached (pace time = 3.98, actual time = 19.30).	[MsgId: MWAR-15995]
ServicePin.c(8): Error -26627: HTTP Status-Code=404 (Not Found) for "https://hx9ekpvvbi.execute-api.us-east-1.amazonaws.com/KaaS-ITG/v2/servicepin/000aQxIgUmUr8F0sVwIxsEFvvRSk/2GP05A"  	[MsgId: MERR-26627]
ServicePin.c(8): Error -26627: HTTP Status-Code=404 (Not Found) for "https://hx9ekpvvbi.execute-api.us-east-1.amazonaws.com/KaaS-ITG/v2/servicepin/000aQxIgUmUr8F0sVwIxsEFvvRSk/5ZN94A"  	[MsgId: MERR-26627]
ServicePin.c(8): Error -26627: HTTP Status-Code=404 (Not Found) for "https://hx9ekpvvbi.execute-api.us-east-1.amazonaws.com/KaaS-ITG/v2/servicepin/000aQxIgUmUr8F0sVwIxsEFvvRSk/CZ248AR"  	[MsgId: MERR-26627]
Warning: Iteration pacing cannot be reached (pace time = 3.55, actual time = 13.06).	[MsgId: MWAR-15995]
ServicePin.c(8): Error -26627: HTTP Status-Code=404 (Not Found) for "https://hx9ekpvvbi.execute-api.us-east-1.amazonaws.com/KaaS-ITG/v2/servicepin/000aQxIgUmUr8F0sVwIxsEFvvRSk/2CF56A"  	[MsgId: MERR-26627]
ServicePin.c(8): Error -26627: HTTP Status-Code=404 (Not Found) for "https://hx9ekpvvbi.execute-api.us-east-1.amazonaws.com/KaaS-ITG/v2/servicepin/000aQxIgUmUr8F0sVwIxsEFvvRSk/CE994AR"  	[MsgId: MERR-26627]
ServicePin.c(8): Error -26627: HTTP Status-Code=404 (Not Found) for "https://hx9ekpvvbi.execute-api.us-east-1.amazonaws.com/KaaS-ITG/v2/servicepin/000aQxIgUmUr8F0sVwIxsEFvvRSk/CE991AR"  	[MsgId: MERR-26627]
Warning: Iteration pacing cannot be reached (pace time = 3.88, actual time = 15.71).	[MsgId: MWAR-15995]
Warning: Iteration pacing cannot be reached (pace time = 3.77, actual time = 11.39).	[MsgId: MWAR-15995]
ServicePin.c(8): Error -26627: HTTP Status-Code=404 (Not Found) for "https://hx9ekpvvbi.execute-api.us-east-1.amazonaws.com/KaaS-ITG/v2/servicepin/000aQxIgUmUr8F0sVwIxsEFvvRSk/J7Z10A"  	[MsgId: MERR-26627]
ServicePin.c(8): Error -26627: HTTP Status-Code=404 (Not Found) for "https://hx9ekpvvbi.execute-api.us-east-1.amazonaws.com/KaaS-ITG/v2/servicepin/000aQxIgUmUr8F0sVwIxsEFvvRSk/CZ250AR"  	[MsgId: MERR-26627]
Warning: Iteration pacing cannot be reached (pace time = 3.20, actual time = 10.66).	[MsgId: MWAR-15995]
ServicePin.c(8): Error -26627: HTTP Status-Code=404 (Not Found) for "https://hx9ekpvvbi.execute-api.us-east-1.amazonaws.com/KaaS-ITG/v2/servicepin/000aQxIgUmUr8F0sVwIxsEFvvRSk/2GP13A"  	[MsgId: MERR-26627]
Warning: Iteration pacing cannot be reached (pace time = 3.12, actual time = 17.61).	[MsgId: MWAR-15995]
ServicePin.c(8): Error -26627: HTTP Status-Code=404 (Not Found) for "https://hx9ekpvvbi.execute-api.us-east-1.amazonaws.com/KaaS-ITG/v2/servicepin/000aQxIgUmUr8F0sVwIxsEFvvRSk/2GP13A"  	[MsgId: MERR-26627]
ServicePin.c(8): Error -26627: HTTP Status-Code=404 (Not Found) for "https://hx9ekpvvbi.execute-api.us-east-1.amazonaws.com/KaaS-ITG/v2/servicepin/000aQxIgUmUr8F0sVwIxsEFvvRSk/CF081AR"  	[MsgId: MERR-26627]
Warning: Iteration pacing cannot be reached (pace time = 3.73, actual time = 15.56).	[MsgId: MWAR-15995]
ServicePin.c(8): Error -26627: HTTP Status-Code=404 (Not Found) for "https://hx9ekpvvbi.execute-api.us-east-1.amazonaws.com/KaaS-ITG/v2/servicepin/000aQxIgUmUr8F0sVwIxsEFvvRSk/5ZN92A"  	[MsgId: MERR-26627]
Warning: Iteration pacing cannot be reached (pace time = 3.68, actual time = 5.74).	[MsgId: MWAR-15995]
Warning: Iteration pacing cannot be reached (pace time = 3.78, actual time = 13.12).	[MsgId: MWAR-15995]
Warning: Iteration pacing cannot be reached (pace time = 3.98, actual time = 11.62).	[MsgId: MWAR-15995]
Warning: Iteration pacing cannot be reached (pace time = 3.78, actual time = 4.07).	[MsgId: MWAR-15995]
Warning: Iteration pacing cannot be reached (pace time = 3.93, actual time = 4.59).	[MsgId: MWAR-15995]
Warning: Iteration pacing cannot be reached (pace time = 3.21, actual time = 9.49).	[MsgId: MWAR-15995]
ServicePin.c(8): Error -26608: HTTP Status-Code=504 (Gateway Timeout) for "https://hx9ekpvvbi.execute-api.us-east-1.amazonaws.com/KaaS-ITG/v2/servicepin/000aQxIgUmUr8F0sVwIxsEFvvRSk/J7Z12A"  	[MsgId: MERR-26608]
Warning: Iteration pacing cannot be reached (pace time = 3.88, actual time = 29.04).	[MsgId: MWAR-15995]
Warning: Iteration pacing cannot be reached (pace time = 3.16, actual time = 8.56).	[MsgId: MWAR-15995]
ServicePin.c(8): Error -26627: HTTP Status-Code=404 (Not Found) for "https://hx9ekpvvbi.execute-api.us-east-1.amazonaws.com/KaaS-ITG/v2/servicepin/000aQxIgUmUr8F0sVwIxsEFvvRSk/2GP07A"  	[MsgId: MERR-26627]
ServicePin.c(8): Error -26627: HTTP Status-Code=404 (Not Found) for "https://hx9ekpvvbi.execute-api.us-east-1.amazonaws.com/KaaS-ITG/v2/servicepin/000aQxIgUmUr8F0sVwIxsEFvvRSk/CZ250AR"  	[MsgId: MERR-26627]
Warning: Iteration pacing cannot be reached (pace time = 3.74, actual time = 10.86).	[MsgId: MWAR-15995]
Warning: Iteration pacing cannot be reached (pace time = 3.66, actual time = 17.30).	[MsgId: MWAR-15995]
ServicePin.c(8): Error -26627: HTTP Status-Code=404 (Not Found) for "https://hx9ekpvvbi.execute-api.us-east-1.amazonaws.com/KaaS-ITG/v2/servicepin/000aQxIgUmUr8F0sVwIxsEFvvRSk/CZ249AR"  	[MsgId: MERR-26627]
Warning: Iteration pacing cannot be reached (pace time = 3.01, actual time = 3.65).	[MsgId: MWAR-15995]
Warning: Iteration pacing cannot be reached (pace time = 3.60, actual time = 16.70).	[MsgId: MWAR-15995]
Warning: Iteration pacing cannot be reached (pace time = 3.13, actual time = 17.06).	[MsgId: MWAR-15995]
Warning: Iteration pacing cannot be reached (pace time = 3.50, actual time = 17.11).	[MsgId: MWAR-15995]
ServicePin.c(8): Error -26627: HTTP Status-Code=404 (Not Found) for "https://hx9ekpvvbi.execute-api.us-east-1.amazonaws.com/KaaS-ITG/v2/servicepin/000aQxIgUmUr8F0sVwIxsEFvvRSk/5ZN92A"  	[MsgId: MERR-26627]
Warning: Iteration pacing cannot be reached (pace time = 3.60, actual time = 15.55).	[MsgId: MWAR-15995]
ServicePin.c(8): Error -26627: HTTP Status-Code=404 (Not Found) for "https://hx9ekpvvbi.execute-api.us-east-1.amazonaws.com/KaaS-ITG/v2/servicepin/000aQxIgUmUr8F0sVwIxsEFvvRSk/2GP14A"  	[MsgId: MERR-26627]
Warning: Iteration pacing cannot be reached (pace time = 3.15, actual time = 15.81).	[MsgId: MWAR-15995]
ServicePin.c(8): Error -26627: HTTP Status-Code=404 (Not Found) for "https://hx9ekpvvbi.execute-api.us-east-1.amazonaws.com/KaaS-ITG/v2/servicepin/000aQxIgUmUr8F0sVwIxsEFvvRSk/5ZN97A"  	[MsgId: MERR-26627]
Warning: Iteration pacing cannot be reached (pace time = 3.12, actual time = 15.80).	[MsgId: MWAR-15995]
Warning: Iteration pacing cannot be reached (pace time = 3.05, actual time = 12.56).	[MsgId: MWAR-15995]
ServicePin.c(8): Error -26627: HTTP Status-Code=404 (Not Found) for "https://hx9ekpvvbi.execute-api.us-east-1.amazonaws.com/KaaS-ITG/v2/servicepin/000aQxIgUmUr8F0sVwIxsEFvvRSk/CE995AR"  	[MsgId: MERR-26627]
ServicePin.c(8): Error -26627: HTTP Status-Code=404 (Not Found) for "https://hx9ekpvvbi.execute-api.us-east-1.amazonaws.com/KaaS-ITG/v2/servicepin/000aQxIgUmUr8F0sVwIxsEFvvRSk/CE990AR"  	[MsgId: MERR-26627]
ServicePin.c(8): Error -26627: HTTP Status-Code=404 (Not Found) for "https://hx9ekpvvbi.execute-api.us-east-1.amazonaws.com/KaaS-ITG/v2/servicepin/000aQxIgUmUr8F0sVwIxsEFvvRSk/CZ249AR"  	[MsgId: MERR-26627]
ServicePin.c(8): Error -26627: HTTP Status-Code=404 (Not Found) for "https://hx9ekpvvbi.execute-api.us-east-1.amazonaws.com/KaaS-ITG/v2/servicepin/000aQxIgUmUr8F0sVwIxsEFvvRSk/5ZN95A"  	[MsgId: MERR-26627]
Warning: Iteration pacing cannot be reached (pace time = 3.45, actual time = 13.84).	[MsgId: MWAR-15995]
ServicePin.c(8): Error -26627: HTTP Status-Code=404 (Not Found) for "https://hx9ekpvvbi.execute-api.us-east-1.amazonaws.com/KaaS-ITG/v2/servicepin/000aQxIgUmUr8F0sVwIxsEFvvRSk/2CF57A"  	[MsgId: MERR-26627]
ServicePin.c(8): Error -26627: HTTP Status-Code=404 (Not Found) for "https://hx9ekpvvbi.execute-api.us-east-1.amazonaws.com/KaaS-ITG/v2/servicepin/000aQxIgUmUr8F0sVwIxsEFvvRSk/2GP05A"  	[MsgId: MERR-26627]
ServicePin.c(8): Error -26627: HTTP Status-Code=404 (Not Found) for "https://hx9ekpvvbi.execute-api.us-east-1.amazonaws.com/KaaS-ITG/v2/servicepin/000aQxIgUmUr8F0sVwIxsEFvvRSk/CE990AR"  	[MsgId: MERR-26627]
Warning: Iteration pacing cannot be reached (pace time = 3.08, actual time = 11.57).	[MsgId: MWAR-15995]
Warning: Iteration pacing cannot be reached (pace time = 3.43, actual time = 17.03).	[MsgId: MWAR-15995]
ServicePin.c(8): Error -26627: HTTP Status-Code=404 (Not Found) for "https://hx9ekpvvbi.execute-api.us-east-1.amazonaws.com/KaaS-ITG/v2/servicepin/000aQxIgUmUr8F0sVwIxsEFvvRSk/CZ251A"  	[MsgId: MERR-26627]
Warning: Iteration pacing cannot be reached (pace time = 3.10, actual time = 10.96).	[MsgId: MWAR-15995]
ServicePin.c(8): Error -26627: HTTP Status-Code=404 (Not Found) for "https://hx9ekpvvbi.execute-api.us-east-1.amazonaws.com/KaaS-ITG/v2/servicepin/000aQxIgUmUr8F0sVwIxsEFvvRSk/CZ258A"  	[MsgId: MERR-26627]
Warning: Iteration pacing cannot be reached (pace time = 3.08, actual time = 14.80).	[MsgId: MWAR-15995]
Warning: Iteration pacing cannot be reached (pace time = 3.75, actual time = 13.34).	[MsgId: MWAR-15995]
Warning: Iteration pacing cannot be reached (pace time = 3.00, actual time = 17.00).	[MsgId: MWAR-15995]
Warning: Iteration pacing cannot be reached (pace time = 3.53, actual time = 10.23).	[MsgId: MWAR-15995]
Warning: Iteration pacing cannot be reached (pace time = 3.67, actual time = 11.86).	[MsgId: MWAR-15995]
Warning: Iteration pacing cannot be reached (pace time = 3.70, actual time = 8.51).	[MsgId: MWAR-15995]
Warning: Iteration pacing cannot be reached (pace time = 3.19, actual time = 17.07).	[MsgId: MWAR-15995]
ServicePin.c(8): Error -26627: HTTP Status-Code=404 (Not Found) for "https://hx9ekpvvbi.execute-api.us-east-1.amazonaws.com/KaaS-ITG/v2/servicepin/000aQxIgUmUr8F0sVwIxsEFvvRSk/CZ251A"  	[MsgId: MERR-26627]
ServicePin.c(8): Error -26627: HTTP Status-Code=404 (Not Found) for "https://hx9ekpvvbi.execute-api.us-east-1.amazonaws.com/KaaS-ITG/v2/servicepin/000aQxIgUmUr8F0sVwIxsEFvvRSk/2GP05A"  	[MsgId: MERR-26627]
Warning: Iteration pacing cannot be reached (pace time = 3.24, actual time = 20.22).	[MsgId: MWAR-15995]
Warning: Iteration pacing cannot be reached (pace time = 3.94, actual time = 19.17).	[MsgId: MWAR-15995]
Warning: Iteration pacing cannot be reached (pace time = 3.63, actual time = 12.49).	[MsgId: MWAR-15995]
Warning: Iteration pacing cannot be reached (pace time = 3.37, actual time = 10.13).	[MsgId: MWAR-15995]
Warning: Iteration pacing cannot be reached (pace time = 3.94, actual time = 14.17).	[MsgId: MWAR-15995]
Warning: Iteration pacing cannot be reached (pace time = 3.14, actual time = 21.96).	[MsgId: MWAR-15995]
Warning: Iteration pacing cannot be reached (pace time = 3.90, actual time = 15.84).	[MsgId: MWAR-15995]
Warning: Iteration pacing cannot be reached (pace time = 3.86, actual time = 10.76).	[MsgId: MWAR-15995]
Warning: Iteration pacing cannot be reached (pace time = 3.47, actual time = 16.57).	[MsgId: MWAR-15995]
Warning: Iteration pacing cannot be reached (pace time = 3.97, actual time = 8.62).	[MsgId: MWAR-15995]
Warning: Iteration pacing cannot be reached (pace time = 3.55, actual time = 16.72).	[MsgId: MWAR-15995]
ServicePin.c(8): Error -26627: HTTP Status-Code=404 (Not Found) for "https://hx9ekpvvbi.execute-api.us-east-1.amazonaws.com/KaaS-ITG/v2/servicepin/000aQxIgUmUr8F0sVwIxsEFvvRSk/2CF60A"  	[MsgId: MERR-26627]
ServicePin.c(8): Error -26627: HTTP Status-Code=404 (Not Found) for "https://hx9ekpvvbi.execute-api.us-east-1.amazonaws.com/KaaS-ITG/v2/servicepin/000aQxIgUmUr8F0sVwIxsEFvvRSk/B3G85AR"  	[MsgId: MERR-26627]
Warning: Iteration pacing cannot be reached (pace time = 3.11, actual time = 11.43).	[MsgId: MWAR-15995]
ServicePin.c(8): Error -26627: HTTP Status-Code=404 (Not Found) for "https://hx9ekpvvbi.execute-api.us-east-1.amazonaws.com/KaaS-ITG/v2/servicepin/000aQxIgUmUr8F0sVwIxsEFvvRSk/CZ251A"  	[MsgId: MERR-26627]
Warning: Iteration pacing cannot be reached (pace time = 3.14, actual time = 20.55).	[MsgId: MWAR-15995]
ServicePin.c(8): Error -26627: HTTP Status-Code=404 (Not Found) for "https://hx9ekpvvbi.execute-api.us-east-1.amazonaws.com/KaaS-ITG/v2/servicepin/000aQxIgUmUr8F0sVwIxsEFvvRSk/F3J55A"  	[MsgId: MERR-26627]
Warning: Iteration pacing cannot be reached (pace time = 3.52, actual time = 18.57).	[MsgId: MWAR-15995]
Warning: Iteration pacing cannot be reached (pace time = 3.17, actual time = 8.61).	[MsgId: MWAR-15995]
Warning: Iteration pacing cannot be reached (pace time = 3.13, actual time = 10.62).	[MsgId: MWAR-15995]
Warning: Iteration pacing cannot be reached (pace time = 3.64, actual time = 11.88).	[MsgId: MWAR-15995]
ServicePin.c(8): Error -26627: HTTP Status-Code=404 (Not Found) for "https://hx9ekpvvbi.execute-api.us-east-1.amazonaws.com/KaaS-ITG/v2/servicepin/000aQxIgUmUr8F0sVwIxsEFvvRSk/B3G86AR"  	[MsgId: MERR-26627]
Warning: Iteration pacing cannot be reached (pace time = 3.89, actual time = 15.11).	[MsgId: MWAR-15995]
Warning: Iteration pacing cannot be reached (pace time = 3.19, actual time = 9.59).	[MsgId: MWAR-15995]
Warning: Iteration pacing cannot be reached (pace time = 3.10, actual time = 18.97).	[MsgId: MWAR-15995]
Warning: Iteration pacing cannot be reached (pace time = 3.63, actual time = 18.32).	[MsgId: MWAR-15995]
ServicePin.c(8): Error -26627: HTTP Status-Code=404 (Not Found) for "https://hx9ekpvvbi.execute-api.us-east-1.amazonaws.com/KaaS-ITG/v2/servicepin/000aQxIgUmUr8F0sVwIxsEFvvRSk/2CF57A"  	[MsgId: MERR-26627]
Warning: Iteration pacing cannot be reached (pace time = 3.54, actual time = 9.43).	[MsgId: MWAR-15995]
Warning: Iteration pacing cannot be reached (pace time = 3.81, actual time = 13.14).	[MsgId: MWAR-15995]
ServicePin.c(8): Error -26627: HTTP Status-Code=404 (Not Found) for "https://hx9ekpvvbi.execute-api.us-east-1.amazonaws.com/KaaS-ITG/v2/servicepin/000aQxIgUmUr8F0sVwIxsEFvvRSk/CZ258A"  	[MsgId: MERR-26627]
Warning: Iteration pacing cannot be reached (pace time = 3.85, actual time = 9.97).	[MsgId: MWAR-15995]
ServicePin.c(8): Error -26627: HTTP Status-Code=404 (Not Found) for "https://hx9ekpvvbi.execute-api.us-east-1.amazonaws.com/KaaS-ITG/v2/servicepin/000aQxIgUmUr8F0sVwIxsEFvvRSk/CF083AR"  	[MsgId: MERR-26627]
Warning: Iteration pacing cannot be reached (pace time = 3.40, actual time = 9.68).	[MsgId: MWAR-15995]
Warning: Iteration pacing cannot be reached (pace time = 3.79, actual time = 10.38).	[MsgId: MWAR-15995]
ServicePin.c(8): Error -26627: HTTP Status-Code=404 (Not Found) for "https://hx9ekpvvbi.execute-api.us-east-1.amazonaws.com/KaaS-ITG/v2/servicepin/000aQxIgUmUr8F0sVwIxsEFvvRSk/5ZN93A"  	[MsgId: MERR-26627]
Warning: Iteration pacing cannot be reached (pace time = 3.03, actual time = 9.36).	[MsgId: MWAR-15995]
ServicePin.c(8): Error -26627: HTTP Status-Code=404 (Not Found) for "https://hx9ekpvvbi.execute-api.us-east-1.amazonaws.com/KaaS-ITG/v2/servicepin/000aQxIgUmUr8F0sVwIxsEFvvRSk/CZ257AR"  	[MsgId: MERR-26627]
Warning: Iteration pacing cannot be reached (pace time = 3.37, actual time = 24.47).	[MsgId: MWAR-15995]
Warning: Iteration pacing cannot be reached (pace time = 3.83, actual time = 12.53).	[MsgId: MWAR-15995]
ServicePin.c(8): Error -26627: HTTP Status-Code=404 (Not Found) for "https://hx9ekpvvbi.execute-api.us-east-1.amazonaws.com/KaaS-ITG/v2/servicepin/000aQxIgUmUr8F0sVwIxsEFvvRSk/5ZN96A"  	[MsgId: MERR-26627]
Warning: Iteration pacing cannot be reached (pace time = 3.71, actual time = 10.63).	[MsgId: MWAR-15995]
Warning: Iteration pacing cannot be reached (pace time = 3.70, actual time = 9.52).	[MsgId: MWAR-15995]
ServicePin.c(8): Error -26627: HTTP Status-Code=404 (Not Found) for "https://hx9ekpvvbi.execute-api.us-east-1.amazonaws.com/KaaS-ITG/v2/servicepin/000aQxIgUmUr8F0sVwIxsEFvvRSk/5ZN92A"  	[MsgId: MERR-26627]
Warning: Iteration pacing cannot be reached (pace time = 3.44, actual time = 22.40).	[MsgId: MWAR-15995]
Warning: Iteration pacing cannot be reached (pace time = 3.89, actual time = 20.79).	[MsgId: MWAR-15995]
Warning: Iteration pacing cannot be reached (pace time = 3.44, actual time = 14.24).	[MsgId: MWAR-15995]
Warning: Iteration pacing cannot be reached (pace time = 3.36, actual time = 13.95).	[MsgId: MWAR-15995]
Warning: Iteration pacing cannot be reached (pace time = 3.93, actual time = 8.52).	[MsgId: MWAR-15995]
Warning: Iteration pacing cannot be reached (pace time = 3.73, actual time = 11.26).	[MsgId: MWAR-15995]
ServicePin.c(8): Error -26627: HTTP Status-Code=404 (Not Found) for "https://hx9ekpvvbi.execute-api.us-east-1.amazonaws.com/KaaS-ITG/v2/servicepin/000aQxIgUmUr8F0sVwIxsEFvvRSk/CD646AR"  	[MsgId: MERR-26627]
Warning: Iteration pacing cannot be reached (pace time = 3.12, actual time = 12.91).	[MsgId: MWAR-15995]
Warning: Iteration pacing cannot be reached (pace time = 3.43, actual time = 18.35).	[MsgId: MWAR-15995]
Warning: Iteration pacing cannot be reached (pace time = 3.57, actual time = 17.42).	[MsgId: MWAR-15995]
ServicePin.c(8): Error -26627: HTTP Status-Code=404 (Not Found) for "https://hx9ekpvvbi.execute-api.us-east-1.amazonaws.com/KaaS-ITG/v2/servicepin/000aQxIgUmUr8F0sVwIxsEFvvRSk/F3J54A"  	[MsgId: MERR-26627]
Warning: Iteration pacing cannot be reached (pace time = 3.31, actual time = 20.56).	[MsgId: MWAR-15995]
Warning: Iteration pacing cannot be reached (pace time = 3.70, actual time = 9.09).	[MsgId: MWAR-15995]
ServicePin.c(8): Error -26627: HTTP Status-Code=404 (Not Found) for "https://hx9ekpvvbi.execute-api.us-east-1.amazonaws.com/KaaS-ITG/v2/servicepin/000aQxIgUmUr8F0sVwIxsEFvvRSk/CZ256AR"  	[MsgId: MERR-26627]
Warning: Iteration pacing cannot be reached (pace time = 3.52, actual time = 15.82).	[MsgId: MWAR-15995]
Warning: Iteration pacing cannot be reached (pace time = 3.09, actual time = 11.31).	[MsgId: MWAR-15995]
ServicePin.c(8): Error -26627: HTTP Status-Code=404 (Not Found) for "https://hx9ekpvvbi.execute-api.us-east-1.amazonaws.com/KaaS-ITG/v2/servicepin/000aQxIgUmUr8F0sVwIxsEFvvRSk/5ZN95A"  	[MsgId: MERR-26627]
Warning: Iteration pacing cannot be reached (pace time = 3.13, actual time = 14.91).	[MsgId: MWAR-15995]
Warning: Iteration pacing cannot be reached (pace time = 3.20, actual time = 18.77).	[MsgId: MWAR-15995]
Warning: Iteration pacing cannot be reached (pace time = 3.50, actual time = 13.25).	[MsgId: MWAR-15995]
ServicePin.c(8): Error -26627: HTTP Status-Code=404 (Not Found) for "https://hx9ekpvvbi.execute-api.us-east-1.amazonaws.com/KaaS-ITG/v2/servicepin/000aQxIgUmUr8F0sVwIxsEFvvRSk/2GP05A"  	[MsgId: MERR-26627]
ServicePin.c(8): Error -26627: HTTP Status-Code=404 (Not Found) for "https://hx9ekpvvbi.execute-api.us-east-1.amazonaws.com/KaaS-ITG/v2/servicepin/000aQxIgUmUr8F0sVwIxsEFvvRSk/F3J55A"  	[MsgId: MERR-26627]
Warning: Iteration pacing cannot be reached (pace time = 3.66, actual time = 14.21).	[MsgId: MWAR-15995]
Warning: Iteration pacing cannot be reached (pace time = 3.35, actual time = 16.04).	[MsgId: MWAR-15995]
Warning: Iteration pacing cannot be reached (pace time = 3.73, actual time = 14.01).	[MsgId: MWAR-15995]
Warning: Iteration pacing cannot be reached (pace time = 3.38, actual time = 17.31).	[MsgId: MWAR-15995]
ServicePin.c(8): Error -26627: HTTP Status-Code=404 (Not Found) for "https://hx9ekpvvbi.execute-api.us-east-1.amazonaws.com/KaaS-ITG/v2/servicepin/000aQxIgUmUr8F0sVwIxsEFvvRSk/2GP10A"  	[MsgId: MERR-26627]
ServicePin.c(8): Error -26627: HTTP Status-Code=404 (Not Found) for "https://hx9ekpvvbi.execute-api.us-east-1.amazonaws.com/KaaS-ITG/v2/servicepin/000aQxIgUmUr8F0sVwIxsEFvvRSk/5ZN93A"  	[MsgId: MERR-26627]
Warning: Iteration pacing cannot be reached (pace time = 3.72, actual time = 14.18).	[MsgId: MWAR-15995]
ServicePin.c(8): Error -26627: HTTP Status-Code=404 (Not Found) for "https://hx9ekpvvbi.execute-api.us-east-1.amazonaws.com/KaaS-ITG/v2/servicepin/000aQxIgUmUr8F0sVwIxsEFvvRSk/CZ250AR"  	[MsgId: MERR-26627]
Warning: Iteration pacing cannot be reached (pace time = 3.13, actual time = 16.04).	[MsgId: MWAR-15995]
Warning: Iteration pacing cannot be reached (pace time = 3.48, actual time = 19.01).	[MsgId: MWAR-15995]
ServicePin.c(8): Error -26627: HTTP Status-Code=404 (Not Found) for "https://hx9ekpvvbi.execute-api.us-east-1.amazonaws.com/KaaS-ITG/v2/servicepin/000aQxIgUmUr8F0sVwIxsEFvvRSk/B3G85AR"  	[MsgId: MERR-26627]
Warning: Iteration pacing cannot be reached (pace time = 3.89, actual time = 22.02).	[MsgId: MWAR-15995]
ServicePin.c(8): Error -26627: HTTP Status-Code=404 (Not Found) for "https://hx9ekpvvbi.execute-api.us-east-1.amazonaws.com/KaaS-ITG/v2/servicepin/000aQxIgUmUr8F0sVwIxsEFvvRSk/2GP10A"  	[MsgId: MERR-26627]
ServicePin.c(8): Error -26627: HTTP Status-Code=404 (Not Found) for "https://hx9ekpvvbi.execute-api.us-east-1.amazonaws.com/KaaS-ITG/v2/servicepin/000aQxIgUmUr8F0sVwIxsEFvvRSk/2CF59A"  	[MsgId: MERR-26627]
Warning: Iteration pacing cannot be reached (pace time = 3.35, actual time = 22.45).	[MsgId: MWAR-15995]
Warning: Iteration pacing cannot be reached (pace time = 3.45, actual time = 24.13).	[MsgId: MWAR-15995]
Warning: Iteration pacing cannot be reached (pace time = 3.51, actual time = 16.59).	[MsgId: MWAR-15995]
ServicePin.c(8): Error -26627: HTTP Status-Code=404 (Not Found) for "https://hx9ekpvvbi.execute-api.us-east-1.amazonaws.com/KaaS-ITG/v2/servicepin/000aQxIgUmUr8F0sVwIxsEFvvRSk/2CF60A"  	[MsgId: MERR-26627]
ServicePin.c(8): Error -26627: HTTP Status-Code=404 (Not Found) for "https://hx9ekpvvbi.execute-api.us-east-1.amazonaws.com/KaaS-ITG/v2/servicepin/000aQxIgUmUr8F0sVwIxsEFvvRSk/CE996AR"  	[MsgId: MERR-26627]
Warning: Iteration pacing cannot be reached (pace time = 3.89, actual time = 10.70).	[MsgId: MWAR-15995]
Warning: Iteration pacing cannot be reached (pace time = 3.04, actual time = 11.14).	[MsgId: MWAR-15995]
ServicePin.c(8): Error -26627: HTTP Status-Code=404 (Not Found) for "https://hx9ekpvvbi.execute-api.us-east-1.amazonaws.com/KaaS-ITG/v2/servicepin/000aQxIgUmUr8F0sVwIxsEFvvRSk/2CF59A"  	[MsgId: MERR-26627]
ServicePin.c(8): Error -26627: HTTP Status-Code=404 (Not Found) for "https://hx9ekpvvbi.execute-api.us-east-1.amazonaws.com/KaaS-ITG/v2/servicepin/000aQxIgUmUr8F0sVwIxsEFvvRSk/CF083AR"  	[MsgId: MERR-26627]
ServicePin.c(8): Error -26627: HTTP Status-Code=404 (Not Found) for "https://hx9ekpvvbi.execute-api.us-east-1.amazonaws.com/KaaS-ITG/v2/servicepin/000aQxIgUmUr8F0sVwIxsEFvvRSk/CZ251A"  	[MsgId: MERR-26627]
Warning: Iteration pacing cannot be reached (pace time = 3.65, actual time = 14.04).	[MsgId: MWAR-15995]
Warning: Iteration pacing cannot be reached (pace time = 3.27, actual time = 15.42).	[MsgId: MWAR-15995]
Warning: Iteration pacing cannot be reached (pace time = 3.34, actual time = 10.04).	[MsgId: MWAR-15995]
Warning: Iteration pacing cannot be reached (pace time = 3.96, actual time = 8.76).	[MsgId: MWAR-15995]
Warning: Iteration pacing cannot be reached (pace time = 3.87, actual time = 9.84).	[MsgId: MWAR-15995]
Warning: Iteration pacing cannot be reached (pace time = 3.35, actual time = 11.16).	[MsgId: MWAR-15995]
ServicePin.c(8): Error -26627: HTTP Status-Code=404 (Not Found) for "https://hx9ekpvvbi.execute-api.us-east-1.amazonaws.com/KaaS-ITG/v2/servicepin/000aQxIgUmUr8F0sVwIxsEFvvRSk/F3J55A"  	[MsgId: MERR-26627]
Warning: Iteration pacing cannot be reached (pace time = 3.18, actual time = 14.56).	[MsgId: MWAR-15995]
