ServicePin.c(8): Error -26627: HTTP Status-Code=404 (Not Found) for "https://hx9ekpvvbi.execute-api.us-east-1.amazonaws.com/KaaS-ITG/v2/servicepin/000aydsyPS3PTvnz8p8WbhpGPVmq/CE995AR"  	[MsgId: MERR-26627]
ServicePin.c(8): Error -26627: HTTP Status-Code=404 (Not Found) for "https://hx9ekpvvbi.execute-api.us-east-1.amazonaws.com/KaaS-ITG/v2/servicepin/000aydsyPS3PTvnz8p8WbhpGPVmq/CZ251V"  	[MsgId: MERR-26627]
ServicePin.c(8): Error -26627: HTTP Status-Code=404 (Not Found) for "https://hx9ekpvvbi.execute-api.us-east-1.amazonaws.com/KaaS-ITG/v2/servicepin/000aydsyPS3PTvnz8p8WbhpGPVmq/5ZN96A"  	[MsgId: MERR-26627]
ServicePin.c(8): Error -26627: HTTP Status-Code=404 (Not Found) for "https://hx9ekpvvbi.execute-api.us-east-1.amazonaws.com/KaaS-ITG/v2/servicepin/000aydsyPS3PTvnz8p8WbhpGPVmq/CZ256AR"  	[MsgId: MERR-26627]
Warning: Iteration pacing cannot be reached (pace time = 3.93, actual time = 4.03).	[MsgId: MWAR-15995]
ServicePin.c(8): Error -26627: HTTP Status-Code=404 (Not Found) for "https://hx9ekpvvbi.execute-api.us-east-1.amazonaws.com/KaaS-ITG/v2/servicepin/000aydsyPS3PTvnz8p8WbhpGPVmq/CZ258A"  	[MsgId: MERR-26627]
ServicePin.c(8): Error -26627: HTTP Status-Code=404 (Not Found) for "https://hx9ekpvvbi.execute-api.us-east-1.amazonaws.com/KaaS-ITG/v2/servicepin/000aydsyPS3PTvnz8p8WbhpGPVmq/2GP07A"  	[MsgId: MERR-26627]
Warning: Iteration pacing cannot be reached (pace time = 3.57, actual time = 8.22).	[MsgId: MWAR-15995]
ServicePin.c(8): Error -26627: HTTP Status-Code=404 (Not Found) for "https://hx9ekpvvbi.execute-api.us-east-1.amazonaws.com/KaaS-ITG/v2/servicepin/000aydsyPS3PTvnz8p8WbhpGPVmq/B3G86AR"  	[MsgId: MERR-26627]
ServicePin.c(8): Error -26627: HTTP Status-Code=404 (Not Found) for "https://hx9ekpvvbi.execute-api.us-east-1.amazonaws.com/KaaS-ITG/v2/servicepin/000aydsyPS3PTvnz8p8WbhpGPVmq/1PV89A"  	[MsgId: MERR-26627]
Warning: Iteration pacing cannot be reached (pace time = 3.97, actual time = 4.98).	[MsgId: MWAR-15995]
Warning: Iteration pacing cannot be reached (pace time = 3.68, actual time = 8.34).	[MsgId: MWAR-15995]
Warning: Iteration pacing cannot be reached (pace time = 3.12, actual time = 3.70).	[MsgId: MWAR-15995]
ServicePin.c(8): Error -26627: HTTP Status-Code=404 (Not Found) for "https://hx9ekpvvbi.execute-api.us-east-1.amazonaws.com/KaaS-ITG/v2/servicepin/000aydsyPS3PTvnz8p8WbhpGPVmq/2GP16A"  	[MsgId: MERR-26627]
ServicePin.c(8): Error -26627: HTTP Status-Code=404 (Not Found) for "https://hx9ekpvvbi.execute-api.us-east-1.amazonaws.com/KaaS-ITG/v2/servicepin/000aydsyPS3PTvnz8p8WbhpGPVmq/F3J55A"  	[MsgId: MERR-26627]
Warning: Iteration pacing cannot be reached (pace time = 3.43, actual time = 9.18).	[MsgId: MWAR-15995]
Warning: Iteration pacing cannot be reached (pace time = 3.81, actual time = 4.66).	[MsgId: MWAR-15995]
Warning: Iteration pacing cannot be reached (pace time = 3.71, actual time = 19.28).	[MsgId: MWAR-15995]
Warning: Iteration pacing cannot be reached (pace time = 3.04, actual time = 14.74).	[MsgId: MWAR-15995]
Warning: Iteration pacing cannot be reached (pace time = 3.85, actual time = 6.15).	[MsgId: MWAR-15995]
Warning: Iteration pacing cannot be reached (pace time = 3.29, actual time = 7.55).	[MsgId: MWAR-15995]
Warning: Iteration pacing cannot be reached (pace time = 3.79, actual time = 17.03).	[MsgId: MWAR-15995]
Warning: Iteration pacing cannot be reached (pace time = 3.51, actual time = 9.83).	[MsgId: MWAR-15995]
ServicePin.c(8): Error -26627: HTTP Status-Code=404 (Not Found) for "https://hx9ekpvvbi.execute-api.us-east-1.amazonaws.com/KaaS-ITG/v2/servicepin/000aydsyPS3PTvnz8p8WbhpGPVmq/CZ249AR"  	[MsgId: MERR-26627]
Warning: Iteration pacing cannot be reached (pace time = 3.87, actual time = 25.11).	[MsgId: MWAR-15995]
ServicePin.c(8): Error -26627: HTTP Status-Code=404 (Not Found) for "https://hx9ekpvvbi.execute-api.us-east-1.amazonaws.com/KaaS-ITG/v2/servicepin/000aydsyPS3PTvnz8p8WbhpGPVmq/CE994AR"  	[MsgId: MERR-26627]
ServicePin.c(8): Error -26627: HTTP Status-Code=404 (Not Found) for "https://hx9ekpvvbi.execute-api.us-east-1.amazonaws.com/KaaS-ITG/v2/servicepin/000aydsyPS3PTvnz8p8WbhpGPVmq/CF082AR"  	[MsgId: MERR-26627]
ServicePin.c(8): Error -26627: HTTP Status-Code=404 (Not Found) for "https://hx9ekpvvbi.execute-api.us-east-1.amazonaws.com/KaaS-ITG/v2/servicepin/000aydsyPS3PTvnz8p8WbhpGPVmq/2GP17A"  	[MsgId: MERR-26627]
Warning: Iteration pacing cannot be reached (pace time = 3.50, actual time = 7.19).	[MsgId: MWAR-15995]
Warning: Iteration pacing cannot be reached (pace time = 3.04, actual time = 18.36).	[MsgId: MWAR-15995]
Warning: Iteration pacing cannot be reached (pace time = 3.65, actual time = 12.48).	[MsgId: MWAR-15995]
Warning: Iteration pacing cannot be reached (pace time = 3.45, actual time = 18.20).	[MsgId: MWAR-15995]
ServicePin.c(8): Error -26627: HTTP Status-Code=404 (Not Found) for "https://hx9ekpvvbi.execute-api.us-east-1.amazonaws.com/KaaS-ITG/v2/servicepin/000aydsyPS3PTvnz8p8WbhpGPVmq/1PV89A"  	[MsgId: MERR-26627]
Warning: Iteration pacing cannot be reached (pace time = 3.58, actual time = 11.18).	[MsgId: MWAR-15995]
Warning: Iteration pacing cannot be reached (pace time = 3.08, actual time = 13.35).	[MsgId: MWAR-15995]
Warning: Iteration pacing cannot be reached (pace time = 3.14, actual time = 11.90).	[MsgId: MWAR-15995]
Warning: Iteration pacing cannot be reached (pace time = 3.89, actual time = 14.31).	[MsgId: MWAR-15995]
Warning: Iteration pacing cannot be reached (pace time = 3.92, actual time = 22.91).	[MsgId: MWAR-15995]
Warning: Iteration pacing cannot be reached (pace time = 3.49, actual time = 14.19).	[MsgId: MWAR-15995]
Warning: Iteration pacing cannot be reached (pace time = 3.43, actual time = 18.70).	[MsgId: MWAR-15995]
Warning: Iteration pacing cannot be reached (pace time = 3.11, actual time = 23.09).	[MsgId: MWAR-15995]
Warning: Iteration pacing cannot be reached (pace time = 3.96, actual time = 14.01).	[MsgId: MWAR-15995]
Warning: Iteration pacing cannot be reached (pace time = 3.24, actual time = 13.64).	[MsgId: MWAR-15995]
ServicePin.c(8): Error -26627: HTTP Status-Code=404 (Not Found) for "https://hx9ekpvvbi.execute-api.us-east-1.amazonaws.com/KaaS-ITG/v2/servicepin/000aydsyPS3PTvnz8p8WbhpGPVmq/CE990AR"  	[MsgId: MERR-26627]
ServicePin.c(8): Error -26627: HTTP Status-Code=404 (Not Found) for "https://hx9ekpvvbi.execute-api.us-east-1.amazonaws.com/KaaS-ITG/v2/servicepin/000aydsyPS3PTvnz8p8WbhpGPVmq/5ZN95A"  	[MsgId: MERR-26627]
Warning: Iteration pacing cannot be reached (pace time = 3.43, actual time = 13.62).	[MsgId: MWAR-15995]
Warning: Iteration pacing cannot be reached (pace time = 3.56, actual time = 15.93).	[MsgId: MWAR-15995]
Warning: Iteration pacing cannot be reached (pace time = 3.93, actual time = 11.15).	[MsgId: MWAR-15995]
Warning: Iteration pacing cannot be reached (pace time = 3.01, actual time = 9.12).	[MsgId: MWAR-15995]
Warning: Iteration pacing cannot be reached (pace time = 3.40, actual time = 9.91).	[MsgId: MWAR-15995]
Warning: Iteration pacing cannot be reached (pace time = 3.92, actual time = 11.61).	[MsgId: MWAR-15995]
ServicePin.c(8): Error -26627: HTTP Status-Code=404 (Not Found) for "https://hx9ekpvvbi.execute-api.us-east-1.amazonaws.com/KaaS-ITG/v2/servicepin/000aydsyPS3PTvnz8p8WbhpGPVmq/B3G86AR"  	[MsgId: MERR-26627]
ServicePin.c(8): Error -26627: HTTP Status-Code=404 (Not Found) for "https://hx9ekpvvbi.execute-api.us-east-1.amazonaws.com/KaaS-ITG/v2/servicepin/000aydsyPS3PTvnz8p8WbhpGPVmq/J7Z10A"  	[MsgId: MERR-26627]
ServicePin.c(8): Error -26627: HTTP Status-Code=404 (Not Found) for "https://hx9ekpvvbi.execute-api.us-east-1.amazonaws.com/KaaS-ITG/v2/servicepin/000aydsyPS3PTvnz8p8WbhpGPVmq/2GP16A"  	[MsgId: MERR-26627]
Warning: Iteration pacing cannot be reached (pace time = 3.60, actual time = 14.86).	[MsgId: MWAR-15995]
Warning: Iteration pacing cannot be reached (pace time = 3.37, actual time = 9.94).	[MsgId: MWAR-15995]
Warning: Iteration pacing cannot be reached (pace time = 3.31, actual time = 14.27).	[MsgId: MWAR-15995]
ServicePin.c(8): Error -26627: HTTP Status-Code=404 (Not Found) for "https://hx9ekpvvbi.execute-api.us-east-1.amazonaws.com/KaaS-ITG/v2/servicepin/000aydsyPS3PTvnz8p8WbhpGPVmq/CE989AR"  	[MsgId: MERR-26627]
Warning: Iteration pacing cannot be reached (pace time = 3.15, actual time = 13.56).	[MsgId: MWAR-15995]
Warning: Iteration pacing cannot be reached (pace time = 3.13, actual time = 14.03).	[MsgId: MWAR-15995]
ServicePin.c(8): Error -26627: HTTP Status-Code=404 (Not Found) for "https://hx9ekpvvbi.execute-api.us-east-1.amazonaws.com/KaaS-ITG/v2/servicepin/000aydsyPS3PTvnz8p8WbhpGPVmq/CZ255AR"  	[MsgId: MERR-26627]
Warning: Iteration pacing cannot be reached (pace time = 3.23, actual time = 12.32).	[MsgId: MWAR-15995]
ServicePin.c(8): Error -26627: HTTP Status-Code=404 (Not Found) for "https://hx9ekpvvbi.execute-api.us-east-1.amazonaws.com/KaaS-ITG/v2/servicepin/000aydsyPS3PTvnz8p8WbhpGPVmq/CD644AR"  	[MsgId: MERR-26627]
Warning: Iteration pacing cannot be reached (pace time = 3.04, actual time = 15.65).	[MsgId: MWAR-15995]
Warning: Iteration pacing cannot be reached (pace time = 3.85, actual time = 14.25).	[MsgId: MWAR-15995]
Warning: Iteration pacing cannot be reached (pace time = 3.52, actual time = 14.21).	[MsgId: MWAR-15995]
ServicePin.c(8): Error -26627: HTTP Status-Code=404 (Not Found) for "https://hx9ekpvvbi.execute-api.us-east-1.amazonaws.com/KaaS-ITG/v2/servicepin/000aydsyPS3PTvnz8p8WbhpGPVmq/2GP11A"  	[MsgId: MERR-26627]
ServicePin.c(8): Error -26627: HTTP Status-Code=404 (Not Found) for "https://hx9ekpvvbi.execute-api.us-east-1.amazonaws.com/KaaS-ITG/v2/servicepin/000aydsyPS3PTvnz8p8WbhpGPVmq/2GP17A"  	[MsgId: MERR-26627]
ServicePin.c(8): Error -26627: HTTP Status-Code=404 (Not Found) for "https://hx9ekpvvbi.execute-api.us-east-1.amazonaws.com/KaaS-ITG/v2/servicepin/000aydsyPS3PTvnz8p8WbhpGPVmq/CD646AR"  	[MsgId: MERR-26627]
ServicePin.c(8): Error -26627: HTTP Status-Code=404 (Not Found) for "https://hx9ekpvvbi.execute-api.us-east-1.amazonaws.com/KaaS-ITG/v2/servicepin/000aydsyPS3PTvnz8p8WbhpGPVmq/CE996AR"  	[MsgId: MERR-26627]
Warning: Iteration pacing cannot be reached (pace time = 3.27, actual time = 13.21).	[MsgId: MWAR-15995]
Warning: Iteration pacing cannot be reached (pace time = 3.21, actual time = 15.76).	[MsgId: MWAR-15995]
Warning: Iteration pacing cannot be reached (pace time = 3.04, actual time = 13.94).	[MsgId: MWAR-15995]
ServicePin.c(8): Error -26627: HTTP Status-Code=404 (Not Found) for "https://hx9ekpvvbi.execute-api.us-east-1.amazonaws.com/KaaS-ITG/v2/servicepin/000aydsyPS3PTvnz8p8WbhpGPVmq/5ZN94A"  	[MsgId: MERR-26627]
Warning: Iteration pacing cannot be reached (pace time = 3.08, actual time = 11.22).	[MsgId: MWAR-15995]
ServicePin.c(8): Error -26627: HTTP Status-Code=404 (Not Found) for "https://hx9ekpvvbi.execute-api.us-east-1.amazonaws.com/KaaS-ITG/v2/servicepin/000aydsyPS3PTvnz8p8WbhpGPVmq/B3G84AR"  	[MsgId: MERR-26627]
Warning: Iteration pacing cannot be reached (pace time = 3.42, actual time = 15.30).	[MsgId: MWAR-15995]
ServicePin.c(8): Error -26627: HTTP Status-Code=404 (Not Found) for "https://hx9ekpvvbi.execute-api.us-east-1.amazonaws.com/KaaS-ITG/v2/servicepin/000aydsyPS3PTvnz8p8WbhpGPVmq/2GP05A"  	[MsgId: MERR-26627]
Warning: Iteration pacing cannot be reached (pace time = 3.09, actual time = 9.15).	[MsgId: MWAR-15995]
ServicePin.c(8): Error -26627: HTTP Status-Code=404 (Not Found) for "https://hx9ekpvvbi.execute-api.us-east-1.amazonaws.com/KaaS-ITG/v2/servicepin/000aydsyPS3PTvnz8p8WbhpGPVmq/CZ250AR"  	[MsgId: MERR-26627]
Warning: Iteration pacing cannot be reached (pace time = 3.41, actual time = 18.55).	[MsgId: MWAR-15995]
ServicePin.c(8): Error -26627: HTTP Status-Code=404 (Not Found) for "https://hx9ekpvvbi.execute-api.us-east-1.amazonaws.com/KaaS-ITG/v2/servicepin/000aydsyPS3PTvnz8p8WbhpGPVmq/CZ258A"  	[MsgId: MERR-26627]
Warning: Iteration pacing cannot be reached (pace time = 3.38, actual time = 21.28).	[MsgId: MWAR-15995]
Warning: Iteration pacing cannot be reached (pace time = 3.06, actual time = 9.01).	[MsgId: MWAR-15995]
ServicePin.c(8): Error -26627: HTTP Status-Code=404 (Not Found) for "https://hx9ekpvvbi.execute-api.us-east-1.amazonaws.com/KaaS-ITG/v2/servicepin/000aydsyPS3PTvnz8p8WbhpGPVmq/5ZN93A"  	[MsgId: MERR-26627]
ServicePin.c(8): Error -26627: HTTP Status-Code=404 (Not Found) for "https://hx9ekpvvbi.execute-api.us-east-1.amazonaws.com/KaaS-ITG/v2/servicepin/000aydsyPS3PTvnz8p8WbhpGPVmq/CE993AR"  	[MsgId: MERR-26627]
Warning: Iteration pacing cannot be reached (pace time = 3.52, actual time = 10.57).	[MsgId: MWAR-15995]
ServicePin.c(8): Error -26627: HTTP Status-Code=404 (Not Found) for "https://hx9ekpvvbi.execute-api.us-east-1.amazonaws.com/KaaS-ITG/v2/servicepin/000aydsyPS3PTvnz8p8WbhpGPVmq/2GP11A"  	[MsgId: MERR-26627]
Warning: Iteration pacing cannot be reached (pace time = 3.92, actual time = 15.59).	[MsgId: MWAR-15995]
ServicePin.c(8): Error -26627: HTTP Status-Code=404 (Not Found) for "https://hx9ekpvvbi.execute-api.us-east-1.amazonaws.com/KaaS-ITG/v2/servicepin/000aydsyPS3PTvnz8p8WbhpGPVmq/2GP07A"  	[MsgId: MERR-26627]
Warning: Iteration pacing cannot be reached (pace time = 3.86, actual time = 8.80).	[MsgId: MWAR-15995]
ServicePin.c(8): Error -26627: HTTP Status-Code=404 (Not Found) for "https://hx9ekpvvbi.execute-api.us-east-1.amazonaws.com/KaaS-ITG/v2/servicepin/000aydsyPS3PTvnz8p8WbhpGPVmq/CZ251V"  	[MsgId: MERR-26627]
Warning: Iteration pacing cannot be reached (pace time = 3.14, actual time = 22.70).	[MsgId: MWAR-15995]
Warning: Iteration pacing cannot be reached (pace time = 3.72, actual time = 8.73).	[MsgId: MWAR-15995]
Warning: Iteration pacing cannot be reached (pace time = 3.98, actual time = 13.64).	[MsgId: MWAR-15995]
ServicePin.c(8): Error -26627: HTTP Status-Code=404 (Not Found) for "https://hx9ekpvvbi.execute-api.us-east-1.amazonaws.com/KaaS-ITG/v2/servicepin/000aydsyPS3PTvnz8p8WbhpGPVmq/5ZN96A"  	[MsgId: MERR-26627]
Warning: Iteration pacing cannot be reached (pace time = 3.05, actual time = 17.24).	[MsgId: MWAR-15995]
Warning: Iteration pacing cannot be reached (pace time = 3.78, actual time = 14.27).	[MsgId: MWAR-15995]
ServicePin.c(8): Error -26627: HTTP Status-Code=404 (Not Found) for "https://hx9ekpvvbi.execute-api.us-east-1.amazonaws.com/KaaS-ITG/v2/servicepin/000aydsyPS3PTvnz8p8WbhpGPVmq/CE995AR"  	[MsgId: MERR-26627]
Warning: Iteration pacing cannot be reached (pace time = 3.12, actual time = 20.16).	[MsgId: MWAR-15995]
ServicePin.c(8): Error -26627: HTTP Status-Code=404 (Not Found) for "https://hx9ekpvvbi.execute-api.us-east-1.amazonaws.com/KaaS-ITG/v2/servicepin/000aydsyPS3PTvnz8p8WbhpGPVmq/CE996AR"  	[MsgId: MERR-26627]
ServicePin.c(8): Error -26627: HTTP Status-Code=404 (Not Found) for "https://hx9ekpvvbi.execute-api.us-east-1.amazonaws.com/KaaS-ITG/v2/servicepin/000aydsyPS3PTvnz8p8WbhpGPVmq/CF081AR"  	[MsgId: MERR-26627]
Warning: Iteration pacing cannot be reached (pace time = 3.34, actual time = 22.11).	[MsgId: MWAR-15995]
ServicePin.c(8): Error -26627: HTTP Status-Code=404 (Not Found) for "https://hx9ekpvvbi.execute-api.us-east-1.amazonaws.com/KaaS-ITG/v2/servicepin/000aydsyPS3PTvnz8p8WbhpGPVmq/CE992AR"  	[MsgId: MERR-26627]
Warning: Iteration pacing cannot be reached (pace time = 3.36, actual time = 16.01).	[MsgId: MWAR-15995]
Warning: Iteration pacing cannot be reached (pace time = 3.70, actual time = 21.96).	[MsgId: MWAR-15995]
Warning: Iteration pacing cannot be reached (pace time = 3.35, actual time = 11.76).	[MsgId: MWAR-15995]
Warning: Iteration pacing cannot be reached (pace time = 3.15, actual time = 18.92).	[MsgId: MWAR-15995]
Warning: Iteration pacing cannot be reached (pace time = 3.54, actual time = 11.69).	[MsgId: MWAR-15995]
ServicePin.c(8): Error -26627: HTTP Status-Code=404 (Not Found) for "https://hx9ekpvvbi.execute-api.us-east-1.amazonaws.com/KaaS-ITG/v2/servicepin/000aydsyPS3PTvnz8p8WbhpGPVmq/2CF59A"  	[MsgId: MERR-26627]
ServicePin.c(8): Error -26627: HTTP Status-Code=404 (Not Found) for "https://hx9ekpvvbi.execute-api.us-east-1.amazonaws.com/KaaS-ITG/v2/servicepin/000aydsyPS3PTvnz8p8WbhpGPVmq/2GP13A"  	[MsgId: MERR-26627]
ServicePin.c(8): Error -26627: HTTP Status-Code=404 (Not Found) for "https://hx9ekpvvbi.execute-api.us-east-1.amazonaws.com/KaaS-ITG/v2/servicepin/000aydsyPS3PTvnz8p8WbhpGPVmq/2GP11A"  	[MsgId: MERR-26627]
ServicePin.c(8): Error -26627: HTTP Status-Code=404 (Not Found) for "https://hx9ekpvvbi.execute-api.us-east-1.amazonaws.com/KaaS-ITG/v2/servicepin/000aydsyPS3PTvnz8p8WbhpGPVmq/2GP14A"  	[MsgId: MERR-26627]
Warning: Iteration pacing cannot be reached (pace time = 3.35, actual time = 20.64).	[MsgId: MWAR-15995]
Warning: Iteration pacing cannot be reached (pace time = 3.71, actual time = 20.29).	[MsgId: MWAR-15995]
Warning: Iteration pacing cannot be reached (pace time = 3.69, actual time = 16.42).	[MsgId: MWAR-15995]
Warning: Iteration pacing cannot be reached (pace time = 3.66, actual time = 19.87).	[MsgId: MWAR-15995]
Warning: Iteration pacing cannot be reached (pace time = 3.99, actual time = 10.27).	[MsgId: MWAR-15995]
Warning: Iteration pacing cannot be reached (pace time = 3.79, actual time = 4.13).	[MsgId: MWAR-15995]
Warning: Iteration pacing cannot be reached (pace time = 3.20, actual time = 18.11).	[MsgId: MWAR-15995]
Warning: Iteration pacing cannot be reached (pace time = 3.95, actual time = 12.14).	[MsgId: MWAR-15995]
ServicePin.c(8): Error -26627: HTTP Status-Code=404 (Not Found) for "https://hx9ekpvvbi.execute-api.us-east-1.amazonaws.com/KaaS-ITG/v2/servicepin/000aydsyPS3PTvnz8p8WbhpGPVmq/2GP10A"  	[MsgId: MERR-26627]
ServicePin.c(8): Error -26627: HTTP Status-Code=404 (Not Found) for "https://hx9ekpvvbi.execute-api.us-east-1.amazonaws.com/KaaS-ITG/v2/servicepin/000aydsyPS3PTvnz8p8WbhpGPVmq/CE992AR"  	[MsgId: MERR-26627]
Warning: Iteration pacing cannot be reached (pace time = 3.21, actual time = 7.62).	[MsgId: MWAR-15995]
Warning: Iteration pacing cannot be reached (pace time = 3.63, actual time = 11.16).	[MsgId: MWAR-15995]
Warning: Iteration pacing cannot be reached (pace time = 3.58, actual time = 10.92).	[MsgId: MWAR-15995]
Warning: Iteration pacing cannot be reached (pace time = 3.07, actual time = 17.18).	[MsgId: MWAR-15995]
Warning: Iteration pacing cannot be reached (pace time = 3.14, actual time = 13.75).	[MsgId: MWAR-15995]
Warning: Iteration pacing cannot be reached (pace time = 3.10, actual time = 16.03).	[MsgId: MWAR-15995]
ServicePin.c(8): Error -26627: HTTP Status-Code=404 (Not Found) for "https://hx9ekpvvbi.execute-api.us-east-1.amazonaws.com/KaaS-ITG/v2/servicepin/000aydsyPS3PTvnz8p8WbhpGPVmq/2GP17A"  	[MsgId: MERR-26627]
Warning: Iteration pacing cannot be reached (pace time = 3.21, actual time = 14.73).	[MsgId: MWAR-15995]
Warning: Iteration pacing cannot be reached (pace time = 3.80, actual time = 14.38).	[MsgId: MWAR-15995]
ServicePin.c(8): Error -26627: HTTP Status-Code=404 (Not Found) for "https://hx9ekpvvbi.execute-api.us-east-1.amazonaws.com/KaaS-ITG/v2/servicepin/000aydsyPS3PTvnz8p8WbhpGPVmq/2GP16A"  	[MsgId: MERR-26627]
Warning: Iteration pacing cannot be reached (pace time = 3.27, actual time = 15.32).	[MsgId: MWAR-15995]
Warning: Iteration pacing cannot be reached (pace time = 3.65, actual time = 9.25).	[MsgId: MWAR-15995]
Warning: Iteration pacing cannot be reached (pace time = 3.45, actual time = 13.55).	[MsgId: MWAR-15995]
ServicePin.c(8): Error -26627: HTTP Status-Code=404 (Not Found) for "https://hx9ekpvvbi.execute-api.us-east-1.amazonaws.com/KaaS-ITG/v2/servicepin/000aydsyPS3PTvnz8p8WbhpGPVmq/CZ256AR"  	[MsgId: MERR-26627]
Warning: Iteration pacing cannot be reached (pace time = 3.77, actual time = 14.91).	[MsgId: MWAR-15995]
ServicePin.c(8): Error -26627: HTTP Status-Code=404 (Not Found) for "https://hx9ekpvvbi.execute-api.us-east-1.amazonaws.com/KaaS-ITG/v2/servicepin/000aydsyPS3PTvnz8p8WbhpGPVmq/5ZN93A"  	[MsgId: MERR-26627]
Warning: Iteration pacing cannot be reached (pace time = 3.08, actual time = 20.06).	[MsgId: MWAR-15995]
Warning: Iteration pacing cannot be reached (pace time = 3.12, actual time = 10.79).	[MsgId: MWAR-15995]
Warning: Iteration pacing cannot be reached (pace time = 3.17, actual time = 12.46).	[MsgId: MWAR-15995]
Warning: Iteration pacing cannot be reached (pace time = 3.94, actual time = 7.86).	[MsgId: MWAR-15995]
Warning: Iteration pacing cannot be reached (pace time = 3.20, actual time = 3.60).	[MsgId: MWAR-15995]
Warning: Iteration pacing cannot be reached (pace time = 3.89, actual time = 11.11).	[MsgId: MWAR-15995]
Warning: Iteration pacing cannot be reached (pace time = 3.91, actual time = 8.24).	[MsgId: MWAR-15995]
ServicePin.c(8): Error -26627: HTTP Status-Code=404 (Not Found) for "https://hx9ekpvvbi.execute-api.us-east-1.amazonaws.com/KaaS-ITG/v2/servicepin/000aydsyPS3PTvnz8p8WbhpGPVmq/J7Z10A"  	[MsgId: MERR-26627]
Warning: Iteration pacing cannot be reached (pace time = 3.30, actual time = 12.01).	[MsgId: MWAR-15995]
Warning: Iteration pacing cannot be reached (pace time = 3.01, actual time = 12.44).	[MsgId: MWAR-15995]
Warning: Iteration pacing cannot be reached (pace time = 3.85, actual time = 12.74).	[MsgId: MWAR-15995]
Warning: Iteration pacing cannot be reached (pace time = 3.75, actual time = 8.80).	[MsgId: MWAR-15995]
Warning: Iteration pacing cannot be reached (pace time = 3.79, actual time = 10.47).	[MsgId: MWAR-15995]
Warning: Iteration pacing cannot be reached (pace time = 3.18, actual time = 20.70).	[MsgId: MWAR-15995]
Warning: Iteration pacing cannot be reached (pace time = 3.65, actual time = 13.41).	[MsgId: MWAR-15995]
Warning: Iteration pacing cannot be reached (pace time = 3.07, actual time = 8.06).	[MsgId: MWAR-15995]
ServicePin.c(8): Error -26627: HTTP Status-Code=404 (Not Found) for "https://hx9ekpvvbi.execute-api.us-east-1.amazonaws.com/KaaS-ITG/v2/servicepin/000aydsyPS3PTvnz8p8WbhpGPVmq/2CF59A"  	[MsgId: MERR-26627]
Warning: Iteration pacing cannot be reached (pace time = 3.21, actual time = 14.60).	[MsgId: MWAR-15995]
Warning: Iteration pacing cannot be reached (pace time = 3.24, actual time = 15.07).	[MsgId: MWAR-15995]
ServicePin.c(8): Error -26627: HTTP Status-Code=404 (Not Found) for "https://hx9ekpvvbi.execute-api.us-east-1.amazonaws.com/KaaS-ITG/v2/servicepin/000aydsyPS3PTvnz8p8WbhpGPVmq/CE990AR"  	[MsgId: MERR-26627]
ServicePin.c(8): Error -26627: HTTP Status-Code=404 (Not Found) for "https://hx9ekpvvbi.execute-api.us-east-1.amazonaws.com/KaaS-ITG/v2/servicepin/000aydsyPS3PTvnz8p8WbhpGPVmq/CZ249AR"  	[MsgId: MERR-26627]
ServicePin.c(8): Error -26627: HTTP Status-Code=404 (Not Found) for "https://hx9ekpvvbi.execute-api.us-east-1.amazonaws.com/KaaS-ITG/v2/servicepin/000aydsyPS3PTvnz8p8WbhpGPVmq/2CF59A"  	[MsgId: MERR-26627]
Warning: Iteration pacing cannot be reached (pace time = 3.86, actual time = 10.16).	[MsgId: MWAR-15995]
ServicePin.c(8): Error -26627: HTTP Status-Code=404 (Not Found) for "https://hx9ekpvvbi.execute-api.us-east-1.amazonaws.com/KaaS-ITG/v2/servicepin/000aydsyPS3PTvnz8p8WbhpGPVmq/2GP13A"  	[MsgId: MERR-26627]
ServicePin.c(8): Error -26627: HTTP Status-Code=404 (Not Found) for "https://hx9ekpvvbi.execute-api.us-east-1.amazonaws.com/KaaS-ITG/v2/servicepin/000aydsyPS3PTvnz8p8WbhpGPVmq/CE994AR"  	[MsgId: MERR-26627]
Warning: Iteration pacing cannot be reached (pace time = 3.83, actual time = 18.29).	[MsgId: MWAR-15995]
Warning: Iteration pacing cannot be reached (pace time = 3.94, actual time = 14.56).	[MsgId: MWAR-15995]
Warning: Iteration pacing cannot be reached (pace time = 3.97, actual time = 12.37).	[MsgId: MWAR-15995]
Warning: Iteration pacing cannot be reached (pace time = 3.83, actual time = 12.91).	[MsgId: MWAR-15995]
Warning: Iteration pacing cannot be reached (pace time = 3.31, actual time = 17.37).	[MsgId: MWAR-15995]
Warning: Iteration pacing cannot be reached (pace time = 3.53, actual time = 17.61).	[MsgId: MWAR-15995]
Warning: Iteration pacing cannot be reached (pace time = 3.75, actual time = 14.34).	[MsgId: MWAR-15995]
ServicePin.c(8): Error -26627: HTTP Status-Code=404 (Not Found) for "https://hx9ekpvvbi.execute-api.us-east-1.amazonaws.com/KaaS-ITG/v2/servicepin/000aydsyPS3PTvnz8p8WbhpGPVmq/CE995AR"  	[MsgId: MERR-26627]
ServicePin.c(8): Error -26627: HTTP Status-Code=404 (Not Found) for "https://hx9ekpvvbi.execute-api.us-east-1.amazonaws.com/KaaS-ITG/v2/servicepin/000aydsyPS3PTvnz8p8WbhpGPVmq/5ZN95A"  	[MsgId: MERR-26627]
ServicePin.c(8): Error -26627: HTTP Status-Code=404 (Not Found) for "https://hx9ekpvvbi.execute-api.us-east-1.amazonaws.com/KaaS-ITG/v2/servicepin/000aydsyPS3PTvnz8p8WbhpGPVmq/5ZN94A"  	[MsgId: MERR-26627]
ServicePin.c(8): Error -26627: HTTP Status-Code=404 (Not Found) for "https://hx9ekpvvbi.execute-api.us-east-1.amazonaws.com/KaaS-ITG/v2/servicepin/000aydsyPS3PTvnz8p8WbhpGPVmq/F3J55A"  	[MsgId: MERR-26627]
Warning: Iteration pacing cannot be reached (pace time = 3.41, actual time = 16.52).	[MsgId: MWAR-15995]
ServicePin.c(8): Error -26627: HTTP Status-Code=404 (Not Found) for "https://hx9ekpvvbi.execute-api.us-east-1.amazonaws.com/KaaS-ITG/v2/servicepin/000aydsyPS3PTvnz8p8WbhpGPVmq/5ZN92A"  	[MsgId: MERR-26627]
Warning: Iteration pacing cannot be reached (pace time = 3.33, actual time = 11.14).	[MsgId: MWAR-15995]
Warning: Iteration pacing cannot be reached (pace time = 3.27, actual time = 21.12).	[MsgId: MWAR-15995]
Warning: Iteration pacing cannot be reached (pace time = 3.98, actual time = 28.50).	[MsgId: MWAR-15995]
ServicePin.c(8): Error -26627: HTTP Status-Code=404 (Not Found) for "https://hx9ekpvvbi.execute-api.us-east-1.amazonaws.com/KaaS-ITG/v2/servicepin/000aydsyPS3PTvnz8p8WbhpGPVmq/B3G86AR"  	[MsgId: MERR-26627]
Warning: Iteration pacing cannot be reached (pace time = 3.50, actual time = 16.27).	[MsgId: MWAR-15995]
ServicePin.c(8): Error -26627: HTTP Status-Code=404 (Not Found) for "https://hx9ekpvvbi.execute-api.us-east-1.amazonaws.com/KaaS-ITG/v2/servicepin/000aydsyPS3PTvnz8p8WbhpGPVmq/5ZN88A"  	[MsgId: MERR-26627]
ServicePin.c(8): Error -26627: HTTP Status-Code=404 (Not Found) for "https://hx9ekpvvbi.execute-api.us-east-1.amazonaws.com/KaaS-ITG/v2/servicepin/000aydsyPS3PTvnz8p8WbhpGPVmq/CZ255AR"  	[MsgId: MERR-26627]
ServicePin.c(8): Error -26627: HTTP Status-Code=404 (Not Found) for "https://hx9ekpvvbi.execute-api.us-east-1.amazonaws.com/KaaS-ITG/v2/servicepin/000aydsyPS3PTvnz8p8WbhpGPVmq/CF082AR"  	[MsgId: MERR-26627]
Warning: Iteration pacing cannot be reached (pace time = 3.01, actual time = 16.96).	[MsgId: MWAR-15995]
Warning: Iteration pacing cannot be reached (pace time = 3.54, actual time = 22.99).	[MsgId: MWAR-15995]
ServicePin.c(8): Error -26627: HTTP Status-Code=404 (Not Found) for "https://hx9ekpvvbi.execute-api.us-east-1.amazonaws.com/KaaS-ITG/v2/servicepin/000aydsyPS3PTvnz8p8WbhpGPVmq/CE995AR"  	[MsgId: MERR-26627]
ServicePin.c(8): Error -26627: HTTP Status-Code=404 (Not Found) for "https://hx9ekpvvbi.execute-api.us-east-1.amazonaws.com/KaaS-ITG/v2/servicepin/000aydsyPS3PTvnz8p8WbhpGPVmq/CD646AR"  	[MsgId: MERR-26627]
Warning: Iteration pacing cannot be reached (pace time = 3.92, actual time = 21.92).	[MsgId: MWAR-15995]
Warning: Iteration pacing cannot be reached (pace time = 3.60, actual time = 12.93).	[MsgId: MWAR-15995]
Warning: Iteration pacing cannot be reached (pace time = 3.24, actual time = 12.66).	[MsgId: MWAR-15995]
ServicePin.c(8): Error -26627: HTTP Status-Code=404 (Not Found) for "https://hx9ekpvvbi.execute-api.us-east-1.amazonaws.com/KaaS-ITG/v2/servicepin/000aydsyPS3PTvnz8p8WbhpGPVmq/CE991AR"  	[MsgId: MERR-26627]
Warning: Iteration pacing cannot be reached (pace time = 3.10, actual time = 14.87).	[MsgId: MWAR-15995]
Warning: Iteration pacing cannot be reached (pace time = 3.90, actual time = 13.59).	[MsgId: MWAR-15995]
ServicePin.c(8): Error -26627: HTTP Status-Code=404 (Not Found) for "https://hx9ekpvvbi.execute-api.us-east-1.amazonaws.com/KaaS-ITG/v2/servicepin/000aydsyPS3PTvnz8p8WbhpGPVmq/5ZN88A"  	[MsgId: MERR-26627]
ServicePin.c(8): Error -26627: HTTP Status-Code=404 (Not Found) for "https://hx9ekpvvbi.execute-api.us-east-1.amazonaws.com/KaaS-ITG/v2/servicepin/000aydsyPS3PTvnz8p8WbhpGPVmq/2CF57A"  	[MsgId: MERR-26627]
Warning: Iteration pacing cannot be reached (pace time = 3.90, actual time = 12.82).	[MsgId: MWAR-15995]
ServicePin.c(8): Error -26627: HTTP Status-Code=404 (Not Found) for "https://hx9ekpvvbi.execute-api.us-east-1.amazonaws.com/KaaS-ITG/v2/servicepin/000aydsyPS3PTvnz8p8WbhpGPVmq/F3J55A"  	[MsgId: MERR-26627]
Warning: Iteration pacing cannot be reached (pace time = 3.89, actual time = 16.53).	[MsgId: MWAR-15995]
Warning: Iteration pacing cannot be reached (pace time = 3.19, actual time = 21.91).	[MsgId: MWAR-15995]
Warning: Iteration pacing cannot be reached (pace time = 3.56, actual time = 15.17).	[MsgId: MWAR-15995]
Warning: Iteration pacing cannot be reached (pace time = 3.94, actual time = 20.46).	[MsgId: MWAR-15995]
ServicePin.c(8): Error -26627: HTTP Status-Code=404 (Not Found) for "https://hx9ekpvvbi.execute-api.us-east-1.amazonaws.com/KaaS-ITG/v2/servicepin/000aydsyPS3PTvnz8p8WbhpGPVmq/2GP17A"  	[MsgId: MERR-26627]
Warning: Iteration pacing cannot be reached (pace time = 3.08, actual time = 15.73).	[MsgId: MWAR-15995]
Warning: Iteration pacing cannot be reached (pace time = 3.06, actual time = 10.45).	[MsgId: MWAR-15995]
Warning: Iteration pacing cannot be reached (pace time = 3.10, actual time = 12.35).	[MsgId: MWAR-15995]
ServicePin.c(8): Error -26627: HTTP Status-Code=404 (Not Found) for "https://hx9ekpvvbi.execute-api.us-east-1.amazonaws.com/KaaS-ITG/v2/servicepin/000aydsyPS3PTvnz8p8WbhpGPVmq/2CF59A"  	[MsgId: MERR-26627]
Warning: Iteration pacing cannot be reached (pace time = 3.14, actual time = 12.04).	[MsgId: MWAR-15995]
Warning: Iteration pacing cannot be reached (pace time = 3.81, actual time = 13.31).	[MsgId: MWAR-15995]
Warning: Iteration pacing cannot be reached (pace time = 3.17, actual time = 7.98).	[MsgId: MWAR-15995]
ServicePin.c(8): Error -26627: HTTP Status-Code=404 (Not Found) for "https://hx9ekpvvbi.execute-api.us-east-1.amazonaws.com/KaaS-ITG/v2/servicepin/000aydsyPS3PTvnz8p8WbhpGPVmq/CE993AR"  	[MsgId: MERR-26627]
Warning: Iteration pacing cannot be reached (pace time = 3.84, actual time = 14.46).	[MsgId: MWAR-15995]
ServicePin.c(8): Error -26627: HTTP Status-Code=404 (Not Found) for "https://hx9ekpvvbi.execute-api.us-east-1.amazonaws.com/KaaS-ITG/v2/servicepin/000aydsyPS3PTvnz8p8WbhpGPVmq/2GP10A"  	[MsgId: MERR-26627]
Warning: Iteration pacing cannot be reached (pace time = 3.09, actual time = 7.07).	[MsgId: MWAR-15995]
Warning: Iteration pacing cannot be reached (pace time = 3.18, actual time = 11.21).	[MsgId: MWAR-15995]
Warning: Iteration pacing cannot be reached (pace time = 3.23, actual time = 9.72).	[MsgId: MWAR-15995]
ServicePin.c(8): Error -26627: HTTP Status-Code=404 (Not Found) for "https://hx9ekpvvbi.execute-api.us-east-1.amazonaws.com/KaaS-ITG/v2/servicepin/000aydsyPS3PTvnz8p8WbhpGPVmq/2GP04A"  	[MsgId: MERR-26627]
Warning: Iteration pacing cannot be reached (pace time = 3.94, actual time = 12.60).	[MsgId: MWAR-15995]
Warning: Iteration pacing cannot be reached (pace time = 3.27, actual time = 24.05).	[MsgId: MWAR-15995]
Warning: Iteration pacing cannot be reached (pace time = 3.93, actual time = 11.95).	[MsgId: MWAR-15995]
Warning: Iteration pacing cannot be reached (pace time = 3.87, actual time = 14.40).	[MsgId: MWAR-15995]
Warning: Iteration pacing cannot be reached (pace time = 3.95, actual time = 9.80).	[MsgId: MWAR-15995]
Warning: Iteration pacing cannot be reached (pace time = 3.67, actual time = 19.89).	[MsgId: MWAR-15995]
ServicePin.c(8): Error -26627: HTTP Status-Code=404 (Not Found) for "https://hx9ekpvvbi.execute-api.us-east-1.amazonaws.com/KaaS-ITG/v2/servicepin/000aydsyPS3PTvnz8p8WbhpGPVmq/2GP08A"  	[MsgId: MERR-26627]
Warning: Iteration pacing cannot be reached (pace time = 3.46, actual time = 25.00).	[MsgId: MWAR-15995]
Warning: Iteration pacing cannot be reached (pace time = 3.40, actual time = 14.99).	[MsgId: MWAR-15995]
Warning: Iteration pacing cannot be reached (pace time = 3.81, actual time = 18.59).	[MsgId: MWAR-15995]
Warning: Iteration pacing cannot be reached (pace time = 3.63, actual time = 23.64).	[MsgId: MWAR-15995]
Warning: Iteration pacing cannot be reached (pace time = 3.01, actual time = 9.04).	[MsgId: MWAR-15995]
Warning: Iteration pacing cannot be reached (pace time = 3.02, actual time = 19.80).	[MsgId: MWAR-15995]
Warning: Iteration pacing cannot be reached (pace time = 3.51, actual time = 24.24).	[MsgId: MWAR-15995]
Warning: Iteration pacing cannot be reached (pace time = 3.47, actual time = 11.79).	[MsgId: MWAR-15995]
Warning: Iteration pacing cannot be reached (pace time = 3.60, actual time = 8.72).	[MsgId: MWAR-15995]
ServicePin.c(8): Error -26627: HTTP Status-Code=404 (Not Found) for "https://hx9ekpvvbi.execute-api.us-east-1.amazonaws.com/KaaS-ITG/v2/servicepin/000aydsyPS3PTvnz8p8WbhpGPVmq/2CF59A"  	[MsgId: MERR-26627]
Warning: Iteration pacing cannot be reached (pace time = 3.58, actual time = 3.76).	[MsgId: MWAR-15995]
Warning: Iteration pacing cannot be reached (pace time = 3.86, actual time = 7.73).	[MsgId: MWAR-15995]
Warning: Iteration pacing cannot be reached (pace time = 3.96, actual time = 12.10).	[MsgId: MWAR-15995]
ServicePin.c(8): Error -26627: HTTP Status-Code=404 (Not Found) for "https://hx9ekpvvbi.execute-api.us-east-1.amazonaws.com/KaaS-ITG/v2/servicepin/000aydsyPS3PTvnz8p8WbhpGPVmq/CE991AR"  	[MsgId: MERR-26627]
ServicePin.c(8): Error -26627: HTTP Status-Code=404 (Not Found) for "https://hx9ekpvvbi.execute-api.us-east-1.amazonaws.com/KaaS-ITG/v2/servicepin/000aydsyPS3PTvnz8p8WbhpGPVmq/F3J54A"  	[MsgId: MERR-26627]
Warning: Iteration pacing cannot be reached (pace time = 3.64, actual time = 14.37).	[MsgId: MWAR-15995]
Warning: Iteration pacing cannot be reached (pace time = 3.56, actual time = 12.42).	[MsgId: MWAR-15995]
Warning: Iteration pacing cannot be reached (pace time = 3.69, actual time = 19.42).	[MsgId: MWAR-15995]
ServicePin.c(8): Error -26627: HTTP Status-Code=404 (Not Found) for "https://hx9ekpvvbi.execute-api.us-east-1.amazonaws.com/KaaS-ITG/v2/servicepin/000aydsyPS3PTvnz8p8WbhpGPVmq/F3J54A"  	[MsgId: MERR-26627]
Warning: Iteration pacing cannot be reached (pace time = 3.48, actual time = 13.94).	[MsgId: MWAR-15995]
Warning: Iteration pacing cannot be reached (pace time = 3.17, actual time = 10.08).	[MsgId: MWAR-15995]
Warning: Iteration pacing cannot be reached (pace time = 3.27, actual time = 10.15).	[MsgId: MWAR-15995]
Warning: Iteration pacing cannot be reached (pace time = 3.63, actual time = 15.25).	[MsgId: MWAR-15995]
Warning: Iteration pacing cannot be reached (pace time = 3.77, actual time = 15.36).	[MsgId: MWAR-15995]
Warning: Iteration pacing cannot be reached (pace time = 3.60, actual time = 5.50).	[MsgId: MWAR-15995]
Warning: Iteration pacing cannot be reached (pace time = 3.91, actual time = 8.66).	[MsgId: MWAR-15995]
ServicePin.c(8): Error -26627: HTTP Status-Code=404 (Not Found) for "https://hx9ekpvvbi.execute-api.us-east-1.amazonaws.com/KaaS-ITG/v2/servicepin/000aydsyPS3PTvnz8p8WbhpGPVmq/CE989AR"  	[MsgId: MERR-26627]
Warning: Iteration pacing cannot be reached (pace time = 3.91, actual time = 14.83).	[MsgId: MWAR-15995]
Warning: Iteration pacing cannot be reached (pace time = 3.80, actual time = 15.01).	[MsgId: MWAR-15995]
ServicePin.c(8): Error -26627: HTTP Status-Code=404 (Not Found) for "https://hx9ekpvvbi.execute-api.us-east-1.amazonaws.com/KaaS-ITG/v2/servicepin/000aydsyPS3PTvnz8p8WbhpGPVmq/CE989AR"  	[MsgId: MERR-26627]
Warning: Iteration pacing cannot be reached (pace time = 3.97, actual time = 21.27).	[MsgId: MWAR-15995]
ServicePin.c(8): Error -26627: HTTP Status-Code=404 (Not Found) for "https://hx9ekpvvbi.execute-api.us-east-1.amazonaws.com/KaaS-ITG/v2/servicepin/000aydsyPS3PTvnz8p8WbhpGPVmq/CF083AR"  	[MsgId: MERR-26627]
Warning: Iteration pacing cannot be reached (pace time = 3.29, actual time = 16.87).	[MsgId: MWAR-15995]
ServicePin.c(8): Error -26627: HTTP Status-Code=404 (Not Found) for "https://hx9ekpvvbi.execute-api.us-east-1.amazonaws.com/KaaS-ITG/v2/servicepin/000aydsyPS3PTvnz8p8WbhpGPVmq/CZ249AR"  	[MsgId: MERR-26627]
ServicePin.c(8): Error -26627: HTTP Status-Code=404 (Not Found) for "https://hx9ekpvvbi.execute-api.us-east-1.amazonaws.com/KaaS-ITG/v2/servicepin/000aydsyPS3PTvnz8p8WbhpGPVmq/CZ257AR"  	[MsgId: MERR-26627]
Warning: Iteration pacing cannot be reached (pace time = 3.19, actual time = 15.08).	[MsgId: MWAR-15995]
ServicePin.c(8): Error -26627: HTTP Status-Code=404 (Not Found) for "https://hx9ekpvvbi.execute-api.us-east-1.amazonaws.com/KaaS-ITG/v2/servicepin/000aydsyPS3PTvnz8p8WbhpGPVmq/CZ251A"  	[MsgId: MERR-26627]
Warning: Iteration pacing cannot be reached (pace time = 3.56, actual time = 17.94).	[MsgId: MWAR-15995]
ServicePin.c(8): Error -26627: HTTP Status-Code=404 (Not Found) for "https://hx9ekpvvbi.execute-api.us-east-1.amazonaws.com/KaaS-ITG/v2/servicepin/000aydsyPS3PTvnz8p8WbhpGPVmq/5ZN95A"  	[MsgId: MERR-26627]
ServicePin.c(8): Error -26627: HTTP Status-Code=404 (Not Found) for "https://hx9ekpvvbi.execute-api.us-east-1.amazonaws.com/KaaS-ITG/v2/servicepin/000aydsyPS3PTvnz8p8WbhpGPVmq/5ZN97A"  	[MsgId: MERR-26627]
Warning: Iteration pacing cannot be reached (pace time = 3.60, actual time = 15.28).	[MsgId: MWAR-15995]
Warning: Iteration pacing cannot be reached (pace time = 3.98, actual time = 13.47).	[MsgId: MWAR-15995]
ServicePin.c(8): Error -26627: HTTP Status-Code=404 (Not Found) for "https://hx9ekpvvbi.execute-api.us-east-1.amazonaws.com/KaaS-ITG/v2/servicepin/000aydsyPS3PTvnz8p8WbhpGPVmq/CZ257AR"  	[MsgId: MERR-26627]
ServicePin.c(8): Error -26627: HTTP Status-Code=404 (Not Found) for "https://hx9ekpvvbi.execute-api.us-east-1.amazonaws.com/KaaS-ITG/v2/servicepin/000aydsyPS3PTvnz8p8WbhpGPVmq/1PV89A"  	[MsgId: MERR-26627]
ServicePin.c(8): Error -26627: HTTP Status-Code=404 (Not Found) for "https://hx9ekpvvbi.execute-api.us-east-1.amazonaws.com/KaaS-ITG/v2/servicepin/000aydsyPS3PTvnz8p8WbhpGPVmq/2GP16A"  	[MsgId: MERR-26627]
Warning: Iteration pacing cannot be reached (pace time = 3.82, actual time = 10.22).	[MsgId: MWAR-15995]
Warning: Iteration pacing cannot be reached (pace time = 3.59, actual time = 11.66).	[MsgId: MWAR-15995]
Warning: Iteration pacing cannot be reached (pace time = 3.28, actual time = 10.19).	[MsgId: MWAR-15995]
ServicePin.c(8): Error -26627: HTTP Status-Code=404 (Not Found) for "https://hx9ekpvvbi.execute-api.us-east-1.amazonaws.com/KaaS-ITG/v2/servicepin/000aydsyPS3PTvnz8p8WbhpGPVmq/2CF57A"  	[MsgId: MERR-26627]
Warning: Iteration pacing cannot be reached (pace time = 3.07, actual time = 9.08).	[MsgId: MWAR-15995]
Warning: Iteration pacing cannot be reached (pace time = 3.06, actual time = 19.11).	[MsgId: MWAR-15995]
ServicePin.c(8): Error -26627: HTTP Status-Code=404 (Not Found) for "https://hx9ekpvvbi.execute-api.us-east-1.amazonaws.com/KaaS-ITG/v2/servicepin/000aydsyPS3PTvnz8p8WbhpGPVmq/2GP10A"  	[MsgId: MERR-26627]
Warning: Iteration pacing cannot be reached (pace time = 3.14, actual time = 13.22).	[MsgId: MWAR-15995]
Warning: Iteration pacing cannot be reached (pace time = 3.58, actual time = 10.19).	[MsgId: MWAR-15995]
Warning: Iteration pacing cannot be reached (pace time = 3.29, actual time = 8.63).	[MsgId: MWAR-15995]
Warning: Iteration pacing cannot be reached (pace time = 3.27, actual time = 7.28).	[MsgId: MWAR-15995]
ServicePin.c(8): Error -26627: HTTP Status-Code=404 (Not Found) for "https://hx9ekpvvbi.execute-api.us-east-1.amazonaws.com/KaaS-ITG/v2/servicepin/000aydsyPS3PTvnz8p8WbhpGPVmq/2CF56A"  	[MsgId: MERR-26627]
Warning: Iteration pacing cannot be reached (pace time = 3.38, actual time = 11.00).	[MsgId: MWAR-15995]
Warning: Iteration pacing cannot be reached (pace time = 3.34, actual time = 20.27).	[MsgId: MWAR-15995]
Warning: Iteration pacing cannot be reached (pace time = 3.07, actual time = 22.33).	[MsgId: MWAR-15995]
Warning: Iteration pacing cannot be reached (pace time = 3.42, actual time = 17.99).	[MsgId: MWAR-15995]
Warning: Iteration pacing cannot be reached (pace time = 3.25, actual time = 13.11).	[MsgId: MWAR-15995]
Warning: Iteration pacing cannot be reached (pace time = 3.97, actual time = 11.33).	[MsgId: MWAR-15995]
Warning: Iteration pacing cannot be reached (pace time = 3.10, actual time = 15.68).	[MsgId: MWAR-15995]
Warning: Iteration pacing cannot be reached (pace time = 3.23, actual time = 11.94).	[MsgId: MWAR-15995]
Warning: Iteration pacing cannot be reached (pace time = 3.17, actual time = 12.13).	[MsgId: MWAR-15995]
Warning: Iteration pacing cannot be reached (pace time = 3.87, actual time = 11.16).	[MsgId: MWAR-15995]
Warning: Iteration pacing cannot be reached (pace time = 3.14, actual time = 13.47).	[MsgId: MWAR-15995]
Warning: Iteration pacing cannot be reached (pace time = 3.10, actual time = 19.39).	[MsgId: MWAR-15995]
Warning: Iteration pacing cannot be reached (pace time = 3.70, actual time = 7.82).	[MsgId: MWAR-15995]
ServicePin.c(8): Error -26627: HTTP Status-Code=404 (Not Found) for "https://hx9ekpvvbi.execute-api.us-east-1.amazonaws.com/KaaS-ITG/v2/servicepin/000aydsyPS3PTvnz8p8WbhpGPVmq/J7Z10A"  	[MsgId: MERR-26627]
Warning: Iteration pacing cannot be reached (pace time = 3.77, actual time = 9.88).	[MsgId: MWAR-15995]
ServicePin.c(8): Error -26627: HTTP Status-Code=404 (Not Found) for "https://hx9ekpvvbi.execute-api.us-east-1.amazonaws.com/KaaS-ITG/v2/servicepin/000aydsyPS3PTvnz8p8WbhpGPVmq/CE991AR"  	[MsgId: MERR-26627]
Warning: Iteration pacing cannot be reached (pace time = 3.02, actual time = 13.09).	[MsgId: MWAR-15995]
ServicePin.c(8): Error -26627: HTTP Status-Code=404 (Not Found) for "https://hx9ekpvvbi.execute-api.us-east-1.amazonaws.com/KaaS-ITG/v2/servicepin/000aydsyPS3PTvnz8p8WbhpGPVmq/CE990AR"  	[MsgId: MERR-26627]
ServicePin.c(8): Error -26627: HTTP Status-Code=404 (Not Found) for "https://hx9ekpvvbi.execute-api.us-east-1.amazonaws.com/KaaS-ITG/v2/servicepin/000aydsyPS3PTvnz8p8WbhpGPVmq/5ZN89A"  	[MsgId: MERR-26627]
Warning: Iteration pacing cannot be reached (pace time = 3.21, actual time = 17.57).	[MsgId: MWAR-15995]
Warning: Iteration pacing cannot be reached (pace time = 3.49, actual time = 10.32).	[MsgId: MWAR-15995]
Warning: Iteration pacing cannot be reached (pace time = 3.85, actual time = 9.73).	[MsgId: MWAR-15995]
Warning: Iteration pacing cannot be reached (pace time = 3.96, actual time = 6.78).	[MsgId: MWAR-15995]
Warning: Iteration pacing cannot be reached (pace time = 3.90, actual time = 11.62).	[MsgId: MWAR-15995]
Warning: Iteration pacing cannot be reached (pace time = 3.29, actual time = 13.11).	[MsgId: MWAR-15995]
Warning: Iteration pacing cannot be reached (pace time = 3.37, actual time = 9.55).	[MsgId: MWAR-15995]
Warning: Iteration pacing cannot be reached (pace time = 3.02, actual time = 13.97).	[MsgId: MWAR-15995]
ServicePin.c(8): Error -26627: HTTP Status-Code=404 (Not Found) for "https://hx9ekpvvbi.execute-api.us-east-1.amazonaws.com/KaaS-ITG/v2/servicepin/000aydsyPS3PTvnz8p8WbhpGPVmq/1PV89A"  	[MsgId: MERR-26627]
Warning: Iteration pacing cannot be reached (pace time = 3.54, actual time = 10.30).	[MsgId: MWAR-15995]
Warning: Iteration pacing cannot be reached (pace time = 3.62, actual time = 11.32).	[MsgId: MWAR-15995]
ServicePin.c(8): Error -26627: HTTP Status-Code=404 (Not Found) for "https://hx9ekpvvbi.execute-api.us-east-1.amazonaws.com/KaaS-ITG/v2/servicepin/000aydsyPS3PTvnz8p8WbhpGPVmq/5ZN88A"  	[MsgId: MERR-26627]
Warning: Iteration pacing cannot be reached (pace time = 3.33, actual time = 10.54).	[MsgId: MWAR-15995]
Warning: Iteration pacing cannot be reached (pace time = 3.55, actual time = 5.52).	[MsgId: MWAR-15995]
ServicePin.c(8): Error -26627: HTTP Status-Code=404 (Not Found) for "https://hx9ekpvvbi.execute-api.us-east-1.amazonaws.com/KaaS-ITG/v2/servicepin/000aydsyPS3PTvnz8p8WbhpGPVmq/CZ255AR"  	[MsgId: MERR-26627]
Warning: Iteration pacing cannot be reached (pace time = 3.00, actual time = 16.74).	[MsgId: MWAR-15995]
ServicePin.c(8): Error -26627: HTTP Status-Code=404 (Not Found) for "https://hx9ekpvvbi.execute-api.us-east-1.amazonaws.com/KaaS-ITG/v2/servicepin/000aydsyPS3PTvnz8p8WbhpGPVmq/CZ256AR"  	[MsgId: MERR-26627]
ServicePin.c(8): Error -26627: HTTP Status-Code=404 (Not Found) for "https://hx9ekpvvbi.execute-api.us-east-1.amazonaws.com/KaaS-ITG/v2/servicepin/000aydsyPS3PTvnz8p8WbhpGPVmq/2CF59A"  	[MsgId: MERR-26627]
Warning: Iteration pacing cannot be reached (pace time = 3.83, actual time = 16.76).	[MsgId: MWAR-15995]
ServicePin.c(8): Error -26627: HTTP Status-Code=404 (Not Found) for "https://hx9ekpvvbi.execute-api.us-east-1.amazonaws.com/KaaS-ITG/v2/servicepin/000aydsyPS3PTvnz8p8WbhpGPVmq/F3J55A"  	[MsgId: MERR-26627]
Warning: Iteration pacing cannot be reached (pace time = 3.64, actual time = 17.63).	[MsgId: MWAR-15995]
Warning: Iteration pacing cannot be reached (pace time = 3.91, actual time = 15.55).	[MsgId: MWAR-15995]
ServicePin.c(8): Error -26627: HTTP Status-Code=404 (Not Found) for "https://hx9ekpvvbi.execute-api.us-east-1.amazonaws.com/KaaS-ITG/v2/servicepin/000aydsyPS3PTvnz8p8WbhpGPVmq/1PV89A"  	[MsgId: MERR-26627]
Warning: Iteration pacing cannot be reached (pace time = 3.52, actual time = 11.13).	[MsgId: MWAR-15995]
