ServicePin.c(9): Error -26608: HTTP Status-Code=504 (Gateway Timeout) for "https://hx9ekpvvbi.execute-api.us-east-1.amazonaws.com/KaaS-ITG/v2/servicepin/000aHHlopIbmO60NQby9ANtdAowX/CZ256V"  	[MsgId: MERR-26608]
Warning: Iteration pacing cannot be reached (pace time = 3.79, actual time = 29.05).	[MsgId: MWAR-15995]
Warning: Iteration pacing cannot be reached (pace time = 3.81, actual time = 13.07).	[MsgId: MWAR-15995]
Warning: Iteration pacing cannot be reached (pace time = 3.96, actual time = 16.99).	[MsgId: MWAR-15995]
Warning: Iteration pacing cannot be reached (pace time = 3.70, actual time = 7.87).	[MsgId: MWAR-15995]
ServicePin.c(9): Error -26608: HTTP Status-Code=504 (Gateway Timeout) for "https://hx9ekpvvbi.execute-api.us-east-1.amazonaws.com/KaaS-ITG/v2/servicepin/000aHHlopIbmO60NQby9ANtdAowX/CE990V"  	[MsgId: MERR-26608]
Warning: Iteration pacing cannot be reached (pace time = 3.11, actual time = 29.05).	[MsgId: MWAR-15995]
ServicePin.c(9): Error -26608: HTTP Status-Code=504 (Gateway Timeout) for "https://hx9ekpvvbi.execute-api.us-east-1.amazonaws.com/KaaS-ITG/v2/servicepin/000aHHlopIbmO60NQby9ANtdAowX/B5L48A"  	[MsgId: MERR-26608]
Warning: Iteration pacing cannot be reached (pace time = 3.40, actual time = 29.04).	[MsgId: MWAR-15995]
Warning: Iteration pacing cannot be reached (pace time = 3.01, actual time = 11.88).	[MsgId: MWAR-15995]
Warning: Iteration pacing cannot be reached (pace time = 3.85, actual time = 28.03).	[MsgId: MWAR-15995]
Warning: Iteration pacing cannot be reached (pace time = 3.92, actual time = 6.25).	[MsgId: MWAR-15995]
Warning: Iteration pacing cannot be reached (pace time = 3.05, actual time = 10.09).	[MsgId: MWAR-15995]
Warning: Iteration pacing cannot be reached (pace time = 3.68, actual time = 10.68).	[MsgId: MWAR-15995]
Warning: Iteration pacing cannot be reached (pace time = 3.58, actual time = 19.44).	[MsgId: MWAR-15995]
Warning: Iteration pacing cannot be reached (pace time = 3.82, actual time = 21.37).	[MsgId: MWAR-15995]
Warning: Iteration pacing cannot be reached (pace time = 3.11, actual time = 3.48).	[MsgId: MWAR-15995]
Warning: Iteration pacing cannot be reached (pace time = 3.26, actual time = 16.86).	[MsgId: MWAR-15995]
ServicePin.c(9): Error -26608: HTTP Status-Code=504 (Gateway Timeout) for "https://hx9ekpvvbi.execute-api.us-east-1.amazonaws.com/KaaS-ITG/v2/servicepin/000aHHlopIbmO60NQby9ANtdAowX/J7Z11A"  	[MsgId: MERR-26608]
Warning: Iteration pacing cannot be reached (pace time = 3.75, actual time = 29.04).	[MsgId: MWAR-15995]
ServicePin.c(9): Error -26608: HTTP Status-Code=504 (Gateway Timeout) for "https://hx9ekpvvbi.execute-api.us-east-1.amazonaws.com/KaaS-ITG/v2/servicepin/000aHHlopIbmO60NQby9ANtdAowX/F2A77V"  	[MsgId: MERR-26608]
Warning: Iteration pacing cannot be reached (pace time = 3.93, actual time = 29.04).	[MsgId: MWAR-15995]
Warning: Iteration pacing cannot be reached (pace time = 3.65, actual time = 26.57).	[MsgId: MWAR-15995]
Warning: Iteration pacing cannot be reached (pace time = 3.12, actual time = 16.20).	[MsgId: MWAR-15995]
Warning: Iteration pacing cannot be reached (pace time = 3.75, actual time = 7.63).	[MsgId: MWAR-15995]
Warning: Iteration pacing cannot be reached (pace time = 3.32, actual time = 25.84).	[MsgId: MWAR-15995]
Warning: Iteration pacing cannot be reached (pace time = 3.83, actual time = 13.73).	[MsgId: MWAR-15995]
ServicePin.c(9): Error -26608: HTTP Status-Code=504 (Gateway Timeout) for "https://hx9ekpvvbi.execute-api.us-east-1.amazonaws.com/KaaS-ITG/v2/servicepin/000aHHlopIbmO60NQby9ANtdAowX/B5L23A"  	[MsgId: MERR-26608]
Warning: Iteration pacing cannot be reached (pace time = 3.01, actual time = 29.04).	[MsgId: MWAR-15995]
ServicePin.c(9): Error -26608: HTTP Status-Code=504 (Gateway Timeout) for "https://hx9ekpvvbi.execute-api.us-east-1.amazonaws.com/KaaS-ITG/v2/servicepin/000aHHlopIbmO60NQby9ANtdAowX/G1W41A"  	[MsgId: MERR-26608]
Warning: Iteration pacing cannot be reached (pace time = 3.04, actual time = 29.04).	[MsgId: MWAR-15995]
Warning: Iteration pacing cannot be reached (pace time = 3.15, actual time = 3.49).	[MsgId: MWAR-15995]
Warning: Iteration pacing cannot be reached (pace time = 3.31, actual time = 3.91).	[MsgId: MWAR-15995]
Warning: Iteration pacing cannot be reached (pace time = 3.33, actual time = 20.65).	[MsgId: MWAR-15995]
ServicePin.c(9): Error -26608: HTTP Status-Code=504 (Gateway Timeout) for "https://hx9ekpvvbi.execute-api.us-east-1.amazonaws.com/KaaS-ITG/v2/servicepin/000aHHlopIbmO60NQby9ANtdAowX/B5L48V"  	[MsgId: MERR-26608]
Warning: Iteration pacing cannot be reached (pace time = 3.20, actual time = 29.04).	[MsgId: MWAR-15995]
Warning: Iteration pacing cannot be reached (pace time = 3.24, actual time = 18.03).	[MsgId: MWAR-15995]
Warning: Iteration pacing cannot be reached (pace time = 3.46, actual time = 16.62).	[MsgId: MWAR-15995]
Warning: Iteration pacing cannot be reached (pace time = 3.85, actual time = 17.48).	[MsgId: MWAR-15995]
Warning: Iteration pacing cannot be reached (pace time = 3.55, actual time = 3.71).	[MsgId: MWAR-15995]
ServicePin.c(9): Error -26608: HTTP Status-Code=504 (Gateway Timeout) for "https://hx9ekpvvbi.execute-api.us-east-1.amazonaws.com/KaaS-ITG/v2/servicepin/000aHHlopIbmO60NQby9ANtdAowX/G1W40V"  	[MsgId: MERR-26608]
Warning: Iteration pacing cannot be reached (pace time = 3.32, actual time = 29.04).	[MsgId: MWAR-15995]
Warning: Iteration pacing cannot be reached (pace time = 3.96, actual time = 12.41).	[MsgId: MWAR-15995]
Warning: Iteration pacing cannot be reached (pace time = 3.79, actual time = 14.92).	[MsgId: MWAR-15995]
ServicePin.c(9): Error -26608: HTTP Status-Code=504 (Gateway Timeout) for "https://hx9ekpvvbi.execute-api.us-east-1.amazonaws.com/KaaS-ITG/v2/servicepin/000aHHlopIbmO60NQby9ANtdAowX/P7Z47A"  	[MsgId: MERR-26608]
Warning: Iteration pacing cannot be reached (pace time = 3.51, actual time = 29.04).	[MsgId: MWAR-15995]
ServicePin.c(9): Error -26608: HTTP Status-Code=504 (Gateway Timeout) for "https://hx9ekpvvbi.execute-api.us-east-1.amazonaws.com/KaaS-ITG/v2/servicepin/000aHHlopIbmO60NQby9ANtdAowX/C2S12A"  	[MsgId: MERR-26608]
Warning: Iteration pacing cannot be reached (pace time = 3.98, actual time = 29.04).	[MsgId: MWAR-15995]
Warning: Iteration pacing cannot be reached (pace time = 3.81, actual time = 16.37).	[MsgId: MWAR-15995]
Warning: Iteration pacing cannot be reached (pace time = 3.82, actual time = 12.03).	[MsgId: MWAR-15995]
Warning: Iteration pacing cannot be reached (pace time = 3.77, actual time = 12.79).	[MsgId: MWAR-15995]
Warning: Iteration pacing cannot be reached (pace time = 3.47, actual time = 17.88).	[MsgId: MWAR-15995]
ServicePin.c(9): Error -26608: HTTP Status-Code=504 (Gateway Timeout) for "https://hx9ekpvvbi.execute-api.us-east-1.amazonaws.com/KaaS-ITG/v2/servicepin/000aHHlopIbmO60NQby9ANtdAowX/F2A78V"  	[MsgId: MERR-26608]
Warning: Iteration pacing cannot be reached (pace time = 3.07, actual time = 29.04).	[MsgId: MWAR-15995]
Warning: Iteration pacing cannot be reached (pace time = 3.24, actual time = 6.38).	[MsgId: MWAR-15995]
Warning: Iteration pacing cannot be reached (pace time = 3.86, actual time = 7.42).	[MsgId: MWAR-15995]
ServicePin.c(9): Error -26608: HTTP Status-Code=504 (Gateway Timeout) for "https://hx9ekpvvbi.execute-api.us-east-1.amazonaws.com/KaaS-ITG/v2/servicepin/000aHHlopIbmO60NQby9ANtdAowX/3GY19A"  	[MsgId: MERR-26608]
Warning: Iteration pacing cannot be reached (pace time = 3.71, actual time = 29.24).	[MsgId: MWAR-15995]
Warning: Iteration pacing cannot be reached (pace time = 3.06, actual time = 3.60).	[MsgId: MWAR-15995]
ServicePin.c(9): Error -26608: HTTP Status-Code=504 (Gateway Timeout) for "https://hx9ekpvvbi.execute-api.us-east-1.amazonaws.com/KaaS-ITG/v2/servicepin/000aHHlopIbmO60NQby9ANtdAowX/CZ255A"  	[MsgId: MERR-26608]
Warning: Iteration pacing cannot be reached (pace time = 3.41, actual time = 29.04).	[MsgId: MWAR-15995]
Warning: Iteration pacing cannot be reached (pace time = 3.24, actual time = 5.73).	[MsgId: MWAR-15995]
Warning: Iteration pacing cannot be reached (pace time = 3.81, actual time = 4.48).	[MsgId: MWAR-15995]
Warning: Iteration pacing cannot be reached (pace time = 3.25, actual time = 26.29).	[MsgId: MWAR-15995]
Warning: Iteration pacing cannot be reached (pace time = 3.39, actual time = 15.49).	[MsgId: MWAR-15995]
Warning: Iteration pacing cannot be reached (pace time = 3.85, actual time = 19.20).	[MsgId: MWAR-15995]
Warning: Iteration pacing cannot be reached (pace time = 3.67, actual time = 22.76).	[MsgId: MWAR-15995]
ServicePin.c(9): Error -26608: HTTP Status-Code=504 (Gateway Timeout) for "https://hx9ekpvvbi.execute-api.us-east-1.amazonaws.com/KaaS-ITG/v2/servicepin/000aHHlopIbmO60NQby9ANtdAowX/F2A70A"  	[MsgId: MERR-26608]
Warning: Iteration pacing cannot be reached (pace time = 3.10, actual time = 29.04).	[MsgId: MWAR-15995]
Warning: Iteration pacing cannot be reached (pace time = 3.60, actual time = 13.08).	[MsgId: MWAR-15995]
Warning: Iteration pacing cannot be reached (pace time = 3.94, actual time = 15.65).	[MsgId: MWAR-15995]
Warning: Iteration pacing cannot be reached (pace time = 3.86, actual time = 7.24).	[MsgId: MWAR-15995]
Warning: Iteration pacing cannot be reached (pace time = 3.86, actual time = 20.44).	[MsgId: MWAR-15995]
ServicePin.c(9): Error -26608: HTTP Status-Code=504 (Gateway Timeout) for "https://hx9ekpvvbi.execute-api.us-east-1.amazonaws.com/KaaS-ITG/v2/servicepin/000aHHlopIbmO60NQby9ANtdAowX/1PS54A"  	[MsgId: MERR-26608]
Warning: Iteration pacing cannot be reached (pace time = 3.76, actual time = 29.04).	[MsgId: MWAR-15995]
Warning: Iteration pacing cannot be reached (pace time = 3.58, actual time = 6.01).	[MsgId: MWAR-15995]
Warning: Iteration pacing cannot be reached (pace time = 3.53, actual time = 20.67).	[MsgId: MWAR-15995]
Warning: Iteration pacing cannot be reached (pace time = 3.78, actual time = 8.74).	[MsgId: MWAR-15995]
Warning: Iteration pacing cannot be reached (pace time = 3.22, actual time = 10.07).	[MsgId: MWAR-15995]
Warning: Iteration pacing cannot be reached (pace time = 3.32, actual time = 20.72).	[MsgId: MWAR-15995]
Warning: Iteration pacing cannot be reached (pace time = 3.87, actual time = 26.36).	[MsgId: MWAR-15995]
ServicePin.c(9): Error -27760: Request "https://hx9ekpvvbi.execute-api.us-east-1.amazonaws.com/KaaS-ITG/v2/servicepin/000aHHlopIbmO60NQby9ANtdAowX/CE993V" failed  	[MsgId: MERR-27760]
Warning: Iteration pacing cannot be reached (pace time = 3.13, actual time = 4.75).	[MsgId: MWAR-15995]
ServicePin.c(9): Error -26608: HTTP Status-Code=504 (Gateway Timeout) for "https://hx9ekpvvbi.execute-api.us-east-1.amazonaws.com/KaaS-ITG/v2/servicepin/000aHHlopIbmO60NQby9ANtdAowX/CZ257V"  	[MsgId: MERR-26608]
Warning: Iteration pacing cannot be reached (pace time = 3.26, actual time = 29.24).	[MsgId: MWAR-15995]
Warning: Iteration pacing cannot be reached (pace time = 3.95, actual time = 8.92).	[MsgId: MWAR-15995]
