Warning: Iteration pacing cannot be reached (pace time = 7.00, actual time = 21.05).	[MsgId: MWAR-15995]
Warning: Iteration pacing cannot be reached (pace time = 7.00, actual time = 9.81).	[MsgId: MWAR-15995]
Warning: Iteration pacing cannot be reached (pace time = 7.00, actual time = 11.56).	[MsgId: MWAR-15995]
ServicePin.c(9): Error -26608: HTTP Status-Code=504 (Gateway Timeout) for "https://hx9ekpvvbi.execute-api.us-east-1.amazonaws.com/KaaS-ITG/v2/servicepin/000aKDbYdNJjobjZQ7paAA2BGOSW/CE996V"  	[MsgId: MERR-26608]
Warning: Iteration pacing cannot be reached (pace time = 7.00, actual time = 29.04).	[MsgId: MWAR-15995]
Warning: Iteration pacing cannot be reached (pace time = 7.00, actual time = 14.98).	[MsgId: MWAR-15995]
ServicePin.c(9): Error -26608: HTTP Status-Code=504 (Gateway Timeout) for "https://hx9ekpvvbi.execute-api.us-east-1.amazonaws.com/KaaS-ITG/v2/servicepin/000aKDbYdNJjobjZQ7paAA2BGOSW/L1H45A"  	[MsgId: MERR-26608]
Warning: Iteration pacing cannot be reached (pace time = 7.00, actual time = 29.26).	[MsgId: MWAR-15995]
Warning: Iteration pacing cannot be reached (pace time = 7.00, actual time = 11.50).	[MsgId: MWAR-15995]
Warning: Iteration pacing cannot be reached (pace time = 7.00, actual time = 7.24).	[MsgId: MWAR-15995]
Warning: Iteration pacing cannot be reached (pace time = 7.00, actual time = 19.33).	[MsgId: MWAR-15995]
Warning: Iteration pacing cannot be reached (pace time = 7.00, actual time = 13.23).	[MsgId: MWAR-15995]
Warning: Iteration pacing cannot be reached (pace time = 7.00, actual time = 18.82).	[MsgId: MWAR-15995]
Warning: Iteration pacing cannot be reached (pace time = 7.00, actual time = 21.48).	[MsgId: MWAR-15995]
Warning: Iteration pacing cannot be reached (pace time = 7.00, actual time = 15.27).	[MsgId: MWAR-15995]
Warning: Iteration pacing cannot be reached (pace time = 7.00, actual time = 10.67).	[MsgId: MWAR-15995]
Warning: Iteration pacing cannot be reached (pace time = 7.00, actual time = 24.74).	[MsgId: MWAR-15995]
Warning: Iteration pacing cannot be reached (pace time = 7.00, actual time = 8.47).	[MsgId: MWAR-15995]
Warning: Iteration pacing cannot be reached (pace time = 7.00, actual time = 18.64).	[MsgId: MWAR-15995]
ServicePin.c(9): Error -26608: HTTP Status-Code=504 (Gateway Timeout) for "https://hx9ekpvvbi.execute-api.us-east-1.amazonaws.com/KaaS-ITG/v2/servicepin/000aKDbYdNJjobjZQ7paAA2BGOSW/F2A77V"  	[MsgId: MERR-26608]
Warning: Iteration pacing cannot be reached (pace time = 7.00, actual time = 29.04).	[MsgId: MWAR-15995]
ServicePin.c(9): Error -26608: HTTP Status-Code=504 (Gateway Timeout) for "https://hx9ekpvvbi.execute-api.us-east-1.amazonaws.com/KaaS-ITG/v2/servicepin/000aKDbYdNJjobjZQ7paAA2BGOSW/B5L05V"  	[MsgId: MERR-26608]
Warning: Iteration pacing cannot be reached (pace time = 7.00, actual time = 29.05).	[MsgId: MWAR-15995]
ServicePin.c(9): Error -26608: HTTP Status-Code=504 (Gateway Timeout) for "https://hx9ekpvvbi.execute-api.us-east-1.amazonaws.com/KaaS-ITG/v2/servicepin/000aKDbYdNJjobjZQ7paAA2BGOSW/B3G86A"  	[MsgId: MERR-26608]
Warning: Iteration pacing cannot be reached (pace time = 7.00, actual time = 29.26).	[MsgId: MWAR-15995]
Warning: Iteration pacing cannot be reached (pace time = 7.00, actual time = 9.66).	[MsgId: MWAR-15995]
Warning: Iteration pacing cannot be reached (pace time = 7.00, actual time = 22.58).	[MsgId: MWAR-15995]
ServicePin.c(9): Error -26608: HTTP Status-Code=504 (Gateway Timeout) for "https://hx9ekpvvbi.execute-api.us-east-1.amazonaws.com/KaaS-ITG/v2/servicepin/000aKDbYdNJjobjZQ7paAA2BGOSW/C2S11V"  	[MsgId: MERR-26608]
Warning: Iteration pacing cannot be reached (pace time = 7.00, actual time = 29.04).	[MsgId: MWAR-15995]
ServicePin.c(9): Error -26608: HTTP Status-Code=504 (Gateway Timeout) for "https://hx9ekpvvbi.execute-api.us-east-1.amazonaws.com/KaaS-ITG/v2/servicepin/000aKDbYdNJjobjZQ7paAA2BGOSW/1PV88A"  	[MsgId: MERR-26608]
Warning: Iteration pacing cannot be reached (pace time = 7.00, actual time = 29.25).	[MsgId: MWAR-15995]
Warning: Iteration pacing cannot be reached (pace time = 7.00, actual time = 13.33).	[MsgId: MWAR-15995]
ServicePin.c(9): Error -26608: HTTP Status-Code=504 (Gateway Timeout) for "https://hx9ekpvvbi.execute-api.us-east-1.amazonaws.com/KaaS-ITG/v2/servicepin/000aKDbYdNJjobjZQ7paAA2BGOSW/CE995A"  	[MsgId: MERR-26608]
Warning: Iteration pacing cannot be reached (pace time = 7.00, actual time = 29.04).	[MsgId: MWAR-15995]
Warning: Iteration pacing cannot be reached (pace time = 7.00, actual time = 16.81).	[MsgId: MWAR-15995]
Warning: Iteration pacing cannot be reached (pace time = 7.00, actual time = 14.60).	[MsgId: MWAR-15995]
Warning: Iteration pacing cannot be reached (pace time = 7.00, actual time = 7.33).	[MsgId: MWAR-15995]
ServicePin.c(9): Error -26608: HTTP Status-Code=504 (Gateway Timeout) for "https://hx9ekpvvbi.execute-api.us-east-1.amazonaws.com/KaaS-ITG/v2/servicepin/000aKDbYdNJjobjZQ7paAA2BGOSW/CE996A"  	[MsgId: MERR-26608]
Warning: Iteration pacing cannot be reached (pace time = 7.00, actual time = 29.05).	[MsgId: MWAR-15995]
Warning: Iteration pacing cannot be reached (pace time = 7.00, actual time = 7.54).	[MsgId: MWAR-15995]
Warning: Iteration pacing cannot be reached (pace time = 7.00, actual time = 20.61).	[MsgId: MWAR-15995]
Warning: Iteration pacing cannot be reached (pace time = 7.00, actual time = 7.65).	[MsgId: MWAR-15995]
Warning: Iteration pacing cannot be reached (pace time = 7.00, actual time = 14.24).	[MsgId: MWAR-15995]
Warning: Iteration pacing cannot be reached (pace time = 7.00, actual time = 22.98).	[MsgId: MWAR-15995]
