kaas_DocSearchUDPES_PDP_Topics_1000.c(12): Error -27760: Request "https://hx9ekpvvbi.execute-api.us-east-1.amazonaws.com/KaaS-ITG/v2/search?q=*&resultLimit=800&resultStart=0&countryCode=162089707212699946554652&languageCode=en&disclosureLevel=696531864679532034919979251200881,47406819852170807613486806879990,218620138892645155286800249901443,287477763180518087286275037723076,887243771386204747508092376253257&printFields=documentID,title,documenttype,renderlink,matchscore,description,contentupdatedate,language,disclosurelevel,store,docsource,documenttypedetails,topics,filename,duration&topiccat=175513598973950797922021312691457&store=docstore,supportagentstore,udp-content-default&product=3897030,3897939,296720,12454,3718645,3718648,3718644" failed  	[MsgId: MERR-27760]
kaas_DocSearchUDPES_PDP_Topics_10.c(13): Error -27760: Request "https://hx9ekpvvbi.execute-api.us-east-1.amazonaws.com/KaaS-ITG/v2/search?q=*&resultLimit=10&resultStart=0&countryCode=162089707212699946554652&languageCode=en&disclosureLevel=696531864679532034919979251200881,47406819852170807613486806879990,218620138892645155286800249901443,287477763180518087286275037723076,887243771386204747508092376253257&printFields=documentID,title,documenttype,renderlink,matchscore,description,contentupdatedate,language,disclosurelevel,store,docsource,documenttypedetails,topics,filename,duration&topic=175513598973950797922021312691457,727118134876361637267272859691104,467249423806096122761263497662159&store=docstore,supportagentstore,udp-content-default&product=4323211,18972,4323660,5151763,238445,4322911,4323658,5363257,4322914&aggregations=producttopics" failed  	[MsgId: MERR-27760]
kaas_DocSearchUDPES_PDP_Topics_1000.c(12): Error -27760: Request "https://hx9ekpvvbi.execute-api.us-east-1.amazonaws.com/KaaS-ITG/v2/search?q=*&resultLimit=800&resultStart=0&countryCode=162089707212699946554652&languageCode=en&disclosureLevel=696531864679532034919979251200881,47406819852170807613486806879990,218620138892645155286800249901443,287477763180518087286275037723076,887243771386204747508092376253257&printFields=documentID,title,documenttype,renderlink,matchscore,description,contentupdatedate,language,disclosurelevel,store,docsource,documenttypedetails,topics,filename,duration&topiccat=175513598973950797922021312691457&store=docstore,supportagentstore,udp-content-default&product=18972,238445,9364972,6771913,12004,9364939,9364937" failed  	[MsgId: MERR-27760]
Error: Two Way Communication Error: Function two_way_comm_post_message / two_way_comm_post_message_ex failed.	[MsgId: MERR-60990]
Error: Failed to deliver a p2p message from parent to child process, reason - communication error.	[MsgId: MERR-29724]
Error: Two Way Communication Error: Function two_way_comm_post_message / two_way_comm_post_message_ex failed.	[MsgId: MERR-60990]
Error: Failed to deliver a p2p message from parent to child process, reason - communication error.	[MsgId: MERR-29724]
Error: Two Way Communication Error: Function two_way_comm_post_message / two_way_comm_post_message_ex failed.	[MsgId: MERR-60990]
Error: Failed to deliver a p2p message from parent to child process, reason - communication error.	[MsgId: MERR-29724]
Error: Two Way Communication Error: Function two_way_comm_post_message / two_way_comm_post_message_ex failed.	[MsgId: MERR-60990]
Error: Failed to deliver a p2p message from parent to child process, reason - communication error.	[MsgId: MERR-29724]
Error: Two Way Communication Error: Function two_way_comm_post_message / two_way_comm_post_message_ex failed.	[MsgId: MERR-60990]
Error: Failed to deliver a p2p message from parent to child process, reason - communication error.	[MsgId: MERR-29724]
Error: Two Way Communication Error: Function two_way_comm_post_message / two_way_comm_post_message_ex failed.	[MsgId: MERR-60990]
Error: Failed to deliver a p2p message from parent to child process, reason - communication error.	[MsgId: MERR-29724]
Error: Two Way Communication Error: Function two_way_comm_post_message / two_way_comm_post_message_ex failed.	[MsgId: MERR-60990]
Error: Failed to deliver a p2p message from parent to child process, reason - communication error.	[MsgId: MERR-29724]
Error: Two Way Communication Error: Function two_way_comm_post_message / two_way_comm_post_message_ex failed.	[MsgId: MERR-60990]
Error: Failed to deliver a p2p message from parent to child process, reason - communication error.	[MsgId: MERR-29724]
Error: Message sent by service with id=250 failed. No service provider was set at the target point.	[MsgId: MERR-29741]
Error: Two Way Communication Error: Function two_way_comm_post_message / two_way_comm_post_message_ex failed.	[MsgId: MERR-60990]
Error: Failed to deliver a p2p message from parent to child process, reason - communication error.	[MsgId: MERR-29724]
Error: Two Way Communication Error: Function two_way_comm_post_message / two_way_comm_post_message_ex failed.	[MsgId: MERR-60990]
Error: Failed to deliver a p2p message from parent to child process, reason - communication error.	[MsgId: MERR-29724]
Error: Two Way Communication Error: Function two_way_comm_post_message / two_way_comm_post_message_ex failed.	[MsgId: MERR-60990]
Error: Failed to deliver a p2p message from parent to child process, reason - communication error.	[MsgId: MERR-29724]
Error: Two Way Communication Error: Function two_way_comm_post_message / two_way_comm_post_message_ex failed.	[MsgId: MERR-60990]
Error: Failed to deliver a p2p message from parent to child process, reason - communication error.	[MsgId: MERR-29724]
Error: Two Way Communication Error: Function two_way_comm_post_message / two_way_comm_post_message_ex failed.	[MsgId: MERR-60990]
Error: Failed to deliver a p2p message from parent to child process, reason - communication error.	[MsgId: MERR-29724]
Error: Two Way Communication Error: Function two_way_comm_post_message / two_way_comm_post_message_ex failed.	[MsgId: MERR-60990]
Error: Failed to deliver a p2p message from parent to child process, reason - communication error.	[MsgId: MERR-29724]
Error: Two Way Communication Error: Function two_way_comm_post_message / two_way_comm_post_message_ex failed.	[MsgId: MERR-60990]
Error: Failed to deliver a p2p message from parent to child process, reason - communication error.	[MsgId: MERR-29724]
