Warning: Iteration pacing cannot be reached (pace time = 5.00, actual time = 17.23).	[MsgId: MWAR-15995]
Warning: Iteration pacing cannot be reached (pace time = 5.00, actual time = 13.87).	[MsgId: MWAR-15995]
Warning: Iteration pacing cannot be reached (pace time = 5.00, actual time = 19.09).	[MsgId: MWAR-15995]
Warning: Iteration pacing cannot be reached (pace time = 5.00, actual time = 14.93).	[MsgId: MWAR-15995]
Warning: Iteration pacing cannot be reached (pace time = 5.00, actual time = 13.34).	[MsgId: MWAR-15995]
Warning: Iteration pacing cannot be reached (pace time = 5.00, actual time = 10.89).	[MsgId: MWAR-15995]
Warning: Iteration pacing cannot be reached (pace time = 5.00, actual time = 10.68).	[MsgId: MWAR-15995]
Warning: Iteration pacing cannot be reached (pace time = 5.00, actual time = 9.32).	[MsgId: MWAR-15995]
Warning: Iteration pacing cannot be reached (pace time = 5.00, actual time = 7.81).	[MsgId: MWAR-15995]
Warning: Iteration pacing cannot be reached (pace time = 5.00, actual time = 15.03).	[MsgId: MWAR-15995]
Warning: Iteration pacing cannot be reached (pace time = 5.00, actual time = 15.14).	[MsgId: MWAR-15995]
Warning: Iteration pacing cannot be reached (pace time = 5.00, actual time = 10.86).	[MsgId: MWAR-15995]
Warning: Iteration pacing cannot be reached (pace time = 5.00, actual time = 11.03).	[MsgId: MWAR-15995]
Warning: Iteration pacing cannot be reached (pace time = 5.00, actual time = 5.93).	[MsgId: MWAR-15995]
Warning: Iteration pacing cannot be reached (pace time = 5.00, actual time = 11.04).	[MsgId: MWAR-15995]
Warning: Iteration pacing cannot be reached (pace time = 5.00, actual time = 6.57).	[MsgId: MWAR-15995]
Warning: Iteration pacing cannot be reached (pace time = 5.00, actual time = 6.69).	[MsgId: MWAR-15995]
Warning: Iteration pacing cannot be reached (pace time = 5.00, actual time = 10.71).	[MsgId: MWAR-15995]
Warning: Iteration pacing cannot be reached (pace time = 5.00, actual time = 10.50).	[MsgId: MWAR-15995]
Warning: Iteration pacing cannot be reached (pace time = 5.00, actual time = 8.88).	[MsgId: MWAR-15995]
BatchSearch_MultipleRequest.c(10): Error -26608: HTTP Status-Code=504 (Gateway Timeout) for "https://hx9ekpvvbi.execute-api.us-east-1.amazonaws.com/KaaS-ITG/v2/issueBatch/search"  	[MsgId: MERR-26608]
Warning: Iteration pacing cannot be reached (pace time = 5.00, actual time = 29.04).	[MsgId: MWAR-15995]
BatchSearch_EmptyIssueSignature.c(10): Error -26608: HTTP Status-Code=504 (Gateway Timeout) for "https://hx9ekpvvbi.execute-api.us-east-1.amazonaws.com/KaaS-ITG/v2/issueBatch/search"  	[MsgId: MERR-26608]
Warning: Iteration pacing cannot be reached (pace time = 5.00, actual time = 29.07).	[MsgId: MWAR-15995]
BatchSearch_WOOptionalFields.c(9): Error -26608: HTTP Status-Code=504 (Gateway Timeout) for "https://hx9ekpvvbi.execute-api.us-east-1.amazonaws.com/KaaS-ITG/v2/issueBatch/search"  	[MsgId: MERR-26608]
Warning: Iteration pacing cannot be reached (pace time = 5.00, actual time = 29.12).	[MsgId: MWAR-15995]
BatchSearch_WOOptionalFields.c(9): Error -26608: HTTP Status-Code=504 (Gateway Timeout) for "https://hx9ekpvvbi.execute-api.us-east-1.amazonaws.com/KaaS-ITG/v2/issueBatch/search"  	[MsgId: MERR-26608]
Warning: Iteration pacing cannot be reached (pace time = 5.00, actual time = 29.08).	[MsgId: MWAR-15995]
BatchSearch_MultipleRequest.c(10): Error -26608: HTTP Status-Code=504 (Gateway Timeout) for "https://hx9ekpvvbi.execute-api.us-east-1.amazonaws.com/KaaS-ITG/v2/issueBatch/search"  	[MsgId: MERR-26608]
Warning: Iteration pacing cannot be reached (pace time = 5.00, actual time = 29.05).	[MsgId: MWAR-15995]
BatchSearch_SingleRequest.c(11): Error -26608: HTTP Status-Code=504 (Gateway Timeout) for "https://hx9ekpvvbi.execute-api.us-east-1.amazonaws.com/KaaS-ITG/v2/issueBatch/search"  	[MsgId: MERR-26608]
Warning: Iteration pacing cannot be reached (pace time = 5.00, actual time = 29.08).	[MsgId: MWAR-15995]
BatchSearch_EmptyIssueSignature.c(10): Error -26608: HTTP Status-Code=504 (Gateway Timeout) for "https://hx9ekpvvbi.execute-api.us-east-1.amazonaws.com/KaaS-ITG/v2/issueBatch/search"  	[MsgId: MERR-26608]
Warning: Iteration pacing cannot be reached (pace time = 5.00, actual time = 29.08).	[MsgId: MWAR-15995]
Warning: Iteration pacing cannot be reached (pace time = 5.00, actual time = 20.92).	[MsgId: MWAR-15995]
BatchSearch_MultipleRequest.c(10): Error -26608: HTTP Status-Code=504 (Gateway Timeout) for "https://hx9ekpvvbi.execute-api.us-east-1.amazonaws.com/KaaS-ITG/v2/issueBatch/search"  	[MsgId: MERR-26608]
Warning: Iteration pacing cannot be reached (pace time = 5.00, actual time = 29.04).	[MsgId: MWAR-15995]
Warning: Iteration pacing cannot be reached (pace time = 5.00, actual time = 23.02).	[MsgId: MWAR-15995]
Warning: Iteration pacing cannot be reached (pace time = 5.00, actual time = 6.05).	[MsgId: MWAR-15995]
Warning: Iteration pacing cannot be reached (pace time = 5.00, actual time = 9.07).	[MsgId: MWAR-15995]
Warning: Iteration pacing cannot be reached (pace time = 5.00, actual time = 24.16).	[MsgId: MWAR-15995]
Warning: Iteration pacing cannot be reached (pace time = 5.00, actual time = 25.54).	[MsgId: MWAR-15995]
Warning: Iteration pacing cannot be reached (pace time = 5.00, actual time = 16.69).	[MsgId: MWAR-15995]
Warning: Iteration pacing cannot be reached (pace time = 5.00, actual time = 16.91).	[MsgId: MWAR-15995]
Warning: Iteration pacing cannot be reached (pace time = 5.00, actual time = 8.10).	[MsgId: MWAR-15995]
BatchSearch_SingleRequest.c(11): Error -27760: Request "https://hx9ekpvvbi.execute-api.us-east-1.amazonaws.com/KaaS-ITG/v2/issueBatch/search" failed  	[MsgId: MERR-27760]
