Warning: Iteration pacing cannot be reached (pace time = 3.70, actual time = 9.30).	[MsgId: MWAR-15995]
Warning: Iteration pacing cannot be reached (pace time = 3.70, actual time = 9.31).	[MsgId: MWAR-15995]
Warning: Iteration pacing cannot be reached (pace time = 3.70, actual time = 9.38).	[MsgId: MWAR-15995]
Warning: Iteration pacing cannot be reached (pace time = 3.70, actual time = 9.22).	[MsgId: MWAR-15995]
Warning: Iteration pacing cannot be reached (pace time = 3.70, actual time = 9.25).	[MsgId: MWAR-15995]
Warning: Iteration pacing cannot be reached (pace time = 3.70, actual time = 4.30).	[MsgId: MWAR-15995]
Warning: Iteration pacing cannot be reached (pace time = 3.70, actual time = 5.22).	[MsgId: MWAR-15995]
Warning: Iteration pacing cannot be reached (pace time = 3.70, actual time = 9.34).	[MsgId: MWAR-15995]
Warning: Iteration pacing cannot be reached (pace time = 3.70, actual time = 3.78).	[MsgId: MWAR-15995]
Warning: Iteration pacing cannot be reached (pace time = 3.70, actual time = 7.91).	[MsgId: MWAR-15995]
Warning: Iteration pacing cannot be reached (pace time = 3.70, actual time = 5.03).	[MsgId: MWAR-15995]
Warning: Iteration pacing cannot be reached (pace time = 3.70, actual time = 4.21).	[MsgId: MWAR-15995]
Warning: Iteration pacing cannot be reached (pace time = 3.70, actual time = 4.92).	[MsgId: MWAR-15995]
Warning: Iteration pacing cannot be reached (pace time = 3.70, actual time = 3.98).	[MsgId: MWAR-15995]
Warning: Iteration pacing cannot be reached (pace time = 3.70, actual time = 3.81).	[MsgId: MWAR-15995]
Warning: Iteration pacing cannot be reached (pace time = 3.70, actual time = 4.31).	[MsgId: MWAR-15995]
Warning: Iteration pacing cannot be reached (pace time = 3.70, actual time = 4.94).	[MsgId: MWAR-15995]
Warning: Iteration pacing cannot be reached (pace time = 3.70, actual time = 5.94).	[MsgId: MWAR-15995]
Warning: Iteration pacing cannot be reached (pace time = 3.70, actual time = 4.32).	[MsgId: MWAR-15995]
Warning: Iteration pacing cannot be reached (pace time = 3.70, actual time = 4.41).	[MsgId: MWAR-15995]
Warning: Iteration pacing cannot be reached (pace time = 3.70, actual time = 4.94).	[MsgId: MWAR-15995]
Warning: Iteration pacing cannot be reached (pace time = 3.70, actual time = 4.32).	[MsgId: MWAR-15995]
Warning: Iteration pacing cannot be reached (pace time = 3.70, actual time = 4.03).	[MsgId: MWAR-15995]
Warning: Iteration pacing cannot be reached (pace time = 3.70, actual time = 6.11).	[MsgId: MWAR-15995]
Warning: Iteration pacing cannot be reached (pace time = 3.70, actual time = 9.38).	[MsgId: MWAR-15995]
Warning: Iteration pacing cannot be reached (pace time = 3.70, actual time = 9.45).	[MsgId: MWAR-15995]
Warning: Iteration pacing cannot be reached (pace time = 3.70, actual time = 3.93).	[MsgId: MWAR-15995]
Warning: Iteration pacing cannot be reached (pace time = 3.70, actual time = 3.78).	[MsgId: MWAR-15995]
Warning: Iteration pacing cannot be reached (pace time = 3.70, actual time = 6.62).	[MsgId: MWAR-15995]
Warning: Iteration pacing cannot be reached (pace time = 3.70, actual time = 5.11).	[MsgId: MWAR-15995]
Warning: Iteration pacing cannot be reached (pace time = 3.70, actual time = 4.22).	[MsgId: MWAR-15995]
Warning: Iteration pacing cannot be reached (pace time = 3.70, actual time = 4.69).	[MsgId: MWAR-15995]
Warning: Iteration pacing cannot be reached (pace time = 3.70, actual time = 4.28).	[MsgId: MWAR-15995]
Warning: Iteration pacing cannot be reached (pace time = 3.70, actual time = 4.30).	[MsgId: MWAR-15995]
Warning: Iteration pacing cannot be reached (pace time = 3.70, actual time = 3.89).	[MsgId: MWAR-15995]
Warning: Iteration pacing cannot be reached (pace time = 3.70, actual time = 4.81).	[MsgId: MWAR-15995]
Warning: Iteration pacing cannot be reached (pace time = 3.70, actual time = 5.12).	[MsgId: MWAR-15995]
Warning: Iteration pacing cannot be reached (pace time = 3.70, actual time = 5.92).	[MsgId: MWAR-15995]
BatchSearch_InvalidParameters.c(16): Error -27760: Request "https://hx9ekpvvbi.execute-api.us-east-1.amazonaws.com/KaaS-ITG/v2/issueBatch/search" failed  	[MsgId: MERR-27760]
BatchSearch_WOOptionalFields.c(15): Error -27760: Request "https://hx9ekpvvbi.execute-api.us-east-1.amazonaws.com/KaaS-ITG/v2/issueBatch/search" failed  	[MsgId: MERR-27760]
BatchSearch_EmptyIssueSignature.c(16): Error -27760: Request "https://hx9ekpvvbi.execute-api.us-east-1.amazonaws.com/KaaS-ITG/v2/issueBatch/search" failed  	[MsgId: MERR-27760]
Error: Two Way Communication Error: Function two_way_comm_post_message / two_way_comm_post_message_ex failed.	[MsgId: MERR-60990]
Error: Failed to deliver a p2p message from parent to child process, reason - communication error.	[MsgId: MERR-29724]
BatchSearch_EmptyIssueSignature.c(16): Error -27760: Request "https://hx9ekpvvbi.execute-api.us-east-1.amazonaws.com/KaaS-ITG/v2/issueBatch/search" failed  	[MsgId: MERR-27760]
BatchSearch_MultipleRequest.c(15): Error -27760: Request "https://hx9ekpvvbi.execute-api.us-east-1.amazonaws.com/KaaS-ITG/v2/issueBatch/search" failed  	[MsgId: MERR-27760]
BatchSearch_EmptyIssueSignature.c(16): Error -27760: Request "https://hx9ekpvvbi.execute-api.us-east-1.amazonaws.com/KaaS-ITG/v2/issueBatch/search" failed  	[MsgId: MERR-27760]
