Start auto log messages stack - Iteration 33.	[MsgId: MMSG-10545]
kaas_DocSearchUDPES_ProductContext.c(6): Warning -26594: The header being added may cause unpredictable results if applied to ALL the URLs generated on behalf of the next script function. It will apply to the primary URL only.  	[MsgId: MWAR-26594]
kaas_DocSearchUDPES_ProductContext.c(6): web_add_header("Content-Type") highest severity level was "warning"  	[MsgId: MMSG-26391]
kaas_DocSearchUDPES_ProductContext.c(7): web_add_header("accessToken") started  	[MsgId: MMSG-26355]
kaas_DocSearchUDPES_ProductContext.c(7): web_add_header("accessToken") was successful  	[MsgId: MMSG-26392]
kaas_DocSearchUDPES_ProductContext.c(9): web_custom_request("web_custom_request") started  	[MsgId: MMSG-26355]
kaas_DocSearchUDPES_ProductContext.c(9): Error -26627: HTTP Status-Code=404 (Not Found) for "https://hx9ekpvvbi.execute-api.us-east-1.amazonaws.com/KaaS-ITG/v2/search?q=*&resultLimit=10&resultStart=0&countryCode=us&languageCode=en&disclosureLevel=696531864679532034919979251200881,47406819852170807613486806879990,218620138892645155286800249901443,287477763180518087286275037723076,887243771386204747508092376253257&printFields=documentID,title,documenttype,renderlink,matchscore,description,contentupdatedate,language,disclosurelevel,store,docsource,documenttypedetails,topics,categorizations&store=docstore,supportagentstore,udp-content-default&product=3370383 OR 8485409 OR 6627588 OR 501585&categorizationIds=162879258009672812079598025741817,29175471122742644821080,393367071124511053150675347835559&documentTypes=Advisory,Agent%20Reference,Agent%20Resource%20Center,Bulletin,Concept%20Content,Notice,Product%20Change%20Notification,Security%20Bulletin,Service,Support,Support%20Information&clientId=WCC"  	[MsgId: MERR-26627]
End auto log messages stack.	[MsgId: MMSG-10544]


Start auto log messages stack - Iteration 39.	[MsgId: MMSG-10545]
kaas_DocSearchUDPES_ProductContext.c(6): Warning -26594: The header being added may cause unpredictable results if applied to ALL the URLs generated on behalf of the next script function. It will apply to the primary URL only.  	[MsgId: MWAR-26594]
kaas_DocSearchUDPES_ProductContext.c(6): web_add_header("Content-Type") highest severity level was "warning"  	[MsgId: MMSG-26391]
kaas_DocSearchUDPES_ProductContext.c(7): web_add_header("accessToken") started  	[MsgId: MMSG-26355]
kaas_DocSearchUDPES_ProductContext.c(7): web_add_header("accessToken") was successful  	[MsgId: MMSG-26392]
kaas_DocSearchUDPES_ProductContext.c(9): web_custom_request("web_custom_request") started  	[MsgId: MMSG-26355]
kaas_DocSearchUDPES_ProductContext.c(9): Error -26627: HTTP Status-Code=404 (Not Found) for "https://hx9ekpvvbi.execute-api.us-east-1.amazonaws.com/KaaS-ITG/v2/search?q=*&resultLimit=10&resultStart=0&countryCode=us&languageCode=en&disclosureLevel=696531864679532034919979251200881,47406819852170807613486806879990,218620138892645155286800249901443,287477763180518087286275037723076,887243771386204747508092376253257&printFields=documentID,title,documenttype,renderlink,matchscore,description,contentupdatedate,language,disclosurelevel,store,docsource,documenttypedetails,topics,categorizations&store=docstore,supportagentstore,udp-content-default&product=4217179 OR 7234912 OR 5058852 OR 3370383&categorizationIds=162879258009672812079598025741817,29175471122742644821080,393367071124511053150675347835559&documentTypes=Advisory,Agent%20Reference,Agent%20Resource%20Center,Bulletin,Concept%20Content,Notice,Product%20Change%20Notification,Security%20Bulletin,Service,Support,Support%20Information&clientId=WCC"  	[MsgId: MERR-26627]
End auto log messages stack.	[MsgId: MMSG-10544]


Start auto log messages stack - Iteration 39.	[MsgId: MMSG-10545]
kaas_DocSearchUDPES_ProductContext.c(6): Warning -26594: The header being added may cause unpredictable results if applied to ALL the URLs generated on behalf of the next script function. It will apply to the primary URL only.  	[MsgId: MWAR-26594]
kaas_DocSearchUDPES_ProductContext.c(6): web_add_header("Content-Type") highest severity level was "warning"  	[MsgId: MMSG-26391]
kaas_DocSearchUDPES_ProductContext.c(7): web_add_header("accessToken") started  	[MsgId: MMSG-26355]
kaas_DocSearchUDPES_ProductContext.c(7): web_add_header("accessToken") was successful  	[MsgId: MMSG-26392]
kaas_DocSearchUDPES_ProductContext.c(9): web_custom_request("web_custom_request") started  	[MsgId: MMSG-26355]
kaas_DocSearchUDPES_ProductContext.c(9): Error -26627: HTTP Status-Code=404 (Not Found) for "https://hx9ekpvvbi.execute-api.us-east-1.amazonaws.com/KaaS-ITG/v2/search?q=*&resultLimit=10&resultStart=0&countryCode=us&languageCode=en&disclosureLevel=696531864679532034919979251200881,47406819852170807613486806879990,218620138892645155286800249901443,287477763180518087286275037723076,887243771386204747508092376253257&printFields=documentID,title,documenttype,renderlink,matchscore,description,contentupdatedate,language,disclosurelevel,store,docsource,documenttypedetails,topics,categorizations&store=docstore,supportagentstore,udp-content-default&product=8485409 OR 6627588 OR 501585 OR 6944198&categorizationIds=162879258009672812079598025741817,29175471122742644821080,393367071124511053150675347835559&documentTypes=Advisory,Agent%20Reference,Agent%20Resource%20Center,Bulletin,Concept%20Content,Notice,Product%20Change%20Notification,Security%20Bulletin,Service,Support,Support%20Information&clientId=WCC"  	[MsgId: MERR-26627]
End auto log messages stack.	[MsgId: MMSG-10544]


Start auto log messages stack - Iteration 59.	[MsgId: MMSG-10545]
kaas_DocSearchUDPES_ProductContext.c(6): Warning -26594: The header being added may cause unpredictable results if applied to ALL the URLs generated on behalf of the next script function. It will apply to the primary URL only.  	[MsgId: MWAR-26594]
kaas_DocSearchUDPES_ProductContext.c(6): web_add_header("Content-Type") highest severity level was "warning"  	[MsgId: MMSG-26391]
kaas_DocSearchUDPES_ProductContext.c(7): web_add_header("accessToken") started  	[MsgId: MMSG-26355]
kaas_DocSearchUDPES_ProductContext.c(7): web_add_header("accessToken") was successful  	[MsgId: MMSG-26392]
kaas_DocSearchUDPES_ProductContext.c(9): web_custom_request("web_custom_request") started  	[MsgId: MMSG-26355]
kaas_DocSearchUDPES_ProductContext.c(9): Error -26627: HTTP Status-Code=404 (Not Found) for "https://hx9ekpvvbi.execute-api.us-east-1.amazonaws.com/KaaS-ITG/v2/search?q=*&resultLimit=10&resultStart=0&countryCode=us&languageCode=en&disclosureLevel=696531864679532034919979251200881,47406819852170807613486806879990,218620138892645155286800249901443,287477763180518087286275037723076,887243771386204747508092376253257&printFields=documentID,title,documenttype,renderlink,matchscore,description,contentupdatedate,language,disclosurelevel,store,docsource,documenttypedetails,topics,categorizations&store=docstore,supportagentstore,udp-content-default&product=6627588 OR 501585 OR 6944198 OR 5223305&categorizationIds=162879258009672812079598025741817,29175471122742644821080,393367071124511053150675347835559&documentTypes=Advisory,Agent%20Reference,Agent%20Resource%20Center,Bulletin,Concept%20Content,Notice,Product%20Change%20Notification,Security%20Bulletin,Service,Support,Support%20Information&clientId=WCC"  	[MsgId: MERR-26627]
End auto log messages stack.	[MsgId: MMSG-10544]


Start auto log messages stack - Iteration 87.	[MsgId: MMSG-10545]
kaas_DocSearchUDPES_ProductContext.c(6): Warning -26594: The header being added may cause unpredictable results if applied to ALL the URLs generated on behalf of the next script function. It will apply to the primary URL only.  	[MsgId: MWAR-26594]
kaas_DocSearchUDPES_ProductContext.c(6): web_add_header("Content-Type") highest severity level was "warning"  	[MsgId: MMSG-26391]
kaas_DocSearchUDPES_ProductContext.c(7): web_add_header("accessToken") started  	[MsgId: MMSG-26355]
kaas_DocSearchUDPES_ProductContext.c(7): web_add_header("accessToken") was successful  	[MsgId: MMSG-26392]
kaas_DocSearchUDPES_ProductContext.c(9): web_custom_request("web_custom_request") started  	[MsgId: MMSG-26355]
kaas_DocSearchUDPES_ProductContext.c(9): Error -26627: HTTP Status-Code=404 (Not Found) for "https://hx9ekpvvbi.execute-api.us-east-1.amazonaws.com/KaaS-ITG/v2/search?q=*&resultLimit=10&resultStart=0&countryCode=us&languageCode=en&disclosureLevel=696531864679532034919979251200881,47406819852170807613486806879990,218620138892645155286800249901443,287477763180518087286275037723076,887243771386204747508092376253257&printFields=documentID,title,documenttype,renderlink,matchscore,description,contentupdatedate,language,disclosurelevel,store,docsource,documenttypedetails,topics,categorizations&store=docstore,supportagentstore,udp-content-default&product=3962828 OR 3884606 OR 4217179 OR 7234912&categorizationIds=162879258009672812079598025741817,29175471122742644821080,393367071124511053150675347835559&documentTypes=Advisory,Agent%20Reference,Agent%20Resource%20Center,Bulletin,Concept%20Content,Notice,Product%20Change%20Notification,Security%20Bulletin,Service,Support,Support%20Information&clientId=WCC"  	[MsgId: MERR-26627]
End auto log messages stack.	[MsgId: MMSG-10544]


Start auto log messages stack - Iteration 88.	[MsgId: MMSG-10545]
kaas_DocSearchUDPES_ProductContext.c(6): Warning -26594: The header being added may cause unpredictable results if applied to ALL the URLs generated on behalf of the next script function. It will apply to the primary URL only.  	[MsgId: MWAR-26594]
kaas_DocSearchUDPES_ProductContext.c(6): web_add_header("Content-Type") highest severity level was "warning"  	[MsgId: MMSG-26391]
kaas_DocSearchUDPES_ProductContext.c(7): web_add_header("accessToken") started  	[MsgId: MMSG-26355]
kaas_DocSearchUDPES_ProductContext.c(7): web_add_header("accessToken") was successful  	[MsgId: MMSG-26392]
kaas_DocSearchUDPES_ProductContext.c(9): web_custom_request("web_custom_request") started  	[MsgId: MMSG-26355]
kaas_DocSearchUDPES_ProductContext.c(9): Error -26627: HTTP Status-Code=404 (Not Found) for "https://hx9ekpvvbi.execute-api.us-east-1.amazonaws.com/KaaS-ITG/v2/search?q=*&resultLimit=10&resultStart=0&countryCode=us&languageCode=en&disclosureLevel=696531864679532034919979251200881,47406819852170807613486806879990,218620138892645155286800249901443,287477763180518087286275037723076,887243771386204747508092376253257&printFields=documentID,title,documenttype,renderlink,matchscore,description,contentupdatedate,language,disclosurelevel,store,docsource,documenttypedetails,topics,categorizations&store=docstore,supportagentstore,udp-content-default&product=6627588 OR 501585 OR 6944198 OR 5223305&categorizationIds=162879258009672812079598025741817,29175471122742644821080,393367071124511053150675347835559&documentTypes=Advisory,Agent%20Reference,Agent%20Resource%20Center,Bulletin,Concept%20Content,Notice,Product%20Change%20Notification,Security%20Bulletin,Service,Support,Support%20Information&clientId=WCC"  	[MsgId: MERR-26627]
End auto log messages stack.	[MsgId: MMSG-10544]


Start auto log messages stack - Iteration 214.	[MsgId: MMSG-10545]
kaas_DocSearchUDPES_ProductContext.c(6): Warning -26594: The header being added may cause unpredictable results if applied to ALL the URLs generated on behalf of the next script function. It will apply to the primary URL only.  	[MsgId: MWAR-26594]
kaas_DocSearchUDPES_ProductContext.c(6): web_add_header("Content-Type") highest severity level was "warning"  	[MsgId: MMSG-26391]
kaas_DocSearchUDPES_ProductContext.c(7): web_add_header("accessToken") started  	[MsgId: MMSG-26355]
kaas_DocSearchUDPES_ProductContext.c(7): web_add_header("accessToken") was successful  	[MsgId: MMSG-26392]
kaas_DocSearchUDPES_ProductContext.c(9): web_custom_request("web_custom_request") started  	[MsgId: MMSG-26355]
kaas_DocSearchUDPES_ProductContext.c(9): Error -26627: HTTP Status-Code=404 (Not Found) for "https://hx9ekpvvbi.execute-api.us-east-1.amazonaws.com/KaaS-ITG/v2/search?q=*&resultLimit=10&resultStart=0&countryCode=us&languageCode=en&disclosureLevel=696531864679532034919979251200881,47406819852170807613486806879990,218620138892645155286800249901443,287477763180518087286275037723076,887243771386204747508092376253257&printFields=documentID,title,documenttype,renderlink,matchscore,description,contentupdatedate,language,disclosurelevel,store,docsource,documenttypedetails,topics,categorizations&store=docstore,supportagentstore,udp-content-default&product=3962828 OR 3884606 OR 4217179 OR 7234912&categorizationIds=162879258009672812079598025741817,29175471122742644821080,393367071124511053150675347835559&documentTypes=Advisory,Agent%20Reference,Agent%20Resource%20Center,Bulletin,Concept%20Content,Notice,Product%20Change%20Notification,Security%20Bulletin,Service,Support,Support%20Information&clientId=WCC"  	[MsgId: MERR-26627]
End auto log messages stack.	[MsgId: MMSG-10544]


Start auto log messages stack - Iteration 266.	[MsgId: MMSG-10545]
kaas_DocSearchUDPES_ProductContext.c(6): Warning -26594: The header being added may cause unpredictable results if applied to ALL the URLs generated on behalf of the next script function. It will apply to the primary URL only.  	[MsgId: MWAR-26594]
kaas_DocSearchUDPES_ProductContext.c(6): web_add_header("Content-Type") highest severity level was "warning"  	[MsgId: MMSG-26391]
kaas_DocSearchUDPES_ProductContext.c(7): web_add_header("accessToken") started  	[MsgId: MMSG-26355]
kaas_DocSearchUDPES_ProductContext.c(7): web_add_header("accessToken") was successful  	[MsgId: MMSG-26392]
kaas_DocSearchUDPES_ProductContext.c(9): web_custom_request("web_custom_request") started  	[MsgId: MMSG-26355]
kaas_DocSearchUDPES_ProductContext.c(9): Error -26627: HTTP Status-Code=404 (Not Found) for "https://hx9ekpvvbi.execute-api.us-east-1.amazonaws.com/KaaS-ITG/v2/search?q=*&resultLimit=10&resultStart=0&countryCode=us&languageCode=en&disclosureLevel=696531864679532034919979251200881,47406819852170807613486806879990,218620138892645155286800249901443,287477763180518087286275037723076,887243771386204747508092376253257&printFields=documentID,title,documenttype,renderlink,matchscore,description,contentupdatedate,language,disclosurelevel,store,docsource,documenttypedetails,topics,categorizations&store=docstore,supportagentstore,udp-content-default&product=8485409 OR 6627588 OR 501585 OR 6944198&categorizationIds=162879258009672812079598025741817,29175471122742644821080,393367071124511053150675347835559&documentTypes=Advisory,Agent%20Reference,Agent%20Resource%20Center,Bulletin,Concept%20Content,Notice,Product%20Change%20Notification,Security%20Bulletin,Service,Support,Support%20Information&clientId=WCC"  	[MsgId: MERR-26627]
End auto log messages stack.	[MsgId: MMSG-10544]


Start auto log messages stack - Iteration 370.	[MsgId: MMSG-10545]
kaas_DocSearchUDPES_ProductContext.c(6): Warning -26594: The header being added may cause unpredictable results if applied to ALL the URLs generated on behalf of the next script function. It will apply to the primary URL only.  	[MsgId: MWAR-26594]
kaas_DocSearchUDPES_ProductContext.c(6): web_add_header("Content-Type") highest severity level was "warning"  	[MsgId: MMSG-26391]
kaas_DocSearchUDPES_ProductContext.c(7): web_add_header("accessToken") started  	[MsgId: MMSG-26355]
kaas_DocSearchUDPES_ProductContext.c(7): web_add_header("accessToken") was successful  	[MsgId: MMSG-26392]
kaas_DocSearchUDPES_ProductContext.c(9): web_custom_request("web_custom_request") started  	[MsgId: MMSG-26355]
kaas_DocSearchUDPES_ProductContext.c(9): Error -26627: HTTP Status-Code=404 (Not Found) for "https://hx9ekpvvbi.execute-api.us-east-1.amazonaws.com/KaaS-ITG/v2/search?q=*&resultLimit=10&resultStart=0&countryCode=us&languageCode=en&disclosureLevel=696531864679532034919979251200881,47406819852170807613486806879990,218620138892645155286800249901443,287477763180518087286275037723076,887243771386204747508092376253257&printFields=documentID,title,documenttype,renderlink,matchscore,description,contentupdatedate,language,disclosurelevel,store,docsource,documenttypedetails,topics,categorizations&store=docstore,supportagentstore,udp-content-default&product=5058852 OR 3370383 OR 8485409 OR 6627588&categorizationIds=162879258009672812079598025741817,29175471122742644821080,393367071124511053150675347835559&documentTypes=Advisory,Agent%20Reference,Agent%20Resource%20Center,Bulletin,Concept%20Content,Notice,Product%20Change%20Notification,Security%20Bulletin,Service,Support,Support%20Information&clientId=WCC"  	[MsgId: MERR-26627]
End auto log messages stack.	[MsgId: MMSG-10544]


Start auto log messages stack - Iteration 432.	[MsgId: MMSG-10545]
kaas_DocSearchUDPES_ProductContext.c(6): Warning -26594: The header being added may cause unpredictable results if applied to ALL the URLs generated on behalf of the next script function. It will apply to the primary URL only.  	[MsgId: MWAR-26594]
kaas_DocSearchUDPES_ProductContext.c(6): web_add_header("Content-Type") highest severity level was "warning"  	[MsgId: MMSG-26391]
kaas_DocSearchUDPES_ProductContext.c(7): web_add_header("accessToken") started  	[MsgId: MMSG-26355]
kaas_DocSearchUDPES_ProductContext.c(7): web_add_header("accessToken") was successful  	[MsgId: MMSG-26392]
kaas_DocSearchUDPES_ProductContext.c(9): web_custom_request("web_custom_request") started  	[MsgId: MMSG-26355]
kaas_DocSearchUDPES_ProductContext.c(9): Error -26627: HTTP Status-Code=404 (Not Found) for "https://hx9ekpvvbi.execute-api.us-east-1.amazonaws.com/KaaS-ITG/v2/search?q=*&resultLimit=10&resultStart=0&countryCode=us&languageCode=en&disclosureLevel=696531864679532034919979251200881,47406819852170807613486806879990,218620138892645155286800249901443,287477763180518087286275037723076,887243771386204747508092376253257&printFields=documentID,title,documenttype,renderlink,matchscore,description,contentupdatedate,language,disclosurelevel,store,docsource,documenttypedetails,topics,categorizations&store=docstore,supportagentstore,udp-content-default&product=3370383 OR 8485409 OR 6627588 OR 501585&categorizationIds=162879258009672812079598025741817,29175471122742644821080,393367071124511053150675347835559&documentTypes=Advisory,Agent%20Reference,Agent%20Resource%20Center,Bulletin,Concept%20Content,Notice,Product%20Change%20Notification,Security%20Bulletin,Service,Support,Support%20Information&clientId=WCC"  	[MsgId: MERR-26627]
End auto log messages stack.	[MsgId: MMSG-10544]


Start auto log messages stack - Iteration 397.	[MsgId: MMSG-10545]
kaas_DocSearchUDPES_ProductContext.c(6): web_add_header("Content-Type") highest severity level was "warning"  	[MsgId: MMSG-26391]
kaas_DocSearchUDPES_ProductContext.c(7): web_add_header("accessToken") started  	[MsgId: MMSG-26355]
kaas_DocSearchUDPES_ProductContext.c(7): web_add_header("accessToken") was successful  	[MsgId: MMSG-26392]
kaas_DocSearchUDPES_ProductContext.c(9): web_custom_request("web_custom_request") started  	[MsgId: MMSG-26355]
kaas_DocSearchUDPES_ProductContext.c(9): Connection to hx9ekpvvbi.execute-api.us-east-1.amazonaws.com:443 closed after being inactive for 61 seconds, exceeding the "HTTP Keep-Alive timeout" Runtime Setting (60 seconds). URL="[None]"  	[MsgId: MMSG-27648]
kaas_DocSearchUDPES_ProductContext.c(9): Error -26627: HTTP Status-Code=404 (Not Found) for "https://hx9ekpvvbi.execute-api.us-east-1.amazonaws.com/KaaS-ITG/v2/search?q=*&resultLimit=10&resultStart=0&countryCode=us&languageCode=en&disclosureLevel=696531864679532034919979251200881,47406819852170807613486806879990,218620138892645155286800249901443,287477763180518087286275037723076,887243771386204747508092376253257&printFields=documentID,title,documenttype,renderlink,matchscore,description,contentupdatedate,language,disclosurelevel,store,docsource,documenttypedetails,topics,categorizations&store=docstore,supportagentstore,udp-content-default&product=8485409 OR 6627588 OR 501585 OR 6944198&categorizationIds=162879258009672812079598025741817,29175471122742644821080,393367071124511053150675347835559&documentTypes=Advisory,Agent%20Reference,Agent%20Resource%20Center,Bulletin,Concept%20Content,Notice,Product%20Change%20Notification,Security%20Bulletin,Service,Support,Support%20Information&clientId=WCC"  	[MsgId: MERR-26627]
End auto log messages stack.	[MsgId: MMSG-10544]


Start auto log messages stack - Iteration 388.	[MsgId: MMSG-10545]
kaas_DocSearchUDPES_ProductContext.c(6): Warning -26594: The header being added may cause unpredictable results if applied to ALL the URLs generated on behalf of the next script function. It will apply to the primary URL only.  	[MsgId: MWAR-26594]
kaas_DocSearchUDPES_ProductContext.c(6): web_add_header("Content-Type") highest severity level was "warning"  	[MsgId: MMSG-26391]
kaas_DocSearchUDPES_ProductContext.c(7): web_add_header("accessToken") started  	[MsgId: MMSG-26355]
kaas_DocSearchUDPES_ProductContext.c(7): web_add_header("accessToken") was successful  	[MsgId: MMSG-26392]
kaas_DocSearchUDPES_ProductContext.c(9): web_custom_request("web_custom_request") started  	[MsgId: MMSG-26355]
kaas_DocSearchUDPES_ProductContext.c(9): Error -26627: HTTP Status-Code=404 (Not Found) for "https://hx9ekpvvbi.execute-api.us-east-1.amazonaws.com/KaaS-ITG/v2/search?q=*&resultLimit=10&resultStart=0&countryCode=us&languageCode=en&disclosureLevel=696531864679532034919979251200881,47406819852170807613486806879990,218620138892645155286800249901443,287477763180518087286275037723076,887243771386204747508092376253257&printFields=documentID,title,documenttype,renderlink,matchscore,description,contentupdatedate,language,disclosurelevel,store,docsource,documenttypedetails,topics,categorizations&store=docstore,supportagentstore,udp-content-default&product=3962828 OR 3884606 OR 4217179 OR 7234912&categorizationIds=162879258009672812079598025741817,29175471122742644821080,393367071124511053150675347835559&documentTypes=Advisory,Agent%20Reference,Agent%20Resource%20Center,Bulletin,Concept%20Content,Notice,Product%20Change%20Notification,Security%20Bulletin,Service,Support,Support%20Information&clientId=WCC"  	[MsgId: MERR-26627]
End auto log messages stack.	[MsgId: MMSG-10544]


Start auto log messages stack - Iteration 435.	[MsgId: MMSG-10545]
kaas_DocSearchUDPES_ProductContext.c(6): Warning -26594: The header being added may cause unpredictable results if applied to ALL the URLs generated on behalf of the next script function. It will apply to the primary URL only.  	[MsgId: MWAR-26594]
kaas_DocSearchUDPES_ProductContext.c(6): web_add_header("Content-Type") highest severity level was "warning"  	[MsgId: MMSG-26391]
kaas_DocSearchUDPES_ProductContext.c(7): web_add_header("accessToken") started  	[MsgId: MMSG-26355]
kaas_DocSearchUDPES_ProductContext.c(7): web_add_header("accessToken") was successful  	[MsgId: MMSG-26392]
kaas_DocSearchUDPES_ProductContext.c(9): web_custom_request("web_custom_request") started  	[MsgId: MMSG-26355]
kaas_DocSearchUDPES_ProductContext.c(9): Error -26627: HTTP Status-Code=404 (Not Found) for "https://hx9ekpvvbi.execute-api.us-east-1.amazonaws.com/KaaS-ITG/v2/search?q=*&resultLimit=10&resultStart=0&countryCode=us&languageCode=en&disclosureLevel=696531864679532034919979251200881,47406819852170807613486806879990,218620138892645155286800249901443,287477763180518087286275037723076,887243771386204747508092376253257&printFields=documentID,title,documenttype,renderlink,matchscore,description,contentupdatedate,language,disclosurelevel,store,docsource,documenttypedetails,topics,categorizations&store=docstore,supportagentstore,udp-content-default&product=5058852 OR 3370383 OR 8485409 OR 6627588&categorizationIds=162879258009672812079598025741817,29175471122742644821080,393367071124511053150675347835559&documentTypes=Advisory,Agent%20Reference,Agent%20Resource%20Center,Bulletin,Concept%20Content,Notice,Product%20Change%20Notification,Security%20Bulletin,Service,Support,Support%20Information&clientId=WCC"  	[MsgId: MERR-26627]
End auto log messages stack.	[MsgId: MMSG-10544]


Start auto log messages stack - Iteration 515.	[MsgId: MMSG-10545]
kaas_DocSearchUDPES_ProductContext.c(6): Warning -26594: The header being added may cause unpredictable results if applied to ALL the URLs generated on behalf of the next script function. It will apply to the primary URL only.  	[MsgId: MWAR-26594]
kaas_DocSearchUDPES_ProductContext.c(6): web_add_header("Content-Type") highest severity level was "warning"  	[MsgId: MMSG-26391]
kaas_DocSearchUDPES_ProductContext.c(7): web_add_header("accessToken") started  	[MsgId: MMSG-26355]
kaas_DocSearchUDPES_ProductContext.c(7): web_add_header("accessToken") was successful  	[MsgId: MMSG-26392]
kaas_DocSearchUDPES_ProductContext.c(9): web_custom_request("web_custom_request") started  	[MsgId: MMSG-26355]
kaas_DocSearchUDPES_ProductContext.c(9): Error -26627: HTTP Status-Code=404 (Not Found) for "https://hx9ekpvvbi.execute-api.us-east-1.amazonaws.com/KaaS-ITG/v2/search?q=*&resultLimit=10&resultStart=0&countryCode=us&languageCode=en&disclosureLevel=696531864679532034919979251200881,47406819852170807613486806879990,218620138892645155286800249901443,287477763180518087286275037723076,887243771386204747508092376253257&printFields=documentID,title,documenttype,renderlink,matchscore,description,contentupdatedate,language,disclosurelevel,store,docsource,documenttypedetails,topics,categorizations&store=docstore,supportagentstore,udp-content-default&product=8485409 OR 6627588 OR 6944198 OR 5223305 OR 3962828 OR 3884606 OR 4217179 OR 7234912&categorizationIds=162879258009672812079598025741817,29175471122742644821080,393367071124511053150675347835559&documentTypes=Advisory,Agent%20Reference,Agent%20Resource%20Center,Bulletin,Concept%20Content,Notice,Product%20Change%20Notification,Security%20Bulletin,Service,Support,Support%20Information&clientId=WCC"  	[MsgId: MERR-26627]
End auto log messages stack.	[MsgId: MMSG-10544]


Start auto log messages stack - Iteration 460.	[MsgId: MMSG-10545]
kaas_DocSearchUDPES_ProductContext.c(6): Warning -26594: The header being added may cause unpredictable results if applied to ALL the URLs generated on behalf of the next script function. It will apply to the primary URL only.  	[MsgId: MWAR-26594]
kaas_DocSearchUDPES_ProductContext.c(6): web_add_header("Content-Type") highest severity level was "warning"  	[MsgId: MMSG-26391]
kaas_DocSearchUDPES_ProductContext.c(7): web_add_header("accessToken") started  	[MsgId: MMSG-26355]
kaas_DocSearchUDPES_ProductContext.c(7): web_add_header("accessToken") was successful  	[MsgId: MMSG-26392]
kaas_DocSearchUDPES_ProductContext.c(9): web_custom_request("web_custom_request") started  	[MsgId: MMSG-26355]
kaas_DocSearchUDPES_ProductContext.c(9): Error -26627: HTTP Status-Code=404 (Not Found) for "https://hx9ekpvvbi.execute-api.us-east-1.amazonaws.com/KaaS-ITG/v2/search?q=*&resultLimit=10&resultStart=0&countryCode=us&languageCode=en&disclosureLevel=696531864679532034919979251200881,47406819852170807613486806879990,218620138892645155286800249901443,287477763180518087286275037723076,887243771386204747508092376253257&printFields=documentID,title,documenttype,renderlink,matchscore,description,contentupdatedate,language,disclosurelevel,store,docsource,documenttypedetails,topics,categorizations&store=docstore,supportagentstore,udp-content-default&product=6944198 OR 5223305 OR 3962828 OR 3884606&categorizationIds=162879258009672812079598025741817,29175471122742644821080,393367071124511053150675347835559&documentTypes=Advisory,Agent%20Reference,Agent%20Resource%20Center,Bulletin,Concept%20Content,Notice,Product%20Change%20Notification,Security%20Bulletin,Service,Support,Support%20Information&clientId=WCC"  	[MsgId: MERR-26627]
End auto log messages stack.	[MsgId: MMSG-10544]


Start auto log messages stack - Iteration 520.	[MsgId: MMSG-10545]
kaas_DocSearchUDPES_ProductContext.c(6): Warning -26594: The header being added may cause unpredictable results if applied to ALL the URLs generated on behalf of the next script function. It will apply to the primary URL only.  	[MsgId: MWAR-26594]
kaas_DocSearchUDPES_ProductContext.c(6): web_add_header("Content-Type") highest severity level was "warning"  	[MsgId: MMSG-26391]
kaas_DocSearchUDPES_ProductContext.c(7): web_add_header("accessToken") started  	[MsgId: MMSG-26355]
kaas_DocSearchUDPES_ProductContext.c(7): web_add_header("accessToken") was successful  	[MsgId: MMSG-26392]
kaas_DocSearchUDPES_ProductContext.c(9): web_custom_request("web_custom_request") started  	[MsgId: MMSG-26355]
kaas_DocSearchUDPES_ProductContext.c(9): Error -26627: HTTP Status-Code=404 (Not Found) for "https://hx9ekpvvbi.execute-api.us-east-1.amazonaws.com/KaaS-ITG/v2/search?q=*&resultLimit=10&resultStart=0&countryCode=us&languageCode=en&disclosureLevel=696531864679532034919979251200881,47406819852170807613486806879990,218620138892645155286800249901443,287477763180518087286275037723076,887243771386204747508092376253257&printFields=documentID,title,documenttype,renderlink,matchscore,description,contentupdatedate,language,disclosurelevel,store,docsource,documenttypedetails,topics,categorizations&store=docstore,supportagentstore,udp-content-default&product=5058852 OR 3370383 OR 8485409 OR 6627588&categorizationIds=162879258009672812079598025741817,29175471122742644821080,393367071124511053150675347835559&documentTypes=Advisory,Agent%20Reference,Agent%20Resource%20Center,Bulletin,Concept%20Content,Notice,Product%20Change%20Notification,Security%20Bulletin,Service,Support,Support%20Information&clientId=WCC"  	[MsgId: MERR-26627]
End auto log messages stack.	[MsgId: MMSG-10544]


Start auto log messages stack - Iteration 508.	[MsgId: MMSG-10545]
kaas_DocSearchUDPES_ProductContext.c(6): Warning -26594: The header being added may cause unpredictable results if applied to ALL the URLs generated on behalf of the next script function. It will apply to the primary URL only.  	[MsgId: MWAR-26594]
kaas_DocSearchUDPES_ProductContext.c(6): web_add_header("Content-Type") highest severity level was "warning"  	[MsgId: MMSG-26391]
kaas_DocSearchUDPES_ProductContext.c(7): web_add_header("accessToken") started  	[MsgId: MMSG-26355]
kaas_DocSearchUDPES_ProductContext.c(7): web_add_header("accessToken") was successful  	[MsgId: MMSG-26392]
kaas_DocSearchUDPES_ProductContext.c(9): web_custom_request("web_custom_request") started  	[MsgId: MMSG-26355]
kaas_DocSearchUDPES_ProductContext.c(9): Error -26627: HTTP Status-Code=404 (Not Found) for "https://hx9ekpvvbi.execute-api.us-east-1.amazonaws.com/KaaS-ITG/v2/search?q=*&resultLimit=10&resultStart=0&countryCode=us&languageCode=en&disclosureLevel=696531864679532034919979251200881,47406819852170807613486806879990,218620138892645155286800249901443,287477763180518087286275037723076,887243771386204747508092376253257&printFields=documentID,title,documenttype,renderlink,matchscore,description,contentupdatedate,language,disclosurelevel,store,docsource,documenttypedetails,topics,categorizations&store=docstore,supportagentstore,udp-content-default&product=3370383 OR 8485409 OR 6627588 OR 501585&categorizationIds=162879258009672812079598025741817,29175471122742644821080,393367071124511053150675347835559&documentTypes=Advisory,Agent%20Reference,Agent%20Resource%20Center,Bulletin,Concept%20Content,Notice,Product%20Change%20Notification,Security%20Bulletin,Service,Support,Support%20Information&clientId=WCC"  	[MsgId: MERR-26627]
End auto log messages stack.	[MsgId: MMSG-10544]


Start auto log messages stack - Iteration 549.	[MsgId: MMSG-10545]
kaas_DocSearchUDPES_ProductContext.c(6): Warning -26594: The header being added may cause unpredictable results if applied to ALL the URLs generated on behalf of the next script function. It will apply to the primary URL only.  	[MsgId: MWAR-26594]
kaas_DocSearchUDPES_ProductContext.c(6): web_add_header("Content-Type") highest severity level was "warning"  	[MsgId: MMSG-26391]
kaas_DocSearchUDPES_ProductContext.c(7): web_add_header("accessToken") started  	[MsgId: MMSG-26355]
kaas_DocSearchUDPES_ProductContext.c(7): web_add_header("accessToken") was successful  	[MsgId: MMSG-26392]
kaas_DocSearchUDPES_ProductContext.c(9): web_custom_request("web_custom_request") started  	[MsgId: MMSG-26355]
kaas_DocSearchUDPES_ProductContext.c(9): Error -26627: HTTP Status-Code=404 (Not Found) for "https://hx9ekpvvbi.execute-api.us-east-1.amazonaws.com/KaaS-ITG/v2/search?q=*&resultLimit=10&resultStart=0&countryCode=us&languageCode=en&disclosureLevel=696531864679532034919979251200881,47406819852170807613486806879990,218620138892645155286800249901443,287477763180518087286275037723076,887243771386204747508092376253257&printFields=documentID,title,documenttype,renderlink,matchscore,description,contentupdatedate,language,disclosurelevel,store,docsource,documenttypedetails,topics,categorizations&store=docstore,supportagentstore,udp-content-default&product=5223305 OR 3962828 OR 3884606 OR 4217179&categorizationIds=162879258009672812079598025741817,29175471122742644821080,393367071124511053150675347835559&documentTypes=Advisory,Agent%20Reference,Agent%20Resource%20Center,Bulletin,Concept%20Content,Notice,Product%20Change%20Notification,Security%20Bulletin,Service,Support,Support%20Information&clientId=WCC"  	[MsgId: MERR-26627]
End auto log messages stack.	[MsgId: MMSG-10544]


Start auto log messages stack - Iteration 588.	[MsgId: MMSG-10545]
kaas_DocSearchUDPES_ProductContext.c(6): Warning -26594: The header being added may cause unpredictable results if applied to ALL the URLs generated on behalf of the next script function. It will apply to the primary URL only.  	[MsgId: MWAR-26594]
kaas_DocSearchUDPES_ProductContext.c(6): web_add_header("Content-Type") highest severity level was "warning"  	[MsgId: MMSG-26391]
kaas_DocSearchUDPES_ProductContext.c(7): web_add_header("accessToken") started  	[MsgId: MMSG-26355]
kaas_DocSearchUDPES_ProductContext.c(7): web_add_header("accessToken") was successful  	[MsgId: MMSG-26392]
kaas_DocSearchUDPES_ProductContext.c(9): web_custom_request("web_custom_request") started  	[MsgId: MMSG-26355]
kaas_DocSearchUDPES_ProductContext.c(9): Error -26627: HTTP Status-Code=404 (Not Found) for "https://hx9ekpvvbi.execute-api.us-east-1.amazonaws.com/KaaS-ITG/v2/search?q=*&resultLimit=10&resultStart=0&countryCode=us&languageCode=en&disclosureLevel=696531864679532034919979251200881,47406819852170807613486806879990,218620138892645155286800249901443,287477763180518087286275037723076,887243771386204747508092376253257&printFields=documentID,title,documenttype,renderlink,matchscore,description,contentupdatedate,language,disclosurelevel,store,docsource,documenttypedetails,topics,categorizations&store=docstore,supportagentstore,udp-content-default&product=4217179 OR 7234912 OR 5058852 OR 3370383&categorizationIds=162879258009672812079598025741817,29175471122742644821080,393367071124511053150675347835559&documentTypes=Advisory,Agent%20Reference,Agent%20Resource%20Center,Bulletin,Concept%20Content,Notice,Product%20Change%20Notification,Security%20Bulletin,Service,Support,Support%20Information&clientId=WCC"  	[MsgId: MERR-26627]
End auto log messages stack.	[MsgId: MMSG-10544]


Start auto log messages stack - Iteration 590.	[MsgId: MMSG-10545]
kaas_DocSearchUDPES_ProductContext.c(6): Warning -26594: The header being added may cause unpredictable results if applied to ALL the URLs generated on behalf of the next script function. It will apply to the primary URL only.  	[MsgId: MWAR-26594]
kaas_DocSearchUDPES_ProductContext.c(6): web_add_header("Content-Type") highest severity level was "warning"  	[MsgId: MMSG-26391]
kaas_DocSearchUDPES_ProductContext.c(7): web_add_header("accessToken") started  	[MsgId: MMSG-26355]
kaas_DocSearchUDPES_ProductContext.c(7): web_add_header("accessToken") was successful  	[MsgId: MMSG-26392]
kaas_DocSearchUDPES_ProductContext.c(9): web_custom_request("web_custom_request") started  	[MsgId: MMSG-26355]
kaas_DocSearchUDPES_ProductContext.c(9): Error -26627: HTTP Status-Code=404 (Not Found) for "https://hx9ekpvvbi.execute-api.us-east-1.amazonaws.com/KaaS-ITG/v2/search?q=*&resultLimit=10&resultStart=0&countryCode=us&languageCode=en&disclosureLevel=696531864679532034919979251200881,47406819852170807613486806879990,218620138892645155286800249901443,287477763180518087286275037723076,887243771386204747508092376253257&printFields=documentID,title,documenttype,renderlink,matchscore,description,contentupdatedate,language,disclosurelevel,store,docsource,documenttypedetails,topics,categorizations&store=docstore,supportagentstore,udp-content-default&product=6771913,12004,9364937,9364939,10304235,9364972,18972,238445&categorizationIds=162879258009672812079598025741817,29175471122742644821080,393367071124511053150675347835559&documentTypes=Advisory,Agent%20Reference,Agent%20Resource%20Center,Bulletin,Concept%20Content,Notice,Product%20Change%20Notification,Security%20Bulletin,Service,Support,Support%20Information&clientId=WCC"  	[MsgId: MERR-26627]
End auto log messages stack.	[MsgId: MMSG-10544]


Start auto log messages stack - Iteration 545.	[MsgId: MMSG-10545]
kaas_DocSearchUDPES_ProductContext.c(6): Warning -26594: The header being added may cause unpredictable results if applied to ALL the URLs generated on behalf of the next script function. It will apply to the primary URL only.  	[MsgId: MWAR-26594]
kaas_DocSearchUDPES_ProductContext.c(6): web_add_header("Content-Type") highest severity level was "warning"  	[MsgId: MMSG-26391]
kaas_DocSearchUDPES_ProductContext.c(7): web_add_header("accessToken") started  	[MsgId: MMSG-26355]
kaas_DocSearchUDPES_ProductContext.c(7): web_add_header("accessToken") was successful  	[MsgId: MMSG-26392]
kaas_DocSearchUDPES_ProductContext.c(9): web_custom_request("web_custom_request") started  	[MsgId: MMSG-26355]
kaas_DocSearchUDPES_ProductContext.c(9): Error -26627: HTTP Status-Code=404 (Not Found) for "https://hx9ekpvvbi.execute-api.us-east-1.amazonaws.com/KaaS-ITG/v2/search?q=*&resultLimit=10&resultStart=0&countryCode=us&languageCode=en&disclosureLevel=696531864679532034919979251200881,47406819852170807613486806879990,218620138892645155286800249901443,287477763180518087286275037723076,887243771386204747508092376253257&printFields=documentID,title,documenttype,renderlink,matchscore,description,contentupdatedate,language,disclosurelevel,store,docsource,documenttypedetails,topics,categorizations&store=docstore,supportagentstore,udp-content-default&product=7234912 OR 5058852 OR 3370383 OR 8485409&categorizationIds=162879258009672812079598025741817,29175471122742644821080,393367071124511053150675347835559&documentTypes=Advisory,Agent%20Reference,Agent%20Resource%20Center,Bulletin,Concept%20Content,Notice,Product%20Change%20Notification,Security%20Bulletin,Service,Support,Support%20Information&clientId=WCC"  	[MsgId: MERR-26627]
End auto log messages stack.	[MsgId: MMSG-10544]


Start auto log messages stack - Iteration 544.	[MsgId: MMSG-10545]
kaas_DocSearchUDPES_ProductContext.c(6): Warning -26594: The header being added may cause unpredictable results if applied to ALL the URLs generated on behalf of the next script function. It will apply to the primary URL only.  	[MsgId: MWAR-26594]
kaas_DocSearchUDPES_ProductContext.c(6): web_add_header("Content-Type") highest severity level was "warning"  	[MsgId: MMSG-26391]
kaas_DocSearchUDPES_ProductContext.c(7): web_add_header("accessToken") started  	[MsgId: MMSG-26355]
kaas_DocSearchUDPES_ProductContext.c(7): web_add_header("accessToken") was successful  	[MsgId: MMSG-26392]
kaas_DocSearchUDPES_ProductContext.c(9): web_custom_request("web_custom_request") started  	[MsgId: MMSG-26355]
kaas_DocSearchUDPES_ProductContext.c(9): Error -26627: HTTP Status-Code=404 (Not Found) for "https://hx9ekpvvbi.execute-api.us-east-1.amazonaws.com/KaaS-ITG/v2/search?q=*&resultLimit=10&resultStart=0&countryCode=us&languageCode=en&disclosureLevel=696531864679532034919979251200881,47406819852170807613486806879990,218620138892645155286800249901443,287477763180518087286275037723076,887243771386204747508092376253257&printFields=documentID,title,documenttype,renderlink,matchscore,description,contentupdatedate,language,disclosurelevel,store,docsource,documenttypedetails,topics,categorizations&store=docstore,supportagentstore,udp-content-default&product=6771913,12004,9364937,9364939,10304235,9364972,18972,238445&categorizationIds=162879258009672812079598025741817,29175471122742644821080,393367071124511053150675347835559&documentTypes=Advisory,Agent%20Reference,Agent%20Resource%20Center,Bulletin,Concept%20Content,Notice,Product%20Change%20Notification,Security%20Bulletin,Service,Support,Support%20Information&clientId=WCC"  	[MsgId: MERR-26627]
End auto log messages stack.	[MsgId: MMSG-10544]


Start auto log messages stack - Iteration 621.	[MsgId: MMSG-10545]
kaas_DocSearchUDPES_ProductContext.c(6): Warning -26594: The header being added may cause unpredictable results if applied to ALL the URLs generated on behalf of the next script function. It will apply to the primary URL only.  	[MsgId: MWAR-26594]
kaas_DocSearchUDPES_ProductContext.c(6): web_add_header("Content-Type") highest severity level was "warning"  	[MsgId: MMSG-26391]
kaas_DocSearchUDPES_ProductContext.c(7): web_add_header("accessToken") started  	[MsgId: MMSG-26355]
kaas_DocSearchUDPES_ProductContext.c(7): web_add_header("accessToken") was successful  	[MsgId: MMSG-26392]
kaas_DocSearchUDPES_ProductContext.c(9): web_custom_request("web_custom_request") started  	[MsgId: MMSG-26355]
kaas_DocSearchUDPES_ProductContext.c(9): Error -26627: HTTP Status-Code=404 (Not Found) for "https://hx9ekpvvbi.execute-api.us-east-1.amazonaws.com/KaaS-ITG/v2/search?q=*&resultLimit=10&resultStart=0&countryCode=us&languageCode=en&disclosureLevel=696531864679532034919979251200881,47406819852170807613486806879990,218620138892645155286800249901443,287477763180518087286275037723076,887243771386204747508092376253257&printFields=documentID,title,documenttype,renderlink,matchscore,description,contentupdatedate,language,disclosurelevel,store,docsource,documenttypedetails,topics,categorizations&store=docstore,supportagentstore,udp-content-default&product=5058852 OR 3370383 OR 8485409 OR 6627588&categorizationIds=162879258009672812079598025741817,29175471122742644821080,393367071124511053150675347835559&documentTypes=Advisory,Agent%20Reference,Agent%20Resource%20Center,Bulletin,Concept%20Content,Notice,Product%20Change%20Notification,Security%20Bulletin,Service,Support,Support%20Information&clientId=WCC"  	[MsgId: MERR-26627]
End auto log messages stack.	[MsgId: MMSG-10544]


Start auto log messages stack - Iteration 615.	[MsgId: MMSG-10545]
kaas_DocSearchUDPES_ProductContext.c(6): web_add_header("Content-Type") highest severity level was "warning"  	[MsgId: MMSG-26391]
kaas_DocSearchUDPES_ProductContext.c(7): web_add_header("accessToken") started  	[MsgId: MMSG-26355]
kaas_DocSearchUDPES_ProductContext.c(7): web_add_header("accessToken") was successful  	[MsgId: MMSG-26392]
kaas_DocSearchUDPES_ProductContext.c(9): web_custom_request("web_custom_request") started  	[MsgId: MMSG-26355]
kaas_DocSearchUDPES_ProductContext.c(9): Connection to hx9ekpvvbi.execute-api.us-east-1.amazonaws.com:443 closed after being inactive for 63 seconds, exceeding the "HTTP Keep-Alive timeout" Runtime Setting (60 seconds). URL="[None]"  	[MsgId: MMSG-27648]
kaas_DocSearchUDPES_ProductContext.c(9): Error -26627: HTTP Status-Code=404 (Not Found) for "https://hx9ekpvvbi.execute-api.us-east-1.amazonaws.com/KaaS-ITG/v2/search?q=*&resultLimit=10&resultStart=0&countryCode=us&languageCode=en&disclosureLevel=696531864679532034919979251200881,47406819852170807613486806879990,218620138892645155286800249901443,287477763180518087286275037723076,887243771386204747508092376253257&printFields=documentID,title,documenttype,renderlink,matchscore,description,contentupdatedate,language,disclosurelevel,store,docsource,documenttypedetails,topics,categorizations&store=docstore,supportagentstore,udp-content-default&product=5058852 OR 3370383 OR 8485409 OR 6627588&categorizationIds=162879258009672812079598025741817,29175471122742644821080,393367071124511053150675347835559&documentTypes=Advisory,Agent%20Reference,Agent%20Resource%20Center,Bulletin,Concept%20Content,Notice,Product%20Change%20Notification,Security%20Bulletin,Service,Support,Support%20Information&clientId=WCC"  	[MsgId: MERR-26627]
End auto log messages stack.	[MsgId: MMSG-10544]


Start auto log messages stack - Iteration 631.	[MsgId: MMSG-10545]
kaas_DocSearchUDPES_ProductContext.c(6): Warning -26594: The header being added may cause unpredictable results if applied to ALL the URLs generated on behalf of the next script function. It will apply to the primary URL only.  	[MsgId: MWAR-26594]
kaas_DocSearchUDPES_ProductContext.c(6): web_add_header("Content-Type") highest severity level was "warning"  	[MsgId: MMSG-26391]
kaas_DocSearchUDPES_ProductContext.c(7): web_add_header("accessToken") started  	[MsgId: MMSG-26355]
kaas_DocSearchUDPES_ProductContext.c(7): web_add_header("accessToken") was successful  	[MsgId: MMSG-26392]
kaas_DocSearchUDPES_ProductContext.c(9): web_custom_request("web_custom_request") started  	[MsgId: MMSG-26355]
kaas_DocSearchUDPES_ProductContext.c(9): Error -26627: HTTP Status-Code=404 (Not Found) for "https://hx9ekpvvbi.execute-api.us-east-1.amazonaws.com/KaaS-ITG/v2/search?q=*&resultLimit=10&resultStart=0&countryCode=us&languageCode=en&disclosureLevel=696531864679532034919979251200881,47406819852170807613486806879990,218620138892645155286800249901443,287477763180518087286275037723076,887243771386204747508092376253257&printFields=documentID,title,documenttype,renderlink,matchscore,description,contentupdatedate,language,disclosurelevel,store,docsource,documenttypedetails,topics,categorizations&store=docstore,supportagentstore,udp-content-default&product=5058852 OR 3370383 OR 8485409 OR 6627588&categorizationIds=162879258009672812079598025741817,29175471122742644821080,393367071124511053150675347835559&documentTypes=Advisory,Agent%20Reference,Agent%20Resource%20Center,Bulletin,Concept%20Content,Notice,Product%20Change%20Notification,Security%20Bulletin,Service,Support,Support%20Information&clientId=WCC"  	[MsgId: MERR-26627]
End auto log messages stack.	[MsgId: MMSG-10544]


Start auto log messages stack - Iteration 651.	[MsgId: MMSG-10545]
kaas_DocSearchUDPES_ProductContext.c(6): Warning -26594: The header being added may cause unpredictable results if applied to ALL the URLs generated on behalf of the next script function. It will apply to the primary URL only.  	[MsgId: MWAR-26594]
kaas_DocSearchUDPES_ProductContext.c(6): web_add_header("Content-Type") highest severity level was "warning"  	[MsgId: MMSG-26391]
kaas_DocSearchUDPES_ProductContext.c(7): web_add_header("accessToken") started  	[MsgId: MMSG-26355]
kaas_DocSearchUDPES_ProductContext.c(7): web_add_header("accessToken") was successful  	[MsgId: MMSG-26392]
kaas_DocSearchUDPES_ProductContext.c(9): web_custom_request("web_custom_request") started  	[MsgId: MMSG-26355]
kaas_DocSearchUDPES_ProductContext.c(9): Error -26627: HTTP Status-Code=404 (Not Found) for "https://hx9ekpvvbi.execute-api.us-east-1.amazonaws.com/KaaS-ITG/v2/search?q=*&resultLimit=10&resultStart=0&countryCode=us&languageCode=en&disclosureLevel=696531864679532034919979251200881,47406819852170807613486806879990,218620138892645155286800249901443,287477763180518087286275037723076,887243771386204747508092376253257&printFields=documentID,title,documenttype,renderlink,matchscore,description,contentupdatedate,language,disclosurelevel,store,docsource,documenttypedetails,topics,categorizations&store=docstore,supportagentstore,udp-content-default&product=6944198 OR 5223305 OR 3962828 OR 3884606&categorizationIds=162879258009672812079598025741817,29175471122742644821080,393367071124511053150675347835559&documentTypes=Advisory,Agent%20Reference,Agent%20Resource%20Center,Bulletin,Concept%20Content,Notice,Product%20Change%20Notification,Security%20Bulletin,Service,Support,Support%20Information&clientId=WCC"  	[MsgId: MERR-26627]
End auto log messages stack.	[MsgId: MMSG-10544]


Start auto log messages stack - Iteration 653.	[MsgId: MMSG-10545]
kaas_DocSearchUDPES_ProductContext.c(6): Warning -26594: The header being added may cause unpredictable results if applied to ALL the URLs generated on behalf of the next script function. It will apply to the primary URL only.  	[MsgId: MWAR-26594]
kaas_DocSearchUDPES_ProductContext.c(6): web_add_header("Content-Type") highest severity level was "warning"  	[MsgId: MMSG-26391]
kaas_DocSearchUDPES_ProductContext.c(7): web_add_header("accessToken") started  	[MsgId: MMSG-26355]
kaas_DocSearchUDPES_ProductContext.c(7): web_add_header("accessToken") was successful  	[MsgId: MMSG-26392]
kaas_DocSearchUDPES_ProductContext.c(9): web_custom_request("web_custom_request") started  	[MsgId: MMSG-26355]
kaas_DocSearchUDPES_ProductContext.c(9): Error -26627: HTTP Status-Code=404 (Not Found) for "https://hx9ekpvvbi.execute-api.us-east-1.amazonaws.com/KaaS-ITG/v2/search?q=*&resultLimit=10&resultStart=0&countryCode=us&languageCode=en&disclosureLevel=696531864679532034919979251200881,47406819852170807613486806879990,218620138892645155286800249901443,287477763180518087286275037723076,887243771386204747508092376253257&printFields=documentID,title,documenttype,renderlink,matchscore,description,contentupdatedate,language,disclosurelevel,store,docsource,documenttypedetails,topics,categorizations&store=docstore,supportagentstore,udp-content-default&product=6627588 OR 501585 OR 6944198 OR 5223305&categorizationIds=162879258009672812079598025741817,29175471122742644821080,393367071124511053150675347835559&documentTypes=Advisory,Agent%20Reference,Agent%20Resource%20Center,Bulletin,Concept%20Content,Notice,Product%20Change%20Notification,Security%20Bulletin,Service,Support,Support%20Information&clientId=WCC"  	[MsgId: MERR-26627]
End auto log messages stack.	[MsgId: MMSG-10544]


Start auto log messages stack - Iteration 631.	[MsgId: MMSG-10545]
kaas_DocSearchUDPES_ProductContext.c(6): Warning -26594: The header being added may cause unpredictable results if applied to ALL the URLs generated on behalf of the next script function. It will apply to the primary URL only.  	[MsgId: MWAR-26594]
kaas_DocSearchUDPES_ProductContext.c(6): web_add_header("Content-Type") highest severity level was "warning"  	[MsgId: MMSG-26391]
kaas_DocSearchUDPES_ProductContext.c(7): web_add_header("accessToken") started  	[MsgId: MMSG-26355]
kaas_DocSearchUDPES_ProductContext.c(7): web_add_header("accessToken") was successful  	[MsgId: MMSG-26392]
kaas_DocSearchUDPES_ProductContext.c(9): web_custom_request("web_custom_request") started  	[MsgId: MMSG-26355]
kaas_DocSearchUDPES_ProductContext.c(9): Error -26627: HTTP Status-Code=404 (Not Found) for "https://hx9ekpvvbi.execute-api.us-east-1.amazonaws.com/KaaS-ITG/v2/search?q=*&resultLimit=10&resultStart=0&countryCode=us&languageCode=en&disclosureLevel=696531864679532034919979251200881,47406819852170807613486806879990,218620138892645155286800249901443,287477763180518087286275037723076,887243771386204747508092376253257&printFields=documentID,title,documenttype,renderlink,matchscore,description,contentupdatedate,language,disclosurelevel,store,docsource,documenttypedetails,topics,categorizations&store=docstore,supportagentstore,udp-content-default&product=6944198 OR 5223305 OR 3962828 OR 3884606 OR 4217179 OR 7234912 OR 5058852 OR 3370383&categorizationIds=162879258009672812079598025741817,29175471122742644821080,393367071124511053150675347835559&documentTypes=Advisory,Agent%20Reference,Agent%20Resource%20Center,Bulletin,Concept%20Content,Notice,Product%20Change%20Notification,Security%20Bulletin,Service,Support,Support%20Information&clientId=WCC"  	[MsgId: MERR-26627]
End auto log messages stack.	[MsgId: MMSG-10544]


Start auto log messages stack - Iteration 646.	[MsgId: MMSG-10545]
kaas_DocSearchUDPES_ProductContext.c(6): Warning -26594: The header being added may cause unpredictable results if applied to ALL the URLs generated on behalf of the next script function. It will apply to the primary URL only.  	[MsgId: MWAR-26594]
kaas_DocSearchUDPES_ProductContext.c(6): web_add_header("Content-Type") highest severity level was "warning"  	[MsgId: MMSG-26391]
kaas_DocSearchUDPES_ProductContext.c(7): web_add_header("accessToken") started  	[MsgId: MMSG-26355]
kaas_DocSearchUDPES_ProductContext.c(7): web_add_header("accessToken") was successful  	[MsgId: MMSG-26392]
kaas_DocSearchUDPES_ProductContext.c(9): web_custom_request("web_custom_request") started  	[MsgId: MMSG-26355]
kaas_DocSearchUDPES_ProductContext.c(9): Error -26627: HTTP Status-Code=404 (Not Found) for "https://hx9ekpvvbi.execute-api.us-east-1.amazonaws.com/KaaS-ITG/v2/search?q=*&resultLimit=10&resultStart=0&countryCode=us&languageCode=en&disclosureLevel=696531864679532034919979251200881,47406819852170807613486806879990,218620138892645155286800249901443,287477763180518087286275037723076,887243771386204747508092376253257&printFields=documentID,title,documenttype,renderlink,matchscore,description,contentupdatedate,language,disclosurelevel,store,docsource,documenttypedetails,topics,categorizations&store=docstore,supportagentstore,udp-content-default&product=7234912 OR 5058852 OR 3370383 OR 8485409&categorizationIds=162879258009672812079598025741817,29175471122742644821080,393367071124511053150675347835559&documentTypes=Advisory,Agent%20Reference,Agent%20Resource%20Center,Bulletin,Concept%20Content,Notice,Product%20Change%20Notification,Security%20Bulletin,Service,Support,Support%20Information&clientId=WCC"  	[MsgId: MERR-26627]
End auto log messages stack.	[MsgId: MMSG-10544]


Start auto log messages stack - Iteration 671.	[MsgId: MMSG-10545]
kaas_DocSearchUDPES_ProductContext.c(6): Warning -26594: The header being added may cause unpredictable results if applied to ALL the URLs generated on behalf of the next script function. It will apply to the primary URL only.  	[MsgId: MWAR-26594]
kaas_DocSearchUDPES_ProductContext.c(6): web_add_header("Content-Type") highest severity level was "warning"  	[MsgId: MMSG-26391]
kaas_DocSearchUDPES_ProductContext.c(7): web_add_header("accessToken") started  	[MsgId: MMSG-26355]
kaas_DocSearchUDPES_ProductContext.c(7): web_add_header("accessToken") was successful  	[MsgId: MMSG-26392]
kaas_DocSearchUDPES_ProductContext.c(9): web_custom_request("web_custom_request") started  	[MsgId: MMSG-26355]
kaas_DocSearchUDPES_ProductContext.c(9): Error -26627: HTTP Status-Code=404 (Not Found) for "https://hx9ekpvvbi.execute-api.us-east-1.amazonaws.com/KaaS-ITG/v2/search?q=*&resultLimit=10&resultStart=0&countryCode=us&languageCode=en&disclosureLevel=696531864679532034919979251200881,47406819852170807613486806879990,218620138892645155286800249901443,287477763180518087286275037723076,887243771386204747508092376253257&printFields=documentID,title,documenttype,renderlink,matchscore,description,contentupdatedate,language,disclosurelevel,store,docsource,documenttypedetails,topics,categorizations&store=docstore,supportagentstore,udp-content-default&product=6944198 OR 5223305 OR 3962828 OR 3884606 OR 4217179 OR 7234912 OR 5058852 OR 3370383&categorizationIds=162879258009672812079598025741817,29175471122742644821080,393367071124511053150675347835559&documentTypes=Advisory,Agent%20Reference,Agent%20Resource%20Center,Bulletin,Concept%20Content,Notice,Product%20Change%20Notification,Security%20Bulletin,Service,Support,Support%20Information&clientId=WCC"  	[MsgId: MERR-26627]
End auto log messages stack.	[MsgId: MMSG-10544]


Start auto log messages stack - Iteration 815.	[MsgId: MMSG-10545]
kaas_DocSearchUDPES_ProductContext.c(6): Warning -26594: The header being added may cause unpredictable results if applied to ALL the URLs generated on behalf of the next script function. It will apply to the primary URL only.  	[MsgId: MWAR-26594]
kaas_DocSearchUDPES_ProductContext.c(6): web_add_header("Content-Type") highest severity level was "warning"  	[MsgId: MMSG-26391]
kaas_DocSearchUDPES_ProductContext.c(7): web_add_header("accessToken") started  	[MsgId: MMSG-26355]
kaas_DocSearchUDPES_ProductContext.c(7): web_add_header("accessToken") was successful  	[MsgId: MMSG-26392]
kaas_DocSearchUDPES_ProductContext.c(9): web_custom_request("web_custom_request") started  	[MsgId: MMSG-26355]
kaas_DocSearchUDPES_ProductContext.c(9): Error -26627: HTTP Status-Code=404 (Not Found) for "https://hx9ekpvvbi.execute-api.us-east-1.amazonaws.com/KaaS-ITG/v2/search?q=*&resultLimit=10&resultStart=0&countryCode=us&languageCode=en&disclosureLevel=696531864679532034919979251200881,47406819852170807613486806879990,218620138892645155286800249901443,287477763180518087286275037723076,887243771386204747508092376253257&printFields=documentID,title,documenttype,renderlink,matchscore,description,contentupdatedate,language,disclosurelevel,store,docsource,documenttypedetails,topics,categorizations&store=docstore,supportagentstore,udp-content-default&product=3370383 OR 8485409 OR 6627588 OR 501585&categorizationIds=162879258009672812079598025741817,29175471122742644821080,393367071124511053150675347835559&documentTypes=Advisory,Agent%20Reference,Agent%20Resource%20Center,Bulletin,Concept%20Content,Notice,Product%20Change%20Notification,Security%20Bulletin,Service,Support,Support%20Information&clientId=WCC"  	[MsgId: MERR-26627]
End auto log messages stack.	[MsgId: MMSG-10544]


Start auto log messages stack - Iteration 853.	[MsgId: MMSG-10545]
kaas_DocSearchUDPES_ProductContext.c(6): Warning -26594: The header being added may cause unpredictable results if applied to ALL the URLs generated on behalf of the next script function. It will apply to the primary URL only.  	[MsgId: MWAR-26594]
kaas_DocSearchUDPES_ProductContext.c(6): web_add_header("Content-Type") highest severity level was "warning"  	[MsgId: MMSG-26391]
kaas_DocSearchUDPES_ProductContext.c(7): web_add_header("accessToken") started  	[MsgId: MMSG-26355]
kaas_DocSearchUDPES_ProductContext.c(7): web_add_header("accessToken") was successful  	[MsgId: MMSG-26392]
kaas_DocSearchUDPES_ProductContext.c(9): web_custom_request("web_custom_request") started  	[MsgId: MMSG-26355]
kaas_DocSearchUDPES_ProductContext.c(9): Error -26627: HTTP Status-Code=404 (Not Found) for "https://hx9ekpvvbi.execute-api.us-east-1.amazonaws.com/KaaS-ITG/v2/search?q=*&resultLimit=10&resultStart=0&countryCode=us&languageCode=en&disclosureLevel=696531864679532034919979251200881,47406819852170807613486806879990,218620138892645155286800249901443,287477763180518087286275037723076,887243771386204747508092376253257&printFields=documentID,title,documenttype,renderlink,matchscore,description,contentupdatedate,language,disclosurelevel,store,docsource,documenttypedetails,topics,categorizations&store=docstore,supportagentstore,udp-content-default&product=6944198 OR 5223305 OR 3962828 OR 3884606 OR 4217179 OR 7234912 OR 5058852 OR 3370383&categorizationIds=162879258009672812079598025741817,29175471122742644821080,393367071124511053150675347835559&documentTypes=Advisory,Agent%20Reference,Agent%20Resource%20Center,Bulletin,Concept%20Content,Notice,Product%20Change%20Notification,Security%20Bulletin,Service,Support,Support%20Information&clientId=WCC"  	[MsgId: MERR-26627]
End auto log messages stack.	[MsgId: MMSG-10544]


Start auto log messages stack - Iteration 879.	[MsgId: MMSG-10545]
kaas_DocSearchUDPES_ProductContext.c(6): Warning -26594: The header being added may cause unpredictable results if applied to ALL the URLs generated on behalf of the next script function. It will apply to the primary URL only.  	[MsgId: MWAR-26594]
kaas_DocSearchUDPES_ProductContext.c(6): web_add_header("Content-Type") highest severity level was "warning"  	[MsgId: MMSG-26391]
kaas_DocSearchUDPES_ProductContext.c(7): web_add_header("accessToken") started  	[MsgId: MMSG-26355]
kaas_DocSearchUDPES_ProductContext.c(7): web_add_header("accessToken") was successful  	[MsgId: MMSG-26392]
kaas_DocSearchUDPES_ProductContext.c(9): web_custom_request("web_custom_request") started  	[MsgId: MMSG-26355]
kaas_DocSearchUDPES_ProductContext.c(9): Error -26627: HTTP Status-Code=404 (Not Found) for "https://hx9ekpvvbi.execute-api.us-east-1.amazonaws.com/KaaS-ITG/v2/search?q=*&resultLimit=10&resultStart=0&countryCode=us&languageCode=en&disclosureLevel=696531864679532034919979251200881,47406819852170807613486806879990,218620138892645155286800249901443,287477763180518087286275037723076,887243771386204747508092376253257&printFields=documentID,title,documenttype,renderlink,matchscore,description,contentupdatedate,language,disclosurelevel,store,docsource,documenttypedetails,topics,categorizations&store=docstore,supportagentstore,udp-content-default&product=5058852 OR 3370383 OR 8485409 OR 6627588&categorizationIds=162879258009672812079598025741817,29175471122742644821080,393367071124511053150675347835559&documentTypes=Advisory,Agent%20Reference,Agent%20Resource%20Center,Bulletin,Concept%20Content,Notice,Product%20Change%20Notification,Security%20Bulletin,Service,Support,Support%20Information&clientId=WCC"  	[MsgId: MERR-26627]
End auto log messages stack.	[MsgId: MMSG-10544]


Start auto log messages stack - Iteration 924.	[MsgId: MMSG-10545]
kaas_DocSearchUDPES_ProductContext.c(6): Warning -26594: The header being added may cause unpredictable results if applied to ALL the URLs generated on behalf of the next script function. It will apply to the primary URL only.  	[MsgId: MWAR-26594]
kaas_DocSearchUDPES_ProductContext.c(6): web_add_header("Content-Type") highest severity level was "warning"  	[MsgId: MMSG-26391]
kaas_DocSearchUDPES_ProductContext.c(7): web_add_header("accessToken") started  	[MsgId: MMSG-26355]
kaas_DocSearchUDPES_ProductContext.c(7): web_add_header("accessToken") was successful  	[MsgId: MMSG-26392]
kaas_DocSearchUDPES_ProductContext.c(9): web_custom_request("web_custom_request") started  	[MsgId: MMSG-26355]
kaas_DocSearchUDPES_ProductContext.c(9): Error -26627: HTTP Status-Code=404 (Not Found) for "https://hx9ekpvvbi.execute-api.us-east-1.amazonaws.com/KaaS-ITG/v2/search?q=*&resultLimit=10&resultStart=0&countryCode=us&languageCode=en&disclosureLevel=696531864679532034919979251200881,47406819852170807613486806879990,218620138892645155286800249901443,287477763180518087286275037723076,887243771386204747508092376253257&printFields=documentID,title,documenttype,renderlink,matchscore,description,contentupdatedate,language,disclosurelevel,store,docsource,documenttypedetails,topics,categorizations&store=docstore,supportagentstore,udp-content-default&product=6627588 OR 501585 OR 6944198 OR 5223305&categorizationIds=162879258009672812079598025741817,29175471122742644821080,393367071124511053150675347835559&documentTypes=Advisory,Agent%20Reference,Agent%20Resource%20Center,Bulletin,Concept%20Content,Notice,Product%20Change%20Notification,Security%20Bulletin,Service,Support,Support%20Information&clientId=WCC"  	[MsgId: MERR-26627]
End auto log messages stack.	[MsgId: MMSG-10544]


Start auto log messages stack - Iteration 936.	[MsgId: MMSG-10545]
kaas_DocSearchUDPES_ProductContext.c(6): Warning -26594: The header being added may cause unpredictable results if applied to ALL the URLs generated on behalf of the next script function. It will apply to the primary URL only.  	[MsgId: MWAR-26594]
kaas_DocSearchUDPES_ProductContext.c(6): web_add_header("Content-Type") highest severity level was "warning"  	[MsgId: MMSG-26391]
kaas_DocSearchUDPES_ProductContext.c(7): web_add_header("accessToken") started  	[MsgId: MMSG-26355]
kaas_DocSearchUDPES_ProductContext.c(7): web_add_header("accessToken") was successful  	[MsgId: MMSG-26392]
kaas_DocSearchUDPES_ProductContext.c(9): web_custom_request("web_custom_request") started  	[MsgId: MMSG-26355]
kaas_DocSearchUDPES_ProductContext.c(9): Error -26627: HTTP Status-Code=404 (Not Found) for "https://hx9ekpvvbi.execute-api.us-east-1.amazonaws.com/KaaS-ITG/v2/search?q=*&resultLimit=10&resultStart=0&countryCode=us&languageCode=en&disclosureLevel=696531864679532034919979251200881,47406819852170807613486806879990,218620138892645155286800249901443,287477763180518087286275037723076,887243771386204747508092376253257&printFields=documentID,title,documenttype,renderlink,matchscore,description,contentupdatedate,language,disclosurelevel,store,docsource,documenttypedetails,topics,categorizations&store=docstore,supportagentstore,udp-content-default&product=8485409 OR 6627588 OR 6944198 OR 5223305 OR 3962828 OR 3884606 OR 4217179 OR 7234912&categorizationIds=162879258009672812079598025741817,29175471122742644821080,393367071124511053150675347835559&documentTypes=Advisory,Agent%20Reference,Agent%20Resource%20Center,Bulletin,Concept%20Content,Notice,Product%20Change%20Notification,Security%20Bulletin,Service,Support,Support%20Information&clientId=WCC"  	[MsgId: MERR-26627]
End auto log messages stack.	[MsgId: MMSG-10544]


Start auto log messages stack - Iteration 1010.	[MsgId: MMSG-10545]
kaas_DocSearchUDPES_ProductContext.c(6): Warning -26594: The header being added may cause unpredictable results if applied to ALL the URLs generated on behalf of the next script function. It will apply to the primary URL only.  	[MsgId: MWAR-26594]
kaas_DocSearchUDPES_ProductContext.c(6): web_add_header("Content-Type") highest severity level was "warning"  	[MsgId: MMSG-26391]
kaas_DocSearchUDPES_ProductContext.c(7): web_add_header("accessToken") started  	[MsgId: MMSG-26355]
kaas_DocSearchUDPES_ProductContext.c(7): web_add_header("accessToken") was successful  	[MsgId: MMSG-26392]
kaas_DocSearchUDPES_ProductContext.c(9): web_custom_request("web_custom_request") started  	[MsgId: MMSG-26355]
kaas_DocSearchUDPES_ProductContext.c(9): Error -26627: HTTP Status-Code=404 (Not Found) for "https://hx9ekpvvbi.execute-api.us-east-1.amazonaws.com/KaaS-ITG/v2/search?q=*&resultLimit=10&resultStart=0&countryCode=us&languageCode=en&disclosureLevel=696531864679532034919979251200881,47406819852170807613486806879990,218620138892645155286800249901443,287477763180518087286275037723076,887243771386204747508092376253257&printFields=documentID,title,documenttype,renderlink,matchscore,description,contentupdatedate,language,disclosurelevel,store,docsource,documenttypedetails,topics,categorizations&store=docstore,supportagentstore,udp-content-default&product=5058852 OR 3370383 OR 8485409 OR 6627588&categorizationIds=162879258009672812079598025741817,29175471122742644821080,393367071124511053150675347835559&documentTypes=Advisory,Agent%20Reference,Agent%20Resource%20Center,Bulletin,Concept%20Content,Notice,Product%20Change%20Notification,Security%20Bulletin,Service,Support,Support%20Information&clientId=WCC"  	[MsgId: MERR-26627]
End auto log messages stack.	[MsgId: MMSG-10544]


Start auto log messages stack - Iteration 1072.	[MsgId: MMSG-10545]
kaas_DocSearchUDPES_ProductContext.c(6): web_add_header("Content-Type") highest severity level was "warning"  	[MsgId: MMSG-26391]
kaas_DocSearchUDPES_ProductContext.c(7): web_add_header("accessToken") started  	[MsgId: MMSG-26355]
kaas_DocSearchUDPES_ProductContext.c(7): web_add_header("accessToken") was successful  	[MsgId: MMSG-26392]
kaas_DocSearchUDPES_ProductContext.c(9): web_custom_request("web_custom_request") started  	[MsgId: MMSG-26355]
kaas_DocSearchUDPES_ProductContext.c(9): Connection to hx9ekpvvbi.execute-api.us-east-1.amazonaws.com:443 closed after being inactive for 61 seconds, exceeding the "HTTP Keep-Alive timeout" Runtime Setting (60 seconds). URL="[None]"  	[MsgId: MMSG-27648]
kaas_DocSearchUDPES_ProductContext.c(9): Error -26627: HTTP Status-Code=404 (Not Found) for "https://hx9ekpvvbi.execute-api.us-east-1.amazonaws.com/KaaS-ITG/v2/search?q=*&resultLimit=10&resultStart=0&countryCode=us&languageCode=en&disclosureLevel=696531864679532034919979251200881,47406819852170807613486806879990,218620138892645155286800249901443,287477763180518087286275037723076,887243771386204747508092376253257&printFields=documentID,title,documenttype,renderlink,matchscore,description,contentupdatedate,language,disclosurelevel,store,docsource,documenttypedetails,topics,categorizations&store=docstore,supportagentstore,udp-content-default&product=6944198 OR 5223305 OR 3962828 OR 3884606 OR 4217179 OR 7234912 OR 5058852 OR 3370383&categorizationIds=162879258009672812079598025741817,29175471122742644821080,393367071124511053150675347835559&documentTypes=Advisory,Agent%20Reference,Agent%20Resource%20Center,Bulletin,Concept%20Content,Notice,Product%20Change%20Notification,Security%20Bulletin,Service,Support,Support%20Information&clientId=WCC"  	[MsgId: MERR-26627]
End auto log messages stack.	[MsgId: MMSG-10544]


