Warning: Iteration pacing cannot be reached (pace time = 1.65, actual time = 1.70).	[MsgId: MWAR-15995]
WISE_KaasContentRendering.c(13): Error -26631: HTTP Status-Code=400 (Bad Request) for "https://hx9ekpvvbi.execute-api.us-east-1.amazonaws.com/KaaS-ITG/v2/render/000aVuplYDHMaDE4wMvM7VRRkHAK/CID0000001511"  	[MsgId: MERR-26631]
Warning: Iteration pacing cannot be reached (pace time = 1.65, actual time = 2.40).	[MsgId: MWAR-15995]
WISE_KaasContentRendering.c(13): Error -26631: HTTP Status-Code=400 (Bad Request) for "https://hx9ekpvvbi.execute-api.us-east-1.amazonaws.com/KaaS-ITG/v2/render/000az5kjKLyynRm3Tk8piug2YsUW/CID0000001511"  	[MsgId: MERR-26631]
Warning: Iteration pacing cannot be reached (pace time = 1.65, actual time = 2.13).	[MsgId: MWAR-15995]
Warning: Iteration pacing cannot be reached (pace time = 1.65, actual time = 1.82).	[MsgId: MWAR-15995]
Warning: Iteration pacing cannot be reached (pace time = 1.65, actual time = 2.37).	[MsgId: MWAR-15995]
Warning: Iteration pacing cannot be reached (pace time = 1.65, actual time = 2.25).	[MsgId: MWAR-15995]
WISE_KaasContentRendering.c(13): Error -26631: HTTP Status-Code=400 (Bad Request) for "https://hx9ekpvvbi.execute-api.us-east-1.amazonaws.com/KaaS-ITG/v2/render/000aVuplYDHMaDE4wMvM7VRRkHAK/CID0000001511"  	[MsgId: MERR-26631]
Warning: Iteration pacing cannot be reached (pace time = 1.65, actual time = 2.02).	[MsgId: MWAR-15995]
WISE_KaasContentRendering.c(13): Error -26631: HTTP Status-Code=400 (Bad Request) for "https://hx9ekpvvbi.execute-api.us-east-1.amazonaws.com/KaaS-ITG/v2/render/000a2mh83eiBpUZnBLhbqaEb0gyd/CID0000001511"  	[MsgId: MERR-26631]
Warning: Iteration pacing cannot be reached (pace time = 1.65, actual time = 2.32).	[MsgId: MWAR-15995]
Warning: Iteration pacing cannot be reached (pace time = 1.65, actual time = 2.13).	[MsgId: MWAR-15995]
Warning: Iteration pacing cannot be reached (pace time = 1.65, actual time = 1.97).	[MsgId: MWAR-15995]
Warning: Iteration pacing cannot be reached (pace time = 1.65, actual time = 1.81).	[MsgId: MWAR-15995]
WISE_KaasContentRendering.c(13): Error -26631: HTTP Status-Code=400 (Bad Request) for "https://hx9ekpvvbi.execute-api.us-east-1.amazonaws.com/KaaS-ITG/v2/render/000aZ6X1fZbvevTV4qDKhmcKo7g5/CID0000001511"  	[MsgId: MERR-26631]
WISE_KaasContentRendering.c(13): Error -26631: HTTP Status-Code=400 (Bad Request) for "https://hx9ekpvvbi.execute-api.us-east-1.amazonaws.com/KaaS-ITG/v2/render/000a2mh83eiBpUZnBLhbqaEb0gyd/CID0000001511"  	[MsgId: MERR-26631]
Warning: Iteration pacing cannot be reached (pace time = 1.65, actual time = 1.69).	[MsgId: MWAR-15995]
Warning: Iteration pacing cannot be reached (pace time = 1.65, actual time = 1.86).	[MsgId: MWAR-15995]
Warning: Iteration pacing cannot be reached (pace time = 1.65, actual time = 2.53).	[MsgId: MWAR-15995]
WISE_KaasContentRendering.c(13): Error -26631: HTTP Status-Code=400 (Bad Request) for "https://hx9ekpvvbi.execute-api.us-east-1.amazonaws.com/KaaS-ITG/v2/render/000aNw6KBRtHxMBZmYVnrKDQvk99/CID0000001511"  	[MsgId: MERR-26631]
WISE_KaasContentRendering.c(13): Error -26631: HTTP Status-Code=400 (Bad Request) for "https://hx9ekpvvbi.execute-api.us-east-1.amazonaws.com/KaaS-ITG/v2/render/000aVuplYDHMaDE4wMvM7VRRkHAK/CID0000001511"  	[MsgId: MERR-26631]
WISE_KaasContentRendering.c(13): Error -26631: HTTP Status-Code=400 (Bad Request) for "https://hx9ekpvvbi.execute-api.us-east-1.amazonaws.com/KaaS-ITG/v2/render/000az5kjKLyynRm3Tk8piug2YsUW/CID0000001511"  	[MsgId: MERR-26631]
Warning: Iteration pacing cannot be reached (pace time = 1.65, actual time = 2.32).	[MsgId: MWAR-15995]
Warning: Iteration pacing cannot be reached (pace time = 1.65, actual time = 2.26).	[MsgId: MWAR-15995]
Warning: Iteration pacing cannot be reached (pace time = 1.65, actual time = 1.80).	[MsgId: MWAR-15995]
WISE_KaasContentRendering.c(13): Error -26631: HTTP Status-Code=400 (Bad Request) for "https://hx9ekpvvbi.execute-api.us-east-1.amazonaws.com/KaaS-ITG/v2/render/000a2mh83eiBpUZnBLhbqaEb0gyd/CID0000001511"  	[MsgId: MERR-26631]
Warning: Iteration pacing cannot be reached (pace time = 1.65, actual time = 2.04).	[MsgId: MWAR-15995]
Warning: Iteration pacing cannot be reached (pace time = 1.65, actual time = 2.39).	[MsgId: MWAR-15995]
WISE_KaasContentRendering.c(13): Error -26631: HTTP Status-Code=400 (Bad Request) for "https://hx9ekpvvbi.execute-api.us-east-1.amazonaws.com/KaaS-ITG/v2/render/000aNw6KBRtHxMBZmYVnrKDQvk99/CID0000001511"  	[MsgId: MERR-26631]
Warning: Iteration pacing cannot be reached (pace time = 1.65, actual time = 1.89).	[MsgId: MWAR-15995]
Warning: Iteration pacing cannot be reached (pace time = 1.65, actual time = 1.67).	[MsgId: MWAR-15995]
WISE_KaasContentRendering.c(13): Error -26631: HTTP Status-Code=400 (Bad Request) for "https://hx9ekpvvbi.execute-api.us-east-1.amazonaws.com/KaaS-ITG/v2/render/000aVuplYDHMaDE4wMvM7VRRkHAK/CID0000001511"  	[MsgId: MERR-26631]
WISE_KaasContentRendering.c(13): Error -26631: HTTP Status-Code=400 (Bad Request) for "https://hx9ekpvvbi.execute-api.us-east-1.amazonaws.com/KaaS-ITG/v2/render/000aRHCDbxiwfUlXjYMg1TnHz4Ax/CID0000001511"  	[MsgId: MERR-26631]
Warning: Iteration pacing cannot be reached (pace time = 1.65, actual time = 1.72).	[MsgId: MWAR-15995]
Warning: Iteration pacing cannot be reached (pace time = 1.65, actual time = 2.28).	[MsgId: MWAR-15995]
WISE_KaasContentRendering.c(13): Error -26631: HTTP Status-Code=400 (Bad Request) for "https://hx9ekpvvbi.execute-api.us-east-1.amazonaws.com/KaaS-ITG/v2/render/000aNw6KBRtHxMBZmYVnrKDQvk99/CID0000001511"  	[MsgId: MERR-26631]
Warning: Iteration pacing cannot be reached (pace time = 1.65, actual time = 1.65).	[MsgId: MWAR-15995]
Warning: Iteration pacing cannot be reached (pace time = 1.65, actual time = 1.74).	[MsgId: MWAR-15995]
Warning: Iteration pacing cannot be reached (pace time = 1.65, actual time = 4.02).	[MsgId: MWAR-15995]
Warning: Iteration pacing cannot be reached (pace time = 1.65, actual time = 2.35).	[MsgId: MWAR-15995]
Warning: Iteration pacing cannot be reached (pace time = 1.65, actual time = 2.20).	[MsgId: MWAR-15995]
Warning: Iteration pacing cannot be reached (pace time = 1.65, actual time = 2.15).	[MsgId: MWAR-15995]
Warning: Iteration pacing cannot be reached (pace time = 1.65, actual time = 1.67).	[MsgId: MWAR-15995]
Warning: Iteration pacing cannot be reached (pace time = 1.65, actual time = 2.62).	[MsgId: MWAR-15995]
Warning: Iteration pacing cannot be reached (pace time = 1.65, actual time = 1.66).	[MsgId: MWAR-15995]
Warning: Iteration pacing cannot be reached (pace time = 1.65, actual time = 1.76).	[MsgId: MWAR-15995]
WISE_KaasContentRendering.c(13): Error -26631: HTTP Status-Code=400 (Bad Request) for "https://hx9ekpvvbi.execute-api.us-east-1.amazonaws.com/KaaS-ITG/v2/render/000a5orTdPIcri6MHZSMy7r9hKTf/CID0000001511"  	[MsgId: MERR-26631]
Warning: Iteration pacing cannot be reached (pace time = 1.65, actual time = 1.78).	[MsgId: MWAR-15995]
Warning: Iteration pacing cannot be reached (pace time = 1.65, actual time = 1.87).	[MsgId: MWAR-15995]
Warning: Iteration pacing cannot be reached (pace time = 1.65, actual time = 3.62).	[MsgId: MWAR-15995]
Warning: Iteration pacing cannot be reached (pace time = 1.65, actual time = 3.94).	[MsgId: MWAR-15995]
Warning: Iteration pacing cannot be reached (pace time = 1.65, actual time = 2.71).	[MsgId: MWAR-15995]
Warning: Iteration pacing cannot be reached (pace time = 1.65, actual time = 2.31).	[MsgId: MWAR-15995]
Warning: Iteration pacing cannot be reached (pace time = 1.65, actual time = 4.93).	[MsgId: MWAR-15995]
Warning: Iteration pacing cannot be reached (pace time = 1.65, actual time = 3.59).	[MsgId: MWAR-15995]
Warning: Iteration pacing cannot be reached (pace time = 1.65, actual time = 5.08).	[MsgId: MWAR-15995]
Warning: Iteration pacing cannot be reached (pace time = 1.65, actual time = 3.96).	[MsgId: MWAR-15995]
Warning: Iteration pacing cannot be reached (pace time = 1.65, actual time = 1.84).	[MsgId: MWAR-15995]
Warning: Iteration pacing cannot be reached (pace time = 1.65, actual time = 3.38).	[MsgId: MWAR-15995]
Warning: Iteration pacing cannot be reached (pace time = 1.65, actual time = 4.08).	[MsgId: MWAR-15995]
Warning: Iteration pacing cannot be reached (pace time = 1.65, actual time = 2.97).	[MsgId: MWAR-15995]
Warning: Iteration pacing cannot be reached (pace time = 1.65, actual time = 1.77).	[MsgId: MWAR-15995]
Warning: Iteration pacing cannot be reached (pace time = 1.65, actual time = 2.00).	[MsgId: MWAR-15995]
Warning: Iteration pacing cannot be reached (pace time = 1.65, actual time = 1.71).	[MsgId: MWAR-15995]
Warning: Iteration pacing cannot be reached (pace time = 1.65, actual time = 2.10).	[MsgId: MWAR-15995]
Warning: Iteration pacing cannot be reached (pace time = 1.65, actual time = 1.79).	[MsgId: MWAR-15995]
Warning: Iteration pacing cannot be reached (pace time = 1.65, actual time = 2.40).	[MsgId: MWAR-15995]
Warning: Iteration pacing cannot be reached (pace time = 1.65, actual time = 4.35).	[MsgId: MWAR-15995]
Warning: Iteration pacing cannot be reached (pace time = 1.65, actual time = 3.57).	[MsgId: MWAR-15995]
Warning: Iteration pacing cannot be reached (pace time = 1.65, actual time = 2.33).	[MsgId: MWAR-15995]
Warning: Iteration pacing cannot be reached (pace time = 1.65, actual time = 4.24).	[MsgId: MWAR-15995]
WISE_KaasContentRendering.c(13): Error -26631: HTTP Status-Code=400 (Bad Request) for "https://hx9ekpvvbi.execute-api.us-east-1.amazonaws.com/KaaS-ITG/v2/render/000aVcqYrE8oUBsetSf7wTBdEBYm/CID0000001511"  	[MsgId: MERR-26631]
Warning: Iteration pacing cannot be reached (pace time = 1.65, actual time = 2.48).	[MsgId: MWAR-15995]
Warning: Iteration pacing cannot be reached (pace time = 1.65, actual time = 2.35).	[MsgId: MWAR-15995]
Warning: Iteration pacing cannot be reached (pace time = 1.65, actual time = 1.70).	[MsgId: MWAR-15995]
Warning: Iteration pacing cannot be reached (pace time = 1.65, actual time = 2.35).	[MsgId: MWAR-15995]
Warning: Iteration pacing cannot be reached (pace time = 1.65, actual time = 3.28).	[MsgId: MWAR-15995]
Warning: Iteration pacing cannot be reached (pace time = 1.65, actual time = 3.72).	[MsgId: MWAR-15995]
Warning: Iteration pacing cannot be reached (pace time = 1.65, actual time = 4.30).	[MsgId: MWAR-15995]
Warning: Iteration pacing cannot be reached (pace time = 1.65, actual time = 5.67).	[MsgId: MWAR-15995]
Warning: Iteration pacing cannot be reached (pace time = 1.65, actual time = 4.38).	[MsgId: MWAR-15995]
Warning: Iteration pacing cannot be reached (pace time = 1.65, actual time = 1.90).	[MsgId: MWAR-15995]
Warning: Iteration pacing cannot be reached (pace time = 1.65, actual time = 5.35).	[MsgId: MWAR-15995]
Warning: Iteration pacing cannot be reached (pace time = 1.65, actual time = 6.76).	[MsgId: MWAR-15995]
Warning: Iteration pacing cannot be reached (pace time = 1.65, actual time = 1.78).	[MsgId: MWAR-15995]
WISE_KaasContentRendering.c(13): Error -26631: HTTP Status-Code=400 (Bad Request) for "https://hx9ekpvvbi.execute-api.us-east-1.amazonaws.com/KaaS-ITG/v2/render/000anoIbwuMVjN9alyDJy2RkAWjl/CID0000001511"  	[MsgId: MERR-26631]
Warning: Iteration pacing cannot be reached (pace time = 1.65, actual time = 2.36).	[MsgId: MWAR-15995]
Warning: Iteration pacing cannot be reached (pace time = 1.65, actual time = 1.71).	[MsgId: MWAR-15995]
Warning: Iteration pacing cannot be reached (pace time = 1.65, actual time = 3.33).	[MsgId: MWAR-15995]
WISE_KaasContentRendering.c(13): Error -26631: HTTP Status-Code=400 (Bad Request) for "https://hx9ekpvvbi.execute-api.us-east-1.amazonaws.com/KaaS-ITG/v2/render/000aRHCDbxiwfUlXjYMg1TnHz4Ax/CID0000001511"  	[MsgId: MERR-26631]
Warning: Iteration pacing cannot be reached (pace time = 1.65, actual time = 4.45).	[MsgId: MWAR-15995]
Warning: Iteration pacing cannot be reached (pace time = 1.65, actual time = 3.71).	[MsgId: MWAR-15995]
Warning: Iteration pacing cannot be reached (pace time = 1.65, actual time = 6.41).	[MsgId: MWAR-15995]
Warning: Iteration pacing cannot be reached (pace time = 1.65, actual time = 3.78).	[MsgId: MWAR-15995]
Warning: Iteration pacing cannot be reached (pace time = 1.65, actual time = 3.69).	[MsgId: MWAR-15995]
Warning: Iteration pacing cannot be reached (pace time = 1.65, actual time = 1.80).	[MsgId: MWAR-15995]
Warning: Iteration pacing cannot be reached (pace time = 1.65, actual time = 3.08).	[MsgId: MWAR-15995]
Warning: Iteration pacing cannot be reached (pace time = 1.65, actual time = 2.31).	[MsgId: MWAR-15995]
Warning: Iteration pacing cannot be reached (pace time = 1.65, actual time = 1.70).	[MsgId: MWAR-15995]
Warning: Iteration pacing cannot be reached (pace time = 1.65, actual time = 2.33).	[MsgId: MWAR-15995]
Warning: Iteration pacing cannot be reached (pace time = 1.65, actual time = 1.69).	[MsgId: MWAR-15995]
Warning: Iteration pacing cannot be reached (pace time = 1.65, actual time = 3.33).	[MsgId: MWAR-15995]
Warning: Iteration pacing cannot be reached (pace time = 1.65, actual time = 4.67).	[MsgId: MWAR-15995]
Warning: Iteration pacing cannot be reached (pace time = 1.65, actual time = 8.79).	[MsgId: MWAR-15995]
Warning: Iteration pacing cannot be reached (pace time = 1.65, actual time = 1.70).	[MsgId: MWAR-15995]
Warning: Iteration pacing cannot be reached (pace time = 1.65, actual time = 1.75).	[MsgId: MWAR-15995]
Warning: Iteration pacing cannot be reached (pace time = 1.65, actual time = 6.35).	[MsgId: MWAR-15995]
Warning: Iteration pacing cannot be reached (pace time = 1.65, actual time = 6.20).	[MsgId: MWAR-15995]
Warning: Iteration pacing cannot be reached (pace time = 1.65, actual time = 1.81).	[MsgId: MWAR-15995]
Warning: Iteration pacing cannot be reached (pace time = 1.65, actual time = 6.64).	[MsgId: MWAR-15995]
Warning: Iteration pacing cannot be reached (pace time = 1.65, actual time = 1.89).	[MsgId: MWAR-15995]
Warning: Iteration pacing cannot be reached (pace time = 1.65, actual time = 3.71).	[MsgId: MWAR-15995]
Warning: Iteration pacing cannot be reached (pace time = 1.65, actual time = 1.80).	[MsgId: MWAR-15995]
Warning: Iteration pacing cannot be reached (pace time = 1.65, actual time = 3.72).	[MsgId: MWAR-15995]
Warning: Iteration pacing cannot be reached (pace time = 1.65, actual time = 3.71).	[MsgId: MWAR-15995]
Warning: Iteration pacing cannot be reached (pace time = 1.65, actual time = 2.10).	[MsgId: MWAR-15995]
Warning: Iteration pacing cannot be reached (pace time = 1.65, actual time = 2.81).	[MsgId: MWAR-15995]
Warning: Iteration pacing cannot be reached (pace time = 1.65, actual time = 3.34).	[MsgId: MWAR-15995]
Warning: Iteration pacing cannot be reached (pace time = 1.65, actual time = 1.93).	[MsgId: MWAR-15995]
Warning: Iteration pacing cannot be reached (pace time = 1.65, actual time = 6.74).	[MsgId: MWAR-15995]
Warning: Iteration pacing cannot be reached (pace time = 1.65, actual time = 1.77).	[MsgId: MWAR-15995]
Warning: Iteration pacing cannot be reached (pace time = 1.65, actual time = 1.78).	[MsgId: MWAR-15995]
Warning: Iteration pacing cannot be reached (pace time = 1.65, actual time = 1.81).	[MsgId: MWAR-15995]
Warning: Iteration pacing cannot be reached (pace time = 1.65, actual time = 3.96).	[MsgId: MWAR-15995]
Warning: Iteration pacing cannot be reached (pace time = 1.65, actual time = 5.90).	[MsgId: MWAR-15995]
Warning: Iteration pacing cannot be reached (pace time = 1.65, actual time = 2.16).	[MsgId: MWAR-15995]
Warning: Iteration pacing cannot be reached (pace time = 1.65, actual time = 2.06).	[MsgId: MWAR-15995]
Warning: Iteration pacing cannot be reached (pace time = 1.65, actual time = 1.75).	[MsgId: MWAR-15995]
Warning: Iteration pacing cannot be reached (pace time = 1.65, actual time = 1.80).	[MsgId: MWAR-15995]
Warning: Iteration pacing cannot be reached (pace time = 1.65, actual time = 4.83).	[MsgId: MWAR-15995]
Warning: Iteration pacing cannot be reached (pace time = 1.65, actual time = 1.81).	[MsgId: MWAR-15995]
Warning: Iteration pacing cannot be reached (pace time = 1.65, actual time = 4.88).	[MsgId: MWAR-15995]
Warning: Iteration pacing cannot be reached (pace time = 1.65, actual time = 2.31).	[MsgId: MWAR-15995]
Warning: Iteration pacing cannot be reached (pace time = 1.65, actual time = 6.01).	[MsgId: MWAR-15995]
Warning: Iteration pacing cannot be reached (pace time = 1.65, actual time = 2.15).	[MsgId: MWAR-15995]
Warning: Iteration pacing cannot be reached (pace time = 1.65, actual time = 5.15).	[MsgId: MWAR-15995]
Warning: Iteration pacing cannot be reached (pace time = 1.65, actual time = 2.42).	[MsgId: MWAR-15995]
Warning: Iteration pacing cannot be reached (pace time = 1.65, actual time = 3.26).	[MsgId: MWAR-15995]
Warning: Iteration pacing cannot be reached (pace time = 1.65, actual time = 6.76).	[MsgId: MWAR-15995]
Warning: Iteration pacing cannot be reached (pace time = 1.65, actual time = 5.75).	[MsgId: MWAR-15995]
Warning: Iteration pacing cannot be reached (pace time = 1.65, actual time = 2.63).	[MsgId: MWAR-15995]
Warning: Iteration pacing cannot be reached (pace time = 1.65, actual time = 2.65).	[MsgId: MWAR-15995]
Warning: Iteration pacing cannot be reached (pace time = 1.65, actual time = 9.03).	[MsgId: MWAR-15995]
Warning: Iteration pacing cannot be reached (pace time = 1.65, actual time = 3.77).	[MsgId: MWAR-15995]
Warning: Iteration pacing cannot be reached (pace time = 1.65, actual time = 4.84).	[MsgId: MWAR-15995]
Warning: Iteration pacing cannot be reached (pace time = 1.65, actual time = 3.87).	[MsgId: MWAR-15995]
Warning: Iteration pacing cannot be reached (pace time = 1.65, actual time = 4.90).	[MsgId: MWAR-15995]
Warning: Iteration pacing cannot be reached (pace time = 1.65, actual time = 2.69).	[MsgId: MWAR-15995]
Warning: Iteration pacing cannot be reached (pace time = 1.65, actual time = 2.50).	[MsgId: MWAR-15995]
Warning: Iteration pacing cannot be reached (pace time = 1.65, actual time = 1.80).	[MsgId: MWAR-15995]
Warning: Iteration pacing cannot be reached (pace time = 1.65, actual time = 3.28).	[MsgId: MWAR-15995]
Warning: Iteration pacing cannot be reached (pace time = 1.65, actual time = 4.81).	[MsgId: MWAR-15995]
Warning: Iteration pacing cannot be reached (pace time = 1.65, actual time = 2.98).	[MsgId: MWAR-15995]
Warning: Iteration pacing cannot be reached (pace time = 1.65, actual time = 2.33).	[MsgId: MWAR-15995]
Warning: Iteration pacing cannot be reached (pace time = 1.65, actual time = 5.36).	[MsgId: MWAR-15995]
Warning: Iteration pacing cannot be reached (pace time = 1.65, actual time = 3.77).	[MsgId: MWAR-15995]
Warning: Iteration pacing cannot be reached (pace time = 1.65, actual time = 5.68).	[MsgId: MWAR-15995]
Warning: Iteration pacing cannot be reached (pace time = 1.65, actual time = 2.34).	[MsgId: MWAR-15995]
Warning: Iteration pacing cannot be reached (pace time = 1.65, actual time = 4.33).	[MsgId: MWAR-15995]
Warning: Iteration pacing cannot be reached (pace time = 1.65, actual time = 3.32).	[MsgId: MWAR-15995]
Warning: Iteration pacing cannot be reached (pace time = 1.65, actual time = 9.18).	[MsgId: MWAR-15995]
Warning: Iteration pacing cannot be reached (pace time = 1.65, actual time = 3.09).	[MsgId: MWAR-15995]
Warning: Iteration pacing cannot be reached (pace time = 1.65, actual time = 4.35).	[MsgId: MWAR-15995]
Warning: Iteration pacing cannot be reached (pace time = 1.65, actual time = 5.84).	[MsgId: MWAR-15995]
Warning: Iteration pacing cannot be reached (pace time = 1.65, actual time = 1.82).	[MsgId: MWAR-15995]
Warning: Iteration pacing cannot be reached (pace time = 1.65, actual time = 9.87).	[MsgId: MWAR-15995]
Warning: Iteration pacing cannot be reached (pace time = 1.65, actual time = 7.35).	[MsgId: MWAR-15995]
Warning: Iteration pacing cannot be reached (pace time = 1.65, actual time = 1.76).	[MsgId: MWAR-15995]
Warning: Iteration pacing cannot be reached (pace time = 1.65, actual time = 4.53).	[MsgId: MWAR-15995]
Warning: Iteration pacing cannot be reached (pace time = 1.65, actual time = 3.82).	[MsgId: MWAR-15995]
Warning: Iteration pacing cannot be reached (pace time = 1.65, actual time = 1.69).	[MsgId: MWAR-15995]
Warning: Iteration pacing cannot be reached (pace time = 1.65, actual time = 7.75).	[MsgId: MWAR-15995]
Warning: Iteration pacing cannot be reached (pace time = 1.65, actual time = 4.91).	[MsgId: MWAR-15995]
Warning: Iteration pacing cannot be reached (pace time = 1.65, actual time = 1.86).	[MsgId: MWAR-15995]
Warning: Iteration pacing cannot be reached (pace time = 1.65, actual time = 3.34).	[MsgId: MWAR-15995]
Warning: Iteration pacing cannot be reached (pace time = 1.65, actual time = 3.32).	[MsgId: MWAR-15995]
Warning: Iteration pacing cannot be reached (pace time = 1.65, actual time = 2.68).	[MsgId: MWAR-15995]
Warning: Iteration pacing cannot be reached (pace time = 1.65, actual time = 2.74).	[MsgId: MWAR-15995]
Warning: Iteration pacing cannot be reached (pace time = 1.65, actual time = 5.71).	[MsgId: MWAR-15995]
Warning: Iteration pacing cannot be reached (pace time = 1.65, actual time = 5.75).	[MsgId: MWAR-15995]
Warning: Iteration pacing cannot be reached (pace time = 1.65, actual time = 1.73).	[MsgId: MWAR-15995]
Warning: Iteration pacing cannot be reached (pace time = 1.65, actual time = 6.29).	[MsgId: MWAR-15995]
Warning: Iteration pacing cannot be reached (pace time = 1.65, actual time = 3.31).	[MsgId: MWAR-15995]
Warning: Iteration pacing cannot be reached (pace time = 1.65, actual time = 2.74).	[MsgId: MWAR-15995]
Warning: Iteration pacing cannot be reached (pace time = 1.65, actual time = 5.37).	[MsgId: MWAR-15995]
Warning: Iteration pacing cannot be reached (pace time = 1.65, actual time = 7.93).	[MsgId: MWAR-15995]
Warning: Iteration pacing cannot be reached (pace time = 1.65, actual time = 2.63).	[MsgId: MWAR-15995]
Warning: Iteration pacing cannot be reached (pace time = 1.65, actual time = 3.29).	[MsgId: MWAR-15995]
Warning: Iteration pacing cannot be reached (pace time = 1.65, actual time = 2.00).	[MsgId: MWAR-15995]
Warning: Iteration pacing cannot be reached (pace time = 1.65, actual time = 4.99).	[MsgId: MWAR-15995]
Warning: Iteration pacing cannot be reached (pace time = 1.65, actual time = 3.71).	[MsgId: MWAR-15995]
Warning: Iteration pacing cannot be reached (pace time = 1.65, actual time = 2.73).	[MsgId: MWAR-15995]
WISE_KaasContentRendering.c(13): Error -26631: HTTP Status-Code=400 (Bad Request) for "https://hx9ekpvvbi.execute-api.us-east-1.amazonaws.com/KaaS-ITG/v2/render/000aVcqYrE8oUBsetSf7wTBdEBYm/CID0000001511"  	[MsgId: MERR-26631]
Warning: Iteration pacing cannot be reached (pace time = 1.65, actual time = 11.83).	[MsgId: MWAR-15995]
Warning: Iteration pacing cannot be reached (pace time = 1.65, actual time = 3.13).	[MsgId: MWAR-15995]
Warning: Iteration pacing cannot be reached (pace time = 1.65, actual time = 11.76).	[MsgId: MWAR-15995]
Warning: Iteration pacing cannot be reached (pace time = 1.65, actual time = 2.60).	[MsgId: MWAR-15995]
Warning: Iteration pacing cannot be reached (pace time = 1.65, actual time = 2.08).	[MsgId: MWAR-15995]
Warning: Iteration pacing cannot be reached (pace time = 1.65, actual time = 3.85).	[MsgId: MWAR-15995]
WISE_KaasContentRendering.c(13): Error -26631: HTTP Status-Code=400 (Bad Request) for "https://hx9ekpvvbi.execute-api.us-east-1.amazonaws.com/KaaS-ITG/v2/render/000aNw6KBRtHxMBZmYVnrKDQvk99/CID0000001511"  	[MsgId: MERR-26631]
Warning: Iteration pacing cannot be reached (pace time = 1.65, actual time = 4.27).	[MsgId: MWAR-15995]
Warning: Iteration pacing cannot be reached (pace time = 1.65, actual time = 1.99).	[MsgId: MWAR-15995]
Warning: Iteration pacing cannot be reached (pace time = 1.65, actual time = 3.11).	[MsgId: MWAR-15995]
Warning: Iteration pacing cannot be reached (pace time = 1.65, actual time = 1.85).	[MsgId: MWAR-15995]
Warning: Iteration pacing cannot be reached (pace time = 1.65, actual time = 1.71).	[MsgId: MWAR-15995]
Warning: Iteration pacing cannot be reached (pace time = 1.65, actual time = 2.05).	[MsgId: MWAR-15995]
Warning: Iteration pacing cannot be reached (pace time = 1.65, actual time = 2.11).	[MsgId: MWAR-15995]
Warning: Iteration pacing cannot be reached (pace time = 1.65, actual time = 3.95).	[MsgId: MWAR-15995]
Warning: Iteration pacing cannot be reached (pace time = 1.65, actual time = 1.73).	[MsgId: MWAR-15995]
Warning: Iteration pacing cannot be reached (pace time = 1.65, actual time = 2.78).	[MsgId: MWAR-15995]
Warning: Iteration pacing cannot be reached (pace time = 1.65, actual time = 3.29).	[MsgId: MWAR-15995]
Warning: Iteration pacing cannot be reached (pace time = 1.65, actual time = 2.15).	[MsgId: MWAR-15995]
Warning: Iteration pacing cannot be reached (pace time = 1.65, actual time = 1.95).	[MsgId: MWAR-15995]
Warning: Iteration pacing cannot be reached (pace time = 1.65, actual time = 2.09).	[MsgId: MWAR-15995]
Warning: Iteration pacing cannot be reached (pace time = 1.65, actual time = 5.76).	[MsgId: MWAR-15995]
Warning: Iteration pacing cannot be reached (pace time = 1.65, actual time = 1.66).	[MsgId: MWAR-15995]
WISE_KaasContentRendering.c(13): Error -26631: HTTP Status-Code=400 (Bad Request) for "https://hx9ekpvvbi.execute-api.us-east-1.amazonaws.com/KaaS-ITG/v2/render/000aVuplYDHMaDE4wMvM7VRRkHAK/CID0000001511"  	[MsgId: MERR-26631]
Warning: Iteration pacing cannot be reached (pace time = 1.65, actual time = 2.56).	[MsgId: MWAR-15995]
Warning: Iteration pacing cannot be reached (pace time = 1.65, actual time = 2.97).	[MsgId: MWAR-15995]
Warning: Iteration pacing cannot be reached (pace time = 1.65, actual time = 4.05).	[MsgId: MWAR-15995]
Warning: Iteration pacing cannot be reached (pace time = 1.65, actual time = 2.85).	[MsgId: MWAR-15995]
Warning: Iteration pacing cannot be reached (pace time = 1.65, actual time = 4.42).	[MsgId: MWAR-15995]
Warning: Iteration pacing cannot be reached (pace time = 1.65, actual time = 3.42).	[MsgId: MWAR-15995]
Warning: Iteration pacing cannot be reached (pace time = 1.65, actual time = 3.60).	[MsgId: MWAR-15995]
Warning: Iteration pacing cannot be reached (pace time = 1.65, actual time = 3.66).	[MsgId: MWAR-15995]
Warning: Iteration pacing cannot be reached (pace time = 1.65, actual time = 6.84).	[MsgId: MWAR-15995]
Warning: Iteration pacing cannot be reached (pace time = 1.65, actual time = 2.68).	[MsgId: MWAR-15995]
Warning: Iteration pacing cannot be reached (pace time = 1.65, actual time = 2.48).	[MsgId: MWAR-15995]
Warning: Iteration pacing cannot be reached (pace time = 1.65, actual time = 2.51).	[MsgId: MWAR-15995]
Warning: Iteration pacing cannot be reached (pace time = 1.65, actual time = 2.84).	[MsgId: MWAR-15995]
Warning: Iteration pacing cannot be reached (pace time = 1.65, actual time = 4.31).	[MsgId: MWAR-15995]
Warning: Iteration pacing cannot be reached (pace time = 1.65, actual time = 4.55).	[MsgId: MWAR-15995]
Warning: Iteration pacing cannot be reached (pace time = 1.65, actual time = 2.87).	[MsgId: MWAR-15995]
Warning: Iteration pacing cannot be reached (pace time = 1.65, actual time = 1.78).	[MsgId: MWAR-15995]
Warning: Iteration pacing cannot be reached (pace time = 1.65, actual time = 5.11).	[MsgId: MWAR-15995]
Warning: Iteration pacing cannot be reached (pace time = 1.65, actual time = 1.66).	[MsgId: MWAR-15995]
Warning: Iteration pacing cannot be reached (pace time = 1.65, actual time = 6.82).	[MsgId: MWAR-15995]
Warning: Iteration pacing cannot be reached (pace time = 1.65, actual time = 2.82).	[MsgId: MWAR-15995]
Warning: Iteration pacing cannot be reached (pace time = 1.65, actual time = 2.33).	[MsgId: MWAR-15995]
Warning: Iteration pacing cannot be reached (pace time = 1.65, actual time = 4.32).	[MsgId: MWAR-15995]
Warning: Iteration pacing cannot be reached (pace time = 1.65, actual time = 6.83).	[MsgId: MWAR-15995]
Warning: Iteration pacing cannot be reached (pace time = 1.65, actual time = 14.07).	[MsgId: MWAR-15995]
Warning: Iteration pacing cannot be reached (pace time = 1.65, actual time = 4.85).	[MsgId: MWAR-15995]
Warning: Iteration pacing cannot be reached (pace time = 1.65, actual time = 5.67).	[MsgId: MWAR-15995]
Warning: Iteration pacing cannot be reached (pace time = 1.65, actual time = 6.77).	[MsgId: MWAR-15995]
Warning: Iteration pacing cannot be reached (pace time = 1.65, actual time = 5.32).	[MsgId: MWAR-15995]
Warning: Iteration pacing cannot be reached (pace time = 1.65, actual time = 3.82).	[MsgId: MWAR-15995]
Warning: Iteration pacing cannot be reached (pace time = 1.65, actual time = 2.85).	[MsgId: MWAR-15995]
Warning: Iteration pacing cannot be reached (pace time = 1.65, actual time = 9.88).	[MsgId: MWAR-15995]
Warning: Iteration pacing cannot be reached (pace time = 1.65, actual time = 2.82).	[MsgId: MWAR-15995]
Warning: Iteration pacing cannot be reached (pace time = 1.65, actual time = 3.38).	[MsgId: MWAR-15995]
Warning: Iteration pacing cannot be reached (pace time = 1.65, actual time = 4.32).	[MsgId: MWAR-15995]
Warning: Iteration pacing cannot be reached (pace time = 1.65, actual time = 4.37).	[MsgId: MWAR-15995]
Warning: Iteration pacing cannot be reached (pace time = 1.65, actual time = 6.82).	[MsgId: MWAR-15995]
WISE_KaasContentRendering.c(13): Error -26631: HTTP Status-Code=400 (Bad Request) for "https://hx9ekpvvbi.execute-api.us-east-1.amazonaws.com/KaaS-ITG/v2/render/000anoIbwuMVjN9alyDJy2RkAWjl/CID0000001511"  	[MsgId: MERR-26631]
Warning: Iteration pacing cannot be reached (pace time = 1.65, actual time = 1.82).	[MsgId: MWAR-15995]
Warning: Iteration pacing cannot be reached (pace time = 1.65, actual time = 6.31).	[MsgId: MWAR-15995]
Warning: Iteration pacing cannot be reached (pace time = 1.65, actual time = 11.87).	[MsgId: MWAR-15995]
Warning: Iteration pacing cannot be reached (pace time = 1.65, actual time = 3.31).	[MsgId: MWAR-15995]
Warning: Iteration pacing cannot be reached (pace time = 1.65, actual time = 15.37).	[MsgId: MWAR-15995]
Warning: Iteration pacing cannot be reached (pace time = 1.65, actual time = 2.82).	[MsgId: MWAR-15995]
Warning: Iteration pacing cannot be reached (pace time = 1.65, actual time = 4.84).	[MsgId: MWAR-15995]
Warning: Iteration pacing cannot be reached (pace time = 1.65, actual time = 5.81).	[MsgId: MWAR-15995]
Warning: Iteration pacing cannot be reached (pace time = 1.65, actual time = 9.39).	[MsgId: MWAR-15995]
Warning: Iteration pacing cannot be reached (pace time = 1.65, actual time = 3.54).	[MsgId: MWAR-15995]
Warning: Iteration pacing cannot be reached (pace time = 1.65, actual time = 3.18).	[MsgId: MWAR-15995]
WISE_KaasContentRendering.c(13): Error -26631: HTTP Status-Code=400 (Bad Request) for "https://hx9ekpvvbi.execute-api.us-east-1.amazonaws.com/KaaS-ITG/v2/render/000a7YnuJMWpuCLUcZMQFkMyDqh0/CID0000001511"  	[MsgId: MERR-26631]
Warning: Iteration pacing cannot be reached (pace time = 1.65, actual time = 7.40).	[MsgId: MWAR-15995]
Warning: Iteration pacing cannot be reached (pace time = 1.65, actual time = 2.42).	[MsgId: MWAR-15995]
Warning: Iteration pacing cannot be reached (pace time = 1.65, actual time = 3.83).	[MsgId: MWAR-15995]
Warning: Iteration pacing cannot be reached (pace time = 1.65, actual time = 1.81).	[MsgId: MWAR-15995]
Warning: Iteration pacing cannot be reached (pace time = 1.65, actual time = 4.51).	[MsgId: MWAR-15995]
Warning: Iteration pacing cannot be reached (pace time = 1.65, actual time = 4.40).	[MsgId: MWAR-15995]
Warning: Iteration pacing cannot be reached (pace time = 1.65, actual time = 1.72).	[MsgId: MWAR-15995]
Warning: Iteration pacing cannot be reached (pace time = 1.65, actual time = 4.28).	[MsgId: MWAR-15995]
WISE_KaasContentRendering.c(13): Error -26631: HTTP Status-Code=400 (Bad Request) for "https://hx9ekpvvbi.execute-api.us-east-1.amazonaws.com/KaaS-ITG/v2/render/000a2mh83eiBpUZnBLhbqaEb0gyd/CID0000001511"  	[MsgId: MERR-26631]
Warning: Iteration pacing cannot be reached (pace time = 1.65, actual time = 4.87).	[MsgId: MWAR-15995]
Warning: Iteration pacing cannot be reached (pace time = 1.65, actual time = 4.92).	[MsgId: MWAR-15995]
Warning: Iteration pacing cannot be reached (pace time = 1.65, actual time = 6.32).	[MsgId: MWAR-15995]
Warning: Iteration pacing cannot be reached (pace time = 1.65, actual time = 9.06).	[MsgId: MWAR-15995]
Warning: Iteration pacing cannot be reached (pace time = 1.65, actual time = 4.73).	[MsgId: MWAR-15995]
Warning: Iteration pacing cannot be reached (pace time = 1.65, actual time = 3.30).	[MsgId: MWAR-15995]
Warning: Iteration pacing cannot be reached (pace time = 1.65, actual time = 8.09).	[MsgId: MWAR-15995]
Warning: Iteration pacing cannot be reached (pace time = 1.65, actual time = 3.95).	[MsgId: MWAR-15995]
Warning: Iteration pacing cannot be reached (pace time = 1.65, actual time = 10.40).	[MsgId: MWAR-15995]
Warning: Iteration pacing cannot be reached (pace time = 1.65, actual time = 7.83).	[MsgId: MWAR-15995]
Warning: Iteration pacing cannot be reached (pace time = 1.65, actual time = 6.47).	[MsgId: MWAR-15995]
Warning: Iteration pacing cannot be reached (pace time = 1.65, actual time = 5.83).	[MsgId: MWAR-15995]
Warning: Iteration pacing cannot be reached (pace time = 1.65, actual time = 5.55).	[MsgId: MWAR-15995]
Warning: Iteration pacing cannot be reached (pace time = 1.65, actual time = 3.76).	[MsgId: MWAR-15995]
Warning: Iteration pacing cannot be reached (pace time = 1.65, actual time = 8.87).	[MsgId: MWAR-15995]
Warning: Iteration pacing cannot be reached (pace time = 1.65, actual time = 3.02).	[MsgId: MWAR-15995]
Warning: Iteration pacing cannot be reached (pace time = 1.65, actual time = 3.35).	[MsgId: MWAR-15995]
Warning: Iteration pacing cannot be reached (pace time = 1.65, actual time = 4.30).	[MsgId: MWAR-15995]
Warning: Iteration pacing cannot be reached (pace time = 1.65, actual time = 8.95).	[MsgId: MWAR-15995]
Warning: Iteration pacing cannot be reached (pace time = 1.65, actual time = 6.56).	[MsgId: MWAR-15995]
Warning: Iteration pacing cannot be reached (pace time = 1.65, actual time = 2.33).	[MsgId: MWAR-15995]
Warning: Iteration pacing cannot be reached (pace time = 1.65, actual time = 2.01).	[MsgId: MWAR-15995]
Warning: Iteration pacing cannot be reached (pace time = 1.65, actual time = 6.15).	[MsgId: MWAR-15995]
Warning: Iteration pacing cannot be reached (pace time = 1.65, actual time = 3.40).	[MsgId: MWAR-15995]
Warning: Iteration pacing cannot be reached (pace time = 1.65, actual time = 3.31).	[MsgId: MWAR-15995]
Warning: Iteration pacing cannot be reached (pace time = 1.65, actual time = 3.66).	[MsgId: MWAR-15995]
Warning: Iteration pacing cannot be reached (pace time = 1.65, actual time = 7.96).	[MsgId: MWAR-15995]
Warning: Iteration pacing cannot be reached (pace time = 1.65, actual time = 1.97).	[MsgId: MWAR-15995]
Warning: Iteration pacing cannot be reached (pace time = 1.65, actual time = 10.83).	[MsgId: MWAR-15995]
Warning: Iteration pacing cannot be reached (pace time = 1.65, actual time = 7.52).	[MsgId: MWAR-15995]
Warning: Iteration pacing cannot be reached (pace time = 1.65, actual time = 3.75).	[MsgId: MWAR-15995]
Warning: Iteration pacing cannot be reached (pace time = 1.65, actual time = 9.37).	[MsgId: MWAR-15995]
Warning: Iteration pacing cannot be reached (pace time = 1.65, actual time = 1.67).	[MsgId: MWAR-15995]
Warning: Iteration pacing cannot be reached (pace time = 1.65, actual time = 3.58).	[MsgId: MWAR-15995]
Warning: Iteration pacing cannot be reached (pace time = 1.65, actual time = 1.88).	[MsgId: MWAR-15995]
Warning: Iteration pacing cannot be reached (pace time = 1.65, actual time = 3.28).	[MsgId: MWAR-15995]
Warning: Iteration pacing cannot be reached (pace time = 1.65, actual time = 4.60).	[MsgId: MWAR-15995]
Warning: Iteration pacing cannot be reached (pace time = 1.65, actual time = 4.43).	[MsgId: MWAR-15995]
Warning: Iteration pacing cannot be reached (pace time = 1.65, actual time = 3.56).	[MsgId: MWAR-15995]
Warning: Iteration pacing cannot be reached (pace time = 1.65, actual time = 4.22).	[MsgId: MWAR-15995]
Warning: Iteration pacing cannot be reached (pace time = 1.65, actual time = 1.82).	[MsgId: MWAR-15995]
Warning: Iteration pacing cannot be reached (pace time = 1.65, actual time = 1.96).	[MsgId: MWAR-15995]
Warning: Iteration pacing cannot be reached (pace time = 1.65, actual time = 3.13).	[MsgId: MWAR-15995]
Warning: Iteration pacing cannot be reached (pace time = 1.65, actual time = 3.21).	[MsgId: MWAR-15995]
Warning: Iteration pacing cannot be reached (pace time = 1.65, actual time = 2.48).	[MsgId: MWAR-15995]
Warning: Iteration pacing cannot be reached (pace time = 1.65, actual time = 1.79).	[MsgId: MWAR-15995]
Warning: Iteration pacing cannot be reached (pace time = 1.65, actual time = 2.33).	[MsgId: MWAR-15995]
Warning: Iteration pacing cannot be reached (pace time = 1.65, actual time = 4.83).	[MsgId: MWAR-15995]
Warning: Iteration pacing cannot be reached (pace time = 1.65, actual time = 1.69).	[MsgId: MWAR-15995]
Warning: Iteration pacing cannot be reached (pace time = 1.65, actual time = 5.96).	[MsgId: MWAR-15995]
Warning: Iteration pacing cannot be reached (pace time = 1.65, actual time = 3.84).	[MsgId: MWAR-15995]
Warning: Iteration pacing cannot be reached (pace time = 1.65, actual time = 2.13).	[MsgId: MWAR-15995]
Warning: Iteration pacing cannot be reached (pace time = 1.65, actual time = 3.34).	[MsgId: MWAR-15995]
Warning: Iteration pacing cannot be reached (pace time = 1.65, actual time = 3.38).	[MsgId: MWAR-15995]
Warning: Iteration pacing cannot be reached (pace time = 1.65, actual time = 4.60).	[MsgId: MWAR-15995]
Warning: Iteration pacing cannot be reached (pace time = 1.65, actual time = 5.67).	[MsgId: MWAR-15995]
Warning: Iteration pacing cannot be reached (pace time = 1.65, actual time = 4.18).	[MsgId: MWAR-15995]
Warning: Iteration pacing cannot be reached (pace time = 1.65, actual time = 3.77).	[MsgId: MWAR-15995]
Warning: Iteration pacing cannot be reached (pace time = 1.65, actual time = 3.41).	[MsgId: MWAR-15995]
Warning: Iteration pacing cannot be reached (pace time = 1.65, actual time = 3.48).	[MsgId: MWAR-15995]
Warning: Iteration pacing cannot be reached (pace time = 1.65, actual time = 6.23).	[MsgId: MWAR-15995]
Warning: Iteration pacing cannot be reached (pace time = 1.65, actual time = 1.71).	[MsgId: MWAR-15995]
Warning: Iteration pacing cannot be reached (pace time = 1.65, actual time = 2.42).	[MsgId: MWAR-15995]
Warning: Iteration pacing cannot be reached (pace time = 1.65, actual time = 1.73).	[MsgId: MWAR-15995]
Warning: Iteration pacing cannot be reached (pace time = 1.65, actual time = 3.13).	[MsgId: MWAR-15995]
Warning: Iteration pacing cannot be reached (pace time = 1.65, actual time = 1.90).	[MsgId: MWAR-15995]
Warning: Iteration pacing cannot be reached (pace time = 1.65, actual time = 4.36).	[MsgId: MWAR-15995]
Warning: Iteration pacing cannot be reached (pace time = 1.65, actual time = 4.80).	[MsgId: MWAR-15995]
Warning: Iteration pacing cannot be reached (pace time = 1.65, actual time = 1.72).	[MsgId: MWAR-15995]
Warning: Iteration pacing cannot be reached (pace time = 1.65, actual time = 4.26).	[MsgId: MWAR-15995]
Warning: Iteration pacing cannot be reached (pace time = 1.65, actual time = 5.77).	[MsgId: MWAR-15995]
Warning: Iteration pacing cannot be reached (pace time = 1.65, actual time = 6.07).	[MsgId: MWAR-15995]
Warning: Iteration pacing cannot be reached (pace time = 1.65, actual time = 4.89).	[MsgId: MWAR-15995]
WISE_KaasContentRendering.c(13): Error -26631: HTTP Status-Code=400 (Bad Request) for "https://hx9ekpvvbi.execute-api.us-east-1.amazonaws.com/KaaS-ITG/v2/render/000a5orTdPIcri6MHZSMy7r9hKTf/CID0000001511"  	[MsgId: MERR-26631]
Warning: Iteration pacing cannot be reached (pace time = 1.65, actual time = 2.41).	[MsgId: MWAR-15995]
Warning: Iteration pacing cannot be reached (pace time = 1.65, actual time = 4.05).	[MsgId: MWAR-15995]
Warning: Iteration pacing cannot be reached (pace time = 1.65, actual time = 2.92).	[MsgId: MWAR-15995]
Warning: Iteration pacing cannot be reached (pace time = 1.65, actual time = 9.11).	[MsgId: MWAR-15995]
Warning: Iteration pacing cannot be reached (pace time = 1.65, actual time = 5.61).	[MsgId: MWAR-15995]
Warning: Iteration pacing cannot be reached (pace time = 1.65, actual time = 2.18).	[MsgId: MWAR-15995]
Warning: Iteration pacing cannot be reached (pace time = 1.65, actual time = 7.53).	[MsgId: MWAR-15995]
Warning: Iteration pacing cannot be reached (pace time = 1.65, actual time = 3.34).	[MsgId: MWAR-15995]
Warning: Iteration pacing cannot be reached (pace time = 1.65, actual time = 4.67).	[MsgId: MWAR-15995]
Warning: Iteration pacing cannot be reached (pace time = 1.65, actual time = 8.09).	[MsgId: MWAR-15995]
Warning: Iteration pacing cannot be reached (pace time = 1.65, actual time = 6.46).	[MsgId: MWAR-15995]
Warning: Iteration pacing cannot be reached (pace time = 1.65, actual time = 2.35).	[MsgId: MWAR-15995]
Warning: Iteration pacing cannot be reached (pace time = 1.65, actual time = 3.37).	[MsgId: MWAR-15995]
Warning: Iteration pacing cannot be reached (pace time = 1.65, actual time = 10.39).	[MsgId: MWAR-15995]
Warning: Iteration pacing cannot be reached (pace time = 1.65, actual time = 5.76).	[MsgId: MWAR-15995]
Warning: Iteration pacing cannot be reached (pace time = 1.65, actual time = 4.66).	[MsgId: MWAR-15995]
Warning: Iteration pacing cannot be reached (pace time = 1.65, actual time = 1.90).	[MsgId: MWAR-15995]
Warning: Iteration pacing cannot be reached (pace time = 1.65, actual time = 2.73).	[MsgId: MWAR-15995]
Warning: Iteration pacing cannot be reached (pace time = 1.65, actual time = 6.41).	[MsgId: MWAR-15995]
Warning: Iteration pacing cannot be reached (pace time = 1.65, actual time = 6.44).	[MsgId: MWAR-15995]
Warning: Iteration pacing cannot be reached (pace time = 1.65, actual time = 1.66).	[MsgId: MWAR-15995]
Warning: Iteration pacing cannot be reached (pace time = 1.65, actual time = 3.98).	[MsgId: MWAR-15995]
Warning: Iteration pacing cannot be reached (pace time = 1.65, actual time = 4.83).	[MsgId: MWAR-15995]
Warning: Iteration pacing cannot be reached (pace time = 1.65, actual time = 3.51).	[MsgId: MWAR-15995]
Warning: Iteration pacing cannot be reached (pace time = 1.65, actual time = 4.39).	[MsgId: MWAR-15995]
WISE_KaasContentRendering.c(13): Error -26631: HTTP Status-Code=400 (Bad Request) for "https://hx9ekpvvbi.execute-api.us-east-1.amazonaws.com/KaaS-ITG/v2/render/000az5kjKLyynRm3Tk8piug2YsUW/CID0000001511"  	[MsgId: MERR-26631]
Warning: Iteration pacing cannot be reached (pace time = 1.65, actual time = 7.74).	[MsgId: MWAR-15995]
Warning: Iteration pacing cannot be reached (pace time = 1.65, actual time = 1.68).	[MsgId: MWAR-15995]
Warning: Iteration pacing cannot be reached (pace time = 1.65, actual time = 2.36).	[MsgId: MWAR-15995]
Warning: Iteration pacing cannot be reached (pace time = 1.65, actual time = 9.38).	[MsgId: MWAR-15995]
Warning: Iteration pacing cannot be reached (pace time = 1.65, actual time = 3.86).	[MsgId: MWAR-15995]
Warning: Iteration pacing cannot be reached (pace time = 1.65, actual time = 1.70).	[MsgId: MWAR-15995]
WISE_KaasContentRendering.c(13): Error -26631: HTTP Status-Code=400 (Bad Request) for "https://hx9ekpvvbi.execute-api.us-east-1.amazonaws.com/KaaS-ITG/v2/render/000aNw6KBRtHxMBZmYVnrKDQvk99/CID0000001511"  	[MsgId: MERR-26631]
Warning: Iteration pacing cannot be reached (pace time = 1.65, actual time = 5.54).	[MsgId: MWAR-15995]
Warning: Iteration pacing cannot be reached (pace time = 1.65, actual time = 10.67).	[MsgId: MWAR-15995]
Warning: Iteration pacing cannot be reached (pace time = 1.65, actual time = 1.75).	[MsgId: MWAR-15995]
Warning: Iteration pacing cannot be reached (pace time = 1.65, actual time = 3.35).	[MsgId: MWAR-15995]
Warning: Iteration pacing cannot be reached (pace time = 1.65, actual time = 4.82).	[MsgId: MWAR-15995]
Warning: Iteration pacing cannot be reached (pace time = 1.65, actual time = 5.86).	[MsgId: MWAR-15995]
Warning: Iteration pacing cannot be reached (pace time = 1.65, actual time = 6.64).	[MsgId: MWAR-15995]
Warning: Iteration pacing cannot be reached (pace time = 1.65, actual time = 3.36).	[MsgId: MWAR-15995]
Warning: Iteration pacing cannot be reached (pace time = 1.65, actual time = 2.36).	[MsgId: MWAR-15995]
Warning: Iteration pacing cannot be reached (pace time = 1.65, actual time = 3.33).	[MsgId: MWAR-15995]
Warning: Iteration pacing cannot be reached (pace time = 1.65, actual time = 7.10).	[MsgId: MWAR-15995]
Warning: Iteration pacing cannot be reached (pace time = 1.65, actual time = 2.65).	[MsgId: MWAR-15995]
Warning: Iteration pacing cannot be reached (pace time = 1.65, actual time = 4.38).	[MsgId: MWAR-15995]
Warning: Iteration pacing cannot be reached (pace time = 1.65, actual time = 5.35).	[MsgId: MWAR-15995]
Warning: Iteration pacing cannot be reached (pace time = 1.65, actual time = 7.26).	[MsgId: MWAR-15995]
Warning: Iteration pacing cannot be reached (pace time = 1.65, actual time = 2.73).	[MsgId: MWAR-15995]
Warning: Iteration pacing cannot be reached (pace time = 1.65, actual time = 12.28).	[MsgId: MWAR-15995]
Warning: Iteration pacing cannot be reached (pace time = 1.65, actual time = 5.11).	[MsgId: MWAR-15995]
Warning: Iteration pacing cannot be reached (pace time = 1.65, actual time = 4.55).	[MsgId: MWAR-15995]
Warning: Iteration pacing cannot be reached (pace time = 1.65, actual time = 2.81).	[MsgId: MWAR-15995]
Warning: Iteration pacing cannot be reached (pace time = 1.65, actual time = 4.67).	[MsgId: MWAR-15995]
Warning: Iteration pacing cannot be reached (pace time = 1.65, actual time = 3.84).	[MsgId: MWAR-15995]
Warning: Iteration pacing cannot be reached (pace time = 1.65, actual time = 14.03).	[MsgId: MWAR-15995]
Warning: Iteration pacing cannot be reached (pace time = 1.65, actual time = 6.99).	[MsgId: MWAR-15995]
Warning: Iteration pacing cannot be reached (pace time = 1.65, actual time = 2.40).	[MsgId: MWAR-15995]
Warning: Iteration pacing cannot be reached (pace time = 1.65, actual time = 3.14).	[MsgId: MWAR-15995]
Warning: Iteration pacing cannot be reached (pace time = 1.65, actual time = 3.29).	[MsgId: MWAR-15995]
Warning: Iteration pacing cannot be reached (pace time = 1.65, actual time = 4.79).	[MsgId: MWAR-15995]
Warning: Iteration pacing cannot be reached (pace time = 1.65, actual time = 5.99).	[MsgId: MWAR-15995]
Warning: Iteration pacing cannot be reached (pace time = 1.65, actual time = 3.34).	[MsgId: MWAR-15995]
Warning: Iteration pacing cannot be reached (pace time = 1.65, actual time = 7.84).	[MsgId: MWAR-15995]
Warning: Iteration pacing cannot be reached (pace time = 1.65, actual time = 5.61).	[MsgId: MWAR-15995]
Warning: Iteration pacing cannot be reached (pace time = 1.65, actual time = 1.68).	[MsgId: MWAR-15995]
Warning: Iteration pacing cannot be reached (pace time = 1.65, actual time = 9.95).	[MsgId: MWAR-15995]
Warning: Iteration pacing cannot be reached (pace time = 1.65, actual time = 6.18).	[MsgId: MWAR-15995]
Warning: Iteration pacing cannot be reached (pace time = 1.65, actual time = 8.86).	[MsgId: MWAR-15995]
Warning: Iteration pacing cannot be reached (pace time = 1.65, actual time = 4.69).	[MsgId: MWAR-15995]
Warning: Iteration pacing cannot be reached (pace time = 1.65, actual time = 2.32).	[MsgId: MWAR-15995]
Warning: Iteration pacing cannot be reached (pace time = 1.65, actual time = 2.56).	[MsgId: MWAR-15995]
Warning: Iteration pacing cannot be reached (pace time = 1.65, actual time = 3.63).	[MsgId: MWAR-15995]
Warning: Iteration pacing cannot be reached (pace time = 1.65, actual time = 6.04).	[MsgId: MWAR-15995]
Warning: Iteration pacing cannot be reached (pace time = 1.65, actual time = 3.39).	[MsgId: MWAR-15995]
Warning: Iteration pacing cannot be reached (pace time = 1.65, actual time = 3.38).	[MsgId: MWAR-15995]
Warning: Iteration pacing cannot be reached (pace time = 1.65, actual time = 2.77).	[MsgId: MWAR-15995]
Warning: Iteration pacing cannot be reached (pace time = 1.65, actual time = 2.34).	[MsgId: MWAR-15995]
Warning: Iteration pacing cannot be reached (pace time = 1.65, actual time = 4.79).	[MsgId: MWAR-15995]
Warning: Iteration pacing cannot be reached (pace time = 1.65, actual time = 2.15).	[MsgId: MWAR-15995]
Warning: Iteration pacing cannot be reached (pace time = 1.65, actual time = 18.06).	[MsgId: MWAR-15995]
Warning: Iteration pacing cannot be reached (pace time = 1.65, actual time = 5.79).	[MsgId: MWAR-15995]
Warning: Iteration pacing cannot be reached (pace time = 1.65, actual time = 3.55).	[MsgId: MWAR-15995]
Warning: Iteration pacing cannot be reached (pace time = 1.65, actual time = 3.88).	[MsgId: MWAR-15995]
Warning: Iteration pacing cannot be reached (pace time = 1.65, actual time = 4.34).	[MsgId: MWAR-15995]
Warning: Iteration pacing cannot be reached (pace time = 1.65, actual time = 8.00).	[MsgId: MWAR-15995]
Warning: Iteration pacing cannot be reached (pace time = 1.65, actual time = 3.36).	[MsgId: MWAR-15995]
Warning: Iteration pacing cannot be reached (pace time = 1.65, actual time = 7.75).	[MsgId: MWAR-15995]
Warning: Iteration pacing cannot be reached (pace time = 1.65, actual time = 5.71).	[MsgId: MWAR-15995]
WISE_KaasContentRendering.c(13): Error -26631: HTTP Status-Code=400 (Bad Request) for "https://hx9ekpvvbi.execute-api.us-east-1.amazonaws.com/KaaS-ITG/v2/render/000aMccHda8XSLlkxEtfa7mHsUMD/CID0000001511"  	[MsgId: MERR-26631]
Warning: Iteration pacing cannot be reached (pace time = 1.65, actual time = 3.84).	[MsgId: MWAR-15995]
Warning: Iteration pacing cannot be reached (pace time = 1.65, actual time = 5.76).	[MsgId: MWAR-15995]
Warning: Iteration pacing cannot be reached (pace time = 1.65, actual time = 2.03).	[MsgId: MWAR-15995]
Warning: Iteration pacing cannot be reached (pace time = 1.65, actual time = 4.80).	[MsgId: MWAR-15995]
Warning: Iteration pacing cannot be reached (pace time = 1.65, actual time = 9.54).	[MsgId: MWAR-15995]
Warning: Iteration pacing cannot be reached (pace time = 1.65, actual time = 2.75).	[MsgId: MWAR-15995]
Warning: Iteration pacing cannot be reached (pace time = 1.65, actual time = 4.95).	[MsgId: MWAR-15995]
Warning: Iteration pacing cannot be reached (pace time = 1.65, actual time = 4.77).	[MsgId: MWAR-15995]
Warning: Iteration pacing cannot be reached (pace time = 1.65, actual time = 7.97).	[MsgId: MWAR-15995]
Warning: Iteration pacing cannot be reached (pace time = 1.65, actual time = 2.78).	[MsgId: MWAR-15995]
Warning: Iteration pacing cannot be reached (pace time = 1.65, actual time = 3.95).	[MsgId: MWAR-15995]
Warning: Iteration pacing cannot be reached (pace time = 1.65, actual time = 4.64).	[MsgId: MWAR-15995]
Warning: Iteration pacing cannot be reached (pace time = 1.65, actual time = 17.34).	[MsgId: MWAR-15995]
WCC_KaasContentRendering.c(14): Error -27760: Request "https://hx9ekpvvbi.execute-api.us-east-1.amazonaws.com/KaaS-ITG/v2/render/000aOrtfzzRZelQiy3M0zcdhQVMb/ish_1946968-1947068-16?entitlement=none&audience=customer&isFullHTMLRequired=true" failed  	[MsgId: MERR-27760]
WISE_KaasContentRendering.c(13): Error -27760: Request "https://hx9ekpvvbi.execute-api.us-east-1.amazonaws.com/KaaS-ITG/v2/render/000a2mh83eiBpUZnBLhbqaEb0gyd/ish_1869429-1551299-16" failed  	[MsgId: MERR-27760]
KaaS_Content_Rendering_MetaData.c(14): Error -27760: Request "https://hx9ekpvvbi.execute-api.us-east-1.amazonaws.com/KaaS-ITG/v2/search?documentID=ish_2281796-2060609-16&resultLimit=1&resultStart=0&languageCode=ko,en&countryCode=6984892597308500812593&store=udp-content-default,docstore,manualstore,sdlmanualstore&printFields=documentID,filename,name,summary,objectname,dredbname,description,title,shortestnavigationpath,categorizations,ishType,searchable,languagedocmap" failed  	[MsgId: MERR-27760]
