Error: missing newline in E:\PERFORMANCE\GCC\Kaas\FY20_Release\Script\V1\Kaas_ContentRendering\p_ContentRendering.dat	[MsgId: MERR-13874]
Warning: Iteration pacing cannot be reached (pace time = 4.00, actual time = 5.68).	[MsgId: MWAR-15995]
Warning: Iteration pacing cannot be reached (pace time = 4.00, actual time = 6.63).	[MsgId: MWAR-15995]
Warning: Iteration pacing cannot be reached (pace time = 4.00, actual time = 29.62).	[MsgId: MWAR-15995]
Warning: Iteration pacing cannot be reached (pace time = 4.00, actual time = 9.60).	[MsgId: MWAR-15995]
Warning: Iteration pacing cannot be reached (pace time = 4.00, actual time = 10.15).	[MsgId: MWAR-15995]
Warning: Iteration pacing cannot be reached (pace time = 4.00, actual time = 28.10).	[MsgId: MWAR-15995]
Warning: Iteration pacing cannot be reached (pace time = 4.00, actual time = 4.60).	[MsgId: MWAR-15995]
Warning: Iteration pacing cannot be reached (pace time = 4.00, actual time = 6.29).	[MsgId: MWAR-15995]
Warning: Iteration pacing cannot be reached (pace time = 4.00, actual time = 15.75).	[MsgId: MWAR-15995]
Warning: Iteration pacing cannot be reached (pace time = 4.00, actual time = 18.79).	[MsgId: MWAR-15995]
Warning: Iteration pacing cannot be reached (pace time = 4.00, actual time = 6.41).	[MsgId: MWAR-15995]
Warning: Iteration pacing cannot be reached (pace time = 4.00, actual time = 25.41).	[MsgId: MWAR-15995]
Warning: Iteration pacing cannot be reached (pace time = 4.00, actual time = 29.67).	[MsgId: MWAR-15995]
Warning: Iteration pacing cannot be reached (pace time = 4.00, actual time = 17.90).	[MsgId: MWAR-15995]
Warning: Iteration pacing cannot be reached (pace time = 4.00, actual time = 4.09).	[MsgId: MWAR-15995]
Warning: Iteration pacing cannot be reached (pace time = 4.00, actual time = 6.79).	[MsgId: MWAR-15995]
Warning: Iteration pacing cannot be reached (pace time = 4.00, actual time = 4.97).	[MsgId: MWAR-15995]
Warning: Iteration pacing cannot be reached (pace time = 4.00, actual time = 22.45).	[MsgId: MWAR-15995]
Warning: Iteration pacing cannot be reached (pace time = 4.00, actual time = 17.74).	[MsgId: MWAR-15995]
WISE_KaasContentRendering.c(10): Continuing after Error -26608: HTTP Status-Code=504 (Gateway Timeout) for "https://hx9ekpvvbi.execute-api.us-east-1.amazonaws.com/KaaS-ITG/v2/render/000aKDbYdNJjobjZQ7paAA2BGOSW/ish_1632434-68170-16"  	[MsgId: MERR-26608]
WCC_KaasContentRendering.c(10): Continuing after Error -26608: HTTP Status-Code=504 (Gateway Timeout) for "https://hx9ekpvvbi.execute-api.us-east-1.amazonaws.com/KaaS-ITG/v2/render/000aNeuRXTrqP8TW04XUIemDmHRs/ish_2041634-1713099-16?entitlement=none&audience=customer&isFullHTMLRequired=true"  	[MsgId: MERR-26608]
Warning: Iteration pacing cannot be reached (pace time = 4.00, actual time = 29.96).	[MsgId: MWAR-15995]
Warning: Iteration pacing cannot be reached (pace time = 4.00, actual time = 21.97).	[MsgId: MWAR-15995]
Warning: Iteration pacing cannot be reached (pace time = 4.00, actual time = 4.69).	[MsgId: MWAR-15995]
WISE_KaasContentRendering.c(10): Continuing after Error -26608: HTTP Status-Code=504 (Gateway Timeout) for "https://hx9ekpvvbi.execute-api.us-east-1.amazonaws.com/KaaS-ITG/v2/render/000aKDbYdNJjobjZQ7paAA2BGOSW/ish_1721987-1299196-16"  	[MsgId: MERR-26608]
Warning: Iteration pacing cannot be reached (pace time = 4.00, actual time = 29.53).	[MsgId: MWAR-15995]
KaaS_Content_Rendering_MetaData.c(10): Continuing after Error -26608: HTTP Status-Code=504 (Gateway Timeout) for "https://hx9ekpvvbi.execute-api.us-east-1.amazonaws.com/KaaS-ITG/v2/search?documentID=c02282389&resultLimit=1&resultStart=0&languageCode=ko,en&countryCode=6984892597308500812593&store=udp-content-default,docstore,manualstore,sdlmanualstore&printFields=documentID,filename,name,summary,objectname,dredbname,description,title,shortestnavigationpath,categorizations,ishType,searchable,languagedocmap"  	[MsgId: MERR-26608]
Warning: Iteration pacing cannot be reached (pace time = 4.00, actual time = 12.69).	[MsgId: MWAR-15995]
Warning: Iteration pacing cannot be reached (pace time = 4.00, actual time = 33.27).	[MsgId: MWAR-15995]
Warning: Iteration pacing cannot be reached (pace time = 4.00, actual time = 20.02).	[MsgId: MWAR-15995]
WCC_KaasContentRendering.c(10): Continuing after Error -26608: HTTP Status-Code=504 (Gateway Timeout) for "https://hx9ekpvvbi.execute-api.us-east-1.amazonaws.com/KaaS-ITG/v2/render/000aNeuRXTrqP8TW04XUIemDmHRs/ish_2268897-1678984-16?entitlement=none&audience=customer&isFullHTMLRequired=true"  	[MsgId: MERR-26608]
Warning: Iteration pacing cannot be reached (pace time = 4.00, actual time = 87.41).	[MsgId: MWAR-15995]
KaaS_Content_Rendering_MetaData.c(10): Continuing after Error -26608: HTTP Status-Code=504 (Gateway Timeout) for "https://hx9ekpvvbi.execute-api.us-east-1.amazonaws.com/KaaS-ITG/v2/search?documentID=c01683939&resultLimit=1&resultStart=0&languageCode=ko,en&countryCode=6984892597308500812593&store=udp-content-default,docstore,manualstore,sdlmanualstore&printFields=documentID,filename,name,summary,objectname,dredbname,description,title,shortestnavigationpath,categorizations,ishType,searchable,languagedocmap"  	[MsgId: MERR-26608]
Warning: Iteration pacing cannot be reached (pace time = 4.00, actual time = 30.58).	[MsgId: MWAR-15995]
KaaS_Content_Rendering_MetaData.c(10): Continuing after Error -26608: HTTP Status-Code=504 (Gateway Timeout) for "https://hx9ekpvvbi.execute-api.us-east-1.amazonaws.com/KaaS-ITG/v2/search?documentID=c03086316&resultLimit=1&resultStart=0&languageCode=ko,en&countryCode=6984892597308500812593&store=udp-content-default,docstore,manualstore,sdlmanualstore&printFields=documentID,filename,name,summary,objectname,dredbname,description,title,shortestnavigationpath,categorizations,ishType,searchable,languagedocmap"  	[MsgId: MERR-26608]
Warning: Iteration pacing cannot be reached (pace time = 4.00, actual time = 30.22).	[MsgId: MWAR-15995]
Warning: Iteration pacing cannot be reached (pace time = 4.00, actual time = 17.85).	[MsgId: MWAR-15995]
Warning: Iteration pacing cannot be reached (pace time = 4.00, actual time = 42.45).	[MsgId: MWAR-15995]
WISE_KaasContentRendering.c(10): Continuing after Error -26608: HTTP Status-Code=504 (Gateway Timeout) for "https://hx9ekpvvbi.execute-api.us-east-1.amazonaws.com/KaaS-ITG/v2/render/000aKDbYdNJjobjZQ7paAA2BGOSW/ish_1946968-1947068-16"  	[MsgId: MERR-26608]
WCC_KaasContentRendering.c(10): Continuing after Error -26608: HTTP Status-Code=504 (Gateway Timeout) for "https://hx9ekpvvbi.execute-api.us-east-1.amazonaws.com/KaaS-ITG/v2/render/000aNeuRXTrqP8TW04XUIemDmHRs/ish_2040896-1521983-16?entitlement=none&audience=customer&isFullHTMLRequired=true"  	[MsgId: MERR-26608]
Warning: Iteration pacing cannot be reached (pace time = 4.00, actual time = 31.33).	[MsgId: MWAR-15995]
Warning: Iteration pacing cannot be reached (pace time = 4.00, actual time = 20.48).	[MsgId: MWAR-15995]
Warning: Iteration pacing cannot be reached (pace time = 4.00, actual time = 47.11).	[MsgId: MWAR-15995]
Warning: Iteration pacing cannot be reached (pace time = 4.00, actual time = 26.71).	[MsgId: MWAR-15995]
Warning: Iteration pacing cannot be reached (pace time = 4.00, actual time = 10.72).	[MsgId: MWAR-15995]
Warning: Iteration pacing cannot be reached (pace time = 4.00, actual time = 6.18).	[MsgId: MWAR-15995]
Warning: Iteration pacing cannot be reached (pace time = 4.00, actual time = 4.32).	[MsgId: MWAR-15995]
Warning: Iteration pacing cannot be reached (pace time = 4.00, actual time = 6.23).	[MsgId: MWAR-15995]
Warning: Iteration pacing cannot be reached (pace time = 4.00, actual time = 4.23).	[MsgId: MWAR-15995]
Warning: Iteration pacing cannot be reached (pace time = 4.00, actual time = 17.70).	[MsgId: MWAR-15995]
Warning: Iteration pacing cannot be reached (pace time = 4.00, actual time = 9.87).	[MsgId: MWAR-15995]
Warning: Iteration pacing cannot be reached (pace time = 4.00, actual time = 5.34).	[MsgId: MWAR-15995]
Warning: Iteration pacing cannot be reached (pace time = 4.00, actual time = 22.04).	[MsgId: MWAR-15995]
Warning: Iteration pacing cannot be reached (pace time = 4.00, actual time = 26.00).	[MsgId: MWAR-15995]
Warning: Iteration pacing cannot be reached (pace time = 4.00, actual time = 18.04).	[MsgId: MWAR-15995]
Warning: Iteration pacing cannot be reached (pace time = 4.00, actual time = 6.96).	[MsgId: MWAR-15995]
Warning: Iteration pacing cannot be reached (pace time = 4.00, actual time = 20.45).	[MsgId: MWAR-15995]
Warning: Iteration pacing cannot be reached (pace time = 4.00, actual time = 19.47).	[MsgId: MWAR-15995]
Warning: Iteration pacing cannot be reached (pace time = 4.00, actual time = 10.81).	[MsgId: MWAR-15995]
Warning: Iteration pacing cannot be reached (pace time = 4.00, actual time = 22.34).	[MsgId: MWAR-15995]
Warning: Iteration pacing cannot be reached (pace time = 4.00, actual time = 14.19).	[MsgId: MWAR-15995]
WCC_KaasContentRendering.c(10): Continuing after Error -26608: HTTP Status-Code=504 (Gateway Timeout) for "https://hx9ekpvvbi.execute-api.us-east-1.amazonaws.com/KaaS-ITG/v2/render/000aNeuRXTrqP8TW04XUIemDmHRs/ish_2026000-1498532-16?entitlement=none&audience=customer&isFullHTMLRequired=true"  	[MsgId: MERR-26608]
Warning: Iteration pacing cannot be reached (pace time = 4.00, actual time = 29.63).	[MsgId: MWAR-15995]
Warning: Iteration pacing cannot be reached (pace time = 4.00, actual time = 10.04).	[MsgId: MWAR-15995]
Warning: Iteration pacing cannot be reached (pace time = 4.00, actual time = 31.45).	[MsgId: MWAR-15995]
Warning: Iteration pacing cannot be reached (pace time = 4.00, actual time = 11.70).	[MsgId: MWAR-15995]
Warning: Iteration pacing cannot be reached (pace time = 4.00, actual time = 5.58).	[MsgId: MWAR-15995]
Warning: Iteration pacing cannot be reached (pace time = 4.00, actual time = 21.71).	[MsgId: MWAR-15995]
Warning: Iteration pacing cannot be reached (pace time = 4.00, actual time = 15.90).	[MsgId: MWAR-15995]
Warning: Iteration pacing cannot be reached (pace time = 4.00, actual time = 11.16).	[MsgId: MWAR-15995]
Warning: Iteration pacing cannot be reached (pace time = 4.00, actual time = 6.39).	[MsgId: MWAR-15995]
Warning: Iteration pacing cannot be reached (pace time = 4.00, actual time = 5.12).	[MsgId: MWAR-15995]
Warning: Iteration pacing cannot be reached (pace time = 4.00, actual time = 6.93).	[MsgId: MWAR-15995]
Warning: Iteration pacing cannot be reached (pace time = 4.00, actual time = 13.43).	[MsgId: MWAR-15995]
Warning: Iteration pacing cannot be reached (pace time = 4.00, actual time = 4.76).	[MsgId: MWAR-15995]
Warning: Iteration pacing cannot be reached (pace time = 4.00, actual time = 7.99).	[MsgId: MWAR-15995]
Warning: Iteration pacing cannot be reached (pace time = 4.00, actual time = 5.17).	[MsgId: MWAR-15995]
Warning: Iteration pacing cannot be reached (pace time = 4.00, actual time = 6.21).	[MsgId: MWAR-15995]
Warning: Iteration pacing cannot be reached (pace time = 4.00, actual time = 4.77).	[MsgId: MWAR-15995]
Warning: Iteration pacing cannot be reached (pace time = 4.00, actual time = 7.80).	[MsgId: MWAR-15995]
Warning: Iteration pacing cannot be reached (pace time = 4.00, actual time = 6.79).	[MsgId: MWAR-15995]
Warning: Iteration pacing cannot be reached (pace time = 4.00, actual time = 8.47).	[MsgId: MWAR-15995]
KaaS_Content_Rendering_MetaData.c(10): Continuing after Error -26608: HTTP Status-Code=504 (Gateway Timeout) for "https://hx9ekpvvbi.execute-api.us-east-1.amazonaws.com/KaaS-ITG/v2/search?documentID=c00752912&resultLimit=1&resultStart=0&languageCode=ko,en&countryCode=6984892597308500812593&store=udp-content-default,docstore,manualstore,sdlmanualstore&printFields=documentID,filename,name,summary,objectname,dredbname,description,title,shortestnavigationpath,categorizations,ishType,searchable,languagedocmap"  	[MsgId: MERR-26608]
Warning: Iteration pacing cannot be reached (pace time = 4.00, actual time = 29.79).	[MsgId: MWAR-15995]
KaaS_Content_Rendering_MetaData.c(10): Continuing after Error -26608: HTTP Status-Code=504 (Gateway Timeout) for "https://hx9ekpvvbi.execute-api.us-east-1.amazonaws.com/KaaS-ITG/v2/search?documentID=ish_2281791-2076363-16&resultLimit=1&resultStart=0&languageCode=ko,en&countryCode=6984892597308500812593&store=udp-content-default,docstore,manualstore,sdlmanualstore&printFields=documentID,filename,name,summary,objectname,dredbname,description,title,shortestnavigationpath,categorizations,ishType,searchable,languagedocmap"  	[MsgId: MERR-26608]
Warning: Iteration pacing cannot be reached (pace time = 4.00, actual time = 42.12).	[MsgId: MWAR-15995]
Warning: Iteration pacing cannot be reached (pace time = 4.00, actual time = 10.23).	[MsgId: MWAR-15995]
Warning: Iteration pacing cannot be reached (pace time = 4.00, actual time = 49.41).	[MsgId: MWAR-15995]
Warning: Iteration pacing cannot be reached (pace time = 4.00, actual time = 18.22).	[MsgId: MWAR-15995]
Warning: Iteration pacing cannot be reached (pace time = 4.00, actual time = 11.20).	[MsgId: MWAR-15995]
Warning: Iteration pacing cannot be reached (pace time = 4.00, actual time = 13.64).	[MsgId: MWAR-15995]
Warning: Iteration pacing cannot be reached (pace time = 4.00, actual time = 17.04).	[MsgId: MWAR-15995]
Warning: Iteration pacing cannot be reached (pace time = 4.00, actual time = 17.52).	[MsgId: MWAR-15995]
Warning: Iteration pacing cannot be reached (pace time = 4.00, actual time = 19.25).	[MsgId: MWAR-15995]
Warning: Iteration pacing cannot be reached (pace time = 4.00, actual time = 4.13).	[MsgId: MWAR-15995]
Warning: Iteration pacing cannot be reached (pace time = 4.00, actual time = 15.15).	[MsgId: MWAR-15995]
Warning: Iteration pacing cannot be reached (pace time = 4.00, actual time = 22.20).	[MsgId: MWAR-15995]
Warning: Iteration pacing cannot be reached (pace time = 4.00, actual time = 18.37).	[MsgId: MWAR-15995]
Warning: Iteration pacing cannot be reached (pace time = 4.00, actual time = 18.16).	[MsgId: MWAR-15995]
Warning: Iteration pacing cannot be reached (pace time = 4.00, actual time = 31.51).	[MsgId: MWAR-15995]
Warning: Iteration pacing cannot be reached (pace time = 4.00, actual time = 7.23).	[MsgId: MWAR-15995]
Warning: Iteration pacing cannot be reached (pace time = 4.00, actual time = 15.05).	[MsgId: MWAR-15995]
Warning: Iteration pacing cannot be reached (pace time = 4.00, actual time = 28.66).	[MsgId: MWAR-15995]
WCC_KaasContentRendering.c(10): Continuing after Error -26608: HTTP Status-Code=504 (Gateway Timeout) for "https://hx9ekpvvbi.execute-api.us-east-1.amazonaws.com/KaaS-ITG/v2/render/000aNeuRXTrqP8TW04XUIemDmHRs/ish_2025980-1553267-16?entitlement=none&audience=customer&isFullHTMLRequired=true"  	[MsgId: MERR-26608]
Warning: Iteration pacing cannot be reached (pace time = 4.00, actual time = 29.81).	[MsgId: MWAR-15995]
KaaS_Content_Rendering_MetaData.c(10): Continuing after Error -26608: HTTP Status-Code=504 (Gateway Timeout) for "https://hx9ekpvvbi.execute-api.us-east-1.amazonaws.com/KaaS-ITG/v2/search?documentID=ish_2281796-2060609-16&resultLimit=1&resultStart=0&languageCode=ko,en&countryCode=6984892597308500812593&store=udp-content-default,docstore,manualstore,sdlmanualstore&printFields=documentID,filename,name,summary,objectname,dredbname,description,title,shortestnavigationpath,categorizations,ishType,searchable,languagedocmap"  	[MsgId: MERR-26608]
Warning: Iteration pacing cannot be reached (pace time = 4.00, actual time = 38.57).	[MsgId: MWAR-15995]
Warning: Iteration pacing cannot be reached (pace time = 4.00, actual time = 5.97).	[MsgId: MWAR-15995]
KaaS_Content_Rendering_MetaData.c(10): Continuing after Error -26608: HTTP Status-Code=504 (Gateway Timeout) for "https://hx9ekpvvbi.execute-api.us-east-1.amazonaws.com/KaaS-ITG/v2/search?documentID=ish_2281791-2076363-16&resultLimit=1&resultStart=0&languageCode=ko,en&countryCode=6984892597308500812593&store=udp-content-default,docstore,manualstore,sdlmanualstore&printFields=documentID,filename,name,summary,objectname,dredbname,description,title,shortestnavigationpath,categorizations,ishType,searchable,languagedocmap"  	[MsgId: MERR-26608]
Warning: Iteration pacing cannot be reached (pace time = 4.00, actual time = 43.44).	[MsgId: MWAR-15995]
WISE_KaasContentRendering.c(10): Continuing after Error -26608: HTTP Status-Code=504 (Gateway Timeout) for "https://hx9ekpvvbi.execute-api.us-east-1.amazonaws.com/KaaS-ITG/v2/render/000aKDbYdNJjobjZQ7paAA2BGOSW/ish_1942082-1888842-16"  	[MsgId: MERR-26608]
KaaS_Content_Rendering_MetaData.c(10): Continuing after Error -26608: HTTP Status-Code=504 (Gateway Timeout) for "https://hx9ekpvvbi.execute-api.us-east-1.amazonaws.com/KaaS-ITG/v2/search?documentID=c02886960&resultLimit=1&resultStart=0&languageCode=ko,en&countryCode=6984892597308500812593&store=udp-content-default,docstore,manualstore,sdlmanualstore&printFields=documentID,filename,name,summary,objectname,dredbname,description,title,shortestnavigationpath,categorizations,ishType,searchable,languagedocmap"  	[MsgId: MERR-26608]
Warning: Iteration pacing cannot be reached (pace time = 4.00, actual time = 31.08).	[MsgId: MWAR-15995]
Warning: Iteration pacing cannot be reached (pace time = 4.00, actual time = 35.60).	[MsgId: MWAR-15995]
Warning: Iteration pacing cannot be reached (pace time = 4.00, actual time = 21.67).	[MsgId: MWAR-15995]
Warning: Iteration pacing cannot be reached (pace time = 4.00, actual time = 20.42).	[MsgId: MWAR-15995]
Warning: Iteration pacing cannot be reached (pace time = 4.00, actual time = 4.60).	[MsgId: MWAR-15995]
Warning: Iteration pacing cannot be reached (pace time = 4.00, actual time = 15.79).	[MsgId: MWAR-15995]
WISE_KaasContentRendering.c(10): Continuing after Error -26608: HTTP Status-Code=504 (Gateway Timeout) for "https://hx9ekpvvbi.execute-api.us-east-1.amazonaws.com/KaaS-ITG/v2/render/000aKDbYdNJjobjZQ7paAA2BGOSW/ish_2268897-1678976-16"  	[MsgId: MERR-26608]
Warning: Iteration pacing cannot be reached (pace time = 4.00, actual time = 33.30).	[MsgId: MWAR-15995]
KaaS_Content_Rendering_MetaData.c(10): Continuing after Error -26608: HTTP Status-Code=504 (Gateway Timeout) for "https://hx9ekpvvbi.execute-api.us-east-1.amazonaws.com/KaaS-ITG/v2/search?documentID=c02129193&resultLimit=1&resultStart=0&languageCode=ko,en&countryCode=6984892597308500812593&store=udp-content-default,docstore,manualstore,sdlmanualstore&printFields=documentID,filename,name,summary,objectname,dredbname,description,title,shortestnavigationpath,categorizations,ishType,searchable,languagedocmap"  	[MsgId: MERR-26608]
KaaS_Content_Rendering_MetaData.c(10): Continuing after Error -26608: HTTP Status-Code=504 (Gateway Timeout) for "https://hx9ekpvvbi.execute-api.us-east-1.amazonaws.com/KaaS-ITG/v2/search?documentID=ish_2281791-2076363-16&resultLimit=1&resultStart=0&languageCode=ko,en&countryCode=6984892597308500812593&store=udp-content-default,docstore,manualstore,sdlmanualstore&printFields=documentID,filename,name,summary,objectname,dredbname,description,title,shortestnavigationpath,categorizations,ishType,searchable,languagedocmap"  	[MsgId: MERR-26608]
Warning: Iteration pacing cannot be reached (pace time = 4.00, actual time = 47.32).	[MsgId: MWAR-15995]
Warning: Iteration pacing cannot be reached (pace time = 4.00, actual time = 48.41).	[MsgId: MWAR-15995]
Kaas_Contextual_Filtering.c(9): Continuing after Error -26608: HTTP Status-Code=504 (Gateway Timeout) for "https://hx9ekpvvbi.execute-api.us-east-1.amazonaws.com/KaaS-ITG/v2/render/000aKDbYdNJjobjZQ7paAA2BGOSW/ish_849683-2147483634-16?conditions=FHPIPRODUCT=5447875"  	[MsgId: MERR-26608]
Warning: Iteration pacing cannot be reached (pace time = 4.00, actual time = 58.47).	[MsgId: MWAR-15995]
Kaas_Contextual_Filtering.c(9): Continuing after Error -26608: HTTP Status-Code=504 (Gateway Timeout) for "https://hx9ekpvvbi.execute-api.us-east-1.amazonaws.com/KaaS-ITG/v2/render/000aKDbYdNJjobjZQ7paAA2BGOSW/ish_849683-2147483634-16?conditions=FHPIPRODUCT=37506804"  	[MsgId: MERR-26608]
Warning: Iteration pacing cannot be reached (pace time = 4.00, actual time = 22.14).	[MsgId: MWAR-15995]
Warning: Iteration pacing cannot be reached (pace time = 4.00, actual time = 39.14).	[MsgId: MWAR-15995]
Warning: Iteration pacing cannot be reached (pace time = 4.00, actual time = 13.62).	[MsgId: MWAR-15995]
Warning: Iteration pacing cannot be reached (pace time = 4.00, actual time = 23.66).	[MsgId: MWAR-15995]
Warning: Iteration pacing cannot be reached (pace time = 4.00, actual time = 4.60).	[MsgId: MWAR-15995]
Warning: Iteration pacing cannot be reached (pace time = 4.00, actual time = 9.11).	[MsgId: MWAR-15995]
Warning: Iteration pacing cannot be reached (pace time = 4.00, actual time = 21.33).	[MsgId: MWAR-15995]
Warning: Iteration pacing cannot be reached (pace time = 4.00, actual time = 5.55).	[MsgId: MWAR-15995]
Warning: Iteration pacing cannot be reached (pace time = 4.00, actual time = 18.15).	[MsgId: MWAR-15995]
Warning: Iteration pacing cannot be reached (pace time = 4.00, actual time = 7.41).	[MsgId: MWAR-15995]
Warning: Iteration pacing cannot be reached (pace time = 4.00, actual time = 19.55).	[MsgId: MWAR-15995]
Warning: Iteration pacing cannot be reached (pace time = 4.00, actual time = 6.11).	[MsgId: MWAR-15995]
Warning: Iteration pacing cannot be reached (pace time = 4.00, actual time = 11.94).	[MsgId: MWAR-15995]
Warning: Iteration pacing cannot be reached (pace time = 4.00, actual time = 11.89).	[MsgId: MWAR-15995]
Warning: Iteration pacing cannot be reached (pace time = 4.00, actual time = 19.05).	[MsgId: MWAR-15995]
Warning: Iteration pacing cannot be reached (pace time = 4.00, actual time = 18.89).	[MsgId: MWAR-15995]
KaaS_Content_Rendering_MetaData.c(10): Continuing after Error -26608: HTTP Status-Code=504 (Gateway Timeout) for "https://hx9ekpvvbi.execute-api.us-east-1.amazonaws.com/KaaS-ITG/v2/search?documentID=ish_2281791-2076363-16&resultLimit=1&resultStart=0&languageCode=ko,en&countryCode=6984892597308500812593&store=udp-content-default,docstore,manualstore,sdlmanualstore&printFields=documentID,filename,name,summary,objectname,dredbname,description,title,shortestnavigationpath,categorizations,ishType,searchable,languagedocmap"  	[MsgId: MERR-26608]
Warning: Iteration pacing cannot be reached (pace time = 4.00, actual time = 19.42).	[MsgId: MWAR-15995]
Warning: Iteration pacing cannot be reached (pace time = 4.00, actual time = 53.97).	[MsgId: MWAR-15995]
Warning: Iteration pacing cannot be reached (pace time = 4.00, actual time = 48.66).	[MsgId: MWAR-15995]
Warning: Iteration pacing cannot be reached (pace time = 4.00, actual time = 27.92).	[MsgId: MWAR-15995]
Warning: Iteration pacing cannot be reached (pace time = 4.00, actual time = 6.16).	[MsgId: MWAR-15995]
Warning: Iteration pacing cannot be reached (pace time = 4.00, actual time = 12.34).	[MsgId: MWAR-15995]
Warning: Iteration pacing cannot be reached (pace time = 4.00, actual time = 10.81).	[MsgId: MWAR-15995]
Warning: Iteration pacing cannot be reached (pace time = 4.00, actual time = 9.13).	[MsgId: MWAR-15995]
Warning: Iteration pacing cannot be reached (pace time = 4.00, actual time = 25.79).	[MsgId: MWAR-15995]
Warning: Iteration pacing cannot be reached (pace time = 4.00, actual time = 7.09).	[MsgId: MWAR-15995]
Warning: Iteration pacing cannot be reached (pace time = 4.00, actual time = 19.04).	[MsgId: MWAR-15995]
Warning: Iteration pacing cannot be reached (pace time = 4.00, actual time = 20.91).	[MsgId: MWAR-15995]
Warning: Iteration pacing cannot be reached (pace time = 4.00, actual time = 4.95).	[MsgId: MWAR-15995]
Warning: Iteration pacing cannot be reached (pace time = 4.00, actual time = 6.67).	[MsgId: MWAR-15995]
Warning: Iteration pacing cannot be reached (pace time = 4.00, actual time = 4.49).	[MsgId: MWAR-15995]
KaaS_Content_Rendering_MetaData.c(10): Continuing after Error -26608: HTTP Status-Code=504 (Gateway Timeout) for "https://hx9ekpvvbi.execute-api.us-east-1.amazonaws.com/KaaS-ITG/v2/search?documentID=c05417875&resultLimit=1&resultStart=0&languageCode=ko,en&countryCode=6984892597308500812593&store=udp-content-default,docstore,manualstore,sdlmanualstore&printFields=documentID,filename,name,summary,objectname,dredbname,description,title,shortestnavigationpath,categorizations,ishType,searchable,languagedocmap"  	[MsgId: MERR-26608]
WISE_KaasContentRendering.c(10): Continuing after Error -26608: HTTP Status-Code=504 (Gateway Timeout) for "https://hx9ekpvvbi.execute-api.us-east-1.amazonaws.com/KaaS-ITG/v2/render/000aKDbYdNJjobjZQ7paAA2BGOSW/ish_1637695-66983-16"  	[MsgId: MERR-26608]
Warning: Iteration pacing cannot be reached (pace time = 4.00, actual time = 29.55).	[MsgId: MWAR-15995]
WISE_KaasContentRendering.c(10): Continuing after Error -26608: HTTP Status-Code=504 (Gateway Timeout) for "https://hx9ekpvvbi.execute-api.us-east-1.amazonaws.com/KaaS-ITG/v2/render/000aKDbYdNJjobjZQ7paAA2BGOSW/ish_1835997-1460004-16"  	[MsgId: MERR-26608]
Warning: Iteration pacing cannot be reached (pace time = 4.00, actual time = 29.58).	[MsgId: MWAR-15995]
KaaS_Content_Rendering_MetaData.c(10): Continuing after Error -26608: HTTP Status-Code=504 (Gateway Timeout) for "https://hx9ekpvvbi.execute-api.us-east-1.amazonaws.com/KaaS-ITG/v2/search?documentID=c02282389&resultLimit=1&resultStart=0&languageCode=ko,en&countryCode=6984892597308500812593&store=udp-content-default,docstore,manualstore,sdlmanualstore&printFields=documentID,filename,name,summary,objectname,dredbname,description,title,shortestnavigationpath,categorizations,ishType,searchable,languagedocmap"  	[MsgId: MERR-26608]
Warning: Iteration pacing cannot be reached (pace time = 4.00, actual time = 29.63).	[MsgId: MWAR-15995]
WCC_KaasContentRendering.c(10): Continuing after Error -26608: HTTP Status-Code=504 (Gateway Timeout) for "https://hx9ekpvvbi.execute-api.us-east-1.amazonaws.com/KaaS-ITG/v2/render/000aNeuRXTrqP8TW04XUIemDmHRs/ish_1590249-1084463-16?entitlement=none&audience=customer&isFullHTMLRequired=true"  	[MsgId: MERR-26608]
Warning: Iteration pacing cannot be reached (pace time = 4.00, actual time = 58.83).	[MsgId: MWAR-15995]
Warning: Iteration pacing cannot be reached (pace time = 4.00, actual time = 28.06).	[MsgId: MWAR-15995]
WCC_KaasContentRendering.c(10): Continuing after Error -26608: HTTP Status-Code=504 (Gateway Timeout) for "https://hx9ekpvvbi.execute-api.us-east-1.amazonaws.com/KaaS-ITG/v2/render/000aNeuRXTrqP8TW04XUIemDmHRs/ish_1633788-67174-16?entitlement=none&audience=customer&isFullHTMLRequired=true"  	[MsgId: MERR-26608]
Warning: Iteration pacing cannot be reached (pace time = 4.00, actual time = 30.13).	[MsgId: MWAR-15995]
Warning: Iteration pacing cannot be reached (pace time = 4.00, actual time = 24.60).	[MsgId: MWAR-15995]
Warning: Iteration pacing cannot be reached (pace time = 4.00, actual time = 12.39).	[MsgId: MWAR-15995]
Warning: Iteration pacing cannot be reached (pace time = 4.00, actual time = 21.95).	[MsgId: MWAR-15995]
Warning: Iteration pacing cannot be reached (pace time = 4.00, actual time = 25.26).	[MsgId: MWAR-15995]
KaaS_Content_Rendering_MetaData.c(10): Continuing after Error -26608: HTTP Status-Code=504 (Gateway Timeout) for "https://hx9ekpvvbi.execute-api.us-east-1.amazonaws.com/KaaS-ITG/v2/search?documentID=c05417875&resultLimit=1&resultStart=0&languageCode=ko,en&countryCode=6984892597308500812593&store=udp-content-default,docstore,manualstore,sdlmanualstore&printFields=documentID,filename,name,summary,objectname,dredbname,description,title,shortestnavigationpath,categorizations,ishType,searchable,languagedocmap"  	[MsgId: MERR-26608]
Warning: Iteration pacing cannot be reached (pace time = 4.00, actual time = 25.27).	[MsgId: MWAR-15995]
Warning: Iteration pacing cannot be reached (pace time = 4.00, actual time = 12.05).	[MsgId: MWAR-15995]
Warning: Iteration pacing cannot be reached (pace time = 4.00, actual time = 31.74).	[MsgId: MWAR-15995]
Warning: Iteration pacing cannot be reached (pace time = 4.00, actual time = 16.32).	[MsgId: MWAR-15995]
Warning: Iteration pacing cannot be reached (pace time = 4.00, actual time = 6.87).	[MsgId: MWAR-15995]
Warning: Iteration pacing cannot be reached (pace time = 4.00, actual time = 6.19).	[MsgId: MWAR-15995]
Warning: Iteration pacing cannot be reached (pace time = 4.00, actual time = 4.91).	[MsgId: MWAR-15995]
Warning: Iteration pacing cannot be reached (pace time = 4.00, actual time = 4.04).	[MsgId: MWAR-15995]
Warning: Iteration pacing cannot be reached (pace time = 4.00, actual time = 29.50).	[MsgId: MWAR-15995]
KaaS_Content_Rendering_MetaData.c(10): Continuing after Error -26608: HTTP Status-Code=504 (Gateway Timeout) for "https://hx9ekpvvbi.execute-api.us-east-1.amazonaws.com/KaaS-ITG/v2/search?documentID=c02862584&resultLimit=1&resultStart=0&languageCode=ko,en&countryCode=6984892597308500812593&store=udp-content-default,docstore,manualstore,sdlmanualstore&printFields=documentID,filename,name,summary,objectname,dredbname,description,title,shortestnavigationpath,categorizations,ishType,searchable,languagedocmap"  	[MsgId: MERR-26608]
KaaS_Content_Rendering_MetaData.c(10): Continuing after Error -26608: HTTP Status-Code=504 (Gateway Timeout) for "https://hx9ekpvvbi.execute-api.us-east-1.amazonaws.com/KaaS-ITG/v2/search?documentID=c02862584&resultLimit=1&resultStart=0&languageCode=ko,en&countryCode=6984892597308500812593&store=udp-content-default,docstore,manualstore,sdlmanualstore&printFields=documentID,filename,name,summary,objectname,dredbname,description,title,shortestnavigationpath,categorizations,ishType,searchable,languagedocmap"  	[MsgId: MERR-26608]
Warning: Iteration pacing cannot be reached (pace time = 4.00, actual time = 43.72).	[MsgId: MWAR-15995]
WISE_KaasContentRendering.c(10): Continuing after Error -26608: HTTP Status-Code=504 (Gateway Timeout) for "https://hx9ekpvvbi.execute-api.us-east-1.amazonaws.com/KaaS-ITG/v2/render/000aKDbYdNJjobjZQ7paAA2BGOSW/ish_1864000-1798926-16"  	[MsgId: MERR-26608]
Warning: Iteration pacing cannot be reached (pace time = 4.00, actual time = 58.65).	[MsgId: MWAR-15995]
Warning: Iteration pacing cannot be reached (pace time = 4.00, actual time = 33.68).	[MsgId: MWAR-15995]
Warning: Iteration pacing cannot be reached (pace time = 4.00, actual time = 13.52).	[MsgId: MWAR-15995]
WCC_KaasContentRendering.c(10): Continuing after Error -26608: HTTP Status-Code=504 (Gateway Timeout) for "https://hx9ekpvvbi.execute-api.us-east-1.amazonaws.com/KaaS-ITG/v2/render/000aNeuRXTrqP8TW04XUIemDmHRs/ish_1616261-225626-16?entitlement=none&audience=customer&isFullHTMLRequired=true"  	[MsgId: MERR-26608]
Warning: Iteration pacing cannot be reached (pace time = 4.00, actual time = 58.49).	[MsgId: MWAR-15995]
KaaS_Content_Rendering_MetaData.c(10): Continuing after Error -26608: HTTP Status-Code=504 (Gateway Timeout) for "https://hx9ekpvvbi.execute-api.us-east-1.amazonaws.com/KaaS-ITG/v2/search?documentID=c02282389&resultLimit=1&resultStart=0&languageCode=ko,en&countryCode=6984892597308500812593&store=udp-content-default,docstore,manualstore,sdlmanualstore&printFields=documentID,filename,name,summary,objectname,dredbname,description,title,shortestnavigationpath,categorizations,ishType,searchable,languagedocmap"  	[MsgId: MERR-26608]
Warning: Iteration pacing cannot be reached (pace time = 4.00, actual time = 30.63).	[MsgId: MWAR-15995]
WISE_KaasContentRendering.c(10): Continuing after Error -26608: HTTP Status-Code=504 (Gateway Timeout) for "https://hx9ekpvvbi.execute-api.us-east-1.amazonaws.com/KaaS-ITG/v2/render/000aKDbYdNJjobjZQ7paAA2BGOSW/ish_1997719-1528356-16"  	[MsgId: MERR-26608]
Warning: Iteration pacing cannot be reached (pace time = 4.00, actual time = 29.60).	[MsgId: MWAR-15995]
Kaas_Contextual_Filtering.c(9): Continuing after Error -26608: HTTP Status-Code=504 (Gateway Timeout) for "https://hx9ekpvvbi.execute-api.us-east-1.amazonaws.com/KaaS-ITG/v2/render/000aKDbYdNJjobjZQ7paAA2BGOSW/ish_849683-2147483634-16?conditions=FHPIPRODUCT=27066682"  	[MsgId: MERR-26608]
Warning: Iteration pacing cannot be reached (pace time = 4.00, actual time = 29.93).	[MsgId: MWAR-15995]
KaaS_Content_Rendering_MetaData.c(10): Continuing after Error -26608: HTTP Status-Code=504 (Gateway Timeout) for "https://hx9ekpvvbi.execute-api.us-east-1.amazonaws.com/KaaS-ITG/v2/search?documentID=ish_1996955-1270281-16&resultLimit=1&resultStart=0&languageCode=ko,en&countryCode=6984892597308500812593&store=udp-content-default,docstore,manualstore,sdlmanualstore&printFields=documentID,filename,name,summary,objectname,dredbname,description,title,shortestnavigationpath,categorizations,ishType,searchable,languagedocmap"  	[MsgId: MERR-26608]
Warning: Iteration pacing cannot be reached (pace time = 4.00, actual time = 16.10).	[MsgId: MWAR-15995]
Warning: Iteration pacing cannot be reached (pace time = 4.00, actual time = 9.19).	[MsgId: MWAR-15995]
WISE_KaasContentRendering.c(10): Continuing after Error -26608: HTTP Status-Code=504 (Gateway Timeout) for "https://hx9ekpvvbi.execute-api.us-east-1.amazonaws.com/KaaS-ITG/v2/render/000aKDbYdNJjobjZQ7paAA2BGOSW/ish_2225635-1796279-16"  	[MsgId: MERR-26608]
WCC_KaasContentRendering.c(10): Continuing after Error -26608: HTTP Status-Code=504 (Gateway Timeout) for "https://hx9ekpvvbi.execute-api.us-east-1.amazonaws.com/KaaS-ITG/v2/render/000aNeuRXTrqP8TW04XUIemDmHRs/ish_2040896-1521983-16?entitlement=none&audience=customer&isFullHTMLRequired=true"  	[MsgId: MERR-26608]
Warning: Iteration pacing cannot be reached (pace time = 4.00, actual time = 59.14).	[MsgId: MWAR-15995]
Warning: Iteration pacing cannot be reached (pace time = 4.00, actual time = 5.86).	[MsgId: MWAR-15995]
Warning: Iteration pacing cannot be reached (pace time = 4.00, actual time = 14.96).	[MsgId: MWAR-15995]
Warning: Iteration pacing cannot be reached (pace time = 4.00, actual time = 55.71).	[MsgId: MWAR-15995]
Warning: Iteration pacing cannot be reached (pace time = 4.00, actual time = 4.18).	[MsgId: MWAR-15995]
Warning: Iteration pacing cannot be reached (pace time = 4.00, actual time = 17.54).	[MsgId: MWAR-15995]
Warning: Iteration pacing cannot be reached (pace time = 4.00, actual time = 13.40).	[MsgId: MWAR-15995]
Warning: Iteration pacing cannot be reached (pace time = 4.00, actual time = 13.79).	[MsgId: MWAR-15995]
Warning: Iteration pacing cannot be reached (pace time = 4.00, actual time = 12.18).	[MsgId: MWAR-15995]
Warning: Iteration pacing cannot be reached (pace time = 4.00, actual time = 12.62).	[MsgId: MWAR-15995]
Warning: Iteration pacing cannot be reached (pace time = 4.00, actual time = 16.12).	[MsgId: MWAR-15995]
Warning: Iteration pacing cannot be reached (pace time = 4.00, actual time = 15.85).	[MsgId: MWAR-15995]
Warning: Iteration pacing cannot be reached (pace time = 4.00, actual time = 4.39).	[MsgId: MWAR-15995]
Warning: Iteration pacing cannot be reached (pace time = 4.00, actual time = 8.70).	[MsgId: MWAR-15995]
Warning: Iteration pacing cannot be reached (pace time = 4.00, actual time = 7.92).	[MsgId: MWAR-15995]
Warning: Iteration pacing cannot be reached (pace time = 4.00, actual time = 7.92).	[MsgId: MWAR-15995]
Warning: Iteration pacing cannot be reached (pace time = 4.00, actual time = 17.28).	[MsgId: MWAR-15995]
Warning: Iteration pacing cannot be reached (pace time = 4.00, actual time = 4.66).	[MsgId: MWAR-15995]
Warning: Iteration pacing cannot be reached (pace time = 4.00, actual time = 7.19).	[MsgId: MWAR-15995]
Warning: Iteration pacing cannot be reached (pace time = 4.00, actual time = 8.17).	[MsgId: MWAR-15995]
Warning: Iteration pacing cannot be reached (pace time = 4.00, actual time = 4.44).	[MsgId: MWAR-15995]
Warning: Iteration pacing cannot be reached (pace time = 4.00, actual time = 4.42).	[MsgId: MWAR-15995]
Warning: Iteration pacing cannot be reached (pace time = 4.00, actual time = 26.15).	[MsgId: MWAR-15995]
WISE_KaasContentRendering.c(10): Continuing after Error -26608: HTTP Status-Code=504 (Gateway Timeout) for "https://hx9ekpvvbi.execute-api.us-east-1.amazonaws.com/KaaS-ITG/v2/render/000aKDbYdNJjobjZQ7paAA2BGOSW/ish_1942086-1888968-16"  	[MsgId: MERR-26608]
Warning: Iteration pacing cannot be reached (pace time = 4.00, actual time = 28.43).	[MsgId: MWAR-15995]
WISE_KaasContentRendering.c(10): Continuing after Error -26608: HTTP Status-Code=504 (Gateway Timeout) for "https://hx9ekpvvbi.execute-api.us-east-1.amazonaws.com/KaaS-ITG/v2/render/000aKDbYdNJjobjZQ7paAA2BGOSW/ish_1632434-68170-16"  	[MsgId: MERR-26608]
Warning: Iteration pacing cannot be reached (pace time = 4.00, actual time = 31.09).	[MsgId: MWAR-15995]
Warning: Iteration pacing cannot be reached (pace time = 4.00, actual time = 35.74).	[MsgId: MWAR-15995]
Warning: Iteration pacing cannot be reached (pace time = 4.00, actual time = 10.21).	[MsgId: MWAR-15995]
Warning: Iteration pacing cannot be reached (pace time = 4.00, actual time = 8.79).	[MsgId: MWAR-15995]
Warning: Iteration pacing cannot be reached (pace time = 4.00, actual time = 29.79).	[MsgId: MWAR-15995]
WISE_KaasContentRendering.c(10): Continuing after Error -26608: HTTP Status-Code=504 (Gateway Timeout) for "https://hx9ekpvvbi.execute-api.us-east-1.amazonaws.com/KaaS-ITG/v2/render/000aKDbYdNJjobjZQ7paAA2BGOSW/ish_1865294-1786744-16"  	[MsgId: MERR-26608]
WISE_KaasContentRendering.c(10): Continuing after Error -26608: HTTP Status-Code=504 (Gateway Timeout) for "https://hx9ekpvvbi.execute-api.us-east-1.amazonaws.com/KaaS-ITG/v2/render/000aKDbYdNJjobjZQ7paAA2BGOSW/ish_1997210-1528385-16"  	[MsgId: MERR-26608]
Warning: Iteration pacing cannot be reached (pace time = 4.00, actual time = 16.14).	[MsgId: MWAR-15995]
Warning: Iteration pacing cannot be reached (pace time = 4.00, actual time = 51.85).	[MsgId: MWAR-15995]
WCC_KaasContentRendering.c(10): Continuing after Error -26608: HTTP Status-Code=504 (Gateway Timeout) for "https://hx9ekpvvbi.execute-api.us-east-1.amazonaws.com/KaaS-ITG/v2/render/000aNeuRXTrqP8TW04XUIemDmHRs/ish_1569716-65627-16?entitlement=none&audience=customer&isFullHTMLRequired=true"  	[MsgId: MERR-26608]
Warning: Iteration pacing cannot be reached (pace time = 4.00, actual time = 59.48).	[MsgId: MWAR-15995]
WCC_KaasContentRendering.c(10): Continuing after Error -26608: HTTP Status-Code=504 (Gateway Timeout) for "https://hx9ekpvvbi.execute-api.us-east-1.amazonaws.com/KaaS-ITG/v2/render/000aNeuRXTrqP8TW04XUIemDmHRs/ish_1632109-56362-16?entitlement=none&audience=customer&isFullHTMLRequired=true"  	[MsgId: MERR-26608]
Warning: Iteration pacing cannot be reached (pace time = 4.00, actual time = 58.45).	[MsgId: MWAR-15995]
Warning: Iteration pacing cannot be reached (pace time = 4.00, actual time = 7.97).	[MsgId: MWAR-15995]
WCC_KaasContentRendering.c(10): Continuing after Error -26608: HTTP Status-Code=504 (Gateway Timeout) for "https://hx9ekpvvbi.execute-api.us-east-1.amazonaws.com/KaaS-ITG/v2/render/000aNeuRXTrqP8TW04XUIemDmHRs/ish_1632604-68210-16?entitlement=none&audience=customer&isFullHTMLRequired=true"  	[MsgId: MERR-26608]
Warning: Iteration pacing cannot be reached (pace time = 4.00, actual time = 52.53).	[MsgId: MWAR-15995]
KaaS_Content_Rendering_MetaData.c(10): Continuing after Error -26608: HTTP Status-Code=504 (Gateway Timeout) for "https://hx9ekpvvbi.execute-api.us-east-1.amazonaws.com/KaaS-ITG/v2/search?documentID=c01683939&resultLimit=1&resultStart=0&languageCode=ko,en&countryCode=6984892597308500812593&store=udp-content-default,docstore,manualstore,sdlmanualstore&printFields=documentID,filename,name,summary,objectname,dredbname,description,title,shortestnavigationpath,categorizations,ishType,searchable,languagedocmap"  	[MsgId: MERR-26608]
WCC_KaasContentRendering.c(10): Continuing after Error -26608: HTTP Status-Code=504 (Gateway Timeout) for "https://hx9ekpvvbi.execute-api.us-east-1.amazonaws.com/KaaS-ITG/v2/render/000aNeuRXTrqP8TW04XUIemDmHRs/ish_1609150-230197-16?entitlement=none&audience=customer&isFullHTMLRequired=true"  	[MsgId: MERR-26608]
Warning: Iteration pacing cannot be reached (pace time = 4.00, actual time = 30.00).	[MsgId: MWAR-15995]
Warning: Iteration pacing cannot be reached (pace time = 4.00, actual time = 36.09).	[MsgId: MWAR-15995]
Warning: Iteration pacing cannot be reached (pace time = 4.00, actual time = 10.05).	[MsgId: MWAR-15995]
Warning: Iteration pacing cannot be reached (pace time = 4.00, actual time = 45.01).	[MsgId: MWAR-15995]
Warning: Iteration pacing cannot be reached (pace time = 4.00, actual time = 7.55).	[MsgId: MWAR-15995]
Warning: Iteration pacing cannot be reached (pace time = 4.00, actual time = 11.84).	[MsgId: MWAR-15995]
Warning: Iteration pacing cannot be reached (pace time = 4.00, actual time = 5.42).	[MsgId: MWAR-15995]
KaaS_Content_Rendering_MetaData.c(10): Continuing after Error -26608: HTTP Status-Code=504 (Gateway Timeout) for "https://hx9ekpvvbi.execute-api.us-east-1.amazonaws.com/KaaS-ITG/v2/search?documentID=c01683939&resultLimit=1&resultStart=0&languageCode=ko,en&countryCode=6984892597308500812593&store=udp-content-default,docstore,manualstore,sdlmanualstore&printFields=documentID,filename,name,summary,objectname,dredbname,description,title,shortestnavigationpath,categorizations,ishType,searchable,languagedocmap"  	[MsgId: MERR-26608]
Warning: Iteration pacing cannot be reached (pace time = 4.00, actual time = 29.62).	[MsgId: MWAR-15995]
WCC_KaasContentRendering.c(10): Continuing after Error -26608: HTTP Status-Code=504 (Gateway Timeout) for "https://hx9ekpvvbi.execute-api.us-east-1.amazonaws.com/KaaS-ITG/v2/render/000aNeuRXTrqP8TW04XUIemDmHRs/ish_1563115-290634-16?entitlement=none&audience=customer&isFullHTMLRequired=true"  	[MsgId: MERR-26608]
Warning: Iteration pacing cannot be reached (pace time = 4.00, actual time = 29.71).	[MsgId: MWAR-15995]
WCC_KaasContentRendering.c(10): Continuing after Error -26608: HTTP Status-Code=504 (Gateway Timeout) for "https://hx9ekpvvbi.execute-api.us-east-1.amazonaws.com/KaaS-ITG/v2/render/000aNeuRXTrqP8TW04XUIemDmHRs/ish_1562951-290517-16?entitlement=none&audience=customer&isFullHTMLRequired=true"  	[MsgId: MERR-26608]
Warning: Iteration pacing cannot be reached (pace time = 4.00, actual time = 29.67).	[MsgId: MWAR-15995]
WCC_KaasContentRendering.c(10): Continuing after Error -26608: HTTP Status-Code=504 (Gateway Timeout) for "https://hx9ekpvvbi.execute-api.us-east-1.amazonaws.com/KaaS-ITG/v2/render/000aNeuRXTrqP8TW04XUIemDmHRs/ish_1590249-1084463-16?entitlement=none&audience=customer&isFullHTMLRequired=true"  	[MsgId: MERR-26608]
Warning: Iteration pacing cannot be reached (pace time = 4.00, actual time = 44.02).	[MsgId: MWAR-15995]
KaaS_Content_Rendering_MetaData.c(10): Continuing after Error -26608: HTTP Status-Code=504 (Gateway Timeout) for "https://hx9ekpvvbi.execute-api.us-east-1.amazonaws.com/KaaS-ITG/v2/search?documentID=c02129193&resultLimit=1&resultStart=0&languageCode=ko,en&countryCode=6984892597308500812593&store=udp-content-default,docstore,manualstore,sdlmanualstore&printFields=documentID,filename,name,summary,objectname,dredbname,description,title,shortestnavigationpath,categorizations,ishType,searchable,languagedocmap"  	[MsgId: MERR-26608]
Warning: Iteration pacing cannot be reached (pace time = 4.00, actual time = 29.70).	[MsgId: MWAR-15995]
Warning: Iteration pacing cannot be reached (pace time = 4.00, actual time = 19.18).	[MsgId: MWAR-15995]
Warning: Iteration pacing cannot be reached (pace time = 4.00, actual time = 9.15).	[MsgId: MWAR-15995]
Warning: Iteration pacing cannot be reached (pace time = 4.00, actual time = 9.39).	[MsgId: MWAR-15995]
Warning: Iteration pacing cannot be reached (pace time = 4.00, actual time = 5.45).	[MsgId: MWAR-15995]
Warning: Iteration pacing cannot be reached (pace time = 4.00, actual time = 20.49).	[MsgId: MWAR-15995]
Warning: Iteration pacing cannot be reached (pace time = 4.00, actual time = 27.09).	[MsgId: MWAR-15995]
WISE_KaasContentRendering.c(10): Continuing after Error -26608: HTTP Status-Code=504 (Gateway Timeout) for "https://hx9ekpvvbi.execute-api.us-east-1.amazonaws.com/KaaS-ITG/v2/render/000aKDbYdNJjobjZQ7paAA2BGOSW/ish_2025988-1592331-16"  	[MsgId: MERR-26608]
Warning: Iteration pacing cannot be reached (pace time = 4.00, actual time = 29.57).	[MsgId: MWAR-15995]
Warning: Iteration pacing cannot be reached (pace time = 4.00, actual time = 23.33).	[MsgId: MWAR-15995]
Warning: Iteration pacing cannot be reached (pace time = 4.00, actual time = 7.21).	[MsgId: MWAR-15995]
Warning: Iteration pacing cannot be reached (pace time = 4.00, actual time = 30.95).	[MsgId: MWAR-15995]
Warning: Iteration pacing cannot be reached (pace time = 4.00, actual time = 25.97).	[MsgId: MWAR-15995]
Warning: Iteration pacing cannot be reached (pace time = 4.00, actual time = 31.30).	[MsgId: MWAR-15995]
Warning: Iteration pacing cannot be reached (pace time = 4.00, actual time = 28.33).	[MsgId: MWAR-15995]
Warning: Iteration pacing cannot be reached (pace time = 4.00, actual time = 4.63).	[MsgId: MWAR-15995]
Warning: Iteration pacing cannot be reached (pace time = 4.00, actual time = 11.62).	[MsgId: MWAR-15995]
Warning: Iteration pacing cannot be reached (pace time = 4.00, actual time = 13.78).	[MsgId: MWAR-15995]
Warning: Iteration pacing cannot be reached (pace time = 4.00, actual time = 4.21).	[MsgId: MWAR-15995]
Warning: Iteration pacing cannot be reached (pace time = 4.00, actual time = 7.46).	[MsgId: MWAR-15995]
Warning: Iteration pacing cannot be reached (pace time = 4.00, actual time = 12.01).	[MsgId: MWAR-15995]
WCC_KaasContentRendering.c(10): Continuing after Error -26608: HTTP Status-Code=504 (Gateway Timeout) for "https://hx9ekpvvbi.execute-api.us-east-1.amazonaws.com/KaaS-ITG/v2/render/000aNeuRXTrqP8TW04XUIemDmHRs/ish_2268897-1678976-16?entitlement=none&audience=customer&isFullHTMLRequired=true"  	[MsgId: MERR-26608]
Warning: Iteration pacing cannot be reached (pace time = 4.00, actual time = 30.95).	[MsgId: MWAR-15995]
WISE_KaasContentRendering.c(10): Continuing after Error -26608: HTTP Status-Code=504 (Gateway Timeout) for "https://hx9ekpvvbi.execute-api.us-east-1.amazonaws.com/KaaS-ITG/v2/render/000aKDbYdNJjobjZQ7paAA2BGOSW/ish_2268897-1678976-16"  	[MsgId: MERR-26608]
WCC_KaasContentRendering.c(10): Continuing after Error -26608: HTTP Status-Code=504 (Gateway Timeout) for "https://hx9ekpvvbi.execute-api.us-east-1.amazonaws.com/KaaS-ITG/v2/render/000aNeuRXTrqP8TW04XUIemDmHRs/ish_1997210-1528385-16?entitlement=none&audience=customer&isFullHTMLRequired=true"  	[MsgId: MERR-26608]
Warning: Iteration pacing cannot be reached (pace time = 4.00, actual time = 39.83).	[MsgId: MWAR-15995]
WISE_KaasContentRendering.c(10): Continuing after Error -26608: HTTP Status-Code=504 (Gateway Timeout) for "https://hx9ekpvvbi.execute-api.us-east-1.amazonaws.com/KaaS-ITG/v2/render/000aKDbYdNJjobjZQ7paAA2BGOSW/ish_1771220-1716190-16"  	[MsgId: MERR-26608]
Warning: Iteration pacing cannot be reached (pace time = 4.00, actual time = 20.79).	[MsgId: MWAR-15995]
Warning: Iteration pacing cannot be reached (pace time = 4.00, actual time = 39.97).	[MsgId: MWAR-15995]
Warning: Iteration pacing cannot be reached (pace time = 4.00, actual time = 7.67).	[MsgId: MWAR-15995]
Warning: Iteration pacing cannot be reached (pace time = 4.00, actual time = 54.48).	[MsgId: MWAR-15995]
Warning: Iteration pacing cannot be reached (pace time = 4.00, actual time = 5.37).	[MsgId: MWAR-15995]
Warning: Iteration pacing cannot be reached (pace time = 4.00, actual time = 7.54).	[MsgId: MWAR-15995]
Warning: Iteration pacing cannot be reached (pace time = 4.00, actual time = 5.09).	[MsgId: MWAR-15995]
Warning: Iteration pacing cannot be reached (pace time = 4.00, actual time = 6.93).	[MsgId: MWAR-15995]
Warning: Iteration pacing cannot be reached (pace time = 4.00, actual time = 8.73).	[MsgId: MWAR-15995]
Warning: Iteration pacing cannot be reached (pace time = 4.00, actual time = 5.83).	[MsgId: MWAR-15995]
Warning: Iteration pacing cannot be reached (pace time = 4.00, actual time = 9.53).	[MsgId: MWAR-15995]
Warning: Iteration pacing cannot be reached (pace time = 4.00, actual time = 6.80).	[MsgId: MWAR-15995]
Warning: Iteration pacing cannot be reached (pace time = 4.00, actual time = 4.46).	[MsgId: MWAR-15995]
Warning: Iteration pacing cannot be reached (pace time = 4.00, actual time = 5.97).	[MsgId: MWAR-15995]
Warning: Iteration pacing cannot be reached (pace time = 4.00, actual time = 14.15).	[MsgId: MWAR-15995]
Warning: Iteration pacing cannot be reached (pace time = 4.00, actual time = 10.16).	[MsgId: MWAR-15995]
Warning: Iteration pacing cannot be reached (pace time = 4.00, actual time = 10.73).	[MsgId: MWAR-15995]
Warning: Iteration pacing cannot be reached (pace time = 4.00, actual time = 19.39).	[MsgId: MWAR-15995]
Warning: Iteration pacing cannot be reached (pace time = 4.00, actual time = 16.56).	[MsgId: MWAR-15995]
Warning: Iteration pacing cannot be reached (pace time = 4.00, actual time = 19.96).	[MsgId: MWAR-15995]
Warning: Iteration pacing cannot be reached (pace time = 4.00, actual time = 5.93).	[MsgId: MWAR-15995]
Warning: Iteration pacing cannot be reached (pace time = 4.00, actual time = 24.07).	[MsgId: MWAR-15995]
Warning: Iteration pacing cannot be reached (pace time = 4.00, actual time = 19.63).	[MsgId: MWAR-15995]
Warning: Iteration pacing cannot be reached (pace time = 4.00, actual time = 4.14).	[MsgId: MWAR-15995]
Warning: Iteration pacing cannot be reached (pace time = 4.00, actual time = 6.65).	[MsgId: MWAR-15995]
Warning: Iteration pacing cannot be reached (pace time = 4.00, actual time = 7.66).	[MsgId: MWAR-15995]
Warning: Iteration pacing cannot be reached (pace time = 4.00, actual time = 8.19).	[MsgId: MWAR-15995]
Warning: Iteration pacing cannot be reached (pace time = 4.00, actual time = 4.42).	[MsgId: MWAR-15995]
Warning: Iteration pacing cannot be reached (pace time = 4.00, actual time = 6.30).	[MsgId: MWAR-15995]
Warning: Iteration pacing cannot be reached (pace time = 4.00, actual time = 6.30).	[MsgId: MWAR-15995]
Warning: Iteration pacing cannot be reached (pace time = 4.00, actual time = 4.88).	[MsgId: MWAR-15995]
Warning: Iteration pacing cannot be reached (pace time = 4.00, actual time = 6.29).	[MsgId: MWAR-15995]
KaaS_Content_Rendering_MetaData.c(10): Continuing after Error -26608: HTTP Status-Code=504 (Gateway Timeout) for "https://hx9ekpvvbi.execute-api.us-east-1.amazonaws.com/KaaS-ITG/v2/search?documentID=c02886960&resultLimit=1&resultStart=0&languageCode=ko,en&countryCode=6984892597308500812593&store=udp-content-default,docstore,manualstore,sdlmanualstore&printFields=documentID,filename,name,summary,objectname,dredbname,description,title,shortestnavigationpath,categorizations,ishType,searchable,languagedocmap"  	[MsgId: MERR-26608]
Warning: Iteration pacing cannot be reached (pace time = 4.00, actual time = 30.10).	[MsgId: MWAR-15995]
Warning: Iteration pacing cannot be reached (pace time = 4.00, actual time = 29.60).	[MsgId: MWAR-15995]
Warning: Iteration pacing cannot be reached (pace time = 4.00, actual time = 26.71).	[MsgId: MWAR-15995]
Warning: Iteration pacing cannot be reached (pace time = 4.00, actual time = 24.54).	[MsgId: MWAR-15995]
Warning: Iteration pacing cannot be reached (pace time = 4.00, actual time = 19.97).	[MsgId: MWAR-15995]
Warning: Iteration pacing cannot be reached (pace time = 4.00, actual time = 5.42).	[MsgId: MWAR-15995]
Warning: Iteration pacing cannot be reached (pace time = 4.00, actual time = 21.60).	[MsgId: MWAR-15995]
Warning: Iteration pacing cannot be reached (pace time = 4.00, actual time = 23.85).	[MsgId: MWAR-15995]
Warning: Iteration pacing cannot be reached (pace time = 4.00, actual time = 7.15).	[MsgId: MWAR-15995]
Warning: Iteration pacing cannot be reached (pace time = 4.00, actual time = 24.89).	[MsgId: MWAR-15995]
Warning: Iteration pacing cannot be reached (pace time = 4.00, actual time = 23.02).	[MsgId: MWAR-15995]
Warning: Iteration pacing cannot be reached (pace time = 4.00, actual time = 22.42).	[MsgId: MWAR-15995]
Warning: Iteration pacing cannot be reached (pace time = 4.00, actual time = 10.39).	[MsgId: MWAR-15995]
Warning: Iteration pacing cannot be reached (pace time = 4.00, actual time = 10.39).	[MsgId: MWAR-15995]
Warning: Iteration pacing cannot be reached (pace time = 4.00, actual time = 20.32).	[MsgId: MWAR-15995]
Warning: Iteration pacing cannot be reached (pace time = 4.00, actual time = 18.16).	[MsgId: MWAR-15995]
Warning: Iteration pacing cannot be reached (pace time = 4.00, actual time = 23.27).	[MsgId: MWAR-15995]
Warning: Iteration pacing cannot be reached (pace time = 4.00, actual time = 7.52).	[MsgId: MWAR-15995]
Warning: Iteration pacing cannot be reached (pace time = 4.00, actual time = 27.50).	[MsgId: MWAR-15995]
Warning: Iteration pacing cannot be reached (pace time = 4.00, actual time = 26.97).	[MsgId: MWAR-15995]
Warning: Iteration pacing cannot be reached (pace time = 4.00, actual time = 16.84).	[MsgId: MWAR-15995]
Warning: Iteration pacing cannot be reached (pace time = 4.00, actual time = 22.00).	[MsgId: MWAR-15995]
Warning: Iteration pacing cannot be reached (pace time = 4.00, actual time = 11.13).	[MsgId: MWAR-15995]
Warning: Iteration pacing cannot be reached (pace time = 4.00, actual time = 11.59).	[MsgId: MWAR-15995]
Warning: Iteration pacing cannot be reached (pace time = 4.00, actual time = 12.41).	[MsgId: MWAR-15995]
Warning: Iteration pacing cannot be reached (pace time = 4.00, actual time = 14.43).	[MsgId: MWAR-15995]
Warning: Iteration pacing cannot be reached (pace time = 4.00, actual time = 4.15).	[MsgId: MWAR-15995]
Warning: Iteration pacing cannot be reached (pace time = 4.00, actual time = 4.32).	[MsgId: MWAR-15995]
WCC_KaasContentRendering.c(10): Continuing after Error -26608: HTTP Status-Code=504 (Gateway Timeout) for "https://hx9ekpvvbi.execute-api.us-east-1.amazonaws.com/KaaS-ITG/v2/render/000aNeuRXTrqP8TW04XUIemDmHRs/ish_2026000-1498532-16?entitlement=none&audience=customer&isFullHTMLRequired=true"  	[MsgId: MERR-26608]
Warning: Iteration pacing cannot be reached (pace time = 4.00, actual time = 29.54).	[MsgId: MWAR-15995]
WCC_KaasContentRendering.c(10): Continuing after Error -26608: HTTP Status-Code=504 (Gateway Timeout) for "https://hx9ekpvvbi.execute-api.us-east-1.amazonaws.com/KaaS-ITG/v2/render/000aNeuRXTrqP8TW04XUIemDmHRs/ish_1569716-65627-16?entitlement=none&audience=customer&isFullHTMLRequired=true"  	[MsgId: MERR-26608]
Warning: Iteration pacing cannot be reached (pace time = 4.00, actual time = 40.65).	[MsgId: MWAR-15995]
WCC_KaasContentRendering.c(10): Continuing after Error -26608: HTTP Status-Code=504 (Gateway Timeout) for "https://hx9ekpvvbi.execute-api.us-east-1.amazonaws.com/KaaS-ITG/v2/render/000aNeuRXTrqP8TW04XUIemDmHRs/ish_1632434-68170-16?entitlement=none&audience=customer&isFullHTMLRequired=true"  	[MsgId: MERR-26608]
Warning: Iteration pacing cannot be reached (pace time = 4.00, actual time = 29.70).	[MsgId: MWAR-15995]
KaaS_Content_Rendering_MetaData.c(10): Continuing after Error -26608: HTTP Status-Code=504 (Gateway Timeout) for "https://hx9ekpvvbi.execute-api.us-east-1.amazonaws.com/KaaS-ITG/v2/search?documentID=c05417875&resultLimit=1&resultStart=0&languageCode=ko,en&countryCode=6984892597308500812593&store=udp-content-default,docstore,manualstore,sdlmanualstore&printFields=documentID,filename,name,summary,objectname,dredbname,description,title,shortestnavigationpath,categorizations,ishType,searchable,languagedocmap"  	[MsgId: MERR-26608]
Warning: Iteration pacing cannot be reached (pace time = 4.00, actual time = 7.97).	[MsgId: MWAR-15995]
Warning: Iteration pacing cannot be reached (pace time = 4.00, actual time = 51.54).	[MsgId: MWAR-15995]
Warning: Iteration pacing cannot be reached (pace time = 4.00, actual time = 15.69).	[MsgId: MWAR-15995]
WISE_KaasContentRendering.c(10): Continuing after Error -26608: HTTP Status-Code=504 (Gateway Timeout) for "https://hx9ekpvvbi.execute-api.us-east-1.amazonaws.com/KaaS-ITG/v2/render/000aKDbYdNJjobjZQ7paAA2BGOSW/ish_1639356-181065-16"  	[MsgId: MERR-26608]
Warning: Iteration pacing cannot be reached (pace time = 4.00, actual time = 29.89).	[MsgId: MWAR-15995]
Warning: Iteration pacing cannot be reached (pace time = 4.00, actual time = 13.48).	[MsgId: MWAR-15995]
Warning: Iteration pacing cannot be reached (pace time = 4.00, actual time = 7.69).	[MsgId: MWAR-15995]
Warning: Iteration pacing cannot be reached (pace time = 4.00, actual time = 4.47).	[MsgId: MWAR-15995]
Warning: Iteration pacing cannot be reached (pace time = 4.00, actual time = 11.10).	[MsgId: MWAR-15995]
Warning: Iteration pacing cannot be reached (pace time = 4.00, actual time = 18.79).	[MsgId: MWAR-15995]
Warning: Iteration pacing cannot be reached (pace time = 4.00, actual time = 13.02).	[MsgId: MWAR-15995]
Warning: Iteration pacing cannot be reached (pace time = 4.00, actual time = 4.74).	[MsgId: MWAR-15995]
Warning: Iteration pacing cannot be reached (pace time = 4.00, actual time = 14.67).	[MsgId: MWAR-15995]
Warning: Iteration pacing cannot be reached (pace time = 4.00, actual time = 18.06).	[MsgId: MWAR-15995]
Warning: Iteration pacing cannot be reached (pace time = 4.00, actual time = 14.67).	[MsgId: MWAR-15995]
Warning: Iteration pacing cannot be reached (pace time = 4.00, actual time = 4.53).	[MsgId: MWAR-15995]
KaaS_Content_Rendering_MetaData.c(10): Continuing after Error -26608: HTTP Status-Code=504 (Gateway Timeout) for "https://hx9ekpvvbi.execute-api.us-east-1.amazonaws.com/KaaS-ITG/v2/search?documentID=c05417875&resultLimit=1&resultStart=0&languageCode=ko,en&countryCode=6984892597308500812593&store=udp-content-default,docstore,manualstore,sdlmanualstore&printFields=documentID,filename,name,summary,objectname,dredbname,description,title,shortestnavigationpath,categorizations,ishType,searchable,languagedocmap"  	[MsgId: MERR-26608]
Warning: Iteration pacing cannot be reached (pace time = 4.00, actual time = 29.79).	[MsgId: MWAR-15995]
WISE_KaasContentRendering.c(10): Continuing after Error -26608: HTTP Status-Code=504 (Gateway Timeout) for "https://hx9ekpvvbi.execute-api.us-east-1.amazonaws.com/KaaS-ITG/v2/render/000aKDbYdNJjobjZQ7paAA2BGOSW/ish_1997210-1528385-16"  	[MsgId: MERR-26608]
KaaS_Content_Rendering_MetaData.c(10): Continuing after Error -26608: HTTP Status-Code=504 (Gateway Timeout) for "https://hx9ekpvvbi.execute-api.us-east-1.amazonaws.com/KaaS-ITG/v2/search?documentID=c02862584&resultLimit=1&resultStart=0&languageCode=ko,en&countryCode=6984892597308500812593&store=udp-content-default,docstore,manualstore,sdlmanualstore&printFields=documentID,filename,name,summary,objectname,dredbname,description,title,shortestnavigationpath,categorizations,ishType,searchable,languagedocmap"  	[MsgId: MERR-26608]
Warning: Iteration pacing cannot be reached (pace time = 4.00, actual time = 29.63).	[MsgId: MWAR-15995]
Warning: Iteration pacing cannot be reached (pace time = 4.00, actual time = 30.17).	[MsgId: MWAR-15995]
Kaas_Contextual_Filtering.c(9): Continuing after Error -26608: HTTP Status-Code=504 (Gateway Timeout) for "https://hx9ekpvvbi.execute-api.us-east-1.amazonaws.com/KaaS-ITG/v2/render/000aKDbYdNJjobjZQ7paAA2BGOSW/ish_849683-2147483634-16?conditions=FHPIPRODUCT=7779712"  	[MsgId: MERR-26608]
Warning: Iteration pacing cannot be reached (pace time = 4.00, actual time = 29.75).	[MsgId: MWAR-15995]
Warning: Iteration pacing cannot be reached (pace time = 4.00, actual time = 9.23).	[MsgId: MWAR-15995]
Warning: Iteration pacing cannot be reached (pace time = 4.00, actual time = 10.84).	[MsgId: MWAR-15995]
Warning: Iteration pacing cannot be reached (pace time = 4.00, actual time = 5.04).	[MsgId: MWAR-15995]
Warning: Iteration pacing cannot be reached (pace time = 4.00, actual time = 13.96).	[MsgId: MWAR-15995]
Warning: Iteration pacing cannot be reached (pace time = 4.00, actual time = 16.50).	[MsgId: MWAR-15995]
Warning: Iteration pacing cannot be reached (pace time = 4.00, actual time = 10.79).	[MsgId: MWAR-15995]
Warning: Iteration pacing cannot be reached (pace time = 4.00, actual time = 18.10).	[MsgId: MWAR-15995]
Warning: Iteration pacing cannot be reached (pace time = 4.00, actual time = 4.74).	[MsgId: MWAR-15995]
Warning: Iteration pacing cannot be reached (pace time = 4.00, actual time = 5.50).	[MsgId: MWAR-15995]
Warning: Iteration pacing cannot be reached (pace time = 4.00, actual time = 6.29).	[MsgId: MWAR-15995]
Warning: Iteration pacing cannot be reached (pace time = 4.00, actual time = 9.32).	[MsgId: MWAR-15995]
Warning: Iteration pacing cannot be reached (pace time = 4.00, actual time = 8.63).	[MsgId: MWAR-15995]
Warning: Iteration pacing cannot be reached (pace time = 4.00, actual time = 12.39).	[MsgId: MWAR-15995]
Warning: Iteration pacing cannot be reached (pace time = 4.00, actual time = 23.91).	[MsgId: MWAR-15995]
Warning: Iteration pacing cannot be reached (pace time = 4.00, actual time = 13.26).	[MsgId: MWAR-15995]
Warning: Iteration pacing cannot be reached (pace time = 4.00, actual time = 16.29).	[MsgId: MWAR-15995]
Warning: Iteration pacing cannot be reached (pace time = 4.00, actual time = 26.28).	[MsgId: MWAR-15995]
Warning: Iteration pacing cannot be reached (pace time = 4.00, actual time = 20.21).	[MsgId: MWAR-15995]
Warning: Iteration pacing cannot be reached (pace time = 4.00, actual time = 16.50).	[MsgId: MWAR-15995]
Warning: Iteration pacing cannot be reached (pace time = 4.00, actual time = 24.50).	[MsgId: MWAR-15995]
Warning: Iteration pacing cannot be reached (pace time = 4.00, actual time = 6.07).	[MsgId: MWAR-15995]
Warning: Iteration pacing cannot be reached (pace time = 4.00, actual time = 7.92).	[MsgId: MWAR-15995]
Warning: Iteration pacing cannot be reached (pace time = 4.00, actual time = 22.23).	[MsgId: MWAR-15995]
Warning: Iteration pacing cannot be reached (pace time = 4.00, actual time = 21.27).	[MsgId: MWAR-15995]
Warning: Iteration pacing cannot be reached (pace time = 4.00, actual time = 25.21).	[MsgId: MWAR-15995]
Warning: Iteration pacing cannot be reached (pace time = 4.00, actual time = 10.73).	[MsgId: MWAR-15995]
Warning: Iteration pacing cannot be reached (pace time = 4.00, actual time = 10.76).	[MsgId: MWAR-15995]
Warning: Iteration pacing cannot be reached (pace time = 4.00, actual time = 6.30).	[MsgId: MWAR-15995]
Warning: Iteration pacing cannot be reached (pace time = 4.00, actual time = 5.94).	[MsgId: MWAR-15995]
