KaaS_Content_Rendering_MetaData.c(10): Error -27718: Resolve/connect failed for the following proxies specified in the automatic configuration script: "DIRECT". Requested URL is "https://hx9ekpvvbi.execute-api.us-east-1.amazonaws.com/KaaS-ITG/v2/search?documentID=c05417875&resultLimit=1&resultStart=0&languageCode=ko,en&countryCode=6984892597308500812593&store=udp-content-default,docstore,manualstore,sdlmanualstore&printFields=documentID,filename,name,summary,objectname,dredbname,description,title,shortestnavigationpath,categorizations,ishType,searchable,languagedocmap".  	[MsgId: MERR-27718]
Warning: Iteration pacing cannot be reached (pace time = 0.90, actual time = 21.19).	[MsgId: MWAR-15995]
WISE_KaasContentRendering.c(10): Error -27718: Resolve/connect failed for the following proxies specified in the automatic configuration script: "DIRECT". Requested URL is "https://hx9ekpvvbi.execute-api.us-east-1.amazonaws.com/KaaS-ITG/v2/render/000ayXsW8s5Beok6fPaxF8XZEue5/ish_1942090-1890266-16".  	[MsgId: MERR-27718]
Warning: Iteration pacing cannot be reached (pace time = 0.90, actual time = 21.03).	[MsgId: MWAR-15995]
KaaS_Content_Rendering_MetaData.c(10): Error -27718: Resolve/connect failed for the following proxies specified in the automatic configuration script: "DIRECT". Requested URL is "https://hx9ekpvvbi.execute-api.us-east-1.amazonaws.com/KaaS-ITG/v2/search?documentID=c02282389&resultLimit=1&resultStart=0&languageCode=ko,en&countryCode=6984892597308500812593&store=udp-content-default,docstore,manualstore,sdlmanualstore&printFields=documentID,filename,name,summary,objectname,dredbname,description,title,shortestnavigationpath,categorizations,ishType,searchable,languagedocmap".  	[MsgId: MERR-27718]
Warning: Iteration pacing cannot be reached (pace time = 0.90, actual time = 21.03).	[MsgId: MWAR-15995]
KaaS_Content_Rendering_MetaData.c(10): Error -27718: Resolve/connect failed for the following proxies specified in the automatic configuration script: "DIRECT". Requested URL is "https://hx9ekpvvbi.execute-api.us-east-1.amazonaws.com/KaaS-ITG/v2/search?documentID=ish_1996955-1270281-16&resultLimit=1&resultStart=0&languageCode=ko,en&countryCode=6984892597308500812593&store=udp-content-default,docstore,manualstore,sdlmanualstore&printFields=documentID,filename,name,summary,objectname,dredbname,description,title,shortestnavigationpath,categorizations,ishType,searchable,languagedocmap".  	[MsgId: MERR-27718]
Warning: Iteration pacing cannot be reached (pace time = 0.90, actual time = 21.13).	[MsgId: MWAR-15995]
WISE_KaasContentRendering.c(10): Error -27718: Resolve/connect failed for the following proxies specified in the automatic configuration script: "DIRECT". Requested URL is "https://hx9ekpvvbi.execute-api.us-east-1.amazonaws.com/KaaS-ITG/v2/render/000ayXsW8s5Beok6fPaxF8XZEue5/ish_1835997-1460004-16".  	[MsgId: MERR-27718]
Warning: Iteration pacing cannot be reached (pace time = 0.90, actual time = 21.03).	[MsgId: MWAR-15995]
KaaS_Content_Rendering_MetaData.c(10): Error -27718: Resolve/connect failed for the following proxies specified in the automatic configuration script: "DIRECT". Requested URL is "https://hx9ekpvvbi.execute-api.us-east-1.amazonaws.com/KaaS-ITG/v2/search?documentID=ish_2281791-2076363-16&resultLimit=1&resultStart=0&languageCode=ko,en&countryCode=6984892597308500812593&store=udp-content-default,docstore,manualstore,sdlmanualstore&printFields=documentID,filename,name,summary,objectname,dredbname,description,title,shortestnavigationpath,categorizations,ishType,searchable,languagedocmap".  	[MsgId: MERR-27718]
Warning: Iteration pacing cannot be reached (pace time = 0.90, actual time = 21.01).	[MsgId: MWAR-15995]
WISE_KaasContentRendering.c(10): Error -27718: Resolve/connect failed for the following proxies specified in the automatic configuration script: "DIRECT". Requested URL is "https://hx9ekpvvbi.execute-api.us-east-1.amazonaws.com/KaaS-ITG/v2/render/000ayXsW8s5Beok6fPaxF8XZEue5/ish_1869137-1537860-16".  	[MsgId: MERR-27718]
Warning: Iteration pacing cannot be reached (pace time = 0.90, actual time = 21.02).	[MsgId: MWAR-15995]
KaaS_Content_Rendering_MetaData.c(10): Error -27718: Resolve/connect failed for the following proxies specified in the automatic configuration script: "DIRECT". Requested URL is "https://hx9ekpvvbi.execute-api.us-east-1.amazonaws.com/KaaS-ITG/v2/search?documentID=c01683939&resultLimit=1&resultStart=0&languageCode=ko,en&countryCode=6984892597308500812593&store=udp-content-default,docstore,manualstore,sdlmanualstore&printFields=documentID,filename,name,summary,objectname,dredbname,description,title,shortestnavigationpath,categorizations,ishType,searchable,languagedocmap".  	[MsgId: MERR-27718]
Warning: Iteration pacing cannot be reached (pace time = 0.90, actual time = 21.02).	[MsgId: MWAR-15995]
KaaS_Content_Rendering_MetaData.c(10): Error -27718: Resolve/connect failed for the following proxies specified in the automatic configuration script: "DIRECT". Requested URL is "https://hx9ekpvvbi.execute-api.us-east-1.amazonaws.com/KaaS-ITG/v2/search?documentID=c01683939&resultLimit=1&resultStart=0&languageCode=ko,en&countryCode=6984892597308500812593&store=udp-content-default,docstore,manualstore,sdlmanualstore&printFields=documentID,filename,name,summary,objectname,dredbname,description,title,shortestnavigationpath,categorizations,ishType,searchable,languagedocmap".  	[MsgId: MERR-27718]
Warning: Iteration pacing cannot be reached (pace time = 0.90, actual time = 21.04).	[MsgId: MWAR-15995]
WISE_KaasContentRendering.c(10): Error -27718: Resolve/connect failed for the following proxies specified in the automatic configuration script: "DIRECT". Requested URL is "https://hx9ekpvvbi.execute-api.us-east-1.amazonaws.com/KaaS-ITG/v2/render/000ayXsW8s5Beok6fPaxF8XZEue5/ish_1940936-1883938-16".  	[MsgId: MERR-27718]
Warning: Iteration pacing cannot be reached (pace time = 0.90, actual time = 21.03).	[MsgId: MWAR-15995]
KaaS_Content_Rendering_MetaData.c(10): Error -27718: Resolve/connect failed for the following proxies specified in the automatic configuration script: "DIRECT". Requested URL is "https://hx9ekpvvbi.execute-api.us-east-1.amazonaws.com/KaaS-ITG/v2/search?documentID=c01683939&resultLimit=1&resultStart=0&languageCode=ko,en&countryCode=6984892597308500812593&store=udp-content-default,docstore,manualstore,sdlmanualstore&printFields=documentID,filename,name,summary,objectname,dredbname,description,title,shortestnavigationpath,categorizations,ishType,searchable,languagedocmap".  	[MsgId: MERR-27718]
Warning: Iteration pacing cannot be reached (pace time = 0.90, actual time = 21.01).	[MsgId: MWAR-15995]
WISE_KaasContentRendering.c(10): Error -27718: Resolve/connect failed for the following proxies specified in the automatic configuration script: "DIRECT". Requested URL is "https://hx9ekpvvbi.execute-api.us-east-1.amazonaws.com/KaaS-ITG/v2/render/000ayXsW8s5Beok6fPaxF8XZEue5/ish_1869316-1744005-16".  	[MsgId: MERR-27718]
Warning: Iteration pacing cannot be reached (pace time = 0.90, actual time = 21.02).	[MsgId: MWAR-15995]
KaaS_Content_Rendering_MetaData.c(10): Error -27718: Resolve/connect failed for the following proxies specified in the automatic configuration script: "DIRECT". Requested URL is "https://hx9ekpvvbi.execute-api.us-east-1.amazonaws.com/KaaS-ITG/v2/search?documentID=c03086316&resultLimit=1&resultStart=0&languageCode=ko,en&countryCode=6984892597308500812593&store=udp-content-default,docstore,manualstore,sdlmanualstore&printFields=documentID,filename,name,summary,objectname,dredbname,description,title,shortestnavigationpath,categorizations,ishType,searchable,languagedocmap".  	[MsgId: MERR-27718]
Warning: Iteration pacing cannot be reached (pace time = 0.90, actual time = 21.03).	[MsgId: MWAR-15995]
KaaS_Content_Rendering_MetaData.c(10): Error -27718: Resolve/connect failed for the following proxies specified in the automatic configuration script: "DIRECT". Requested URL is "https://hx9ekpvvbi.execute-api.us-east-1.amazonaws.com/KaaS-ITG/v2/search?documentID=c02282389&resultLimit=1&resultStart=0&languageCode=ko,en&countryCode=6984892597308500812593&store=udp-content-default,docstore,manualstore,sdlmanualstore&printFields=documentID,filename,name,summary,objectname,dredbname,description,title,shortestnavigationpath,categorizations,ishType,searchable,languagedocmap".  	[MsgId: MERR-27718]
KaaS_Content_Rendering_MetaData.c(10): Error -27718: Resolve/connect failed for the following proxies specified in the automatic configuration script: "DIRECT". Requested URL is "https://hx9ekpvvbi.execute-api.us-east-1.amazonaws.com/KaaS-ITG/v2/search?documentID=c05417875&resultLimit=1&resultStart=0&languageCode=ko,en&countryCode=6984892597308500812593&store=udp-content-default,docstore,manualstore,sdlmanualstore&printFields=documentID,filename,name,summary,objectname,dredbname,description,title,shortestnavigationpath,categorizations,ishType,searchable,languagedocmap".  	[MsgId: MERR-27718]
Warning: Iteration pacing cannot be reached (pace time = 0.90, actual time = 21.20).	[MsgId: MWAR-15995]
Warning: Iteration pacing cannot be reached (pace time = 0.90, actual time = 21.17).	[MsgId: MWAR-15995]
KaaS_Content_Rendering_MetaData.c(10): Error -27718: Resolve/connect failed for the following proxies specified in the automatic configuration script: "DIRECT". Requested URL is "https://hx9ekpvvbi.execute-api.us-east-1.amazonaws.com/KaaS-ITG/v2/search?documentID=ish_1996955-1270281-16&resultLimit=1&resultStart=0&languageCode=ko,en&countryCode=6984892597308500812593&store=udp-content-default,docstore,manualstore,sdlmanualstore&printFields=documentID,filename,name,summary,objectname,dredbname,description,title,shortestnavigationpath,categorizations,ishType,searchable,languagedocmap".  	[MsgId: MERR-27718]
Warning: Iteration pacing cannot be reached (pace time = 0.90, actual time = 21.02).	[MsgId: MWAR-15995]
WISE_KaasContentRendering.c(10): Error -27718: Resolve/connect failed for the following proxies specified in the automatic configuration script: "DIRECT". Requested URL is "https://hx9ekpvvbi.execute-api.us-east-1.amazonaws.com/KaaS-ITG/v2/render/000ayXsW8s5Beok6fPaxF8XZEue5/ish_1869137-1537860-16".  	[MsgId: MERR-27718]
KaaS_Content_Rendering_MetaData.c(10): Error -27718: Resolve/connect failed for the following proxies specified in the automatic configuration script: "DIRECT". Requested URL is "https://hx9ekpvvbi.execute-api.us-east-1.amazonaws.com/KaaS-ITG/v2/search?documentID=c00752912&resultLimit=1&resultStart=0&languageCode=ko,en&countryCode=6984892597308500812593&store=udp-content-default,docstore,manualstore,sdlmanualstore&printFields=documentID,filename,name,summary,objectname,dredbname,description,title,shortestnavigationpath,categorizations,ishType,searchable,languagedocmap".  	[MsgId: MERR-27718]
Warning: Iteration pacing cannot be reached (pace time = 0.90, actual time = 21.01).	[MsgId: MWAR-15995]
Warning: Iteration pacing cannot be reached (pace time = 0.90, actual time = 21.01).	[MsgId: MWAR-15995]
KaaS_Content_Rendering_MetaData.c(10): Error -27718: Resolve/connect failed for the following proxies specified in the automatic configuration script: "DIRECT". Requested URL is "https://hx9ekpvvbi.execute-api.us-east-1.amazonaws.com/KaaS-ITG/v2/search?documentID=ish_2281791-2076363-16&resultLimit=1&resultStart=0&languageCode=ko,en&countryCode=6984892597308500812593&store=udp-content-default,docstore,manualstore,sdlmanualstore&printFields=documentID,filename,name,summary,objectname,dredbname,description,title,shortestnavigationpath,categorizations,ishType,searchable,languagedocmap".  	[MsgId: MERR-27718]
Warning: Iteration pacing cannot be reached (pace time = 0.90, actual time = 21.03).	[MsgId: MWAR-15995]
KaaS_Content_Rendering_MetaData.c(10): Error -27718: Resolve/connect failed for the following proxies specified in the automatic configuration script: "DIRECT". Requested URL is "https://hx9ekpvvbi.execute-api.us-east-1.amazonaws.com/KaaS-ITG/v2/search?documentID=c02862584&resultLimit=1&resultStart=0&languageCode=ko,en&countryCode=6984892597308500812593&store=udp-content-default,docstore,manualstore,sdlmanualstore&printFields=documentID,filename,name,summary,objectname,dredbname,description,title,shortestnavigationpath,categorizations,ishType,searchable,languagedocmap".  	[MsgId: MERR-27718]
KaaS_Content_Rendering_MetaData.c(10): Error -27718: Resolve/connect failed for the following proxies specified in the automatic configuration script: "DIRECT". Requested URL is "https://hx9ekpvvbi.execute-api.us-east-1.amazonaws.com/KaaS-ITG/v2/search?documentID=c02282389&resultLimit=1&resultStart=0&languageCode=ko,en&countryCode=6984892597308500812593&store=udp-content-default,docstore,manualstore,sdlmanualstore&printFields=documentID,filename,name,summary,objectname,dredbname,description,title,shortestnavigationpath,categorizations,ishType,searchable,languagedocmap".  	[MsgId: MERR-27718]
Warning: Iteration pacing cannot be reached (pace time = 0.90, actual time = 21.02).	[MsgId: MWAR-15995]
Warning: Iteration pacing cannot be reached (pace time = 0.90, actual time = 21.02).	[MsgId: MWAR-15995]
KaaS_Content_Rendering_MetaData.c(10): Error -27718: Resolve/connect failed for the following proxies specified in the automatic configuration script: "DIRECT". Requested URL is "https://hx9ekpvvbi.execute-api.us-east-1.amazonaws.com/KaaS-ITG/v2/search?documentID=ish_2281791-2076363-16&resultLimit=1&resultStart=0&languageCode=ko,en&countryCode=6984892597308500812593&store=udp-content-default,docstore,manualstore,sdlmanualstore&printFields=documentID,filename,name,summary,objectname,dredbname,description,title,shortestnavigationpath,categorizations,ishType,searchable,languagedocmap".  	[MsgId: MERR-27718]
Warning: Iteration pacing cannot be reached (pace time = 0.90, actual time = 21.02).	[MsgId: MWAR-15995]
WISE_KaasContentRendering.c(10): Error -27718: Resolve/connect failed for the following proxies specified in the automatic configuration script: "DIRECT". Requested URL is "https://hx9ekpvvbi.execute-api.us-east-1.amazonaws.com/KaaS-ITG/v2/render/000ayXsW8s5Beok6fPaxF8XZEue5/ish_1869316-1744005-16".  	[MsgId: MERR-27718]
Warning: Iteration pacing cannot be reached (pace time = 0.90, actual time = 21.01).	[MsgId: MWAR-15995]
WISE_KaasContentRendering.c(10): Error -27718: Resolve/connect failed for the following proxies specified in the automatic configuration script: "DIRECT". Requested URL is "https://hx9ekpvvbi.execute-api.us-east-1.amazonaws.com/KaaS-ITG/v2/render/000ayXsW8s5Beok6fPaxF8XZEue5/ish_1865294-1786744-16".  	[MsgId: MERR-27718]
KaaS_Content_Rendering_MetaData.c(10): Error -27718: Resolve/connect failed for the following proxies specified in the automatic configuration script: "DIRECT". Requested URL is "https://hx9ekpvvbi.execute-api.us-east-1.amazonaws.com/KaaS-ITG/v2/search?documentID=c02862584&resultLimit=1&resultStart=0&languageCode=ko,en&countryCode=6984892597308500812593&store=udp-content-default,docstore,manualstore,sdlmanualstore&printFields=documentID,filename,name,summary,objectname,dredbname,description,title,shortestnavigationpath,categorizations,ishType,searchable,languagedocmap".  	[MsgId: MERR-27718]
Warning: Iteration pacing cannot be reached (pace time = 0.90, actual time = 21.10).	[MsgId: MWAR-15995]
Warning: Iteration pacing cannot be reached (pace time = 0.90, actual time = 21.10).	[MsgId: MWAR-15995]
WISE_KaasContentRendering.c(10): Error -27718: Resolve/connect failed for the following proxies specified in the automatic configuration script: "DIRECT". Requested URL is "https://hx9ekpvvbi.execute-api.us-east-1.amazonaws.com/KaaS-ITG/v2/render/000ayXsW8s5Beok6fPaxF8XZEue5/ish_1942090-1890266-16".  	[MsgId: MERR-27718]
Warning: Iteration pacing cannot be reached (pace time = 0.90, actual time = 21.03).	[MsgId: MWAR-15995]
WISE_KaasContentRendering.c(10): Error -27718: Resolve/connect failed for the following proxies specified in the automatic configuration script: "DIRECT". Requested URL is "https://hx9ekpvvbi.execute-api.us-east-1.amazonaws.com/KaaS-ITG/v2/render/000ayXsW8s5Beok6fPaxF8XZEue5/ish_1835997-1460004-16".  	[MsgId: MERR-27718]
Warning: Iteration pacing cannot be reached (pace time = 0.90, actual time = 21.02).	[MsgId: MWAR-15995]
KaaS_Content_Rendering_MetaData.c(10): Error -27718: Resolve/connect failed for the following proxies specified in the automatic configuration script: "DIRECT". Requested URL is "https://hx9ekpvvbi.execute-api.us-east-1.amazonaws.com/KaaS-ITG/v2/search?documentID=ish_2281791-2076363-16&resultLimit=1&resultStart=0&languageCode=ko,en&countryCode=6984892597308500812593&store=udp-content-default,docstore,manualstore,sdlmanualstore&printFields=documentID,filename,name,summary,objectname,dredbname,description,title,shortestnavigationpath,categorizations,ishType,searchable,languagedocmap".  	[MsgId: MERR-27718]
KaaS_Content_Rendering_MetaData.c(10): Error -27718: Resolve/connect failed for the following proxies specified in the automatic configuration script: "DIRECT". Requested URL is "https://hx9ekpvvbi.execute-api.us-east-1.amazonaws.com/KaaS-ITG/v2/search?documentID=ish_2281791-2076363-16&resultLimit=1&resultStart=0&languageCode=ko,en&countryCode=6984892597308500812593&store=udp-content-default,docstore,manualstore,sdlmanualstore&printFields=documentID,filename,name,summary,objectname,dredbname,description,title,shortestnavigationpath,categorizations,ishType,searchable,languagedocmap".  	[MsgId: MERR-27718]
Warning: Iteration pacing cannot be reached (pace time = 0.90, actual time = 21.02).	[MsgId: MWAR-15995]
Warning: Iteration pacing cannot be reached (pace time = 0.90, actual time = 21.02).	[MsgId: MWAR-15995]
KaaS_Content_Rendering_MetaData.c(10): Error -27718: Resolve/connect failed for the following proxies specified in the automatic configuration script: "DIRECT". Requested URL is "https://hx9ekpvvbi.execute-api.us-east-1.amazonaws.com/KaaS-ITG/v2/search?documentID=c05417875&resultLimit=1&resultStart=0&languageCode=ko,en&countryCode=6984892597308500812593&store=udp-content-default,docstore,manualstore,sdlmanualstore&printFields=documentID,filename,name,summary,objectname,dredbname,description,title,shortestnavigationpath,categorizations,ishType,searchable,languagedocmap".  	[MsgId: MERR-27718]
Warning: Iteration pacing cannot be reached (pace time = 0.90, actual time = 21.02).	[MsgId: MWAR-15995]
WISE_KaasContentRendering.c(10): Error -27718: Resolve/connect failed for the following proxies specified in the automatic configuration script: "DIRECT". Requested URL is "https://hx9ekpvvbi.execute-api.us-east-1.amazonaws.com/KaaS-ITG/v2/render/000ayXsW8s5Beok6fPaxF8XZEue5/ish_1869137-1537860-16".  	[MsgId: MERR-27718]
Warning: Iteration pacing cannot be reached (pace time = 0.90, actual time = 21.04).	[MsgId: MWAR-15995]
KaaS_Content_Rendering_MetaData.c(10): Error -27718: Resolve/connect failed for the following proxies specified in the automatic configuration script: "DIRECT". Requested URL is "https://hx9ekpvvbi.execute-api.us-east-1.amazonaws.com/KaaS-ITG/v2/search?documentID=c00752912&resultLimit=1&resultStart=0&languageCode=ko,en&countryCode=6984892597308500812593&store=udp-content-default,docstore,manualstore,sdlmanualstore&printFields=documentID,filename,name,summary,objectname,dredbname,description,title,shortestnavigationpath,categorizations,ishType,searchable,languagedocmap".  	[MsgId: MERR-27718]
KaaS_Content_Rendering_MetaData.c(10): Error -27718: Resolve/connect failed for the following proxies specified in the automatic configuration script: "DIRECT". Requested URL is "https://hx9ekpvvbi.execute-api.us-east-1.amazonaws.com/KaaS-ITG/v2/search?documentID=c02049446&resultLimit=1&resultStart=0&languageCode=ko,en&countryCode=6984892597308500812593&store=udp-content-default,docstore,manualstore,sdlmanualstore&printFields=documentID,filename,name,summary,objectname,dredbname,description,title,shortestnavigationpath,categorizations,ishType,searchable,languagedocmap".  	[MsgId: MERR-27718]
Warning: Iteration pacing cannot be reached (pace time = 0.90, actual time = 21.02).	[MsgId: MWAR-15995]
Warning: Iteration pacing cannot be reached (pace time = 0.90, actual time = 21.02).	[MsgId: MWAR-15995]
KaaS_Content_Rendering_MetaData.c(10): Error -27718: Resolve/connect failed for the following proxies specified in the automatic configuration script: "DIRECT". Requested URL is "https://hx9ekpvvbi.execute-api.us-east-1.amazonaws.com/KaaS-ITG/v2/search?documentID=c05417875&resultLimit=1&resultStart=0&languageCode=ko,en&countryCode=6984892597308500812593&store=udp-content-default,docstore,manualstore,sdlmanualstore&printFields=documentID,filename,name,summary,objectname,dredbname,description,title,shortestnavigationpath,categorizations,ishType,searchable,languagedocmap".  	[MsgId: MERR-27718]
Warning: Iteration pacing cannot be reached (pace time = 0.90, actual time = 21.03).	[MsgId: MWAR-15995]
KaaS_Content_Rendering_MetaData.c(10): Error -27718: Resolve/connect failed for the following proxies specified in the automatic configuration script: "DIRECT". Requested URL is "https://hx9ekpvvbi.execute-api.us-east-1.amazonaws.com/KaaS-ITG/v2/search?documentID=c02129193&resultLimit=1&resultStart=0&languageCode=ko,en&countryCode=6984892597308500812593&store=udp-content-default,docstore,manualstore,sdlmanualstore&printFields=documentID,filename,name,summary,objectname,dredbname,description,title,shortestnavigationpath,categorizations,ishType,searchable,languagedocmap".  	[MsgId: MERR-27718]
Warning: Iteration pacing cannot be reached (pace time = 0.90, actual time = 21.03).	[MsgId: MWAR-15995]
WISE_KaasContentRendering.c(10): Error -27718: Resolve/connect failed for the following proxies specified in the automatic configuration script: "DIRECT". Requested URL is "https://hx9ekpvvbi.execute-api.us-east-1.amazonaws.com/KaaS-ITG/v2/render/000ayXsW8s5Beok6fPaxF8XZEue5/ish_1865306-1778204-16".  	[MsgId: MERR-27718]
Warning: Iteration pacing cannot be reached (pace time = 0.90, actual time = 21.19).	[MsgId: MWAR-15995]
WISE_KaasContentRendering.c(10): Error -27718: Resolve/connect failed for the following proxies specified in the automatic configuration script: "DIRECT". Requested URL is "https://hx9ekpvvbi.execute-api.us-east-1.amazonaws.com/KaaS-ITG/v2/render/000ayXsW8s5Beok6fPaxF8XZEue5/ish_1865302-1831892-16".  	[MsgId: MERR-27718]
Warning: Iteration pacing cannot be reached (pace time = 0.90, actual time = 21.20).	[MsgId: MWAR-15995]
WISE_KaasContentRendering.c(10): Error -27718: Resolve/connect failed for the following proxies specified in the automatic configuration script: "DIRECT". Requested URL is "https://hx9ekpvvbi.execute-api.us-east-1.amazonaws.com/KaaS-ITG/v2/render/000ayXsW8s5Beok6fPaxF8XZEue5/ish_1771220-1716190-16".  	[MsgId: MERR-27718]
Warning: Iteration pacing cannot be reached (pace time = 0.90, actual time = 21.03).	[MsgId: MWAR-15995]
WISE_KaasContentRendering.c(10): Error -27718: Resolve/connect failed for the following proxies specified in the automatic configuration script: "DIRECT". Requested URL is "https://hx9ekpvvbi.execute-api.us-east-1.amazonaws.com/KaaS-ITG/v2/render/000ayXsW8s5Beok6fPaxF8XZEue5/ish_1835997-1460004-16".  	[MsgId: MERR-27718]
Warning: Iteration pacing cannot be reached (pace time = 0.90, actual time = 21.03).	[MsgId: MWAR-15995]
KaaS_Content_Rendering_MetaData.c(10): Error -27718: Resolve/connect failed for the following proxies specified in the automatic configuration script: "DIRECT". Requested URL is "https://hx9ekpvvbi.execute-api.us-east-1.amazonaws.com/KaaS-ITG/v2/search?documentID=c00752912&resultLimit=1&resultStart=0&languageCode=ko,en&countryCode=6984892597308500812593&store=udp-content-default,docstore,manualstore,sdlmanualstore&printFields=documentID,filename,name,summary,objectname,dredbname,description,title,shortestnavigationpath,categorizations,ishType,searchable,languagedocmap".  	[MsgId: MERR-27718]
Warning: Iteration pacing cannot be reached (pace time = 0.90, actual time = 21.03).	[MsgId: MWAR-15995]
WISE_KaasContentRendering.c(10): Error -27718: Resolve/connect failed for the following proxies specified in the automatic configuration script: "DIRECT". Requested URL is "https://hx9ekpvvbi.execute-api.us-east-1.amazonaws.com/KaaS-ITG/v2/render/000ayXsW8s5Beok6fPaxF8XZEue5/ish_1869429-1551299-16".  	[MsgId: MERR-27718]
Warning: Iteration pacing cannot be reached (pace time = 0.90, actual time = 21.02).	[MsgId: MWAR-15995]
WISE_KaasContentRendering.c(10): Error -27718: Resolve/connect failed for the following proxies specified in the automatic configuration script: "DIRECT". Requested URL is "https://hx9ekpvvbi.execute-api.us-east-1.amazonaws.com/KaaS-ITG/v2/render/000ayXsW8s5Beok6fPaxF8XZEue5/ish_1865294-1786744-16".  	[MsgId: MERR-27718]
Warning: Iteration pacing cannot be reached (pace time = 0.90, actual time = 21.02).	[MsgId: MWAR-15995]
WISE_KaasContentRendering.c(10): Error -27718: Resolve/connect failed for the following proxies specified in the automatic configuration script: "DIRECT". Requested URL is "https://hx9ekpvvbi.execute-api.us-east-1.amazonaws.com/KaaS-ITG/v2/render/000ayXsW8s5Beok6fPaxF8XZEue5/ish_1942090-1890266-16".  	[MsgId: MERR-27718]
Warning: Iteration pacing cannot be reached (pace time = 0.90, actual time = 21.02).	[MsgId: MWAR-15995]
WISE_KaasContentRendering.c(10): Error -27718: Resolve/connect failed for the following proxies specified in the automatic configuration script: "DIRECT". Requested URL is "https://hx9ekpvvbi.execute-api.us-east-1.amazonaws.com/KaaS-ITG/v2/render/000ayXsW8s5Beok6fPaxF8XZEue5/ish_1869137-1537860-16".  	[MsgId: MERR-27718]
Warning: Iteration pacing cannot be reached (pace time = 0.90, actual time = 21.03).	[MsgId: MWAR-15995]
KaaS_Content_Rendering_MetaData.c(10): Error -27718: Resolve/connect failed for the following proxies specified in the automatic configuration script: "DIRECT". Requested URL is "https://hx9ekpvvbi.execute-api.us-east-1.amazonaws.com/KaaS-ITG/v2/search?documentID=ish_2281791-2076363-16&resultLimit=1&resultStart=0&languageCode=ko,en&countryCode=6984892597308500812593&store=udp-content-default,docstore,manualstore,sdlmanualstore&printFields=documentID,filename,name,summary,objectname,dredbname,description,title,shortestnavigationpath,categorizations,ishType,searchable,languagedocmap".  	[MsgId: MERR-27718]
Warning: Iteration pacing cannot be reached (pace time = 0.90, actual time = 21.02).	[MsgId: MWAR-15995]
WISE_KaasContentRendering.c(10): Error -27718: Resolve/connect failed for the following proxies specified in the automatic configuration script: "DIRECT". Requested URL is "https://hx9ekpvvbi.execute-api.us-east-1.amazonaws.com/KaaS-ITG/v2/render/000ayXsW8s5Beok6fPaxF8XZEue5/ish_1869312-1731830-16".  	[MsgId: MERR-27718]
KaaS_Content_Rendering_MetaData.c(10): Error -27718: Resolve/connect failed for the following proxies specified in the automatic configuration script: "DIRECT". Requested URL is "https://hx9ekpvvbi.execute-api.us-east-1.amazonaws.com/KaaS-ITG/v2/search?documentID=c02886960&resultLimit=1&resultStart=0&languageCode=ko,en&countryCode=6984892597308500812593&store=udp-content-default,docstore,manualstore,sdlmanualstore&printFields=documentID,filename,name,summary,objectname,dredbname,description,title,shortestnavigationpath,categorizations,ishType,searchable,languagedocmap".  	[MsgId: MERR-27718]
Warning: Iteration pacing cannot be reached (pace time = 0.90, actual time = 21.01).	[MsgId: MWAR-15995]
Warning: Iteration pacing cannot be reached (pace time = 0.90, actual time = 21.03).	[MsgId: MWAR-15995]
WISE_KaasContentRendering.c(10): Error -27718: Resolve/connect failed for the following proxies specified in the automatic configuration script: "DIRECT". Requested URL is "https://hx9ekpvvbi.execute-api.us-east-1.amazonaws.com/KaaS-ITG/v2/render/000ayXsW8s5Beok6fPaxF8XZEue5/ish_1940936-1883938-16".  	[MsgId: MERR-27718]
Warning: Iteration pacing cannot be reached (pace time = 0.90, actual time = 21.02).	[MsgId: MWAR-15995]
KaaS_Content_Rendering_MetaData.c(10): Error -27718: Resolve/connect failed for the following proxies specified in the automatic configuration script: "DIRECT". Requested URL is "https://hx9ekpvvbi.execute-api.us-east-1.amazonaws.com/KaaS-ITG/v2/search?documentID=c03086316&resultLimit=1&resultStart=0&languageCode=ko,en&countryCode=6984892597308500812593&store=udp-content-default,docstore,manualstore,sdlmanualstore&printFields=documentID,filename,name,summary,objectname,dredbname,description,title,shortestnavigationpath,categorizations,ishType,searchable,languagedocmap".  	[MsgId: MERR-27718]
Warning: Iteration pacing cannot be reached (pace time = 0.90, actual time = 21.02).	[MsgId: MWAR-15995]
WISE_KaasContentRendering.c(10): Error -27718: Resolve/connect failed for the following proxies specified in the automatic configuration script: "DIRECT". Requested URL is "https://hx9ekpvvbi.execute-api.us-east-1.amazonaws.com/KaaS-ITG/v2/render/000ayXsW8s5Beok6fPaxF8XZEue5/ish_1867950-1870752-16".  	[MsgId: MERR-27718]
Warning: Iteration pacing cannot be reached (pace time = 0.90, actual time = 21.03).	[MsgId: MWAR-15995]
KaaS_Content_Rendering_MetaData.c(10): Error -27718: Resolve/connect failed for the following proxies specified in the automatic configuration script: "DIRECT". Requested URL is "https://hx9ekpvvbi.execute-api.us-east-1.amazonaws.com/KaaS-ITG/v2/search?documentID=c02886960&resultLimit=1&resultStart=0&languageCode=ko,en&countryCode=6984892597308500812593&store=udp-content-default,docstore,manualstore,sdlmanualstore&printFields=documentID,filename,name,summary,objectname,dredbname,description,title,shortestnavigationpath,categorizations,ishType,searchable,languagedocmap".  	[MsgId: MERR-27718]
KaaS_Content_Rendering_MetaData.c(10): Error -27718: Resolve/connect failed for the following proxies specified in the automatic configuration script: "DIRECT". Requested URL is "https://hx9ekpvvbi.execute-api.us-east-1.amazonaws.com/KaaS-ITG/v2/search?documentID=c02129193&resultLimit=1&resultStart=0&languageCode=ko,en&countryCode=6984892597308500812593&store=udp-content-default,docstore,manualstore,sdlmanualstore&printFields=documentID,filename,name,summary,objectname,dredbname,description,title,shortestnavigationpath,categorizations,ishType,searchable,languagedocmap".  	[MsgId: MERR-27718]
Warning: Iteration pacing cannot be reached (pace time = 0.90, actual time = 21.08).	[MsgId: MWAR-15995]
Warning: Iteration pacing cannot be reached (pace time = 0.90, actual time = 21.08).	[MsgId: MWAR-15995]
KaaS_Content_Rendering_MetaData.c(10): Error -27718: Resolve/connect failed for the following proxies specified in the automatic configuration script: "DIRECT". Requested URL is "https://hx9ekpvvbi.execute-api.us-east-1.amazonaws.com/KaaS-ITG/v2/search?documentID=c02129193&resultLimit=1&resultStart=0&languageCode=ko,en&countryCode=6984892597308500812593&store=udp-content-default,docstore,manualstore,sdlmanualstore&printFields=documentID,filename,name,summary,objectname,dredbname,description,title,shortestnavigationpath,categorizations,ishType,searchable,languagedocmap".  	[MsgId: MERR-27718]
Warning: Iteration pacing cannot be reached (pace time = 0.90, actual time = 21.02).	[MsgId: MWAR-15995]
KaaS_Content_Rendering_MetaData.c(10): Error -27718: Resolve/connect failed for the following proxies specified in the automatic configuration script: "DIRECT". Requested URL is "https://hx9ekpvvbi.execute-api.us-east-1.amazonaws.com/KaaS-ITG/v2/search?documentID=ish_1996955-1270281-16&resultLimit=1&resultStart=0&languageCode=ko,en&countryCode=6984892597308500812593&store=udp-content-default,docstore,manualstore,sdlmanualstore&printFields=documentID,filename,name,summary,objectname,dredbname,description,title,shortestnavigationpath,categorizations,ishType,searchable,languagedocmap".  	[MsgId: MERR-27718]
Warning: Iteration pacing cannot be reached (pace time = 0.90, actual time = 21.04).	[MsgId: MWAR-15995]
KaaS_Content_Rendering_MetaData.c(10): Error -27718: Resolve/connect failed for the following proxies specified in the automatic configuration script: "DIRECT". Requested URL is "https://hx9ekpvvbi.execute-api.us-east-1.amazonaws.com/KaaS-ITG/v2/search?documentID=ish_2281796-2060609-16&resultLimit=1&resultStart=0&languageCode=ko,en&countryCode=6984892597308500812593&store=udp-content-default,docstore,manualstore,sdlmanualstore&printFields=documentID,filename,name,summary,objectname,dredbname,description,title,shortestnavigationpath,categorizations,ishType,searchable,languagedocmap".  	[MsgId: MERR-27718]
Warning: Iteration pacing cannot be reached (pace time = 0.90, actual time = 21.02).	[MsgId: MWAR-15995]
KaaS_Content_Rendering_MetaData.c(10): Error -27718: Resolve/connect failed for the following proxies specified in the automatic configuration script: "DIRECT". Requested URL is "https://hx9ekpvvbi.execute-api.us-east-1.amazonaws.com/KaaS-ITG/v2/search?documentID=ish_2281796-2060609-16&resultLimit=1&resultStart=0&languageCode=ko,en&countryCode=6984892597308500812593&store=udp-content-default,docstore,manualstore,sdlmanualstore&printFields=documentID,filename,name,summary,objectname,dredbname,description,title,shortestnavigationpath,categorizations,ishType,searchable,languagedocmap".  	[MsgId: MERR-27718]
Warning: Iteration pacing cannot be reached (pace time = 0.90, actual time = 21.02).	[MsgId: MWAR-15995]
KaaS_Content_Rendering_MetaData.c(10): Error -27718: Resolve/connect failed for the following proxies specified in the automatic configuration script: "DIRECT". Requested URL is "https://hx9ekpvvbi.execute-api.us-east-1.amazonaws.com/KaaS-ITG/v2/search?documentID=c02129193&resultLimit=1&resultStart=0&languageCode=ko,en&countryCode=6984892597308500812593&store=udp-content-default,docstore,manualstore,sdlmanualstore&printFields=documentID,filename,name,summary,objectname,dredbname,description,title,shortestnavigationpath,categorizations,ishType,searchable,languagedocmap".  	[MsgId: MERR-27718]
WISE_KaasContentRendering.c(10): Error -27718: Resolve/connect failed for the following proxies specified in the automatic configuration script: "DIRECT". Requested URL is "https://hx9ekpvvbi.execute-api.us-east-1.amazonaws.com/KaaS-ITG/v2/render/000ayXsW8s5Beok6fPaxF8XZEue5/ish_1865306-1778204-16".  	[MsgId: MERR-27718]
Warning: Iteration pacing cannot be reached (pace time = 0.90, actual time = 21.03).	[MsgId: MWAR-15995]
Warning: Iteration pacing cannot be reached (pace time = 0.90, actual time = 21.03).	[MsgId: MWAR-15995]
KaaS_Content_Rendering_MetaData.c(10): Error -27718: Resolve/connect failed for the following proxies specified in the automatic configuration script: "DIRECT". Requested URL is "https://hx9ekpvvbi.execute-api.us-east-1.amazonaws.com/KaaS-ITG/v2/search?documentID=c00752912&resultLimit=1&resultStart=0&languageCode=ko,en&countryCode=6984892597308500812593&store=udp-content-default,docstore,manualstore,sdlmanualstore&printFields=documentID,filename,name,summary,objectname,dredbname,description,title,shortestnavigationpath,categorizations,ishType,searchable,languagedocmap".  	[MsgId: MERR-27718]
Warning: Iteration pacing cannot be reached (pace time = 0.90, actual time = 21.02).	[MsgId: MWAR-15995]
WISE_KaasContentRendering.c(10): Error -27718: Resolve/connect failed for the following proxies specified in the automatic configuration script: "DIRECT". Requested URL is "https://hx9ekpvvbi.execute-api.us-east-1.amazonaws.com/KaaS-ITG/v2/render/000ayXsW8s5Beok6fPaxF8XZEue5/ish_2341017-2340948-16".  	[MsgId: MERR-27718]
Warning: Iteration pacing cannot be reached (pace time = 0.90, actual time = 21.03).	[MsgId: MWAR-15995]
KaaS_Content_Rendering_MetaData.c(10): Error -27718: Resolve/connect failed for the following proxies specified in the automatic configuration script: "DIRECT". Requested URL is "https://hx9ekpvvbi.execute-api.us-east-1.amazonaws.com/KaaS-ITG/v2/search?documentID=ish_2281796-2060609-16&resultLimit=1&resultStart=0&languageCode=ko,en&countryCode=6984892597308500812593&store=udp-content-default,docstore,manualstore,sdlmanualstore&printFields=documentID,filename,name,summary,objectname,dredbname,description,title,shortestnavigationpath,categorizations,ishType,searchable,languagedocmap".  	[MsgId: MERR-27718]
Warning: Iteration pacing cannot be reached (pace time = 0.90, actual time = 21.03).	[MsgId: MWAR-15995]
WISE_KaasContentRendering.c(10): Error -27718: Resolve/connect failed for the following proxies specified in the automatic configuration script: "DIRECT". Requested URL is "https://hx9ekpvvbi.execute-api.us-east-1.amazonaws.com/KaaS-ITG/v2/render/000ayXsW8s5Beok6fPaxF8XZEue5/ish_1942090-1890266-16".  	[MsgId: MERR-27718]
Warning: Iteration pacing cannot be reached (pace time = 0.90, actual time = 21.02).	[MsgId: MWAR-15995]
KaaS_Content_Rendering_MetaData.c(10): Error -27718: Resolve/connect failed for the following proxies specified in the automatic configuration script: "DIRECT". Requested URL is "https://hx9ekpvvbi.execute-api.us-east-1.amazonaws.com/KaaS-ITG/v2/search?documentID=c03086316&resultLimit=1&resultStart=0&languageCode=ko,en&countryCode=6984892597308500812593&store=udp-content-default,docstore,manualstore,sdlmanualstore&printFields=documentID,filename,name,summary,objectname,dredbname,description,title,shortestnavigationpath,categorizations,ishType,searchable,languagedocmap".  	[MsgId: MERR-27718]
WISE_KaasContentRendering.c(10): Error -27718: Resolve/connect failed for the following proxies specified in the automatic configuration script: "DIRECT". Requested URL is "https://hx9ekpvvbi.execute-api.us-east-1.amazonaws.com/KaaS-ITG/v2/render/000ayXsW8s5Beok6fPaxF8XZEue5/ish_1869429-1551299-16".  	[MsgId: MERR-27718]
Warning: Iteration pacing cannot be reached (pace time = 0.90, actual time = 21.03).	[MsgId: MWAR-15995]
Warning: Iteration pacing cannot be reached (pace time = 0.90, actual time = 21.03).	[MsgId: MWAR-15995]
WISE_KaasContentRendering.c(10): Error -27718: Resolve/connect failed for the following proxies specified in the automatic configuration script: "DIRECT". Requested URL is "https://hx9ekpvvbi.execute-api.us-east-1.amazonaws.com/KaaS-ITG/v2/render/000ayXsW8s5Beok6fPaxF8XZEue5/ish_1869137-1537860-16".  	[MsgId: MERR-27718]
Warning: Iteration pacing cannot be reached (pace time = 0.90, actual time = 21.02).	[MsgId: MWAR-15995]
KaaS_Content_Rendering_MetaData.c(10): Error -27718: Resolve/connect failed for the following proxies specified in the automatic configuration script: "DIRECT". Requested URL is "https://hx9ekpvvbi.execute-api.us-east-1.amazonaws.com/KaaS-ITG/v2/search?documentID=c02049446&resultLimit=1&resultStart=0&languageCode=ko,en&countryCode=6984892597308500812593&store=udp-content-default,docstore,manualstore,sdlmanualstore&printFields=documentID,filename,name,summary,objectname,dredbname,description,title,shortestnavigationpath,categorizations,ishType,searchable,languagedocmap".  	[MsgId: MERR-27718]
Warning: Iteration pacing cannot be reached (pace time = 0.90, actual time = 21.02).	[MsgId: MWAR-15995]
WISE_KaasContentRendering.c(10): Error -27718: Resolve/connect failed for the following proxies specified in the automatic configuration script: "DIRECT". Requested URL is "https://hx9ekpvvbi.execute-api.us-east-1.amazonaws.com/KaaS-ITG/v2/render/000ayXsW8s5Beok6fPaxF8XZEue5/ish_1869312-1731830-16".  	[MsgId: MERR-27718]
Warning: Iteration pacing cannot be reached (pace time = 0.90, actual time = 21.02).	[MsgId: MWAR-15995]
KaaS_Content_Rendering_MetaData.c(10): Error -27718: Resolve/connect failed for the following proxies specified in the automatic configuration script: "DIRECT". Requested URL is "https://hx9ekpvvbi.execute-api.us-east-1.amazonaws.com/KaaS-ITG/v2/search?documentID=ish_2281796-2060609-16&resultLimit=1&resultStart=0&languageCode=ko,en&countryCode=6984892597308500812593&store=udp-content-default,docstore,manualstore,sdlmanualstore&printFields=documentID,filename,name,summary,objectname,dredbname,description,title,shortestnavigationpath,categorizations,ishType,searchable,languagedocmap".  	[MsgId: MERR-27718]
Warning: Iteration pacing cannot be reached (pace time = 0.90, actual time = 21.01).	[MsgId: MWAR-15995]
KaaS_Content_Rendering_MetaData.c(10): Error -27718: Resolve/connect failed for the following proxies specified in the automatic configuration script: "DIRECT". Requested URL is "https://hx9ekpvvbi.execute-api.us-east-1.amazonaws.com/KaaS-ITG/v2/search?documentID=ish_2281796-2060609-16&resultLimit=1&resultStart=0&languageCode=ko,en&countryCode=6984892597308500812593&store=udp-content-default,docstore,manualstore,sdlmanualstore&printFields=documentID,filename,name,summary,objectname,dredbname,description,title,shortestnavigationpath,categorizations,ishType,searchable,languagedocmap".  	[MsgId: MERR-27718]
WISE_KaasContentRendering.c(10): Error -27718: Resolve/connect failed for the following proxies specified in the automatic configuration script: "DIRECT". Requested URL is "https://hx9ekpvvbi.execute-api.us-east-1.amazonaws.com/KaaS-ITG/v2/render/000ayXsW8s5Beok6fPaxF8XZEue5/ish_1940932-1883917-16".  	[MsgId: MERR-27718]
Warning: Iteration pacing cannot be reached (pace time = 0.90, actual time = 21.12).	[MsgId: MWAR-15995]
Warning: Iteration pacing cannot be reached (pace time = 0.90, actual time = 21.12).	[MsgId: MWAR-15995]
WISE_KaasContentRendering.c(10): Error -27718: Resolve/connect failed for the following proxies specified in the automatic configuration script: "DIRECT". Requested URL is "https://hx9ekpvvbi.execute-api.us-east-1.amazonaws.com/KaaS-ITG/v2/render/000ayXsW8s5Beok6fPaxF8XZEue5/ish_1869432-1544941-16".  	[MsgId: MERR-27718]
Warning: Iteration pacing cannot be reached (pace time = 0.90, actual time = 21.02).	[MsgId: MWAR-15995]
WISE_KaasContentRendering.c(10): Error -27718: Resolve/connect failed for the following proxies specified in the automatic configuration script: "DIRECT". Requested URL is "https://hx9ekpvvbi.execute-api.us-east-1.amazonaws.com/KaaS-ITG/v2/render/000ayXsW8s5Beok6fPaxF8XZEue5/ish_1865302-1831892-16".  	[MsgId: MERR-27718]
Warning: Iteration pacing cannot be reached (pace time = 0.90, actual time = 21.02).	[MsgId: MWAR-15995]
KaaS_Content_Rendering_MetaData.c(10): Error -27718: Resolve/connect failed for the following proxies specified in the automatic configuration script: "DIRECT". Requested URL is "https://hx9ekpvvbi.execute-api.us-east-1.amazonaws.com/KaaS-ITG/v2/search?documentID=c01683939&resultLimit=1&resultStart=0&languageCode=ko,en&countryCode=6984892597308500812593&store=udp-content-default,docstore,manualstore,sdlmanualstore&printFields=documentID,filename,name,summary,objectname,dredbname,description,title,shortestnavigationpath,categorizations,ishType,searchable,languagedocmap".  	[MsgId: MERR-27718]
Warning: Iteration pacing cannot be reached (pace time = 0.90, actual time = 21.02).	[MsgId: MWAR-15995]
KaaS_Content_Rendering_MetaData.c(10): Error -27718: Resolve/connect failed for the following proxies specified in the automatic configuration script: "DIRECT". Requested URL is "https://hx9ekpvvbi.execute-api.us-east-1.amazonaws.com/KaaS-ITG/v2/search?documentID=c00752912&resultLimit=1&resultStart=0&languageCode=ko,en&countryCode=6984892597308500812593&store=udp-content-default,docstore,manualstore,sdlmanualstore&printFields=documentID,filename,name,summary,objectname,dredbname,description,title,shortestnavigationpath,categorizations,ishType,searchable,languagedocmap".  	[MsgId: MERR-27718]
Warning: Iteration pacing cannot be reached (pace time = 0.90, actual time = 21.02).	[MsgId: MWAR-15995]
KaaS_Content_Rendering_MetaData.c(10): Error -27718: Resolve/connect failed for the following proxies specified in the automatic configuration script: "DIRECT". Requested URL is "https://hx9ekpvvbi.execute-api.us-east-1.amazonaws.com/KaaS-ITG/v2/search?documentID=c01683939&resultLimit=1&resultStart=0&languageCode=ko,en&countryCode=6984892597308500812593&store=udp-content-default,docstore,manualstore,sdlmanualstore&printFields=documentID,filename,name,summary,objectname,dredbname,description,title,shortestnavigationpath,categorizations,ishType,searchable,languagedocmap".  	[MsgId: MERR-27718]
Warning: Iteration pacing cannot be reached (pace time = 0.90, actual time = 21.02).	[MsgId: MWAR-15995]
WISE_KaasContentRendering.c(10): Error -27718: Resolve/connect failed for the following proxies specified in the automatic configuration script: "DIRECT". Requested URL is "https://hx9ekpvvbi.execute-api.us-east-1.amazonaws.com/KaaS-ITG/v2/render/000ayXsW8s5Beok6fPaxF8XZEue5/ish_1941036-1884006-16".  	[MsgId: MERR-27718]
Warning: Iteration pacing cannot be reached (pace time = 0.90, actual time = 21.01).	[MsgId: MWAR-15995]
KaaS_Content_Rendering_MetaData.c(10): Error -27718: Resolve/connect failed for the following proxies specified in the automatic configuration script: "DIRECT". Requested URL is "https://hx9ekpvvbi.execute-api.us-east-1.amazonaws.com/KaaS-ITG/v2/search?documentID=c01683939&resultLimit=1&resultStart=0&languageCode=ko,en&countryCode=6984892597308500812593&store=udp-content-default,docstore,manualstore,sdlmanualstore&printFields=documentID,filename,name,summary,objectname,dredbname,description,title,shortestnavigationpath,categorizations,ishType,searchable,languagedocmap".  	[MsgId: MERR-27718]
Warning: Iteration pacing cannot be reached (pace time = 0.90, actual time = 21.02).	[MsgId: MWAR-15995]
WISE_KaasContentRendering.c(10): Error -27718: Resolve/connect failed for the following proxies specified in the automatic configuration script: "DIRECT". Requested URL is "https://hx9ekpvvbi.execute-api.us-east-1.amazonaws.com/KaaS-ITG/v2/render/000ayXsW8s5Beok6fPaxF8XZEue5/ish_1869293-1739348-16".  	[MsgId: MERR-27718]
Warning: Iteration pacing cannot be reached (pace time = 0.90, actual time = 21.04).	[MsgId: MWAR-15995]
WISE_KaasContentRendering.c(10): Error -27718: Resolve/connect failed for the following proxies specified in the automatic configuration script: "DIRECT". Requested URL is "https://hx9ekpvvbi.execute-api.us-east-1.amazonaws.com/KaaS-ITG/v2/render/000ayXsW8s5Beok6fPaxF8XZEue5/ish_1865294-1786744-16".  	[MsgId: MERR-27718]
Warning: Iteration pacing cannot be reached (pace time = 0.90, actual time = 21.02).	[MsgId: MWAR-15995]
KaaS_Content_Rendering_MetaData.c(10): Error -27718: Resolve/connect failed for the following proxies specified in the automatic configuration script: "DIRECT". Requested URL is "https://hx9ekpvvbi.execute-api.us-east-1.amazonaws.com/KaaS-ITG/v2/search?documentID=ish_2175617-2060413-16&resultLimit=1&resultStart=0&languageCode=ko,en&countryCode=6984892597308500812593&store=udp-content-default,docstore,manualstore,sdlmanualstore&printFields=documentID,filename,name,summary,objectname,dredbname,description,title,shortestnavigationpath,categorizations,ishType,searchable,languagedocmap".  	[MsgId: MERR-27718]
Warning: Iteration pacing cannot be reached (pace time = 0.90, actual time = 21.02).	[MsgId: MWAR-15995]
KaaS_Content_Rendering_MetaData.c(10): Error -27718: Resolve/connect failed for the following proxies specified in the automatic configuration script: "DIRECT". Requested URL is "https://hx9ekpvvbi.execute-api.us-east-1.amazonaws.com/KaaS-ITG/v2/search?documentID=c01683939&resultLimit=1&resultStart=0&languageCode=ko,en&countryCode=6984892597308500812593&store=udp-content-default,docstore,manualstore,sdlmanualstore&printFields=documentID,filename,name,summary,objectname,dredbname,description,title,shortestnavigationpath,categorizations,ishType,searchable,languagedocmap".  	[MsgId: MERR-27718]
Warning: Iteration pacing cannot be reached (pace time = 0.90, actual time = 21.03).	[MsgId: MWAR-15995]
WISE_KaasContentRendering.c(10): Error -27718: Resolve/connect failed for the following proxies specified in the automatic configuration script: "DIRECT". Requested URL is "https://hx9ekpvvbi.execute-api.us-east-1.amazonaws.com/KaaS-ITG/v2/render/000ayXsW8s5Beok6fPaxF8XZEue5/ish_1942090-1890266-16".  	[MsgId: MERR-27718]
Warning: Iteration pacing cannot be reached (pace time = 0.90, actual time = 21.01).	[MsgId: MWAR-15995]
WISE_KaasContentRendering.c(10): Error -27718: Resolve/connect failed for the following proxies specified in the automatic configuration script: "DIRECT". Requested URL is "https://hx9ekpvvbi.execute-api.us-east-1.amazonaws.com/KaaS-ITG/v2/render/000ayXsW8s5Beok6fPaxF8XZEue5/ish_1942082-1888842-16".  	[MsgId: MERR-27718]
Warning: Iteration pacing cannot be reached (pace time = 0.90, actual time = 21.02).	[MsgId: MWAR-15995]
KaaS_Content_Rendering_MetaData.c(10): Error -27718: Resolve/connect failed for the following proxies specified in the automatic configuration script: "DIRECT". Requested URL is "https://hx9ekpvvbi.execute-api.us-east-1.amazonaws.com/KaaS-ITG/v2/search?documentID=c01683939&resultLimit=1&resultStart=0&languageCode=ko,en&countryCode=6984892597308500812593&store=udp-content-default,docstore,manualstore,sdlmanualstore&printFields=documentID,filename,name,summary,objectname,dredbname,description,title,shortestnavigationpath,categorizations,ishType,searchable,languagedocmap".  	[MsgId: MERR-27718]
Warning: Iteration pacing cannot be reached (pace time = 0.90, actual time = 21.04).	[MsgId: MWAR-15995]
KaaS_Content_Rendering_MetaData.c(10): Error -27718: Resolve/connect failed for the following proxies specified in the automatic configuration script: "DIRECT". Requested URL is "https://hx9ekpvvbi.execute-api.us-east-1.amazonaws.com/KaaS-ITG/v2/search?documentID=c02282389&resultLimit=1&resultStart=0&languageCode=ko,en&countryCode=6984892597308500812593&store=udp-content-default,docstore,manualstore,sdlmanualstore&printFields=documentID,filename,name,summary,objectname,dredbname,description,title,shortestnavigationpath,categorizations,ishType,searchable,languagedocmap".  	[MsgId: MERR-27718]
Warning: Iteration pacing cannot be reached (pace time = 0.90, actual time = 21.02).	[MsgId: MWAR-15995]
WISE_KaasContentRendering.c(10): Error -27718: Resolve/connect failed for the following proxies specified in the automatic configuration script: "DIRECT". Requested URL is "https://hx9ekpvvbi.execute-api.us-east-1.amazonaws.com/KaaS-ITG/v2/render/000ayXsW8s5Beok6fPaxF8XZEue5/ish_1869312-1731830-16".  	[MsgId: MERR-27718]
Warning: Iteration pacing cannot be reached (pace time = 0.90, actual time = 21.02).	[MsgId: MWAR-15995]
KaaS_Content_Rendering_MetaData.c(10): Error -27718: Resolve/connect failed for the following proxies specified in the automatic configuration script: "DIRECT". Requested URL is "https://hx9ekpvvbi.execute-api.us-east-1.amazonaws.com/KaaS-ITG/v2/search?documentID=c02129193&resultLimit=1&resultStart=0&languageCode=ko,en&countryCode=6984892597308500812593&store=udp-content-default,docstore,manualstore,sdlmanualstore&printFields=documentID,filename,name,summary,objectname,dredbname,description,title,shortestnavigationpath,categorizations,ishType,searchable,languagedocmap".  	[MsgId: MERR-27718]
Warning: Iteration pacing cannot be reached (pace time = 0.90, actual time = 21.02).	[MsgId: MWAR-15995]
WISE_KaasContentRendering.c(10): Error -27718: Resolve/connect failed for the following proxies specified in the automatic configuration script: "DIRECT". Requested URL is "https://hx9ekpvvbi.execute-api.us-east-1.amazonaws.com/KaaS-ITG/v2/render/000ayXsW8s5Beok6fPaxF8XZEue5/ish_1869137-1537860-16".  	[MsgId: MERR-27718]
Warning: Iteration pacing cannot be reached (pace time = 0.90, actual time = 21.03).	[MsgId: MWAR-15995]
KaaS_Content_Rendering_MetaData.c(10): Error -27718: Resolve/connect failed for the following proxies specified in the automatic configuration script: "DIRECT". Requested URL is "https://hx9ekpvvbi.execute-api.us-east-1.amazonaws.com/KaaS-ITG/v2/search?documentID=ish_1996955-1270281-16&resultLimit=1&resultStart=0&languageCode=ko,en&countryCode=6984892597308500812593&store=udp-content-default,docstore,manualstore,sdlmanualstore&printFields=documentID,filename,name,summary,objectname,dredbname,description,title,shortestnavigationpath,categorizations,ishType,searchable,languagedocmap".  	[MsgId: MERR-27718]
Warning: Iteration pacing cannot be reached (pace time = 0.90, actual time = 21.06).	[MsgId: MWAR-15995]
WISE_KaasContentRendering.c(10): Error -27718: Resolve/connect failed for the following proxies specified in the automatic configuration script: "DIRECT". Requested URL is "https://hx9ekpvvbi.execute-api.us-east-1.amazonaws.com/KaaS-ITG/v2/render/000ayXsW8s5Beok6fPaxF8XZEue5/ish_1940938-1883966-16".  	[MsgId: MERR-27718]
Warning: Iteration pacing cannot be reached (pace time = 0.90, actual time = 21.02).	[MsgId: MWAR-15995]
KaaS_Content_Rendering_MetaData.c(10): Error -27718: Resolve/connect failed for the following proxies specified in the automatic configuration script: "DIRECT". Requested URL is "https://hx9ekpvvbi.execute-api.us-east-1.amazonaws.com/KaaS-ITG/v2/search?documentID=c02886960&resultLimit=1&resultStart=0&languageCode=ko,en&countryCode=6984892597308500812593&store=udp-content-default,docstore,manualstore,sdlmanualstore&printFields=documentID,filename,name,summary,objectname,dredbname,description,title,shortestnavigationpath,categorizations,ishType,searchable,languagedocmap".  	[MsgId: MERR-27718]
Warning: Iteration pacing cannot be reached (pace time = 0.90, actual time = 21.02).	[MsgId: MWAR-15995]
WISE_KaasContentRendering.c(10): Error -27718: Resolve/connect failed for the following proxies specified in the automatic configuration script: "DIRECT". Requested URL is "https://hx9ekpvvbi.execute-api.us-east-1.amazonaws.com/KaaS-ITG/v2/render/000ayXsW8s5Beok6fPaxF8XZEue5/ish_1867950-1870752-16".  	[MsgId: MERR-27718]
Warning: Iteration pacing cannot be reached (pace time = 0.90, actual time = 21.02).	[MsgId: MWAR-15995]
KaaS_Content_Rendering_MetaData.c(10): Error -27718: Resolve/connect failed for the following proxies specified in the automatic configuration script: "DIRECT". Requested URL is "https://hx9ekpvvbi.execute-api.us-east-1.amazonaws.com/KaaS-ITG/v2/search?documentID=ish_2281796-2060609-16&resultLimit=1&resultStart=0&languageCode=ko,en&countryCode=6984892597308500812593&store=udp-content-default,docstore,manualstore,sdlmanualstore&printFields=documentID,filename,name,summary,objectname,dredbname,description,title,shortestnavigationpath,categorizations,ishType,searchable,languagedocmap".  	[MsgId: MERR-27718]
Warning: Iteration pacing cannot be reached (pace time = 0.90, actual time = 21.02).	[MsgId: MWAR-15995]
KaaS_Content_Rendering_MetaData.c(10): Error -27718: Resolve/connect failed for the following proxies specified in the automatic configuration script: "DIRECT". Requested URL is "https://hx9ekpvvbi.execute-api.us-east-1.amazonaws.com/KaaS-ITG/v2/search?documentID=c02049446&resultLimit=1&resultStart=0&languageCode=ko,en&countryCode=6984892597308500812593&store=udp-content-default,docstore,manualstore,sdlmanualstore&printFields=documentID,filename,name,summary,objectname,dredbname,description,title,shortestnavigationpath,categorizations,ishType,searchable,languagedocmap".  	[MsgId: MERR-27718]
Warning: Iteration pacing cannot be reached (pace time = 0.90, actual time = 21.04).	[MsgId: MWAR-15995]
KaaS_Content_Rendering_MetaData.c(10): Error -27718: Resolve/connect failed for the following proxies specified in the automatic configuration script: "DIRECT". Requested URL is "https://hx9ekpvvbi.execute-api.us-east-1.amazonaws.com/KaaS-ITG/v2/search?documentID=c02886960&resultLimit=1&resultStart=0&languageCode=ko,en&countryCode=6984892597308500812593&store=udp-content-default,docstore,manualstore,sdlmanualstore&printFields=documentID,filename,name,summary,objectname,dredbname,description,title,shortestnavigationpath,categorizations,ishType,searchable,languagedocmap".  	[MsgId: MERR-27718]
Warning: Iteration pacing cannot be reached (pace time = 0.90, actual time = 21.03).	[MsgId: MWAR-15995]
KaaS_Content_Rendering_MetaData.c(10): Error -27718: Resolve/connect failed for the following proxies specified in the automatic configuration script: "DIRECT". Requested URL is "https://hx9ekpvvbi.execute-api.us-east-1.amazonaws.com/KaaS-ITG/v2/search?documentID=ish_2175617-2060413-16&resultLimit=1&resultStart=0&languageCode=ko,en&countryCode=6984892597308500812593&store=udp-content-default,docstore,manualstore,sdlmanualstore&printFields=documentID,filename,name,summary,objectname,dredbname,description,title,shortestnavigationpath,categorizations,ishType,searchable,languagedocmap".  	[MsgId: MERR-27718]
Warning: Iteration pacing cannot be reached (pace time = 0.90, actual time = 21.02).	[MsgId: MWAR-15995]
KaaS_Content_Rendering_MetaData.c(10): Error -27718: Resolve/connect failed for the following proxies specified in the automatic configuration script: "DIRECT". Requested URL is "https://hx9ekpvvbi.execute-api.us-east-1.amazonaws.com/KaaS-ITG/v2/search?documentID=c02862584&resultLimit=1&resultStart=0&languageCode=ko,en&countryCode=6984892597308500812593&store=udp-content-default,docstore,manualstore,sdlmanualstore&printFields=documentID,filename,name,summary,objectname,dredbname,description,title,shortestnavigationpath,categorizations,ishType,searchable,languagedocmap".  	[MsgId: MERR-27718]
Warning: Iteration pacing cannot be reached (pace time = 0.90, actual time = 21.02).	[MsgId: MWAR-15995]
KaaS_Content_Rendering_MetaData.c(10): Error -27718: Resolve/connect failed for the following proxies specified in the automatic configuration script: "DIRECT". Requested URL is "https://hx9ekpvvbi.execute-api.us-east-1.amazonaws.com/KaaS-ITG/v2/search?documentID=c00752912&resultLimit=1&resultStart=0&languageCode=ko,en&countryCode=6984892597308500812593&store=udp-content-default,docstore,manualstore,sdlmanualstore&printFields=documentID,filename,name,summary,objectname,dredbname,description,title,shortestnavigationpath,categorizations,ishType,searchable,languagedocmap".  	[MsgId: MERR-27718]
Warning: Iteration pacing cannot be reached (pace time = 0.90, actual time = 21.02).	[MsgId: MWAR-15995]
KaaS_Content_Rendering_MetaData.c(10): Error -27718: Resolve/connect failed for the following proxies specified in the automatic configuration script: "DIRECT". Requested URL is "https://hx9ekpvvbi.execute-api.us-east-1.amazonaws.com/KaaS-ITG/v2/search?documentID=c01683939&resultLimit=1&resultStart=0&languageCode=ko,en&countryCode=6984892597308500812593&store=udp-content-default,docstore,manualstore,sdlmanualstore&printFields=documentID,filename,name,summary,objectname,dredbname,description,title,shortestnavigationpath,categorizations,ishType,searchable,languagedocmap".  	[MsgId: MERR-27718]
Warning: Iteration pacing cannot be reached (pace time = 0.90, actual time = 21.02).	[MsgId: MWAR-15995]
KaaS_Content_Rendering_MetaData.c(10): Error -27718: Resolve/connect failed for the following proxies specified in the automatic configuration script: "DIRECT". Requested URL is "https://hx9ekpvvbi.execute-api.us-east-1.amazonaws.com/KaaS-ITG/v2/search?documentID=c02282389&resultLimit=1&resultStart=0&languageCode=ko,en&countryCode=6984892597308500812593&store=udp-content-default,docstore,manualstore,sdlmanualstore&printFields=documentID,filename,name,summary,objectname,dredbname,description,title,shortestnavigationpath,categorizations,ishType,searchable,languagedocmap".  	[MsgId: MERR-27718]
Warning: Iteration pacing cannot be reached (pace time = 0.90, actual time = 21.02).	[MsgId: MWAR-15995]
WISE_KaasContentRendering.c(10): Error -27718: Resolve/connect failed for the following proxies specified in the automatic configuration script: "DIRECT". Requested URL is "https://hx9ekpvvbi.execute-api.us-east-1.amazonaws.com/KaaS-ITG/v2/render/000ayXsW8s5Beok6fPaxF8XZEue5/ish_2025988-1592331-16".  	[MsgId: MERR-27718]
Warning: Iteration pacing cannot be reached (pace time = 0.90, actual time = 21.03).	[MsgId: MWAR-15995]
WISE_KaasContentRendering.c(10): Error -27718: Resolve/connect failed for the following proxies specified in the automatic configuration script: "DIRECT". Requested URL is "https://hx9ekpvvbi.execute-api.us-east-1.amazonaws.com/KaaS-ITG/v2/render/000ayXsW8s5Beok6fPaxF8XZEue5/ish_1869293-1739348-16".  	[MsgId: MERR-27718]
Warning: Iteration pacing cannot be reached (pace time = 0.90, actual time = 21.02).	[MsgId: MWAR-15995]
WISE_KaasContentRendering.c(10): Error -27718: Resolve/connect failed for the following proxies specified in the automatic configuration script: "DIRECT". Requested URL is "https://hx9ekpvvbi.execute-api.us-east-1.amazonaws.com/KaaS-ITG/v2/render/000ayXsW8s5Beok6fPaxF8XZEue5/ish_1835997-1460004-16".  	[MsgId: MERR-27718]
Warning: Iteration pacing cannot be reached (pace time = 0.90, actual time = 21.01).	[MsgId: MWAR-15995]
KaaS_Content_Rendering_MetaData.c(10): Error -27718: Resolve/connect failed for the following proxies specified in the automatic configuration script: "DIRECT". Requested URL is "https://hx9ekpvvbi.execute-api.us-east-1.amazonaws.com/KaaS-ITG/v2/search?documentID=c03086316&resultLimit=1&resultStart=0&languageCode=ko,en&countryCode=6984892597308500812593&store=udp-content-default,docstore,manualstore,sdlmanualstore&printFields=documentID,filename,name,summary,objectname,dredbname,description,title,shortestnavigationpath,categorizations,ishType,searchable,languagedocmap".  	[MsgId: MERR-27718]
Warning: Iteration pacing cannot be reached (pace time = 0.90, actual time = 21.02).	[MsgId: MWAR-15995]
KaaS_Content_Rendering_MetaData.c(10): Error -27718: Resolve/connect failed for the following proxies specified in the automatic configuration script: "DIRECT". Requested URL is "https://hx9ekpvvbi.execute-api.us-east-1.amazonaws.com/KaaS-ITG/v2/search?documentID=c00752912&resultLimit=1&resultStart=0&languageCode=ko,en&countryCode=6984892597308500812593&store=udp-content-default,docstore,manualstore,sdlmanualstore&printFields=documentID,filename,name,summary,objectname,dredbname,description,title,shortestnavigationpath,categorizations,ishType,searchable,languagedocmap".  	[MsgId: MERR-27718]
Warning: Iteration pacing cannot be reached (pace time = 0.90, actual time = 21.02).	[MsgId: MWAR-15995]
WISE_KaasContentRendering.c(10): Error -27718: Resolve/connect failed for the following proxies specified in the automatic configuration script: "DIRECT". Requested URL is "https://hx9ekpvvbi.execute-api.us-east-1.amazonaws.com/KaaS-ITG/v2/render/000ayXsW8s5Beok6fPaxF8XZEue5/ish_1941036-1884006-16".  	[MsgId: MERR-27718]
Warning: Iteration pacing cannot be reached (pace time = 0.90, actual time = 21.02).	[MsgId: MWAR-15995]
WISE_KaasContentRendering.c(10): Error -27718: Resolve/connect failed for the following proxies specified in the automatic configuration script: "DIRECT". Requested URL is "https://hx9ekpvvbi.execute-api.us-east-1.amazonaws.com/KaaS-ITG/v2/render/000ayXsW8s5Beok6fPaxF8XZEue5/ish_1865294-1786744-16".  	[MsgId: MERR-27718]
Warning: Iteration pacing cannot be reached (pace time = 0.90, actual time = 21.03).	[MsgId: MWAR-15995]
KaaS_Content_Rendering_MetaData.c(10): Error -27718: Resolve/connect failed for the following proxies specified in the automatic configuration script: "DIRECT". Requested URL is "https://hx9ekpvvbi.execute-api.us-east-1.amazonaws.com/KaaS-ITG/v2/search?documentID=ish_2281791-2076363-16&resultLimit=1&resultStart=0&languageCode=ko,en&countryCode=6984892597308500812593&store=udp-content-default,docstore,manualstore,sdlmanualstore&printFields=documentID,filename,name,summary,objectname,dredbname,description,title,shortestnavigationpath,categorizations,ishType,searchable,languagedocmap".  	[MsgId: MERR-27718]
KaaS_Content_Rendering_MetaData.c(10): Error -27718: Resolve/connect failed for the following proxies specified in the automatic configuration script: "DIRECT". Requested URL is "https://hx9ekpvvbi.execute-api.us-east-1.amazonaws.com/KaaS-ITG/v2/search?documentID=c01683939&resultLimit=1&resultStart=0&languageCode=ko,en&countryCode=6984892597308500812593&store=udp-content-default,docstore,manualstore,sdlmanualstore&printFields=documentID,filename,name,summary,objectname,dredbname,description,title,shortestnavigationpath,categorizations,ishType,searchable,languagedocmap".  	[MsgId: MERR-27718]
KaaS_Content_Rendering_MetaData.c(10): Error -27718: Resolve/connect failed for the following proxies specified in the automatic configuration script: "DIRECT". Requested URL is "https://hx9ekpvvbi.execute-api.us-east-1.amazonaws.com/KaaS-ITG/v2/search?documentID=c00752912&resultLimit=1&resultStart=0&languageCode=ko,en&countryCode=6984892597308500812593&store=udp-content-default,docstore,manualstore,sdlmanualstore&printFields=documentID,filename,name,summary,objectname,dredbname,description,title,shortestnavigationpath,categorizations,ishType,searchable,languagedocmap".  	[MsgId: MERR-27718]
KaaS_Content_Rendering_MetaData.c(10): Error -27718: Resolve/connect failed for the following proxies specified in the automatic configuration script: "DIRECT". Requested URL is "https://hx9ekpvvbi.execute-api.us-east-1.amazonaws.com/KaaS-ITG/v2/search?documentID=ish_1996955-1270281-16&resultLimit=1&resultStart=0&languageCode=ko,en&countryCode=6984892597308500812593&store=udp-content-default,docstore,manualstore,sdlmanualstore&printFields=documentID,filename,name,summary,objectname,dredbname,description,title,shortestnavigationpath,categorizations,ishType,searchable,languagedocmap".  	[MsgId: MERR-27718]
WISE_KaasContentRendering.c(10): Error -27718: Resolve/connect failed for the following proxies specified in the automatic configuration script: "DIRECT". Requested URL is "https://hx9ekpvvbi.execute-api.us-east-1.amazonaws.com/KaaS-ITG/v2/render/000ayXsW8s5Beok6fPaxF8XZEue5/ish_1942090-1890266-16".  	[MsgId: MERR-27718]
KaaS_Content_Rendering_MetaData.c(10): Error -27718: Resolve/connect failed for the following proxies specified in the automatic configuration script: "DIRECT". Requested URL is "https://hx9ekpvvbi.execute-api.us-east-1.amazonaws.com/KaaS-ITG/v2/search?documentID=c02049446&resultLimit=1&resultStart=0&languageCode=ko,en&countryCode=6984892597308500812593&store=udp-content-default,docstore,manualstore,sdlmanualstore&printFields=documentID,filename,name,summary,objectname,dredbname,description,title,shortestnavigationpath,categorizations,ishType,searchable,languagedocmap".  	[MsgId: MERR-27718]
KaaS_Content_Rendering_MetaData.c(10): Error -27718: Resolve/connect failed for the following proxies specified in the automatic configuration script: "DIRECT". Requested URL is "https://hx9ekpvvbi.execute-api.us-east-1.amazonaws.com/KaaS-ITG/v2/search?documentID=c02282389&resultLimit=1&resultStart=0&languageCode=ko,en&countryCode=6984892597308500812593&store=udp-content-default,docstore,manualstore,sdlmanualstore&printFields=documentID,filename,name,summary,objectname,dredbname,description,title,shortestnavigationpath,categorizations,ishType,searchable,languagedocmap".  	[MsgId: MERR-27718]
KaaS_Content_Rendering_MetaData.c(10): Error -27718: Resolve/connect failed for the following proxies specified in the automatic configuration script: "DIRECT". Requested URL is "https://hx9ekpvvbi.execute-api.us-east-1.amazonaws.com/KaaS-ITG/v2/search?documentID=c02862584&resultLimit=1&resultStart=0&languageCode=ko,en&countryCode=6984892597308500812593&store=udp-content-default,docstore,manualstore,sdlmanualstore&printFields=documentID,filename,name,summary,objectname,dredbname,description,title,shortestnavigationpath,categorizations,ishType,searchable,languagedocmap".  	[MsgId: MERR-27718]
