Error: missing newline in E:\PERFORMANCE\GCC\Kaas\FY20_Release\Script\V1\Kaas_ContentRendering\p_ContentRendering.dat	[MsgId: MERR-13874]
Warning: Iteration pacing cannot be reached (pace time = 2.00, actual time = 7.19).	[MsgId: MWAR-15995]
Warning: Iteration pacing cannot be reached (pace time = 2.00, actual time = 3.68).	[MsgId: MWAR-15995]
Warning: Iteration pacing cannot be reached (pace time = 2.00, actual time = 18.89).	[MsgId: MWAR-15995]
Warning: Iteration pacing cannot be reached (pace time = 2.00, actual time = 18.20).	[MsgId: MWAR-15995]
Warning: Iteration pacing cannot be reached (pace time = 2.00, actual time = 11.75).	[MsgId: MWAR-15995]
Warning: Iteration pacing cannot be reached (pace time = 2.00, actual time = 12.84).	[MsgId: MWAR-15995]
Warning: Iteration pacing cannot be reached (pace time = 2.00, actual time = 27.42).	[MsgId: MWAR-15995]
Warning: Iteration pacing cannot be reached (pace time = 2.00, actual time = 34.20).	[MsgId: MWAR-15995]
WCC_KaasContentRendering.c(10): Continuing after Error -26608: HTTP Status-Code=504 (Gateway Timeout) for "https://hx9ekpvvbi.execute-api.us-east-1.amazonaws.com/KaaS-ITG/v2/render/000ajnzCTXXNQcSoN8oETlwbOOYl/ish_1721987-1299196-16?entitlement=none&audience=customer&isFullHTMLRequired=true"  	[MsgId: MERR-26608]
Warning: Iteration pacing cannot be reached (pace time = 2.00, actual time = 36.91).	[MsgId: MWAR-15995]
KaaS_Content_Rendering_MetaData.c(10): Continuing after Error -26608: HTTP Status-Code=504 (Gateway Timeout) for "https://hx9ekpvvbi.execute-api.us-east-1.amazonaws.com/KaaS-ITG/v2/search?documentID=c05417875&resultLimit=1&resultStart=0&languageCode=ko,en&countryCode=6984892597308500812593&store=udp-content-default,docstore,manualstore,sdlmanualstore&printFields=documentID,filename,name,summary,objectname,dredbname,description,title,shortestnavigationpath,categorizations,ishType,searchable,languagedocmap"  	[MsgId: MERR-26608]
Warning: Iteration pacing cannot be reached (pace time = 2.00, actual time = 30.00).	[MsgId: MWAR-15995]
Kaas_Contextual_Filtering.c(9): Continuing after Error -26608: HTTP Status-Code=504 (Gateway Timeout) for "https://hx9ekpvvbi.execute-api.us-east-1.amazonaws.com/KaaS-ITG/v2/render/000aHHlopIbmO60NQby9ANtdAowX/ish_849683-2147483634-16?conditions=FHPIPRODUCT=6629135"  	[MsgId: MERR-26608]
Warning: Iteration pacing cannot be reached (pace time = 2.00, actual time = 29.73).	[MsgId: MWAR-15995]
Warning: Iteration pacing cannot be reached (pace time = 2.00, actual time = 2.16).	[MsgId: MWAR-15995]
Warning: Iteration pacing cannot be reached (pace time = 2.00, actual time = 30.13).	[MsgId: MWAR-15995]
Warning: Iteration pacing cannot be reached (pace time = 2.00, actual time = 7.49).	[MsgId: MWAR-15995]
Warning: Iteration pacing cannot be reached (pace time = 2.00, actual time = 10.63).	[MsgId: MWAR-15995]
Warning: Iteration pacing cannot be reached (pace time = 2.00, actual time = 2.35).	[MsgId: MWAR-15995]
Warning: Iteration pacing cannot be reached (pace time = 2.00, actual time = 3.90).	[MsgId: MWAR-15995]
Warning: Iteration pacing cannot be reached (pace time = 2.00, actual time = 2.85).	[MsgId: MWAR-15995]
Warning: Iteration pacing cannot be reached (pace time = 2.00, actual time = 2.74).	[MsgId: MWAR-15995]
Warning: Iteration pacing cannot be reached (pace time = 2.00, actual time = 2.21).	[MsgId: MWAR-15995]
Warning: Iteration pacing cannot be reached (pace time = 2.00, actual time = 9.30).	[MsgId: MWAR-15995]
Warning: Iteration pacing cannot be reached (pace time = 2.00, actual time = 12.65).	[MsgId: MWAR-15995]
Warning: Iteration pacing cannot be reached (pace time = 2.00, actual time = 10.54).	[MsgId: MWAR-15995]
Warning: Iteration pacing cannot be reached (pace time = 2.00, actual time = 4.24).	[MsgId: MWAR-15995]
Warning: Iteration pacing cannot be reached (pace time = 2.00, actual time = 14.57).	[MsgId: MWAR-15995]
Warning: Iteration pacing cannot be reached (pace time = 2.00, actual time = 11.53).	[MsgId: MWAR-15995]
Warning: Iteration pacing cannot be reached (pace time = 2.00, actual time = 9.98).	[MsgId: MWAR-15995]
Warning: Iteration pacing cannot be reached (pace time = 2.00, actual time = 30.39).	[MsgId: MWAR-15995]
Warning: Iteration pacing cannot be reached (pace time = 2.00, actual time = 21.11).	[MsgId: MWAR-15995]
WCC_KaasContentRendering.c(10): Continuing after Error -26608: HTTP Status-Code=504 (Gateway Timeout) for "https://hx9ekpvvbi.execute-api.us-east-1.amazonaws.com/KaaS-ITG/v2/render/000ajnzCTXXNQcSoN8oETlwbOOYl/ish_1632606-68226-16?entitlement=none&audience=customer&isFullHTMLRequired=true"  	[MsgId: MERR-26608]
Warning: Iteration pacing cannot be reached (pace time = 2.00, actual time = 45.07).	[MsgId: MWAR-15995]
Warning: Iteration pacing cannot be reached (pace time = 2.00, actual time = 26.23).	[MsgId: MWAR-15995]
Warning: Iteration pacing cannot be reached (pace time = 2.00, actual time = 4.21).	[MsgId: MWAR-15995]
Warning: Iteration pacing cannot be reached (pace time = 2.00, actual time = 2.20).	[MsgId: MWAR-15995]
Warning: Iteration pacing cannot be reached (pace time = 2.00, actual time = 2.30).	[MsgId: MWAR-15995]
Warning: Iteration pacing cannot be reached (pace time = 2.00, actual time = 2.64).	[MsgId: MWAR-15995]
Warning: Iteration pacing cannot be reached (pace time = 2.00, actual time = 6.51).	[MsgId: MWAR-15995]
Warning: Iteration pacing cannot be reached (pace time = 2.00, actual time = 2.22).	[MsgId: MWAR-15995]
Warning: Iteration pacing cannot be reached (pace time = 2.00, actual time = 2.24).	[MsgId: MWAR-15995]
Warning: Iteration pacing cannot be reached (pace time = 2.00, actual time = 2.36).	[MsgId: MWAR-15995]
Warning: Iteration pacing cannot be reached (pace time = 2.00, actual time = 4.47).	[MsgId: MWAR-15995]
Warning: Iteration pacing cannot be reached (pace time = 2.00, actual time = 3.86).	[MsgId: MWAR-15995]
Warning: Iteration pacing cannot be reached (pace time = 2.00, actual time = 4.42).	[MsgId: MWAR-15995]
Warning: Iteration pacing cannot be reached (pace time = 2.00, actual time = 12.77).	[MsgId: MWAR-15995]
Warning: Iteration pacing cannot be reached (pace time = 2.00, actual time = 12.53).	[MsgId: MWAR-15995]
Warning: Iteration pacing cannot be reached (pace time = 2.00, actual time = 13.91).	[MsgId: MWAR-15995]
Warning: Iteration pacing cannot be reached (pace time = 2.00, actual time = 16.54).	[MsgId: MWAR-15995]
Warning: Iteration pacing cannot be reached (pace time = 2.00, actual time = 2.85).	[MsgId: MWAR-15995]
Warning: Iteration pacing cannot be reached (pace time = 2.00, actual time = 3.41).	[MsgId: MWAR-15995]
Warning: Iteration pacing cannot be reached (pace time = 2.00, actual time = 3.45).	[MsgId: MWAR-15995]
Warning: Iteration pacing cannot be reached (pace time = 2.00, actual time = 3.34).	[MsgId: MWAR-15995]
Warning: Iteration pacing cannot be reached (pace time = 2.00, actual time = 3.68).	[MsgId: MWAR-15995]
Warning: Iteration pacing cannot be reached (pace time = 2.00, actual time = 2.36).	[MsgId: MWAR-15995]
Warning: Iteration pacing cannot be reached (pace time = 2.00, actual time = 2.35).	[MsgId: MWAR-15995]
Warning: Iteration pacing cannot be reached (pace time = 2.00, actual time = 2.11).	[MsgId: MWAR-15995]
Warning: Iteration pacing cannot be reached (pace time = 2.00, actual time = 2.41).	[MsgId: MWAR-15995]
Warning: Iteration pacing cannot be reached (pace time = 2.00, actual time = 21.88).	[MsgId: MWAR-15995]
KaaS_Content_Rendering_MetaData.c(10): Continuing after Error -26608: HTTP Status-Code=504 (Gateway Timeout) for "https://hx9ekpvvbi.execute-api.us-east-1.amazonaws.com/KaaS-ITG/v2/search?documentID=c05417875&resultLimit=1&resultStart=0&languageCode=ko,en&countryCode=6984892597308500812593&store=udp-content-default,docstore,manualstore,sdlmanualstore&printFields=documentID,filename,name,summary,objectname,dredbname,description,title,shortestnavigationpath,categorizations,ishType,searchable,languagedocmap"  	[MsgId: MERR-26608]
Warning: Iteration pacing cannot be reached (pace time = 2.00, actual time = 31.14).	[MsgId: MWAR-15995]
KaaS_Content_Rendering_MetaData.c(10): Continuing after Error -26608: HTTP Status-Code=504 (Gateway Timeout) for "https://hx9ekpvvbi.execute-api.us-east-1.amazonaws.com/KaaS-ITG/v2/search?documentID=c02049446&resultLimit=1&resultStart=0&languageCode=ko,en&countryCode=6984892597308500812593&store=udp-content-default,docstore,manualstore,sdlmanualstore&printFields=documentID,filename,name,summary,objectname,dredbname,description,title,shortestnavigationpath,categorizations,ishType,searchable,languagedocmap"  	[MsgId: MERR-26608]
Warning: Iteration pacing cannot be reached (pace time = 2.00, actual time = 29.89).	[MsgId: MWAR-15995]
Kaas_Contextual_Filtering.c(9): Continuing after Error -26608: HTTP Status-Code=504 (Gateway Timeout) for "https://hx9ekpvvbi.execute-api.us-east-1.amazonaws.com/KaaS-ITG/v2/render/000aHHlopIbmO60NQby9ANtdAowX/ish_849683-2147483634-16?conditions=FHPIPRODUCT=5259393"  	[MsgId: MERR-26608]
Warning: Iteration pacing cannot be reached (pace time = 2.00, actual time = 30.05).	[MsgId: MWAR-15995]
Warning: Iteration pacing cannot be reached (pace time = 2.00, actual time = 6.87).	[MsgId: MWAR-15995]
Warning: Iteration pacing cannot be reached (pace time = 2.00, actual time = 9.02).	[MsgId: MWAR-15995]
Kaas_Contextual_Filtering.c(9): Continuing after Error -26608: HTTP Status-Code=504 (Gateway Timeout) for "https://hx9ekpvvbi.execute-api.us-east-1.amazonaws.com/KaaS-ITG/v2/render/000aHHlopIbmO60NQby9ANtdAowX/ish_849683-2147483634-16?conditions=FHPIPRODUCT=37506804"  	[MsgId: MERR-26608]
Warning: Iteration pacing cannot be reached (pace time = 2.00, actual time = 30.49).	[MsgId: MWAR-15995]
WISE_KaasContentRendering.c(10): Continuing after Error -26608: HTTP Status-Code=504 (Gateway Timeout) for "https://hx9ekpvvbi.execute-api.us-east-1.amazonaws.com/KaaS-ITG/v2/render/000aHHlopIbmO60NQby9ANtdAowX/ish_1864000-1798926-16"  	[MsgId: MERR-26608]
Warning: Iteration pacing cannot be reached (pace time = 2.00, actual time = 40.67).	[MsgId: MWAR-15995]
Warning: Iteration pacing cannot be reached (pace time = 2.00, actual time = 2.01).	[MsgId: MWAR-15995]
WISE_KaasContentRendering.c(10): Continuing after Error -26608: HTTP Status-Code=504 (Gateway Timeout) for "https://hx9ekpvvbi.execute-api.us-east-1.amazonaws.com/KaaS-ITG/v2/render/000aHHlopIbmO60NQby9ANtdAowX/ish_1940928-1883319-16"  	[MsgId: MERR-26608]
WISE_KaasContentRendering.c(10): Continuing after Error -26608: HTTP Status-Code=504 (Gateway Timeout) for "https://hx9ekpvvbi.execute-api.us-east-1.amazonaws.com/KaaS-ITG/v2/render/000aHHlopIbmO60NQby9ANtdAowX/ish_1771220-1716190-16"  	[MsgId: MERR-26608]
Warning: Iteration pacing cannot be reached (pace time = 2.00, actual time = 29.61).	[MsgId: MWAR-15995]
Warning: Iteration pacing cannot be reached (pace time = 2.00, actual time = 34.75).	[MsgId: MWAR-15995]
WCC_KaasContentRendering.c(10): Continuing after Error -26608: HTTP Status-Code=504 (Gateway Timeout) for "https://hx9ekpvvbi.execute-api.us-east-1.amazonaws.com/KaaS-ITG/v2/render/000ajnzCTXXNQcSoN8oETlwbOOYl/ish_2025980-1553267-16?entitlement=none&audience=customer&isFullHTMLRequired=true"  	[MsgId: MERR-26608]
Warning: Iteration pacing cannot be reached (pace time = 2.00, actual time = 33.83).	[MsgId: MWAR-15995]
Warning: Iteration pacing cannot be reached (pace time = 2.00, actual time = 4.47).	[MsgId: MWAR-15995]
Warning: Iteration pacing cannot be reached (pace time = 2.00, actual time = 2.62).	[MsgId: MWAR-15995]
Warning: Iteration pacing cannot be reached (pace time = 2.00, actual time = 15.64).	[MsgId: MWAR-15995]
Warning: Iteration pacing cannot be reached (pace time = 2.00, actual time = 2.07).	[MsgId: MWAR-15995]
Warning: Iteration pacing cannot be reached (pace time = 2.00, actual time = 2.62).	[MsgId: MWAR-15995]
Warning: Iteration pacing cannot be reached (pace time = 2.00, actual time = 4.81).	[MsgId: MWAR-15995]
Warning: Iteration pacing cannot be reached (pace time = 2.00, actual time = 9.33).	[MsgId: MWAR-15995]
Warning: Iteration pacing cannot be reached (pace time = 2.00, actual time = 10.89).	[MsgId: MWAR-15995]
Warning: Iteration pacing cannot be reached (pace time = 2.00, actual time = 2.37).	[MsgId: MWAR-15995]
Warning: Iteration pacing cannot be reached (pace time = 2.00, actual time = 2.54).	[MsgId: MWAR-15995]
Warning: Iteration pacing cannot be reached (pace time = 2.00, actual time = 2.68).	[MsgId: MWAR-15995]
Warning: Iteration pacing cannot be reached (pace time = 2.00, actual time = 3.29).	[MsgId: MWAR-15995]
Warning: Iteration pacing cannot be reached (pace time = 2.00, actual time = 2.27).	[MsgId: MWAR-15995]
Warning: Iteration pacing cannot be reached (pace time = 2.00, actual time = 2.46).	[MsgId: MWAR-15995]
Warning: Iteration pacing cannot be reached (pace time = 2.00, actual time = 4.04).	[MsgId: MWAR-15995]
Warning: Iteration pacing cannot be reached (pace time = 2.00, actual time = 3.47).	[MsgId: MWAR-15995]
Warning: Iteration pacing cannot be reached (pace time = 2.00, actual time = 2.66).	[MsgId: MWAR-15995]
Warning: Iteration pacing cannot be reached (pace time = 2.00, actual time = 3.20).	[MsgId: MWAR-15995]
Warning: Iteration pacing cannot be reached (pace time = 2.00, actual time = 2.22).	[MsgId: MWAR-15995]
Warning: Iteration pacing cannot be reached (pace time = 2.00, actual time = 2.24).	[MsgId: MWAR-15995]
Warning: Iteration pacing cannot be reached (pace time = 2.00, actual time = 2.64).	[MsgId: MWAR-15995]
Warning: Iteration pacing cannot be reached (pace time = 2.00, actual time = 3.23).	[MsgId: MWAR-15995]
Warning: Iteration pacing cannot be reached (pace time = 2.00, actual time = 18.65).	[MsgId: MWAR-15995]
Warning: Iteration pacing cannot be reached (pace time = 2.00, actual time = 14.84).	[MsgId: MWAR-15995]
Warning: Iteration pacing cannot be reached (pace time = 2.00, actual time = 12.28).	[MsgId: MWAR-15995]
Warning: Iteration pacing cannot be reached (pace time = 2.00, actual time = 15.24).	[MsgId: MWAR-15995]
Warning: Iteration pacing cannot be reached (pace time = 2.00, actual time = 26.42).	[MsgId: MWAR-15995]
Warning: Iteration pacing cannot be reached (pace time = 2.00, actual time = 26.66).	[MsgId: MWAR-15995]
Warning: Iteration pacing cannot be reached (pace time = 2.00, actual time = 12.15).	[MsgId: MWAR-15995]
Warning: Iteration pacing cannot be reached (pace time = 2.00, actual time = 12.69).	[MsgId: MWAR-15995]
Warning: Iteration pacing cannot be reached (pace time = 2.00, actual time = 28.73).	[MsgId: MWAR-15995]
Warning: Iteration pacing cannot be reached (pace time = 2.00, actual time = 2.60).	[MsgId: MWAR-15995]
Warning: Iteration pacing cannot be reached (pace time = 2.00, actual time = 3.78).	[MsgId: MWAR-15995]
Warning: Iteration pacing cannot be reached (pace time = 2.00, actual time = 3.20).	[MsgId: MWAR-15995]
Warning: Iteration pacing cannot be reached (pace time = 2.00, actual time = 2.35).	[MsgId: MWAR-15995]
Warning: Iteration pacing cannot be reached (pace time = 2.00, actual time = 8.07).	[MsgId: MWAR-15995]
Warning: Iteration pacing cannot be reached (pace time = 2.00, actual time = 16.83).	[MsgId: MWAR-15995]
Warning: Iteration pacing cannot be reached (pace time = 2.00, actual time = 13.35).	[MsgId: MWAR-15995]
Warning: Iteration pacing cannot be reached (pace time = 2.00, actual time = 14.79).	[MsgId: MWAR-15995]
Warning: Iteration pacing cannot be reached (pace time = 2.00, actual time = 2.24).	[MsgId: MWAR-15995]
Warning: Iteration pacing cannot be reached (pace time = 2.00, actual time = 19.12).	[MsgId: MWAR-15995]
Warning: Iteration pacing cannot be reached (pace time = 2.00, actual time = 16.58).	[MsgId: MWAR-15995]
Warning: Iteration pacing cannot be reached (pace time = 2.00, actual time = 15.47).	[MsgId: MWAR-15995]
Warning: Iteration pacing cannot be reached (pace time = 2.00, actual time = 8.52).	[MsgId: MWAR-15995]
Warning: Iteration pacing cannot be reached (pace time = 2.00, actual time = 21.54).	[MsgId: MWAR-15995]
Warning: Iteration pacing cannot be reached (pace time = 2.00, actual time = 3.03).	[MsgId: MWAR-15995]
Warning: Iteration pacing cannot be reached (pace time = 2.00, actual time = 2.25).	[MsgId: MWAR-15995]
Warning: Iteration pacing cannot be reached (pace time = 2.00, actual time = 4.03).	[MsgId: MWAR-15995]
Warning: Iteration pacing cannot be reached (pace time = 2.00, actual time = 2.98).	[MsgId: MWAR-15995]
Warning: Iteration pacing cannot be reached (pace time = 2.00, actual time = 3.74).	[MsgId: MWAR-15995]
Warning: Iteration pacing cannot be reached (pace time = 2.00, actual time = 2.03).	[MsgId: MWAR-15995]
Warning: Iteration pacing cannot be reached (pace time = 2.00, actual time = 3.34).	[MsgId: MWAR-15995]
Warning: Iteration pacing cannot be reached (pace time = 2.00, actual time = 2.61).	[MsgId: MWAR-15995]
Warning: Iteration pacing cannot be reached (pace time = 2.00, actual time = 3.26).	[MsgId: MWAR-15995]
Warning: Iteration pacing cannot be reached (pace time = 2.00, actual time = 14.17).	[MsgId: MWAR-15995]
Warning: Iteration pacing cannot be reached (pace time = 2.00, actual time = 13.13).	[MsgId: MWAR-15995]
Warning: Iteration pacing cannot be reached (pace time = 2.00, actual time = 15.74).	[MsgId: MWAR-15995]
Warning: Iteration pacing cannot be reached (pace time = 2.00, actual time = 7.67).	[MsgId: MWAR-15995]
Warning: Iteration pacing cannot be reached (pace time = 2.00, actual time = 23.42).	[MsgId: MWAR-15995]
Warning: Iteration pacing cannot be reached (pace time = 2.00, actual time = 22.12).	[MsgId: MWAR-15995]
Warning: Iteration pacing cannot be reached (pace time = 2.00, actual time = 22.74).	[MsgId: MWAR-15995]
Warning: Iteration pacing cannot be reached (pace time = 2.00, actual time = 19.34).	[MsgId: MWAR-15995]
Warning: Iteration pacing cannot be reached (pace time = 2.00, actual time = 14.98).	[MsgId: MWAR-15995]
Warning: Iteration pacing cannot be reached (pace time = 2.00, actual time = 6.53).	[MsgId: MWAR-15995]
Warning: Iteration pacing cannot be reached (pace time = 2.00, actual time = 28.74).	[MsgId: MWAR-15995]
Warning: Iteration pacing cannot be reached (pace time = 2.00, actual time = 10.62).	[MsgId: MWAR-15995]
Warning: Iteration pacing cannot be reached (pace time = 2.00, actual time = 3.77).	[MsgId: MWAR-15995]
Warning: Iteration pacing cannot be reached (pace time = 2.00, actual time = 7.28).	[MsgId: MWAR-15995]
Warning: Iteration pacing cannot be reached (pace time = 2.00, actual time = 8.44).	[MsgId: MWAR-15995]
Warning: Iteration pacing cannot be reached (pace time = 2.00, actual time = 10.87).	[MsgId: MWAR-15995]
Warning: Iteration pacing cannot be reached (pace time = 2.00, actual time = 2.29).	[MsgId: MWAR-15995]
Warning: Iteration pacing cannot be reached (pace time = 2.00, actual time = 19.86).	[MsgId: MWAR-15995]
Warning: Iteration pacing cannot be reached (pace time = 2.00, actual time = 15.82).	[MsgId: MWAR-15995]
Warning: Iteration pacing cannot be reached (pace time = 2.00, actual time = 10.30).	[MsgId: MWAR-15995]
Warning: Iteration pacing cannot be reached (pace time = 2.00, actual time = 28.09).	[MsgId: MWAR-15995]
Warning: Iteration pacing cannot be reached (pace time = 2.00, actual time = 2.04).	[MsgId: MWAR-15995]
Warning: Iteration pacing cannot be reached (pace time = 2.00, actual time = 2.04).	[MsgId: MWAR-15995]
Warning: Iteration pacing cannot be reached (pace time = 2.00, actual time = 4.38).	[MsgId: MWAR-15995]
Warning: Iteration pacing cannot be reached (pace time = 2.00, actual time = 4.74).	[MsgId: MWAR-15995]
Warning: Iteration pacing cannot be reached (pace time = 2.00, actual time = 4.17).	[MsgId: MWAR-15995]
Warning: Iteration pacing cannot be reached (pace time = 2.00, actual time = 13.20).	[MsgId: MWAR-15995]
Warning: Iteration pacing cannot be reached (pace time = 2.00, actual time = 10.58).	[MsgId: MWAR-15995]
Warning: Iteration pacing cannot be reached (pace time = 2.00, actual time = 11.41).	[MsgId: MWAR-15995]
Warning: Iteration pacing cannot be reached (pace time = 2.00, actual time = 9.73).	[MsgId: MWAR-15995]
Warning: Iteration pacing cannot be reached (pace time = 2.00, actual time = 2.46).	[MsgId: MWAR-15995]
Warning: Iteration pacing cannot be reached (pace time = 2.00, actual time = 2.37).	[MsgId: MWAR-15995]
Warning: Iteration pacing cannot be reached (pace time = 2.00, actual time = 2.79).	[MsgId: MWAR-15995]
Warning: Iteration pacing cannot be reached (pace time = 2.00, actual time = 3.61).	[MsgId: MWAR-15995]
Warning: Iteration pacing cannot be reached (pace time = 2.00, actual time = 3.18).	[MsgId: MWAR-15995]
Warning: Iteration pacing cannot be reached (pace time = 2.00, actual time = 4.25).	[MsgId: MWAR-15995]
Warning: Iteration pacing cannot be reached (pace time = 2.00, actual time = 16.41).	[MsgId: MWAR-15995]
Warning: Iteration pacing cannot be reached (pace time = 2.00, actual time = 16.67).	[MsgId: MWAR-15995]
Warning: Iteration pacing cannot be reached (pace time = 2.00, actual time = 13.56).	[MsgId: MWAR-15995]
Warning: Iteration pacing cannot be reached (pace time = 2.00, actual time = 2.95).	[MsgId: MWAR-15995]
Warning: Iteration pacing cannot be reached (pace time = 2.00, actual time = 5.87).	[MsgId: MWAR-15995]
Warning: Iteration pacing cannot be reached (pace time = 2.00, actual time = 4.00).	[MsgId: MWAR-15995]
Warning: Iteration pacing cannot be reached (pace time = 2.00, actual time = 22.32).	[MsgId: MWAR-15995]
Warning: Iteration pacing cannot be reached (pace time = 2.00, actual time = 2.30).	[MsgId: MWAR-15995]
Warning: Iteration pacing cannot be reached (pace time = 2.00, actual time = 4.14).	[MsgId: MWAR-15995]
Warning: Iteration pacing cannot be reached (pace time = 2.00, actual time = 2.85).	[MsgId: MWAR-15995]
Warning: Iteration pacing cannot be reached (pace time = 2.00, actual time = 18.04).	[MsgId: MWAR-15995]
WISE_KaasContentRendering.c(10): Continuing after Error -26608: HTTP Status-Code=504 (Gateway Timeout) for "https://hx9ekpvvbi.execute-api.us-east-1.amazonaws.com/KaaS-ITG/v2/render/000aHHlopIbmO60NQby9ANtdAowX/ish_1940938-1883966-16"  	[MsgId: MERR-26608]
WCC_KaasContentRendering.c(10): Continuing after Error -26608: HTTP Status-Code=504 (Gateway Timeout) for "https://hx9ekpvvbi.execute-api.us-east-1.amazonaws.com/KaaS-ITG/v2/render/000ajnzCTXXNQcSoN8oETlwbOOYl/ish_2040896-1521983-16?entitlement=none&audience=customer&isFullHTMLRequired=true"  	[MsgId: MERR-26608]
Warning: Iteration pacing cannot be reached (pace time = 2.00, actual time = 30.14).	[MsgId: MWAR-15995]
Warning: Iteration pacing cannot be reached (pace time = 2.00, actual time = 8.97).	[MsgId: MWAR-15995]
KaaS_Content_Rendering_MetaData.c(10): Continuing after Error -26608: HTTP Status-Code=504 (Gateway Timeout) for "https://hx9ekpvvbi.execute-api.us-east-1.amazonaws.com/KaaS-ITG/v2/search?documentID=c02886960&resultLimit=1&resultStart=0&languageCode=ko,en&countryCode=6984892597308500812593&store=udp-content-default,docstore,manualstore,sdlmanualstore&printFields=documentID,filename,name,summary,objectname,dredbname,description,title,shortestnavigationpath,categorizations,ishType,searchable,languagedocmap"  	[MsgId: MERR-26608]
KaaS_Content_Rendering_MetaData.c(10): Continuing after Error -26608: HTTP Status-Code=504 (Gateway Timeout) for "https://hx9ekpvvbi.execute-api.us-east-1.amazonaws.com/KaaS-ITG/v2/search?documentID=c02886960&resultLimit=1&resultStart=0&languageCode=ko,en&countryCode=6984892597308500812593&store=udp-content-default,docstore,manualstore,sdlmanualstore&printFields=documentID,filename,name,summary,objectname,dredbname,description,title,shortestnavigationpath,categorizations,ishType,searchable,languagedocmap"  	[MsgId: MERR-26608]
WCC_KaasContentRendering.c(10): Continuing after Error -26608: HTTP Status-Code=504 (Gateway Timeout) for "https://hx9ekpvvbi.execute-api.us-east-1.amazonaws.com/KaaS-ITG/v2/render/000ajnzCTXXNQcSoN8oETlwbOOYl/ish_2339470-2185681-16?entitlement=none&audience=customer&isFullHTMLRequired=true"  	[MsgId: MERR-26608]
Warning: Iteration pacing cannot be reached (pace time = 2.00, actual time = 66.68).	[MsgId: MWAR-15995]
KaaS_Content_Rendering_MetaData.c(10): Continuing after Error -26608: HTTP Status-Code=504 (Gateway Timeout) for "https://hx9ekpvvbi.execute-api.us-east-1.amazonaws.com/KaaS-ITG/v2/search?documentID=c02282389&resultLimit=1&resultStart=0&languageCode=ko,en&countryCode=6984892597308500812593&store=udp-content-default,docstore,manualstore,sdlmanualstore&printFields=documentID,filename,name,summary,objectname,dredbname,description,title,shortestnavigationpath,categorizations,ishType,searchable,languagedocmap"  	[MsgId: MERR-26608]
Warning: Iteration pacing cannot be reached (pace time = 2.00, actual time = 32.15).	[MsgId: MWAR-15995]
WCC_KaasContentRendering.c(10): Continuing after Error -26608: HTTP Status-Code=504 (Gateway Timeout) for "https://hx9ekpvvbi.execute-api.us-east-1.amazonaws.com/KaaS-ITG/v2/render/000ajnzCTXXNQcSoN8oETlwbOOYl/ish_1713527-1420280-16?entitlement=none&audience=customer&isFullHTMLRequired=true"  	[MsgId: MERR-26608]
Warning: Iteration pacing cannot be reached (pace time = 2.00, actual time = 76.61).	[MsgId: MWAR-15995]
WCC_KaasContentRendering.c(10): Continuing after Error -26608: HTTP Status-Code=504 (Gateway Timeout) for "https://hx9ekpvvbi.execute-api.us-east-1.amazonaws.com/KaaS-ITG/v2/render/000ajnzCTXXNQcSoN8oETlwbOOYl/ish_2225635-1796279-16?entitlement=none&audience=customer&isFullHTMLRequired=true"  	[MsgId: MERR-26608]
Warning: Iteration pacing cannot be reached (pace time = 2.00, actual time = 76.77).	[MsgId: MWAR-15995]
WISE_KaasContentRendering.c(10): Continuing after Error -26608: HTTP Status-Code=504 (Gateway Timeout) for "https://hx9ekpvvbi.execute-api.us-east-1.amazonaws.com/KaaS-ITG/v2/render/000aHHlopIbmO60NQby9ANtdAowX/ish_1562951-290517-16"  	[MsgId: MERR-26608]
Kaas_Contextual_Filtering.c(9): Continuing after Error -26608: HTTP Status-Code=504 (Gateway Timeout) for "https://hx9ekpvvbi.execute-api.us-east-1.amazonaws.com/KaaS-ITG/v2/render/000aHHlopIbmO60NQby9ANtdAowX/ish_849683-2147483634-16?conditions=FHPIPRODUCT=5447875"  	[MsgId: MERR-26608]
Warning: Iteration pacing cannot be reached (pace time = 2.00, actual time = 48.73).	[MsgId: MWAR-15995]
Warning: Iteration pacing cannot be reached (pace time = 2.00, actual time = 40.96).	[MsgId: MWAR-15995]
Warning: Iteration pacing cannot be reached (pace time = 2.00, actual time = 46.05).	[MsgId: MWAR-15995]
Warning: Iteration pacing cannot be reached (pace time = 2.00, actual time = 3.20).	[MsgId: MWAR-15995]
Warning: Iteration pacing cannot be reached (pace time = 2.00, actual time = 2.27).	[MsgId: MWAR-15995]
Warning: Iteration pacing cannot be reached (pace time = 2.00, actual time = 25.36).	[MsgId: MWAR-15995]
Warning: Iteration pacing cannot be reached (pace time = 2.00, actual time = 2.49).	[MsgId: MWAR-15995]
Warning: Iteration pacing cannot be reached (pace time = 2.00, actual time = 5.74).	[MsgId: MWAR-15995]
Warning: Iteration pacing cannot be reached (pace time = 2.00, actual time = 2.29).	[MsgId: MWAR-15995]
Warning: Iteration pacing cannot be reached (pace time = 2.00, actual time = 2.67).	[MsgId: MWAR-15995]
Warning: Iteration pacing cannot be reached (pace time = 2.00, actual time = 5.38).	[MsgId: MWAR-15995]
Warning: Iteration pacing cannot be reached (pace time = 2.00, actual time = 9.08).	[MsgId: MWAR-15995]
Warning: Iteration pacing cannot be reached (pace time = 2.00, actual time = 24.49).	[MsgId: MWAR-15995]
Warning: Iteration pacing cannot be reached (pace time = 2.00, actual time = 2.52).	[MsgId: MWAR-15995]
Warning: Iteration pacing cannot be reached (pace time = 2.00, actual time = 23.06).	[MsgId: MWAR-15995]
Warning: Iteration pacing cannot be reached (pace time = 2.00, actual time = 28.60).	[MsgId: MWAR-15995]
Warning: Iteration pacing cannot be reached (pace time = 2.00, actual time = 24.97).	[MsgId: MWAR-15995]
Warning: Iteration pacing cannot be reached (pace time = 2.00, actual time = 3.73).	[MsgId: MWAR-15995]
Warning: Iteration pacing cannot be reached (pace time = 2.00, actual time = 2.39).	[MsgId: MWAR-15995]
Warning: Iteration pacing cannot be reached (pace time = 2.00, actual time = 2.54).	[MsgId: MWAR-15995]
Warning: Iteration pacing cannot be reached (pace time = 2.00, actual time = 10.28).	[MsgId: MWAR-15995]
Warning: Iteration pacing cannot be reached (pace time = 2.00, actual time = 5.79).	[MsgId: MWAR-15995]
Warning: Iteration pacing cannot be reached (pace time = 2.00, actual time = 8.77).	[MsgId: MWAR-15995]
Warning: Iteration pacing cannot be reached (pace time = 2.00, actual time = 10.36).	[MsgId: MWAR-15995]
Warning: Iteration pacing cannot be reached (pace time = 2.00, actual time = 28.69).	[MsgId: MWAR-15995]
Warning: Iteration pacing cannot be reached (pace time = 2.00, actual time = 22.55).	[MsgId: MWAR-15995]
WCC_KaasContentRendering.c(10): Continuing after Error -26608: HTTP Status-Code=504 (Gateway Timeout) for "https://hx9ekpvvbi.execute-api.us-east-1.amazonaws.com/KaaS-ITG/v2/render/000ajnzCTXXNQcSoN8oETlwbOOYl/ish_1616261-225626-16?entitlement=none&audience=customer&isFullHTMLRequired=true"  	[MsgId: MERR-26608]
Warning: Iteration pacing cannot be reached (pace time = 2.00, actual time = 29.53).	[MsgId: MWAR-15995]
Warning: Iteration pacing cannot be reached (pace time = 2.00, actual time = 30.04).	[MsgId: MWAR-15995]
Warning: Iteration pacing cannot be reached (pace time = 2.00, actual time = 13.79).	[MsgId: MWAR-15995]
Warning: Iteration pacing cannot be reached (pace time = 2.00, actual time = 8.45).	[MsgId: MWAR-15995]
Warning: Iteration pacing cannot be reached (pace time = 2.00, actual time = 15.02).	[MsgId: MWAR-15995]
Warning: Iteration pacing cannot be reached (pace time = 2.00, actual time = 2.02).	[MsgId: MWAR-15995]
Warning: Iteration pacing cannot be reached (pace time = 2.00, actual time = 3.94).	[MsgId: MWAR-15995]
Warning: Iteration pacing cannot be reached (pace time = 2.00, actual time = 2.28).	[MsgId: MWAR-15995]
Warning: Iteration pacing cannot be reached (pace time = 2.00, actual time = 2.01).	[MsgId: MWAR-15995]
Warning: Iteration pacing cannot be reached (pace time = 2.00, actual time = 14.23).	[MsgId: MWAR-15995]
Warning: Iteration pacing cannot be reached (pace time = 2.00, actual time = 15.38).	[MsgId: MWAR-15995]
Warning: Iteration pacing cannot be reached (pace time = 2.00, actual time = 24.24).	[MsgId: MWAR-15995]
WISE_KaasContentRendering.c(10): Continuing after Error -26608: HTTP Status-Code=504 (Gateway Timeout) for "https://hx9ekpvvbi.execute-api.us-east-1.amazonaws.com/KaaS-ITG/v2/render/000aHHlopIbmO60NQby9ANtdAowX/ish_1941036-1884006-16"  	[MsgId: MERR-26608]
Warning: Iteration pacing cannot be reached (pace time = 2.00, actual time = 17.30).	[MsgId: MWAR-15995]
Warning: Iteration pacing cannot be reached (pace time = 2.00, actual time = 10.99).	[MsgId: MWAR-15995]
Warning: Iteration pacing cannot be reached (pace time = 2.00, actual time = 38.17).	[MsgId: MWAR-15995]
Warning: Iteration pacing cannot be reached (pace time = 2.00, actual time = 5.46).	[MsgId: MWAR-15995]
WCC_KaasContentRendering.c(10): Continuing after Error -26608: HTTP Status-Code=504 (Gateway Timeout) for "https://hx9ekpvvbi.execute-api.us-east-1.amazonaws.com/KaaS-ITG/v2/render/000ajnzCTXXNQcSoN8oETlwbOOYl/ish_2040896-1521878-16?entitlement=none&audience=customer&isFullHTMLRequired=true"  	[MsgId: MERR-26608]
Warning: Iteration pacing cannot be reached (pace time = 2.00, actual time = 46.98).	[MsgId: MWAR-15995]
WISE_KaasContentRendering.c(10): Continuing after Error -26608: HTTP Status-Code=504 (Gateway Timeout) for "https://hx9ekpvvbi.execute-api.us-east-1.amazonaws.com/KaaS-ITG/v2/render/000aHHlopIbmO60NQby9ANtdAowX/ish_1942082-1888842-16"  	[MsgId: MERR-26608]
Warning: Iteration pacing cannot be reached (pace time = 2.00, actual time = 27.62).	[MsgId: MWAR-15995]
Warning: Iteration pacing cannot be reached (pace time = 2.00, actual time = 38.60).	[MsgId: MWAR-15995]
Warning: Iteration pacing cannot be reached (pace time = 2.00, actual time = 8.78).	[MsgId: MWAR-15995]
Warning: Iteration pacing cannot be reached (pace time = 2.00, actual time = 37.03).	[MsgId: MWAR-15995]
Warning: Iteration pacing cannot be reached (pace time = 2.00, actual time = 9.05).	[MsgId: MWAR-15995]
Warning: Iteration pacing cannot be reached (pace time = 2.00, actual time = 2.36).	[MsgId: MWAR-15995]
Warning: Iteration pacing cannot be reached (pace time = 2.00, actual time = 5.37).	[MsgId: MWAR-15995]
Warning: Iteration pacing cannot be reached (pace time = 2.00, actual time = 2.26).	[MsgId: MWAR-15995]
Warning: Iteration pacing cannot be reached (pace time = 2.00, actual time = 2.01).	[MsgId: MWAR-15995]
Warning: Iteration pacing cannot be reached (pace time = 2.00, actual time = 2.70).	[MsgId: MWAR-15995]
Warning: Iteration pacing cannot be reached (pace time = 2.00, actual time = 3.21).	[MsgId: MWAR-15995]
Warning: Iteration pacing cannot be reached (pace time = 2.00, actual time = 2.31).	[MsgId: MWAR-15995]
Warning: Iteration pacing cannot be reached (pace time = 2.00, actual time = 3.36).	[MsgId: MWAR-15995]
Warning: Iteration pacing cannot be reached (pace time = 2.00, actual time = 9.79).	[MsgId: MWAR-15995]
Warning: Iteration pacing cannot be reached (pace time = 2.00, actual time = 3.40).	[MsgId: MWAR-15995]
KaaS_Content_Rendering_MetaData.c(10): Continuing after Error -26608: HTTP Status-Code=504 (Gateway Timeout) for "https://hx9ekpvvbi.execute-api.us-east-1.amazonaws.com/KaaS-ITG/v2/search?documentID=ish_2281796-2060609-16&resultLimit=1&resultStart=0&languageCode=ko,en&countryCode=6984892597308500812593&store=udp-content-default,docstore,manualstore,sdlmanualstore&printFields=documentID,filename,name,summary,objectname,dredbname,description,title,shortestnavigationpath,categorizations,ishType,searchable,languagedocmap"  	[MsgId: MERR-26608]
Warning: Iteration pacing cannot be reached (pace time = 2.00, actual time = 30.09).	[MsgId: MWAR-15995]
WISE_KaasContentRendering.c(10): Continuing after Error -26608: HTTP Status-Code=504 (Gateway Timeout) for "https://hx9ekpvvbi.execute-api.us-east-1.amazonaws.com/KaaS-ITG/v2/render/000aHHlopIbmO60NQby9ANtdAowX/ish_2025988-1592331-16"  	[MsgId: MERR-26608]
WCC_KaasContentRendering.c(10): Continuing after Error -26608: HTTP Status-Code=504 (Gateway Timeout) for "https://hx9ekpvvbi.execute-api.us-east-1.amazonaws.com/KaaS-ITG/v2/render/000ajnzCTXXNQcSoN8oETlwbOOYl/ish_1569716-65627-16?entitlement=none&audience=customer&isFullHTMLRequired=true"  	[MsgId: MERR-26608]
Warning: Iteration pacing cannot be reached (pace time = 2.00, actual time = 29.68).	[MsgId: MWAR-15995]
WCC_KaasContentRendering.c(10): Continuing after Error -26608: HTTP Status-Code=504 (Gateway Timeout) for "https://hx9ekpvvbi.execute-api.us-east-1.amazonaws.com/KaaS-ITG/v2/render/000ajnzCTXXNQcSoN8oETlwbOOYl/ish_1997719-1528356-16?entitlement=none&audience=customer&isFullHTMLRequired=true"  	[MsgId: MERR-26608]
Warning: Iteration pacing cannot be reached (pace time = 2.00, actual time = 29.63).	[MsgId: MWAR-15995]
WISE_KaasContentRendering.c(10): Continuing after Error -26608: HTTP Status-Code=504 (Gateway Timeout) for "https://hx9ekpvvbi.execute-api.us-east-1.amazonaws.com/KaaS-ITG/v2/render/000aHHlopIbmO60NQby9ANtdAowX/ish_1562951-290517-16"  	[MsgId: MERR-26608]
WISE_KaasContentRendering.c(10): Continuing after Error -26608: HTTP Status-Code=504 (Gateway Timeout) for "https://hx9ekpvvbi.execute-api.us-east-1.amazonaws.com/KaaS-ITG/v2/render/000aHHlopIbmO60NQby9ANtdAowX/ish_1869312-1731830-16"  	[MsgId: MERR-26608]
Warning: Iteration pacing cannot be reached (pace time = 2.00, actual time = 29.56).	[MsgId: MWAR-15995]
Warning: Iteration pacing cannot be reached (pace time = 2.00, actual time = 45.23).	[MsgId: MWAR-15995]
Warning: Iteration pacing cannot be reached (pace time = 2.00, actual time = 35.46).	[MsgId: MWAR-15995]
Warning: Iteration pacing cannot be reached (pace time = 2.00, actual time = 76.36).	[MsgId: MWAR-15995]
Warning: Iteration pacing cannot be reached (pace time = 2.00, actual time = 2.89).	[MsgId: MWAR-15995]
Warning: Iteration pacing cannot be reached (pace time = 2.00, actual time = 2.45).	[MsgId: MWAR-15995]
Warning: Iteration pacing cannot be reached (pace time = 2.00, actual time = 6.02).	[MsgId: MWAR-15995]
Warning: Iteration pacing cannot be reached (pace time = 2.00, actual time = 19.53).	[MsgId: MWAR-15995]
Warning: Iteration pacing cannot be reached (pace time = 2.00, actual time = 8.39).	[MsgId: MWAR-15995]
Warning: Iteration pacing cannot be reached (pace time = 2.00, actual time = 8.54).	[MsgId: MWAR-15995]
Warning: Iteration pacing cannot be reached (pace time = 2.00, actual time = 4.37).	[MsgId: MWAR-15995]
Warning: Iteration pacing cannot be reached (pace time = 2.00, actual time = 7.04).	[MsgId: MWAR-15995]
Warning: Iteration pacing cannot be reached (pace time = 2.00, actual time = 5.16).	[MsgId: MWAR-15995]
Warning: Iteration pacing cannot be reached (pace time = 2.00, actual time = 7.50).	[MsgId: MWAR-15995]
Warning: Iteration pacing cannot be reached (pace time = 2.00, actual time = 4.29).	[MsgId: MWAR-15995]
Warning: Iteration pacing cannot be reached (pace time = 2.00, actual time = 7.18).	[MsgId: MWAR-15995]
Warning: Iteration pacing cannot be reached (pace time = 2.00, actual time = 5.64).	[MsgId: MWAR-15995]
Warning: Iteration pacing cannot be reached (pace time = 2.00, actual time = 8.05).	[MsgId: MWAR-15995]
Warning: Iteration pacing cannot be reached (pace time = 2.00, actual time = 3.33).	[MsgId: MWAR-15995]
Warning: Iteration pacing cannot be reached (pace time = 2.00, actual time = 2.08).	[MsgId: MWAR-15995]
Warning: Iteration pacing cannot be reached (pace time = 2.00, actual time = 2.36).	[MsgId: MWAR-15995]
Warning: Iteration pacing cannot be reached (pace time = 2.00, actual time = 3.07).	[MsgId: MWAR-15995]
Warning: Iteration pacing cannot be reached (pace time = 2.00, actual time = 4.56).	[MsgId: MWAR-15995]
Warning: Iteration pacing cannot be reached (pace time = 2.00, actual time = 2.32).	[MsgId: MWAR-15995]
Warning: Iteration pacing cannot be reached (pace time = 2.00, actual time = 2.42).	[MsgId: MWAR-15995]
Warning: Iteration pacing cannot be reached (pace time = 2.00, actual time = 3.25).	[MsgId: MWAR-15995]
Warning: Iteration pacing cannot be reached (pace time = 2.00, actual time = 2.40).	[MsgId: MWAR-15995]
Warning: Iteration pacing cannot be reached (pace time = 2.00, actual time = 3.75).	[MsgId: MWAR-15995]
Warning: Iteration pacing cannot be reached (pace time = 2.00, actual time = 4.79).	[MsgId: MWAR-15995]
Warning: Iteration pacing cannot be reached (pace time = 2.00, actual time = 7.18).	[MsgId: MWAR-15995]
Warning: Iteration pacing cannot be reached (pace time = 2.00, actual time = 12.71).	[MsgId: MWAR-15995]
Warning: Iteration pacing cannot be reached (pace time = 2.00, actual time = 12.94).	[MsgId: MWAR-15995]
Warning: Iteration pacing cannot be reached (pace time = 2.00, actual time = 10.73).	[MsgId: MWAR-15995]
Warning: Iteration pacing cannot be reached (pace time = 2.00, actual time = 9.69).	[MsgId: MWAR-15995]
Warning: Iteration pacing cannot be reached (pace time = 2.00, actual time = 7.12).	[MsgId: MWAR-15995]
Warning: Iteration pacing cannot be reached (pace time = 2.00, actual time = 7.64).	[MsgId: MWAR-15995]
Warning: Iteration pacing cannot be reached (pace time = 2.00, actual time = 8.35).	[MsgId: MWAR-15995]
Warning: Iteration pacing cannot be reached (pace time = 2.00, actual time = 9.55).	[MsgId: MWAR-15995]
Warning: Iteration pacing cannot be reached (pace time = 2.00, actual time = 24.00).	[MsgId: MWAR-15995]
Warning: Iteration pacing cannot be reached (pace time = 2.00, actual time = 25.73).	[MsgId: MWAR-15995]
Warning: Iteration pacing cannot be reached (pace time = 2.00, actual time = 26.66).	[MsgId: MWAR-15995]
Warning: Iteration pacing cannot be reached (pace time = 2.00, actual time = 28.32).	[MsgId: MWAR-15995]
Warning: Iteration pacing cannot be reached (pace time = 2.00, actual time = 4.40).	[MsgId: MWAR-15995]
Warning: Iteration pacing cannot be reached (pace time = 2.00, actual time = 3.03).	[MsgId: MWAR-15995]
Warning: Iteration pacing cannot be reached (pace time = 2.00, actual time = 2.01).	[MsgId: MWAR-15995]
Warning: Iteration pacing cannot be reached (pace time = 2.00, actual time = 2.01).	[MsgId: MWAR-15995]
Warning: Iteration pacing cannot be reached (pace time = 2.00, actual time = 5.89).	[MsgId: MWAR-15995]
Warning: Iteration pacing cannot be reached (pace time = 2.00, actual time = 29.15).	[MsgId: MWAR-15995]
Warning: Iteration pacing cannot be reached (pace time = 2.00, actual time = 27.46).	[MsgId: MWAR-15995]
Warning: Iteration pacing cannot be reached (pace time = 2.00, actual time = 24.80).	[MsgId: MWAR-15995]
Warning: Iteration pacing cannot be reached (pace time = 2.00, actual time = 25.70).	[MsgId: MWAR-15995]
Warning: Iteration pacing cannot be reached (pace time = 2.00, actual time = 6.04).	[MsgId: MWAR-15995]
Warning: Iteration pacing cannot be reached (pace time = 2.00, actual time = 2.05).	[MsgId: MWAR-15995]
Warning: Iteration pacing cannot be reached (pace time = 2.00, actual time = 7.73).	[MsgId: MWAR-15995]
Warning: Iteration pacing cannot be reached (pace time = 2.00, actual time = 4.74).	[MsgId: MWAR-15995]
Warning: Iteration pacing cannot be reached (pace time = 2.00, actual time = 6.32).	[MsgId: MWAR-15995]
Warning: Iteration pacing cannot be reached (pace time = 2.00, actual time = 16.73).	[MsgId: MWAR-15995]
Warning: Iteration pacing cannot be reached (pace time = 2.00, actual time = 17.88).	[MsgId: MWAR-15995]
Warning: Iteration pacing cannot be reached (pace time = 2.00, actual time = 18.66).	[MsgId: MWAR-15995]
Warning: Iteration pacing cannot be reached (pace time = 2.00, actual time = 13.10).	[MsgId: MWAR-15995]
Warning: Iteration pacing cannot be reached (pace time = 2.00, actual time = 2.05).	[MsgId: MWAR-15995]
Warning: Iteration pacing cannot be reached (pace time = 2.00, actual time = 3.35).	[MsgId: MWAR-15995]
Warning: Iteration pacing cannot be reached (pace time = 2.00, actual time = 2.42).	[MsgId: MWAR-15995]
Warning: Iteration pacing cannot be reached (pace time = 2.00, actual time = 4.34).	[MsgId: MWAR-15995]
Warning: Iteration pacing cannot be reached (pace time = 2.00, actual time = 7.19).	[MsgId: MWAR-15995]
Warning: Iteration pacing cannot be reached (pace time = 2.00, actual time = 10.22).	[MsgId: MWAR-15995]
Warning: Iteration pacing cannot be reached (pace time = 2.00, actual time = 7.19).	[MsgId: MWAR-15995]
Warning: Iteration pacing cannot be reached (pace time = 2.00, actual time = 11.53).	[MsgId: MWAR-15995]
Warning: Iteration pacing cannot be reached (pace time = 2.00, actual time = 16.98).	[MsgId: MWAR-15995]
Warning: Iteration pacing cannot be reached (pace time = 2.00, actual time = 8.89).	[MsgId: MWAR-15995]
Warning: Iteration pacing cannot be reached (pace time = 2.00, actual time = 2.17).	[MsgId: MWAR-15995]
Warning: Iteration pacing cannot be reached (pace time = 2.00, actual time = 2.26).	[MsgId: MWAR-15995]
WCC_KaasContentRendering.c(10): Continuing after Error -26608: HTTP Status-Code=504 (Gateway Timeout) for "https://hx9ekpvvbi.execute-api.us-east-1.amazonaws.com/KaaS-ITG/v2/render/000ajnzCTXXNQcSoN8oETlwbOOYl/ish_2268897-1678984-16?entitlement=none&audience=customer&isFullHTMLRequired=true"  	[MsgId: MERR-26608]
Warning: Iteration pacing cannot be reached (pace time = 2.00, actual time = 29.98).	[MsgId: MWAR-15995]
WISE_KaasContentRendering.c(10): Continuing after Error -26608: HTTP Status-Code=504 (Gateway Timeout) for "https://hx9ekpvvbi.execute-api.us-east-1.amazonaws.com/KaaS-ITG/v2/render/000aHHlopIbmO60NQby9ANtdAowX/ish_1941036-1884006-16"  	[MsgId: MERR-26608]
KaaS_Content_Rendering_MetaData.c(10): Continuing after Error -26608: HTTP Status-Code=504 (Gateway Timeout) for "https://hx9ekpvvbi.execute-api.us-east-1.amazonaws.com/KaaS-ITG/v2/search?documentID=c00752912&resultLimit=1&resultStart=0&languageCode=ko,en&countryCode=6984892597308500812593&store=udp-content-default,docstore,manualstore,sdlmanualstore&printFields=documentID,filename,name,summary,objectname,dredbname,description,title,shortestnavigationpath,categorizations,ishType,searchable,languagedocmap"  	[MsgId: MERR-26608]
Warning: Iteration pacing cannot be reached (pace time = 2.00, actual time = 29.99).	[MsgId: MWAR-15995]
Warning: Iteration pacing cannot be reached (pace time = 2.00, actual time = 36.97).	[MsgId: MWAR-15995]
KaaS_Content_Rendering_MetaData.c(10): Continuing after Error -26608: HTTP Status-Code=504 (Gateway Timeout) for "https://hx9ekpvvbi.execute-api.us-east-1.amazonaws.com/KaaS-ITG/v2/search?documentID=ish_2175617-2060413-16&resultLimit=1&resultStart=0&languageCode=ko,en&countryCode=6984892597308500812593&store=udp-content-default,docstore,manualstore,sdlmanualstore&printFields=documentID,filename,name,summary,objectname,dredbname,description,title,shortestnavigationpath,categorizations,ishType,searchable,languagedocmap"  	[MsgId: MERR-26608]
Warning: Iteration pacing cannot be reached (pace time = 2.00, actual time = 37.66).	[MsgId: MWAR-15995]
Warning: Iteration pacing cannot be reached (pace time = 2.00, actual time = 6.84).	[MsgId: MWAR-15995]
Warning: Iteration pacing cannot be reached (pace time = 2.00, actual time = 14.61).	[MsgId: MWAR-15995]
Warning: Iteration pacing cannot be reached (pace time = 2.00, actual time = 9.45).	[MsgId: MWAR-15995]
Warning: Iteration pacing cannot be reached (pace time = 2.00, actual time = 11.86).	[MsgId: MWAR-15995]
Warning: Iteration pacing cannot be reached (pace time = 2.00, actual time = 12.48).	[MsgId: MWAR-15995]
Warning: Iteration pacing cannot be reached (pace time = 2.00, actual time = 2.98).	[MsgId: MWAR-15995]
Warning: Iteration pacing cannot be reached (pace time = 2.00, actual time = 2.60).	[MsgId: MWAR-15995]
Warning: Iteration pacing cannot be reached (pace time = 2.00, actual time = 3.35).	[MsgId: MWAR-15995]
Warning: Iteration pacing cannot be reached (pace time = 2.00, actual time = 8.73).	[MsgId: MWAR-15995]
Warning: Iteration pacing cannot be reached (pace time = 2.00, actual time = 2.37).	[MsgId: MWAR-15995]
KaaS_Content_Rendering_MetaData.c(10): Continuing after Error -26608: HTTP Status-Code=504 (Gateway Timeout) for "https://hx9ekpvvbi.execute-api.us-east-1.amazonaws.com/KaaS-ITG/v2/search?documentID=c01683939&resultLimit=1&resultStart=0&languageCode=ko,en&countryCode=6984892597308500812593&store=udp-content-default,docstore,manualstore,sdlmanualstore&printFields=documentID,filename,name,summary,objectname,dredbname,description,title,shortestnavigationpath,categorizations,ishType,searchable,languagedocmap"  	[MsgId: MERR-26608]
Warning: Iteration pacing cannot be reached (pace time = 2.00, actual time = 29.67).	[MsgId: MWAR-15995]
KaaS_Content_Rendering_MetaData.c(10): Continuing after Error -26608: HTTP Status-Code=504 (Gateway Timeout) for "https://hx9ekpvvbi.execute-api.us-east-1.amazonaws.com/KaaS-ITG/v2/search?documentID=c03086316&resultLimit=1&resultStart=0&languageCode=ko,en&countryCode=6984892597308500812593&store=udp-content-default,docstore,manualstore,sdlmanualstore&printFields=documentID,filename,name,summary,objectname,dredbname,description,title,shortestnavigationpath,categorizations,ishType,searchable,languagedocmap"  	[MsgId: MERR-26608]
Warning: Iteration pacing cannot be reached (pace time = 2.00, actual time = 29.75).	[MsgId: MWAR-15995]
Kaas_Contextual_Filtering.c(9): Continuing after Error -26608: HTTP Status-Code=504 (Gateway Timeout) for "https://hx9ekpvvbi.execute-api.us-east-1.amazonaws.com/KaaS-ITG/v2/render/000aHHlopIbmO60NQby9ANtdAowX/ish_849683-2147483634-16?conditions=FHPIPRODUCT=4142919"  	[MsgId: MERR-26608]
WISE_KaasContentRendering.c(10): Continuing after Error -26608: HTTP Status-Code=504 (Gateway Timeout) for "https://hx9ekpvvbi.execute-api.us-east-1.amazonaws.com/KaaS-ITG/v2/render/000aHHlopIbmO60NQby9ANtdAowX/ish_1869316-1744005-16"  	[MsgId: MERR-26608]
Warning: Iteration pacing cannot be reached (pace time = 2.00, actual time = 29.86).	[MsgId: MWAR-15995]
Warning: Iteration pacing cannot be reached (pace time = 2.00, actual time = 24.38).	[MsgId: MWAR-15995]
WCC_KaasContentRendering.c(10): Continuing after Error -26608: HTTP Status-Code=504 (Gateway Timeout) for "https://hx9ekpvvbi.execute-api.us-east-1.amazonaws.com/KaaS-ITG/v2/render/000ajnzCTXXNQcSoN8oETlwbOOYl/ish_2026148-1648338-16?entitlement=none&audience=customer&isFullHTMLRequired=true"  	[MsgId: MERR-26608]
Warning: Iteration pacing cannot be reached (pace time = 2.00, actual time = 58.70).	[MsgId: MWAR-15995]
Warning: Iteration pacing cannot be reached (pace time = 2.00, actual time = 9.90).	[MsgId: MWAR-15995]
Warning: Iteration pacing cannot be reached (pace time = 2.00, actual time = 32.54).	[MsgId: MWAR-15995]
Warning: Iteration pacing cannot be reached (pace time = 2.00, actual time = 17.89).	[MsgId: MWAR-15995]
WCC_KaasContentRendering.c(10): Continuing after Error -26608: HTTP Status-Code=504 (Gateway Timeout) for "https://hx9ekpvvbi.execute-api.us-east-1.amazonaws.com/KaaS-ITG/v2/render/000ajnzCTXXNQcSoN8oETlwbOOYl/ish_2025980-1553267-16?entitlement=none&audience=customer&isFullHTMLRequired=true"  	[MsgId: MERR-26608]
Warning: Iteration pacing cannot be reached (pace time = 2.00, actual time = 67.34).	[MsgId: MWAR-15995]
Warning: Iteration pacing cannot be reached (pace time = 2.00, actual time = 21.38).	[MsgId: MWAR-15995]
KaaS_Content_Rendering_MetaData.c(10): Continuing after Error -26608: HTTP Status-Code=504 (Gateway Timeout) for "https://hx9ekpvvbi.execute-api.us-east-1.amazonaws.com/KaaS-ITG/v2/search?documentID=ish_1996955-1270281-16&resultLimit=1&resultStart=0&languageCode=ko,en&countryCode=6984892597308500812593&store=udp-content-default,docstore,manualstore,sdlmanualstore&printFields=documentID,filename,name,summary,objectname,dredbname,description,title,shortestnavigationpath,categorizations,ishType,searchable,languagedocmap"  	[MsgId: MERR-26608]
Warning: Iteration pacing cannot be reached (pace time = 2.00, actual time = 29.78).	[MsgId: MWAR-15995]
Warning: Iteration pacing cannot be reached (pace time = 2.00, actual time = 31.42).	[MsgId: MWAR-15995]
Warning: Iteration pacing cannot be reached (pace time = 2.00, actual time = 7.96).	[MsgId: MWAR-15995]
Warning: Iteration pacing cannot be reached (pace time = 2.00, actual time = 2.45).	[MsgId: MWAR-15995]
Warning: Iteration pacing cannot be reached (pace time = 2.00, actual time = 2.48).	[MsgId: MWAR-15995]
Warning: Iteration pacing cannot be reached (pace time = 2.00, actual time = 2.67).	[MsgId: MWAR-15995]
Warning: Iteration pacing cannot be reached (pace time = 2.00, actual time = 6.43).	[MsgId: MWAR-15995]
KaaS_Content_Rendering_MetaData.c(10): Continuing after Error -26608: HTTP Status-Code=504 (Gateway Timeout) for "https://hx9ekpvvbi.execute-api.us-east-1.amazonaws.com/KaaS-ITG/v2/search?documentID=ish_1996955-1270281-16&resultLimit=1&resultStart=0&languageCode=ko,en&countryCode=6984892597308500812593&store=udp-content-default,docstore,manualstore,sdlmanualstore&printFields=documentID,filename,name,summary,objectname,dredbname,description,title,shortestnavigationpath,categorizations,ishType,searchable,languagedocmap"  	[MsgId: MERR-26608]
Warning: Iteration pacing cannot be reached (pace time = 2.00, actual time = 29.96).	[MsgId: MWAR-15995]
WISE_KaasContentRendering.c(10): Continuing after Error -26608: HTTP Status-Code=504 (Gateway Timeout) for "https://hx9ekpvvbi.execute-api.us-east-1.amazonaws.com/KaaS-ITG/v2/render/000aHHlopIbmO60NQby9ANtdAowX/ish_1624934-229146-16"  	[MsgId: MERR-26608]
Warning: Iteration pacing cannot be reached (pace time = 2.00, actual time = 29.62).	[MsgId: MWAR-15995]
WISE_KaasContentRendering.c(10): Continuing after Error -26608: HTTP Status-Code=504 (Gateway Timeout) for "https://hx9ekpvvbi.execute-api.us-east-1.amazonaws.com/KaaS-ITG/v2/render/000aHHlopIbmO60NQby9ANtdAowX/ish_1632434-68170-16"  	[MsgId: MERR-26608]
KaaS_Content_Rendering_MetaData.c(10): Continuing after Error -26608: HTTP Status-Code=504 (Gateway Timeout) for "https://hx9ekpvvbi.execute-api.us-east-1.amazonaws.com/KaaS-ITG/v2/search?documentID=c02886960&resultLimit=1&resultStart=0&languageCode=ko,en&countryCode=6984892597308500812593&store=udp-content-default,docstore,manualstore,sdlmanualstore&printFields=documentID,filename,name,summary,objectname,dredbname,description,title,shortestnavigationpath,categorizations,ishType,searchable,languagedocmap"  	[MsgId: MERR-26608]
Warning: Iteration pacing cannot be reached (pace time = 2.00, actual time = 38.30).	[MsgId: MWAR-15995]
Warning: Iteration pacing cannot be reached (pace time = 2.00, actual time = 30.17).	[MsgId: MWAR-15995]
Warning: Iteration pacing cannot be reached (pace time = 2.00, actual time = 14.93).	[MsgId: MWAR-15995]
WCC_KaasContentRendering.c(10): Continuing after Error -26608: HTTP Status-Code=504 (Gateway Timeout) for "https://hx9ekpvvbi.execute-api.us-east-1.amazonaws.com/KaaS-ITG/v2/render/000ajnzCTXXNQcSoN8oETlwbOOYl/ish_1776648-1643972-16?entitlement=none&audience=customer&isFullHTMLRequired=true"  	[MsgId: MERR-26608]
Warning: Iteration pacing cannot be reached (pace time = 2.00, actual time = 29.71).	[MsgId: MWAR-15995]
Warning: Iteration pacing cannot be reached (pace time = 2.00, actual time = 47.74).	[MsgId: MWAR-15995]
Warning: Iteration pacing cannot be reached (pace time = 2.00, actual time = 28.59).	[MsgId: MWAR-15995]
Warning: Iteration pacing cannot be reached (pace time = 2.00, actual time = 43.44).	[MsgId: MWAR-15995]
Warning: Iteration pacing cannot be reached (pace time = 2.00, actual time = 22.46).	[MsgId: MWAR-15995]
Warning: Iteration pacing cannot be reached (pace time = 2.00, actual time = 3.26).	[MsgId: MWAR-15995]
Warning: Iteration pacing cannot be reached (pace time = 2.00, actual time = 2.31).	[MsgId: MWAR-15995]
Warning: Iteration pacing cannot be reached (pace time = 2.00, actual time = 3.17).	[MsgId: MWAR-15995]
Warning: Iteration pacing cannot be reached (pace time = 2.00, actual time = 2.72).	[MsgId: MWAR-15995]
Warning: Iteration pacing cannot be reached (pace time = 2.00, actual time = 2.43).	[MsgId: MWAR-15995]
Warning: Iteration pacing cannot be reached (pace time = 2.00, actual time = 2.03).	[MsgId: MWAR-15995]
Warning: Iteration pacing cannot be reached (pace time = 2.00, actual time = 2.52).	[MsgId: MWAR-15995]
Warning: Iteration pacing cannot be reached (pace time = 2.00, actual time = 3.35).	[MsgId: MWAR-15995]
Warning: Iteration pacing cannot be reached (pace time = 2.00, actual time = 2.14).	[MsgId: MWAR-15995]
Warning: Iteration pacing cannot be reached (pace time = 2.00, actual time = 2.23).	[MsgId: MWAR-15995]
Warning: Iteration pacing cannot be reached (pace time = 2.00, actual time = 2.38).	[MsgId: MWAR-15995]
Warning: Iteration pacing cannot be reached (pace time = 2.00, actual time = 2.33).	[MsgId: MWAR-15995]
Warning: Iteration pacing cannot be reached (pace time = 2.00, actual time = 2.07).	[MsgId: MWAR-15995]
Warning: Iteration pacing cannot be reached (pace time = 2.00, actual time = 12.81).	[MsgId: MWAR-15995]
Warning: Iteration pacing cannot be reached (pace time = 2.00, actual time = 22.91).	[MsgId: MWAR-15995]
Warning: Iteration pacing cannot be reached (pace time = 2.00, actual time = 27.03).	[MsgId: MWAR-15995]
Warning: Iteration pacing cannot be reached (pace time = 2.00, actual time = 24.24).	[MsgId: MWAR-15995]
Warning: Iteration pacing cannot be reached (pace time = 2.00, actual time = 9.31).	[MsgId: MWAR-15995]
Warning: Iteration pacing cannot be reached (pace time = 2.00, actual time = 5.95).	[MsgId: MWAR-15995]
Warning: Iteration pacing cannot be reached (pace time = 2.00, actual time = 2.15).	[MsgId: MWAR-15995]
Warning: Iteration pacing cannot be reached (pace time = 2.00, actual time = 18.66).	[MsgId: MWAR-15995]
Warning: Iteration pacing cannot be reached (pace time = 2.00, actual time = 30.80).	[MsgId: MWAR-15995]
Warning: Iteration pacing cannot be reached (pace time = 2.00, actual time = 30.74).	[MsgId: MWAR-15995]
Warning: Iteration pacing cannot be reached (pace time = 2.00, actual time = 35.35).	[MsgId: MWAR-15995]
Warning: Iteration pacing cannot be reached (pace time = 2.00, actual time = 14.16).	[MsgId: MWAR-15995]
Warning: Iteration pacing cannot be reached (pace time = 2.00, actual time = 6.42).	[MsgId: MWAR-15995]
Warning: Iteration pacing cannot be reached (pace time = 2.00, actual time = 7.46).	[MsgId: MWAR-15995]
Warning: Iteration pacing cannot be reached (pace time = 2.00, actual time = 2.46).	[MsgId: MWAR-15995]
Warning: Iteration pacing cannot be reached (pace time = 2.00, actual time = 2.03).	[MsgId: MWAR-15995]
Warning: Iteration pacing cannot be reached (pace time = 2.00, actual time = 3.37).	[MsgId: MWAR-15995]
Warning: Iteration pacing cannot be reached (pace time = 2.00, actual time = 8.16).	[MsgId: MWAR-15995]
Warning: Iteration pacing cannot be reached (pace time = 2.00, actual time = 15.01).	[MsgId: MWAR-15995]
Warning: Iteration pacing cannot be reached (pace time = 2.00, actual time = 5.26).	[MsgId: MWAR-15995]
Warning: Iteration pacing cannot be reached (pace time = 2.00, actual time = 4.76).	[MsgId: MWAR-15995]
Warning: Iteration pacing cannot be reached (pace time = 2.00, actual time = 15.52).	[MsgId: MWAR-15995]
WCC_KaasContentRendering.c(10): Continuing after Error -26608: HTTP Status-Code=504 (Gateway Timeout) for "https://hx9ekpvvbi.execute-api.us-east-1.amazonaws.com/KaaS-ITG/v2/render/000ajnzCTXXNQcSoN8oETlwbOOYl/ish_1997719-1528356-16?entitlement=none&audience=customer&isFullHTMLRequired=true"  	[MsgId: MERR-26608]
Warning: Iteration pacing cannot be reached (pace time = 2.00, actual time = 29.64).	[MsgId: MWAR-15995]
WCC_KaasContentRendering.c(10): Continuing after Error -26608: HTTP Status-Code=504 (Gateway Timeout) for "https://hx9ekpvvbi.execute-api.us-east-1.amazonaws.com/KaaS-ITG/v2/render/000ajnzCTXXNQcSoN8oETlwbOOYl/ish_1997719-1528356-16?entitlement=none&audience=customer&isFullHTMLRequired=true"  	[MsgId: MERR-26608]
Warning: Iteration pacing cannot be reached (pace time = 2.00, actual time = 29.65).	[MsgId: MWAR-15995]
Warning: Iteration pacing cannot be reached (pace time = 2.00, actual time = 31.63).	[MsgId: MWAR-15995]
Warning: Iteration pacing cannot be reached (pace time = 2.00, actual time = 7.09).	[MsgId: MWAR-15995]
Warning: Iteration pacing cannot be reached (pace time = 2.00, actual time = 4.32).	[MsgId: MWAR-15995]
Warning: Iteration pacing cannot be reached (pace time = 2.00, actual time = 18.83).	[MsgId: MWAR-15995]
Warning: Iteration pacing cannot be reached (pace time = 2.00, actual time = 7.17).	[MsgId: MWAR-15995]
Warning: Iteration pacing cannot be reached (pace time = 2.00, actual time = 12.02).	[MsgId: MWAR-15995]
Warning: Iteration pacing cannot be reached (pace time = 2.00, actual time = 8.09).	[MsgId: MWAR-15995]
Warning: Iteration pacing cannot be reached (pace time = 2.00, actual time = 3.15).	[MsgId: MWAR-15995]
Warning: Iteration pacing cannot be reached (pace time = 2.00, actual time = 2.82).	[MsgId: MWAR-15995]
Warning: Iteration pacing cannot be reached (pace time = 2.00, actual time = 2.04).	[MsgId: MWAR-15995]
Warning: Iteration pacing cannot be reached (pace time = 2.00, actual time = 2.72).	[MsgId: MWAR-15995]
Warning: Iteration pacing cannot be reached (pace time = 2.00, actual time = 3.50).	[MsgId: MWAR-15995]
Warning: Iteration pacing cannot be reached (pace time = 2.00, actual time = 2.11).	[MsgId: MWAR-15995]
Warning: Iteration pacing cannot be reached (pace time = 2.00, actual time = 4.24).	[MsgId: MWAR-15995]
Warning: Iteration pacing cannot be reached (pace time = 2.00, actual time = 9.96).	[MsgId: MWAR-15995]
Warning: Iteration pacing cannot be reached (pace time = 2.00, actual time = 7.53).	[MsgId: MWAR-15995]
Warning: Iteration pacing cannot be reached (pace time = 2.00, actual time = 2.15).	[MsgId: MWAR-15995]
Warning: Iteration pacing cannot be reached (pace time = 2.00, actual time = 5.83).	[MsgId: MWAR-15995]
Warning: Iteration pacing cannot be reached (pace time = 2.00, actual time = 2.55).	[MsgId: MWAR-15995]
Warning: Iteration pacing cannot be reached (pace time = 2.00, actual time = 2.19).	[MsgId: MWAR-15995]
Warning: Iteration pacing cannot be reached (pace time = 2.00, actual time = 3.36).	[MsgId: MWAR-15995]
Warning: Iteration pacing cannot be reached (pace time = 2.00, actual time = 3.35).	[MsgId: MWAR-15995]
Warning: Iteration pacing cannot be reached (pace time = 2.00, actual time = 3.45).	[MsgId: MWAR-15995]
Warning: Iteration pacing cannot be reached (pace time = 2.00, actual time = 2.92).	[MsgId: MWAR-15995]
Warning: Iteration pacing cannot be reached (pace time = 2.00, actual time = 3.03).	[MsgId: MWAR-15995]
Warning: Iteration pacing cannot be reached (pace time = 2.00, actual time = 7.43).	[MsgId: MWAR-15995]
Warning: Iteration pacing cannot be reached (pace time = 2.00, actual time = 7.77).	[MsgId: MWAR-15995]
Warning: Iteration pacing cannot be reached (pace time = 2.00, actual time = 9.17).	[MsgId: MWAR-15995]
Warning: Iteration pacing cannot be reached (pace time = 2.00, actual time = 4.63).	[MsgId: MWAR-15995]
Warning: Iteration pacing cannot be reached (pace time = 2.00, actual time = 5.41).	[MsgId: MWAR-15995]
Warning: Iteration pacing cannot be reached (pace time = 2.00, actual time = 2.08).	[MsgId: MWAR-15995]
Warning: Iteration pacing cannot be reached (pace time = 2.00, actual time = 3.13).	[MsgId: MWAR-15995]
Warning: Iteration pacing cannot be reached (pace time = 2.00, actual time = 3.14).	[MsgId: MWAR-15995]
Warning: Iteration pacing cannot be reached (pace time = 2.00, actual time = 2.06).	[MsgId: MWAR-15995]
Warning: Iteration pacing cannot be reached (pace time = 2.00, actual time = 2.10).	[MsgId: MWAR-15995]
Warning: Iteration pacing cannot be reached (pace time = 2.00, actual time = 2.65).	[MsgId: MWAR-15995]
Warning: Iteration pacing cannot be reached (pace time = 2.00, actual time = 2.18).	[MsgId: MWAR-15995]
Warning: Iteration pacing cannot be reached (pace time = 2.00, actual time = 2.14).	[MsgId: MWAR-15995]
Warning: Iteration pacing cannot be reached (pace time = 2.00, actual time = 8.96).	[MsgId: MWAR-15995]
WISE_KaasContentRendering.c(10): Continuing after Error -26608: HTTP Status-Code=504 (Gateway Timeout) for "https://hx9ekpvvbi.execute-api.us-east-1.amazonaws.com/KaaS-ITG/v2/render/000aHHlopIbmO60NQby9ANtdAowX/ish_2025988-1592331-16"  	[MsgId: MERR-26608]
Warning: Iteration pacing cannot be reached (pace time = 2.00, actual time = 31.64).	[MsgId: MWAR-15995]
Warning: Iteration pacing cannot be reached (pace time = 2.00, actual time = 24.63).	[MsgId: MWAR-15995]
Warning: Iteration pacing cannot be reached (pace time = 2.00, actual time = 2.62).	[MsgId: MWAR-15995]
Warning: Iteration pacing cannot be reached (pace time = 2.00, actual time = 25.55).	[MsgId: MWAR-15995]
Warning: Iteration pacing cannot be reached (pace time = 2.00, actual time = 40.33).	[MsgId: MWAR-15995]
Warning: Iteration pacing cannot be reached (pace time = 2.00, actual time = 8.06).	[MsgId: MWAR-15995]
Warning: Iteration pacing cannot be reached (pace time = 2.00, actual time = 6.07).	[MsgId: MWAR-15995]
Warning: Iteration pacing cannot be reached (pace time = 2.00, actual time = 12.74).	[MsgId: MWAR-15995]
Warning: Iteration pacing cannot be reached (pace time = 2.00, actual time = 2.79).	[MsgId: MWAR-15995]
Warning: Iteration pacing cannot be reached (pace time = 2.00, actual time = 2.38).	[MsgId: MWAR-15995]
Warning: Iteration pacing cannot be reached (pace time = 2.00, actual time = 2.34).	[MsgId: MWAR-15995]
Warning: Iteration pacing cannot be reached (pace time = 2.00, actual time = 2.60).	[MsgId: MWAR-15995]
Warning: Iteration pacing cannot be reached (pace time = 2.00, actual time = 2.85).	[MsgId: MWAR-15995]
Warning: Iteration pacing cannot be reached (pace time = 2.00, actual time = 21.44).	[MsgId: MWAR-15995]
Warning: Iteration pacing cannot be reached (pace time = 2.00, actual time = 2.48).	[MsgId: MWAR-15995]
Warning: Iteration pacing cannot be reached (pace time = 2.00, actual time = 29.46).	[MsgId: MWAR-15995]
KaaS_Content_Rendering_MetaData.c(10): Continuing after Error -26608: HTTP Status-Code=504 (Gateway Timeout) for "https://hx9ekpvvbi.execute-api.us-east-1.amazonaws.com/KaaS-ITG/v2/search?documentID=c02129193&resultLimit=1&resultStart=0&languageCode=ko,en&countryCode=6984892597308500812593&store=udp-content-default,docstore,manualstore,sdlmanualstore&printFields=documentID,filename,name,summary,objectname,dredbname,description,title,shortestnavigationpath,categorizations,ishType,searchable,languagedocmap"  	[MsgId: MERR-26608]
Warning: Iteration pacing cannot be reached (pace time = 2.00, actual time = 30.76).	[MsgId: MWAR-15995]
WISE_KaasContentRendering.c(10): Continuing after Error -26608: HTTP Status-Code=504 (Gateway Timeout) for "https://hx9ekpvvbi.execute-api.us-east-1.amazonaws.com/KaaS-ITG/v2/render/000aHHlopIbmO60NQby9ANtdAowX/ish_1997719-1528356-16"  	[MsgId: MERR-26608]
Warning: Iteration pacing cannot be reached (pace time = 2.00, actual time = 29.57).	[MsgId: MWAR-15995]
Warning: Iteration pacing cannot be reached (pace time = 2.00, actual time = 3.50).	[MsgId: MWAR-15995]
Warning: Iteration pacing cannot be reached (pace time = 2.00, actual time = 6.10).	[MsgId: MWAR-15995]
Warning: Iteration pacing cannot be reached (pace time = 2.00, actual time = 4.01).	[MsgId: MWAR-15995]
Warning: Iteration pacing cannot be reached (pace time = 2.00, actual time = 3.91).	[MsgId: MWAR-15995]
Warning: Iteration pacing cannot be reached (pace time = 2.00, actual time = 19.33).	[MsgId: MWAR-15995]
Warning: Iteration pacing cannot be reached (pace time = 2.00, actual time = 20.31).	[MsgId: MWAR-15995]
Warning: Iteration pacing cannot be reached (pace time = 2.00, actual time = 2.69).	[MsgId: MWAR-15995]
WISE_KaasContentRendering.c(10): Continuing after Error -26608: HTTP Status-Code=504 (Gateway Timeout) for "https://hx9ekpvvbi.execute-api.us-east-1.amazonaws.com/KaaS-ITG/v2/render/000aHHlopIbmO60NQby9ANtdAowX/ish_1835997-1460004-16"  	[MsgId: MERR-26608]
Warning: Iteration pacing cannot be reached (pace time = 2.00, actual time = 12.58).	[MsgId: MWAR-15995]
Warning: Iteration pacing cannot be reached (pace time = 2.00, actual time = 43.34).	[MsgId: MWAR-15995]
Warning: Iteration pacing cannot be reached (pace time = 2.00, actual time = 21.82).	[MsgId: MWAR-15995]
Warning: Iteration pacing cannot be reached (pace time = 2.00, actual time = 19.23).	[MsgId: MWAR-15995]
Warning: Iteration pacing cannot be reached (pace time = 2.00, actual time = 2.54).	[MsgId: MWAR-15995]
Warning: Iteration pacing cannot be reached (pace time = 2.00, actual time = 2.73).	[MsgId: MWAR-15995]
Warning: Iteration pacing cannot be reached (pace time = 2.00, actual time = 7.03).	[MsgId: MWAR-15995]
Warning: Iteration pacing cannot be reached (pace time = 2.00, actual time = 8.23).	[MsgId: MWAR-15995]
Warning: Iteration pacing cannot be reached (pace time = 2.00, actual time = 10.51).	[MsgId: MWAR-15995]
Warning: Iteration pacing cannot be reached (pace time = 2.00, actual time = 5.88).	[MsgId: MWAR-15995]
Warning: Iteration pacing cannot be reached (pace time = 2.00, actual time = 5.09).	[MsgId: MWAR-15995]
Warning: Iteration pacing cannot be reached (pace time = 2.00, actual time = 3.50).	[MsgId: MWAR-15995]
Warning: Iteration pacing cannot be reached (pace time = 2.00, actual time = 9.10).	[MsgId: MWAR-15995]
Warning: Iteration pacing cannot be reached (pace time = 2.00, actual time = 10.03).	[MsgId: MWAR-15995]
Warning: Iteration pacing cannot be reached (pace time = 2.00, actual time = 17.45).	[MsgId: MWAR-15995]
WCC_KaasContentRendering.c(10): Continuing after Error -26608: HTTP Status-Code=504 (Gateway Timeout) for "https://hx9ekpvvbi.execute-api.us-east-1.amazonaws.com/KaaS-ITG/v2/render/000ajnzCTXXNQcSoN8oETlwbOOYl/ish_1632606-68226-16?entitlement=none&audience=customer&isFullHTMLRequired=true"  	[MsgId: MERR-26608]
Warning: Iteration pacing cannot be reached (pace time = 2.00, actual time = 32.49).	[MsgId: MWAR-15995]
Warning: Iteration pacing cannot be reached (pace time = 2.00, actual time = 27.09).	[MsgId: MWAR-15995]
Warning: Iteration pacing cannot be reached (pace time = 2.00, actual time = 30.41).	[MsgId: MWAR-15995]
Warning: Iteration pacing cannot be reached (pace time = 2.00, actual time = 13.78).	[MsgId: MWAR-15995]
Warning: Iteration pacing cannot be reached (pace time = 2.00, actual time = 2.83).	[MsgId: MWAR-15995]
Warning: Iteration pacing cannot be reached (pace time = 2.00, actual time = 4.34).	[MsgId: MWAR-15995]
Warning: Iteration pacing cannot be reached (pace time = 2.00, actual time = 2.07).	[MsgId: MWAR-15995]
Warning: Iteration pacing cannot be reached (pace time = 2.00, actual time = 2.21).	[MsgId: MWAR-15995]
Warning: Iteration pacing cannot be reached (pace time = 2.00, actual time = 10.18).	[MsgId: MWAR-15995]
Warning: Iteration pacing cannot be reached (pace time = 2.00, actual time = 12.23).	[MsgId: MWAR-15995]
WISE_KaasContentRendering.c(10): Continuing after Error -26608: HTTP Status-Code=504 (Gateway Timeout) for "https://hx9ekpvvbi.execute-api.us-east-1.amazonaws.com/KaaS-ITG/v2/render/000aHHlopIbmO60NQby9ANtdAowX/ish_2025988-1592331-16"  	[MsgId: MERR-26608]
Warning: Iteration pacing cannot be reached (pace time = 2.00, actual time = 29.54).	[MsgId: MWAR-15995]
Warning: Iteration pacing cannot be reached (pace time = 2.00, actual time = 24.71).	[MsgId: MWAR-15995]
Warning: Iteration pacing cannot be reached (pace time = 2.00, actual time = 24.61).	[MsgId: MWAR-15995]
KaaS_Content_Rendering_MetaData.c(10): Continuing after Error -26608: HTTP Status-Code=504 (Gateway Timeout) for "https://hx9ekpvvbi.execute-api.us-east-1.amazonaws.com/KaaS-ITG/v2/search?documentID=c00752912&resultLimit=1&resultStart=0&languageCode=ko,en&countryCode=6984892597308500812593&store=udp-content-default,docstore,manualstore,sdlmanualstore&printFields=documentID,filename,name,summary,objectname,dredbname,description,title,shortestnavigationpath,categorizations,ishType,searchable,languagedocmap"  	[MsgId: MERR-26608]
Warning: Iteration pacing cannot be reached (pace time = 2.00, actual time = 29.67).	[MsgId: MWAR-15995]
Warning: Iteration pacing cannot be reached (pace time = 2.00, actual time = 5.09).	[MsgId: MWAR-15995]
Warning: Iteration pacing cannot be reached (pace time = 2.00, actual time = 30.81).	[MsgId: MWAR-15995]
KaaS_Content_Rendering_MetaData.c(10): Continuing after Error -26608: HTTP Status-Code=504 (Gateway Timeout) for "https://hx9ekpvvbi.execute-api.us-east-1.amazonaws.com/KaaS-ITG/v2/search?documentID=c03086316&resultLimit=1&resultStart=0&languageCode=ko,en&countryCode=6984892597308500812593&store=udp-content-default,docstore,manualstore,sdlmanualstore&printFields=documentID,filename,name,summary,objectname,dredbname,description,title,shortestnavigationpath,categorizations,ishType,searchable,languagedocmap"  	[MsgId: MERR-26608]
Warning: Iteration pacing cannot be reached (pace time = 2.00, actual time = 29.91).	[MsgId: MWAR-15995]
Warning: Iteration pacing cannot be reached (pace time = 2.00, actual time = 20.87).	[MsgId: MWAR-15995]
Warning: Iteration pacing cannot be reached (pace time = 2.00, actual time = 2.55).	[MsgId: MWAR-15995]
Warning: Iteration pacing cannot be reached (pace time = 2.00, actual time = 13.11).	[MsgId: MWAR-15995]
Warning: Iteration pacing cannot be reached (pace time = 2.00, actual time = 4.25).	[MsgId: MWAR-15995]
Warning: Iteration pacing cannot be reached (pace time = 2.00, actual time = 3.67).	[MsgId: MWAR-15995]
Warning: Iteration pacing cannot be reached (pace time = 2.00, actual time = 2.20).	[MsgId: MWAR-15995]
Warning: Iteration pacing cannot be reached (pace time = 2.00, actual time = 6.09).	[MsgId: MWAR-15995]
Warning: Iteration pacing cannot be reached (pace time = 2.00, actual time = 7.67).	[MsgId: MWAR-15995]
Warning: Iteration pacing cannot be reached (pace time = 2.00, actual time = 9.35).	[MsgId: MWAR-15995]
Warning: Iteration pacing cannot be reached (pace time = 2.00, actual time = 11.28).	[MsgId: MWAR-15995]
Warning: Iteration pacing cannot be reached (pace time = 2.00, actual time = 6.86).	[MsgId: MWAR-15995]
Warning: Iteration pacing cannot be reached (pace time = 2.00, actual time = 10.62).	[MsgId: MWAR-15995]
Warning: Iteration pacing cannot be reached (pace time = 2.00, actual time = 2.42).	[MsgId: MWAR-15995]
Warning: Iteration pacing cannot be reached (pace time = 2.00, actual time = 23.32).	[MsgId: MWAR-15995]
Warning: Iteration pacing cannot be reached (pace time = 2.00, actual time = 23.05).	[MsgId: MWAR-15995]
Warning: Iteration pacing cannot be reached (pace time = 2.00, actual time = 22.29).	[MsgId: MWAR-15995]
Warning: Iteration pacing cannot be reached (pace time = 2.00, actual time = 18.94).	[MsgId: MWAR-15995]
Warning: Iteration pacing cannot be reached (pace time = 2.00, actual time = 3.40).	[MsgId: MWAR-15995]
Warning: Iteration pacing cannot be reached (pace time = 2.00, actual time = 13.93).	[MsgId: MWAR-15995]
Warning: Iteration pacing cannot be reached (pace time = 2.00, actual time = 20.86).	[MsgId: MWAR-15995]
Warning: Iteration pacing cannot be reached (pace time = 2.00, actual time = 25.34).	[MsgId: MWAR-15995]
Warning: Iteration pacing cannot be reached (pace time = 2.00, actual time = 7.10).	[MsgId: MWAR-15995]
Warning: Iteration pacing cannot be reached (pace time = 2.00, actual time = 5.74).	[MsgId: MWAR-15995]
Warning: Iteration pacing cannot be reached (pace time = 2.00, actual time = 35.99).	[MsgId: MWAR-15995]
Warning: Iteration pacing cannot be reached (pace time = 2.00, actual time = 12.39).	[MsgId: MWAR-15995]
Warning: Iteration pacing cannot be reached (pace time = 2.00, actual time = 12.37).	[MsgId: MWAR-15995]
Warning: Iteration pacing cannot be reached (pace time = 2.00, actual time = 13.07).	[MsgId: MWAR-15995]
Warning: Iteration pacing cannot be reached (pace time = 2.00, actual time = 5.44).	[MsgId: MWAR-15995]
Warning: Iteration pacing cannot be reached (pace time = 2.00, actual time = 4.80).	[MsgId: MWAR-15995]
Warning: Iteration pacing cannot be reached (pace time = 2.00, actual time = 7.44).	[MsgId: MWAR-15995]
WISE_KaasContentRendering.c(10): Continuing after Error -26608: HTTP Status-Code=504 (Gateway Timeout) for "https://hx9ekpvvbi.execute-api.us-east-1.amazonaws.com/KaaS-ITG/v2/render/000aHHlopIbmO60NQby9ANtdAowX/ish_1569716-65627-16"  	[MsgId: MERR-26608]
KaaS_Content_Rendering_MetaData.c(10): Continuing after Error -26608: HTTP Status-Code=504 (Gateway Timeout) for "https://hx9ekpvvbi.execute-api.us-east-1.amazonaws.com/KaaS-ITG/v2/search?documentID=ish_2281791-2076363-16&resultLimit=1&resultStart=0&languageCode=ko,en&countryCode=6984892597308500812593&store=udp-content-default,docstore,manualstore,sdlmanualstore&printFields=documentID,filename,name,summary,objectname,dredbname,description,title,shortestnavigationpath,categorizations,ishType,searchable,languagedocmap"  	[MsgId: MERR-26608]
Warning: Iteration pacing cannot be reached (pace time = 2.00, actual time = 32.59).	[MsgId: MWAR-15995]
WISE_KaasContentRendering.c(10): Continuing after Error -26608: HTTP Status-Code=504 (Gateway Timeout) for "https://hx9ekpvvbi.execute-api.us-east-1.amazonaws.com/KaaS-ITG/v2/render/000aHHlopIbmO60NQby9ANtdAowX/ish_1569716-65627-16"  	[MsgId: MERR-26608]
Warning: Iteration pacing cannot be reached (pace time = 2.00, actual time = 30.58).	[MsgId: MWAR-15995]
WCC_KaasContentRendering.c(10): Continuing after Error -26608: HTTP Status-Code=504 (Gateway Timeout) for "https://hx9ekpvvbi.execute-api.us-east-1.amazonaws.com/KaaS-ITG/v2/render/000ajnzCTXXNQcSoN8oETlwbOOYl/ish_1624934-229146-16?entitlement=none&audience=customer&isFullHTMLRequired=true"  	[MsgId: MERR-26608]
Warning: Iteration pacing cannot be reached (pace time = 2.00, actual time = 29.77).	[MsgId: MWAR-15995]
Warning: Iteration pacing cannot be reached (pace time = 2.00, actual time = 6.08).	[MsgId: MWAR-15995]
Warning: Iteration pacing cannot be reached (pace time = 2.00, actual time = 41.04).	[MsgId: MWAR-15995]
Warning: Iteration pacing cannot be reached (pace time = 2.00, actual time = 3.87).	[MsgId: MWAR-15995]
Warning: Iteration pacing cannot be reached (pace time = 2.00, actual time = 9.17).	[MsgId: MWAR-15995]
Warning: Iteration pacing cannot be reached (pace time = 2.00, actual time = 7.74).	[MsgId: MWAR-15995]
Warning: Iteration pacing cannot be reached (pace time = 2.00, actual time = 5.85).	[MsgId: MWAR-15995]
Warning: Iteration pacing cannot be reached (pace time = 2.00, actual time = 2.48).	[MsgId: MWAR-15995]
Warning: Iteration pacing cannot be reached (pace time = 2.00, actual time = 2.06).	[MsgId: MWAR-15995]
Warning: Iteration pacing cannot be reached (pace time = 2.00, actual time = 4.34).	[MsgId: MWAR-15995]
Warning: Iteration pacing cannot be reached (pace time = 2.00, actual time = 5.21).	[MsgId: MWAR-15995]
Warning: Iteration pacing cannot be reached (pace time = 2.00, actual time = 9.43).	[MsgId: MWAR-15995]
Warning: Iteration pacing cannot be reached (pace time = 2.00, actual time = 3.27).	[MsgId: MWAR-15995]
Warning: Iteration pacing cannot be reached (pace time = 2.00, actual time = 5.62).	[MsgId: MWAR-15995]
Warning: Iteration pacing cannot be reached (pace time = 2.00, actual time = 2.49).	[MsgId: MWAR-15995]
Warning: Iteration pacing cannot be reached (pace time = 2.00, actual time = 3.03).	[MsgId: MWAR-15995]
Warning: Iteration pacing cannot be reached (pace time = 2.00, actual time = 13.48).	[MsgId: MWAR-15995]
Warning: Iteration pacing cannot be reached (pace time = 2.00, actual time = 16.14).	[MsgId: MWAR-15995]
WISE_KaasContentRendering.c(10): Continuing after Error -26608: HTTP Status-Code=504 (Gateway Timeout) for "https://hx9ekpvvbi.execute-api.us-east-1.amazonaws.com/KaaS-ITG/v2/render/000aHHlopIbmO60NQby9ANtdAowX/ish_1869312-1731830-16"  	[MsgId: MERR-26608]
Warning: Iteration pacing cannot be reached (pace time = 2.00, actual time = 29.55).	[MsgId: MWAR-15995]
Kaas_Contextual_Filtering.c(9): Continuing after Error -26608: HTTP Status-Code=504 (Gateway Timeout) for "https://hx9ekpvvbi.execute-api.us-east-1.amazonaws.com/KaaS-ITG/v2/render/000aHHlopIbmO60NQby9ANtdAowX/ish_849683-2147483634-16?conditions=FHPIPRODUCT=4098652"  	[MsgId: MERR-26608]
Warning: Iteration pacing cannot be reached (pace time = 2.00, actual time = 22.50).	[MsgId: MWAR-15995]
Warning: Iteration pacing cannot be reached (pace time = 2.00, actual time = 12.28).	[MsgId: MWAR-15995]
KaaS_Content_Rendering_MetaData.c(10): Continuing after Error -26608: HTTP Status-Code=504 (Gateway Timeout) for "https://hx9ekpvvbi.execute-api.us-east-1.amazonaws.com/KaaS-ITG/v2/search?documentID=c02282389&resultLimit=1&resultStart=0&languageCode=ko,en&countryCode=6984892597308500812593&store=udp-content-default,docstore,manualstore,sdlmanualstore&printFields=documentID,filename,name,summary,objectname,dredbname,description,title,shortestnavigationpath,categorizations,ishType,searchable,languagedocmap"  	[MsgId: MERR-26608]
Warning: Iteration pacing cannot be reached (pace time = 2.00, actual time = 29.75).	[MsgId: MWAR-15995]
Warning: Iteration pacing cannot be reached (pace time = 2.00, actual time = 48.23).	[MsgId: MWAR-15995]
Warning: Iteration pacing cannot be reached (pace time = 2.00, actual time = 3.62).	[MsgId: MWAR-15995]
Warning: Iteration pacing cannot be reached (pace time = 2.00, actual time = 13.62).	[MsgId: MWAR-15995]
Warning: Iteration pacing cannot be reached (pace time = 2.00, actual time = 9.45).	[MsgId: MWAR-15995]
Warning: Iteration pacing cannot be reached (pace time = 2.00, actual time = 2.19).	[MsgId: MWAR-15995]
Warning: Iteration pacing cannot be reached (pace time = 2.00, actual time = 3.95).	[MsgId: MWAR-15995]
Warning: Iteration pacing cannot be reached (pace time = 2.00, actual time = 2.58).	[MsgId: MWAR-15995]
Warning: Iteration pacing cannot be reached (pace time = 2.00, actual time = 3.08).	[MsgId: MWAR-15995]
Warning: Iteration pacing cannot be reached (pace time = 2.00, actual time = 2.51).	[MsgId: MWAR-15995]
Warning: Iteration pacing cannot be reached (pace time = 2.00, actual time = 4.28).	[MsgId: MWAR-15995]
Warning: Iteration pacing cannot be reached (pace time = 2.00, actual time = 2.35).	[MsgId: MWAR-15995]
Warning: Iteration pacing cannot be reached (pace time = 2.00, actual time = 4.79).	[MsgId: MWAR-15995]
Warning: Iteration pacing cannot be reached (pace time = 2.00, actual time = 3.94).	[MsgId: MWAR-15995]
Warning: Iteration pacing cannot be reached (pace time = 2.00, actual time = 2.67).	[MsgId: MWAR-15995]
Warning: Iteration pacing cannot be reached (pace time = 2.00, actual time = 2.41).	[MsgId: MWAR-15995]
Warning: Iteration pacing cannot be reached (pace time = 2.00, actual time = 2.15).	[MsgId: MWAR-15995]
Warning: Iteration pacing cannot be reached (pace time = 2.00, actual time = 2.20).	[MsgId: MWAR-15995]
Warning: Iteration pacing cannot be reached (pace time = 2.00, actual time = 2.25).	[MsgId: MWAR-15995]
Warning: Iteration pacing cannot be reached (pace time = 2.00, actual time = 3.25).	[MsgId: MWAR-15995]
Warning: Iteration pacing cannot be reached (pace time = 2.00, actual time = 2.40).	[MsgId: MWAR-15995]
Warning: Iteration pacing cannot be reached (pace time = 2.00, actual time = 3.13).	[MsgId: MWAR-15995]
Warning: Iteration pacing cannot be reached (pace time = 2.00, actual time = 9.09).	[MsgId: MWAR-15995]
Warning: Iteration pacing cannot be reached (pace time = 2.00, actual time = 17.41).	[MsgId: MWAR-15995]
Warning: Iteration pacing cannot be reached (pace time = 2.00, actual time = 27.06).	[MsgId: MWAR-15995]
Warning: Iteration pacing cannot be reached (pace time = 2.00, actual time = 20.97).	[MsgId: MWAR-15995]
Warning: Iteration pacing cannot be reached (pace time = 2.00, actual time = 33.62).	[MsgId: MWAR-15995]
Warning: Iteration pacing cannot be reached (pace time = 2.00, actual time = 12.20).	[MsgId: MWAR-15995]
Warning: Iteration pacing cannot be reached (pace time = 2.00, actual time = 4.82).	[MsgId: MWAR-15995]
Warning: Iteration pacing cannot be reached (pace time = 2.00, actual time = 2.62).	[MsgId: MWAR-15995]
Warning: Iteration pacing cannot be reached (pace time = 2.00, actual time = 3.61).	[MsgId: MWAR-15995]
Warning: Iteration pacing cannot be reached (pace time = 2.00, actual time = 2.01).	[MsgId: MWAR-15995]
Warning: Iteration pacing cannot be reached (pace time = 2.00, actual time = 2.61).	[MsgId: MWAR-15995]
Warning: Iteration pacing cannot be reached (pace time = 2.00, actual time = 2.05).	[MsgId: MWAR-15995]
Warning: Iteration pacing cannot be reached (pace time = 2.00, actual time = 2.50).	[MsgId: MWAR-15995]
Warning: Iteration pacing cannot be reached (pace time = 2.00, actual time = 11.24).	[MsgId: MWAR-15995]
Warning: Iteration pacing cannot be reached (pace time = 2.00, actual time = 2.08).	[MsgId: MWAR-15995]
Warning: Iteration pacing cannot be reached (pace time = 2.00, actual time = 26.43).	[MsgId: MWAR-15995]
Warning: Iteration pacing cannot be reached (pace time = 2.00, actual time = 29.79).	[MsgId: MWAR-15995]
WCC_KaasContentRendering.c(10): Continuing after Error -26608: HTTP Status-Code=504 (Gateway Timeout) for "https://hx9ekpvvbi.execute-api.us-east-1.amazonaws.com/KaaS-ITG/v2/render/000ajnzCTXXNQcSoN8oETlwbOOYl/ish_1997210-1528385-16?entitlement=none&audience=customer&isFullHTMLRequired=true"  	[MsgId: MERR-26608]
Warning: Iteration pacing cannot be reached (pace time = 2.00, actual time = 35.83).	[MsgId: MWAR-15995]
Warning: Iteration pacing cannot be reached (pace time = 2.00, actual time = 10.41).	[MsgId: MWAR-15995]
Warning: Iteration pacing cannot be reached (pace time = 2.00, actual time = 8.87).	[MsgId: MWAR-15995]
Warning: Iteration pacing cannot be reached (pace time = 2.00, actual time = 3.65).	[MsgId: MWAR-15995]
Warning: Iteration pacing cannot be reached (pace time = 2.00, actual time = 25.86).	[MsgId: MWAR-15995]
Warning: Iteration pacing cannot be reached (pace time = 2.00, actual time = 2.38).	[MsgId: MWAR-15995]
Warning: Iteration pacing cannot be reached (pace time = 2.00, actual time = 2.72).	[MsgId: MWAR-15995]
Warning: Iteration pacing cannot be reached (pace time = 2.00, actual time = 3.13).	[MsgId: MWAR-15995]
Warning: Iteration pacing cannot be reached (pace time = 2.00, actual time = 2.66).	[MsgId: MWAR-15995]
Warning: Iteration pacing cannot be reached (pace time = 2.00, actual time = 6.46).	[MsgId: MWAR-15995]
Warning: Iteration pacing cannot be reached (pace time = 2.00, actual time = 9.40).	[MsgId: MWAR-15995]
Warning: Iteration pacing cannot be reached (pace time = 2.00, actual time = 5.69).	[MsgId: MWAR-15995]
Warning: Iteration pacing cannot be reached (pace time = 2.00, actual time = 14.01).	[MsgId: MWAR-15995]
Warning: Iteration pacing cannot be reached (pace time = 2.00, actual time = 3.87).	[MsgId: MWAR-15995]
Warning: Iteration pacing cannot be reached (pace time = 2.00, actual time = 4.73).	[MsgId: MWAR-15995]
Warning: Iteration pacing cannot be reached (pace time = 2.00, actual time = 19.09).	[MsgId: MWAR-15995]
Warning: Iteration pacing cannot be reached (pace time = 2.00, actual time = 4.70).	[MsgId: MWAR-15995]
Warning: Iteration pacing cannot be reached (pace time = 2.00, actual time = 3.08).	[MsgId: MWAR-15995]
Warning: Iteration pacing cannot be reached (pace time = 2.00, actual time = 19.45).	[MsgId: MWAR-15995]
Warning: Iteration pacing cannot be reached (pace time = 2.00, actual time = 16.58).	[MsgId: MWAR-15995]
WCC_KaasContentRendering.c(10): Continuing after Error -26608: HTTP Status-Code=504 (Gateway Timeout) for "https://hx9ekpvvbi.execute-api.us-east-1.amazonaws.com/KaaS-ITG/v2/render/000ajnzCTXXNQcSoN8oETlwbOOYl/ish_1624934-229146-16?entitlement=none&audience=customer&isFullHTMLRequired=true"  	[MsgId: MERR-26608]
Warning: Iteration pacing cannot be reached (pace time = 2.00, actual time = 29.64).	[MsgId: MWAR-15995]
WCC_KaasContentRendering.c(10): Continuing after Error -26608: HTTP Status-Code=504 (Gateway Timeout) for "https://hx9ekpvvbi.execute-api.us-east-1.amazonaws.com/KaaS-ITG/v2/render/000ajnzCTXXNQcSoN8oETlwbOOYl/ish_2339470-2185681-16?entitlement=none&audience=customer&isFullHTMLRequired=true"  	[MsgId: MERR-26608]
Warning: Iteration pacing cannot be reached (pace time = 2.00, actual time = 31.10).	[MsgId: MWAR-15995]
Warning: Iteration pacing cannot be reached (pace time = 2.00, actual time = 18.32).	[MsgId: MWAR-15995]
Warning: Iteration pacing cannot be reached (pace time = 2.00, actual time = 8.17).	[MsgId: MWAR-15995]
Warning: Iteration pacing cannot be reached (pace time = 2.00, actual time = 11.46).	[MsgId: MWAR-15995]
Warning: Iteration pacing cannot be reached (pace time = 2.00, actual time = 18.65).	[MsgId: MWAR-15995]
Warning: Iteration pacing cannot be reached (pace time = 2.00, actual time = 41.43).	[MsgId: MWAR-15995]
Warning: Iteration pacing cannot be reached (pace time = 2.00, actual time = 19.12).	[MsgId: MWAR-15995]
Warning: Iteration pacing cannot be reached (pace time = 2.00, actual time = 19.59).	[MsgId: MWAR-15995]
Warning: Iteration pacing cannot be reached (pace time = 2.00, actual time = 2.60).	[MsgId: MWAR-15995]
Warning: Iteration pacing cannot be reached (pace time = 2.00, actual time = 4.21).	[MsgId: MWAR-15995]
Warning: Iteration pacing cannot be reached (pace time = 2.00, actual time = 5.09).	[MsgId: MWAR-15995]
Warning: Iteration pacing cannot be reached (pace time = 2.00, actual time = 2.49).	[MsgId: MWAR-15995]
Warning: Iteration pacing cannot be reached (pace time = 2.00, actual time = 2.82).	[MsgId: MWAR-15995]
Warning: Iteration pacing cannot be reached (pace time = 2.00, actual time = 2.49).	[MsgId: MWAR-15995]
Warning: Iteration pacing cannot be reached (pace time = 2.00, actual time = 2.00).	[MsgId: MWAR-15995]
Warning: Iteration pacing cannot be reached (pace time = 2.00, actual time = 3.29).	[MsgId: MWAR-15995]
Warning: Iteration pacing cannot be reached (pace time = 2.00, actual time = 9.96).	[MsgId: MWAR-15995]
Warning: Iteration pacing cannot be reached (pace time = 2.00, actual time = 4.70).	[MsgId: MWAR-15995]
Warning: Iteration pacing cannot be reached (pace time = 2.00, actual time = 11.20).	[MsgId: MWAR-15995]
Warning: Iteration pacing cannot be reached (pace time = 2.00, actual time = 12.79).	[MsgId: MWAR-15995]
Warning: Iteration pacing cannot be reached (pace time = 2.00, actual time = 16.61).	[MsgId: MWAR-15995]
Warning: Iteration pacing cannot be reached (pace time = 2.00, actual time = 13.96).	[MsgId: MWAR-15995]
Warning: Iteration pacing cannot be reached (pace time = 2.00, actual time = 2.00).	[MsgId: MWAR-15995]
Warning: Iteration pacing cannot be reached (pace time = 2.00, actual time = 4.41).	[MsgId: MWAR-15995]
Warning: Iteration pacing cannot be reached (pace time = 2.00, actual time = 3.55).	[MsgId: MWAR-15995]
Warning: Iteration pacing cannot be reached (pace time = 2.00, actual time = 2.92).	[MsgId: MWAR-15995]
Warning: Iteration pacing cannot be reached (pace time = 2.00, actual time = 3.56).	[MsgId: MWAR-15995]
Warning: Iteration pacing cannot be reached (pace time = 2.00, actual time = 2.10).	[MsgId: MWAR-15995]
Warning: Iteration pacing cannot be reached (pace time = 2.00, actual time = 3.06).	[MsgId: MWAR-15995]
Warning: Iteration pacing cannot be reached (pace time = 2.00, actual time = 2.97).	[MsgId: MWAR-15995]
Warning: Iteration pacing cannot be reached (pace time = 2.00, actual time = 2.83).	[MsgId: MWAR-15995]
Warning: Iteration pacing cannot be reached (pace time = 2.00, actual time = 2.39).	[MsgId: MWAR-15995]
Warning: Iteration pacing cannot be reached (pace time = 2.00, actual time = 3.41).	[MsgId: MWAR-15995]
Warning: Iteration pacing cannot be reached (pace time = 2.00, actual time = 3.37).	[MsgId: MWAR-15995]
Warning: Iteration pacing cannot be reached (pace time = 2.00, actual time = 5.43).	[MsgId: MWAR-15995]
Warning: Iteration pacing cannot be reached (pace time = 2.00, actual time = 6.83).	[MsgId: MWAR-15995]
Warning: Iteration pacing cannot be reached (pace time = 2.00, actual time = 8.73).	[MsgId: MWAR-15995]
Warning: Iteration pacing cannot be reached (pace time = 2.00, actual time = 16.89).	[MsgId: MWAR-15995]
Warning: Iteration pacing cannot be reached (pace time = 2.00, actual time = 16.63).	[MsgId: MWAR-15995]
Warning: Iteration pacing cannot be reached (pace time = 2.00, actual time = 2.85).	[MsgId: MWAR-15995]
Warning: Iteration pacing cannot be reached (pace time = 2.00, actual time = 6.12).	[MsgId: MWAR-15995]
Warning: Iteration pacing cannot be reached (pace time = 2.00, actual time = 7.91).	[MsgId: MWAR-15995]
Warning: Iteration pacing cannot be reached (pace time = 2.00, actual time = 3.20).	[MsgId: MWAR-15995]
Warning: Iteration pacing cannot be reached (pace time = 2.00, actual time = 2.12).	[MsgId: MWAR-15995]
Warning: Iteration pacing cannot be reached (pace time = 2.00, actual time = 5.43).	[MsgId: MWAR-15995]
Warning: Iteration pacing cannot be reached (pace time = 2.00, actual time = 6.90).	[MsgId: MWAR-15995]
Warning: Iteration pacing cannot be reached (pace time = 2.00, actual time = 10.90).	[MsgId: MWAR-15995]
Warning: Iteration pacing cannot be reached (pace time = 2.00, actual time = 11.18).	[MsgId: MWAR-15995]
Warning: Iteration pacing cannot be reached (pace time = 2.00, actual time = 4.72).	[MsgId: MWAR-15995]
Warning: Iteration pacing cannot be reached (pace time = 2.00, actual time = 6.32).	[MsgId: MWAR-15995]
Warning: Iteration pacing cannot be reached (pace time = 2.00, actual time = 6.76).	[MsgId: MWAR-15995]
Warning: Iteration pacing cannot be reached (pace time = 2.00, actual time = 22.76).	[MsgId: MWAR-15995]
Warning: Iteration pacing cannot be reached (pace time = 2.00, actual time = 27.41).	[MsgId: MWAR-15995]
Warning: Iteration pacing cannot be reached (pace time = 2.00, actual time = 17.71).	[MsgId: MWAR-15995]
Warning: Iteration pacing cannot be reached (pace time = 2.00, actual time = 37.66).	[MsgId: MWAR-15995]
Warning: Iteration pacing cannot be reached (pace time = 2.00, actual time = 8.96).	[MsgId: MWAR-15995]
KaaS_Content_Rendering_MetaData.c(10): Continuing after Error -26608: HTTP Status-Code=504 (Gateway Timeout) for "https://hx9ekpvvbi.execute-api.us-east-1.amazonaws.com/KaaS-ITG/v2/search?documentID=c02862584&resultLimit=1&resultStart=0&languageCode=ko,en&countryCode=6984892597308500812593&store=udp-content-default,docstore,manualstore,sdlmanualstore&printFields=documentID,filename,name,summary,objectname,dredbname,description,title,shortestnavigationpath,categorizations,ishType,searchable,languagedocmap"  	[MsgId: MERR-26608]
Warning: Iteration pacing cannot be reached (pace time = 2.00, actual time = 29.15).	[MsgId: MWAR-15995]
WISE_KaasContentRendering.c(10): Continuing after Error -26608: HTTP Status-Code=504 (Gateway Timeout) for "https://hx9ekpvvbi.execute-api.us-east-1.amazonaws.com/KaaS-ITG/v2/render/000aHHlopIbmO60NQby9ANtdAowX/ish_2025988-1592331-16"  	[MsgId: MERR-26608]
Warning: Iteration pacing cannot be reached (pace time = 2.00, actual time = 36.07).	[MsgId: MWAR-15995]
Warning: Iteration pacing cannot be reached (pace time = 2.00, actual time = 32.81).	[MsgId: MWAR-15995]
Warning: Iteration pacing cannot be reached (pace time = 2.00, actual time = 29.09).	[MsgId: MWAR-15995]
Warning: Iteration pacing cannot be reached (pace time = 2.00, actual time = 5.51).	[MsgId: MWAR-15995]
Warning: Iteration pacing cannot be reached (pace time = 2.00, actual time = 2.34).	[MsgId: MWAR-15995]
Warning: Iteration pacing cannot be reached (pace time = 2.00, actual time = 3.12).	[MsgId: MWAR-15995]
Warning: Iteration pacing cannot be reached (pace time = 2.00, actual time = 2.80).	[MsgId: MWAR-15995]
Warning: Iteration pacing cannot be reached (pace time = 2.00, actual time = 3.84).	[MsgId: MWAR-15995]
Warning: Iteration pacing cannot be reached (pace time = 2.00, actual time = 2.76).	[MsgId: MWAR-15995]
Warning: Iteration pacing cannot be reached (pace time = 2.00, actual time = 3.17).	[MsgId: MWAR-15995]
Warning: Iteration pacing cannot be reached (pace time = 2.00, actual time = 2.41).	[MsgId: MWAR-15995]
Warning: Iteration pacing cannot be reached (pace time = 2.00, actual time = 2.71).	[MsgId: MWAR-15995]
Warning: Iteration pacing cannot be reached (pace time = 2.00, actual time = 2.60).	[MsgId: MWAR-15995]
Kaas_Contextual_Filtering.c(9): Continuing after Error -27760: Request "https://hx9ekpvvbi.execute-api.us-east-1.amazonaws.com/KaaS-ITG/v2/render/000aHHlopIbmO60NQby9ANtdAowX/ish_849683-2147483634-16?conditions=FHPIPRODUCT=5447875" failed  	[MsgId: MERR-27760]
KaaS_Content_Rendering_MetaData.c(10): Continuing after Error -27792: Failed to connect to server "hx9ekpvvbi.execute-api.us-east-1.amazonaws.com:443": [10060] Connection timed out  	[MsgId: MERR-27792]
Warning: Iteration pacing cannot be reached (pace time = 2.00, actual time = 29.13).	[MsgId: MWAR-15995]
Warning: Iteration pacing cannot be reached (pace time = 2.00, actual time = 38.31).	[MsgId: MWAR-15995]
WISE_KaasContentRendering.c(10): Continuing after Error -27792: Failed to connect to server "hx9ekpvvbi.execute-api.us-east-1.amazonaws.com:443": [10060] Connection timed out  	[MsgId: MERR-27792]
WISE_KaasContentRendering.c(10): Continuing after Error -27792: Failed to connect to server "hx9ekpvvbi.execute-api.us-east-1.amazonaws.com:443": [10060] Connection timed out  	[MsgId: MERR-27792]
Warning: Iteration pacing cannot be reached (pace time = 2.00, actual time = 30.53).	[MsgId: MWAR-15995]
Warning: Iteration pacing cannot be reached (pace time = 2.00, actual time = 2.03).	[MsgId: MWAR-15995]
WISE_KaasContentRendering.c(10): Continuing after Error -27645: Step download timeout (120 seconds) has expired when only cross-step downloads (0) were active  	[MsgId: MERR-27645]
Kaas_Contextual_Filtering.c(9): Continuing after Error -27645: Step download timeout (120 seconds) has expired when only cross-step downloads (0) were active  	[MsgId: MERR-27645]
