Kaas_HowTo_PDP.c(8): Continuing after Error -27760: Request "https://hx9ekpvvbi.execute-api.us-east-1.amazonaws.com/KaaS-ITG/v2/search?q=*&resultLimit=1000&resultStart=0&languageCode=en&countryCode=162089707212699946554652&store=udp-content-default,docstore&product=6879081&contentTypes=How To,Setup and Install,Compatibility,Recycle,FAQ,Repair or Replace&topiccat=467249423806096122761263497662159&printFields=topics,topIssue,filesize,cve" failed  	[MsgId: MERR-27760]
Warning: Iteration pacing cannot be reached (pace time = 1.50, actual time = 8.15).	[MsgId: MWAR-15995]
Warning: Iteration pacing cannot be reached (pace time = 1.50, actual time = 6.37).	[MsgId: MWAR-15995]
Warning: Iteration pacing cannot be reached (pace time = 1.50, actual time = 6.92).	[MsgId: MWAR-15995]
Warning: Iteration pacing cannot be reached (pace time = 1.50, actual time = 9.79).	[MsgId: MWAR-15995]
Warning: Iteration pacing cannot be reached (pace time = 1.50, actual time = 8.58).	[MsgId: MWAR-15995]
Warning: Iteration pacing cannot be reached (pace time = 1.50, actual time = 11.07).	[MsgId: MWAR-15995]
Warning: Iteration pacing cannot be reached (pace time = 1.50, actual time = 10.42).	[MsgId: MWAR-15995]
Kaas_ProductInfo_PDP.c(8): Continuing after Error -27760: Request "https://hx9ekpvvbi.execute-api.us-east-1.amazonaws.com/KaaS-ITG/v2/search?q=*&resultLimit=1000&resultStart=0&languageCode=en&countryCode=162089707212699946554652&product=7779712&store=manualstore,sdlmanualstore&printFields=topics,topIssue,filesize,cve" failed  	[MsgId: MERR-27760]
Warning: Iteration pacing cannot be reached (pace time = 1.50, actual time = 8.39).	[MsgId: MWAR-15995]
Warning: Iteration pacing cannot be reached (pace time = 1.50, actual time = 6.15).	[MsgId: MWAR-15995]
Warning: Iteration pacing cannot be reached (pace time = 1.50, actual time = 10.55).	[MsgId: MWAR-15995]
Warning: Iteration pacing cannot be reached (pace time = 1.50, actual time = 10.21).	[MsgId: MWAR-15995]
Warning: Iteration pacing cannot be reached (pace time = 1.50, actual time = 7.01).	[MsgId: MWAR-15995]
Warning: Iteration pacing cannot be reached (pace time = 1.50, actual time = 9.31).	[MsgId: MWAR-15995]
Warning: Iteration pacing cannot be reached (pace time = 1.50, actual time = 10.86).	[MsgId: MWAR-15995]
Warning: Iteration pacing cannot be reached (pace time = 1.50, actual time = 11.15).	[MsgId: MWAR-15995]
Warning: Iteration pacing cannot be reached (pace time = 1.50, actual time = 7.47).	[MsgId: MWAR-15995]
Warning: Iteration pacing cannot be reached (pace time = 1.50, actual time = 10.45).	[MsgId: MWAR-15995]
Warning: Iteration pacing cannot be reached (pace time = 1.50, actual time = 9.34).	[MsgId: MWAR-15995]
Warning: Iteration pacing cannot be reached (pace time = 1.50, actual time = 4.54).	[MsgId: MWAR-15995]
Warning: Iteration pacing cannot be reached (pace time = 1.50, actual time = 11.19).	[MsgId: MWAR-15995]
Warning: Iteration pacing cannot be reached (pace time = 1.50, actual time = 9.85).	[MsgId: MWAR-15995]
Warning: Iteration pacing cannot be reached (pace time = 1.50, actual time = 4.75).	[MsgId: MWAR-15995]
Warning: Iteration pacing cannot be reached (pace time = 1.50, actual time = 8.19).	[MsgId: MWAR-15995]
Warning: Iteration pacing cannot be reached (pace time = 1.50, actual time = 9.94).	[MsgId: MWAR-15995]
Warning: Iteration pacing cannot be reached (pace time = 1.50, actual time = 11.92).	[MsgId: MWAR-15995]
Warning: Iteration pacing cannot be reached (pace time = 1.50, actual time = 6.08).	[MsgId: MWAR-15995]
Kaas_HowTo_PDP.c(8): Continuing after Error -27760: Request "https://hx9ekpvvbi.execute-api.us-east-1.amazonaws.com/KaaS-ITG/v2/search?q=*&resultLimit=1000&resultStart=0&languageCode=en&countryCode=162089707212699946554652&store=udp-content-default,docstore&product=7779701&contentTypes=How To,Setup and Install,Compatibility,Recycle,FAQ,Repair or Replace&topiccat=467249423806096122761263497662159&printFields=topics,topIssue,filesize,cve" failed  	[MsgId: MERR-27760]
Warning: Iteration pacing cannot be reached (pace time = 1.50, actual time = 7.99).	[MsgId: MWAR-15995]
Warning: Iteration pacing cannot be reached (pace time = 1.50, actual time = 8.74).	[MsgId: MWAR-15995]
Warning: Iteration pacing cannot be reached (pace time = 1.50, actual time = 8.33).	[MsgId: MWAR-15995]
Warning: Iteration pacing cannot be reached (pace time = 1.50, actual time = 5.64).	[MsgId: MWAR-15995]
Warning: Iteration pacing cannot be reached (pace time = 1.50, actual time = 7.75).	[MsgId: MWAR-15995]
Warning: Iteration pacing cannot be reached (pace time = 1.50, actual time = 9.76).	[MsgId: MWAR-15995]
Warning: Iteration pacing cannot be reached (pace time = 1.50, actual time = 8.03).	[MsgId: MWAR-15995]
Warning: Iteration pacing cannot be reached (pace time = 1.50, actual time = 9.52).	[MsgId: MWAR-15995]
Warning: Iteration pacing cannot be reached (pace time = 1.50, actual time = 10.02).	[MsgId: MWAR-15995]
Warning: Iteration pacing cannot be reached (pace time = 1.50, actual time = 9.98).	[MsgId: MWAR-15995]
Warning: Iteration pacing cannot be reached (pace time = 1.50, actual time = 10.90).	[MsgId: MWAR-15995]
Warning: Iteration pacing cannot be reached (pace time = 1.50, actual time = 10.87).	[MsgId: MWAR-15995]
Warning: Iteration pacing cannot be reached (pace time = 1.50, actual time = 8.90).	[MsgId: MWAR-15995]
Warning: Iteration pacing cannot be reached (pace time = 1.50, actual time = 12.93).	[MsgId: MWAR-15995]
Advisory_PDP.c(8): Continuing after Error -27760: Request "https://hx9ekpvvbi.execute-api.us-east-1.amazonaws.com/KaaS-ITG/v2/search?q=*&resultLimit=1000&resultStart=0&languageCode=en&countryCode=162089707212699946554652&store=udp-content-default,docstore&product=27849336&contentTypes=Engineering Advisory,Service Advisory,Customer Advisory,Service Action Advisory&printFields=topics,topIssue,filesize,cve" failed  	[MsgId: MERR-27760]
Warning: Iteration pacing cannot be reached (pace time = 1.50, actual time = 11.20).	[MsgId: MWAR-15995]
Warning: Iteration pacing cannot be reached (pace time = 1.50, actual time = 10.99).	[MsgId: MWAR-15995]
Warning: Iteration pacing cannot be reached (pace time = 1.50, actual time = 9.40).	[MsgId: MWAR-15995]
Warning: Iteration pacing cannot be reached (pace time = 1.50, actual time = 7.71).	[MsgId: MWAR-15995]
Warning: Iteration pacing cannot be reached (pace time = 1.50, actual time = 7.06).	[MsgId: MWAR-15995]
Warning: Iteration pacing cannot be reached (pace time = 1.50, actual time = 11.32).	[MsgId: MWAR-15995]
Warning: Iteration pacing cannot be reached (pace time = 1.50, actual time = 8.53).	[MsgId: MWAR-15995]
Warning: Iteration pacing cannot be reached (pace time = 1.50, actual time = 11.41).	[MsgId: MWAR-15995]
Warning: Iteration pacing cannot be reached (pace time = 1.50, actual time = 11.24).	[MsgId: MWAR-15995]
Warning: Iteration pacing cannot be reached (pace time = 1.50, actual time = 10.28).	[MsgId: MWAR-15995]
Warning: Iteration pacing cannot be reached (pace time = 1.50, actual time = 12.33).	[MsgId: MWAR-15995]
Warning: Iteration pacing cannot be reached (pace time = 1.50, actual time = 9.69).	[MsgId: MWAR-15995]
Warning: Iteration pacing cannot be reached (pace time = 1.50, actual time = 10.52).	[MsgId: MWAR-15995]
Warning: Iteration pacing cannot be reached (pace time = 1.50, actual time = 8.43).	[MsgId: MWAR-15995]
Warning: Iteration pacing cannot be reached (pace time = 1.50, actual time = 10.22).	[MsgId: MWAR-15995]
Warning: Iteration pacing cannot be reached (pace time = 1.50, actual time = 11.54).	[MsgId: MWAR-15995]
Warning: Iteration pacing cannot be reached (pace time = 1.50, actual time = 4.77).	[MsgId: MWAR-15995]
Warning: Iteration pacing cannot be reached (pace time = 1.50, actual time = 7.17).	[MsgId: MWAR-15995]
Warning: Iteration pacing cannot be reached (pace time = 1.50, actual time = 8.97).	[MsgId: MWAR-15995]
Warning: Iteration pacing cannot be reached (pace time = 1.50, actual time = 13.95).	[MsgId: MWAR-15995]
Warning: Iteration pacing cannot be reached (pace time = 1.50, actual time = 14.14).	[MsgId: MWAR-15995]
Warning: Iteration pacing cannot be reached (pace time = 1.50, actual time = 8.99).	[MsgId: MWAR-15995]
Warning: Iteration pacing cannot be reached (pace time = 1.50, actual time = 12.71).	[MsgId: MWAR-15995]
Warning: Iteration pacing cannot be reached (pace time = 1.50, actual time = 10.70).	[MsgId: MWAR-15995]
Warning: Iteration pacing cannot be reached (pace time = 1.50, actual time = 8.85).	[MsgId: MWAR-15995]
Warning: Iteration pacing cannot be reached (pace time = 1.50, actual time = 15.90).	[MsgId: MWAR-15995]
Warning: Iteration pacing cannot be reached (pace time = 1.50, actual time = 16.35).	[MsgId: MWAR-15995]
Warning: Iteration pacing cannot be reached (pace time = 1.50, actual time = 14.65).	[MsgId: MWAR-15995]
Warning: Iteration pacing cannot be reached (pace time = 1.50, actual time = 16.04).	[MsgId: MWAR-15995]
Warning: Iteration pacing cannot be reached (pace time = 1.50, actual time = 7.72).	[MsgId: MWAR-15995]
Warning: Iteration pacing cannot be reached (pace time = 1.50, actual time = 12.82).	[MsgId: MWAR-15995]
Warning: Iteration pacing cannot be reached (pace time = 1.50, actual time = 7.92).	[MsgId: MWAR-15995]
Warning: Iteration pacing cannot be reached (pace time = 1.50, actual time = 11.38).	[MsgId: MWAR-15995]
Warning: Iteration pacing cannot be reached (pace time = 1.50, actual time = 12.29).	[MsgId: MWAR-15995]
Warning: Iteration pacing cannot be reached (pace time = 1.50, actual time = 12.90).	[MsgId: MWAR-15995]
Warning: Iteration pacing cannot be reached (pace time = 1.50, actual time = 9.91).	[MsgId: MWAR-15995]
Warning: Iteration pacing cannot be reached (pace time = 1.50, actual time = 7.09).	[MsgId: MWAR-15995]
Warning: Iteration pacing cannot be reached (pace time = 1.50, actual time = 10.64).	[MsgId: MWAR-15995]
Warning: Iteration pacing cannot be reached (pace time = 1.50, actual time = 14.97).	[MsgId: MWAR-15995]
Warning: Iteration pacing cannot be reached (pace time = 1.50, actual time = 10.64).	[MsgId: MWAR-15995]
Warning: Iteration pacing cannot be reached (pace time = 1.50, actual time = 12.38).	[MsgId: MWAR-15995]
Warning: Iteration pacing cannot be reached (pace time = 1.50, actual time = 14.19).	[MsgId: MWAR-15995]
Warning: Iteration pacing cannot be reached (pace time = 1.50, actual time = 14.47).	[MsgId: MWAR-15995]
Warning: Iteration pacing cannot be reached (pace time = 1.50, actual time = 13.52).	[MsgId: MWAR-15995]
Warning: Iteration pacing cannot be reached (pace time = 1.50, actual time = 13.97).	[MsgId: MWAR-15995]
Warning: Iteration pacing cannot be reached (pace time = 1.50, actual time = 12.72).	[MsgId: MWAR-15995]
Warning: Iteration pacing cannot be reached (pace time = 1.50, actual time = 13.44).	[MsgId: MWAR-15995]
Warning: Iteration pacing cannot be reached (pace time = 1.50, actual time = 15.27).	[MsgId: MWAR-15995]
Warning: Iteration pacing cannot be reached (pace time = 1.50, actual time = 13.55).	[MsgId: MWAR-15995]
Warning: Iteration pacing cannot be reached (pace time = 1.50, actual time = 11.79).	[MsgId: MWAR-15995]
Warning: Iteration pacing cannot be reached (pace time = 1.50, actual time = 17.93).	[MsgId: MWAR-15995]
Warning: Iteration pacing cannot be reached (pace time = 1.50, actual time = 18.21).	[MsgId: MWAR-15995]
Warning: Iteration pacing cannot be reached (pace time = 1.50, actual time = 16.39).	[MsgId: MWAR-15995]
Warning: Iteration pacing cannot be reached (pace time = 1.50, actual time = 7.12).	[MsgId: MWAR-15995]
Warning: Iteration pacing cannot be reached (pace time = 1.50, actual time = 12.53).	[MsgId: MWAR-15995]
Warning: Iteration pacing cannot be reached (pace time = 1.50, actual time = 14.41).	[MsgId: MWAR-15995]
Warning: Iteration pacing cannot be reached (pace time = 1.50, actual time = 12.44).	[MsgId: MWAR-15995]
Warning: Iteration pacing cannot be reached (pace time = 1.50, actual time = 7.83).	[MsgId: MWAR-15995]
Warning: Iteration pacing cannot be reached (pace time = 1.50, actual time = 10.18).	[MsgId: MWAR-15995]
Warning: Iteration pacing cannot be reached (pace time = 1.50, actual time = 14.68).	[MsgId: MWAR-15995]
Warning: Iteration pacing cannot be reached (pace time = 1.50, actual time = 11.28).	[MsgId: MWAR-15995]
Warning: Iteration pacing cannot be reached (pace time = 1.50, actual time = 8.70).	[MsgId: MWAR-15995]
Warning: Iteration pacing cannot be reached (pace time = 1.50, actual time = 7.31).	[MsgId: MWAR-15995]
Warning: Iteration pacing cannot be reached (pace time = 1.50, actual time = 12.56).	[MsgId: MWAR-15995]
Warning: Iteration pacing cannot be reached (pace time = 1.50, actual time = 12.41).	[MsgId: MWAR-15995]
Warning: Iteration pacing cannot be reached (pace time = 1.50, actual time = 10.59).	[MsgId: MWAR-15995]
Warning: Iteration pacing cannot be reached (pace time = 1.50, actual time = 12.84).	[MsgId: MWAR-15995]
Warning: Iteration pacing cannot be reached (pace time = 1.50, actual time = 10.04).	[MsgId: MWAR-15995]
Warning: Iteration pacing cannot be reached (pace time = 1.50, actual time = 12.03).	[MsgId: MWAR-15995]
Warning: Iteration pacing cannot be reached (pace time = 1.50, actual time = 10.27).	[MsgId: MWAR-15995]
Warning: Iteration pacing cannot be reached (pace time = 1.50, actual time = 10.84).	[MsgId: MWAR-15995]
Warning: Iteration pacing cannot be reached (pace time = 1.50, actual time = 8.53).	[MsgId: MWAR-15995]
Warning: Iteration pacing cannot be reached (pace time = 1.50, actual time = 13.47).	[MsgId: MWAR-15995]
Warning: Iteration pacing cannot be reached (pace time = 1.50, actual time = 6.15).	[MsgId: MWAR-15995]
Warning: Iteration pacing cannot be reached (pace time = 1.50, actual time = 12.48).	[MsgId: MWAR-15995]
Warning: Iteration pacing cannot be reached (pace time = 1.50, actual time = 12.11).	[MsgId: MWAR-15995]
Warning: Iteration pacing cannot be reached (pace time = 1.50, actual time = 21.97).	[MsgId: MWAR-15995]
Warning: Iteration pacing cannot be reached (pace time = 1.50, actual time = 10.63).	[MsgId: MWAR-15995]
Warning: Iteration pacing cannot be reached (pace time = 1.50, actual time = 13.46).	[MsgId: MWAR-15995]
Warning: Iteration pacing cannot be reached (pace time = 1.50, actual time = 11.42).	[MsgId: MWAR-15995]
Warning: Iteration pacing cannot be reached (pace time = 1.50, actual time = 9.61).	[MsgId: MWAR-15995]
Warning: Iteration pacing cannot be reached (pace time = 1.50, actual time = 8.64).	[MsgId: MWAR-15995]
Warning: Iteration pacing cannot be reached (pace time = 1.50, actual time = 11.92).	[MsgId: MWAR-15995]
Warning: Iteration pacing cannot be reached (pace time = 1.50, actual time = 8.45).	[MsgId: MWAR-15995]
Warning: Iteration pacing cannot be reached (pace time = 1.50, actual time = 9.61).	[MsgId: MWAR-15995]
Warning: Iteration pacing cannot be reached (pace time = 1.50, actual time = 11.93).	[MsgId: MWAR-15995]
Warning: Iteration pacing cannot be reached (pace time = 1.50, actual time = 10.35).	[MsgId: MWAR-15995]
Warning: Iteration pacing cannot be reached (pace time = 1.50, actual time = 10.34).	[MsgId: MWAR-15995]
Warning: Iteration pacing cannot be reached (pace time = 1.50, actual time = 9.75).	[MsgId: MWAR-15995]
Warning: Iteration pacing cannot be reached (pace time = 1.50, actual time = 9.08).	[MsgId: MWAR-15995]
Warning: Iteration pacing cannot be reached (pace time = 1.50, actual time = 8.12).	[MsgId: MWAR-15995]
Warning: Iteration pacing cannot be reached (pace time = 1.50, actual time = 12.27).	[MsgId: MWAR-15995]
Warning: Iteration pacing cannot be reached (pace time = 1.50, actual time = 9.32).	[MsgId: MWAR-15995]
Warning: Iteration pacing cannot be reached (pace time = 1.50, actual time = 12.49).	[MsgId: MWAR-15995]
Warning: Iteration pacing cannot be reached (pace time = 1.50, actual time = 8.02).	[MsgId: MWAR-15995]
Warning: Iteration pacing cannot be reached (pace time = 1.50, actual time = 14.72).	[MsgId: MWAR-15995]
Warning: Iteration pacing cannot be reached (pace time = 1.50, actual time = 15.34).	[MsgId: MWAR-15995]
Warning: Iteration pacing cannot be reached (pace time = 1.50, actual time = 14.85).	[MsgId: MWAR-15995]
Warning: Iteration pacing cannot be reached (pace time = 1.50, actual time = 13.04).	[MsgId: MWAR-15995]
Warning: Iteration pacing cannot be reached (pace time = 1.50, actual time = 17.60).	[MsgId: MWAR-15995]
Warning: Iteration pacing cannot be reached (pace time = 1.50, actual time = 16.20).	[MsgId: MWAR-15995]
Warning: Iteration pacing cannot be reached (pace time = 1.50, actual time = 15.61).	[MsgId: MWAR-15995]
Warning: Iteration pacing cannot be reached (pace time = 1.50, actual time = 13.55).	[MsgId: MWAR-15995]
Warning: Iteration pacing cannot be reached (pace time = 1.50, actual time = 6.20).	[MsgId: MWAR-15995]
Warning: Iteration pacing cannot be reached (pace time = 1.50, actual time = 10.66).	[MsgId: MWAR-15995]
Warning: Iteration pacing cannot be reached (pace time = 1.50, actual time = 12.56).	[MsgId: MWAR-15995]
Warning: Iteration pacing cannot be reached (pace time = 1.50, actual time = 12.81).	[MsgId: MWAR-15995]
Warning: Iteration pacing cannot be reached (pace time = 1.50, actual time = 15.64).	[MsgId: MWAR-15995]
Warning: Iteration pacing cannot be reached (pace time = 1.50, actual time = 14.60).	[MsgId: MWAR-15995]
Warning: Iteration pacing cannot be reached (pace time = 1.50, actual time = 14.42).	[MsgId: MWAR-15995]
Warning: Iteration pacing cannot be reached (pace time = 1.50, actual time = 16.84).	[MsgId: MWAR-15995]
Warning: Iteration pacing cannot be reached (pace time = 1.50, actual time = 16.05).	[MsgId: MWAR-15995]
Warning: Iteration pacing cannot be reached (pace time = 1.50, actual time = 16.91).	[MsgId: MWAR-15995]
Warning: Iteration pacing cannot be reached (pace time = 1.50, actual time = 14.56).	[MsgId: MWAR-15995]
Warning: Iteration pacing cannot be reached (pace time = 1.50, actual time = 5.47).	[MsgId: MWAR-15995]
Warning: Iteration pacing cannot be reached (pace time = 1.50, actual time = 12.95).	[MsgId: MWAR-15995]
Warning: Iteration pacing cannot be reached (pace time = 1.50, actual time = 11.88).	[MsgId: MWAR-15995]
Warning: Iteration pacing cannot be reached (pace time = 1.50, actual time = 9.96).	[MsgId: MWAR-15995]
Warning: Iteration pacing cannot be reached (pace time = 1.50, actual time = 7.36).	[MsgId: MWAR-15995]
Warning: Iteration pacing cannot be reached (pace time = 1.50, actual time = 13.24).	[MsgId: MWAR-15995]
Warning: Iteration pacing cannot be reached (pace time = 1.50, actual time = 14.03).	[MsgId: MWAR-15995]
Warning: Iteration pacing cannot be reached (pace time = 1.50, actual time = 16.93).	[MsgId: MWAR-15995]
Warning: Iteration pacing cannot be reached (pace time = 1.50, actual time = 15.15).	[MsgId: MWAR-15995]
Warning: Iteration pacing cannot be reached (pace time = 1.50, actual time = 16.36).	[MsgId: MWAR-15995]
Warning: Iteration pacing cannot be reached (pace time = 1.50, actual time = 15.82).	[MsgId: MWAR-15995]
Warning: Iteration pacing cannot be reached (pace time = 1.50, actual time = 12.00).	[MsgId: MWAR-15995]
Warning: Iteration pacing cannot be reached (pace time = 1.50, actual time = 11.79).	[MsgId: MWAR-15995]
Warning: Iteration pacing cannot be reached (pace time = 1.50, actual time = 15.13).	[MsgId: MWAR-15995]
Warning: Iteration pacing cannot be reached (pace time = 1.50, actual time = 12.46).	[MsgId: MWAR-15995]
Warning: Iteration pacing cannot be reached (pace time = 1.50, actual time = 13.84).	[MsgId: MWAR-15995]
Warning: Iteration pacing cannot be reached (pace time = 1.50, actual time = 12.58).	[MsgId: MWAR-15995]
kaas_Troubleshooting_PDP.c(9): Continuing after Error -27760: Request "https://hx9ekpvvbi.execute-api.us-east-1.amazonaws.com/KaaS-ITG/v2/search?q=*&resultLimit=1000&resultStart=0&languageCode=en&countryCode=162089707212699946554652&store=udp-content-default,docstore&product=5395633&contentTypes=How To,Setup and Install,Troubleshooting,CPMD,Parts,FAQ,Repair or Replace&topiccat=175513598973950797922021312691457&printFields=topics,topIssue,filesize,cve" failed  	[MsgId: MERR-27760]
kaas_Troubleshooting_PDP.c(9): Continuing after Error -27760: Request "https://hx9ekpvvbi.execute-api.us-east-1.amazonaws.com/KaaS-ITG/v2/search?q=*&resultLimit=1000&resultStart=0&languageCode=en&countryCode=162089707212699946554652&store=udp-content-default,docstore&product=27780465&contentTypes=How To,Setup and Install,Troubleshooting,CPMD,Parts,FAQ,Repair or Replace&topiccat=175513598973950797922021312691457&printFields=topics,topIssue,filesize,cve" failed  	[MsgId: MERR-27760]
