Warning: Iteration pacing cannot be reached (pace time = 8.50, actual time = 10.48).	[MsgId: MWAR-15995]
Warning: Iteration pacing cannot be reached (pace time = 8.50, actual time = 9.35).	[MsgId: MWAR-15995]
Warning: Iteration pacing cannot be reached (pace time = 8.50, actual time = 8.85).	[MsgId: MWAR-15995]
Warning: Iteration pacing cannot be reached (pace time = 8.50, actual time = 9.37).	[MsgId: MWAR-15995]
Warning: Iteration pacing cannot be reached (pace time = 8.50, actual time = 9.14).	[MsgId: MWAR-15995]
Warning: Iteration pacing cannot be reached (pace time = 8.50, actual time = 9.54).	[MsgId: MWAR-15995]
Warning: Iteration pacing cannot be reached (pace time = 8.50, actual time = 8.71).	[MsgId: MWAR-15995]
Warning: Iteration pacing cannot be reached (pace time = 8.50, actual time = 8.99).	[MsgId: MWAR-15995]
Warning: Iteration pacing cannot be reached (pace time = 8.50, actual time = 10.29).	[MsgId: MWAR-15995]
Warning: Iteration pacing cannot be reached (pace time = 8.50, actual time = 8.68).	[MsgId: MWAR-15995]
Warning: Iteration pacing cannot be reached (pace time = 8.50, actual time = 9.11).	[MsgId: MWAR-15995]
Warning: Iteration pacing cannot be reached (pace time = 8.50, actual time = 8.80).	[MsgId: MWAR-15995]
kaas_Troubleshooting_PDP.c(10): Error -26627: HTTP Status-Code=404 (Not Found) for "https://hx9ekpvvbi.execute-api.us-east-1.amazonaws.com/KaaS-ITG/v2/search?q=*&resultLimit=1000&resultStart=0&languageCode=en&countryCode=162089707212699946554652&store=udp-content-default,docstore&product=27066682&contentTypes=How To,Setup and Install,Troubleshooting,CPMD,Parts,FAQ,Repair or Replace&topiccat=175513598973950797922021312691457&printFields=topics,topIssue,filesize,cve"  	[MsgId: MERR-26627]
Warning: Iteration pacing cannot be reached (pace time = 8.50, actual time = 9.16).	[MsgId: MWAR-15995]
Warning: Iteration pacing cannot be reached (pace time = 8.50, actual time = 9.24).	[MsgId: MWAR-15995]
Warning: Iteration pacing cannot be reached (pace time = 8.50, actual time = 9.47).	[MsgId: MWAR-15995]
Warning: Iteration pacing cannot be reached (pace time = 8.50, actual time = 11.97).	[MsgId: MWAR-15995]
Warning: Iteration pacing cannot be reached (pace time = 8.50, actual time = 9.47).	[MsgId: MWAR-15995]
Warning: Iteration pacing cannot be reached (pace time = 8.50, actual time = 11.27).	[MsgId: MWAR-15995]
Warning: Iteration pacing cannot be reached (pace time = 8.50, actual time = 8.65).	[MsgId: MWAR-15995]
Warning: Iteration pacing cannot be reached (pace time = 8.50, actual time = 11.19).	[MsgId: MWAR-15995]
Warning: Iteration pacing cannot be reached (pace time = 8.50, actual time = 10.21).	[MsgId: MWAR-15995]
Warning: Iteration pacing cannot be reached (pace time = 8.50, actual time = 9.33).	[MsgId: MWAR-15995]
Warning: Iteration pacing cannot be reached (pace time = 8.50, actual time = 9.63).	[MsgId: MWAR-15995]
Advisory_PDP.c(8): Error -26627: HTTP Status-Code=404 (Not Found) for "https://hx9ekpvvbi.execute-api.us-east-1.amazonaws.com/KaaS-ITG/v2/search?q=*&resultLimit=1000&resultStart=0&languageCode=en&countryCode=162089707212699946554652&store=udp-content-default,docstore&product=5395633&contentTypes=Engineering Advisory,Service Advisory,Customer Advisory,Service Action Advisory&printFields=topics,topIssue,filesize,cve"  	[MsgId: MERR-26627]
PDP_Manuals.c(9): Error -26627: HTTP Status-Code=404 (Not Found) for "https://hx9ekpvvbi.execute-api.us-east-1.amazonaws.com/KaaS-ITG/v2/search?q=*&resultLimit=1000&resultStart=0&languageCode=en&countryCode=162089707212699946554652&product=6879081&store=manualstore,sdlmanualstore&printFields=topics,topIssue,filesize,cve"  	[MsgId: MERR-26627]
Warning: Iteration pacing cannot be reached (pace time = 8.50, actual time = 11.01).	[MsgId: MWAR-15995]
Warning: Iteration pacing cannot be reached (pace time = 8.50, actual time = 9.35).	[MsgId: MWAR-15995]
Warning: Iteration pacing cannot be reached (pace time = 8.50, actual time = 10.58).	[MsgId: MWAR-15995]
Warning: Iteration pacing cannot be reached (pace time = 8.50, actual time = 10.67).	[MsgId: MWAR-15995]
Kaas_ProductInfo_PDP.c(9): Error -26627: HTTP Status-Code=404 (Not Found) for "https://hx9ekpvvbi.execute-api.us-east-1.amazonaws.com/KaaS-ITG/v2/search?q=*&resultLimit=1000&resultStart=0&languageCode=en&countryCode=162089707212699946554652&product=6879081&store=manualstore,sdlmanualstore&printFields=topics,topIssue,filesize,cve"  	[MsgId: MERR-26627]
Warning: Iteration pacing cannot be reached (pace time = 8.50, actual time = 8.97).	[MsgId: MWAR-15995]
Warning: Iteration pacing cannot be reached (pace time = 8.50, actual time = 8.90).	[MsgId: MWAR-15995]
Warning: Iteration pacing cannot be reached (pace time = 8.50, actual time = 9.04).	[MsgId: MWAR-15995]
Warning: Iteration pacing cannot be reached (pace time = 8.50, actual time = 10.01).	[MsgId: MWAR-15995]
Warning: Iteration pacing cannot be reached (pace time = 8.50, actual time = 10.11).	[MsgId: MWAR-15995]
Warning: Iteration pacing cannot be reached (pace time = 8.50, actual time = 8.75).	[MsgId: MWAR-15995]
Warning: Iteration pacing cannot be reached (pace time = 8.50, actual time = 11.56).	[MsgId: MWAR-15995]
Warning: Iteration pacing cannot be reached (pace time = 8.50, actual time = 8.63).	[MsgId: MWAR-15995]
Warning: Iteration pacing cannot be reached (pace time = 8.50, actual time = 8.85).	[MsgId: MWAR-15995]
Warning: Iteration pacing cannot be reached (pace time = 8.50, actual time = 9.12).	[MsgId: MWAR-15995]
Warning: Iteration pacing cannot be reached (pace time = 8.50, actual time = 9.82).	[MsgId: MWAR-15995]
Warning: Iteration pacing cannot be reached (pace time = 8.50, actual time = 10.48).	[MsgId: MWAR-15995]
Warning: Iteration pacing cannot be reached (pace time = 8.50, actual time = 9.69).	[MsgId: MWAR-15995]
Warning: Iteration pacing cannot be reached (pace time = 8.50, actual time = 9.56).	[MsgId: MWAR-15995]
Warning: Iteration pacing cannot be reached (pace time = 8.50, actual time = 9.89).	[MsgId: MWAR-15995]
Warning: Iteration pacing cannot be reached (pace time = 8.50, actual time = 10.15).	[MsgId: MWAR-15995]
Warning: Iteration pacing cannot be reached (pace time = 8.50, actual time = 9.79).	[MsgId: MWAR-15995]
Warning: Iteration pacing cannot be reached (pace time = 8.50, actual time = 9.57).	[MsgId: MWAR-15995]
Warning: Iteration pacing cannot be reached (pace time = 8.50, actual time = 9.21).	[MsgId: MWAR-15995]
Advisory_PDP.c(8): Error -26627: HTTP Status-Code=404 (Not Found) for "https://hx9ekpvvbi.execute-api.us-east-1.amazonaws.com/KaaS-ITG/v2/search?q=*&resultLimit=1000&resultStart=0&languageCode=en&countryCode=162089707212699946554652&store=udp-content-default,docstore&product=16351109&contentTypes=Engineering Advisory,Service Advisory,Customer Advisory,Service Action Advisory&printFields=topics,topIssue,filesize,cve"  	[MsgId: MERR-26627]
Warning: Iteration pacing cannot be reached (pace time = 8.50, actual time = 9.00).	[MsgId: MWAR-15995]
Warning: Iteration pacing cannot be reached (pace time = 8.50, actual time = 10.08).	[MsgId: MWAR-15995]
Warning: Iteration pacing cannot be reached (pace time = 8.50, actual time = 11.30).	[MsgId: MWAR-15995]
Warning: Iteration pacing cannot be reached (pace time = 8.50, actual time = 10.73).	[MsgId: MWAR-15995]
Warning: Iteration pacing cannot be reached (pace time = 8.50, actual time = 9.14).	[MsgId: MWAR-15995]
Warning: Iteration pacing cannot be reached (pace time = 8.50, actual time = 11.05).	[MsgId: MWAR-15995]
Warning: Iteration pacing cannot be reached (pace time = 8.50, actual time = 8.63).	[MsgId: MWAR-15995]
Warning: Iteration pacing cannot be reached (pace time = 8.50, actual time = 9.41).	[MsgId: MWAR-15995]
Warning: Iteration pacing cannot be reached (pace time = 8.50, actual time = 9.98).	[MsgId: MWAR-15995]
Warning: Iteration pacing cannot be reached (pace time = 8.50, actual time = 10.26).	[MsgId: MWAR-15995]
Warning: Iteration pacing cannot be reached (pace time = 8.50, actual time = 9.77).	[MsgId: MWAR-15995]
Warning: Iteration pacing cannot be reached (pace time = 8.50, actual time = 9.45).	[MsgId: MWAR-15995]
Warning: Iteration pacing cannot be reached (pace time = 8.50, actual time = 9.14).	[MsgId: MWAR-15995]
