Warning: Iteration pacing cannot be reached (pace time = 7.00, actual time = 7.38).	[MsgId: MWAR-15995]
Warning: Iteration pacing cannot be reached (pace time = 7.00, actual time = 9.41).	[MsgId: MWAR-15995]
Warning: Iteration pacing cannot be reached (pace time = 7.00, actual time = 7.14).	[MsgId: MWAR-15995]
Warning: Iteration pacing cannot be reached (pace time = 7.00, actual time = 7.38).	[MsgId: MWAR-15995]
Warning: Iteration pacing cannot be reached (pace time = 7.00, actual time = 7.25).	[MsgId: MWAR-15995]
Warning: Iteration pacing cannot be reached (pace time = 7.00, actual time = 7.57).	[MsgId: MWAR-15995]
Warning: Iteration pacing cannot be reached (pace time = 7.00, actual time = 27.35).	[MsgId: MWAR-15995]
Warning: Iteration pacing cannot be reached (pace time = 7.00, actual time = 25.60).	[MsgId: MWAR-15995]
Warning: Iteration pacing cannot be reached (pace time = 7.00, actual time = 26.79).	[MsgId: MWAR-15995]
Warning: Iteration pacing cannot be reached (pace time = 7.00, actual time = 27.78).	[MsgId: MWAR-15995]
Warning: Iteration pacing cannot be reached (pace time = 7.00, actual time = 9.26).	[MsgId: MWAR-15995]
Warning: Iteration pacing cannot be reached (pace time = 7.00, actual time = 28.64).	[MsgId: MWAR-15995]
Warning: Iteration pacing cannot be reached (pace time = 7.00, actual time = 23.45).	[MsgId: MWAR-15995]
Warning: Iteration pacing cannot be reached (pace time = 7.00, actual time = 8.79).	[MsgId: MWAR-15995]
Warning: Iteration pacing cannot be reached (pace time = 7.00, actual time = 7.33).	[MsgId: MWAR-15995]
Warning: Iteration pacing cannot be reached (pace time = 7.00, actual time = 7.13).	[MsgId: MWAR-15995]
Warning: Iteration pacing cannot be reached (pace time = 7.00, actual time = 9.58).	[MsgId: MWAR-15995]
Warning: Iteration pacing cannot be reached (pace time = 7.00, actual time = 7.75).	[MsgId: MWAR-15995]
Warning: Iteration pacing cannot be reached (pace time = 7.00, actual time = 7.84).	[MsgId: MWAR-15995]
Warning: Iteration pacing cannot be reached (pace time = 7.00, actual time = 9.82).	[MsgId: MWAR-15995]
Warning: Iteration pacing cannot be reached (pace time = 7.00, actual time = 7.79).	[MsgId: MWAR-15995]
Warning: Iteration pacing cannot be reached (pace time = 7.00, actual time = 7.14).	[MsgId: MWAR-15995]
Warning: Iteration pacing cannot be reached (pace time = 7.00, actual time = 8.35).	[MsgId: MWAR-15995]
Warning: Iteration pacing cannot be reached (pace time = 7.00, actual time = 8.44).	[MsgId: MWAR-15995]
Warning: Iteration pacing cannot be reached (pace time = 7.00, actual time = 9.35).	[MsgId: MWAR-15995]
Warning: Iteration pacing cannot be reached (pace time = 7.00, actual time = 10.55).	[MsgId: MWAR-15995]
Warning: Iteration pacing cannot be reached (pace time = 7.00, actual time = 7.65).	[MsgId: MWAR-15995]
Warning: Iteration pacing cannot be reached (pace time = 7.00, actual time = 9.29).	[MsgId: MWAR-15995]
Warning: Iteration pacing cannot be reached (pace time = 7.00, actual time = 11.09).	[MsgId: MWAR-15995]
Warning: Iteration pacing cannot be reached (pace time = 7.00, actual time = 10.05).	[MsgId: MWAR-15995]
Warning: Iteration pacing cannot be reached (pace time = 7.00, actual time = 7.08).	[MsgId: MWAR-15995]
Warning: Iteration pacing cannot be reached (pace time = 7.00, actual time = 9.56).	[MsgId: MWAR-15995]
Warning: Iteration pacing cannot be reached (pace time = 7.00, actual time = 7.66).	[MsgId: MWAR-15995]
Warning: Iteration pacing cannot be reached (pace time = 7.00, actual time = 8.12).	[MsgId: MWAR-15995]
Warning: Iteration pacing cannot be reached (pace time = 7.00, actual time = 7.64).	[MsgId: MWAR-15995]
Warning: Iteration pacing cannot be reached (pace time = 7.00, actual time = 7.89).	[MsgId: MWAR-15995]
Warning: Iteration pacing cannot be reached (pace time = 7.00, actual time = 9.99).	[MsgId: MWAR-15995]
Warning: Iteration pacing cannot be reached (pace time = 7.00, actual time = 8.96).	[MsgId: MWAR-15995]
Warning: Iteration pacing cannot be reached (pace time = 7.00, actual time = 10.09).	[MsgId: MWAR-15995]
Warning: Iteration pacing cannot be reached (pace time = 7.00, actual time = 10.68).	[MsgId: MWAR-15995]
Warning: Iteration pacing cannot be reached (pace time = 7.00, actual time = 7.21).	[MsgId: MWAR-15995]
Warning: Iteration pacing cannot be reached (pace time = 7.00, actual time = 9.07).	[MsgId: MWAR-15995]
Warning: Iteration pacing cannot be reached (pace time = 7.00, actual time = 8.22).	[MsgId: MWAR-15995]
Warning: Iteration pacing cannot be reached (pace time = 7.00, actual time = 9.90).	[MsgId: MWAR-15995]
Warning: Iteration pacing cannot be reached (pace time = 7.00, actual time = 7.31).	[MsgId: MWAR-15995]
Warning: Iteration pacing cannot be reached (pace time = 7.00, actual time = 8.74).	[MsgId: MWAR-15995]
Warning: Iteration pacing cannot be reached (pace time = 7.00, actual time = 13.43).	[MsgId: MWAR-15995]
Warning: Iteration pacing cannot be reached (pace time = 7.00, actual time = 7.41).	[MsgId: MWAR-15995]
Warning: Iteration pacing cannot be reached (pace time = 7.00, actual time = 7.25).	[MsgId: MWAR-15995]
Warning: Iteration pacing cannot be reached (pace time = 7.00, actual time = 9.24).	[MsgId: MWAR-15995]
Warning: Iteration pacing cannot be reached (pace time = 7.00, actual time = 8.54).	[MsgId: MWAR-15995]
Warning: Iteration pacing cannot be reached (pace time = 7.00, actual time = 8.31).	[MsgId: MWAR-15995]
Warning: Iteration pacing cannot be reached (pace time = 7.00, actual time = 9.75).	[MsgId: MWAR-15995]
Warning: Iteration pacing cannot be reached (pace time = 7.00, actual time = 7.91).	[MsgId: MWAR-15995]
Warning: Iteration pacing cannot be reached (pace time = 7.00, actual time = 7.66).	[MsgId: MWAR-15995]
Warning: Iteration pacing cannot be reached (pace time = 7.00, actual time = 7.10).	[MsgId: MWAR-15995]
Warning: Iteration pacing cannot be reached (pace time = 7.00, actual time = 11.65).	[MsgId: MWAR-15995]
Warning: Iteration pacing cannot be reached (pace time = 7.00, actual time = 7.33).	[MsgId: MWAR-15995]
Warning: Iteration pacing cannot be reached (pace time = 7.00, actual time = 10.44).	[MsgId: MWAR-15995]
Warning: Iteration pacing cannot be reached (pace time = 7.00, actual time = 9.26).	[MsgId: MWAR-15995]
Warning: Iteration pacing cannot be reached (pace time = 7.00, actual time = 14.61).	[MsgId: MWAR-15995]
Warning: Iteration pacing cannot be reached (pace time = 7.00, actual time = 11.27).	[MsgId: MWAR-15995]
Warning: Iteration pacing cannot be reached (pace time = 7.00, actual time = 11.09).	[MsgId: MWAR-15995]
Warning: Iteration pacing cannot be reached (pace time = 7.00, actual time = 7.26).	[MsgId: MWAR-15995]
Warning: Iteration pacing cannot be reached (pace time = 7.00, actual time = 9.45).	[MsgId: MWAR-15995]
Warning: Iteration pacing cannot be reached (pace time = 7.00, actual time = 10.45).	[MsgId: MWAR-15995]
Warning: Iteration pacing cannot be reached (pace time = 7.00, actual time = 12.36).	[MsgId: MWAR-15995]
Warning: Iteration pacing cannot be reached (pace time = 7.00, actual time = 11.33).	[MsgId: MWAR-15995]
Warning: Iteration pacing cannot be reached (pace time = 7.00, actual time = 7.44).	[MsgId: MWAR-15995]
Warning: Iteration pacing cannot be reached (pace time = 7.00, actual time = 8.20).	[MsgId: MWAR-15995]
Warning: Iteration pacing cannot be reached (pace time = 7.00, actual time = 7.45).	[MsgId: MWAR-15995]
Warning: Iteration pacing cannot be reached (pace time = 7.00, actual time = 8.27).	[MsgId: MWAR-15995]
Warning: Iteration pacing cannot be reached (pace time = 7.00, actual time = 15.36).	[MsgId: MWAR-15995]
Warning: Iteration pacing cannot be reached (pace time = 7.00, actual time = 7.84).	[MsgId: MWAR-15995]
Warning: Iteration pacing cannot be reached (pace time = 7.00, actual time = 7.65).	[MsgId: MWAR-15995]
Warning: Iteration pacing cannot be reached (pace time = 7.00, actual time = 7.52).	[MsgId: MWAR-15995]
Warning: Iteration pacing cannot be reached (pace time = 7.00, actual time = 7.50).	[MsgId: MWAR-15995]
Warning: Iteration pacing cannot be reached (pace time = 7.00, actual time = 7.29).	[MsgId: MWAR-15995]
Warning: Iteration pacing cannot be reached (pace time = 7.00, actual time = 14.00).	[MsgId: MWAR-15995]
Warning: Iteration pacing cannot be reached (pace time = 7.00, actual time = 10.00).	[MsgId: MWAR-15995]
Warning: Iteration pacing cannot be reached (pace time = 7.00, actual time = 11.39).	[MsgId: MWAR-15995]
Warning: Iteration pacing cannot be reached (pace time = 7.00, actual time = 11.23).	[MsgId: MWAR-15995]
Warning: Iteration pacing cannot be reached (pace time = 7.00, actual time = 9.42).	[MsgId: MWAR-15995]
Warning: Iteration pacing cannot be reached (pace time = 7.00, actual time = 15.55).	[MsgId: MWAR-15995]
Warning: Iteration pacing cannot be reached (pace time = 7.00, actual time = 9.45).	[MsgId: MWAR-15995]
Warning: Iteration pacing cannot be reached (pace time = 7.00, actual time = 9.48).	[MsgId: MWAR-15995]
Warning: Iteration pacing cannot be reached (pace time = 7.00, actual time = 9.47).	[MsgId: MWAR-15995]
Warning: Iteration pacing cannot be reached (pace time = 7.00, actual time = 9.55).	[MsgId: MWAR-15995]
Warning: Iteration pacing cannot be reached (pace time = 7.00, actual time = 8.72).	[MsgId: MWAR-15995]
Warning: Iteration pacing cannot be reached (pace time = 7.00, actual time = 10.38).	[MsgId: MWAR-15995]
Warning: Iteration pacing cannot be reached (pace time = 7.00, actual time = 12.19).	[MsgId: MWAR-15995]
Warning: Iteration pacing cannot be reached (pace time = 7.00, actual time = 8.30).	[MsgId: MWAR-15995]
Warning: Iteration pacing cannot be reached (pace time = 7.00, actual time = 11.81).	[MsgId: MWAR-15995]
Warning: Iteration pacing cannot be reached (pace time = 7.00, actual time = 8.03).	[MsgId: MWAR-15995]
Warning: Iteration pacing cannot be reached (pace time = 7.00, actual time = 7.16).	[MsgId: MWAR-15995]
Warning: Iteration pacing cannot be reached (pace time = 7.00, actual time = 7.53).	[MsgId: MWAR-15995]
Warning: Iteration pacing cannot be reached (pace time = 7.00, actual time = 10.85).	[MsgId: MWAR-15995]
Warning: Iteration pacing cannot be reached (pace time = 7.00, actual time = 9.58).	[MsgId: MWAR-15995]
HowToAggregations.c(8): Continuing after Error -26627: HTTP Status-Code=404 (Not Found) for "https://hx9ekpvvbi.execute-api.us-east-1.amazonaws.com/KaaS-ITG/v2/search?q=*&resultLimit=1&resultStart=0&languageCode=en&countryCode=162089707212699946554652&store=udp-content-default,docstore&product=22060470&contentTypes=How To,Setup and Install,Compatibility,Recycle,FAQ,Repair or Replace&aggregations=producttopics"  	[MsgId: MERR-26627]
Warning: Iteration pacing cannot be reached (pace time = 7.00, actual time = 10.51).	[MsgId: MWAR-15995]
Warning: Iteration pacing cannot be reached (pace time = 7.00, actual time = 13.92).	[MsgId: MWAR-15995]
ProductInfoAggregation.c(8): Continuing after Error -26627: HTTP Status-Code=404 (Not Found) for "https://hx9ekpvvbi.execute-api.us-east-1.amazonaws.com/KaaS-ITG/v2/search?q=*&resultLimit=1&resultStart=0&languageCode=en&countryCode=162089707212699946554652&store=udp-content-default,docstore&product=22060470&contentTypes=How To,Product Specifications,Compatibility,Recycle,Parts,Warranty or Legal Statement,Safety and Regulatory,Product Change Notification,FAQ&aggregations=producttopics"  	[MsgId: MERR-26627]
Warning: Iteration pacing cannot be reached (pace time = 7.00, actual time = 8.28).	[MsgId: MWAR-15995]
Warning: Iteration pacing cannot be reached (pace time = 7.00, actual time = 8.69).	[MsgId: MWAR-15995]
Warning: Iteration pacing cannot be reached (pace time = 7.00, actual time = 11.32).	[MsgId: MWAR-15995]
Warning: Iteration pacing cannot be reached (pace time = 7.00, actual time = 10.98).	[MsgId: MWAR-15995]
Warning: Iteration pacing cannot be reached (pace time = 7.00, actual time = 14.58).	[MsgId: MWAR-15995]
Warning: Iteration pacing cannot be reached (pace time = 7.00, actual time = 11.22).	[MsgId: MWAR-15995]
HowToAggregations.c(8): Continuing after Error -26627: HTTP Status-Code=404 (Not Found) for "https://hx9ekpvvbi.execute-api.us-east-1.amazonaws.com/KaaS-ITG/v2/search?q=*&resultLimit=1&resultStart=0&languageCode=en&countryCode=162089707212699946554652&store=udp-content-default,docstore&product=22060470&contentTypes=How To,Setup and Install,Compatibility,Recycle,FAQ,Repair or Replace&aggregations=producttopics"  	[MsgId: MERR-26627]
HowToAggregations.c(8): Continuing after Error -26627: HTTP Status-Code=404 (Not Found) for "https://hx9ekpvvbi.execute-api.us-east-1.amazonaws.com/KaaS-ITG/v2/search?q=*&resultLimit=1&resultStart=0&languageCode=en&countryCode=162089707212699946554652&store=udp-content-default,docstore&product=22060470&contentTypes=How To,Setup and Install,Compatibility,Recycle,FAQ,Repair or Replace&aggregations=producttopics"  	[MsgId: MERR-26627]
TroubleshootingAggregationQuery.c(8): Continuing after Error -26627: HTTP Status-Code=404 (Not Found) for "https://hx9ekpvvbi.execute-api.us-east-1.amazonaws.com/KaaS-ITG/v2/search?q=*&resultLimit=1&resultStart=0&languageCode=en&countryCode=162089707212699946554652&store=udp-content-default,docstore&product=22060470&contentTypes=How To,Product Specifications,Compatibility,Recycle,Parts,Warranty or Legal Statement,Safety and Regulatory,Product Change Notification,FAQ&aggregations=producttopics"  	[MsgId: MERR-26627]
Warning: Iteration pacing cannot be reached (pace time = 7.00, actual time = 9.44).	[MsgId: MWAR-15995]
Warning: Iteration pacing cannot be reached (pace time = 7.00, actual time = 10.18).	[MsgId: MWAR-15995]
Warning: Iteration pacing cannot be reached (pace time = 7.00, actual time = 7.15).	[MsgId: MWAR-15995]
TroubleshootingAggregationQuery.c(8): Continuing after Error -26627: HTTP Status-Code=404 (Not Found) for "https://hx9ekpvvbi.execute-api.us-east-1.amazonaws.com/KaaS-ITG/v2/search?q=*&resultLimit=1&resultStart=0&languageCode=en&countryCode=162089707212699946554652&store=udp-content-default,docstore&product=22060470&contentTypes=How To,Product Specifications,Compatibility,Recycle,Parts,Warranty or Legal Statement,Safety and Regulatory,Product Change Notification,FAQ&aggregations=producttopics"  	[MsgId: MERR-26627]
Warning: Iteration pacing cannot be reached (pace time = 7.00, actual time = 12.13).	[MsgId: MWAR-15995]
Warning: Iteration pacing cannot be reached (pace time = 7.00, actual time = 7.65).	[MsgId: MWAR-15995]
OtherTabAggregation.c(8): Continuing after Error -26627: HTTP Status-Code=404 (Not Found) for "https://hx9ekpvvbi.execute-api.us-east-1.amazonaws.com/KaaS-ITG/v2/search?q=*&resultLimit=1&resultStart=0&languageCode=en&countryCode=162089707212699946554652&store=udp-content-default,docstore,sdlmanualstore,manualstore&product=22060470&aggregations=esmanuals,documenttype"  	[MsgId: MERR-26627]
Warning: Iteration pacing cannot be reached (pace time = 7.00, actual time = 14.97).	[MsgId: MWAR-15995]
TroubleshootingAggregationQuery.c(8): Continuing after Error -26627: HTTP Status-Code=404 (Not Found) for "https://hx9ekpvvbi.execute-api.us-east-1.amazonaws.com/KaaS-ITG/v2/search?q=*&resultLimit=1&resultStart=0&languageCode=en&countryCode=162089707212699946554652&store=udp-content-default,docstore&product=22060470&contentTypes=How To,Product Specifications,Compatibility,Recycle,Parts,Warranty or Legal Statement,Safety and Regulatory,Product Change Notification,FAQ&aggregations=producttopics"  	[MsgId: MERR-26627]
Warning: Iteration pacing cannot be reached (pace time = 7.00, actual time = 8.21).	[MsgId: MWAR-15995]
ProductInfoAggregation.c(8): Continuing after Error -26627: HTTP Status-Code=404 (Not Found) for "https://hx9ekpvvbi.execute-api.us-east-1.amazonaws.com/KaaS-ITG/v2/search?q=*&resultLimit=1&resultStart=0&languageCode=en&countryCode=162089707212699946554652&store=udp-content-default,docstore&product=22060470&contentTypes=How To,Product Specifications,Compatibility,Recycle,Parts,Warranty or Legal Statement,Safety and Regulatory,Product Change Notification,FAQ&aggregations=producttopics"  	[MsgId: MERR-26627]
Warning: Iteration pacing cannot be reached (pace time = 7.00, actual time = 7.86).	[MsgId: MWAR-15995]
Warning: Iteration pacing cannot be reached (pace time = 7.00, actual time = 7.43).	[MsgId: MWAR-15995]
Warning: Iteration pacing cannot be reached (pace time = 7.00, actual time = 7.60).	[MsgId: MWAR-15995]
Warning: Iteration pacing cannot be reached (pace time = 7.00, actual time = 7.26).	[MsgId: MWAR-15995]
Warning: Iteration pacing cannot be reached (pace time = 7.00, actual time = 7.48).	[MsgId: MWAR-15995]
Warning: Iteration pacing cannot be reached (pace time = 7.00, actual time = 8.38).	[MsgId: MWAR-15995]
Warning: Iteration pacing cannot be reached (pace time = 7.00, actual time = 7.01).	[MsgId: MWAR-15995]
Warning: Iteration pacing cannot be reached (pace time = 7.00, actual time = 9.53).	[MsgId: MWAR-15995]
Warning: Iteration pacing cannot be reached (pace time = 7.00, actual time = 9.60).	[MsgId: MWAR-15995]
Warning: Iteration pacing cannot be reached (pace time = 7.00, actual time = 10.72).	[MsgId: MWAR-15995]
Warning: Iteration pacing cannot be reached (pace time = 7.00, actual time = 8.27).	[MsgId: MWAR-15995]
Warning: Iteration pacing cannot be reached (pace time = 7.00, actual time = 7.16).	[MsgId: MWAR-15995]
Warning: Iteration pacing cannot be reached (pace time = 7.00, actual time = 7.93).	[MsgId: MWAR-15995]
Warning: Iteration pacing cannot be reached (pace time = 7.00, actual time = 8.32).	[MsgId: MWAR-15995]
Warning: Iteration pacing cannot be reached (pace time = 7.00, actual time = 7.32).	[MsgId: MWAR-15995]
Warning: Iteration pacing cannot be reached (pace time = 7.00, actual time = 7.74).	[MsgId: MWAR-15995]
Warning: Iteration pacing cannot be reached (pace time = 7.00, actual time = 7.71).	[MsgId: MWAR-15995]
Warning: Iteration pacing cannot be reached (pace time = 7.00, actual time = 11.44).	[MsgId: MWAR-15995]
Warning: Iteration pacing cannot be reached (pace time = 7.00, actual time = 9.04).	[MsgId: MWAR-15995]
Warning: Iteration pacing cannot be reached (pace time = 7.00, actual time = 7.56).	[MsgId: MWAR-15995]
Warning: Iteration pacing cannot be reached (pace time = 7.00, actual time = 8.82).	[MsgId: MWAR-15995]
Warning: Iteration pacing cannot be reached (pace time = 7.00, actual time = 8.04).	[MsgId: MWAR-15995]
Warning: Iteration pacing cannot be reached (pace time = 7.00, actual time = 8.73).	[MsgId: MWAR-15995]
Warning: Iteration pacing cannot be reached (pace time = 7.00, actual time = 9.18).	[MsgId: MWAR-15995]
Warning: Iteration pacing cannot be reached (pace time = 7.00, actual time = 12.88).	[MsgId: MWAR-15995]
Warning: Iteration pacing cannot be reached (pace time = 7.00, actual time = 10.51).	[MsgId: MWAR-15995]
Warning: Iteration pacing cannot be reached (pace time = 7.00, actual time = 10.44).	[MsgId: MWAR-15995]
Warning: Iteration pacing cannot be reached (pace time = 7.00, actual time = 10.74).	[MsgId: MWAR-15995]
Warning: Iteration pacing cannot be reached (pace time = 7.00, actual time = 10.76).	[MsgId: MWAR-15995]
Warning: Iteration pacing cannot be reached (pace time = 7.00, actual time = 8.56).	[MsgId: MWAR-15995]
Warning: Iteration pacing cannot be reached (pace time = 7.00, actual time = 17.02).	[MsgId: MWAR-15995]
Warning: Iteration pacing cannot be reached (pace time = 7.00, actual time = 8.31).	[MsgId: MWAR-15995]
Warning: Iteration pacing cannot be reached (pace time = 7.00, actual time = 16.16).	[MsgId: MWAR-15995]
Warning: Iteration pacing cannot be reached (pace time = 7.00, actual time = 11.75).	[MsgId: MWAR-15995]
Warning: Iteration pacing cannot be reached (pace time = 7.00, actual time = 12.97).	[MsgId: MWAR-15995]
Warning: Iteration pacing cannot be reached (pace time = 7.00, actual time = 8.44).	[MsgId: MWAR-15995]
Warning: Iteration pacing cannot be reached (pace time = 7.00, actual time = 15.30).	[MsgId: MWAR-15995]
Warning: Iteration pacing cannot be reached (pace time = 7.00, actual time = 11.65).	[MsgId: MWAR-15995]
Warning: Iteration pacing cannot be reached (pace time = 7.00, actual time = 9.81).	[MsgId: MWAR-15995]
Warning: Iteration pacing cannot be reached (pace time = 7.00, actual time = 8.82).	[MsgId: MWAR-15995]
Warning: Iteration pacing cannot be reached (pace time = 7.00, actual time = 12.68).	[MsgId: MWAR-15995]
Warning: Iteration pacing cannot be reached (pace time = 7.00, actual time = 11.28).	[MsgId: MWAR-15995]
Warning: Iteration pacing cannot be reached (pace time = 7.00, actual time = 12.28).	[MsgId: MWAR-15995]
Warning: Iteration pacing cannot be reached (pace time = 7.00, actual time = 11.20).	[MsgId: MWAR-15995]
Warning: Iteration pacing cannot be reached (pace time = 7.00, actual time = 12.44).	[MsgId: MWAR-15995]
Warning: Iteration pacing cannot be reached (pace time = 7.00, actual time = 15.30).	[MsgId: MWAR-15995]
Warning: Iteration pacing cannot be reached (pace time = 7.00, actual time = 10.14).	[MsgId: MWAR-15995]
Warning: Iteration pacing cannot be reached (pace time = 7.00, actual time = 8.40).	[MsgId: MWAR-15995]
Warning: Iteration pacing cannot be reached (pace time = 7.00, actual time = 12.23).	[MsgId: MWAR-15995]
Warning: Iteration pacing cannot be reached (pace time = 7.00, actual time = 12.35).	[MsgId: MWAR-15995]
Warning: Iteration pacing cannot be reached (pace time = 7.00, actual time = 10.17).	[MsgId: MWAR-15995]
Warning: Iteration pacing cannot be reached (pace time = 7.00, actual time = 14.05).	[MsgId: MWAR-15995]
Warning: Iteration pacing cannot be reached (pace time = 7.00, actual time = 16.98).	[MsgId: MWAR-15995]
Warning: Iteration pacing cannot be reached (pace time = 7.00, actual time = 9.75).	[MsgId: MWAR-15995]
Warning: Iteration pacing cannot be reached (pace time = 7.00, actual time = 10.69).	[MsgId: MWAR-15995]
Warning: Iteration pacing cannot be reached (pace time = 7.00, actual time = 9.19).	[MsgId: MWAR-15995]
Warning: Iteration pacing cannot be reached (pace time = 7.00, actual time = 13.88).	[MsgId: MWAR-15995]
Warning: Iteration pacing cannot be reached (pace time = 7.00, actual time = 10.44).	[MsgId: MWAR-15995]
Warning: Iteration pacing cannot be reached (pace time = 7.00, actual time = 13.83).	[MsgId: MWAR-15995]
Warning: Iteration pacing cannot be reached (pace time = 7.00, actual time = 10.92).	[MsgId: MWAR-15995]
Warning: Iteration pacing cannot be reached (pace time = 7.00, actual time = 9.61).	[MsgId: MWAR-15995]
Warning: Iteration pacing cannot be reached (pace time = 7.00, actual time = 11.85).	[MsgId: MWAR-15995]
Warning: Iteration pacing cannot be reached (pace time = 7.00, actual time = 8.03).	[MsgId: MWAR-15995]
Warning: Iteration pacing cannot be reached (pace time = 7.00, actual time = 12.18).	[MsgId: MWAR-15995]
Warning: Iteration pacing cannot be reached (pace time = 7.00, actual time = 7.76).	[MsgId: MWAR-15995]
Warning: Iteration pacing cannot be reached (pace time = 7.00, actual time = 17.25).	[MsgId: MWAR-15995]
Warning: Iteration pacing cannot be reached (pace time = 7.00, actual time = 12.08).	[MsgId: MWAR-15995]
Warning: Iteration pacing cannot be reached (pace time = 7.00, actual time = 14.41).	[MsgId: MWAR-15995]
Warning: Iteration pacing cannot be reached (pace time = 7.00, actual time = 8.53).	[MsgId: MWAR-15995]
Warning: Iteration pacing cannot be reached (pace time = 7.00, actual time = 11.41).	[MsgId: MWAR-15995]
Warning: Iteration pacing cannot be reached (pace time = 7.00, actual time = 12.95).	[MsgId: MWAR-15995]
Warning: Iteration pacing cannot be reached (pace time = 7.00, actual time = 7.83).	[MsgId: MWAR-15995]
Warning: Iteration pacing cannot be reached (pace time = 7.00, actual time = 9.78).	[MsgId: MWAR-15995]
Warning: Iteration pacing cannot be reached (pace time = 7.00, actual time = 13.44).	[MsgId: MWAR-15995]
Warning: Iteration pacing cannot be reached (pace time = 7.00, actual time = 17.50).	[MsgId: MWAR-15995]
Warning: Iteration pacing cannot be reached (pace time = 7.00, actual time = 11.80).	[MsgId: MWAR-15995]
Warning: Iteration pacing cannot be reached (pace time = 7.00, actual time = 10.61).	[MsgId: MWAR-15995]
Warning: Iteration pacing cannot be reached (pace time = 7.00, actual time = 14.59).	[MsgId: MWAR-15995]
Warning: Iteration pacing cannot be reached (pace time = 7.00, actual time = 20.49).	[MsgId: MWAR-15995]
Warning: Iteration pacing cannot be reached (pace time = 7.00, actual time = 11.34).	[MsgId: MWAR-15995]
Warning: Iteration pacing cannot be reached (pace time = 7.00, actual time = 18.04).	[MsgId: MWAR-15995]
Warning: Iteration pacing cannot be reached (pace time = 7.00, actual time = 11.82).	[MsgId: MWAR-15995]
Warning: Iteration pacing cannot be reached (pace time = 7.00, actual time = 11.62).	[MsgId: MWAR-15995]
Warning: Iteration pacing cannot be reached (pace time = 7.00, actual time = 12.92).	[MsgId: MWAR-15995]
Warning: Iteration pacing cannot be reached (pace time = 7.00, actual time = 8.37).	[MsgId: MWAR-15995]
Warning: Iteration pacing cannot be reached (pace time = 7.00, actual time = 8.55).	[MsgId: MWAR-15995]
Warning: Iteration pacing cannot be reached (pace time = 7.00, actual time = 7.01).	[MsgId: MWAR-15995]
Warning: Iteration pacing cannot be reached (pace time = 7.00, actual time = 7.66).	[MsgId: MWAR-15995]
HowToAggregations.c(8): Continuing after Error -26627: HTTP Status-Code=404 (Not Found) for "https://hx9ekpvvbi.execute-api.us-east-1.amazonaws.com/KaaS-ITG/v2/search?q=*&resultLimit=1&resultStart=0&languageCode=en&countryCode=162089707212699946554652&store=udp-content-default,docstore&product=22060470&contentTypes=How To,Setup and Install,Compatibility,Recycle,FAQ,Repair or Replace&aggregations=producttopics"  	[MsgId: MERR-26627]
Warning: Iteration pacing cannot be reached (pace time = 7.00, actual time = 10.86).	[MsgId: MWAR-15995]
Warning: Iteration pacing cannot be reached (pace time = 7.00, actual time = 7.07).	[MsgId: MWAR-15995]
ProductInfoAggregation.c(8): Continuing after Error -26627: HTTP Status-Code=404 (Not Found) for "https://hx9ekpvvbi.execute-api.us-east-1.amazonaws.com/KaaS-ITG/v2/search?q=*&resultLimit=1&resultStart=0&languageCode=en&countryCode=162089707212699946554652&store=udp-content-default,docstore&product=22060470&contentTypes=How To,Product Specifications,Compatibility,Recycle,Parts,Warranty or Legal Statement,Safety and Regulatory,Product Change Notification,FAQ&aggregations=producttopics"  	[MsgId: MERR-26627]
HowToAggregations.c(8): Continuing after Error -26627: HTTP Status-Code=404 (Not Found) for "https://hx9ekpvvbi.execute-api.us-east-1.amazonaws.com/KaaS-ITG/v2/search?q=*&resultLimit=1&resultStart=0&languageCode=en&countryCode=162089707212699946554652&store=udp-content-default,docstore&product=22060470&contentTypes=How To,Setup and Install,Compatibility,Recycle,FAQ,Repair or Replace&aggregations=producttopics"  	[MsgId: MERR-26627]
Warning: Iteration pacing cannot be reached (pace time = 7.00, actual time = 10.62).	[MsgId: MWAR-15995]
Warning: Iteration pacing cannot be reached (pace time = 7.00, actual time = 8.64).	[MsgId: MWAR-15995]
Warning: Iteration pacing cannot be reached (pace time = 7.00, actual time = 7.72).	[MsgId: MWAR-15995]
Warning: Iteration pacing cannot be reached (pace time = 7.00, actual time = 14.34).	[MsgId: MWAR-15995]
Warning: Iteration pacing cannot be reached (pace time = 7.00, actual time = 9.49).	[MsgId: MWAR-15995]
Warning: Iteration pacing cannot be reached (pace time = 7.00, actual time = 7.49).	[MsgId: MWAR-15995]
Warning: Iteration pacing cannot be reached (pace time = 7.00, actual time = 11.54).	[MsgId: MWAR-15995]
Warning: Iteration pacing cannot be reached (pace time = 7.00, actual time = 8.12).	[MsgId: MWAR-15995]
Warning: Iteration pacing cannot be reached (pace time = 7.00, actual time = 9.16).	[MsgId: MWAR-15995]
HowToAggregations.c(8): Continuing after Error -26627: HTTP Status-Code=404 (Not Found) for "https://hx9ekpvvbi.execute-api.us-east-1.amazonaws.com/KaaS-ITG/v2/search?q=*&resultLimit=1&resultStart=0&languageCode=en&countryCode=162089707212699946554652&store=udp-content-default,docstore&product=22060470&contentTypes=How To,Setup and Install,Compatibility,Recycle,FAQ,Repair or Replace&aggregations=producttopics"  	[MsgId: MERR-26627]
ProductInfoAggregation.c(8): Continuing after Error -26627: HTTP Status-Code=404 (Not Found) for "https://hx9ekpvvbi.execute-api.us-east-1.amazonaws.com/KaaS-ITG/v2/search?q=*&resultLimit=1&resultStart=0&languageCode=en&countryCode=162089707212699946554652&store=udp-content-default,docstore&product=22060470&contentTypes=How To,Product Specifications,Compatibility,Recycle,Parts,Warranty or Legal Statement,Safety and Regulatory,Product Change Notification,FAQ&aggregations=producttopics"  	[MsgId: MERR-26627]
Warning: Iteration pacing cannot be reached (pace time = 7.00, actual time = 7.31).	[MsgId: MWAR-15995]
HowToAggregations.c(8): Continuing after Error -26627: HTTP Status-Code=404 (Not Found) for "https://hx9ekpvvbi.execute-api.us-east-1.amazonaws.com/KaaS-ITG/v2/search?q=*&resultLimit=1&resultStart=0&languageCode=en&countryCode=162089707212699946554652&store=udp-content-default,docstore&product=22060470&contentTypes=How To,Setup and Install,Compatibility,Recycle,FAQ,Repair or Replace&aggregations=producttopics"  	[MsgId: MERR-26627]
OtherTabAggregation.c(8): Continuing after Error -26627: HTTP Status-Code=404 (Not Found) for "https://hx9ekpvvbi.execute-api.us-east-1.amazonaws.com/KaaS-ITG/v2/search?q=*&resultLimit=1&resultStart=0&languageCode=en&countryCode=162089707212699946554652&store=udp-content-default,docstore,sdlmanualstore,manualstore&product=22060470&aggregations=esmanuals,documenttype"  	[MsgId: MERR-26627]
Warning: Iteration pacing cannot be reached (pace time = 7.00, actual time = 7.29).	[MsgId: MWAR-15995]
HowToAggregations.c(8): Continuing after Error -26627: HTTP Status-Code=404 (Not Found) for "https://hx9ekpvvbi.execute-api.us-east-1.amazonaws.com/KaaS-ITG/v2/search?q=*&resultLimit=1&resultStart=0&languageCode=en&countryCode=162089707212699946554652&store=udp-content-default,docstore&product=22060470&contentTypes=How To,Setup and Install,Compatibility,Recycle,FAQ,Repair or Replace&aggregations=producttopics"  	[MsgId: MERR-26627]
HowToAggregations.c(8): Continuing after Error -26627: HTTP Status-Code=404 (Not Found) for "https://hx9ekpvvbi.execute-api.us-east-1.amazonaws.com/KaaS-ITG/v2/search?q=*&resultLimit=1&resultStart=0&languageCode=en&countryCode=162089707212699946554652&store=udp-content-default,docstore&product=22060470&contentTypes=How To,Setup and Install,Compatibility,Recycle,FAQ,Repair or Replace&aggregations=producttopics"  	[MsgId: MERR-26627]
ProductInfoAggregation.c(8): Continuing after Error -26627: HTTP Status-Code=404 (Not Found) for "https://hx9ekpvvbi.execute-api.us-east-1.amazonaws.com/KaaS-ITG/v2/search?q=*&resultLimit=1&resultStart=0&languageCode=en&countryCode=162089707212699946554652&store=udp-content-default,docstore&product=22060470&contentTypes=How To,Product Specifications,Compatibility,Recycle,Parts,Warranty or Legal Statement,Safety and Regulatory,Product Change Notification,FAQ&aggregations=producttopics"  	[MsgId: MERR-26627]
HowToAggregations.c(8): Continuing after Error -26627: HTTP Status-Code=404 (Not Found) for "https://hx9ekpvvbi.execute-api.us-east-1.amazonaws.com/KaaS-ITG/v2/search?q=*&resultLimit=1&resultStart=0&languageCode=en&countryCode=162089707212699946554652&store=udp-content-default,docstore&product=22060470&contentTypes=How To,Setup and Install,Compatibility,Recycle,FAQ,Repair or Replace&aggregations=producttopics"  	[MsgId: MERR-26627]
HowToAggregations.c(8): Continuing after Error -26627: HTTP Status-Code=404 (Not Found) for "https://hx9ekpvvbi.execute-api.us-east-1.amazonaws.com/KaaS-ITG/v2/search?q=*&resultLimit=1&resultStart=0&languageCode=en&countryCode=162089707212699946554652&store=udp-content-default,docstore&product=22060470&contentTypes=How To,Setup and Install,Compatibility,Recycle,FAQ,Repair or Replace&aggregations=producttopics"  	[MsgId: MERR-26627]
Warning: Iteration pacing cannot be reached (pace time = 7.00, actual time = 18.57).	[MsgId: MWAR-15995]
Warning: Iteration pacing cannot be reached (pace time = 7.00, actual time = 23.34).	[MsgId: MWAR-15995]
Warning: Iteration pacing cannot be reached (pace time = 7.00, actual time = 23.42).	[MsgId: MWAR-15995]
Warning: Iteration pacing cannot be reached (pace time = 7.00, actual time = 18.69).	[MsgId: MWAR-15995]
Warning: Iteration pacing cannot be reached (pace time = 7.00, actual time = 18.23).	[MsgId: MWAR-15995]
Warning: Iteration pacing cannot be reached (pace time = 7.00, actual time = 19.97).	[MsgId: MWAR-15995]
Warning: Iteration pacing cannot be reached (pace time = 7.00, actual time = 19.48).	[MsgId: MWAR-15995]
Warning: Iteration pacing cannot be reached (pace time = 7.00, actual time = 20.28).	[MsgId: MWAR-15995]
Warning: Iteration pacing cannot be reached (pace time = 7.00, actual time = 22.43).	[MsgId: MWAR-15995]
Warning: Iteration pacing cannot be reached (pace time = 7.00, actual time = 21.60).	[MsgId: MWAR-15995]
Warning: Iteration pacing cannot be reached (pace time = 7.00, actual time = 15.13).	[MsgId: MWAR-15995]
Warning: Iteration pacing cannot be reached (pace time = 7.00, actual time = 23.10).	[MsgId: MWAR-15995]
Warning: Iteration pacing cannot be reached (pace time = 7.00, actual time = 19.20).	[MsgId: MWAR-15995]
Warning: Iteration pacing cannot be reached (pace time = 7.00, actual time = 26.43).	[MsgId: MWAR-15995]
Warning: Iteration pacing cannot be reached (pace time = 7.00, actual time = 8.31).	[MsgId: MWAR-15995]
Warning: Iteration pacing cannot be reached (pace time = 7.00, actual time = 8.68).	[MsgId: MWAR-15995]
Warning: Iteration pacing cannot be reached (pace time = 7.00, actual time = 7.47).	[MsgId: MWAR-15995]
Warning: Iteration pacing cannot be reached (pace time = 7.00, actual time = 10.01).	[MsgId: MWAR-15995]
Warning: Iteration pacing cannot be reached (pace time = 7.00, actual time = 10.25).	[MsgId: MWAR-15995]
Warning: Iteration pacing cannot be reached (pace time = 7.00, actual time = 8.70).	[MsgId: MWAR-15995]
Warning: Iteration pacing cannot be reached (pace time = 7.00, actual time = 7.36).	[MsgId: MWAR-15995]
Warning: Iteration pacing cannot be reached (pace time = 7.00, actual time = 9.68).	[MsgId: MWAR-15995]
Warning: Iteration pacing cannot be reached (pace time = 7.00, actual time = 11.28).	[MsgId: MWAR-15995]
Warning: Iteration pacing cannot be reached (pace time = 7.00, actual time = 12.77).	[MsgId: MWAR-15995]
Warning: Iteration pacing cannot be reached (pace time = 7.00, actual time = 7.37).	[MsgId: MWAR-15995]
Warning: Iteration pacing cannot be reached (pace time = 7.00, actual time = 8.28).	[MsgId: MWAR-15995]
Warning: Iteration pacing cannot be reached (pace time = 7.00, actual time = 10.25).	[MsgId: MWAR-15995]
Warning: Iteration pacing cannot be reached (pace time = 7.00, actual time = 10.88).	[MsgId: MWAR-15995]
Warning: Iteration pacing cannot be reached (pace time = 7.00, actual time = 7.59).	[MsgId: MWAR-15995]
Warning: Iteration pacing cannot be reached (pace time = 7.00, actual time = 12.22).	[MsgId: MWAR-15995]
Warning: Iteration pacing cannot be reached (pace time = 7.00, actual time = 10.74).	[MsgId: MWAR-15995]
Warning: Iteration pacing cannot be reached (pace time = 7.00, actual time = 10.39).	[MsgId: MWAR-15995]
Warning: Iteration pacing cannot be reached (pace time = 7.00, actual time = 7.64).	[MsgId: MWAR-15995]
Warning: Iteration pacing cannot be reached (pace time = 7.00, actual time = 10.81).	[MsgId: MWAR-15995]
Warning: Iteration pacing cannot be reached (pace time = 7.00, actual time = 10.19).	[MsgId: MWAR-15995]
Warning: Iteration pacing cannot be reached (pace time = 7.00, actual time = 10.78).	[MsgId: MWAR-15995]
Warning: Iteration pacing cannot be reached (pace time = 7.00, actual time = 9.32).	[MsgId: MWAR-15995]
Warning: Iteration pacing cannot be reached (pace time = 7.00, actual time = 11.03).	[MsgId: MWAR-15995]
Warning: Iteration pacing cannot be reached (pace time = 7.00, actual time = 12.79).	[MsgId: MWAR-15995]
Warning: Iteration pacing cannot be reached (pace time = 7.00, actual time = 7.05).	[MsgId: MWAR-15995]
Warning: Iteration pacing cannot be reached (pace time = 7.00, actual time = 7.30).	[MsgId: MWAR-15995]
Warning: Iteration pacing cannot be reached (pace time = 7.00, actual time = 10.53).	[MsgId: MWAR-15995]
Warning: Iteration pacing cannot be reached (pace time = 7.00, actual time = 10.10).	[MsgId: MWAR-15995]
Warning: Iteration pacing cannot be reached (pace time = 7.00, actual time = 9.14).	[MsgId: MWAR-15995]
Warning: Iteration pacing cannot be reached (pace time = 7.00, actual time = 10.77).	[MsgId: MWAR-15995]
Warning: Iteration pacing cannot be reached (pace time = 7.00, actual time = 8.27).	[MsgId: MWAR-15995]
Warning: Iteration pacing cannot be reached (pace time = 7.00, actual time = 8.92).	[MsgId: MWAR-15995]
Warning: Iteration pacing cannot be reached (pace time = 7.00, actual time = 11.15).	[MsgId: MWAR-15995]
Warning: Iteration pacing cannot be reached (pace time = 7.00, actual time = 7.59).	[MsgId: MWAR-15995]
Warning: Iteration pacing cannot be reached (pace time = 7.00, actual time = 7.64).	[MsgId: MWAR-15995]
Warning: Iteration pacing cannot be reached (pace time = 7.00, actual time = 10.13).	[MsgId: MWAR-15995]
Warning: Iteration pacing cannot be reached (pace time = 7.00, actual time = 13.18).	[MsgId: MWAR-15995]
Warning: Iteration pacing cannot be reached (pace time = 7.00, actual time = 12.08).	[MsgId: MWAR-15995]
Warning: Iteration pacing cannot be reached (pace time = 7.00, actual time = 11.34).	[MsgId: MWAR-15995]
Warning: Iteration pacing cannot be reached (pace time = 7.00, actual time = 9.09).	[MsgId: MWAR-15995]
Warning: Iteration pacing cannot be reached (pace time = 7.00, actual time = 11.64).	[MsgId: MWAR-15995]
Warning: Iteration pacing cannot be reached (pace time = 7.00, actual time = 7.53).	[MsgId: MWAR-15995]
Warning: Iteration pacing cannot be reached (pace time = 7.00, actual time = 15.59).	[MsgId: MWAR-15995]
Warning: Iteration pacing cannot be reached (pace time = 7.00, actual time = 12.18).	[MsgId: MWAR-15995]
Warning: Iteration pacing cannot be reached (pace time = 7.00, actual time = 7.49).	[MsgId: MWAR-15995]
Warning: Iteration pacing cannot be reached (pace time = 7.00, actual time = 8.59).	[MsgId: MWAR-15995]
Warning: Iteration pacing cannot be reached (pace time = 7.00, actual time = 15.18).	[MsgId: MWAR-15995]
Warning: Iteration pacing cannot be reached (pace time = 7.00, actual time = 9.10).	[MsgId: MWAR-15995]
Warning: Iteration pacing cannot be reached (pace time = 7.00, actual time = 17.79).	[MsgId: MWAR-15995]
Warning: Iteration pacing cannot be reached (pace time = 7.00, actual time = 8.49).	[MsgId: MWAR-15995]
Warning: Iteration pacing cannot be reached (pace time = 7.00, actual time = 8.40).	[MsgId: MWAR-15995]
Warning: Iteration pacing cannot be reached (pace time = 7.00, actual time = 8.73).	[MsgId: MWAR-15995]
Warning: Iteration pacing cannot be reached (pace time = 7.00, actual time = 9.40).	[MsgId: MWAR-15995]
Warning: Iteration pacing cannot be reached (pace time = 7.00, actual time = 10.87).	[MsgId: MWAR-15995]
Warning: Iteration pacing cannot be reached (pace time = 7.00, actual time = 10.98).	[MsgId: MWAR-15995]
Warning: Iteration pacing cannot be reached (pace time = 7.00, actual time = 11.33).	[MsgId: MWAR-15995]
Warning: Iteration pacing cannot be reached (pace time = 7.00, actual time = 7.21).	[MsgId: MWAR-15995]
Warning: Iteration pacing cannot be reached (pace time = 7.00, actual time = 15.20).	[MsgId: MWAR-15995]
Warning: Iteration pacing cannot be reached (pace time = 7.00, actual time = 8.45).	[MsgId: MWAR-15995]
Warning: Iteration pacing cannot be reached (pace time = 7.00, actual time = 12.50).	[MsgId: MWAR-15995]
Warning: Iteration pacing cannot be reached (pace time = 7.00, actual time = 12.92).	[MsgId: MWAR-15995]
Warning: Iteration pacing cannot be reached (pace time = 7.00, actual time = 10.31).	[MsgId: MWAR-15995]
Warning: Iteration pacing cannot be reached (pace time = 7.00, actual time = 7.04).	[MsgId: MWAR-15995]
Warning: Iteration pacing cannot be reached (pace time = 7.00, actual time = 11.83).	[MsgId: MWAR-15995]
Warning: Iteration pacing cannot be reached (pace time = 7.00, actual time = 8.19).	[MsgId: MWAR-15995]
Warning: Iteration pacing cannot be reached (pace time = 7.00, actual time = 7.97).	[MsgId: MWAR-15995]
Warning: Iteration pacing cannot be reached (pace time = 7.00, actual time = 7.97).	[MsgId: MWAR-15995]
Warning: Iteration pacing cannot be reached (pace time = 7.00, actual time = 7.28).	[MsgId: MWAR-15995]
Warning: Iteration pacing cannot be reached (pace time = 7.00, actual time = 10.28).	[MsgId: MWAR-15995]
Warning: Iteration pacing cannot be reached (pace time = 7.00, actual time = 9.68).	[MsgId: MWAR-15995]
Warning: Iteration pacing cannot be reached (pace time = 7.00, actual time = 8.16).	[MsgId: MWAR-15995]
Warning: Iteration pacing cannot be reached (pace time = 7.00, actual time = 9.72).	[MsgId: MWAR-15995]
Warning: Iteration pacing cannot be reached (pace time = 7.00, actual time = 8.83).	[MsgId: MWAR-15995]
Warning: Iteration pacing cannot be reached (pace time = 7.00, actual time = 13.20).	[MsgId: MWAR-15995]
Warning: Iteration pacing cannot be reached (pace time = 7.00, actual time = 8.40).	[MsgId: MWAR-15995]
Warning: Iteration pacing cannot be reached (pace time = 7.00, actual time = 7.84).	[MsgId: MWAR-15995]
Warning: Iteration pacing cannot be reached (pace time = 7.00, actual time = 9.81).	[MsgId: MWAR-15995]
Warning: Iteration pacing cannot be reached (pace time = 7.00, actual time = 11.60).	[MsgId: MWAR-15995]
Warning: Iteration pacing cannot be reached (pace time = 7.00, actual time = 10.55).	[MsgId: MWAR-15995]
Warning: Iteration pacing cannot be reached (pace time = 7.00, actual time = 13.91).	[MsgId: MWAR-15995]
Warning: Iteration pacing cannot be reached (pace time = 7.00, actual time = 9.23).	[MsgId: MWAR-15995]
Warning: Iteration pacing cannot be reached (pace time = 7.00, actual time = 9.81).	[MsgId: MWAR-15995]
Warning: Iteration pacing cannot be reached (pace time = 7.00, actual time = 7.99).	[MsgId: MWAR-15995]
Warning: Iteration pacing cannot be reached (pace time = 7.00, actual time = 10.84).	[MsgId: MWAR-15995]
Warning: Iteration pacing cannot be reached (pace time = 7.00, actual time = 11.65).	[MsgId: MWAR-15995]
Warning: Iteration pacing cannot be reached (pace time = 7.00, actual time = 9.35).	[MsgId: MWAR-15995]
Warning: Iteration pacing cannot be reached (pace time = 7.00, actual time = 8.28).	[MsgId: MWAR-15995]
Warning: Iteration pacing cannot be reached (pace time = 7.00, actual time = 10.45).	[MsgId: MWAR-15995]
Warning: Iteration pacing cannot be reached (pace time = 7.00, actual time = 12.12).	[MsgId: MWAR-15995]
Warning: Iteration pacing cannot be reached (pace time = 7.00, actual time = 13.63).	[MsgId: MWAR-15995]
Warning: Iteration pacing cannot be reached (pace time = 7.00, actual time = 9.72).	[MsgId: MWAR-15995]
Warning: Iteration pacing cannot be reached (pace time = 7.00, actual time = 17.23).	[MsgId: MWAR-15995]
Warning: Iteration pacing cannot be reached (pace time = 7.00, actual time = 7.67).	[MsgId: MWAR-15995]
Warning: Iteration pacing cannot be reached (pace time = 7.00, actual time = 13.46).	[MsgId: MWAR-15995]
Warning: Iteration pacing cannot be reached (pace time = 7.00, actual time = 12.53).	[MsgId: MWAR-15995]
Warning: Iteration pacing cannot be reached (pace time = 7.00, actual time = 11.39).	[MsgId: MWAR-15995]
Warning: Iteration pacing cannot be reached (pace time = 7.00, actual time = 10.17).	[MsgId: MWAR-15995]
Warning: Iteration pacing cannot be reached (pace time = 7.00, actual time = 8.89).	[MsgId: MWAR-15995]
Warning: Iteration pacing cannot be reached (pace time = 7.00, actual time = 10.91).	[MsgId: MWAR-15995]
Warning: Iteration pacing cannot be reached (pace time = 7.00, actual time = 12.66).	[MsgId: MWAR-15995]
Warning: Iteration pacing cannot be reached (pace time = 7.00, actual time = 7.76).	[MsgId: MWAR-15995]
Warning: Iteration pacing cannot be reached (pace time = 7.00, actual time = 12.10).	[MsgId: MWAR-15995]
Warning: Iteration pacing cannot be reached (pace time = 7.00, actual time = 10.59).	[MsgId: MWAR-15995]
Warning: Iteration pacing cannot be reached (pace time = 7.00, actual time = 7.48).	[MsgId: MWAR-15995]
Warning: Iteration pacing cannot be reached (pace time = 7.00, actual time = 7.33).	[MsgId: MWAR-15995]
Warning: Iteration pacing cannot be reached (pace time = 7.00, actual time = 8.95).	[MsgId: MWAR-15995]
Warning: Iteration pacing cannot be reached (pace time = 7.00, actual time = 15.14).	[MsgId: MWAR-15995]
Warning: Iteration pacing cannot be reached (pace time = 7.00, actual time = 7.25).	[MsgId: MWAR-15995]
Warning: Iteration pacing cannot be reached (pace time = 7.00, actual time = 10.25).	[MsgId: MWAR-15995]
Warning: Iteration pacing cannot be reached (pace time = 7.00, actual time = 11.70).	[MsgId: MWAR-15995]
Warning: Iteration pacing cannot be reached (pace time = 7.00, actual time = 9.95).	[MsgId: MWAR-15995]
Warning: Iteration pacing cannot be reached (pace time = 7.00, actual time = 13.16).	[MsgId: MWAR-15995]
Warning: Iteration pacing cannot be reached (pace time = 7.00, actual time = 12.42).	[MsgId: MWAR-15995]
Warning: Iteration pacing cannot be reached (pace time = 7.00, actual time = 9.16).	[MsgId: MWAR-15995]
Warning: Iteration pacing cannot be reached (pace time = 7.00, actual time = 13.20).	[MsgId: MWAR-15995]
Warning: Iteration pacing cannot be reached (pace time = 7.00, actual time = 11.27).	[MsgId: MWAR-15995]
Warning: Iteration pacing cannot be reached (pace time = 7.00, actual time = 8.75).	[MsgId: MWAR-15995]
Warning: Iteration pacing cannot be reached (pace time = 7.00, actual time = 14.73).	[MsgId: MWAR-15995]
Warning: Iteration pacing cannot be reached (pace time = 7.00, actual time = 7.47).	[MsgId: MWAR-15995]
TroubleshootingAggregationQuery.c(8): Continuing after Error -26627: HTTP Status-Code=404 (Not Found) for "https://hx9ekpvvbi.execute-api.us-east-1.amazonaws.com/KaaS-ITG/v2/search?q=*&resultLimit=1&resultStart=0&languageCode=en&countryCode=162089707212699946554652&store=udp-content-default,docstore&product=22060470&contentTypes=How To,Product Specifications,Compatibility,Recycle,Parts,Warranty or Legal Statement,Safety and Regulatory,Product Change Notification,FAQ&aggregations=producttopics"  	[MsgId: MERR-26627]
OtherTabAggregation.c(8): Continuing after Error -26627: HTTP Status-Code=404 (Not Found) for "https://hx9ekpvvbi.execute-api.us-east-1.amazonaws.com/KaaS-ITG/v2/search?q=*&resultLimit=1&resultStart=0&languageCode=en&countryCode=162089707212699946554652&store=udp-content-default,docstore,sdlmanualstore,manualstore&product=22060470&aggregations=esmanuals,documenttype"  	[MsgId: MERR-26627]
Warning: Iteration pacing cannot be reached (pace time = 7.00, actual time = 7.22).	[MsgId: MWAR-15995]
TroubleshootingAggregationQuery.c(8): Continuing after Error -26627: HTTP Status-Code=404 (Not Found) for "https://hx9ekpvvbi.execute-api.us-east-1.amazonaws.com/KaaS-ITG/v2/search?q=*&resultLimit=1&resultStart=0&languageCode=en&countryCode=162089707212699946554652&store=udp-content-default,docstore&product=22060470&contentTypes=How To,Product Specifications,Compatibility,Recycle,Parts,Warranty or Legal Statement,Safety and Regulatory,Product Change Notification,FAQ&aggregations=producttopics"  	[MsgId: MERR-26627]
Warning: Iteration pacing cannot be reached (pace time = 7.00, actual time = 8.25).	[MsgId: MWAR-15995]
Warning: Iteration pacing cannot be reached (pace time = 7.00, actual time = 11.36).	[MsgId: MWAR-15995]
Warning: Iteration pacing cannot be reached (pace time = 7.00, actual time = 9.75).	[MsgId: MWAR-15995]
HowToAggregations.c(8): Continuing after Error -26627: HTTP Status-Code=404 (Not Found) for "https://hx9ekpvvbi.execute-api.us-east-1.amazonaws.com/KaaS-ITG/v2/search?q=*&resultLimit=1&resultStart=0&languageCode=en&countryCode=162089707212699946554652&store=udp-content-default,docstore&product=22060470&contentTypes=How To,Setup and Install,Compatibility,Recycle,FAQ,Repair or Replace&aggregations=producttopics"  	[MsgId: MERR-26627]
HowToAggregations.c(8): Continuing after Error -26627: HTTP Status-Code=404 (Not Found) for "https://hx9ekpvvbi.execute-api.us-east-1.amazonaws.com/KaaS-ITG/v2/search?q=*&resultLimit=1&resultStart=0&languageCode=en&countryCode=162089707212699946554652&store=udp-content-default,docstore&product=22060470&contentTypes=How To,Setup and Install,Compatibility,Recycle,FAQ,Repair or Replace&aggregations=producttopics"  	[MsgId: MERR-26627]
ProductInfoAggregation.c(8): Continuing after Error -26627: HTTP Status-Code=404 (Not Found) for "https://hx9ekpvvbi.execute-api.us-east-1.amazonaws.com/KaaS-ITG/v2/search?q=*&resultLimit=1&resultStart=0&languageCode=en&countryCode=162089707212699946554652&store=udp-content-default,docstore&product=22060470&contentTypes=How To,Product Specifications,Compatibility,Recycle,Parts,Warranty or Legal Statement,Safety and Regulatory,Product Change Notification,FAQ&aggregations=producttopics"  	[MsgId: MERR-26627]
Warning: Iteration pacing cannot be reached (pace time = 7.00, actual time = 12.06).	[MsgId: MWAR-15995]
Warning: Iteration pacing cannot be reached (pace time = 7.00, actual time = 13.02).	[MsgId: MWAR-15995]
Warning: Iteration pacing cannot be reached (pace time = 7.00, actual time = 11.67).	[MsgId: MWAR-15995]
Warning: Iteration pacing cannot be reached (pace time = 7.00, actual time = 9.43).	[MsgId: MWAR-15995]
Warning: Iteration pacing cannot be reached (pace time = 7.00, actual time = 10.34).	[MsgId: MWAR-15995]
Warning: Iteration pacing cannot be reached (pace time = 7.00, actual time = 11.79).	[MsgId: MWAR-15995]
Warning: Iteration pacing cannot be reached (pace time = 7.00, actual time = 13.35).	[MsgId: MWAR-15995]
Warning: Iteration pacing cannot be reached (pace time = 7.00, actual time = 16.11).	[MsgId: MWAR-15995]
Warning: Iteration pacing cannot be reached (pace time = 7.00, actual time = 9.24).	[MsgId: MWAR-15995]
Warning: Iteration pacing cannot be reached (pace time = 7.00, actual time = 11.08).	[MsgId: MWAR-15995]
Warning: Iteration pacing cannot be reached (pace time = 7.00, actual time = 8.41).	[MsgId: MWAR-15995]
TroubleshootingAggregationQuery.c(8): Continuing after Error -26627: HTTP Status-Code=404 (Not Found) for "https://hx9ekpvvbi.execute-api.us-east-1.amazonaws.com/KaaS-ITG/v2/search?q=*&resultLimit=1&resultStart=0&languageCode=en&countryCode=162089707212699946554652&store=udp-content-default,docstore&product=22060470&contentTypes=How To,Product Specifications,Compatibility,Recycle,Parts,Warranty or Legal Statement,Safety and Regulatory,Product Change Notification,FAQ&aggregations=producttopics"  	[MsgId: MERR-26627]
Warning: Iteration pacing cannot be reached (pace time = 7.00, actual time = 7.28).	[MsgId: MWAR-15995]
TroubleshootingAggregationQuery.c(8): Continuing after Error -26627: HTTP Status-Code=404 (Not Found) for "https://hx9ekpvvbi.execute-api.us-east-1.amazonaws.com/KaaS-ITG/v2/search?q=*&resultLimit=1&resultStart=0&languageCode=en&countryCode=162089707212699946554652&store=udp-content-default,docstore&product=22060470&contentTypes=How To,Product Specifications,Compatibility,Recycle,Parts,Warranty or Legal Statement,Safety and Regulatory,Product Change Notification,FAQ&aggregations=producttopics"  	[MsgId: MERR-26627]
Warning: Iteration pacing cannot be reached (pace time = 7.00, actual time = 10.67).	[MsgId: MWAR-15995]
Warning: Iteration pacing cannot be reached (pace time = 7.00, actual time = 7.84).	[MsgId: MWAR-15995]
Warning: Iteration pacing cannot be reached (pace time = 7.00, actual time = 8.42).	[MsgId: MWAR-15995]
OtherTabAggregation.c(8): Continuing after Error -26627: HTTP Status-Code=404 (Not Found) for "https://hx9ekpvvbi.execute-api.us-east-1.amazonaws.com/KaaS-ITG/v2/search?q=*&resultLimit=1&resultStart=0&languageCode=en&countryCode=162089707212699946554652&store=udp-content-default,docstore,sdlmanualstore,manualstore&product=22060470&aggregations=esmanuals,documenttype"  	[MsgId: MERR-26627]
Warning: Iteration pacing cannot be reached (pace time = 7.00, actual time = 8.65).	[MsgId: MWAR-15995]
Warning: Iteration pacing cannot be reached (pace time = 7.00, actual time = 8.74).	[MsgId: MWAR-15995]
Warning: Iteration pacing cannot be reached (pace time = 7.00, actual time = 7.80).	[MsgId: MWAR-15995]
Warning: Iteration pacing cannot be reached (pace time = 7.00, actual time = 9.48).	[MsgId: MWAR-15995]
Warning: Iteration pacing cannot be reached (pace time = 7.00, actual time = 10.31).	[MsgId: MWAR-15995]
Warning: Iteration pacing cannot be reached (pace time = 7.00, actual time = 7.87).	[MsgId: MWAR-15995]
Warning: Iteration pacing cannot be reached (pace time = 7.00, actual time = 8.77).	[MsgId: MWAR-15995]
Warning: Iteration pacing cannot be reached (pace time = 7.00, actual time = 7.93).	[MsgId: MWAR-15995]
Warning: Iteration pacing cannot be reached (pace time = 7.00, actual time = 7.80).	[MsgId: MWAR-15995]
Warning: Iteration pacing cannot be reached (pace time = 7.00, actual time = 7.90).	[MsgId: MWAR-15995]
Warning: Iteration pacing cannot be reached (pace time = 7.00, actual time = 9.65).	[MsgId: MWAR-15995]
Warning: Iteration pacing cannot be reached (pace time = 7.00, actual time = 10.34).	[MsgId: MWAR-15995]
Warning: Iteration pacing cannot be reached (pace time = 7.00, actual time = 8.21).	[MsgId: MWAR-15995]
Warning: Iteration pacing cannot be reached (pace time = 7.00, actual time = 9.53).	[MsgId: MWAR-15995]
Warning: Iteration pacing cannot be reached (pace time = 7.00, actual time = 11.85).	[MsgId: MWAR-15995]
Warning: Iteration pacing cannot be reached (pace time = 7.00, actual time = 12.68).	[MsgId: MWAR-15995]
Warning: Iteration pacing cannot be reached (pace time = 7.00, actual time = 9.81).	[MsgId: MWAR-15995]
Warning: Iteration pacing cannot be reached (pace time = 7.00, actual time = 8.74).	[MsgId: MWAR-15995]
Warning: Iteration pacing cannot be reached (pace time = 7.00, actual time = 8.60).	[MsgId: MWAR-15995]
Warning: Iteration pacing cannot be reached (pace time = 7.00, actual time = 9.26).	[MsgId: MWAR-15995]
Warning: Iteration pacing cannot be reached (pace time = 7.00, actual time = 11.21).	[MsgId: MWAR-15995]
Warning: Iteration pacing cannot be reached (pace time = 7.00, actual time = 7.95).	[MsgId: MWAR-15995]
Warning: Iteration pacing cannot be reached (pace time = 7.00, actual time = 7.39).	[MsgId: MWAR-15995]
Warning: Iteration pacing cannot be reached (pace time = 7.00, actual time = 13.15).	[MsgId: MWAR-15995]
Warning: Iteration pacing cannot be reached (pace time = 7.00, actual time = 9.58).	[MsgId: MWAR-15995]
Warning: Iteration pacing cannot be reached (pace time = 7.00, actual time = 10.59).	[MsgId: MWAR-15995]
Warning: Iteration pacing cannot be reached (pace time = 7.00, actual time = 11.98).	[MsgId: MWAR-15995]
Warning: Iteration pacing cannot be reached (pace time = 7.00, actual time = 8.90).	[MsgId: MWAR-15995]
Warning: Iteration pacing cannot be reached (pace time = 7.00, actual time = 10.88).	[MsgId: MWAR-15995]
Warning: Iteration pacing cannot be reached (pace time = 7.00, actual time = 11.89).	[MsgId: MWAR-15995]
Warning: Iteration pacing cannot be reached (pace time = 7.00, actual time = 9.94).	[MsgId: MWAR-15995]
Warning: Iteration pacing cannot be reached (pace time = 7.00, actual time = 7.47).	[MsgId: MWAR-15995]
Warning: Iteration pacing cannot be reached (pace time = 7.00, actual time = 8.84).	[MsgId: MWAR-15995]
Warning: Iteration pacing cannot be reached (pace time = 7.00, actual time = 10.43).	[MsgId: MWAR-15995]
Warning: Iteration pacing cannot be reached (pace time = 7.00, actual time = 7.98).	[MsgId: MWAR-15995]
Warning: Iteration pacing cannot be reached (pace time = 7.00, actual time = 8.63).	[MsgId: MWAR-15995]
Warning: Iteration pacing cannot be reached (pace time = 7.00, actual time = 8.83).	[MsgId: MWAR-15995]
Warning: Iteration pacing cannot be reached (pace time = 7.00, actual time = 11.65).	[MsgId: MWAR-15995]
Warning: Iteration pacing cannot be reached (pace time = 7.00, actual time = 12.28).	[MsgId: MWAR-15995]
Warning: Iteration pacing cannot be reached (pace time = 7.00, actual time = 7.50).	[MsgId: MWAR-15995]
Warning: Iteration pacing cannot be reached (pace time = 7.00, actual time = 8.56).	[MsgId: MWAR-15995]
Warning: Iteration pacing cannot be reached (pace time = 7.00, actual time = 10.72).	[MsgId: MWAR-15995]
Warning: Iteration pacing cannot be reached (pace time = 7.00, actual time = 9.55).	[MsgId: MWAR-15995]
Warning: Iteration pacing cannot be reached (pace time = 7.00, actual time = 11.50).	[MsgId: MWAR-15995]
ProductInfoAggregation.c(8): Continuing after Error -27760: Request "https://hx9ekpvvbi.execute-api.us-east-1.amazonaws.com/KaaS-ITG/v2/search?q=*&resultLimit=1&resultStart=0&languageCode=en&countryCode=162089707212699946554652&store=udp-content-default,docstore&product=22060470&contentTypes=How To,Product Specifications,Compatibility,Recycle,Parts,Warranty or Legal Statement,Safety and Regulatory,Product Change Notification,FAQ&aggregations=producttopics" failed  	[MsgId: MERR-27760]
TroubleshootingAggregationQuery.c(8): Continuing after Error -27760: Request "https://hx9ekpvvbi.execute-api.us-east-1.amazonaws.com/KaaS-ITG/v2/search?q=*&resultLimit=1&resultStart=0&languageCode=en&countryCode=162089707212699946554652&store=udp-content-default,docstore&product=22060470&contentTypes=How To,Product Specifications,Compatibility,Recycle,Parts,Warranty or Legal Statement,Safety and Regulatory,Product Change Notification,FAQ&aggregations=producttopics" failed  	[MsgId: MERR-27760]
ProductInfoAggregation.c(8): Continuing after Error -27760: Request "https://hx9ekpvvbi.execute-api.us-east-1.amazonaws.com/KaaS-ITG/v2/search?q=*&resultLimit=1&resultStart=0&languageCode=en&countryCode=162089707212699946554652&store=udp-content-default,docstore&product=22060470&contentTypes=How To,Product Specifications,Compatibility,Recycle,Parts,Warranty or Legal Statement,Safety and Regulatory,Product Change Notification,FAQ&aggregations=producttopics" failed  	[MsgId: MERR-27760]
OtherTabAggregation.c(8): Continuing after Error -27760: Request "https://hx9ekpvvbi.execute-api.us-east-1.amazonaws.com/KaaS-ITG/v2/search?q=*&resultLimit=1&resultStart=0&languageCode=en&countryCode=162089707212699946554652&store=udp-content-default,docstore,sdlmanualstore,manualstore&product=22060470&aggregations=esmanuals,documenttype" failed  	[MsgId: MERR-27760]
ProductInfoAggregation.c(8): Continuing after Error -27760: Request "https://hx9ekpvvbi.execute-api.us-east-1.amazonaws.com/KaaS-ITG/v2/search?q=*&resultLimit=1&resultStart=0&languageCode=en&countryCode=162089707212699946554652&store=udp-content-default,docstore&product=22060470&contentTypes=How To,Product Specifications,Compatibility,Recycle,Parts,Warranty or Legal Statement,Safety and Regulatory,Product Change Notification,FAQ&aggregations=producttopics" failed  	[MsgId: MERR-27760]
OtherTabAggregation.c(8): Continuing after Error -27760: Request "https://hx9ekpvvbi.execute-api.us-east-1.amazonaws.com/KaaS-ITG/v2/search?q=*&resultLimit=1&resultStart=0&languageCode=en&countryCode=162089707212699946554652&store=udp-content-default,docstore,sdlmanualstore,manualstore&product=22060470&aggregations=esmanuals,documenttype" failed  	[MsgId: MERR-27760]
