Warning: Iteration pacing cannot be reached (pace time = 5.09, actual time = 7.62).	[MsgId: MWAR-15995]
Warning: Iteration pacing cannot be reached (pace time = 5.92, actual time = 8.54).	[MsgId: MWAR-15995]
Warning: Iteration pacing cannot be reached (pace time = 5.83, actual time = 12.90).	[MsgId: MWAR-15995]
Warning: Iteration pacing cannot be reached (pace time = 5.45, actual time = 11.96).	[MsgId: MWAR-15995]
Warning: Iteration pacing cannot be reached (pace time = 5.69, actual time = 11.62).	[MsgId: MWAR-15995]
kaas_DocSearchHPES_Promotion_query.c(9): Error -26608: HTTP Status-Code=504 (Gateway Timeout) for "https://hx9ekpvvbi.execute-api.us-east-1.amazonaws.com/KaaS-ITG/v2/search?q=recovery&resultLimit=15&resultStart=0&languageCode=en&countryCode=us&promotions=true&store=promotions&filters=products:(NONE)%20AND%20NOT%20publicationdestination:(FindMyProduct)"  	[MsgId: MERR-26608]
Warning: Iteration pacing cannot be reached (pace time = 5.41, actual time = 29.05).	[MsgId: MWAR-15995]
kaas_DocSearchHPES_Promotion_query.c(9): Error -26608: HTTP Status-Code=504 (Gateway Timeout) for "https://hx9ekpvvbi.execute-api.us-east-1.amazonaws.com/KaaS-ITG/v2/search?q=touchpad&resultLimit=15&resultStart=0&languageCode=en&countryCode=us&promotions=true&store=promotions&filters=products:(NONE)%20AND%20NOT%20publicationdestination:(FindMyProduct)"  	[MsgId: MERR-26608]
Warning: Iteration pacing cannot be reached (pace time = 5.04, actual time = 29.05).	[MsgId: MWAR-15995]
kaas_DocSearchHPES_Promotion_query.c(9): Error -26608: HTTP Status-Code=504 (Gateway Timeout) for "https://hx9ekpvvbi.execute-api.us-east-1.amazonaws.com/KaaS-ITG/v2/search?q=kbrf57711&resultLimit=15&resultStart=0&languageCode=en&countryCode=us&promotions=true&store=promotions&filters=products:(NONE)%20AND%20NOT%20publicationdestination:(FindMyProduct)"  	[MsgId: MERR-26608]
Warning: Iteration pacing cannot be reached (pace time = 5.47, actual time = 29.05).	[MsgId: MWAR-15995]
Warning: Iteration pacing cannot be reached (pace time = 5.87, actual time = 26.56).	[MsgId: MWAR-15995]
Warning: Iteration pacing cannot be reached (pace time = 5.27, actual time = 27.70).	[MsgId: MWAR-15995]
Warning: Iteration pacing cannot be reached (pace time = 5.16, actual time = 25.13).	[MsgId: MWAR-15995]
Warning: Iteration pacing cannot be reached (pace time = 5.41, actual time = 16.91).	[MsgId: MWAR-15995]
Warning: Iteration pacing cannot be reached (pace time = 5.67, actual time = 9.66).	[MsgId: MWAR-15995]
Warning: Iteration pacing cannot be reached (pace time = 5.59, actual time = 12.97).	[MsgId: MWAR-15995]
Warning: Iteration pacing cannot be reached (pace time = 5.08, actual time = 21.06).	[MsgId: MWAR-15995]
Warning: Iteration pacing cannot be reached (pace time = 5.94, actual time = 20.96).	[MsgId: MWAR-15995]
Warning: Iteration pacing cannot be reached (pace time = 5.85, actual time = 13.06).	[MsgId: MWAR-15995]
Warning: Iteration pacing cannot be reached (pace time = 5.06, actual time = 13.98).	[MsgId: MWAR-15995]
Warning: Iteration pacing cannot be reached (pace time = 5.72, actual time = 15.68).	[MsgId: MWAR-15995]
Warning: Iteration pacing cannot be reached (pace time = 5.60, actual time = 8.74).	[MsgId: MWAR-15995]
Warning: Iteration pacing cannot be reached (pace time = 5.19, actual time = 5.80).	[MsgId: MWAR-15995]
Warning: Iteration pacing cannot be reached (pace time = 5.48, actual time = 5.54).	[MsgId: MWAR-15995]
Warning: Iteration pacing cannot be reached (pace time = 5.79, actual time = 5.86).	[MsgId: MWAR-15995]
kaas_DocSearchHPES_Promotion_query.c(9): Error -26608: HTTP Status-Code=504 (Gateway Timeout) for "https://hx9ekpvvbi.execute-api.us-east-1.amazonaws.com/KaaS-ITG/v2/search?q=recovery&resultLimit=15&resultStart=0&languageCode=en&countryCode=us&promotions=true&store=promotions&filters=products:(NONE)%20AND%20NOT%20publicationdestination:(FindMyProduct)"  	[MsgId: MERR-26608]
Warning: Iteration pacing cannot be reached (pace time = 5.39, actual time = 29.04).	[MsgId: MWAR-15995]
kaas_DocSearchHPES_Promotion_query.c(9): Error -26608: HTTP Status-Code=504 (Gateway Timeout) for "https://hx9ekpvvbi.execute-api.us-east-1.amazonaws.com/KaaS-ITG/v2/search?q=keyboard&resultLimit=15&resultStart=0&languageCode=en&countryCode=us&promotions=true&store=promotions&filters=products:(NONE)%20AND%20NOT%20publicationdestination:(FindMyProduct)"  	[MsgId: MERR-26608]
Warning: Iteration pacing cannot be reached (pace time = 5.68, actual time = 29.04).	[MsgId: MWAR-15995]
kaas_DocSearchHPES_Promotion_query.c(9): Error -26608: HTTP Status-Code=504 (Gateway Timeout) for "https://hx9ekpvvbi.execute-api.us-east-1.amazonaws.com/KaaS-ITG/v2/search?q=spectre&resultLimit=15&resultStart=0&languageCode=en&countryCode=us&promotions=true&store=promotions&filters=products:(NONE)%20AND%20NOT%20publicationdestination:(FindMyProduct)"  	[MsgId: MERR-26608]
Warning: Iteration pacing cannot be reached (pace time = 5.19, actual time = 29.04).	[MsgId: MWAR-15995]
kaas_DocSearchHPES_Promotion_query.c(9): Error -26608: HTTP Status-Code=504 (Gateway Timeout) for "https://hx9ekpvvbi.execute-api.us-east-1.amazonaws.com/KaaS-ITG/v2/search?q=REPLACED MY TRI COLOR AND BLACK INK CARTRIDGE AND I STILL CAN'T PRINT FROM MY CO PUTER MY COMPUTER NO LONGER GIVES ME THE PRINT OPTION&resultLimit=15&resultStart=0&languageCode=en&countryCode=us&promotions=true&store=promotions&filters=products:(NONE)%20AND%20NOT%20publicationdestination:(FindMyProduct)"  	[MsgId: MERR-26608]
Warning: Iteration pacing cannot be reached (pace time = 5.18, actual time = 29.04).	[MsgId: MWAR-15995]
kaas_DocSearchHPES_Promotion_query.c(9): Error -26608: HTTP Status-Code=504 (Gateway Timeout) for "https://hx9ekpvvbi.execute-api.us-east-1.amazonaws.com/KaaS-ITG/v2/search?q=spectre&resultLimit=15&resultStart=0&languageCode=en&countryCode=us&promotions=true&store=promotions&filters=products:(NONE)%20AND%20NOT%20publicationdestination:(FindMyProduct)"  	[MsgId: MERR-26608]
Warning: Iteration pacing cannot be reached (pace time = 5.43, actual time = 29.04).	[MsgId: MWAR-15995]
kaas_DocSearchHPES_Promotion_query.c(9): Error -26608: HTTP Status-Code=504 (Gateway Timeout) for "https://hx9ekpvvbi.execute-api.us-east-1.amazonaws.com/KaaS-ITG/v2/search?q=driver&resultLimit=15&resultStart=0&languageCode=en&countryCode=us&promotions=true&store=promotions&filters=products:(NONE)%20AND%20NOT%20publicationdestination:(FindMyProduct)"  	[MsgId: MERR-26608]
Warning: Iteration pacing cannot be reached (pace time = 5.62, actual time = 29.04).	[MsgId: MWAR-15995]
kaas_DocSearchHPES_Promotion_query.c(9): Error -26608: HTTP Status-Code=504 (Gateway Timeout) for "https://hx9ekpvvbi.execute-api.us-east-1.amazonaws.com/KaaS-ITG/v2/search?q=purchase battery&resultLimit=15&resultStart=0&languageCode=en&countryCode=us&promotions=true&store=promotions&filters=products:(NONE)%20AND%20NOT%20publicationdestination:(FindMyProduct)"  	[MsgId: MERR-26608]
Warning: Iteration pacing cannot be reached (pace time = 5.01, actual time = 29.16).	[MsgId: MWAR-15995]
kaas_DocSearchHPES_Promotion_query.c(9): Error -26608: HTTP Status-Code=504 (Gateway Timeout) for "https://hx9ekpvvbi.execute-api.us-east-1.amazonaws.com/KaaS-ITG/v2/search?q=audio&resultLimit=15&resultStart=0&languageCode=en&countryCode=us&promotions=true&store=promotions&filters=products:(NONE)%20AND%20NOT%20publicationdestination:(FindMyProduct)"  	[MsgId: MERR-26608]
Warning: Iteration pacing cannot be reached (pace time = 5.84, actual time = 29.04).	[MsgId: MWAR-15995]
kaas_DocSearchHPES_Promotion_query.c(9): Error -26608: HTTP Status-Code=504 (Gateway Timeout) for "https://hx9ekpvvbi.execute-api.us-east-1.amazonaws.com/KaaS-ITG/v2/search?q=keyboard&resultLimit=15&resultStart=0&languageCode=en&countryCode=us&promotions=true&store=promotions&filters=products:(NONE)%20AND%20NOT%20publicationdestination:(FindMyProduct)"  	[MsgId: MERR-26608]
Warning: Iteration pacing cannot be reached (pace time = 5.13, actual time = 29.04).	[MsgId: MWAR-15995]
kaas_DocSearchHPES_Promotion_query.c(9): Error -26608: HTTP Status-Code=504 (Gateway Timeout) for "https://hx9ekpvvbi.execute-api.us-east-1.amazonaws.com/KaaS-ITG/v2/search?q=driveguard&resultLimit=15&resultStart=0&languageCode=en&countryCode=us&promotions=true&store=promotions&filters=products:(NONE)%20AND%20NOT%20publicationdestination:(FindMyProduct)"  	[MsgId: MERR-26608]
Warning: Iteration pacing cannot be reached (pace time = 5.12, actual time = 29.18).	[MsgId: MWAR-15995]
Warning: Iteration pacing cannot be reached (pace time = 5.61, actual time = 22.66).	[MsgId: MWAR-15995]
kaas_DocSearchHPES_Promotion_query.c(9): Error -26608: HTTP Status-Code=504 (Gateway Timeout) for "https://hx9ekpvvbi.execute-api.us-east-1.amazonaws.com/KaaS-ITG/v2/search?q=spectre&resultLimit=15&resultStart=0&languageCode=en&countryCode=us&promotions=true&store=promotions&filters=products:(NONE)%20AND%20NOT%20publicationdestination:(FindMyProduct)"  	[MsgId: MERR-26608]
Warning: Iteration pacing cannot be reached (pace time = 5.42, actual time = 29.04).	[MsgId: MWAR-15995]
Warning: Iteration pacing cannot be reached (pace time = 5.84, actual time = 6.36).	[MsgId: MWAR-15995]
kaas_DocSearchHPES_Promotion_query.c(9): Error -26608: HTTP Status-Code=504 (Gateway Timeout) for "https://hx9ekpvvbi.execute-api.us-east-1.amazonaws.com/KaaS-ITG/v2/search?q=kbrf57711&resultLimit=15&resultStart=0&languageCode=en&countryCode=us&promotions=true&store=promotions&filters=products:(NONE)%20AND%20NOT%20publicationdestination:(FindMyProduct)"  	[MsgId: MERR-26608]
Warning: Iteration pacing cannot be reached (pace time = 5.56, actual time = 29.04).	[MsgId: MWAR-15995]
kaas_DocSearchHPES_Promotion_query.c(9): Error -26608: HTTP Status-Code=504 (Gateway Timeout) for "https://hx9ekpvvbi.execute-api.us-east-1.amazonaws.com/KaaS-ITG/v2/search?q=blue screen&resultLimit=15&resultStart=0&languageCode=en&countryCode=us&promotions=true&store=promotions&filters=products:(NONE)%20AND%20NOT%20publicationdestination:(FindMyProduct)"  	[MsgId: MERR-26608]
Warning: Iteration pacing cannot be reached (pace time = 5.28, actual time = 29.04).	[MsgId: MWAR-15995]
Warning: Iteration pacing cannot be reached (pace time = 5.37, actual time = 7.15).	[MsgId: MWAR-15995]
Warning: Iteration pacing cannot be reached (pace time = 5.71, actual time = 24.82).	[MsgId: MWAR-15995]
Warning: Iteration pacing cannot be reached (pace time = 5.72, actual time = 28.95).	[MsgId: MWAR-15995]
Warning: Iteration pacing cannot be reached (pace time = 5.67, actual time = 26.83).	[MsgId: MWAR-15995]
Warning: Iteration pacing cannot be reached (pace time = 5.53, actual time = 23.27).	[MsgId: MWAR-15995]
Warning: Iteration pacing cannot be reached (pace time = 5.94, actual time = 17.27).	[MsgId: MWAR-15995]
Warning: Iteration pacing cannot be reached (pace time = 5.51, actual time = 18.08).	[MsgId: MWAR-15995]
Warning: Iteration pacing cannot be reached (pace time = 5.19, actual time = 17.08).	[MsgId: MWAR-15995]
Warning: Iteration pacing cannot be reached (pace time = 5.96, actual time = 6.41).	[MsgId: MWAR-15995]
Warning: Iteration pacing cannot be reached (pace time = 5.50, actual time = 6.50).	[MsgId: MWAR-15995]
Warning: Iteration pacing cannot be reached (pace time = 5.31, actual time = 7.18).	[MsgId: MWAR-15995]
kaas_DocSearchHPES_Promotion_query.c(9): Error -27760: Request "https://hx9ekpvvbi.execute-api.us-east-1.amazonaws.com/KaaS-ITG/v2/search?q=keyboard&resultLimit=15&resultStart=0&languageCode=en&countryCode=us&promotions=true&store=promotions&filters=products:(NONE)%20AND%20NOT%20publicationdestination:(FindMyProduct)" failed  	[MsgId: MERR-27760]
kaas_DocSearchHPES_Promotion_query.c(9): Error -27760: Request "https://hx9ekpvvbi.execute-api.us-east-1.amazonaws.com/KaaS-ITG/v2/search?q=keyboard&resultLimit=15&resultStart=0&languageCode=en&countryCode=us&promotions=true&store=promotions&filters=products:(NONE)%20AND%20NOT%20publicationdestination:(FindMyProduct)" failed  	[MsgId: MERR-27760]
