Warning: Iteration pacing cannot be reached (pace time = 5.66, actual time = 12.14).	[MsgId: MWAR-15995]
Warning: Iteration pacing cannot be reached (pace time = 5.73, actual time = 13.90).	[MsgId: MWAR-15995]
Warning: Iteration pacing cannot be reached (pace time = 5.16, actual time = 12.07).	[MsgId: MWAR-15995]
Warning: Iteration pacing cannot be reached (pace time = 5.08, actual time = 10.36).	[MsgId: MWAR-15995]
Warning: Iteration pacing cannot be reached (pace time = 5.42, actual time = 12.90).	[MsgId: MWAR-15995]
Warning: Iteration pacing cannot be reached (pace time = 5.97, actual time = 10.25).	[MsgId: MWAR-15995]
Warning: Iteration pacing cannot be reached (pace time = 5.11, actual time = 17.34).	[MsgId: MWAR-15995]
Warning: Iteration pacing cannot be reached (pace time = 5.33, actual time = 10.25).	[MsgId: MWAR-15995]
Warning: Iteration pacing cannot be reached (pace time = 5.09, actual time = 12.63).	[MsgId: MWAR-15995]
Warning: Iteration pacing cannot be reached (pace time = 5.09, actual time = 19.25).	[MsgId: MWAR-15995]
Warning: Iteration pacing cannot be reached (pace time = 5.21, actual time = 18.34).	[MsgId: MWAR-15995]
Warning: Iteration pacing cannot be reached (pace time = 5.75, actual time = 17.26).	[MsgId: MWAR-15995]
Warning: Iteration pacing cannot be reached (pace time = 5.74, actual time = 18.14).	[MsgId: MWAR-15995]
Warning: Iteration pacing cannot be reached (pace time = 5.46, actual time = 17.67).	[MsgId: MWAR-15995]
Warning: Iteration pacing cannot be reached (pace time = 5.16, actual time = 9.31).	[MsgId: MWAR-15995]
Warning: Iteration pacing cannot be reached (pace time = 5.19, actual time = 15.09).	[MsgId: MWAR-15995]
Warning: Iteration pacing cannot be reached (pace time = 5.49, actual time = 18.82).	[MsgId: MWAR-15995]
Warning: Iteration pacing cannot be reached (pace time = 5.00, actual time = 5.25).	[MsgId: MWAR-15995]
Warning: Iteration pacing cannot be reached (pace time = 5.04, actual time = 9.76).	[MsgId: MWAR-15995]
Warning: Iteration pacing cannot be reached (pace time = 5.84, actual time = 8.49).	[MsgId: MWAR-15995]
Warning: Iteration pacing cannot be reached (pace time = 5.28, actual time = 7.21).	[MsgId: MWAR-15995]
Warning: Iteration pacing cannot be reached (pace time = 5.39, actual time = 10.09).	[MsgId: MWAR-15995]
Warning: Iteration pacing cannot be reached (pace time = 5.87, actual time = 9.54).	[MsgId: MWAR-15995]
Warning: Iteration pacing cannot be reached (pace time = 5.72, actual time = 6.43).	[MsgId: MWAR-15995]
Warning: Iteration pacing cannot be reached (pace time = 5.62, actual time = 7.57).	[MsgId: MWAR-15995]
Warning: Iteration pacing cannot be reached (pace time = 5.40, actual time = 7.12).	[MsgId: MWAR-15995]
Warning: Iteration pacing cannot be reached (pace time = 5.79, actual time = 6.12).	[MsgId: MWAR-15995]
Warning: Iteration pacing cannot be reached (pace time = 5.44, actual time = 5.60).	[MsgId: MWAR-15995]
Warning: Iteration pacing cannot be reached (pace time = 5.79, actual time = 5.83).	[MsgId: MWAR-15995]
Warning: Iteration pacing cannot be reached (pace time = 5.22, actual time = 5.89).	[MsgId: MWAR-15995]
Warning: Iteration pacing cannot be reached (pace time = 5.61, actual time = 6.73).	[MsgId: MWAR-15995]
Warning: Iteration pacing cannot be reached (pace time = 5.01, actual time = 6.24).	[MsgId: MWAR-15995]
Warning: Iteration pacing cannot be reached (pace time = 5.63, actual time = 5.70).	[MsgId: MWAR-15995]
kaas_DocSearchHPES_Promotion_query.c(9): Error -26608: HTTP Status-Code=504 (Gateway Timeout) for "https://hx9ekpvvbi.execute-api.us-east-1.amazonaws.com/KaaS-ITG/v2/search?q=driver&resultLimit=15&resultStart=0&languageCode=en&countryCode=us&promotions=true&store=promotions&filters=products:(NONE)%20AND%20NOT%20publicationdestination:(FindMyProduct)"  	[MsgId: MERR-26608]
Warning: Iteration pacing cannot be reached (pace time = 5.17, actual time = 29.05).	[MsgId: MWAR-15995]
kaas_DocSearchHPES_Promotion_query.c(9): Error -26608: HTTP Status-Code=504 (Gateway Timeout) for "https://hx9ekpvvbi.execute-api.us-east-1.amazonaws.com/KaaS-ITG/v2/search?q=purchase battery&resultLimit=15&resultStart=0&languageCode=en&countryCode=us&promotions=true&store=promotions&filters=products:(NONE)%20AND%20NOT%20publicationdestination:(FindMyProduct)"  	[MsgId: MERR-26608]
Warning: Iteration pacing cannot be reached (pace time = 5.73, actual time = 29.05).	[MsgId: MWAR-15995]
kaas_DocSearchHPES_Promotion_query.c(9): Error -26608: HTTP Status-Code=504 (Gateway Timeout) for "https://hx9ekpvvbi.execute-api.us-east-1.amazonaws.com/KaaS-ITG/v2/search?q=keyboard&resultLimit=15&resultStart=0&languageCode=en&countryCode=us&promotions=true&store=promotions&filters=products:(NONE)%20AND%20NOT%20publicationdestination:(FindMyProduct)"  	[MsgId: MERR-26608]
Warning: Iteration pacing cannot be reached (pace time = 5.03, actual time = 29.04).	[MsgId: MWAR-15995]
kaas_DocSearchHPES_Promotion_query.c(9): Error -26608: HTTP Status-Code=504 (Gateway Timeout) for "https://hx9ekpvvbi.execute-api.us-east-1.amazonaws.com/KaaS-ITG/v2/search?q=blue screen&resultLimit=15&resultStart=0&languageCode=en&countryCode=us&promotions=true&store=promotions&filters=products:(NONE)%20AND%20NOT%20publicationdestination:(FindMyProduct)"  	[MsgId: MERR-26608]
Warning: Iteration pacing cannot be reached (pace time = 5.97, actual time = 29.04).	[MsgId: MWAR-15995]
kaas_DocSearchHPES_Promotion_query.c(9): Error -26608: HTTP Status-Code=504 (Gateway Timeout) for "https://hx9ekpvvbi.execute-api.us-east-1.amazonaws.com/KaaS-ITG/v2/search?q=kbrf57711&resultLimit=15&resultStart=0&languageCode=en&countryCode=us&promotions=true&store=promotions&filters=products:(NONE)%20AND%20NOT%20publicationdestination:(FindMyProduct)"  	[MsgId: MERR-26608]
Warning: Iteration pacing cannot be reached (pace time = 5.97, actual time = 29.05).	[MsgId: MWAR-15995]
kaas_DocSearchHPES_Promotion_query.c(9): Error -26608: HTTP Status-Code=504 (Gateway Timeout) for "https://hx9ekpvvbi.execute-api.us-east-1.amazonaws.com/KaaS-ITG/v2/search?q=paper jam&resultLimit=15&resultStart=0&languageCode=en&countryCode=us&promotions=true&store=promotions&filters=products:(NONE)%20AND%20NOT%20publicationdestination:(FindMyProduct)"  	[MsgId: MERR-26608]
Warning: Iteration pacing cannot be reached (pace time = 5.68, actual time = 29.05).	[MsgId: MWAR-15995]
kaas_DocSearchHPES_Promotion_query.c(9): Error -26608: HTTP Status-Code=504 (Gateway Timeout) for "https://hx9ekpvvbi.execute-api.us-east-1.amazonaws.com/KaaS-ITG/v2/search?q=touchscreen&resultLimit=15&resultStart=0&languageCode=en&countryCode=us&promotions=true&store=promotions&filters=products:(NONE)%20AND%20NOT%20publicationdestination:(FindMyProduct)"  	[MsgId: MERR-26608]
Warning: Iteration pacing cannot be reached (pace time = 5.74, actual time = 29.04).	[MsgId: MWAR-15995]
kaas_DocSearchHPES_Promotion_query.c(9): Error -26608: HTTP Status-Code=504 (Gateway Timeout) for "https://hx9ekpvvbi.execute-api.us-east-1.amazonaws.com/KaaS-ITG/v2/search?q=audio&resultLimit=15&resultStart=0&languageCode=en&countryCode=us&promotions=true&store=promotions&filters=products:(NONE)%20AND%20NOT%20publicationdestination:(FindMyProduct)"  	[MsgId: MERR-26608]
Warning: Iteration pacing cannot be reached (pace time = 5.21, actual time = 29.04).	[MsgId: MWAR-15995]
kaas_DocSearchHPES_Promotion_query.c(9): Error -26608: HTTP Status-Code=504 (Gateway Timeout) for "https://hx9ekpvvbi.execute-api.us-east-1.amazonaws.com/KaaS-ITG/v2/search?q=keyboard&resultLimit=15&resultStart=0&languageCode=en&countryCode=us&promotions=true&store=promotions&filters=products:(NONE)%20AND%20NOT%20publicationdestination:(FindMyProduct)"  	[MsgId: MERR-26608]
Warning: Iteration pacing cannot be reached (pace time = 5.99, actual time = 29.05).	[MsgId: MWAR-15995]
kaas_DocSearchHPES_Promotion_query.c(9): Error -26608: HTTP Status-Code=504 (Gateway Timeout) for "https://hx9ekpvvbi.execute-api.us-east-1.amazonaws.com/KaaS-ITG/v2/search?q=REPLACED MY TRI COLOR AND BLACK INK CARTRIDGE AND I STILL CAN'T PRINT FROM MY CO PUTER MY COMPUTER NO LONGER GIVES ME THE PRINT OPTION&resultLimit=15&resultStart=0&languageCode=en&countryCode=us&promotions=true&store=promotions&filters=products:(NONE)%20AND%20NOT%20publicationdestination:(FindMyProduct)"  	[MsgId: MERR-26608]
Warning: Iteration pacing cannot be reached (pace time = 5.73, actual time = 29.05).	[MsgId: MWAR-15995]
kaas_DocSearchHPES_Promotion_query.c(9): Error -26608: HTTP Status-Code=504 (Gateway Timeout) for "https://hx9ekpvvbi.execute-api.us-east-1.amazonaws.com/KaaS-ITG/v2/search?q=touchscreen&resultLimit=15&resultStart=0&languageCode=en&countryCode=us&promotions=true&store=promotions&filters=products:(NONE)%20AND%20NOT%20publicationdestination:(FindMyProduct)"  	[MsgId: MERR-26608]
Warning: Iteration pacing cannot be reached (pace time = 5.18, actual time = 29.04).	[MsgId: MWAR-15995]
kaas_DocSearchHPES_Promotion_query.c(9): Error -26608: HTTP Status-Code=504 (Gateway Timeout) for "https://hx9ekpvvbi.execute-api.us-east-1.amazonaws.com/KaaS-ITG/v2/search?q=win10&resultLimit=15&resultStart=0&languageCode=en&countryCode=us&promotions=true&store=promotions&filters=products:(NONE)%20AND%20NOT%20publicationdestination:(FindMyProduct)"  	[MsgId: MERR-26608]
Warning: Iteration pacing cannot be reached (pace time = 5.31, actual time = 29.04).	[MsgId: MWAR-15995]
kaas_DocSearchHPES_Promotion_query.c(9): Error -26608: HTTP Status-Code=504 (Gateway Timeout) for "https://hx9ekpvvbi.execute-api.us-east-1.amazonaws.com/KaaS-ITG/v2/search?q=REPLACED MY TRI COLOR AND BLACK INK CARTRIDGE AND I STILL CAN'T PRINT FROM MY CO PUTER MY COMPUTER NO LONGER GIVES ME THE PRINT OPTION&resultLimit=15&resultStart=0&languageCode=en&countryCode=us&promotions=true&store=promotions&filters=products:(NONE)%20AND%20NOT%20publicationdestination:(FindMyProduct)"  	[MsgId: MERR-26608]
Warning: Iteration pacing cannot be reached (pace time = 5.78, actual time = 29.05).	[MsgId: MWAR-15995]
kaas_DocSearchHPES_Promotion_query.c(9): Error -26608: HTTP Status-Code=504 (Gateway Timeout) for "https://hx9ekpvvbi.execute-api.us-east-1.amazonaws.com/KaaS-ITG/v2/search?q=kbrf57711&resultLimit=15&resultStart=0&languageCode=en&countryCode=us&promotions=true&store=promotions&filters=products:(NONE)%20AND%20NOT%20publicationdestination:(FindMyProduct)"  	[MsgId: MERR-26608]
Warning: Iteration pacing cannot be reached (pace time = 5.77, actual time = 29.04).	[MsgId: MWAR-15995]
kaas_DocSearchHPES_Promotion_query.c(9): Error -26608: HTTP Status-Code=504 (Gateway Timeout) for "https://hx9ekpvvbi.execute-api.us-east-1.amazonaws.com/KaaS-ITG/v2/search?q=REPLACED MY TRI COLOR AND BLACK INK CARTRIDGE AND I STILL CAN'T PRINT FROM MY CO PUTER MY COMPUTER NO LONGER GIVES ME THE PRINT OPTION&resultLimit=15&resultStart=0&languageCode=en&countryCode=us&promotions=true&store=promotions&filters=products:(NONE)%20AND%20NOT%20publicationdestination:(FindMyProduct)"  	[MsgId: MERR-26608]
Warning: Iteration pacing cannot be reached (pace time = 5.17, actual time = 29.04).	[MsgId: MWAR-15995]
kaas_DocSearchHPES_Promotion_query.c(9): Error -26608: HTTP Status-Code=504 (Gateway Timeout) for "https://hx9ekpvvbi.execute-api.us-east-1.amazonaws.com/KaaS-ITG/v2/search?q=buy battery&resultLimit=15&resultStart=0&languageCode=en&countryCode=us&promotions=true&store=promotions&filters=products:(NONE)%20AND%20NOT%20publicationdestination:(FindMyProduct)"  	[MsgId: MERR-26608]
Warning: Iteration pacing cannot be reached (pace time = 5.01, actual time = 29.04).	[MsgId: MWAR-15995]
kaas_DocSearchHPES_Promotion_query.c(9): Error -26608: HTTP Status-Code=504 (Gateway Timeout) for "https://hx9ekpvvbi.execute-api.us-east-1.amazonaws.com/KaaS-ITG/v2/search?q=win10&resultLimit=15&resultStart=0&languageCode=en&countryCode=us&promotions=true&store=promotions&filters=products:(NONE)%20AND%20NOT%20publicationdestination:(FindMyProduct)"  	[MsgId: MERR-26608]
Warning: Iteration pacing cannot be reached (pace time = 5.63, actual time = 29.05).	[MsgId: MWAR-15995]
kaas_DocSearchHPES_Promotion_query.c(9): Error -26608: HTTP Status-Code=504 (Gateway Timeout) for "https://hx9ekpvvbi.execute-api.us-east-1.amazonaws.com/KaaS-ITG/v2/search?q=keyboard&resultLimit=15&resultStart=0&languageCode=en&countryCode=us&promotions=true&store=promotions&filters=products:(NONE)%20AND%20NOT%20publicationdestination:(FindMyProduct)"  	[MsgId: MERR-26608]
Warning: Iteration pacing cannot be reached (pace time = 5.95, actual time = 29.05).	[MsgId: MWAR-15995]
kaas_DocSearchHPES_Promotion_query.c(9): Error -26608: HTTP Status-Code=504 (Gateway Timeout) for "https://hx9ekpvvbi.execute-api.us-east-1.amazonaws.com/KaaS-ITG/v2/search?q=buy battery&resultLimit=15&resultStart=0&languageCode=en&countryCode=us&promotions=true&store=promotions&filters=products:(NONE)%20AND%20NOT%20publicationdestination:(FindMyProduct)"  	[MsgId: MERR-26608]
Warning: Iteration pacing cannot be reached (pace time = 5.46, actual time = 29.04).	[MsgId: MWAR-15995]
kaas_DocSearchHPES_Promotion_query.c(9): Error -26608: HTTP Status-Code=504 (Gateway Timeout) for "https://hx9ekpvvbi.execute-api.us-east-1.amazonaws.com/KaaS-ITG/v2/search?q=purchase battery&resultLimit=15&resultStart=0&languageCode=en&countryCode=us&promotions=true&store=promotions&filters=products:(NONE)%20AND%20NOT%20publicationdestination:(FindMyProduct)"  	[MsgId: MERR-26608]
Warning: Iteration pacing cannot be reached (pace time = 5.26, actual time = 29.04).	[MsgId: MWAR-15995]
kaas_DocSearchHPES_Promotion_query.c(9): Error -26608: HTTP Status-Code=504 (Gateway Timeout) for "https://hx9ekpvvbi.execute-api.us-east-1.amazonaws.com/KaaS-ITG/v2/search?q=blue screen&resultLimit=15&resultStart=0&languageCode=en&countryCode=us&promotions=true&store=promotions&filters=products:(NONE)%20AND%20NOT%20publicationdestination:(FindMyProduct)"  	[MsgId: MERR-26608]
Warning: Iteration pacing cannot be reached (pace time = 5.90, actual time = 29.04).	[MsgId: MWAR-15995]
kaas_DocSearchHPES_Promotion_query.c(9): Error -26608: HTTP Status-Code=504 (Gateway Timeout) for "https://hx9ekpvvbi.execute-api.us-east-1.amazonaws.com/KaaS-ITG/v2/search?q=buy battery&resultLimit=15&resultStart=0&languageCode=en&countryCode=us&promotions=true&store=promotions&filters=products:(NONE)%20AND%20NOT%20publicationdestination:(FindMyProduct)"  	[MsgId: MERR-26608]
Warning: Iteration pacing cannot be reached (pace time = 5.34, actual time = 29.04).	[MsgId: MWAR-15995]
kaas_DocSearchHPES_Promotion_query.c(9): Error -26608: HTTP Status-Code=504 (Gateway Timeout) for "https://hx9ekpvvbi.execute-api.us-east-1.amazonaws.com/KaaS-ITG/v2/search?q=spectre&resultLimit=15&resultStart=0&languageCode=en&countryCode=us&promotions=true&store=promotions&filters=products:(NONE)%20AND%20NOT%20publicationdestination:(FindMyProduct)"  	[MsgId: MERR-26608]
Warning: Iteration pacing cannot be reached (pace time = 5.58, actual time = 29.20).	[MsgId: MWAR-15995]
kaas_DocSearchHPES_Promotion_query.c(9): Error -26608: HTTP Status-Code=504 (Gateway Timeout) for "https://hx9ekpvvbi.execute-api.us-east-1.amazonaws.com/KaaS-ITG/v2/search?q=purchase battery&resultLimit=15&resultStart=0&languageCode=en&countryCode=us&promotions=true&store=promotions&filters=products:(NONE)%20AND%20NOT%20publicationdestination:(FindMyProduct)"  	[MsgId: MERR-26608]
Warning: Iteration pacing cannot be reached (pace time = 5.37, actual time = 29.04).	[MsgId: MWAR-15995]
kaas_DocSearchHPES_Promotion_query.c(9): Error -26608: HTTP Status-Code=504 (Gateway Timeout) for "https://hx9ekpvvbi.execute-api.us-east-1.amazonaws.com/KaaS-ITG/v2/search?q=paper jam&resultLimit=15&resultStart=0&languageCode=en&countryCode=us&promotions=true&store=promotions&filters=products:(NONE)%20AND%20NOT%20publicationdestination:(FindMyProduct)"  	[MsgId: MERR-26608]
Warning: Iteration pacing cannot be reached (pace time = 5.43, actual time = 29.04).	[MsgId: MWAR-15995]
kaas_DocSearchHPES_Promotion_query.c(9): Error -26608: HTTP Status-Code=504 (Gateway Timeout) for "https://hx9ekpvvbi.execute-api.us-east-1.amazonaws.com/KaaS-ITG/v2/search?q=buy battery&resultLimit=15&resultStart=0&languageCode=en&countryCode=us&promotions=true&store=promotions&filters=products:(NONE)%20AND%20NOT%20publicationdestination:(FindMyProduct)"  	[MsgId: MERR-26608]
Warning: Iteration pacing cannot be reached (pace time = 5.07, actual time = 29.20).	[MsgId: MWAR-15995]
kaas_DocSearchHPES_Promotion_query.c(9): Error -26608: HTTP Status-Code=504 (Gateway Timeout) for "https://hx9ekpvvbi.execute-api.us-east-1.amazonaws.com/KaaS-ITG/v2/search?q=blue screen&resultLimit=15&resultStart=0&languageCode=en&countryCode=us&promotions=true&store=promotions&filters=products:(NONE)%20AND%20NOT%20publicationdestination:(FindMyProduct)"  	[MsgId: MERR-26608]
Warning: Iteration pacing cannot be reached (pace time = 5.51, actual time = 29.05).	[MsgId: MWAR-15995]
kaas_DocSearchHPES_Promotion_query.c(9): Error -26608: HTTP Status-Code=504 (Gateway Timeout) for "https://hx9ekpvvbi.execute-api.us-east-1.amazonaws.com/KaaS-ITG/v2/search?q=touchpad&resultLimit=15&resultStart=0&languageCode=en&countryCode=us&promotions=true&store=promotions&filters=products:(NONE)%20AND%20NOT%20publicationdestination:(FindMyProduct)"  	[MsgId: MERR-26608]
Warning: Iteration pacing cannot be reached (pace time = 5.11, actual time = 29.05).	[MsgId: MWAR-15995]
kaas_DocSearchHPES_Promotion_query.c(9): Error -26608: HTTP Status-Code=504 (Gateway Timeout) for "https://hx9ekpvvbi.execute-api.us-east-1.amazonaws.com/KaaS-ITG/v2/search?q=gaming&resultLimit=15&resultStart=0&languageCode=en&countryCode=us&promotions=true&store=promotions&filters=products:(NONE)%20AND%20NOT%20publicationdestination:(FindMyProduct)"  	[MsgId: MERR-26608]
Warning: Iteration pacing cannot be reached (pace time = 5.52, actual time = 29.05).	[MsgId: MWAR-15995]
kaas_DocSearchHPES_Promotion_query.c(9): Error -26608: HTTP Status-Code=504 (Gateway Timeout) for "https://hx9ekpvvbi.execute-api.us-east-1.amazonaws.com/KaaS-ITG/v2/search?q=bios&resultLimit=15&resultStart=0&languageCode=en&countryCode=us&promotions=true&store=promotions&filters=products:(NONE)%20AND%20NOT%20publicationdestination:(FindMyProduct)"  	[MsgId: MERR-26608]
Warning: Iteration pacing cannot be reached (pace time = 5.08, actual time = 29.04).	[MsgId: MWAR-15995]
Warning: Iteration pacing cannot be reached (pace time = 5.58, actual time = 21.77).	[MsgId: MWAR-15995]
Warning: Iteration pacing cannot be reached (pace time = 5.67, actual time = 19.17).	[MsgId: MWAR-15995]
Warning: Iteration pacing cannot be reached (pace time = 5.68, actual time = 7.62).	[MsgId: MWAR-15995]
Warning: Iteration pacing cannot be reached (pace time = 5.80, actual time = 14.41).	[MsgId: MWAR-15995]
Warning: Iteration pacing cannot be reached (pace time = 5.66, actual time = 23.21).	[MsgId: MWAR-15995]
Warning: Iteration pacing cannot be reached (pace time = 5.41, actual time = 10.52).	[MsgId: MWAR-15995]
Warning: Iteration pacing cannot be reached (pace time = 5.43, actual time = 19.11).	[MsgId: MWAR-15995]
Warning: Iteration pacing cannot be reached (pace time = 5.23, actual time = 17.30).	[MsgId: MWAR-15995]
Warning: Iteration pacing cannot be reached (pace time = 5.46, actual time = 10.26).	[MsgId: MWAR-15995]
Warning: Iteration pacing cannot be reached (pace time = 5.74, actual time = 10.72).	[MsgId: MWAR-15995]
Warning: Iteration pacing cannot be reached (pace time = 5.47, actual time = 16.34).	[MsgId: MWAR-15995]
Warning: Iteration pacing cannot be reached (pace time = 5.22, actual time = 18.38).	[MsgId: MWAR-15995]
Warning: Iteration pacing cannot be reached (pace time = 5.40, actual time = 25.08).	[MsgId: MWAR-15995]
Warning: Iteration pacing cannot be reached (pace time = 5.88, actual time = 6.77).	[MsgId: MWAR-15995]
Warning: Iteration pacing cannot be reached (pace time = 5.84, actual time = 5.85).	[MsgId: MWAR-15995]
Warning: Iteration pacing cannot be reached (pace time = 5.36, actual time = 6.25).	[MsgId: MWAR-15995]
Warning: Iteration pacing cannot be reached (pace time = 5.93, actual time = 7.10).	[MsgId: MWAR-15995]
Warning: Iteration pacing cannot be reached (pace time = 5.65, actual time = 24.41).	[MsgId: MWAR-15995]
Warning: Iteration pacing cannot be reached (pace time = 5.31, actual time = 5.79).	[MsgId: MWAR-15995]
Warning: Iteration pacing cannot be reached (pace time = 5.75, actual time = 24.71).	[MsgId: MWAR-15995]
Warning: Iteration pacing cannot be reached (pace time = 5.20, actual time = 6.09).	[MsgId: MWAR-15995]
Warning: Iteration pacing cannot be reached (pace time = 5.34, actual time = 5.87).	[MsgId: MWAR-15995]
Warning: Iteration pacing cannot be reached (pace time = 5.74, actual time = 8.09).	[MsgId: MWAR-15995]
Warning: Iteration pacing cannot be reached (pace time = 5.01, actual time = 8.28).	[MsgId: MWAR-15995]
Warning: Iteration pacing cannot be reached (pace time = 5.07, actual time = 8.09).	[MsgId: MWAR-15995]
Warning: Iteration pacing cannot be reached (pace time = 5.72, actual time = 8.56).	[MsgId: MWAR-15995]
Warning: Iteration pacing cannot be reached (pace time = 5.17, actual time = 8.17).	[MsgId: MWAR-15995]
Warning: Iteration pacing cannot be reached (pace time = 5.01, actual time = 8.76).	[MsgId: MWAR-15995]
Warning: Iteration pacing cannot be reached (pace time = 5.46, actual time = 8.20).	[MsgId: MWAR-15995]
Warning: Iteration pacing cannot be reached (pace time = 5.24, actual time = 7.26).	[MsgId: MWAR-15995]
Warning: Iteration pacing cannot be reached (pace time = 5.38, actual time = 5.97).	[MsgId: MWAR-15995]
Warning: Iteration pacing cannot be reached (pace time = 5.84, actual time = 7.41).	[MsgId: MWAR-15995]
kaas_DocSearchHPES_Promotion_query.c(9): Error -26608: HTTP Status-Code=504 (Gateway Timeout) for "https://hx9ekpvvbi.execute-api.us-east-1.amazonaws.com/KaaS-ITG/v2/search?q=touchscreen&resultLimit=15&resultStart=0&languageCode=en&countryCode=us&promotions=true&store=promotions&filters=products:(NONE)%20AND%20NOT%20publicationdestination:(FindMyProduct)"  	[MsgId: MERR-26608]
Warning: Iteration pacing cannot be reached (pace time = 5.49, actual time = 29.04).	[MsgId: MWAR-15995]
kaas_DocSearchHPES_Promotion_query.c(9): Error -26608: HTTP Status-Code=504 (Gateway Timeout) for "https://hx9ekpvvbi.execute-api.us-east-1.amazonaws.com/KaaS-ITG/v2/search?q=blue screen&resultLimit=15&resultStart=0&languageCode=en&countryCode=us&promotions=true&store=promotions&filters=products:(NONE)%20AND%20NOT%20publicationdestination:(FindMyProduct)"  	[MsgId: MERR-26608]
Warning: Iteration pacing cannot be reached (pace time = 5.19, actual time = 29.04).	[MsgId: MWAR-15995]
kaas_DocSearchHPES_Promotion_query.c(9): Error -26608: HTTP Status-Code=504 (Gateway Timeout) for "https://hx9ekpvvbi.execute-api.us-east-1.amazonaws.com/KaaS-ITG/v2/search?q=touchpad&resultLimit=15&resultStart=0&languageCode=en&countryCode=us&promotions=true&store=promotions&filters=products:(NONE)%20AND%20NOT%20publicationdestination:(FindMyProduct)"  	[MsgId: MERR-26608]
Warning: Iteration pacing cannot be reached (pace time = 5.18, actual time = 29.04).	[MsgId: MWAR-15995]
kaas_DocSearchHPES_Promotion_query.c(9): Error -26608: HTTP Status-Code=504 (Gateway Timeout) for "https://hx9ekpvvbi.execute-api.us-east-1.amazonaws.com/KaaS-ITG/v2/search?q=paper jam&resultLimit=15&resultStart=0&languageCode=en&countryCode=us&promotions=true&store=promotions&filters=products:(NONE)%20AND%20NOT%20publicationdestination:(FindMyProduct)"  	[MsgId: MERR-26608]
Warning: Iteration pacing cannot be reached (pace time = 5.17, actual time = 29.04).	[MsgId: MWAR-15995]
kaas_DocSearchHPES_Promotion_query.c(9): Error -26608: HTTP Status-Code=504 (Gateway Timeout) for "https://hx9ekpvvbi.execute-api.us-east-1.amazonaws.com/KaaS-ITG/v2/search?q=driver&resultLimit=15&resultStart=0&languageCode=en&countryCode=us&promotions=true&store=promotions&filters=products:(NONE)%20AND%20NOT%20publicationdestination:(FindMyProduct)"  	[MsgId: MERR-26608]
Warning: Iteration pacing cannot be reached (pace time = 5.14, actual time = 29.04).	[MsgId: MWAR-15995]
kaas_DocSearchHPES_Promotion_query.c(9): Error -26608: HTTP Status-Code=504 (Gateway Timeout) for "https://hx9ekpvvbi.execute-api.us-east-1.amazonaws.com/KaaS-ITG/v2/search?q=paper jam&resultLimit=15&resultStart=0&languageCode=en&countryCode=us&promotions=true&store=promotions&filters=products:(NONE)%20AND%20NOT%20publicationdestination:(FindMyProduct)"  	[MsgId: MERR-26608]
Warning: Iteration pacing cannot be reached (pace time = 5.06, actual time = 29.04).	[MsgId: MWAR-15995]
kaas_DocSearchHPES_Promotion_query.c(9): Error -26608: HTTP Status-Code=504 (Gateway Timeout) for "https://hx9ekpvvbi.execute-api.us-east-1.amazonaws.com/KaaS-ITG/v2/search?q=touchpad&resultLimit=15&resultStart=0&languageCode=en&countryCode=us&promotions=true&store=promotions&filters=products:(NONE)%20AND%20NOT%20publicationdestination:(FindMyProduct)"  	[MsgId: MERR-26608]
Warning: Iteration pacing cannot be reached (pace time = 5.85, actual time = 29.04).	[MsgId: MWAR-15995]
kaas_DocSearchHPES_Promotion_query.c(9): Error -26608: HTTP Status-Code=504 (Gateway Timeout) for "https://hx9ekpvvbi.execute-api.us-east-1.amazonaws.com/KaaS-ITG/v2/search?q=REPLACED MY TRI COLOR AND BLACK INK CARTRIDGE AND I STILL CAN'T PRINT FROM MY CO PUTER MY COMPUTER NO LONGER GIVES ME THE PRINT OPTION&resultLimit=15&resultStart=0&languageCode=en&countryCode=us&promotions=true&store=promotions&filters=products:(NONE)%20AND%20NOT%20publicationdestination:(FindMyProduct)"  	[MsgId: MERR-26608]
Warning: Iteration pacing cannot be reached (pace time = 5.74, actual time = 29.04).	[MsgId: MWAR-15995]
kaas_DocSearchHPES_Promotion_query.c(9): Error -26608: HTTP Status-Code=504 (Gateway Timeout) for "https://hx9ekpvvbi.execute-api.us-east-1.amazonaws.com/KaaS-ITG/v2/search?q=REPLACED MY TRI COLOR AND BLACK INK CARTRIDGE AND I STILL CAN'T PRINT FROM MY CO PUTER MY COMPUTER NO LONGER GIVES ME THE PRINT OPTION&resultLimit=15&resultStart=0&languageCode=en&countryCode=us&promotions=true&store=promotions&filters=products:(NONE)%20AND%20NOT%20publicationdestination:(FindMyProduct)"  	[MsgId: MERR-26608]
Warning: Iteration pacing cannot be reached (pace time = 5.70, actual time = 29.04).	[MsgId: MWAR-15995]
kaas_DocSearchHPES_Promotion_query.c(9): Error -26608: HTTP Status-Code=504 (Gateway Timeout) for "https://hx9ekpvvbi.execute-api.us-east-1.amazonaws.com/KaaS-ITG/v2/search?q=blue screen&resultLimit=15&resultStart=0&languageCode=en&countryCode=us&promotions=true&store=promotions&filters=products:(NONE)%20AND%20NOT%20publicationdestination:(FindMyProduct)"  	[MsgId: MERR-26608]
Warning: Iteration pacing cannot be reached (pace time = 5.62, actual time = 29.05).	[MsgId: MWAR-15995]
kaas_DocSearchHPES_Promotion_query.c(9): Error -26608: HTTP Status-Code=504 (Gateway Timeout) for "https://hx9ekpvvbi.execute-api.us-east-1.amazonaws.com/KaaS-ITG/v2/search?q=driveguard&resultLimit=15&resultStart=0&languageCode=en&countryCode=us&promotions=true&store=promotions&filters=products:(NONE)%20AND%20NOT%20publicationdestination:(FindMyProduct)"  	[MsgId: MERR-26608]
Warning: Iteration pacing cannot be reached (pace time = 5.33, actual time = 29.04).	[MsgId: MWAR-15995]
kaas_DocSearchHPES_Promotion_query.c(9): Error -26608: HTTP Status-Code=504 (Gateway Timeout) for "https://hx9ekpvvbi.execute-api.us-east-1.amazonaws.com/KaaS-ITG/v2/search?q=bcm943142y&resultLimit=15&resultStart=0&languageCode=en&countryCode=us&promotions=true&store=promotions&filters=products:(NONE)%20AND%20NOT%20publicationdestination:(FindMyProduct)"  	[MsgId: MERR-26608]
Warning: Iteration pacing cannot be reached (pace time = 5.33, actual time = 29.04).	[MsgId: MWAR-15995]
kaas_DocSearchHPES_Promotion_query.c(9): Error -26608: HTTP Status-Code=504 (Gateway Timeout) for "https://hx9ekpvvbi.execute-api.us-east-1.amazonaws.com/KaaS-ITG/v2/search?q=touchscreen&resultLimit=15&resultStart=0&languageCode=en&countryCode=us&promotions=true&store=promotions&filters=products:(NONE)%20AND%20NOT%20publicationdestination:(FindMyProduct)"  	[MsgId: MERR-26608]
Warning: Iteration pacing cannot be reached (pace time = 5.08, actual time = 29.05).	[MsgId: MWAR-15995]
kaas_DocSearchHPES_Promotion_query.c(9): Error -26608: HTTP Status-Code=504 (Gateway Timeout) for "https://hx9ekpvvbi.execute-api.us-east-1.amazonaws.com/KaaS-ITG/v2/search?q=bios&resultLimit=15&resultStart=0&languageCode=en&countryCode=us&promotions=true&store=promotions&filters=products:(NONE)%20AND%20NOT%20publicationdestination:(FindMyProduct)"  	[MsgId: MERR-26608]
Warning: Iteration pacing cannot be reached (pace time = 5.34, actual time = 29.04).	[MsgId: MWAR-15995]
kaas_DocSearchHPES_Promotion_query.c(9): Error -26608: HTTP Status-Code=504 (Gateway Timeout) for "https://hx9ekpvvbi.execute-api.us-east-1.amazonaws.com/KaaS-ITG/v2/search?q=buy battery&resultLimit=15&resultStart=0&languageCode=en&countryCode=us&promotions=true&store=promotions&filters=products:(NONE)%20AND%20NOT%20publicationdestination:(FindMyProduct)"  	[MsgId: MERR-26608]
Warning: Iteration pacing cannot be reached (pace time = 5.08, actual time = 29.04).	[MsgId: MWAR-15995]
kaas_DocSearchHPES_Promotion_query.c(9): Error -26608: HTTP Status-Code=504 (Gateway Timeout) for "https://hx9ekpvvbi.execute-api.us-east-1.amazonaws.com/KaaS-ITG/v2/search?q=paper jam&resultLimit=15&resultStart=0&languageCode=en&countryCode=us&promotions=true&store=promotions&filters=products:(NONE)%20AND%20NOT%20publicationdestination:(FindMyProduct)"  	[MsgId: MERR-26608]
Warning: Iteration pacing cannot be reached (pace time = 5.08, actual time = 29.04).	[MsgId: MWAR-15995]
kaas_DocSearchHPES_Promotion_query.c(9): Error -26608: HTTP Status-Code=504 (Gateway Timeout) for "https://hx9ekpvvbi.execute-api.us-east-1.amazonaws.com/KaaS-ITG/v2/search?q=buy battery&resultLimit=15&resultStart=0&languageCode=en&countryCode=us&promotions=true&store=promotions&filters=products:(NONE)%20AND%20NOT%20publicationdestination:(FindMyProduct)"  	[MsgId: MERR-26608]
Warning: Iteration pacing cannot be reached (pace time = 5.39, actual time = 29.04).	[MsgId: MWAR-15995]
kaas_DocSearchHPES_Promotion_query.c(9): Error -26608: HTTP Status-Code=504 (Gateway Timeout) for "https://hx9ekpvvbi.execute-api.us-east-1.amazonaws.com/KaaS-ITG/v2/search?q=bios&resultLimit=15&resultStart=0&languageCode=en&countryCode=us&promotions=true&store=promotions&filters=products:(NONE)%20AND%20NOT%20publicationdestination:(FindMyProduct)"  	[MsgId: MERR-26608]
Warning: Iteration pacing cannot be reached (pace time = 5.42, actual time = 29.04).	[MsgId: MWAR-15995]
kaas_DocSearchHPES_Promotion_query.c(9): Error -26608: HTTP Status-Code=504 (Gateway Timeout) for "https://hx9ekpvvbi.execute-api.us-east-1.amazonaws.com/KaaS-ITG/v2/search?q=buy battery&resultLimit=15&resultStart=0&languageCode=en&countryCode=us&promotions=true&store=promotions&filters=products:(NONE)%20AND%20NOT%20publicationdestination:(FindMyProduct)"  	[MsgId: MERR-26608]
Warning: Iteration pacing cannot be reached (pace time = 5.04, actual time = 29.04).	[MsgId: MWAR-15995]
kaas_DocSearchHPES_Promotion_query.c(9): Error -26608: HTTP Status-Code=504 (Gateway Timeout) for "https://hx9ekpvvbi.execute-api.us-east-1.amazonaws.com/KaaS-ITG/v2/search?q=driver&resultLimit=15&resultStart=0&languageCode=en&countryCode=us&promotions=true&store=promotions&filters=products:(NONE)%20AND%20NOT%20publicationdestination:(FindMyProduct)"  	[MsgId: MERR-26608]
Warning: Iteration pacing cannot be reached (pace time = 5.53, actual time = 29.04).	[MsgId: MWAR-15995]
kaas_DocSearchHPES_Promotion_query.c(9): Error -26608: HTTP Status-Code=504 (Gateway Timeout) for "https://hx9ekpvvbi.execute-api.us-east-1.amazonaws.com/KaaS-ITG/v2/search?q=REPLACED MY TRI COLOR AND BLACK INK CARTRIDGE AND I STILL CAN'T PRINT FROM MY CO PUTER MY COMPUTER NO LONGER GIVES ME THE PRINT OPTION&resultLimit=15&resultStart=0&languageCode=en&countryCode=us&promotions=true&store=promotions&filters=products:(NONE)%20AND%20NOT%20publicationdestination:(FindMyProduct)"  	[MsgId: MERR-26608]
Warning: Iteration pacing cannot be reached (pace time = 5.37, actual time = 29.04).	[MsgId: MWAR-15995]
kaas_DocSearchHPES_Promotion_query.c(9): Error -26608: HTTP Status-Code=504 (Gateway Timeout) for "https://hx9ekpvvbi.execute-api.us-east-1.amazonaws.com/KaaS-ITG/v2/search?q=gaming&resultLimit=15&resultStart=0&languageCode=en&countryCode=us&promotions=true&store=promotions&filters=products:(NONE)%20AND%20NOT%20publicationdestination:(FindMyProduct)"  	[MsgId: MERR-26608]
Warning: Iteration pacing cannot be reached (pace time = 5.27, actual time = 29.04).	[MsgId: MWAR-15995]
kaas_DocSearchHPES_Promotion_query.c(9): Error -26608: HTTP Status-Code=504 (Gateway Timeout) for "https://hx9ekpvvbi.execute-api.us-east-1.amazonaws.com/KaaS-ITG/v2/search?q=buy battery&resultLimit=15&resultStart=0&languageCode=en&countryCode=us&promotions=true&store=promotions&filters=products:(NONE)%20AND%20NOT%20publicationdestination:(FindMyProduct)"  	[MsgId: MERR-26608]
Warning: Iteration pacing cannot be reached (pace time = 5.80, actual time = 29.05).	[MsgId: MWAR-15995]
kaas_DocSearchHPES_Promotion_query.c(9): Error -26608: HTTP Status-Code=504 (Gateway Timeout) for "https://hx9ekpvvbi.execute-api.us-east-1.amazonaws.com/KaaS-ITG/v2/search?q=touchscreen&resultLimit=15&resultStart=0&languageCode=en&countryCode=us&promotions=true&store=promotions&filters=products:(NONE)%20AND%20NOT%20publicationdestination:(FindMyProduct)"  	[MsgId: MERR-26608]
Warning: Iteration pacing cannot be reached (pace time = 5.87, actual time = 29.04).	[MsgId: MWAR-15995]
kaas_DocSearchHPES_Promotion_query.c(9): Error -26608: HTTP Status-Code=504 (Gateway Timeout) for "https://hx9ekpvvbi.execute-api.us-east-1.amazonaws.com/KaaS-ITG/v2/search?q=spectre&resultLimit=15&resultStart=0&languageCode=en&countryCode=us&promotions=true&store=promotions&filters=products:(NONE)%20AND%20NOT%20publicationdestination:(FindMyProduct)"  	[MsgId: MERR-26608]
Warning: Iteration pacing cannot be reached (pace time = 5.11, actual time = 29.05).	[MsgId: MWAR-15995]
kaas_DocSearchHPES_Promotion_query.c(9): Error -26608: HTTP Status-Code=504 (Gateway Timeout) for "https://hx9ekpvvbi.execute-api.us-east-1.amazonaws.com/KaaS-ITG/v2/search?q=driver&resultLimit=15&resultStart=0&languageCode=en&countryCode=us&promotions=true&store=promotions&filters=products:(NONE)%20AND%20NOT%20publicationdestination:(FindMyProduct)"  	[MsgId: MERR-26608]
Warning: Iteration pacing cannot be reached (pace time = 5.52, actual time = 29.04).	[MsgId: MWAR-15995]
kaas_DocSearchHPES_Promotion_query.c(9): Error -26608: HTTP Status-Code=504 (Gateway Timeout) for "https://hx9ekpvvbi.execute-api.us-east-1.amazonaws.com/KaaS-ITG/v2/search?q=support&resultLimit=15&resultStart=0&languageCode=en&countryCode=us&promotions=true&store=promotions&filters=products:(NONE)%20AND%20NOT%20publicationdestination:(FindMyProduct)"  	[MsgId: MERR-26608]
Warning: Iteration pacing cannot be reached (pace time = 5.46, actual time = 29.05).	[MsgId: MWAR-15995]
kaas_DocSearchHPES_Promotion_query.c(9): Error -26608: HTTP Status-Code=504 (Gateway Timeout) for "https://hx9ekpvvbi.execute-api.us-east-1.amazonaws.com/KaaS-ITG/v2/search?q=charger&resultLimit=15&resultStart=0&languageCode=en&countryCode=us&promotions=true&store=promotions&filters=products:(NONE)%20AND%20NOT%20publicationdestination:(FindMyProduct)"  	[MsgId: MERR-26608]
Warning: Iteration pacing cannot be reached (pace time = 5.16, actual time = 29.04).	[MsgId: MWAR-15995]
Warning: Iteration pacing cannot be reached (pace time = 5.43, actual time = 23.11).	[MsgId: MWAR-15995]
Warning: Iteration pacing cannot be reached (pace time = 5.33, actual time = 24.20).	[MsgId: MWAR-15995]
Warning: Iteration pacing cannot be reached (pace time = 5.52, actual time = 23.38).	[MsgId: MWAR-15995]
Warning: Iteration pacing cannot be reached (pace time = 5.80, actual time = 25.64).	[MsgId: MWAR-15995]
Warning: Iteration pacing cannot be reached (pace time = 5.04, actual time = 23.55).	[MsgId: MWAR-15995]
kaas_DocSearchHPES_Promotion_query.c(9): Error -26608: HTTP Status-Code=504 (Gateway Timeout) for "https://hx9ekpvvbi.execute-api.us-east-1.amazonaws.com/KaaS-ITG/v2/search?q=blue screen&resultLimit=15&resultStart=0&languageCode=en&countryCode=us&promotions=true&store=promotions&filters=products:(NONE)%20AND%20NOT%20publicationdestination:(FindMyProduct)"  	[MsgId: MERR-26608]
Warning: Iteration pacing cannot be reached (pace time = 5.27, actual time = 29.04).	[MsgId: MWAR-15995]
kaas_DocSearchHPES_Promotion_query.c(9): Error -26608: HTTP Status-Code=504 (Gateway Timeout) for "https://hx9ekpvvbi.execute-api.us-east-1.amazonaws.com/KaaS-ITG/v2/search?q=spectre&resultLimit=15&resultStart=0&languageCode=en&countryCode=us&promotions=true&store=promotions&filters=products:(NONE)%20AND%20NOT%20publicationdestination:(FindMyProduct)"  	[MsgId: MERR-26608]
Warning: Iteration pacing cannot be reached (pace time = 5.82, actual time = 29.19).	[MsgId: MWAR-15995]
kaas_DocSearchHPES_Promotion_query.c(9): Error -26608: HTTP Status-Code=504 (Gateway Timeout) for "https://hx9ekpvvbi.execute-api.us-east-1.amazonaws.com/KaaS-ITG/v2/search?q=bios&resultLimit=15&resultStart=0&languageCode=en&countryCode=us&promotions=true&store=promotions&filters=products:(NONE)%20AND%20NOT%20publicationdestination:(FindMyProduct)"  	[MsgId: MERR-26608]
Warning: Iteration pacing cannot be reached (pace time = 5.04, actual time = 29.04).	[MsgId: MWAR-15995]
kaas_DocSearchHPES_Promotion_query.c(9): Error -26608: HTTP Status-Code=504 (Gateway Timeout) for "https://hx9ekpvvbi.execute-api.us-east-1.amazonaws.com/KaaS-ITG/v2/search?q=buy battery&resultLimit=15&resultStart=0&languageCode=en&countryCode=us&promotions=true&store=promotions&filters=products:(NONE)%20AND%20NOT%20publicationdestination:(FindMyProduct)"  	[MsgId: MERR-26608]
Warning: Iteration pacing cannot be reached (pace time = 5.16, actual time = 29.04).	[MsgId: MWAR-15995]
Warning: Iteration pacing cannot be reached (pace time = 5.30, actual time = 21.19).	[MsgId: MWAR-15995]
kaas_DocSearchHPES_Promotion_query.c(9): Error -26608: HTTP Status-Code=504 (Gateway Timeout) for "https://hx9ekpvvbi.execute-api.us-east-1.amazonaws.com/KaaS-ITG/v2/search?q=spectre&resultLimit=15&resultStart=0&languageCode=en&countryCode=us&promotions=true&store=promotions&filters=products:(NONE)%20AND%20NOT%20publicationdestination:(FindMyProduct)"  	[MsgId: MERR-26608]
Warning: Iteration pacing cannot be reached (pace time = 5.37, actual time = 29.04).	[MsgId: MWAR-15995]
kaas_DocSearchHPES_Promotion_query.c(9): Error -26608: HTTP Status-Code=504 (Gateway Timeout) for "https://hx9ekpvvbi.execute-api.us-east-1.amazonaws.com/KaaS-ITG/v2/search?q=purchase battery&resultLimit=15&resultStart=0&languageCode=en&countryCode=us&promotions=true&store=promotions&filters=products:(NONE)%20AND%20NOT%20publicationdestination:(FindMyProduct)"  	[MsgId: MERR-26608]
Warning: Iteration pacing cannot be reached (pace time = 5.98, actual time = 29.04).	[MsgId: MWAR-15995]
Warning: Iteration pacing cannot be reached (pace time = 5.12, actual time = 18.38).	[MsgId: MWAR-15995]
Warning: Iteration pacing cannot be reached (pace time = 5.29, actual time = 25.56).	[MsgId: MWAR-15995]
Warning: Iteration pacing cannot be reached (pace time = 5.28, actual time = 18.18).	[MsgId: MWAR-15995]
Warning: Iteration pacing cannot be reached (pace time = 5.12, actual time = 25.26).	[MsgId: MWAR-15995]
Warning: Iteration pacing cannot be reached (pace time = 5.29, actual time = 27.89).	[MsgId: MWAR-15995]
Warning: Iteration pacing cannot be reached (pace time = 5.91, actual time = 12.45).	[MsgId: MWAR-15995]
Warning: Iteration pacing cannot be reached (pace time = 5.12, actual time = 28.87).	[MsgId: MWAR-15995]
kaas_DocSearchHPES_Promotion_query.c(9): Error -26608: HTTP Status-Code=504 (Gateway Timeout) for "https://hx9ekpvvbi.execute-api.us-east-1.amazonaws.com/KaaS-ITG/v2/search?q=bios&resultLimit=15&resultStart=0&languageCode=en&countryCode=us&promotions=true&store=promotions&filters=products:(NONE)%20AND%20NOT%20publicationdestination:(FindMyProduct)"  	[MsgId: MERR-26608]
Warning: Iteration pacing cannot be reached (pace time = 5.71, actual time = 29.20).	[MsgId: MWAR-15995]
Warning: Iteration pacing cannot be reached (pace time = 5.86, actual time = 16.10).	[MsgId: MWAR-15995]
Warning: Iteration pacing cannot be reached (pace time = 5.64, actual time = 17.39).	[MsgId: MWAR-15995]
Warning: Iteration pacing cannot be reached (pace time = 5.33, actual time = 27.07).	[MsgId: MWAR-15995]
Warning: Iteration pacing cannot be reached (pace time = 5.20, actual time = 25.67).	[MsgId: MWAR-15995]
Warning: Iteration pacing cannot be reached (pace time = 5.85, actual time = 10.63).	[MsgId: MWAR-15995]
Warning: Iteration pacing cannot be reached (pace time = 5.13, actual time = 12.59).	[MsgId: MWAR-15995]
Warning: Iteration pacing cannot be reached (pace time = 5.84, actual time = 22.59).	[MsgId: MWAR-15995]
Warning: Iteration pacing cannot be reached (pace time = 5.51, actual time = 28.24).	[MsgId: MWAR-15995]
Warning: Iteration pacing cannot be reached (pace time = 5.43, actual time = 26.51).	[MsgId: MWAR-15995]
Warning: Iteration pacing cannot be reached (pace time = 5.15, actual time = 21.08).	[MsgId: MWAR-15995]
Warning: Iteration pacing cannot be reached (pace time = 5.25, actual time = 25.59).	[MsgId: MWAR-15995]
Warning: Iteration pacing cannot be reached (pace time = 5.40, actual time = 26.83).	[MsgId: MWAR-15995]
Warning: Iteration pacing cannot be reached (pace time = 5.43, actual time = 22.26).	[MsgId: MWAR-15995]
Warning: Iteration pacing cannot be reached (pace time = 5.81, actual time = 6.59).	[MsgId: MWAR-15995]
Warning: Iteration pacing cannot be reached (pace time = 5.19, actual time = 9.92).	[MsgId: MWAR-15995]
Warning: Iteration pacing cannot be reached (pace time = 5.78, actual time = 10.67).	[MsgId: MWAR-15995]
Warning: Iteration pacing cannot be reached (pace time = 5.56, actual time = 6.06).	[MsgId: MWAR-15995]
Warning: Iteration pacing cannot be reached (pace time = 5.10, actual time = 6.66).	[MsgId: MWAR-15995]
Warning: Iteration pacing cannot be reached (pace time = 5.86, actual time = 8.05).	[MsgId: MWAR-15995]
Warning: Iteration pacing cannot be reached (pace time = 5.08, actual time = 7.25).	[MsgId: MWAR-15995]
Warning: Iteration pacing cannot be reached (pace time = 5.37, actual time = 6.57).	[MsgId: MWAR-15995]
Warning: Iteration pacing cannot be reached (pace time = 5.20, actual time = 5.62).	[MsgId: MWAR-15995]
Warning: Iteration pacing cannot be reached (pace time = 5.60, actual time = 7.08).	[MsgId: MWAR-15995]
Warning: Iteration pacing cannot be reached (pace time = 5.97, actual time = 8.07).	[MsgId: MWAR-15995]
Warning: Iteration pacing cannot be reached (pace time = 5.42, actual time = 5.83).	[MsgId: MWAR-15995]
Warning: Iteration pacing cannot be reached (pace time = 5.36, actual time = 6.86).	[MsgId: MWAR-15995]
Warning: Iteration pacing cannot be reached (pace time = 5.16, actual time = 5.53).	[MsgId: MWAR-15995]
Warning: Iteration pacing cannot be reached (pace time = 5.00, actual time = 6.97).	[MsgId: MWAR-15995]
Warning: Iteration pacing cannot be reached (pace time = 5.78, actual time = 6.37).	[MsgId: MWAR-15995]
Warning: Iteration pacing cannot be reached (pace time = 5.73, actual time = 9.65).	[MsgId: MWAR-15995]
Warning: Iteration pacing cannot be reached (pace time = 5.57, actual time = 5.81).	[MsgId: MWAR-15995]
Warning: Iteration pacing cannot be reached (pace time = 5.16, actual time = 8.86).	[MsgId: MWAR-15995]
Warning: Iteration pacing cannot be reached (pace time = 5.73, actual time = 9.74).	[MsgId: MWAR-15995]
Warning: Iteration pacing cannot be reached (pace time = 5.36, actual time = 6.77).	[MsgId: MWAR-15995]
Warning: Iteration pacing cannot be reached (pace time = 5.16, actual time = 7.12).	[MsgId: MWAR-15995]
Warning: Iteration pacing cannot be reached (pace time = 5.93, actual time = 9.79).	[MsgId: MWAR-15995]
Warning: Iteration pacing cannot be reached (pace time = 5.84, actual time = 8.62).	[MsgId: MWAR-15995]
Warning: Iteration pacing cannot be reached (pace time = 5.70, actual time = 5.99).	[MsgId: MWAR-15995]
Warning: Iteration pacing cannot be reached (pace time = 5.15, actual time = 8.21).	[MsgId: MWAR-15995]
Warning: Iteration pacing cannot be reached (pace time = 5.89, actual time = 8.42).	[MsgId: MWAR-15995]
Warning: Iteration pacing cannot be reached (pace time = 5.54, actual time = 8.91).	[MsgId: MWAR-15995]
Warning: Iteration pacing cannot be reached (pace time = 5.28, actual time = 7.28).	[MsgId: MWAR-15995]
Warning: Iteration pacing cannot be reached (pace time = 5.56, actual time = 7.43).	[MsgId: MWAR-15995]
Warning: Iteration pacing cannot be reached (pace time = 5.68, actual time = 8.33).	[MsgId: MWAR-15995]
Warning: Iteration pacing cannot be reached (pace time = 5.63, actual time = 11.48).	[MsgId: MWAR-15995]
Warning: Iteration pacing cannot be reached (pace time = 5.15, actual time = 10.89).	[MsgId: MWAR-15995]
Warning: Iteration pacing cannot be reached (pace time = 5.15, actual time = 16.19).	[MsgId: MWAR-15995]
Warning: Iteration pacing cannot be reached (pace time = 5.76, actual time = 12.47).	[MsgId: MWAR-15995]
Warning: Iteration pacing cannot be reached (pace time = 5.94, actual time = 17.01).	[MsgId: MWAR-15995]
Warning: Iteration pacing cannot be reached (pace time = 5.34, actual time = 15.96).	[MsgId: MWAR-15995]
Warning: Iteration pacing cannot be reached (pace time = 5.33, actual time = 7.77).	[MsgId: MWAR-15995]
Warning: Iteration pacing cannot be reached (pace time = 5.04, actual time = 16.65).	[MsgId: MWAR-15995]
Warning: Iteration pacing cannot be reached (pace time = 5.84, actual time = 14.86).	[MsgId: MWAR-15995]
Warning: Iteration pacing cannot be reached (pace time = 5.20, actual time = 9.97).	[MsgId: MWAR-15995]
Warning: Iteration pacing cannot be reached (pace time = 5.17, actual time = 7.07).	[MsgId: MWAR-15995]
Warning: Iteration pacing cannot be reached (pace time = 5.77, actual time = 12.60).	[MsgId: MWAR-15995]
Warning: Iteration pacing cannot be reached (pace time = 5.00, actual time = 15.01).	[MsgId: MWAR-15995]
Warning: Iteration pacing cannot be reached (pace time = 5.28, actual time = 11.45).	[MsgId: MWAR-15995]
Warning: Iteration pacing cannot be reached (pace time = 5.42, actual time = 11.66).	[MsgId: MWAR-15995]
Warning: Iteration pacing cannot be reached (pace time = 5.35, actual time = 14.21).	[MsgId: MWAR-15995]
Warning: Iteration pacing cannot be reached (pace time = 5.75, actual time = 12.66).	[MsgId: MWAR-15995]
Warning: Iteration pacing cannot be reached (pace time = 5.67, actual time = 10.02).	[MsgId: MWAR-15995]
Warning: Iteration pacing cannot be reached (pace time = 5.78, actual time = 17.23).	[MsgId: MWAR-15995]
Warning: Iteration pacing cannot be reached (pace time = 5.03, actual time = 15.84).	[MsgId: MWAR-15995]
Warning: Iteration pacing cannot be reached (pace time = 5.76, actual time = 12.78).	[MsgId: MWAR-15995]
Warning: Iteration pacing cannot be reached (pace time = 5.07, actual time = 9.75).	[MsgId: MWAR-15995]
Warning: Iteration pacing cannot be reached (pace time = 5.26, actual time = 10.24).	[MsgId: MWAR-15995]
Warning: Iteration pacing cannot be reached (pace time = 5.65, actual time = 6.09).	[MsgId: MWAR-15995]
Warning: Iteration pacing cannot be reached (pace time = 5.86, actual time = 14.05).	[MsgId: MWAR-15995]
Warning: Iteration pacing cannot be reached (pace time = 5.20, actual time = 11.27).	[MsgId: MWAR-15995]
Warning: Iteration pacing cannot be reached (pace time = 5.72, actual time = 12.22).	[MsgId: MWAR-15995]
Warning: Iteration pacing cannot be reached (pace time = 5.21, actual time = 12.17).	[MsgId: MWAR-15995]
Warning: Iteration pacing cannot be reached (pace time = 5.29, actual time = 11.61).	[MsgId: MWAR-15995]
Warning: Iteration pacing cannot be reached (pace time = 5.37, actual time = 7.59).	[MsgId: MWAR-15995]
Warning: Iteration pacing cannot be reached (pace time = 5.53, actual time = 12.23).	[MsgId: MWAR-15995]
Warning: Iteration pacing cannot be reached (pace time = 5.62, actual time = 6.44).	[MsgId: MWAR-15995]
Warning: Iteration pacing cannot be reached (pace time = 5.27, actual time = 15.09).	[MsgId: MWAR-15995]
Warning: Iteration pacing cannot be reached (pace time = 5.73, actual time = 15.20).	[MsgId: MWAR-15995]
Warning: Iteration pacing cannot be reached (pace time = 5.08, actual time = 5.94).	[MsgId: MWAR-15995]
Warning: Iteration pacing cannot be reached (pace time = 5.05, actual time = 5.46).	[MsgId: MWAR-15995]
kaas_DocSearchHPES_Promotion_query.c(9): Error -26608: HTTP Status-Code=504 (Gateway Timeout) for "https://hx9ekpvvbi.execute-api.us-east-1.amazonaws.com/KaaS-ITG/v2/search?q=bcm943142y&resultLimit=15&resultStart=0&languageCode=en&countryCode=us&promotions=true&store=promotions&filters=products:(NONE)%20AND%20NOT%20publicationdestination:(FindMyProduct)"  	[MsgId: MERR-26608]
Warning: Iteration pacing cannot be reached (pace time = 5.83, actual time = 29.05).	[MsgId: MWAR-15995]
kaas_DocSearchHPES_Promotion_query.c(9): Error -26608: HTTP Status-Code=504 (Gateway Timeout) for "https://hx9ekpvvbi.execute-api.us-east-1.amazonaws.com/KaaS-ITG/v2/search?q=audio&resultLimit=15&resultStart=0&languageCode=en&countryCode=us&promotions=true&store=promotions&filters=products:(NONE)%20AND%20NOT%20publicationdestination:(FindMyProduct)"  	[MsgId: MERR-26608]
Warning: Iteration pacing cannot be reached (pace time = 5.40, actual time = 29.04).	[MsgId: MWAR-15995]
kaas_DocSearchHPES_Promotion_query.c(9): Error -26608: HTTP Status-Code=504 (Gateway Timeout) for "https://hx9ekpvvbi.execute-api.us-east-1.amazonaws.com/KaaS-ITG/v2/search?q=win10&resultLimit=15&resultStart=0&languageCode=en&countryCode=us&promotions=true&store=promotions&filters=products:(NONE)%20AND%20NOT%20publicationdestination:(FindMyProduct)"  	[MsgId: MERR-26608]
Warning: Iteration pacing cannot be reached (pace time = 5.85, actual time = 29.04).	[MsgId: MWAR-15995]
Warning: Iteration pacing cannot be reached (pace time = 5.62, actual time = 22.12).	[MsgId: MWAR-15995]
Warning: Iteration pacing cannot be reached (pace time = 5.39, actual time = 27.37).	[MsgId: MWAR-15995]
Warning: Iteration pacing cannot be reached (pace time = 5.03, actual time = 22.61).	[MsgId: MWAR-15995]
Warning: Iteration pacing cannot be reached (pace time = 5.26, actual time = 12.39).	[MsgId: MWAR-15995]
Warning: Iteration pacing cannot be reached (pace time = 5.23, actual time = 27.25).	[MsgId: MWAR-15995]
kaas_DocSearchHPES_Promotion_query.c(9): Error -26608: HTTP Status-Code=504 (Gateway Timeout) for "https://hx9ekpvvbi.execute-api.us-east-1.amazonaws.com/KaaS-ITG/v2/search?q=kbrf57711&resultLimit=15&resultStart=0&languageCode=en&countryCode=us&promotions=true&store=promotions&filters=products:(NONE)%20AND%20NOT%20publicationdestination:(FindMyProduct)"  	[MsgId: MERR-26608]
Warning: Iteration pacing cannot be reached (pace time = 5.08, actual time = 29.05).	[MsgId: MWAR-15995]
Warning: Iteration pacing cannot be reached (pace time = 5.36, actual time = 28.70).	[MsgId: MWAR-15995]
Warning: Iteration pacing cannot be reached (pace time = 5.83, actual time = 8.74).	[MsgId: MWAR-15995]
Warning: Iteration pacing cannot be reached (pace time = 5.41, actual time = 25.70).	[MsgId: MWAR-15995]
Warning: Iteration pacing cannot be reached (pace time = 5.58, actual time = 25.44).	[MsgId: MWAR-15995]
Warning: Iteration pacing cannot be reached (pace time = 5.74, actual time = 22.23).	[MsgId: MWAR-15995]
Warning: Iteration pacing cannot be reached (pace time = 5.27, actual time = 10.27).	[MsgId: MWAR-15995]
Warning: Iteration pacing cannot be reached (pace time = 5.15, actual time = 9.47).	[MsgId: MWAR-15995]
Warning: Iteration pacing cannot be reached (pace time = 5.68, actual time = 11.00).	[MsgId: MWAR-15995]
Warning: Iteration pacing cannot be reached (pace time = 5.01, actual time = 9.80).	[MsgId: MWAR-15995]
Warning: Iteration pacing cannot be reached (pace time = 5.96, actual time = 7.47).	[MsgId: MWAR-15995]
Warning: Iteration pacing cannot be reached (pace time = 5.41, actual time = 20.96).	[MsgId: MWAR-15995]
Warning: Iteration pacing cannot be reached (pace time = 5.81, actual time = 18.21).	[MsgId: MWAR-15995]
Warning: Iteration pacing cannot be reached (pace time = 5.73, actual time = 20.85).	[MsgId: MWAR-15995]
Warning: Iteration pacing cannot be reached (pace time = 5.31, actual time = 10.09).	[MsgId: MWAR-15995]
Warning: Iteration pacing cannot be reached (pace time = 5.58, actual time = 11.72).	[MsgId: MWAR-15995]
Warning: Iteration pacing cannot be reached (pace time = 5.20, actual time = 10.69).	[MsgId: MWAR-15995]
Warning: Iteration pacing cannot be reached (pace time = 5.73, actual time = 8.16).	[MsgId: MWAR-15995]
Warning: Iteration pacing cannot be reached (pace time = 5.96, actual time = 8.62).	[MsgId: MWAR-15995]
Warning: Iteration pacing cannot be reached (pace time = 5.61, actual time = 8.99).	[MsgId: MWAR-15995]
Warning: Iteration pacing cannot be reached (pace time = 5.42, actual time = 5.50).	[MsgId: MWAR-15995]
Warning: Iteration pacing cannot be reached (pace time = 5.20, actual time = 7.75).	[MsgId: MWAR-15995]
Warning: Iteration pacing cannot be reached (pace time = 5.22, actual time = 9.87).	[MsgId: MWAR-15995]
Warning: Iteration pacing cannot be reached (pace time = 5.36, actual time = 7.43).	[MsgId: MWAR-15995]
Warning: Iteration pacing cannot be reached (pace time = 5.66, actual time = 8.68).	[MsgId: MWAR-15995]
Warning: Iteration pacing cannot be reached (pace time = 5.67, actual time = 19.31).	[MsgId: MWAR-15995]
Warning: Iteration pacing cannot be reached (pace time = 5.23, actual time = 23.21).	[MsgId: MWAR-15995]
Warning: Iteration pacing cannot be reached (pace time = 5.07, actual time = 19.89).	[MsgId: MWAR-15995]
Warning: Iteration pacing cannot be reached (pace time = 5.42, actual time = 19.45).	[MsgId: MWAR-15995]
Warning: Iteration pacing cannot be reached (pace time = 5.31, actual time = 24.59).	[MsgId: MWAR-15995]
Warning: Iteration pacing cannot be reached (pace time = 5.75, actual time = 22.22).	[MsgId: MWAR-15995]
Warning: Iteration pacing cannot be reached (pace time = 5.21, actual time = 23.63).	[MsgId: MWAR-15995]
Warning: Iteration pacing cannot be reached (pace time = 5.92, actual time = 19.07).	[MsgId: MWAR-15995]
Warning: Iteration pacing cannot be reached (pace time = 5.24, actual time = 13.66).	[MsgId: MWAR-15995]
Warning: Iteration pacing cannot be reached (pace time = 5.81, actual time = 14.73).	[MsgId: MWAR-15995]
Warning: Iteration pacing cannot be reached (pace time = 5.76, actual time = 13.26).	[MsgId: MWAR-15995]
Warning: Iteration pacing cannot be reached (pace time = 5.21, actual time = 16.63).	[MsgId: MWAR-15995]
Warning: Iteration pacing cannot be reached (pace time = 5.62, actual time = 16.52).	[MsgId: MWAR-15995]
Warning: Iteration pacing cannot be reached (pace time = 5.90, actual time = 10.27).	[MsgId: MWAR-15995]
Warning: Iteration pacing cannot be reached (pace time = 5.45, actual time = 16.75).	[MsgId: MWAR-15995]
Warning: Iteration pacing cannot be reached (pace time = 5.88, actual time = 19.21).	[MsgId: MWAR-15995]
Warning: Iteration pacing cannot be reached (pace time = 5.04, actual time = 11.82).	[MsgId: MWAR-15995]
Warning: Iteration pacing cannot be reached (pace time = 5.42, actual time = 8.41).	[MsgId: MWAR-15995]
Warning: Iteration pacing cannot be reached (pace time = 5.45, actual time = 16.06).	[MsgId: MWAR-15995]
Warning: Iteration pacing cannot be reached (pace time = 5.17, actual time = 13.36).	[MsgId: MWAR-15995]
Warning: Iteration pacing cannot be reached (pace time = 5.11, actual time = 15.24).	[MsgId: MWAR-15995]
Warning: Iteration pacing cannot be reached (pace time = 5.22, actual time = 15.90).	[MsgId: MWAR-15995]
Warning: Iteration pacing cannot be reached (pace time = 5.24, actual time = 10.09).	[MsgId: MWAR-15995]
Warning: Iteration pacing cannot be reached (pace time = 5.18, actual time = 14.73).	[MsgId: MWAR-15995]
kaas_DocSearchHPES_Promotion_query.c(9): Error -26608: HTTP Status-Code=504 (Gateway Timeout) for "https://hx9ekpvvbi.execute-api.us-east-1.amazonaws.com/KaaS-ITG/v2/search?q=touchscreen&resultLimit=15&resultStart=0&languageCode=en&countryCode=us&promotions=true&store=promotions&filters=products:(NONE)%20AND%20NOT%20publicationdestination:(FindMyProduct)"  	[MsgId: MERR-26608]
Warning: Iteration pacing cannot be reached (pace time = 5.71, actual time = 29.04).	[MsgId: MWAR-15995]
kaas_DocSearchHPES_Promotion_query.c(9): Error -26608: HTTP Status-Code=504 (Gateway Timeout) for "https://hx9ekpvvbi.execute-api.us-east-1.amazonaws.com/KaaS-ITG/v2/search?q=gaming&resultLimit=15&resultStart=0&languageCode=en&countryCode=us&promotions=true&store=promotions&filters=products:(NONE)%20AND%20NOT%20publicationdestination:(FindMyProduct)"  	[MsgId: MERR-26608]
Warning: Iteration pacing cannot be reached (pace time = 5.80, actual time = 29.04).	[MsgId: MWAR-15995]
kaas_DocSearchHPES_Promotion_query.c(9): Error -26608: HTTP Status-Code=504 (Gateway Timeout) for "https://hx9ekpvvbi.execute-api.us-east-1.amazonaws.com/KaaS-ITG/v2/search?q=REPLACED MY TRI COLOR AND BLACK INK CARTRIDGE AND I STILL CAN'T PRINT FROM MY CO PUTER MY COMPUTER NO LONGER GIVES ME THE PRINT OPTION&resultLimit=15&resultStart=0&languageCode=en&countryCode=us&promotions=true&store=promotions&filters=products:(NONE)%20AND%20NOT%20publicationdestination:(FindMyProduct)"  	[MsgId: MERR-26608]
Warning: Iteration pacing cannot be reached (pace time = 5.21, actual time = 29.04).	[MsgId: MWAR-15995]
kaas_DocSearchHPES_Promotion_query.c(9): Error -26608: HTTP Status-Code=504 (Gateway Timeout) for "https://hx9ekpvvbi.execute-api.us-east-1.amazonaws.com/KaaS-ITG/v2/search?q=driveguard&resultLimit=15&resultStart=0&languageCode=en&countryCode=us&promotions=true&store=promotions&filters=products:(NONE)%20AND%20NOT%20publicationdestination:(FindMyProduct)"  	[MsgId: MERR-26608]
Warning: Iteration pacing cannot be reached (pace time = 5.63, actual time = 29.04).	[MsgId: MWAR-15995]
kaas_DocSearchHPES_Promotion_query.c(9): Error -26608: HTTP Status-Code=504 (Gateway Timeout) for "https://hx9ekpvvbi.execute-api.us-east-1.amazonaws.com/KaaS-ITG/v2/search?q=REPLACED MY TRI COLOR AND BLACK INK CARTRIDGE AND I STILL CAN'T PRINT FROM MY CO PUTER MY COMPUTER NO LONGER GIVES ME THE PRINT OPTION&resultLimit=15&resultStart=0&languageCode=en&countryCode=us&promotions=true&store=promotions&filters=products:(NONE)%20AND%20NOT%20publicationdestination:(FindMyProduct)"  	[MsgId: MERR-26608]
Warning: Iteration pacing cannot be reached (pace time = 5.12, actual time = 29.04).	[MsgId: MWAR-15995]
kaas_DocSearchHPES_Promotion_query.c(9): Error -26608: HTTP Status-Code=504 (Gateway Timeout) for "https://hx9ekpvvbi.execute-api.us-east-1.amazonaws.com/KaaS-ITG/v2/search?q=gaming&resultLimit=15&resultStart=0&languageCode=en&countryCode=us&promotions=true&store=promotions&filters=products:(NONE)%20AND%20NOT%20publicationdestination:(FindMyProduct)"  	[MsgId: MERR-26608]
Warning: Iteration pacing cannot be reached (pace time = 5.18, actual time = 29.04).	[MsgId: MWAR-15995]
Warning: Iteration pacing cannot be reached (pace time = 5.26, actual time = 28.39).	[MsgId: MWAR-15995]
Warning: Iteration pacing cannot be reached (pace time = 5.39, actual time = 26.85).	[MsgId: MWAR-15995]
Warning: Iteration pacing cannot be reached (pace time = 5.82, actual time = 16.00).	[MsgId: MWAR-15995]
Warning: Iteration pacing cannot be reached (pace time = 5.46, actual time = 16.50).	[MsgId: MWAR-15995]
Warning: Iteration pacing cannot be reached (pace time = 5.08, actual time = 9.62).	[MsgId: MWAR-15995]
Warning: Iteration pacing cannot be reached (pace time = 5.99, actual time = 9.56).	[MsgId: MWAR-15995]
Warning: Iteration pacing cannot be reached (pace time = 5.96, actual time = 11.61).	[MsgId: MWAR-15995]
Warning: Iteration pacing cannot be reached (pace time = 5.93, actual time = 19.36).	[MsgId: MWAR-15995]
Warning: Iteration pacing cannot be reached (pace time = 5.02, actual time = 25.24).	[MsgId: MWAR-15995]
Warning: Iteration pacing cannot be reached (pace time = 5.61, actual time = 8.04).	[MsgId: MWAR-15995]
Warning: Iteration pacing cannot be reached (pace time = 5.37, actual time = 15.37).	[MsgId: MWAR-15995]
Warning: Iteration pacing cannot be reached (pace time = 5.24, actual time = 6.16).	[MsgId: MWAR-15995]
Warning: Iteration pacing cannot be reached (pace time = 5.35, actual time = 25.50).	[MsgId: MWAR-15995]
Warning: Iteration pacing cannot be reached (pace time = 5.47, actual time = 21.16).	[MsgId: MWAR-15995]
Warning: Iteration pacing cannot be reached (pace time = 5.92, actual time = 22.80).	[MsgId: MWAR-15995]
Warning: Iteration pacing cannot be reached (pace time = 5.98, actual time = 7.30).	[MsgId: MWAR-15995]
Warning: Iteration pacing cannot be reached (pace time = 5.01, actual time = 20.14).	[MsgId: MWAR-15995]
Warning: Iteration pacing cannot be reached (pace time = 5.13, actual time = 25.59).	[MsgId: MWAR-15995]
Warning: Iteration pacing cannot be reached (pace time = 5.75, actual time = 17.72).	[MsgId: MWAR-15995]
Warning: Iteration pacing cannot be reached (pace time = 5.14, actual time = 21.57).	[MsgId: MWAR-15995]
Warning: Iteration pacing cannot be reached (pace time = 5.42, actual time = 6.59).	[MsgId: MWAR-15995]
Warning: Iteration pacing cannot be reached (pace time = 5.85, actual time = 6.77).	[MsgId: MWAR-15995]
Warning: Iteration pacing cannot be reached (pace time = 5.28, actual time = 7.02).	[MsgId: MWAR-15995]
Warning: Iteration pacing cannot be reached (pace time = 5.01, actual time = 12.52).	[MsgId: MWAR-15995]
Warning: Iteration pacing cannot be reached (pace time = 5.55, actual time = 12.51).	[MsgId: MWAR-15995]
Warning: Iteration pacing cannot be reached (pace time = 5.24, actual time = 12.07).	[MsgId: MWAR-15995]
Warning: Iteration pacing cannot be reached (pace time = 5.59, actual time = 12.31).	[MsgId: MWAR-15995]
Warning: Iteration pacing cannot be reached (pace time = 5.98, actual time = 11.95).	[MsgId: MWAR-15995]
Warning: Iteration pacing cannot be reached (pace time = 5.11, actual time = 12.53).	[MsgId: MWAR-15995]
Warning: Iteration pacing cannot be reached (pace time = 5.38, actual time = 14.65).	[MsgId: MWAR-15995]
Warning: Iteration pacing cannot be reached (pace time = 5.31, actual time = 16.43).	[MsgId: MWAR-15995]
Warning: Iteration pacing cannot be reached (pace time = 5.25, actual time = 17.88).	[MsgId: MWAR-15995]
Warning: Iteration pacing cannot be reached (pace time = 5.85, actual time = 18.28).	[MsgId: MWAR-15995]
Warning: Iteration pacing cannot be reached (pace time = 5.39, actual time = 15.49).	[MsgId: MWAR-15995]
Warning: Iteration pacing cannot be reached (pace time = 5.14, actual time = 16.26).	[MsgId: MWAR-15995]
Warning: Iteration pacing cannot be reached (pace time = 5.54, actual time = 18.21).	[MsgId: MWAR-15995]
Warning: Iteration pacing cannot be reached (pace time = 5.06, actual time = 12.07).	[MsgId: MWAR-15995]
Warning: Iteration pacing cannot be reached (pace time = 5.33, actual time = 17.13).	[MsgId: MWAR-15995]
Warning: Iteration pacing cannot be reached (pace time = 5.54, actual time = 11.38).	[MsgId: MWAR-15995]
Warning: Iteration pacing cannot be reached (pace time = 5.97, actual time = 22.56).	[MsgId: MWAR-15995]
Warning: Iteration pacing cannot be reached (pace time = 5.95, actual time = 14.92).	[MsgId: MWAR-15995]
Warning: Iteration pacing cannot be reached (pace time = 5.29, actual time = 14.89).	[MsgId: MWAR-15995]
Warning: Iteration pacing cannot be reached (pace time = 5.25, actual time = 19.88).	[MsgId: MWAR-15995]
Warning: Iteration pacing cannot be reached (pace time = 5.85, actual time = 25.23).	[MsgId: MWAR-15995]
Warning: Iteration pacing cannot be reached (pace time = 5.24, actual time = 25.21).	[MsgId: MWAR-15995]
Warning: Iteration pacing cannot be reached (pace time = 5.69, actual time = 20.93).	[MsgId: MWAR-15995]
Warning: Iteration pacing cannot be reached (pace time = 5.95, actual time = 17.50).	[MsgId: MWAR-15995]
Warning: Iteration pacing cannot be reached (pace time = 5.52, actual time = 21.28).	[MsgId: MWAR-15995]
Warning: Iteration pacing cannot be reached (pace time = 5.87, actual time = 22.52).	[MsgId: MWAR-15995]
Warning: Iteration pacing cannot be reached (pace time = 5.67, actual time = 15.35).	[MsgId: MWAR-15995]
Warning: Iteration pacing cannot be reached (pace time = 5.02, actual time = 26.70).	[MsgId: MWAR-15995]
Warning: Iteration pacing cannot be reached (pace time = 5.17, actual time = 16.79).	[MsgId: MWAR-15995]
Warning: Iteration pacing cannot be reached (pace time = 5.24, actual time = 16.38).	[MsgId: MWAR-15995]
Warning: Iteration pacing cannot be reached (pace time = 5.25, actual time = 27.32).	[MsgId: MWAR-15995]
Warning: Iteration pacing cannot be reached (pace time = 5.08, actual time = 12.06).	[MsgId: MWAR-15995]
Warning: Iteration pacing cannot be reached (pace time = 5.28, actual time = 6.04).	[MsgId: MWAR-15995]
Warning: Iteration pacing cannot be reached (pace time = 5.82, actual time = 15.94).	[MsgId: MWAR-15995]
Warning: Iteration pacing cannot be reached (pace time = 5.93, actual time = 10.87).	[MsgId: MWAR-15995]
Warning: Iteration pacing cannot be reached (pace time = 5.32, actual time = 11.41).	[MsgId: MWAR-15995]
Warning: Iteration pacing cannot be reached (pace time = 5.13, actual time = 13.40).	[MsgId: MWAR-15995]
Warning: Iteration pacing cannot be reached (pace time = 5.99, actual time = 13.26).	[MsgId: MWAR-15995]
Warning: Iteration pacing cannot be reached (pace time = 5.12, actual time = 12.67).	[MsgId: MWAR-15995]
Warning: Iteration pacing cannot be reached (pace time = 5.08, actual time = 13.51).	[MsgId: MWAR-15995]
Warning: Iteration pacing cannot be reached (pace time = 5.12, actual time = 14.78).	[MsgId: MWAR-15995]
Warning: Iteration pacing cannot be reached (pace time = 5.48, actual time = 9.97).	[MsgId: MWAR-15995]
Warning: Iteration pacing cannot be reached (pace time = 5.71, actual time = 14.08).	[MsgId: MWAR-15995]
Warning: Iteration pacing cannot be reached (pace time = 5.54, actual time = 10.01).	[MsgId: MWAR-15995]
Warning: Iteration pacing cannot be reached (pace time = 5.34, actual time = 10.93).	[MsgId: MWAR-15995]
Warning: Iteration pacing cannot be reached (pace time = 5.23, actual time = 12.60).	[MsgId: MWAR-15995]
Warning: Iteration pacing cannot be reached (pace time = 5.47, actual time = 9.58).	[MsgId: MWAR-15995]
Warning: Iteration pacing cannot be reached (pace time = 5.43, actual time = 7.16).	[MsgId: MWAR-15995]
Warning: Iteration pacing cannot be reached (pace time = 5.09, actual time = 7.56).	[MsgId: MWAR-15995]
Warning: Iteration pacing cannot be reached (pace time = 5.30, actual time = 11.08).	[MsgId: MWAR-15995]
Warning: Iteration pacing cannot be reached (pace time = 5.88, actual time = 7.18).	[MsgId: MWAR-15995]
Warning: Iteration pacing cannot be reached (pace time = 5.33, actual time = 5.76).	[MsgId: MWAR-15995]
Warning: Iteration pacing cannot be reached (pace time = 5.59, actual time = 12.43).	[MsgId: MWAR-15995]
Warning: Iteration pacing cannot be reached (pace time = 6.00, actual time = 10.69).	[MsgId: MWAR-15995]
Warning: Iteration pacing cannot be reached (pace time = 5.03, actual time = 5.33).	[MsgId: MWAR-15995]
Warning: Iteration pacing cannot be reached (pace time = 5.21, actual time = 5.46).	[MsgId: MWAR-15995]
Warning: Iteration pacing cannot be reached (pace time = 5.14, actual time = 5.55).	[MsgId: MWAR-15995]
Warning: Iteration pacing cannot be reached (pace time = 5.37, actual time = 5.42).	[MsgId: MWAR-15995]
Warning: Iteration pacing cannot be reached (pace time = 5.14, actual time = 6.81).	[MsgId: MWAR-15995]
Warning: Iteration pacing cannot be reached (pace time = 5.32, actual time = 5.71).	[MsgId: MWAR-15995]
Warning: Iteration pacing cannot be reached (pace time = 5.87, actual time = 7.69).	[MsgId: MWAR-15995]
Warning: Iteration pacing cannot be reached (pace time = 5.40, actual time = 5.44).	[MsgId: MWAR-15995]
Warning: Iteration pacing cannot be reached (pace time = 5.06, actual time = 5.81).	[MsgId: MWAR-15995]
Warning: Iteration pacing cannot be reached (pace time = 5.36, actual time = 9.24).	[MsgId: MWAR-15995]
Warning: Iteration pacing cannot be reached (pace time = 5.69, actual time = 8.78).	[MsgId: MWAR-15995]
Warning: Iteration pacing cannot be reached (pace time = 5.01, actual time = 9.96).	[MsgId: MWAR-15995]
Warning: Iteration pacing cannot be reached (pace time = 5.16, actual time = 6.92).	[MsgId: MWAR-15995]
Warning: Iteration pacing cannot be reached (pace time = 5.54, actual time = 6.29).	[MsgId: MWAR-15995]
Warning: Iteration pacing cannot be reached (pace time = 5.28, actual time = 5.59).	[MsgId: MWAR-15995]
Warning: Iteration pacing cannot be reached (pace time = 5.13, actual time = 5.33).	[MsgId: MWAR-15995]
Warning: Iteration pacing cannot be reached (pace time = 5.44, actual time = 5.95).	[MsgId: MWAR-15995]
Warning: Iteration pacing cannot be reached (pace time = 5.19, actual time = 5.50).	[MsgId: MWAR-15995]
Warning: Iteration pacing cannot be reached (pace time = 5.59, actual time = 8.24).	[MsgId: MWAR-15995]
Warning: Iteration pacing cannot be reached (pace time = 5.11, actual time = 10.77).	[MsgId: MWAR-15995]
Warning: Iteration pacing cannot be reached (pace time = 5.69, actual time = 6.09).	[MsgId: MWAR-15995]
Warning: Iteration pacing cannot be reached (pace time = 5.12, actual time = 7.76).	[MsgId: MWAR-15995]
Warning: Iteration pacing cannot be reached (pace time = 5.21, actual time = 5.75).	[MsgId: MWAR-15995]
Warning: Iteration pacing cannot be reached (pace time = 5.16, actual time = 5.55).	[MsgId: MWAR-15995]
Warning: Iteration pacing cannot be reached (pace time = 5.96, actual time = 11.65).	[MsgId: MWAR-15995]
Warning: Iteration pacing cannot be reached (pace time = 5.93, actual time = 6.12).	[MsgId: MWAR-15995]
Warning: Iteration pacing cannot be reached (pace time = 5.00, actual time = 5.69).	[MsgId: MWAR-15995]
Warning: Iteration pacing cannot be reached (pace time = 5.95, actual time = 24.41).	[MsgId: MWAR-15995]
Warning: Iteration pacing cannot be reached (pace time = 5.75, actual time = 28.92).	[MsgId: MWAR-15995]
Warning: Iteration pacing cannot be reached (pace time = 5.75, actual time = 21.66).	[MsgId: MWAR-15995]
kaas_DocSearchHPES_Promotion_query.c(9): Error -26608: HTTP Status-Code=504 (Gateway Timeout) for "https://hx9ekpvvbi.execute-api.us-east-1.amazonaws.com/KaaS-ITG/v2/search?q=recovery&resultLimit=15&resultStart=0&languageCode=en&countryCode=us&promotions=true&store=promotions&filters=products:(NONE)%20AND%20NOT%20publicationdestination:(FindMyProduct)"  	[MsgId: MERR-26608]
Warning: Iteration pacing cannot be reached (pace time = 5.42, actual time = 29.04).	[MsgId: MWAR-15995]
kaas_DocSearchHPES_Promotion_query.c(9): Error -26608: HTTP Status-Code=504 (Gateway Timeout) for "https://hx9ekpvvbi.execute-api.us-east-1.amazonaws.com/KaaS-ITG/v2/search?q=bcm943142y&resultLimit=15&resultStart=0&languageCode=en&countryCode=us&promotions=true&store=promotions&filters=products:(NONE)%20AND%20NOT%20publicationdestination:(FindMyProduct)"  	[MsgId: MERR-26608]
Warning: Iteration pacing cannot be reached (pace time = 5.57, actual time = 29.04).	[MsgId: MWAR-15995]
kaas_DocSearchHPES_Promotion_query.c(9): Error -26608: HTTP Status-Code=504 (Gateway Timeout) for "https://hx9ekpvvbi.execute-api.us-east-1.amazonaws.com/KaaS-ITG/v2/search?q=keyboard&resultLimit=15&resultStart=0&languageCode=en&countryCode=us&promotions=true&store=promotions&filters=products:(NONE)%20AND%20NOT%20publicationdestination:(FindMyProduct)"  	[MsgId: MERR-26608]
Warning: Iteration pacing cannot be reached (pace time = 5.31, actual time = 29.04).	[MsgId: MWAR-15995]
kaas_DocSearchHPES_Promotion_query.c(9): Error -26608: HTTP Status-Code=504 (Gateway Timeout) for "https://hx9ekpvvbi.execute-api.us-east-1.amazonaws.com/KaaS-ITG/v2/search?q=spectre&resultLimit=15&resultStart=0&languageCode=en&countryCode=us&promotions=true&store=promotions&filters=products:(NONE)%20AND%20NOT%20publicationdestination:(FindMyProduct)"  	[MsgId: MERR-26608]
Warning: Iteration pacing cannot be reached (pace time = 5.63, actual time = 29.04).	[MsgId: MWAR-15995]
Warning: Iteration pacing cannot be reached (pace time = 5.10, actual time = 27.39).	[MsgId: MWAR-15995]
Warning: Iteration pacing cannot be reached (pace time = 5.64, actual time = 27.64).	[MsgId: MWAR-15995]
Warning: Iteration pacing cannot be reached (pace time = 5.97, actual time = 26.53).	[MsgId: MWAR-15995]
Warning: Iteration pacing cannot be reached (pace time = 5.39, actual time = 27.69).	[MsgId: MWAR-15995]
Warning: Iteration pacing cannot be reached (pace time = 5.78, actual time = 24.91).	[MsgId: MWAR-15995]
kaas_DocSearchHPES_Promotion_query.c(9): Error -26608: HTTP Status-Code=504 (Gateway Timeout) for "https://hx9ekpvvbi.execute-api.us-east-1.amazonaws.com/KaaS-ITG/v2/search?q=audio&resultLimit=15&resultStart=0&languageCode=en&countryCode=us&promotions=true&store=promotions&filters=products:(NONE)%20AND%20NOT%20publicationdestination:(FindMyProduct)"  	[MsgId: MERR-26608]
Warning: Iteration pacing cannot be reached (pace time = 5.74, actual time = 29.04).	[MsgId: MWAR-15995]
Warning: Iteration pacing cannot be reached (pace time = 5.75, actual time = 26.60).	[MsgId: MWAR-15995]
Warning: Iteration pacing cannot be reached (pace time = 5.78, actual time = 19.74).	[MsgId: MWAR-15995]
Warning: Iteration pacing cannot be reached (pace time = 5.34, actual time = 22.82).	[MsgId: MWAR-15995]
Warning: Iteration pacing cannot be reached (pace time = 5.43, actual time = 18.59).	[MsgId: MWAR-15995]
Warning: Iteration pacing cannot be reached (pace time = 5.48, actual time = 14.51).	[MsgId: MWAR-15995]
Warning: Iteration pacing cannot be reached (pace time = 5.17, actual time = 10.38).	[MsgId: MWAR-15995]
Warning: Iteration pacing cannot be reached (pace time = 5.32, actual time = 20.69).	[MsgId: MWAR-15995]
Warning: Iteration pacing cannot be reached (pace time = 5.65, actual time = 7.85).	[MsgId: MWAR-15995]
Warning: Iteration pacing cannot be reached (pace time = 5.07, actual time = 22.19).	[MsgId: MWAR-15995]
Warning: Iteration pacing cannot be reached (pace time = 5.87, actual time = 12.02).	[MsgId: MWAR-15995]
Warning: Iteration pacing cannot be reached (pace time = 5.02, actual time = 11.77).	[MsgId: MWAR-15995]
Warning: Iteration pacing cannot be reached (pace time = 5.02, actual time = 11.95).	[MsgId: MWAR-15995]
Warning: Iteration pacing cannot be reached (pace time = 5.76, actual time = 10.75).	[MsgId: MWAR-15995]
Warning: Iteration pacing cannot be reached (pace time = 5.19, actual time = 11.79).	[MsgId: MWAR-15995]
Warning: Iteration pacing cannot be reached (pace time = 5.75, actual time = 11.81).	[MsgId: MWAR-15995]
Warning: Iteration pacing cannot be reached (pace time = 5.42, actual time = 9.65).	[MsgId: MWAR-15995]
Warning: Iteration pacing cannot be reached (pace time = 5.39, actual time = 12.33).	[MsgId: MWAR-15995]
Warning: Iteration pacing cannot be reached (pace time = 5.23, actual time = 8.85).	[MsgId: MWAR-15995]
Warning: Iteration pacing cannot be reached (pace time = 5.72, actual time = 7.43).	[MsgId: MWAR-15995]
Warning: Iteration pacing cannot be reached (pace time = 5.01, actual time = 8.02).	[MsgId: MWAR-15995]
Warning: Iteration pacing cannot be reached (pace time = 6.00, actual time = 8.41).	[MsgId: MWAR-15995]
Warning: Iteration pacing cannot be reached (pace time = 5.06, actual time = 8.52).	[MsgId: MWAR-15995]
Warning: Iteration pacing cannot be reached (pace time = 5.74, actual time = 8.37).	[MsgId: MWAR-15995]
Warning: Iteration pacing cannot be reached (pace time = 5.81, actual time = 9.62).	[MsgId: MWAR-15995]
Warning: Iteration pacing cannot be reached (pace time = 5.49, actual time = 8.63).	[MsgId: MWAR-15995]
Warning: Iteration pacing cannot be reached (pace time = 5.88, actual time = 8.22).	[MsgId: MWAR-15995]
Warning: Iteration pacing cannot be reached (pace time = 5.79, actual time = 6.09).	[MsgId: MWAR-15995]
Warning: Iteration pacing cannot be reached (pace time = 5.48, actual time = 7.22).	[MsgId: MWAR-15995]
Warning: Iteration pacing cannot be reached (pace time = 5.07, actual time = 5.61).	[MsgId: MWAR-15995]
Warning: Iteration pacing cannot be reached (pace time = 5.19, actual time = 7.95).	[MsgId: MWAR-15995]
Warning: Iteration pacing cannot be reached (pace time = 5.10, actual time = 6.58).	[MsgId: MWAR-15995]
Warning: Iteration pacing cannot be reached (pace time = 5.29, actual time = 11.86).	[MsgId: MWAR-15995]
Warning: Iteration pacing cannot be reached (pace time = 5.62, actual time = 11.79).	[MsgId: MWAR-15995]
Warning: Iteration pacing cannot be reached (pace time = 5.30, actual time = 13.53).	[MsgId: MWAR-15995]
Warning: Iteration pacing cannot be reached (pace time = 5.48, actual time = 5.56).	[MsgId: MWAR-15995]
Warning: Iteration pacing cannot be reached (pace time = 5.13, actual time = 7.78).	[MsgId: MWAR-15995]
Warning: Iteration pacing cannot be reached (pace time = 5.18, actual time = 13.65).	[MsgId: MWAR-15995]
Warning: Iteration pacing cannot be reached (pace time = 5.13, actual time = 7.58).	[MsgId: MWAR-15995]
Warning: Iteration pacing cannot be reached (pace time = 5.72, actual time = 6.85).	[MsgId: MWAR-15995]
Warning: Iteration pacing cannot be reached (pace time = 5.52, actual time = 6.44).	[MsgId: MWAR-15995]
Warning: Iteration pacing cannot be reached (pace time = 5.97, actual time = 13.77).	[MsgId: MWAR-15995]
Warning: Iteration pacing cannot be reached (pace time = 5.23, actual time = 7.81).	[MsgId: MWAR-15995]
Warning: Iteration pacing cannot be reached (pace time = 5.57, actual time = 12.39).	[MsgId: MWAR-15995]
