Warning: Iteration pacing cannot be reached (pace time = 5.20, actual time = 5.35).	[MsgId: MWAR-15995]
Warning: Iteration pacing cannot be reached (pace time = 5.78, actual time = 17.14).	[MsgId: MWAR-15995]
kaas_DocSearchHPES_Promotion_query.c(9): Error -26608: HTTP Status-Code=504 (Gateway Timeout) for "https://hx9ekpvvbi.execute-api.us-east-1.amazonaws.com/KaaS-ITG/v2/search?q=buy battery&resultLimit=15&resultStart=0&languageCode=en&countryCode=us&promotions=true&store=promotions&filters=products:(NONE)%20AND%20NOT%20publicationdestination:(FindMyProduct)"  	[MsgId: MERR-26608]
Warning: Iteration pacing cannot be reached (pace time = 5.16, actual time = 29.05).	[MsgId: MWAR-15995]
Warning: Iteration pacing cannot be reached (pace time = 5.67, actual time = 27.45).	[MsgId: MWAR-15995]
Warning: Iteration pacing cannot be reached (pace time = 5.81, actual time = 19.58).	[MsgId: MWAR-15995]
Warning: Iteration pacing cannot be reached (pace time = 5.82, actual time = 27.22).	[MsgId: MWAR-15995]
Warning: Iteration pacing cannot be reached (pace time = 5.67, actual time = 10.19).	[MsgId: MWAR-15995]
Warning: Iteration pacing cannot be reached (pace time = 5.20, actual time = 10.16).	[MsgId: MWAR-15995]
Warning: Iteration pacing cannot be reached (pace time = 5.38, actual time = 6.44).	[MsgId: MWAR-15995]
Warning: Iteration pacing cannot be reached (pace time = 5.59, actual time = 6.82).	[MsgId: MWAR-15995]
Warning: Iteration pacing cannot be reached (pace time = 5.22, actual time = 13.38).	[MsgId: MWAR-15995]
Warning: Iteration pacing cannot be reached (pace time = 5.63, actual time = 19.00).	[MsgId: MWAR-15995]
Warning: Iteration pacing cannot be reached (pace time = 5.18, actual time = 23.30).	[MsgId: MWAR-15995]
Warning: Iteration pacing cannot be reached (pace time = 5.29, actual time = 23.06).	[MsgId: MWAR-15995]
Warning: Iteration pacing cannot be reached (pace time = 5.54, actual time = 15.06).	[MsgId: MWAR-15995]
kaas_DocSearchHPES_Promotion_query.c(9): Error -26608: HTTP Status-Code=504 (Gateway Timeout) for "https://hx9ekpvvbi.execute-api.us-east-1.amazonaws.com/KaaS-ITG/v2/search?q=spectre&resultLimit=15&resultStart=0&languageCode=en&countryCode=us&promotions=true&store=promotions&filters=products:(NONE)%20AND%20NOT%20publicationdestination:(FindMyProduct)"  	[MsgId: MERR-26608]
Warning: Iteration pacing cannot be reached (pace time = 5.91, actual time = 29.04).	[MsgId: MWAR-15995]
Warning: Iteration pacing cannot be reached (pace time = 5.19, actual time = 14.25).	[MsgId: MWAR-15995]
Warning: Iteration pacing cannot be reached (pace time = 5.33, actual time = 20.11).	[MsgId: MWAR-15995]
Warning: Iteration pacing cannot be reached (pace time = 5.34, actual time = 10.14).	[MsgId: MWAR-15995]
Warning: Iteration pacing cannot be reached (pace time = 5.25, actual time = 11.96).	[MsgId: MWAR-15995]
Warning: Iteration pacing cannot be reached (pace time = 5.21, actual time = 8.08).	[MsgId: MWAR-15995]
Warning: Iteration pacing cannot be reached (pace time = 5.85, actual time = 13.86).	[MsgId: MWAR-15995]
Warning: Iteration pacing cannot be reached (pace time = 5.40, actual time = 8.53).	[MsgId: MWAR-15995]
Warning: Iteration pacing cannot be reached (pace time = 5.46, actual time = 8.33).	[MsgId: MWAR-15995]
Warning: Iteration pacing cannot be reached (pace time = 5.07, actual time = 26.12).	[MsgId: MWAR-15995]
Warning: Iteration pacing cannot be reached (pace time = 5.33, actual time = 23.16).	[MsgId: MWAR-15995]
Warning: Iteration pacing cannot be reached (pace time = 5.87, actual time = 26.00).	[MsgId: MWAR-15995]
Warning: Iteration pacing cannot be reached (pace time = 5.21, actual time = 27.36).	[MsgId: MWAR-15995]
Warning: Iteration pacing cannot be reached (pace time = 5.33, actual time = 20.35).	[MsgId: MWAR-15995]
Warning: Iteration pacing cannot be reached (pace time = 5.28, actual time = 24.13).	[MsgId: MWAR-15995]
Warning: Iteration pacing cannot be reached (pace time = 5.32, actual time = 27.07).	[MsgId: MWAR-15995]
Warning: Iteration pacing cannot be reached (pace time = 5.19, actual time = 23.29).	[MsgId: MWAR-15995]
Warning: Iteration pacing cannot be reached (pace time = 5.89, actual time = 28.37).	[MsgId: MWAR-15995]
Warning: Iteration pacing cannot be reached (pace time = 5.15, actual time = 9.91).	[MsgId: MWAR-15995]
Warning: Iteration pacing cannot be reached (pace time = 5.66, actual time = 20.05).	[MsgId: MWAR-15995]
Warning: Iteration pacing cannot be reached (pace time = 5.71, actual time = 12.63).	[MsgId: MWAR-15995]
Warning: Iteration pacing cannot be reached (pace time = 5.70, actual time = 22.19).	[MsgId: MWAR-15995]
Warning: Iteration pacing cannot be reached (pace time = 5.17, actual time = 6.89).	[MsgId: MWAR-15995]
Warning: Iteration pacing cannot be reached (pace time = 5.51, actual time = 15.97).	[MsgId: MWAR-15995]
Warning: Iteration pacing cannot be reached (pace time = 5.25, actual time = 13.66).	[MsgId: MWAR-15995]
Warning: Iteration pacing cannot be reached (pace time = 5.17, actual time = 17.53).	[MsgId: MWAR-15995]
Warning: Iteration pacing cannot be reached (pace time = 5.59, actual time = 12.04).	[MsgId: MWAR-15995]
Warning: Iteration pacing cannot be reached (pace time = 5.79, actual time = 20.20).	[MsgId: MWAR-15995]
Warning: Iteration pacing cannot be reached (pace time = 5.43, actual time = 8.79).	[MsgId: MWAR-15995]
Warning: Iteration pacing cannot be reached (pace time = 5.69, actual time = 15.27).	[MsgId: MWAR-15995]
Warning: Iteration pacing cannot be reached (pace time = 5.58, actual time = 5.90).	[MsgId: MWAR-15995]
Warning: Iteration pacing cannot be reached (pace time = 5.35, actual time = 19.44).	[MsgId: MWAR-15995]
Warning: Iteration pacing cannot be reached (pace time = 5.58, actual time = 16.65).	[MsgId: MWAR-15995]
Warning: Iteration pacing cannot be reached (pace time = 5.35, actual time = 20.54).	[MsgId: MWAR-15995]
Warning: Iteration pacing cannot be reached (pace time = 5.93, actual time = 15.88).	[MsgId: MWAR-15995]
Warning: Iteration pacing cannot be reached (pace time = 5.76, actual time = 7.02).	[MsgId: MWAR-15995]
Warning: Iteration pacing cannot be reached (pace time = 5.27, actual time = 13.58).	[MsgId: MWAR-15995]
Warning: Iteration pacing cannot be reached (pace time = 5.01, actual time = 22.00).	[MsgId: MWAR-15995]
Warning: Iteration pacing cannot be reached (pace time = 5.47, actual time = 7.59).	[MsgId: MWAR-15995]
Warning: Iteration pacing cannot be reached (pace time = 5.09, actual time = 25.60).	[MsgId: MWAR-15995]
kaas_DocSearchHPES_Promotion_query.c(9): Error -26608: HTTP Status-Code=504 (Gateway Timeout) for "https://hx9ekpvvbi.execute-api.us-east-1.amazonaws.com/KaaS-ITG/v2/search?q=touchpad&resultLimit=15&resultStart=0&languageCode=en&countryCode=us&promotions=true&store=promotions&filters=products:(NONE)%20AND%20NOT%20publicationdestination:(FindMyProduct)"  	[MsgId: MERR-26608]
Warning: Iteration pacing cannot be reached (pace time = 5.66, actual time = 29.05).	[MsgId: MWAR-15995]
kaas_DocSearchHPES_Promotion_query.c(9): Error -26608: HTTP Status-Code=504 (Gateway Timeout) for "https://hx9ekpvvbi.execute-api.us-east-1.amazonaws.com/KaaS-ITG/v2/search?q=touchscreen&resultLimit=15&resultStart=0&languageCode=en&countryCode=us&promotions=true&store=promotions&filters=products:(NONE)%20AND%20NOT%20publicationdestination:(FindMyProduct)"  	[MsgId: MERR-26608]
Warning: Iteration pacing cannot be reached (pace time = 5.96, actual time = 29.04).	[MsgId: MWAR-15995]
kaas_DocSearchHPES_Promotion_query.c(9): Error -26608: HTTP Status-Code=504 (Gateway Timeout) for "https://hx9ekpvvbi.execute-api.us-east-1.amazonaws.com/KaaS-ITG/v2/search?q=accelerometer&resultLimit=15&resultStart=0&languageCode=en&countryCode=us&promotions=true&store=promotions&filters=products:(NONE)%20AND%20NOT%20publicationdestination:(FindMyProduct)"  	[MsgId: MERR-26608]
Warning: Iteration pacing cannot be reached (pace time = 5.53, actual time = 29.04).	[MsgId: MWAR-15995]
Warning: Iteration pacing cannot be reached (pace time = 5.76, actual time = 23.41).	[MsgId: MWAR-15995]
Warning: Iteration pacing cannot be reached (pace time = 5.89, actual time = 24.65).	[MsgId: MWAR-15995]
Warning: Iteration pacing cannot be reached (pace time = 5.14, actual time = 25.58).	[MsgId: MWAR-15995]
Warning: Iteration pacing cannot be reached (pace time = 5.37, actual time = 19.28).	[MsgId: MWAR-15995]
Warning: Iteration pacing cannot be reached (pace time = 5.12, actual time = 17.65).	[MsgId: MWAR-15995]
Warning: Iteration pacing cannot be reached (pace time = 5.01, actual time = 28.18).	[MsgId: MWAR-15995]
Warning: Iteration pacing cannot be reached (pace time = 5.38, actual time = 5.51).	[MsgId: MWAR-15995]
Warning: Iteration pacing cannot be reached (pace time = 5.63, actual time = 6.80).	[MsgId: MWAR-15995]
kaas_DocSearchHPES_Promotion_query.c(9): Error -26608: HTTP Status-Code=504 (Gateway Timeout) for "https://hx9ekpvvbi.execute-api.us-east-1.amazonaws.com/KaaS-ITG/v2/search?q=buy battery&resultLimit=15&resultStart=0&languageCode=en&countryCode=us&promotions=true&store=promotions&filters=products:(NONE)%20AND%20NOT%20publicationdestination:(FindMyProduct)"  	[MsgId: MERR-26608]
Warning: Iteration pacing cannot be reached (pace time = 5.34, actual time = 29.05).	[MsgId: MWAR-15995]
kaas_DocSearchHPES_Promotion_query.c(9): Error -26608: HTTP Status-Code=504 (Gateway Timeout) for "https://hx9ekpvvbi.execute-api.us-east-1.amazonaws.com/KaaS-ITG/v2/search?q=driveguard&resultLimit=15&resultStart=0&languageCode=en&countryCode=us&promotions=true&store=promotions&filters=products:(NONE)%20AND%20NOT%20publicationdestination:(FindMyProduct)"  	[MsgId: MERR-26608]
Warning: Iteration pacing cannot be reached (pace time = 5.42, actual time = 29.05).	[MsgId: MWAR-15995]
kaas_DocSearchHPES_Promotion_query.c(9): Error -26608: HTTP Status-Code=504 (Gateway Timeout) for "https://hx9ekpvvbi.execute-api.us-east-1.amazonaws.com/KaaS-ITG/v2/search?q=purchase battery&resultLimit=15&resultStart=0&languageCode=en&countryCode=us&promotions=true&store=promotions&filters=products:(NONE)%20AND%20NOT%20publicationdestination:(FindMyProduct)"  	[MsgId: MERR-26608]
Warning: Iteration pacing cannot be reached (pace time = 5.17, actual time = 29.17).	[MsgId: MWAR-15995]
kaas_DocSearchHPES_Promotion_query.c(9): Error -26608: HTTP Status-Code=504 (Gateway Timeout) for "https://hx9ekpvvbi.execute-api.us-east-1.amazonaws.com/KaaS-ITG/v2/search?q=bios&resultLimit=15&resultStart=0&languageCode=en&countryCode=us&promotions=true&store=promotions&filters=products:(NONE)%20AND%20NOT%20publicationdestination:(FindMyProduct)"  	[MsgId: MERR-26608]
Warning: Iteration pacing cannot be reached (pace time = 5.22, actual time = 29.04).	[MsgId: MWAR-15995]
Warning: Iteration pacing cannot be reached (pace time = 5.29, actual time = 5.95).	[MsgId: MWAR-15995]
Warning: Iteration pacing cannot be reached (pace time = 5.58, actual time = 22.63).	[MsgId: MWAR-15995]
Warning: Iteration pacing cannot be reached (pace time = 5.23, actual time = 10.53).	[MsgId: MWAR-15995]
Warning: Iteration pacing cannot be reached (pace time = 5.90, actual time = 6.55).	[MsgId: MWAR-15995]
Warning: Iteration pacing cannot be reached (pace time = 5.82, actual time = 14.29).	[MsgId: MWAR-15995]
Warning: Iteration pacing cannot be reached (pace time = 5.99, actual time = 16.74).	[MsgId: MWAR-15995]
Warning: Iteration pacing cannot be reached (pace time = 5.00, actual time = 13.65).	[MsgId: MWAR-15995]
Warning: Iteration pacing cannot be reached (pace time = 5.53, actual time = 14.93).	[MsgId: MWAR-15995]
Warning: Iteration pacing cannot be reached (pace time = 5.74, actual time = 15.53).	[MsgId: MWAR-15995]
Warning: Iteration pacing cannot be reached (pace time = 5.06, actual time = 15.46).	[MsgId: MWAR-15995]
Warning: Iteration pacing cannot be reached (pace time = 5.38, actual time = 15.99).	[MsgId: MWAR-15995]
Warning: Iteration pacing cannot be reached (pace time = 5.17, actual time = 16.53).	[MsgId: MWAR-15995]
Warning: Iteration pacing cannot be reached (pace time = 6.00, actual time = 14.54).	[MsgId: MWAR-15995]
Warning: Iteration pacing cannot be reached (pace time = 5.54, actual time = 7.30).	[MsgId: MWAR-15995]
Warning: Iteration pacing cannot be reached (pace time = 5.25, actual time = 10.26).	[MsgId: MWAR-15995]
Warning: Iteration pacing cannot be reached (pace time = 5.22, actual time = 10.75).	[MsgId: MWAR-15995]
Warning: Iteration pacing cannot be reached (pace time = 5.18, actual time = 20.04).	[MsgId: MWAR-15995]
Warning: Iteration pacing cannot be reached (pace time = 5.22, actual time = 10.65).	[MsgId: MWAR-15995]
Warning: Iteration pacing cannot be reached (pace time = 5.00, actual time = 8.55).	[MsgId: MWAR-15995]
Warning: Iteration pacing cannot be reached (pace time = 5.18, actual time = 8.75).	[MsgId: MWAR-15995]
Warning: Iteration pacing cannot be reached (pace time = 5.15, actual time = 14.62).	[MsgId: MWAR-15995]
Warning: Iteration pacing cannot be reached (pace time = 5.17, actual time = 5.87).	[MsgId: MWAR-15995]
Warning: Iteration pacing cannot be reached (pace time = 5.08, actual time = 6.31).	[MsgId: MWAR-15995]
Warning: Iteration pacing cannot be reached (pace time = 5.28, actual time = 19.06).	[MsgId: MWAR-15995]
Warning: Iteration pacing cannot be reached (pace time = 5.19, actual time = 17.88).	[MsgId: MWAR-15995]
Warning: Iteration pacing cannot be reached (pace time = 5.74, actual time = 18.69).	[MsgId: MWAR-15995]
Warning: Iteration pacing cannot be reached (pace time = 5.66, actual time = 16.31).	[MsgId: MWAR-15995]
Warning: Iteration pacing cannot be reached (pace time = 5.47, actual time = 17.92).	[MsgId: MWAR-15995]
Warning: Iteration pacing cannot be reached (pace time = 5.64, actual time = 9.52).	[MsgId: MWAR-15995]
Warning: Iteration pacing cannot be reached (pace time = 5.66, actual time = 21.37).	[MsgId: MWAR-15995]
Warning: Iteration pacing cannot be reached (pace time = 5.75, actual time = 6.22).	[MsgId: MWAR-15995]
Warning: Iteration pacing cannot be reached (pace time = 5.21, actual time = 5.78).	[MsgId: MWAR-15995]
Warning: Iteration pacing cannot be reached (pace time = 5.55, actual time = 5.57).	[MsgId: MWAR-15995]
Warning: Iteration pacing cannot be reached (pace time = 5.72, actual time = 8.33).	[MsgId: MWAR-15995]
Warning: Iteration pacing cannot be reached (pace time = 5.37, actual time = 6.08).	[MsgId: MWAR-15995]
Warning: Iteration pacing cannot be reached (pace time = 5.99, actual time = 22.46).	[MsgId: MWAR-15995]
Warning: Iteration pacing cannot be reached (pace time = 5.78, actual time = 19.36).	[MsgId: MWAR-15995]
Warning: Iteration pacing cannot be reached (pace time = 5.51, actual time = 6.00).	[MsgId: MWAR-15995]
Warning: Iteration pacing cannot be reached (pace time = 5.24, actual time = 7.18).	[MsgId: MWAR-15995]
Warning: Iteration pacing cannot be reached (pace time = 5.70, actual time = 10.04).	[MsgId: MWAR-15995]
Warning: Iteration pacing cannot be reached (pace time = 5.50, actual time = 28.54).	[MsgId: MWAR-15995]
kaas_DocSearchHPES_Promotion_query.c(9): Error -26608: HTTP Status-Code=504 (Gateway Timeout) for "https://hx9ekpvvbi.execute-api.us-east-1.amazonaws.com/KaaS-ITG/v2/search?q=win10&resultLimit=15&resultStart=0&languageCode=en&countryCode=us&promotions=true&store=promotions&filters=products:(NONE)%20AND%20NOT%20publicationdestination:(FindMyProduct)"  	[MsgId: MERR-26608]
Warning: Iteration pacing cannot be reached (pace time = 5.91, actual time = 29.05).	[MsgId: MWAR-15995]
kaas_DocSearchHPES_Promotion_query.c(9): Error -26608: HTTP Status-Code=504 (Gateway Timeout) for "https://hx9ekpvvbi.execute-api.us-east-1.amazonaws.com/KaaS-ITG/v2/search?q=keyboard&resultLimit=15&resultStart=0&languageCode=en&countryCode=us&promotions=true&store=promotions&filters=products:(NONE)%20AND%20NOT%20publicationdestination:(FindMyProduct)"  	[MsgId: MERR-26608]
Warning: Iteration pacing cannot be reached (pace time = 5.27, actual time = 29.16).	[MsgId: MWAR-15995]
kaas_DocSearchHPES_Promotion_query.c(9): Error -26608: HTTP Status-Code=504 (Gateway Timeout) for "https://hx9ekpvvbi.execute-api.us-east-1.amazonaws.com/KaaS-ITG/v2/search?q=driver&resultLimit=15&resultStart=0&languageCode=en&countryCode=us&promotions=true&store=promotions&filters=products:(NONE)%20AND%20NOT%20publicationdestination:(FindMyProduct)"  	[MsgId: MERR-26608]
Warning: Iteration pacing cannot be reached (pace time = 5.22, actual time = 29.04).	[MsgId: MWAR-15995]
kaas_DocSearchHPES_Promotion_query.c(9): Error -26608: HTTP Status-Code=504 (Gateway Timeout) for "https://hx9ekpvvbi.execute-api.us-east-1.amazonaws.com/KaaS-ITG/v2/search?q=driver&resultLimit=15&resultStart=0&languageCode=en&countryCode=us&promotions=true&store=promotions&filters=products:(NONE)%20AND%20NOT%20publicationdestination:(FindMyProduct)"  	[MsgId: MERR-26608]
Warning: Iteration pacing cannot be reached (pace time = 5.46, actual time = 29.04).	[MsgId: MWAR-15995]
kaas_DocSearchHPES_Promotion_query.c(9): Error -26608: HTTP Status-Code=504 (Gateway Timeout) for "https://hx9ekpvvbi.execute-api.us-east-1.amazonaws.com/KaaS-ITG/v2/search?q=bios&resultLimit=15&resultStart=0&languageCode=en&countryCode=us&promotions=true&store=promotions&filters=products:(NONE)%20AND%20NOT%20publicationdestination:(FindMyProduct)"  	[MsgId: MERR-26608]
Warning: Iteration pacing cannot be reached (pace time = 5.39, actual time = 29.04).	[MsgId: MWAR-15995]
kaas_DocSearchHPES_Promotion_query.c(9): Error -26608: HTTP Status-Code=504 (Gateway Timeout) for "https://hx9ekpvvbi.execute-api.us-east-1.amazonaws.com/KaaS-ITG/v2/search?q=recovery&resultLimit=15&resultStart=0&languageCode=en&countryCode=us&promotions=true&store=promotions&filters=products:(NONE)%20AND%20NOT%20publicationdestination:(FindMyProduct)"  	[MsgId: MERR-26608]
Warning: Iteration pacing cannot be reached (pace time = 5.81, actual time = 29.04).	[MsgId: MWAR-15995]
kaas_DocSearchHPES_Promotion_query.c(9): Error -26608: HTTP Status-Code=504 (Gateway Timeout) for "https://hx9ekpvvbi.execute-api.us-east-1.amazonaws.com/KaaS-ITG/v2/search?q=kbrf57711&resultLimit=15&resultStart=0&languageCode=en&countryCode=us&promotions=true&store=promotions&filters=products:(NONE)%20AND%20NOT%20publicationdestination:(FindMyProduct)"  	[MsgId: MERR-26608]
Warning: Iteration pacing cannot be reached (pace time = 5.64, actual time = 29.04).	[MsgId: MWAR-15995]
kaas_DocSearchHPES_Promotion_query.c(9): Error -26608: HTTP Status-Code=504 (Gateway Timeout) for "https://hx9ekpvvbi.execute-api.us-east-1.amazonaws.com/KaaS-ITG/v2/search?q=REPLACED MY TRI COLOR AND BLACK INK CARTRIDGE AND I STILL CAN'T PRINT FROM MY CO PUTER MY COMPUTER NO LONGER GIVES ME THE PRINT OPTION&resultLimit=15&resultStart=0&languageCode=en&countryCode=us&promotions=true&store=promotions&filters=products:(NONE)%20AND%20NOT%20publicationdestination:(FindMyProduct)"  	[MsgId: MERR-26608]
Warning: Iteration pacing cannot be reached (pace time = 5.74, actual time = 29.04).	[MsgId: MWAR-15995]
kaas_DocSearchHPES_Promotion_query.c(9): Error -26608: HTTP Status-Code=504 (Gateway Timeout) for "https://hx9ekpvvbi.execute-api.us-east-1.amazonaws.com/KaaS-ITG/v2/search?q=spectre&resultLimit=15&resultStart=0&languageCode=en&countryCode=us&promotions=true&store=promotions&filters=products:(NONE)%20AND%20NOT%20publicationdestination:(FindMyProduct)"  	[MsgId: MERR-26608]
Warning: Iteration pacing cannot be reached (pace time = 5.82, actual time = 29.05).	[MsgId: MWAR-15995]
Warning: Iteration pacing cannot be reached (pace time = 5.14, actual time = 5.90).	[MsgId: MWAR-15995]
Warning: Iteration pacing cannot be reached (pace time = 5.56, actual time = 9.39).	[MsgId: MWAR-15995]
Warning: Iteration pacing cannot be reached (pace time = 5.96, actual time = 7.68).	[MsgId: MWAR-15995]
Warning: Iteration pacing cannot be reached (pace time = 5.92, actual time = 24.17).	[MsgId: MWAR-15995]
Warning: Iteration pacing cannot be reached (pace time = 5.81, actual time = 13.03).	[MsgId: MWAR-15995]
Warning: Iteration pacing cannot be reached (pace time = 5.27, actual time = 25.52).	[MsgId: MWAR-15995]
Warning: Iteration pacing cannot be reached (pace time = 5.09, actual time = 16.65).	[MsgId: MWAR-15995]
Warning: Iteration pacing cannot be reached (pace time = 5.51, actual time = 9.44).	[MsgId: MWAR-15995]
Warning: Iteration pacing cannot be reached (pace time = 5.91, actual time = 11.22).	[MsgId: MWAR-15995]
Warning: Iteration pacing cannot be reached (pace time = 5.91, actual time = 11.12).	[MsgId: MWAR-15995]
Warning: Iteration pacing cannot be reached (pace time = 5.08, actual time = 20.34).	[MsgId: MWAR-15995]
Warning: Iteration pacing cannot be reached (pace time = 5.56, actual time = 22.44).	[MsgId: MWAR-15995]
Warning: Iteration pacing cannot be reached (pace time = 5.29, actual time = 17.26).	[MsgId: MWAR-15995]
Warning: Iteration pacing cannot be reached (pace time = 5.79, actual time = 13.58).	[MsgId: MWAR-15995]
Warning: Iteration pacing cannot be reached (pace time = 5.37, actual time = 24.99).	[MsgId: MWAR-15995]
Warning: Iteration pacing cannot be reached (pace time = 5.59, actual time = 11.89).	[MsgId: MWAR-15995]
Warning: Iteration pacing cannot be reached (pace time = 5.76, actual time = 26.43).	[MsgId: MWAR-15995]
Warning: Iteration pacing cannot be reached (pace time = 5.71, actual time = 17.00).	[MsgId: MWAR-15995]
Warning: Iteration pacing cannot be reached (pace time = 5.66, actual time = 15.48).	[MsgId: MWAR-15995]
Warning: Iteration pacing cannot be reached (pace time = 5.29, actual time = 28.13).	[MsgId: MWAR-15995]
Warning: Iteration pacing cannot be reached (pace time = 5.28, actual time = 5.75).	[MsgId: MWAR-15995]
Warning: Iteration pacing cannot be reached (pace time = 5.47, actual time = 8.11).	[MsgId: MWAR-15995]
Warning: Iteration pacing cannot be reached (pace time = 5.74, actual time = 8.73).	[MsgId: MWAR-15995]
Warning: Iteration pacing cannot be reached (pace time = 5.15, actual time = 7.09).	[MsgId: MWAR-15995]
Warning: Iteration pacing cannot be reached (pace time = 5.96, actual time = 9.82).	[MsgId: MWAR-15995]
Warning: Iteration pacing cannot be reached (pace time = 5.07, actual time = 13.15).	[MsgId: MWAR-15995]
Warning: Iteration pacing cannot be reached (pace time = 5.30, actual time = 11.16).	[MsgId: MWAR-15995]
Warning: Iteration pacing cannot be reached (pace time = 5.24, actual time = 21.74).	[MsgId: MWAR-15995]
Warning: Iteration pacing cannot be reached (pace time = 5.23, actual time = 22.47).	[MsgId: MWAR-15995]
Warning: Iteration pacing cannot be reached (pace time = 5.21, actual time = 28.16).	[MsgId: MWAR-15995]
Warning: Iteration pacing cannot be reached (pace time = 5.87, actual time = 11.83).	[MsgId: MWAR-15995]
Warning: Iteration pacing cannot be reached (pace time = 5.17, actual time = 18.38).	[MsgId: MWAR-15995]
Warning: Iteration pacing cannot be reached (pace time = 5.64, actual time = 14.68).	[MsgId: MWAR-15995]
Warning: Iteration pacing cannot be reached (pace time = 5.57, actual time = 12.01).	[MsgId: MWAR-15995]
Warning: Iteration pacing cannot be reached (pace time = 5.76, actual time = 10.27).	[MsgId: MWAR-15995]
Warning: Iteration pacing cannot be reached (pace time = 5.48, actual time = 10.37).	[MsgId: MWAR-15995]
Warning: Iteration pacing cannot be reached (pace time = 5.10, actual time = 11.71).	[MsgId: MWAR-15995]
Warning: Iteration pacing cannot be reached (pace time = 5.89, actual time = 6.38).	[MsgId: MWAR-15995]
Warning: Iteration pacing cannot be reached (pace time = 5.90, actual time = 6.57).	[MsgId: MWAR-15995]
Warning: Iteration pacing cannot be reached (pace time = 5.60, actual time = 11.33).	[MsgId: MWAR-15995]
Warning: Iteration pacing cannot be reached (pace time = 5.37, actual time = 16.46).	[MsgId: MWAR-15995]
Warning: Iteration pacing cannot be reached (pace time = 5.79, actual time = 8.11).	[MsgId: MWAR-15995]
Warning: Iteration pacing cannot be reached (pace time = 5.40, actual time = 9.03).	[MsgId: MWAR-15995]
Warning: Iteration pacing cannot be reached (pace time = 5.70, actual time = 7.44).	[MsgId: MWAR-15995]
Warning: Iteration pacing cannot be reached (pace time = 5.47, actual time = 6.23).	[MsgId: MWAR-15995]
Warning: Iteration pacing cannot be reached (pace time = 5.07, actual time = 5.12).	[MsgId: MWAR-15995]
Warning: Iteration pacing cannot be reached (pace time = 5.17, actual time = 8.18).	[MsgId: MWAR-15995]
Warning: Iteration pacing cannot be reached (pace time = 5.00, actual time = 5.87).	[MsgId: MWAR-15995]
Warning: Iteration pacing cannot be reached (pace time = 5.01, actual time = 5.42).	[MsgId: MWAR-15995]
Warning: Iteration pacing cannot be reached (pace time = 5.38, actual time = 5.62).	[MsgId: MWAR-15995]
Warning: Iteration pacing cannot be reached (pace time = 5.46, actual time = 7.05).	[MsgId: MWAR-15995]
Warning: Iteration pacing cannot be reached (pace time = 5.89, actual time = 10.61).	[MsgId: MWAR-15995]
Warning: Iteration pacing cannot be reached (pace time = 5.87, actual time = 15.08).	[MsgId: MWAR-15995]
Warning: Iteration pacing cannot be reached (pace time = 5.24, actual time = 17.50).	[MsgId: MWAR-15995]
Warning: Iteration pacing cannot be reached (pace time = 5.26, actual time = 17.96).	[MsgId: MWAR-15995]
Warning: Iteration pacing cannot be reached (pace time = 5.06, actual time = 17.15).	[MsgId: MWAR-15995]
Warning: Iteration pacing cannot be reached (pace time = 5.90, actual time = 23.17).	[MsgId: MWAR-15995]
Warning: Iteration pacing cannot be reached (pace time = 5.61, actual time = 16.75).	[MsgId: MWAR-15995]
Warning: Iteration pacing cannot be reached (pace time = 5.57, actual time = 15.04).	[MsgId: MWAR-15995]
Warning: Iteration pacing cannot be reached (pace time = 5.83, actual time = 14.42).	[MsgId: MWAR-15995]
Warning: Iteration pacing cannot be reached (pace time = 5.02, actual time = 11.78).	[MsgId: MWAR-15995]
Warning: Iteration pacing cannot be reached (pace time = 5.51, actual time = 7.67).	[MsgId: MWAR-15995]
Warning: Iteration pacing cannot be reached (pace time = 5.90, actual time = 5.98).	[MsgId: MWAR-15995]
Warning: Iteration pacing cannot be reached (pace time = 5.80, actual time = 6.06).	[MsgId: MWAR-15995]
Warning: Iteration pacing cannot be reached (pace time = 5.94, actual time = 6.03).	[MsgId: MWAR-15995]
Warning: Iteration pacing cannot be reached (pace time = 5.95, actual time = 6.03).	[MsgId: MWAR-15995]
Warning: Iteration pacing cannot be reached (pace time = 5.62, actual time = 10.69).	[MsgId: MWAR-15995]
Warning: Iteration pacing cannot be reached (pace time = 5.09, actual time = 10.96).	[MsgId: MWAR-15995]
Warning: Iteration pacing cannot be reached (pace time = 5.13, actual time = 6.55).	[MsgId: MWAR-15995]
Warning: Iteration pacing cannot be reached (pace time = 5.49, actual time = 6.93).	[MsgId: MWAR-15995]
Warning: Iteration pacing cannot be reached (pace time = 5.28, actual time = 5.65).	[MsgId: MWAR-15995]
Warning: Iteration pacing cannot be reached (pace time = 5.45, actual time = 7.02).	[MsgId: MWAR-15995]
Warning: Iteration pacing cannot be reached (pace time = 5.49, actual time = 6.46).	[MsgId: MWAR-15995]
Warning: Iteration pacing cannot be reached (pace time = 5.22, actual time = 6.02).	[MsgId: MWAR-15995]
Warning: Iteration pacing cannot be reached (pace time = 5.31, actual time = 7.99).	[MsgId: MWAR-15995]
Warning: Iteration pacing cannot be reached (pace time = 5.56, actual time = 5.64).	[MsgId: MWAR-15995]
Warning: Iteration pacing cannot be reached (pace time = 5.24, actual time = 28.08).	[MsgId: MWAR-15995]
Warning: Iteration pacing cannot be reached (pace time = 5.55, actual time = 26.06).	[MsgId: MWAR-15995]
Warning: Iteration pacing cannot be reached (pace time = 5.30, actual time = 27.28).	[MsgId: MWAR-15995]
Warning: Iteration pacing cannot be reached (pace time = 5.68, actual time = 17.96).	[MsgId: MWAR-15995]
Warning: Iteration pacing cannot be reached (pace time = 5.82, actual time = 16.33).	[MsgId: MWAR-15995]
Warning: Iteration pacing cannot be reached (pace time = 5.02, actual time = 19.64).	[MsgId: MWAR-15995]
Warning: Iteration pacing cannot be reached (pace time = 5.11, actual time = 7.53).	[MsgId: MWAR-15995]
Warning: Iteration pacing cannot be reached (pace time = 5.58, actual time = 5.84).	[MsgId: MWAR-15995]
Warning: Iteration pacing cannot be reached (pace time = 5.06, actual time = 24.62).	[MsgId: MWAR-15995]
Warning: Iteration pacing cannot be reached (pace time = 5.20, actual time = 9.98).	[MsgId: MWAR-15995]
Warning: Iteration pacing cannot be reached (pace time = 5.12, actual time = 26.32).	[MsgId: MWAR-15995]
Warning: Iteration pacing cannot be reached (pace time = 5.33, actual time = 16.91).	[MsgId: MWAR-15995]
Warning: Iteration pacing cannot be reached (pace time = 5.60, actual time = 12.89).	[MsgId: MWAR-15995]
Warning: Iteration pacing cannot be reached (pace time = 5.96, actual time = 23.98).	[MsgId: MWAR-15995]
Warning: Iteration pacing cannot be reached (pace time = 5.54, actual time = 12.77).	[MsgId: MWAR-15995]
Warning: Iteration pacing cannot be reached (pace time = 5.32, actual time = 15.02).	[MsgId: MWAR-15995]
Warning: Iteration pacing cannot be reached (pace time = 5.62, actual time = 14.94).	[MsgId: MWAR-15995]
Warning: Iteration pacing cannot be reached (pace time = 5.44, actual time = 16.64).	[MsgId: MWAR-15995]
kaas_DocSearchHPES_Promotion_query.c(9): Error -26608: HTTP Status-Code=504 (Gateway Timeout) for "https://hx9ekpvvbi.execute-api.us-east-1.amazonaws.com/KaaS-ITG/v2/search?q=purchase battery&resultLimit=15&resultStart=0&languageCode=en&countryCode=us&promotions=true&store=promotions&filters=products:(NONE)%20AND%20NOT%20publicationdestination:(FindMyProduct)"  	[MsgId: MERR-26608]
Warning: Iteration pacing cannot be reached (pace time = 5.02, actual time = 29.06).	[MsgId: MWAR-15995]
kaas_DocSearchHPES_Promotion_query.c(9): Error -26608: HTTP Status-Code=504 (Gateway Timeout) for "https://hx9ekpvvbi.execute-api.us-east-1.amazonaws.com/KaaS-ITG/v2/search?q=spectre&resultLimit=15&resultStart=0&languageCode=en&countryCode=us&promotions=true&store=promotions&filters=products:(NONE)%20AND%20NOT%20publicationdestination:(FindMyProduct)"  	[MsgId: MERR-26608]
Warning: Iteration pacing cannot be reached (pace time = 5.23, actual time = 29.05).	[MsgId: MWAR-15995]
kaas_DocSearchHPES_Promotion_query.c(9): Error -26608: HTTP Status-Code=504 (Gateway Timeout) for "https://hx9ekpvvbi.execute-api.us-east-1.amazonaws.com/KaaS-ITG/v2/search?q=bcm943142y&resultLimit=15&resultStart=0&languageCode=en&countryCode=us&promotions=true&store=promotions&filters=products:(NONE)%20AND%20NOT%20publicationdestination:(FindMyProduct)"  	[MsgId: MERR-26608]
Warning: Iteration pacing cannot be reached (pace time = 5.87, actual time = 29.04).	[MsgId: MWAR-15995]
kaas_DocSearchHPES_Promotion_query.c(9): Error -26608: HTTP Status-Code=504 (Gateway Timeout) for "https://hx9ekpvvbi.execute-api.us-east-1.amazonaws.com/KaaS-ITG/v2/search?q=blue screen&resultLimit=15&resultStart=0&languageCode=en&countryCode=us&promotions=true&store=promotions&filters=products:(NONE)%20AND%20NOT%20publicationdestination:(FindMyProduct)"  	[MsgId: MERR-26608]
Warning: Iteration pacing cannot be reached (pace time = 5.50, actual time = 29.04).	[MsgId: MWAR-15995]
kaas_DocSearchHPES_Promotion_query.c(9): Error -26608: HTTP Status-Code=504 (Gateway Timeout) for "https://hx9ekpvvbi.execute-api.us-east-1.amazonaws.com/KaaS-ITG/v2/search?q=gaming&resultLimit=15&resultStart=0&languageCode=en&countryCode=us&promotions=true&store=promotions&filters=products:(NONE)%20AND%20NOT%20publicationdestination:(FindMyProduct)"  	[MsgId: MERR-26608]
Warning: Iteration pacing cannot be reached (pace time = 5.09, actual time = 29.04).	[MsgId: MWAR-15995]
Warning: Iteration pacing cannot be reached (pace time = 5.30, actual time = 26.99).	[MsgId: MWAR-15995]
kaas_DocSearchHPES_Promotion_query.c(9): Error -26608: HTTP Status-Code=504 (Gateway Timeout) for "https://hx9ekpvvbi.execute-api.us-east-1.amazonaws.com/KaaS-ITG/v2/search?q=recovery&resultLimit=15&resultStart=0&languageCode=en&countryCode=us&promotions=true&store=promotions&filters=products:(NONE)%20AND%20NOT%20publicationdestination:(FindMyProduct)"  	[MsgId: MERR-26608]
Warning: Iteration pacing cannot be reached (pace time = 5.01, actual time = 29.16).	[MsgId: MWAR-15995]
kaas_DocSearchHPES_Promotion_query.c(9): Error -26608: HTTP Status-Code=504 (Gateway Timeout) for "https://hx9ekpvvbi.execute-api.us-east-1.amazonaws.com/KaaS-ITG/v2/search?q=blue screen&resultLimit=15&resultStart=0&languageCode=en&countryCode=us&promotions=true&store=promotions&filters=products:(NONE)%20AND%20NOT%20publicationdestination:(FindMyProduct)"  	[MsgId: MERR-26608]
Warning: Iteration pacing cannot be reached (pace time = 5.92, actual time = 29.16).	[MsgId: MWAR-15995]
kaas_DocSearchHPES_Promotion_query.c(9): Error -26608: HTTP Status-Code=504 (Gateway Timeout) for "https://hx9ekpvvbi.execute-api.us-east-1.amazonaws.com/KaaS-ITG/v2/search?q=accelerometer&resultLimit=15&resultStart=0&languageCode=en&countryCode=us&promotions=true&store=promotions&filters=products:(NONE)%20AND%20NOT%20publicationdestination:(FindMyProduct)"  	[MsgId: MERR-26608]
Warning: Iteration pacing cannot be reached (pace time = 5.97, actual time = 29.04).	[MsgId: MWAR-15995]
kaas_DocSearchHPES_Promotion_query.c(9): Error -26608: HTTP Status-Code=504 (Gateway Timeout) for "https://hx9ekpvvbi.execute-api.us-east-1.amazonaws.com/KaaS-ITG/v2/search?q=win10&resultLimit=15&resultStart=0&languageCode=en&countryCode=us&promotions=true&store=promotions&filters=products:(NONE)%20AND%20NOT%20publicationdestination:(FindMyProduct)"  	[MsgId: MERR-26608]
Warning: Iteration pacing cannot be reached (pace time = 5.12, actual time = 29.04).	[MsgId: MWAR-15995]
kaas_DocSearchHPES_Promotion_query.c(9): Error -26608: HTTP Status-Code=504 (Gateway Timeout) for "https://hx9ekpvvbi.execute-api.us-east-1.amazonaws.com/KaaS-ITG/v2/search?q=buy battery&resultLimit=15&resultStart=0&languageCode=en&countryCode=us&promotions=true&store=promotions&filters=products:(NONE)%20AND%20NOT%20publicationdestination:(FindMyProduct)"  	[MsgId: MERR-26608]
Warning: Iteration pacing cannot be reached (pace time = 5.65, actual time = 29.05).	[MsgId: MWAR-15995]
Warning: Iteration pacing cannot be reached (pace time = 5.07, actual time = 19.44).	[MsgId: MWAR-15995]
Warning: Iteration pacing cannot be reached (pace time = 5.94, actual time = 14.00).	[MsgId: MWAR-15995]
Warning: Iteration pacing cannot be reached (pace time = 5.38, actual time = 16.13).	[MsgId: MWAR-15995]
Warning: Iteration pacing cannot be reached (pace time = 5.19, actual time = 12.38).	[MsgId: MWAR-15995]
Warning: Iteration pacing cannot be reached (pace time = 5.00, actual time = 7.08).	[MsgId: MWAR-15995]
Warning: Iteration pacing cannot be reached (pace time = 5.87, actual time = 9.34).	[MsgId: MWAR-15995]
Warning: Iteration pacing cannot be reached (pace time = 5.52, actual time = 7.83).	[MsgId: MWAR-15995]
kaas_DocSearchHPES_Promotion_query.c(9): Error -26608: HTTP Status-Code=504 (Gateway Timeout) for "https://hx9ekpvvbi.execute-api.us-east-1.amazonaws.com/KaaS-ITG/v2/search?q=bios&resultLimit=15&resultStart=0&languageCode=en&countryCode=us&promotions=true&store=promotions&filters=products:(NONE)%20AND%20NOT%20publicationdestination:(FindMyProduct)"  	[MsgId: MERR-26608]
Warning: Iteration pacing cannot be reached (pace time = 5.65, actual time = 29.18).	[MsgId: MWAR-15995]
kaas_DocSearchHPES_Promotion_query.c(9): Error -26608: HTTP Status-Code=504 (Gateway Timeout) for "https://hx9ekpvvbi.execute-api.us-east-1.amazonaws.com/KaaS-ITG/v2/search?q=purchase battery&resultLimit=15&resultStart=0&languageCode=en&countryCode=us&promotions=true&store=promotions&filters=products:(NONE)%20AND%20NOT%20publicationdestination:(FindMyProduct)"  	[MsgId: MERR-26608]
Warning: Iteration pacing cannot be reached (pace time = 5.62, actual time = 29.05).	[MsgId: MWAR-15995]
kaas_DocSearchHPES_Promotion_query.c(9): Error -26608: HTTP Status-Code=504 (Gateway Timeout) for "https://hx9ekpvvbi.execute-api.us-east-1.amazonaws.com/KaaS-ITG/v2/search?q=bcm943142y&resultLimit=15&resultStart=0&languageCode=en&countryCode=us&promotions=true&store=promotions&filters=products:(NONE)%20AND%20NOT%20publicationdestination:(FindMyProduct)"  	[MsgId: MERR-26608]
Warning: Iteration pacing cannot be reached (pace time = 5.29, actual time = 29.04).	[MsgId: MWAR-15995]
Warning: Iteration pacing cannot be reached (pace time = 5.13, actual time = 6.50).	[MsgId: MWAR-15995]
kaas_DocSearchHPES_Promotion_query.c(9): Error -26608: HTTP Status-Code=504 (Gateway Timeout) for "https://hx9ekpvvbi.execute-api.us-east-1.amazonaws.com/KaaS-ITG/v2/search?q=spectre&resultLimit=15&resultStart=0&languageCode=en&countryCode=us&promotions=true&store=promotions&filters=products:(NONE)%20AND%20NOT%20publicationdestination:(FindMyProduct)"  	[MsgId: MERR-26608]
Warning: Iteration pacing cannot be reached (pace time = 5.82, actual time = 29.17).	[MsgId: MWAR-15995]
Warning: Iteration pacing cannot be reached (pace time = 5.92, actual time = 24.84).	[MsgId: MWAR-15995]
Warning: Iteration pacing cannot be reached (pace time = 5.93, actual time = 12.53).	[MsgId: MWAR-15995]
Warning: Iteration pacing cannot be reached (pace time = 5.15, actual time = 24.60).	[MsgId: MWAR-15995]
Warning: Iteration pacing cannot be reached (pace time = 5.03, actual time = 6.40).	[MsgId: MWAR-15995]
Warning: Iteration pacing cannot be reached (pace time = 5.07, actual time = 13.72).	[MsgId: MWAR-15995]
Warning: Iteration pacing cannot be reached (pace time = 5.52, actual time = 13.63).	[MsgId: MWAR-15995]
kaas_DocSearchHPES_Promotion_query.c(9): Error -26608: HTTP Status-Code=504 (Gateway Timeout) for "https://hx9ekpvvbi.execute-api.us-east-1.amazonaws.com/KaaS-ITG/v2/search?q=kbrf57711&resultLimit=15&resultStart=0&languageCode=en&countryCode=us&promotions=true&store=promotions&filters=products:(NONE)%20AND%20NOT%20publicationdestination:(FindMyProduct)"  	[MsgId: MERR-26608]
Warning: Iteration pacing cannot be reached (pace time = 5.87, actual time = 29.15).	[MsgId: MWAR-15995]
kaas_DocSearchHPES_Promotion_query.c(9): Error -26608: HTTP Status-Code=504 (Gateway Timeout) for "https://hx9ekpvvbi.execute-api.us-east-1.amazonaws.com/KaaS-ITG/v2/search?q=bcm943142y&resultLimit=15&resultStart=0&languageCode=en&countryCode=us&promotions=true&store=promotions&filters=products:(NONE)%20AND%20NOT%20publicationdestination:(FindMyProduct)"  	[MsgId: MERR-26608]
Warning: Iteration pacing cannot be reached (pace time = 5.91, actual time = 29.05).	[MsgId: MWAR-15995]
kaas_DocSearchHPES_Promotion_query.c(9): Error -26608: HTTP Status-Code=504 (Gateway Timeout) for "https://hx9ekpvvbi.execute-api.us-east-1.amazonaws.com/KaaS-ITG/v2/search?q=spectre&resultLimit=15&resultStart=0&languageCode=en&countryCode=us&promotions=true&store=promotions&filters=products:(NONE)%20AND%20NOT%20publicationdestination:(FindMyProduct)"  	[MsgId: MERR-26608]
Warning: Iteration pacing cannot be reached (pace time = 5.16, actual time = 29.15).	[MsgId: MWAR-15995]
kaas_DocSearchHPES_Promotion_query.c(9): Error -26608: HTTP Status-Code=504 (Gateway Timeout) for "https://hx9ekpvvbi.execute-api.us-east-1.amazonaws.com/KaaS-ITG/v2/search?q=charger&resultLimit=15&resultStart=0&languageCode=en&countryCode=us&promotions=true&store=promotions&filters=products:(NONE)%20AND%20NOT%20publicationdestination:(FindMyProduct)"  	[MsgId: MERR-26608]
Warning: Iteration pacing cannot be reached (pace time = 5.16, actual time = 29.04).	[MsgId: MWAR-15995]
Warning: Iteration pacing cannot be reached (pace time = 5.83, actual time = 23.48).	[MsgId: MWAR-15995]
Warning: Iteration pacing cannot be reached (pace time = 5.96, actual time = 17.77).	[MsgId: MWAR-15995]
kaas_DocSearchHPES_Promotion_query.c(9): Error -26608: HTTP Status-Code=504 (Gateway Timeout) for "https://hx9ekpvvbi.execute-api.us-east-1.amazonaws.com/KaaS-ITG/v2/search?q=support&resultLimit=15&resultStart=0&languageCode=en&countryCode=us&promotions=true&store=promotions&filters=products:(NONE)%20AND%20NOT%20publicationdestination:(FindMyProduct)"  	[MsgId: MERR-26608]
Warning: Iteration pacing cannot be reached (pace time = 5.88, actual time = 29.04).	[MsgId: MWAR-15995]
Warning: Iteration pacing cannot be reached (pace time = 5.26, actual time = 20.69).	[MsgId: MWAR-15995]
kaas_DocSearchHPES_Promotion_query.c(9): Error -26608: HTTP Status-Code=504 (Gateway Timeout) for "https://hx9ekpvvbi.execute-api.us-east-1.amazonaws.com/KaaS-ITG/v2/search?q=buy battery&resultLimit=15&resultStart=0&languageCode=en&countryCode=us&promotions=true&store=promotions&filters=products:(NONE)%20AND%20NOT%20publicationdestination:(FindMyProduct)"  	[MsgId: MERR-26608]
Warning: Iteration pacing cannot be reached (pace time = 5.01, actual time = 29.05).	[MsgId: MWAR-15995]
Warning: Iteration pacing cannot be reached (pace time = 5.17, actual time = 22.65).	[MsgId: MWAR-15995]
Warning: Iteration pacing cannot be reached (pace time = 5.97, actual time = 11.89).	[MsgId: MWAR-15995]
Warning: Iteration pacing cannot be reached (pace time = 5.57, actual time = 25.60).	[MsgId: MWAR-15995]
Warning: Iteration pacing cannot be reached (pace time = 5.03, actual time = 10.68).	[MsgId: MWAR-15995]
Warning: Iteration pacing cannot be reached (pace time = 5.24, actual time = 9.07).	[MsgId: MWAR-15995]
Warning: Iteration pacing cannot be reached (pace time = 5.84, actual time = 8.60).	[MsgId: MWAR-15995]
Warning: Iteration pacing cannot be reached (pace time = 5.71, actual time = 8.92).	[MsgId: MWAR-15995]
Warning: Iteration pacing cannot be reached (pace time = 5.36, actual time = 6.46).	[MsgId: MWAR-15995]
Warning: Iteration pacing cannot be reached (pace time = 5.65, actual time = 9.53).	[MsgId: MWAR-15995]
Warning: Iteration pacing cannot be reached (pace time = 5.52, actual time = 5.57).	[MsgId: MWAR-15995]
Warning: Iteration pacing cannot be reached (pace time = 5.01, actual time = 14.19).	[MsgId: MWAR-15995]
Warning: Iteration pacing cannot be reached (pace time = 5.70, actual time = 12.86).	[MsgId: MWAR-15995]
Warning: Iteration pacing cannot be reached (pace time = 5.83, actual time = 7.88).	[MsgId: MWAR-15995]
Warning: Iteration pacing cannot be reached (pace time = 5.70, actual time = 6.55).	[MsgId: MWAR-15995]
Warning: Iteration pacing cannot be reached (pace time = 5.76, actual time = 15.48).	[MsgId: MWAR-15995]
Warning: Iteration pacing cannot be reached (pace time = 5.38, actual time = 13.97).	[MsgId: MWAR-15995]
Warning: Iteration pacing cannot be reached (pace time = 5.48, actual time = 7.32).	[MsgId: MWAR-15995]
Warning: Iteration pacing cannot be reached (pace time = 5.44, actual time = 13.81).	[MsgId: MWAR-15995]
Warning: Iteration pacing cannot be reached (pace time = 5.42, actual time = 15.28).	[MsgId: MWAR-15995]
Warning: Iteration pacing cannot be reached (pace time = 5.99, actual time = 15.28).	[MsgId: MWAR-15995]
Warning: Iteration pacing cannot be reached (pace time = 5.77, actual time = 9.09).	[MsgId: MWAR-15995]
Warning: Iteration pacing cannot be reached (pace time = 5.21, actual time = 23.37).	[MsgId: MWAR-15995]
Warning: Iteration pacing cannot be reached (pace time = 5.30, actual time = 22.25).	[MsgId: MWAR-15995]
Warning: Iteration pacing cannot be reached (pace time = 5.21, actual time = 23.91).	[MsgId: MWAR-15995]
Warning: Iteration pacing cannot be reached (pace time = 5.91, actual time = 25.84).	[MsgId: MWAR-15995]
kaas_DocSearchHPES_Promotion_query.c(9): Error -26608: HTTP Status-Code=504 (Gateway Timeout) for "https://hx9ekpvvbi.execute-api.us-east-1.amazonaws.com/KaaS-ITG/v2/search?q=accelerometer&resultLimit=15&resultStart=0&languageCode=en&countryCode=us&promotions=true&store=promotions&filters=products:(NONE)%20AND%20NOT%20publicationdestination:(FindMyProduct)"  	[MsgId: MERR-26608]
Warning: Iteration pacing cannot be reached (pace time = 5.76, actual time = 29.05).	[MsgId: MWAR-15995]
kaas_DocSearchHPES_Promotion_query.c(9): Error -26608: HTTP Status-Code=504 (Gateway Timeout) for "https://hx9ekpvvbi.execute-api.us-east-1.amazonaws.com/KaaS-ITG/v2/search?q=touchpad&resultLimit=15&resultStart=0&languageCode=en&countryCode=us&promotions=true&store=promotions&filters=products:(NONE)%20AND%20NOT%20publicationdestination:(FindMyProduct)"  	[MsgId: MERR-26608]
Warning: Iteration pacing cannot be reached (pace time = 5.20, actual time = 29.05).	[MsgId: MWAR-15995]
kaas_DocSearchHPES_Promotion_query.c(9): Error -26608: HTTP Status-Code=504 (Gateway Timeout) for "https://hx9ekpvvbi.execute-api.us-east-1.amazonaws.com/KaaS-ITG/v2/search?q=gaming&resultLimit=15&resultStart=0&languageCode=en&countryCode=us&promotions=true&store=promotions&filters=products:(NONE)%20AND%20NOT%20publicationdestination:(FindMyProduct)"  	[MsgId: MERR-26608]
Warning: Iteration pacing cannot be reached (pace time = 5.57, actual time = 29.16).	[MsgId: MWAR-15995]
kaas_DocSearchHPES_Promotion_query.c(9): Error -26608: HTTP Status-Code=504 (Gateway Timeout) for "https://hx9ekpvvbi.execute-api.us-east-1.amazonaws.com/KaaS-ITG/v2/search?q=paper jam&resultLimit=15&resultStart=0&languageCode=en&countryCode=us&promotions=true&store=promotions&filters=products:(NONE)%20AND%20NOT%20publicationdestination:(FindMyProduct)"  	[MsgId: MERR-26608]
Warning: Iteration pacing cannot be reached (pace time = 5.12, actual time = 29.04).	[MsgId: MWAR-15995]
kaas_DocSearchHPES_Promotion_query.c(9): Error -26608: HTTP Status-Code=504 (Gateway Timeout) for "https://hx9ekpvvbi.execute-api.us-east-1.amazonaws.com/KaaS-ITG/v2/search?q=touchpad&resultLimit=15&resultStart=0&languageCode=en&countryCode=us&promotions=true&store=promotions&filters=products:(NONE)%20AND%20NOT%20publicationdestination:(FindMyProduct)"  	[MsgId: MERR-26608]
Warning: Iteration pacing cannot be reached (pace time = 5.89, actual time = 29.16).	[MsgId: MWAR-15995]
kaas_DocSearchHPES_Promotion_query.c(9): Error -26608: HTTP Status-Code=504 (Gateway Timeout) for "https://hx9ekpvvbi.execute-api.us-east-1.amazonaws.com/KaaS-ITG/v2/search?q=touchpad&resultLimit=15&resultStart=0&languageCode=en&countryCode=us&promotions=true&store=promotions&filters=products:(NONE)%20AND%20NOT%20publicationdestination:(FindMyProduct)"  	[MsgId: MERR-26608]
Warning: Iteration pacing cannot be reached (pace time = 5.15, actual time = 29.04).	[MsgId: MWAR-15995]
Warning: Iteration pacing cannot be reached (pace time = 5.08, actual time = 19.02).	[MsgId: MWAR-15995]
Warning: Iteration pacing cannot be reached (pace time = 5.58, actual time = 12.91).	[MsgId: MWAR-15995]
Warning: Iteration pacing cannot be reached (pace time = 5.57, actual time = 6.54).	[MsgId: MWAR-15995]
Warning: Iteration pacing cannot be reached (pace time = 5.17, actual time = 8.96).	[MsgId: MWAR-15995]
Warning: Iteration pacing cannot be reached (pace time = 5.35, actual time = 20.23).	[MsgId: MWAR-15995]
Warning: Iteration pacing cannot be reached (pace time = 5.07, actual time = 9.07).	[MsgId: MWAR-15995]
Warning: Iteration pacing cannot be reached (pace time = 5.30, actual time = 11.05).	[MsgId: MWAR-15995]
Warning: Iteration pacing cannot be reached (pace time = 5.66, actual time = 13.96).	[MsgId: MWAR-15995]
Warning: Iteration pacing cannot be reached (pace time = 5.05, actual time = 8.20).	[MsgId: MWAR-15995]
Warning: Iteration pacing cannot be reached (pace time = 5.13, actual time = 26.62).	[MsgId: MWAR-15995]
Warning: Iteration pacing cannot be reached (pace time = 5.89, actual time = 27.17).	[MsgId: MWAR-15995]
kaas_DocSearchHPES_Promotion_query.c(9): Error -26608: HTTP Status-Code=504 (Gateway Timeout) for "https://hx9ekpvvbi.execute-api.us-east-1.amazonaws.com/KaaS-ITG/v2/search?q=support&resultLimit=15&resultStart=0&languageCode=en&countryCode=us&promotions=true&store=promotions&filters=products:(NONE)%20AND%20NOT%20publicationdestination:(FindMyProduct)"  	[MsgId: MERR-26608]
Warning: Iteration pacing cannot be reached (pace time = 5.43, actual time = 29.05).	[MsgId: MWAR-15995]
Warning: Iteration pacing cannot be reached (pace time = 5.41, actual time = 26.94).	[MsgId: MWAR-15995]
Warning: Iteration pacing cannot be reached (pace time = 5.97, actual time = 23.72).	[MsgId: MWAR-15995]
Warning: Iteration pacing cannot be reached (pace time = 5.70, actual time = 16.87).	[MsgId: MWAR-15995]
Warning: Iteration pacing cannot be reached (pace time = 5.68, actual time = 17.70).	[MsgId: MWAR-15995]
Warning: Iteration pacing cannot be reached (pace time = 5.84, actual time = 9.38).	[MsgId: MWAR-15995]
Warning: Iteration pacing cannot be reached (pace time = 5.08, actual time = 15.67).	[MsgId: MWAR-15995]
Warning: Iteration pacing cannot be reached (pace time = 5.19, actual time = 10.87).	[MsgId: MWAR-15995]
Warning: Iteration pacing cannot be reached (pace time = 5.23, actual time = 16.33).	[MsgId: MWAR-15995]
Warning: Iteration pacing cannot be reached (pace time = 5.75, actual time = 9.24).	[MsgId: MWAR-15995]
Warning: Iteration pacing cannot be reached (pace time = 5.56, actual time = 5.71).	[MsgId: MWAR-15995]
Warning: Iteration pacing cannot be reached (pace time = 5.51, actual time = 9.53).	[MsgId: MWAR-15995]
Warning: Iteration pacing cannot be reached (pace time = 5.76, actual time = 8.48).	[MsgId: MWAR-15995]
Warning: Iteration pacing cannot be reached (pace time = 5.63, actual time = 7.05).	[MsgId: MWAR-15995]
Warning: Iteration pacing cannot be reached (pace time = 5.17, actual time = 10.17).	[MsgId: MWAR-15995]
Warning: Iteration pacing cannot be reached (pace time = 5.80, actual time = 7.41).	[MsgId: MWAR-15995]
Warning: Iteration pacing cannot be reached (pace time = 5.34, actual time = 5.78).	[MsgId: MWAR-15995]
Warning: Iteration pacing cannot be reached (pace time = 5.70, actual time = 15.57).	[MsgId: MWAR-15995]
Warning: Iteration pacing cannot be reached (pace time = 5.20, actual time = 18.14).	[MsgId: MWAR-15995]
Warning: Iteration pacing cannot be reached (pace time = 5.63, actual time = 19.17).	[MsgId: MWAR-15995]
kaas_DocSearchHPES_Promotion_query.c(9): Error -26608: HTTP Status-Code=504 (Gateway Timeout) for "https://hx9ekpvvbi.execute-api.us-east-1.amazonaws.com/KaaS-ITG/v2/search?q=driveguard&resultLimit=15&resultStart=0&languageCode=en&countryCode=us&promotions=true&store=promotions&filters=products:(NONE)%20AND%20NOT%20publicationdestination:(FindMyProduct)"  	[MsgId: MERR-26608]
Warning: Iteration pacing cannot be reached (pace time = 5.79, actual time = 29.04).	[MsgId: MWAR-15995]
Warning: Iteration pacing cannot be reached (pace time = 5.75, actual time = 26.24).	[MsgId: MWAR-15995]
Warning: Iteration pacing cannot be reached (pace time = 5.29, actual time = 25.89).	[MsgId: MWAR-15995]
Warning: Iteration pacing cannot be reached (pace time = 5.44, actual time = 18.86).	[MsgId: MWAR-15995]
Warning: Iteration pacing cannot be reached (pace time = 5.99, actual time = 15.62).	[MsgId: MWAR-15995]
Warning: Iteration pacing cannot be reached (pace time = 5.04, actual time = 10.88).	[MsgId: MWAR-15995]
Warning: Iteration pacing cannot be reached (pace time = 5.40, actual time = 20.68).	[MsgId: MWAR-15995]
Warning: Iteration pacing cannot be reached (pace time = 5.21, actual time = 6.45).	[MsgId: MWAR-15995]
Warning: Iteration pacing cannot be reached (pace time = 5.53, actual time = 11.90).	[MsgId: MWAR-15995]
Warning: Iteration pacing cannot be reached (pace time = 5.79, actual time = 15.53).	[MsgId: MWAR-15995]
Warning: Iteration pacing cannot be reached (pace time = 5.46, actual time = 17.61).	[MsgId: MWAR-15995]
Warning: Iteration pacing cannot be reached (pace time = 5.45, actual time = 17.23).	[MsgId: MWAR-15995]
Warning: Iteration pacing cannot be reached (pace time = 5.53, actual time = 17.20).	[MsgId: MWAR-15995]
Warning: Iteration pacing cannot be reached (pace time = 5.57, actual time = 23.30).	[MsgId: MWAR-15995]
Warning: Iteration pacing cannot be reached (pace time = 5.82, actual time = 8.08).	[MsgId: MWAR-15995]
Warning: Iteration pacing cannot be reached (pace time = 5.15, actual time = 5.90).	[MsgId: MWAR-15995]
Warning: Iteration pacing cannot be reached (pace time = 5.67, actual time = 23.21).	[MsgId: MWAR-15995]
Warning: Iteration pacing cannot be reached (pace time = 5.16, actual time = 6.65).	[MsgId: MWAR-15995]
kaas_DocSearchHPES_Promotion_query.c(9): Error -26608: HTTP Status-Code=504 (Gateway Timeout) for "https://hx9ekpvvbi.execute-api.us-east-1.amazonaws.com/KaaS-ITG/v2/search?q=accelerometer&resultLimit=15&resultStart=0&languageCode=en&countryCode=us&promotions=true&store=promotions&filters=products:(NONE)%20AND%20NOT%20publicationdestination:(FindMyProduct)"  	[MsgId: MERR-26608]
Warning: Iteration pacing cannot be reached (pace time = 5.22, actual time = 29.04).	[MsgId: MWAR-15995]
Warning: Iteration pacing cannot be reached (pace time = 5.22, actual time = 25.93).	[MsgId: MWAR-15995]
kaas_DocSearchHPES_Promotion_query.c(9): Error -26608: HTTP Status-Code=504 (Gateway Timeout) for "https://hx9ekpvvbi.execute-api.us-east-1.amazonaws.com/KaaS-ITG/v2/search?q=paper jam&resultLimit=15&resultStart=0&languageCode=en&countryCode=us&promotions=true&store=promotions&filters=products:(NONE)%20AND%20NOT%20publicationdestination:(FindMyProduct)"  	[MsgId: MERR-26608]
Warning: Iteration pacing cannot be reached (pace time = 5.17, actual time = 29.04).	[MsgId: MWAR-15995]
Warning: Iteration pacing cannot be reached (pace time = 5.39, actual time = 10.33).	[MsgId: MWAR-15995]
Warning: Iteration pacing cannot be reached (pace time = 5.98, actual time = 18.92).	[MsgId: MWAR-15995]
kaas_DocSearchHPES_Promotion_query.c(9): Error -26608: HTTP Status-Code=504 (Gateway Timeout) for "https://hx9ekpvvbi.execute-api.us-east-1.amazonaws.com/KaaS-ITG/v2/search?q=recovery&resultLimit=15&resultStart=0&languageCode=en&countryCode=us&promotions=true&store=promotions&filters=products:(NONE)%20AND%20NOT%20publicationdestination:(FindMyProduct)"  	[MsgId: MERR-26608]
Warning: Iteration pacing cannot be reached (pace time = 5.07, actual time = 29.04).	[MsgId: MWAR-15995]
kaas_DocSearchHPES_Promotion_query.c(9): Error -26608: HTTP Status-Code=504 (Gateway Timeout) for "https://hx9ekpvvbi.execute-api.us-east-1.amazonaws.com/KaaS-ITG/v2/search?q=support&resultLimit=15&resultStart=0&languageCode=en&countryCode=us&promotions=true&store=promotions&filters=products:(NONE)%20AND%20NOT%20publicationdestination:(FindMyProduct)"  	[MsgId: MERR-26608]
Warning: Iteration pacing cannot be reached (pace time = 5.32, actual time = 29.04).	[MsgId: MWAR-15995]
kaas_DocSearchHPES_Promotion_query.c(9): Error -26608: HTTP Status-Code=504 (Gateway Timeout) for "https://hx9ekpvvbi.execute-api.us-east-1.amazonaws.com/KaaS-ITG/v2/search?q=recovery&resultLimit=15&resultStart=0&languageCode=en&countryCode=us&promotions=true&store=promotions&filters=products:(NONE)%20AND%20NOT%20publicationdestination:(FindMyProduct)"  	[MsgId: MERR-26608]
Warning: Iteration pacing cannot be reached (pace time = 5.37, actual time = 29.04).	[MsgId: MWAR-15995]
Warning: Iteration pacing cannot be reached (pace time = 5.09, actual time = 27.93).	[MsgId: MWAR-15995]
kaas_DocSearchHPES_Promotion_query.c(9): Error -26608: HTTP Status-Code=504 (Gateway Timeout) for "https://hx9ekpvvbi.execute-api.us-east-1.amazonaws.com/KaaS-ITG/v2/search?q=gaming&resultLimit=15&resultStart=0&languageCode=en&countryCode=us&promotions=true&store=promotions&filters=products:(NONE)%20AND%20NOT%20publicationdestination:(FindMyProduct)"  	[MsgId: MERR-26608]
Warning: Iteration pacing cannot be reached (pace time = 5.87, actual time = 29.16).	[MsgId: MWAR-15995]
kaas_DocSearchHPES_Promotion_query.c(9): Error -26608: HTTP Status-Code=504 (Gateway Timeout) for "https://hx9ekpvvbi.execute-api.us-east-1.amazonaws.com/KaaS-ITG/v2/search?q=blue screen&resultLimit=15&resultStart=0&languageCode=en&countryCode=us&promotions=true&store=promotions&filters=products:(NONE)%20AND%20NOT%20publicationdestination:(FindMyProduct)"  	[MsgId: MERR-26608]
Warning: Iteration pacing cannot be reached (pace time = 5.93, actual time = 29.04).	[MsgId: MWAR-15995]
kaas_DocSearchHPES_Promotion_query.c(9): Error -26608: HTTP Status-Code=504 (Gateway Timeout) for "https://hx9ekpvvbi.execute-api.us-east-1.amazonaws.com/KaaS-ITG/v2/search?q=charger&resultLimit=15&resultStart=0&languageCode=en&countryCode=us&promotions=true&store=promotions&filters=products:(NONE)%20AND%20NOT%20publicationdestination:(FindMyProduct)"  	[MsgId: MERR-26608]
Warning: Iteration pacing cannot be reached (pace time = 5.28, actual time = 29.17).	[MsgId: MWAR-15995]
kaas_DocSearchHPES_Promotion_query.c(9): Error -26608: HTTP Status-Code=504 (Gateway Timeout) for "https://hx9ekpvvbi.execute-api.us-east-1.amazonaws.com/KaaS-ITG/v2/search?q=touchscreen&resultLimit=15&resultStart=0&languageCode=en&countryCode=us&promotions=true&store=promotions&filters=products:(NONE)%20AND%20NOT%20publicationdestination:(FindMyProduct)"  	[MsgId: MERR-26608]
Warning: Iteration pacing cannot be reached (pace time = 5.60, actual time = 29.04).	[MsgId: MWAR-15995]
Warning: Iteration pacing cannot be reached (pace time = 5.41, actual time = 28.96).	[MsgId: MWAR-15995]
kaas_DocSearchHPES_Promotion_query.c(9): Error -26608: HTTP Status-Code=504 (Gateway Timeout) for "https://hx9ekpvvbi.execute-api.us-east-1.amazonaws.com/KaaS-ITG/v2/search?q=keyboard&resultLimit=15&resultStart=0&languageCode=en&countryCode=us&promotions=true&store=promotions&filters=products:(NONE)%20AND%20NOT%20publicationdestination:(FindMyProduct)"  	[MsgId: MERR-26608]
Warning: Iteration pacing cannot be reached (pace time = 5.07, actual time = 29.05).	[MsgId: MWAR-15995]
Warning: Iteration pacing cannot be reached (pace time = 5.88, actual time = 9.36).	[MsgId: MWAR-15995]
Warning: Iteration pacing cannot be reached (pace time = 5.49, actual time = 21.11).	[MsgId: MWAR-15995]
Warning: Iteration pacing cannot be reached (pace time = 5.92, actual time = 6.76).	[MsgId: MWAR-15995]
Warning: Iteration pacing cannot be reached (pace time = 5.99, actual time = 10.64).	[MsgId: MWAR-15995]
Warning: Iteration pacing cannot be reached (pace time = 5.72, actual time = 11.56).	[MsgId: MWAR-15995]
Warning: Iteration pacing cannot be reached (pace time = 5.13, actual time = 5.83).	[MsgId: MWAR-15995]
Warning: Iteration pacing cannot be reached (pace time = 5.51, actual time = 7.42).	[MsgId: MWAR-15995]
kaas_DocSearchHPES_Promotion_query.c(9): Error -26608: HTTP Status-Code=504 (Gateway Timeout) for "https://hx9ekpvvbi.execute-api.us-east-1.amazonaws.com/KaaS-ITG/v2/search?q=paper jam&resultLimit=15&resultStart=0&languageCode=en&countryCode=us&promotions=true&store=promotions&filters=products:(NONE)%20AND%20NOT%20publicationdestination:(FindMyProduct)"  	[MsgId: MERR-26608]
Warning: Iteration pacing cannot be reached (pace time = 5.09, actual time = 29.04).	[MsgId: MWAR-15995]
kaas_DocSearchHPES_Promotion_query.c(9): Error -26608: HTTP Status-Code=504 (Gateway Timeout) for "https://hx9ekpvvbi.execute-api.us-east-1.amazonaws.com/KaaS-ITG/v2/search?q=bcm943142y&resultLimit=15&resultStart=0&languageCode=en&countryCode=us&promotions=true&store=promotions&filters=products:(NONE)%20AND%20NOT%20publicationdestination:(FindMyProduct)"  	[MsgId: MERR-26608]
Warning: Iteration pacing cannot be reached (pace time = 5.64, actual time = 29.04).	[MsgId: MWAR-15995]
kaas_DocSearchHPES_Promotion_query.c(9): Error -26608: HTTP Status-Code=504 (Gateway Timeout) for "https://hx9ekpvvbi.execute-api.us-east-1.amazonaws.com/KaaS-ITG/v2/search?q=driveguard&resultLimit=15&resultStart=0&languageCode=en&countryCode=us&promotions=true&store=promotions&filters=products:(NONE)%20AND%20NOT%20publicationdestination:(FindMyProduct)"  	[MsgId: MERR-26608]
Warning: Iteration pacing cannot be reached (pace time = 5.59, actual time = 29.05).	[MsgId: MWAR-15995]
Warning: Iteration pacing cannot be reached (pace time = 5.41, actual time = 27.99).	[MsgId: MWAR-15995]
Warning: Iteration pacing cannot be reached (pace time = 5.45, actual time = 26.66).	[MsgId: MWAR-15995]
kaas_DocSearchHPES_Promotion_query.c(9): Error -26608: HTTP Status-Code=504 (Gateway Timeout) for "https://hx9ekpvvbi.execute-api.us-east-1.amazonaws.com/KaaS-ITG/v2/search?q=paper jam&resultLimit=15&resultStart=0&languageCode=en&countryCode=us&promotions=true&store=promotions&filters=products:(NONE)%20AND%20NOT%20publicationdestination:(FindMyProduct)"  	[MsgId: MERR-26608]
Warning: Iteration pacing cannot be reached (pace time = 5.19, actual time = 29.04).	[MsgId: MWAR-15995]
kaas_DocSearchHPES_Promotion_query.c(9): Error -26608: HTTP Status-Code=504 (Gateway Timeout) for "https://hx9ekpvvbi.execute-api.us-east-1.amazonaws.com/KaaS-ITG/v2/search?q=support&resultLimit=15&resultStart=0&languageCode=en&countryCode=us&promotions=true&store=promotions&filters=products:(NONE)%20AND%20NOT%20publicationdestination:(FindMyProduct)"  	[MsgId: MERR-26608]
Warning: Iteration pacing cannot be reached (pace time = 5.25, actual time = 29.04).	[MsgId: MWAR-15995]
kaas_DocSearchHPES_Promotion_query.c(9): Error -26608: HTTP Status-Code=504 (Gateway Timeout) for "https://hx9ekpvvbi.execute-api.us-east-1.amazonaws.com/KaaS-ITG/v2/search?q=charger&resultLimit=15&resultStart=0&languageCode=en&countryCode=us&promotions=true&store=promotions&filters=products:(NONE)%20AND%20NOT%20publicationdestination:(FindMyProduct)"  	[MsgId: MERR-26608]
Warning: Iteration pacing cannot be reached (pace time = 5.37, actual time = 29.04).	[MsgId: MWAR-15995]
kaas_DocSearchHPES_Promotion_query.c(9): Error -26608: HTTP Status-Code=504 (Gateway Timeout) for "https://hx9ekpvvbi.execute-api.us-east-1.amazonaws.com/KaaS-ITG/v2/search?q=buy battery&resultLimit=15&resultStart=0&languageCode=en&countryCode=us&promotions=true&store=promotions&filters=products:(NONE)%20AND%20NOT%20publicationdestination:(FindMyProduct)"  	[MsgId: MERR-26608]
Warning: Iteration pacing cannot be reached (pace time = 5.95, actual time = 29.04).	[MsgId: MWAR-15995]
Warning: Iteration pacing cannot be reached (pace time = 5.37, actual time = 7.55).	[MsgId: MWAR-15995]
kaas_DocSearchHPES_Promotion_query.c(9): Error -26608: HTTP Status-Code=504 (Gateway Timeout) for "https://hx9ekpvvbi.execute-api.us-east-1.amazonaws.com/KaaS-ITG/v2/search?q=buy battery&resultLimit=15&resultStart=0&languageCode=en&countryCode=us&promotions=true&store=promotions&filters=products:(NONE)%20AND%20NOT%20publicationdestination:(FindMyProduct)"  	[MsgId: MERR-26608]
Warning: Iteration pacing cannot be reached (pace time = 5.77, actual time = 29.04).	[MsgId: MWAR-15995]
Warning: Iteration pacing cannot be reached (pace time = 5.82, actual time = 19.99).	[MsgId: MWAR-15995]
kaas_DocSearchHPES_Promotion_query.c(9): Error -26608: HTTP Status-Code=504 (Gateway Timeout) for "https://hx9ekpvvbi.execute-api.us-east-1.amazonaws.com/KaaS-ITG/v2/search?q=charger&resultLimit=15&resultStart=0&languageCode=en&countryCode=us&promotions=true&store=promotions&filters=products:(NONE)%20AND%20NOT%20publicationdestination:(FindMyProduct)"  	[MsgId: MERR-26608]
Warning: Iteration pacing cannot be reached (pace time = 5.39, actual time = 29.05).	[MsgId: MWAR-15995]
kaas_DocSearchHPES_Promotion_query.c(9): Error -26608: HTTP Status-Code=504 (Gateway Timeout) for "https://hx9ekpvvbi.execute-api.us-east-1.amazonaws.com/KaaS-ITG/v2/search?q=REPLACED MY TRI COLOR AND BLACK INK CARTRIDGE AND I STILL CAN'T PRINT FROM MY CO PUTER MY COMPUTER NO LONGER GIVES ME THE PRINT OPTION&resultLimit=15&resultStart=0&languageCode=en&countryCode=us&promotions=true&store=promotions&filters=products:(NONE)%20AND%20NOT%20publicationdestination:(FindMyProduct)"  	[MsgId: MERR-26608]
Warning: Iteration pacing cannot be reached (pace time = 5.38, actual time = 29.04).	[MsgId: MWAR-15995]
Warning: Iteration pacing cannot be reached (pace time = 5.12, actual time = 27.11).	[MsgId: MWAR-15995]
kaas_DocSearchHPES_Promotion_query.c(9): Error -26608: HTTP Status-Code=504 (Gateway Timeout) for "https://hx9ekpvvbi.execute-api.us-east-1.amazonaws.com/KaaS-ITG/v2/search?q=recovery&resultLimit=15&resultStart=0&languageCode=en&countryCode=us&promotions=true&store=promotions&filters=products:(NONE)%20AND%20NOT%20publicationdestination:(FindMyProduct)"  	[MsgId: MERR-26608]
Warning: Iteration pacing cannot be reached (pace time = 5.07, actual time = 29.04).	[MsgId: MWAR-15995]
Warning: Iteration pacing cannot be reached (pace time = 5.94, actual time = 28.27).	[MsgId: MWAR-15995]
Warning: Iteration pacing cannot be reached (pace time = 5.07, actual time = 25.04).	[MsgId: MWAR-15995]
Warning: Iteration pacing cannot be reached (pace time = 5.34, actual time = 6.24).	[MsgId: MWAR-15995]
Warning: Iteration pacing cannot be reached (pace time = 5.88, actual time = 27.38).	[MsgId: MWAR-15995]
Warning: Iteration pacing cannot be reached (pace time = 5.03, actual time = 27.67).	[MsgId: MWAR-15995]
Warning: Iteration pacing cannot be reached (pace time = 5.05, actual time = 27.79).	[MsgId: MWAR-15995]
Warning: Iteration pacing cannot be reached (pace time = 5.48, actual time = 14.78).	[MsgId: MWAR-15995]
Warning: Iteration pacing cannot be reached (pace time = 5.83, actual time = 12.78).	[MsgId: MWAR-15995]
Warning: Iteration pacing cannot be reached (pace time = 5.28, actual time = 16.23).	[MsgId: MWAR-15995]
Warning: Iteration pacing cannot be reached (pace time = 5.46, actual time = 25.80).	[MsgId: MWAR-15995]
Warning: Iteration pacing cannot be reached (pace time = 5.19, actual time = 28.20).	[MsgId: MWAR-15995]
Warning: Iteration pacing cannot be reached (pace time = 5.39, actual time = 25.74).	[MsgId: MWAR-15995]
Warning: Iteration pacing cannot be reached (pace time = 5.39, actual time = 14.86).	[MsgId: MWAR-15995]
Warning: Iteration pacing cannot be reached (pace time = 5.80, actual time = 15.50).	[MsgId: MWAR-15995]
Warning: Iteration pacing cannot be reached (pace time = 5.11, actual time = 5.28).	[MsgId: MWAR-15995]
Warning: Iteration pacing cannot be reached (pace time = 5.44, actual time = 5.87).	[MsgId: MWAR-15995]
Warning: Iteration pacing cannot be reached (pace time = 5.55, actual time = 6.88).	[MsgId: MWAR-15995]
Warning: Iteration pacing cannot be reached (pace time = 5.58, actual time = 6.19).	[MsgId: MWAR-15995]
Warning: Iteration pacing cannot be reached (pace time = 5.36, actual time = 5.51).	[MsgId: MWAR-15995]
Warning: Iteration pacing cannot be reached (pace time = 5.17, actual time = 15.27).	[MsgId: MWAR-15995]
Warning: Iteration pacing cannot be reached (pace time = 5.08, actual time = 10.93).	[MsgId: MWAR-15995]
Warning: Iteration pacing cannot be reached (pace time = 5.09, actual time = 9.01).	[MsgId: MWAR-15995]
Warning: Iteration pacing cannot be reached (pace time = 5.77, actual time = 14.06).	[MsgId: MWAR-15995]
Warning: Iteration pacing cannot be reached (pace time = 5.99, actual time = 15.67).	[MsgId: MWAR-15995]
Warning: Iteration pacing cannot be reached (pace time = 5.93, actual time = 14.04).	[MsgId: MWAR-15995]
Warning: Iteration pacing cannot be reached (pace time = 5.90, actual time = 15.76).	[MsgId: MWAR-15995]
Warning: Iteration pacing cannot be reached (pace time = 5.34, actual time = 8.86).	[MsgId: MWAR-15995]
Warning: Iteration pacing cannot be reached (pace time = 5.51, actual time = 8.63).	[MsgId: MWAR-15995]
Warning: Iteration pacing cannot be reached (pace time = 5.17, actual time = 5.88).	[MsgId: MWAR-15995]
Warning: Iteration pacing cannot be reached (pace time = 5.76, actual time = 6.41).	[MsgId: MWAR-15995]
Warning: Iteration pacing cannot be reached (pace time = 5.95, actual time = 6.43).	[MsgId: MWAR-15995]
Warning: Iteration pacing cannot be reached (pace time = 5.48, actual time = 15.09).	[MsgId: MWAR-15995]
kaas_DocSearchHPES_Promotion_query.c(9): Error -26608: HTTP Status-Code=504 (Gateway Timeout) for "https://hx9ekpvvbi.execute-api.us-east-1.amazonaws.com/KaaS-ITG/v2/search?q=recovery&resultLimit=15&resultStart=0&languageCode=en&countryCode=us&promotions=true&store=promotions&filters=products:(NONE)%20AND%20NOT%20publicationdestination:(FindMyProduct)"  	[MsgId: MERR-26608]
Warning: Iteration pacing cannot be reached (pace time = 5.73, actual time = 29.16).	[MsgId: MWAR-15995]
kaas_DocSearchHPES_Promotion_query.c(9): Error -26608: HTTP Status-Code=504 (Gateway Timeout) for "https://hx9ekpvvbi.execute-api.us-east-1.amazonaws.com/KaaS-ITG/v2/search?q=gaming&resultLimit=15&resultStart=0&languageCode=en&countryCode=us&promotions=true&store=promotions&filters=products:(NONE)%20AND%20NOT%20publicationdestination:(FindMyProduct)"  	[MsgId: MERR-26608]
Warning: Iteration pacing cannot be reached (pace time = 5.51, actual time = 29.04).	[MsgId: MWAR-15995]
Warning: Iteration pacing cannot be reached (pace time = 5.87, actual time = 26.86).	[MsgId: MWAR-15995]
Warning: Iteration pacing cannot be reached (pace time = 5.35, actual time = 23.88).	[MsgId: MWAR-15995]
Warning: Iteration pacing cannot be reached (pace time = 5.01, actual time = 13.67).	[MsgId: MWAR-15995]
Warning: Iteration pacing cannot be reached (pace time = 5.83, actual time = 9.19).	[MsgId: MWAR-15995]
Warning: Iteration pacing cannot be reached (pace time = 5.78, actual time = 6.02).	[MsgId: MWAR-15995]
Warning: Iteration pacing cannot be reached (pace time = 5.33, actual time = 6.03).	[MsgId: MWAR-15995]
Warning: Iteration pacing cannot be reached (pace time = 5.91, actual time = 6.32).	[MsgId: MWAR-15995]
Warning: Iteration pacing cannot be reached (pace time = 5.88, actual time = 10.62).	[MsgId: MWAR-15995]
Warning: Iteration pacing cannot be reached (pace time = 5.54, actual time = 5.97).	[MsgId: MWAR-15995]
Warning: Iteration pacing cannot be reached (pace time = 5.65, actual time = 7.33).	[MsgId: MWAR-15995]
Warning: Iteration pacing cannot be reached (pace time = 5.42, actual time = 19.47).	[MsgId: MWAR-15995]
Warning: Iteration pacing cannot be reached (pace time = 5.00, actual time = 21.87).	[MsgId: MWAR-15995]
Warning: Iteration pacing cannot be reached (pace time = 5.06, actual time = 25.30).	[MsgId: MWAR-15995]
Warning: Iteration pacing cannot be reached (pace time = 5.91, actual time = 18.81).	[MsgId: MWAR-15995]
Warning: Iteration pacing cannot be reached (pace time = 5.87, actual time = 11.08).	[MsgId: MWAR-15995]
Warning: Iteration pacing cannot be reached (pace time = 5.49, actual time = 8.88).	[MsgId: MWAR-15995]
Warning: Iteration pacing cannot be reached (pace time = 5.26, actual time = 6.05).	[MsgId: MWAR-15995]
