Warning: Iteration pacing cannot be reached (pace time = 5.38, actual time = 27.25).	[MsgId: MWAR-15995]
Warning: Iteration pacing cannot be reached (pace time = 5.70, actual time = 10.56).	[MsgId: MWAR-15995]
Warning: Iteration pacing cannot be reached (pace time = 5.00, actual time = 11.63).	[MsgId: MWAR-15995]
Warning: Iteration pacing cannot be reached (pace time = 5.04, actual time = 24.26).	[MsgId: MWAR-15995]
Warning: Iteration pacing cannot be reached (pace time = 5.27, actual time = 16.71).	[MsgId: MWAR-15995]
Warning: Iteration pacing cannot be reached (pace time = 5.65, actual time = 26.02).	[MsgId: MWAR-15995]
Warning: Iteration pacing cannot be reached (pace time = 5.90, actual time = 23.18).	[MsgId: MWAR-15995]
Warning: Iteration pacing cannot be reached (pace time = 5.67, actual time = 11.79).	[MsgId: MWAR-15995]
Warning: Iteration pacing cannot be reached (pace time = 5.54, actual time = 13.33).	[MsgId: MWAR-15995]
Warning: Iteration pacing cannot be reached (pace time = 5.10, actual time = 22.70).	[MsgId: MWAR-15995]
Warning: Iteration pacing cannot be reached (pace time = 5.99, actual time = 14.86).	[MsgId: MWAR-15995]
Warning: Iteration pacing cannot be reached (pace time = 5.84, actual time = 17.81).	[MsgId: MWAR-15995]
Warning: Iteration pacing cannot be reached (pace time = 5.93, actual time = 10.09).	[MsgId: MWAR-15995]
Warning: Iteration pacing cannot be reached (pace time = 5.48, actual time = 5.55).	[MsgId: MWAR-15995]
Warning: Iteration pacing cannot be reached (pace time = 5.39, actual time = 5.56).	[MsgId: MWAR-15995]
kaas_DocSearchHPES_Promotion_query.c(9): Error -26608: HTTP Status-Code=504 (Gateway Timeout) for "https://hx9ekpvvbi.execute-api.us-east-1.amazonaws.com/KaaS-ITG/v2/search?q=touchscreen&resultLimit=15&resultStart=0&languageCode=en&countryCode=us&promotions=true&store=promotions&filters=products:(NONE)%20AND%20NOT%20publicationdestination:(FindMyProduct)"  	[MsgId: MERR-26608]
Warning: Iteration pacing cannot be reached (pace time = 5.30, actual time = 29.04).	[MsgId: MWAR-15995]
kaas_DocSearchHPES_Promotion_query.c(9): Error -26608: HTTP Status-Code=504 (Gateway Timeout) for "https://hx9ekpvvbi.execute-api.us-east-1.amazonaws.com/KaaS-ITG/v2/search?q=audio&resultLimit=15&resultStart=0&languageCode=en&countryCode=us&promotions=true&store=promotions&filters=products:(NONE)%20AND%20NOT%20publicationdestination:(FindMyProduct)"  	[MsgId: MERR-26608]
Warning: Iteration pacing cannot be reached (pace time = 5.48, actual time = 29.04).	[MsgId: MWAR-15995]
kaas_DocSearchHPES_Promotion_query.c(9): Error -26608: HTTP Status-Code=504 (Gateway Timeout) for "https://hx9ekpvvbi.execute-api.us-east-1.amazonaws.com/KaaS-ITG/v2/search?q=paper jam&resultLimit=15&resultStart=0&languageCode=en&countryCode=us&promotions=true&store=promotions&filters=products:(NONE)%20AND%20NOT%20publicationdestination:(FindMyProduct)"  	[MsgId: MERR-26608]
Warning: Iteration pacing cannot be reached (pace time = 5.89, actual time = 29.05).	[MsgId: MWAR-15995]
kaas_DocSearchHPES_Promotion_query.c(9): Error -26608: HTTP Status-Code=504 (Gateway Timeout) for "https://hx9ekpvvbi.execute-api.us-east-1.amazonaws.com/KaaS-ITG/v2/search?q=gaming&resultLimit=15&resultStart=0&languageCode=en&countryCode=us&promotions=true&store=promotions&filters=products:(NONE)%20AND%20NOT%20publicationdestination:(FindMyProduct)"  	[MsgId: MERR-26608]
Warning: Iteration pacing cannot be reached (pace time = 5.50, actual time = 29.24).	[MsgId: MWAR-15995]
Warning: Iteration pacing cannot be reached (pace time = 5.01, actual time = 26.45).	[MsgId: MWAR-15995]
Warning: Iteration pacing cannot be reached (pace time = 5.70, actual time = 13.45).	[MsgId: MWAR-15995]
kaas_DocSearchHPES_Promotion_query.c(9): Error -26608: HTTP Status-Code=504 (Gateway Timeout) for "https://hx9ekpvvbi.execute-api.us-east-1.amazonaws.com/KaaS-ITG/v2/search?q=spectre&resultLimit=15&resultStart=0&languageCode=en&countryCode=us&promotions=true&store=promotions&filters=products:(NONE)%20AND%20NOT%20publicationdestination:(FindMyProduct)"  	[MsgId: MERR-26608]
Warning: Iteration pacing cannot be reached (pace time = 5.89, actual time = 29.04).	[MsgId: MWAR-15995]
Warning: Iteration pacing cannot be reached (pace time = 5.75, actual time = 28.29).	[MsgId: MWAR-15995]
Warning: Iteration pacing cannot be reached (pace time = 5.18, actual time = 10.26).	[MsgId: MWAR-15995]
Warning: Iteration pacing cannot be reached (pace time = 5.12, actual time = 17.03).	[MsgId: MWAR-15995]
Warning: Iteration pacing cannot be reached (pace time = 5.93, actual time = 6.55).	[MsgId: MWAR-15995]
Warning: Iteration pacing cannot be reached (pace time = 5.17, actual time = 20.39).	[MsgId: MWAR-15995]
Warning: Iteration pacing cannot be reached (pace time = 5.03, actual time = 14.66).	[MsgId: MWAR-15995]
Warning: Iteration pacing cannot be reached (pace time = 5.79, actual time = 10.28).	[MsgId: MWAR-15995]
Warning: Iteration pacing cannot be reached (pace time = 5.09, actual time = 6.49).	[MsgId: MWAR-15995]
Warning: Iteration pacing cannot be reached (pace time = 5.85, actual time = 7.60).	[MsgId: MWAR-15995]
Warning: Iteration pacing cannot be reached (pace time = 5.75, actual time = 6.36).	[MsgId: MWAR-15995]
Warning: Iteration pacing cannot be reached (pace time = 5.51, actual time = 6.71).	[MsgId: MWAR-15995]
Warning: Iteration pacing cannot be reached (pace time = 5.25, actual time = 7.69).	[MsgId: MWAR-15995]
Warning: Iteration pacing cannot be reached (pace time = 5.07, actual time = 5.72).	[MsgId: MWAR-15995]
Warning: Iteration pacing cannot be reached (pace time = 5.79, actual time = 7.54).	[MsgId: MWAR-15995]
Warning: Iteration pacing cannot be reached (pace time = 5.65, actual time = 6.67).	[MsgId: MWAR-15995]
Warning: Iteration pacing cannot be reached (pace time = 5.73, actual time = 7.50).	[MsgId: MWAR-15995]
Warning: Iteration pacing cannot be reached (pace time = 5.55, actual time = 11.29).	[MsgId: MWAR-15995]
Warning: Iteration pacing cannot be reached (pace time = 5.56, actual time = 8.29).	[MsgId: MWAR-15995]
Warning: Iteration pacing cannot be reached (pace time = 5.25, actual time = 10.76).	[MsgId: MWAR-15995]
Warning: Iteration pacing cannot be reached (pace time = 5.98, actual time = 19.38).	[MsgId: MWAR-15995]
Warning: Iteration pacing cannot be reached (pace time = 5.02, actual time = 24.27).	[MsgId: MWAR-15995]
Warning: Iteration pacing cannot be reached (pace time = 5.89, actual time = 11.70).	[MsgId: MWAR-15995]
Warning: Iteration pacing cannot be reached (pace time = 5.15, actual time = 10.25).	[MsgId: MWAR-15995]
Warning: Iteration pacing cannot be reached (pace time = 5.57, actual time = 16.56).	[MsgId: MWAR-15995]
Warning: Iteration pacing cannot be reached (pace time = 5.96, actual time = 15.20).	[MsgId: MWAR-15995]
Warning: Iteration pacing cannot be reached (pace time = 5.94, actual time = 6.71).	[MsgId: MWAR-15995]
Warning: Iteration pacing cannot be reached (pace time = 5.06, actual time = 6.60).	[MsgId: MWAR-15995]
Warning: Iteration pacing cannot be reached (pace time = 5.52, actual time = 5.63).	[MsgId: MWAR-15995]
Warning: Iteration pacing cannot be reached (pace time = 5.22, actual time = 14.18).	[MsgId: MWAR-15995]
Warning: Iteration pacing cannot be reached (pace time = 5.92, actual time = 14.07).	[MsgId: MWAR-15995]
Warning: Iteration pacing cannot be reached (pace time = 5.87, actual time = 12.84).	[MsgId: MWAR-15995]
Warning: Iteration pacing cannot be reached (pace time = 5.96, actual time = 6.87).	[MsgId: MWAR-15995]
Warning: Iteration pacing cannot be reached (pace time = 5.38, actual time = 9.37).	[MsgId: MWAR-15995]
Warning: Iteration pacing cannot be reached (pace time = 5.40, actual time = 8.35).	[MsgId: MWAR-15995]
Warning: Iteration pacing cannot be reached (pace time = 5.05, actual time = 9.03).	[MsgId: MWAR-15995]
Warning: Iteration pacing cannot be reached (pace time = 5.79, actual time = 14.63).	[MsgId: MWAR-15995]
Warning: Iteration pacing cannot be reached (pace time = 5.19, actual time = 14.68).	[MsgId: MWAR-15995]
Warning: Iteration pacing cannot be reached (pace time = 5.88, actual time = 12.18).	[MsgId: MWAR-15995]
Warning: Iteration pacing cannot be reached (pace time = 5.86, actual time = 11.96).	[MsgId: MWAR-15995]
Warning: Iteration pacing cannot be reached (pace time = 5.72, actual time = 10.76).	[MsgId: MWAR-15995]
Warning: Iteration pacing cannot be reached (pace time = 5.35, actual time = 14.53).	[MsgId: MWAR-15995]
Warning: Iteration pacing cannot be reached (pace time = 5.95, actual time = 20.93).	[MsgId: MWAR-15995]
Warning: Iteration pacing cannot be reached (pace time = 5.04, actual time = 21.13).	[MsgId: MWAR-15995]
Warning: Iteration pacing cannot be reached (pace time = 5.88, actual time = 23.01).	[MsgId: MWAR-15995]
Warning: Iteration pacing cannot be reached (pace time = 5.25, actual time = 7.75).	[MsgId: MWAR-15995]
Warning: Iteration pacing cannot be reached (pace time = 5.16, actual time = 6.72).	[MsgId: MWAR-15995]
Warning: Iteration pacing cannot be reached (pace time = 5.80, actual time = 18.01).	[MsgId: MWAR-15995]
Warning: Iteration pacing cannot be reached (pace time = 5.91, actual time = 9.91).	[MsgId: MWAR-15995]
Warning: Iteration pacing cannot be reached (pace time = 5.51, actual time = 14.76).	[MsgId: MWAR-15995]
Warning: Iteration pacing cannot be reached (pace time = 5.18, actual time = 28.90).	[MsgId: MWAR-15995]
Warning: Iteration pacing cannot be reached (pace time = 5.93, actual time = 26.76).	[MsgId: MWAR-15995]
Warning: Iteration pacing cannot be reached (pace time = 5.85, actual time = 23.73).	[MsgId: MWAR-15995]
kaas_DocSearchHPES_Promotion_query.c(9): Error -26608: HTTP Status-Code=504 (Gateway Timeout) for "https://hx9ekpvvbi.execute-api.us-east-1.amazonaws.com/KaaS-ITG/v2/search?q=win10&resultLimit=15&resultStart=0&languageCode=en&countryCode=us&promotions=true&store=promotions&filters=products:(NONE)%20AND%20NOT%20publicationdestination:(FindMyProduct)"  	[MsgId: MERR-26608]
Warning: Iteration pacing cannot be reached (pace time = 5.48, actual time = 29.05).	[MsgId: MWAR-15995]
kaas_DocSearchHPES_Promotion_query.c(9): Error -26608: HTTP Status-Code=504 (Gateway Timeout) for "https://hx9ekpvvbi.execute-api.us-east-1.amazonaws.com/KaaS-ITG/v2/search?q=REPLACED MY TRI COLOR AND BLACK INK CARTRIDGE AND I STILL CAN'T PRINT FROM MY CO PUTER MY COMPUTER NO LONGER GIVES ME THE PRINT OPTION&resultLimit=15&resultStart=0&languageCode=en&countryCode=us&promotions=true&store=promotions&filters=products:(NONE)%20AND%20NOT%20publicationdestination:(FindMyProduct)"  	[MsgId: MERR-26608]
Warning: Iteration pacing cannot be reached (pace time = 5.96, actual time = 29.04).	[MsgId: MWAR-15995]
kaas_DocSearchHPES_Promotion_query.c(9): Error -26608: HTTP Status-Code=504 (Gateway Timeout) for "https://hx9ekpvvbi.execute-api.us-east-1.amazonaws.com/KaaS-ITG/v2/search?q=driver&resultLimit=15&resultStart=0&languageCode=en&countryCode=us&promotions=true&store=promotions&filters=products:(NONE)%20AND%20NOT%20publicationdestination:(FindMyProduct)"  	[MsgId: MERR-26608]
Warning: Iteration pacing cannot be reached (pace time = 5.94, actual time = 29.05).	[MsgId: MWAR-15995]
kaas_DocSearchHPES_Promotion_query.c(9): Error -26608: HTTP Status-Code=504 (Gateway Timeout) for "https://hx9ekpvvbi.execute-api.us-east-1.amazonaws.com/KaaS-ITG/v2/search?q=win10&resultLimit=15&resultStart=0&languageCode=en&countryCode=us&promotions=true&store=promotions&filters=products:(NONE)%20AND%20NOT%20publicationdestination:(FindMyProduct)"  	[MsgId: MERR-26608]
Warning: Iteration pacing cannot be reached (pace time = 5.20, actual time = 29.17).	[MsgId: MWAR-15995]
kaas_DocSearchHPES_Promotion_query.c(9): Error -26608: HTTP Status-Code=504 (Gateway Timeout) for "https://hx9ekpvvbi.execute-api.us-east-1.amazonaws.com/KaaS-ITG/v2/search?q=paper jam&resultLimit=15&resultStart=0&languageCode=en&countryCode=us&promotions=true&store=promotions&filters=products:(NONE)%20AND%20NOT%20publicationdestination:(FindMyProduct)"  	[MsgId: MERR-26608]
Warning: Iteration pacing cannot be reached (pace time = 5.79, actual time = 29.04).	[MsgId: MWAR-15995]
kaas_DocSearchHPES_Promotion_query.c(9): Error -26608: HTTP Status-Code=504 (Gateway Timeout) for "https://hx9ekpvvbi.execute-api.us-east-1.amazonaws.com/KaaS-ITG/v2/search?q=gaming&resultLimit=15&resultStart=0&languageCode=en&countryCode=us&promotions=true&store=promotions&filters=products:(NONE)%20AND%20NOT%20publicationdestination:(FindMyProduct)"  	[MsgId: MERR-26608]
Warning: Iteration pacing cannot be reached (pace time = 5.79, actual time = 29.04).	[MsgId: MWAR-15995]
kaas_DocSearchHPES_Promotion_query.c(9): Error -26608: HTTP Status-Code=504 (Gateway Timeout) for "https://hx9ekpvvbi.execute-api.us-east-1.amazonaws.com/KaaS-ITG/v2/search?q=keyboard&resultLimit=15&resultStart=0&languageCode=en&countryCode=us&promotions=true&store=promotions&filters=products:(NONE)%20AND%20NOT%20publicationdestination:(FindMyProduct)"  	[MsgId: MERR-26608]
Warning: Iteration pacing cannot be reached (pace time = 5.47, actual time = 29.04).	[MsgId: MWAR-15995]
kaas_DocSearchHPES_Promotion_query.c(9): Error -26608: HTTP Status-Code=504 (Gateway Timeout) for "https://hx9ekpvvbi.execute-api.us-east-1.amazonaws.com/KaaS-ITG/v2/search?q=driveguard&resultLimit=15&resultStart=0&languageCode=en&countryCode=us&promotions=true&store=promotions&filters=products:(NONE)%20AND%20NOT%20publicationdestination:(FindMyProduct)"  	[MsgId: MERR-26608]
Warning: Iteration pacing cannot be reached (pace time = 5.05, actual time = 29.05).	[MsgId: MWAR-15995]
kaas_DocSearchHPES_Promotion_query.c(9): Error -26608: HTTP Status-Code=504 (Gateway Timeout) for "https://hx9ekpvvbi.execute-api.us-east-1.amazonaws.com/KaaS-ITG/v2/search?q=audio&resultLimit=15&resultStart=0&languageCode=en&countryCode=us&promotions=true&store=promotions&filters=products:(NONE)%20AND%20NOT%20publicationdestination:(FindMyProduct)"  	[MsgId: MERR-26608]
Warning: Iteration pacing cannot be reached (pace time = 5.71, actual time = 29.16).	[MsgId: MWAR-15995]
Warning: Iteration pacing cannot be reached (pace time = 5.30, actual time = 8.37).	[MsgId: MWAR-15995]
Warning: Iteration pacing cannot be reached (pace time = 5.29, actual time = 12.41).	[MsgId: MWAR-15995]
Warning: Iteration pacing cannot be reached (pace time = 5.20, actual time = 5.52).	[MsgId: MWAR-15995]
Warning: Iteration pacing cannot be reached (pace time = 5.93, actual time = 13.46).	[MsgId: MWAR-15995]
Warning: Iteration pacing cannot be reached (pace time = 5.23, actual time = 14.78).	[MsgId: MWAR-15995]
Warning: Iteration pacing cannot be reached (pace time = 5.88, actual time = 15.34).	[MsgId: MWAR-15995]
Warning: Iteration pacing cannot be reached (pace time = 5.62, actual time = 14.35).	[MsgId: MWAR-15995]
Warning: Iteration pacing cannot be reached (pace time = 5.40, actual time = 10.61).	[MsgId: MWAR-15995]
Warning: Iteration pacing cannot be reached (pace time = 5.86, actual time = 14.62).	[MsgId: MWAR-15995]
Warning: Iteration pacing cannot be reached (pace time = 5.51, actual time = 7.70).	[MsgId: MWAR-15995]
Warning: Iteration pacing cannot be reached (pace time = 5.52, actual time = 23.39).	[MsgId: MWAR-15995]
Warning: Iteration pacing cannot be reached (pace time = 5.53, actual time = 20.96).	[MsgId: MWAR-15995]
Warning: Iteration pacing cannot be reached (pace time = 5.84, actual time = 13.36).	[MsgId: MWAR-15995]
Warning: Iteration pacing cannot be reached (pace time = 5.87, actual time = 19.90).	[MsgId: MWAR-15995]
Warning: Iteration pacing cannot be reached (pace time = 5.98, actual time = 21.59).	[MsgId: MWAR-15995]
Warning: Iteration pacing cannot be reached (pace time = 5.51, actual time = 15.22).	[MsgId: MWAR-15995]
Warning: Iteration pacing cannot be reached (pace time = 5.94, actual time = 10.90).	[MsgId: MWAR-15995]
Warning: Iteration pacing cannot be reached (pace time = 5.59, actual time = 9.49).	[MsgId: MWAR-15995]
Warning: Iteration pacing cannot be reached (pace time = 5.26, actual time = 6.14).	[MsgId: MWAR-15995]
Warning: Iteration pacing cannot be reached (pace time = 5.90, actual time = 7.21).	[MsgId: MWAR-15995]
Warning: Iteration pacing cannot be reached (pace time = 5.55, actual time = 12.06).	[MsgId: MWAR-15995]
Warning: Iteration pacing cannot be reached (pace time = 5.57, actual time = 12.09).	[MsgId: MWAR-15995]
Warning: Iteration pacing cannot be reached (pace time = 5.89, actual time = 10.11).	[MsgId: MWAR-15995]
Warning: Iteration pacing cannot be reached (pace time = 5.61, actual time = 28.03).	[MsgId: MWAR-15995]
Warning: Iteration pacing cannot be reached (pace time = 5.86, actual time = 27.67).	[MsgId: MWAR-15995]
Warning: Iteration pacing cannot be reached (pace time = 5.57, actual time = 25.96).	[MsgId: MWAR-15995]
kaas_DocSearchHPES_Promotion_query.c(9): Error -26608: HTTP Status-Code=504 (Gateway Timeout) for "https://hx9ekpvvbi.execute-api.us-east-1.amazonaws.com/KaaS-ITG/v2/search?q=accelerometer&resultLimit=15&resultStart=0&languageCode=en&countryCode=us&promotions=true&store=promotions&filters=products:(NONE)%20AND%20NOT%20publicationdestination:(FindMyProduct)"  	[MsgId: MERR-26608]
Warning: Iteration pacing cannot be reached (pace time = 5.40, actual time = 29.04).	[MsgId: MWAR-15995]
Warning: Iteration pacing cannot be reached (pace time = 5.49, actual time = 26.73).	[MsgId: MWAR-15995]
kaas_DocSearchHPES_Promotion_query.c(9): Error -27760: Request "https://hx9ekpvvbi.execute-api.us-east-1.amazonaws.com/KaaS-ITG/v2/search?q=touchpad&resultLimit=15&resultStart=0&languageCode=en&countryCode=us&promotions=true&store=promotions&filters=products:(NONE)%20AND%20NOT%20publicationdestination:(FindMyProduct)" failed  	[MsgId: MERR-27760]
kaas_DocSearchHPES_Promotion_query.c(9): Error -27760: Request "https://hx9ekpvvbi.execute-api.us-east-1.amazonaws.com/KaaS-ITG/v2/search?q=buy battery&resultLimit=15&resultStart=0&languageCode=en&countryCode=us&promotions=true&store=promotions&filters=products:(NONE)%20AND%20NOT%20publicationdestination:(FindMyProduct)" failed  	[MsgId: MERR-27760]
kaas_DocSearchHPES_Promotion_query.c(9): Error -27760: Request "https://hx9ekpvvbi.execute-api.us-east-1.amazonaws.com/KaaS-ITG/v2/search?q=paper jam&resultLimit=15&resultStart=0&languageCode=en&countryCode=us&promotions=true&store=promotions&filters=products:(NONE)%20AND%20NOT%20publicationdestination:(FindMyProduct)" failed  	[MsgId: MERR-27760]
kaas_DocSearchHPES_Promotion_query.c(9): Error -27760: Request "https://hx9ekpvvbi.execute-api.us-east-1.amazonaws.com/KaaS-ITG/v2/search?q=buy battery&resultLimit=15&resultStart=0&languageCode=en&countryCode=us&promotions=true&store=promotions&filters=products:(NONE)%20AND%20NOT%20publicationdestination:(FindMyProduct)" failed  	[MsgId: MERR-27760]
kaas_DocSearchHPES_Promotion_query.c(9): Error -27760: Request "https://hx9ekpvvbi.execute-api.us-east-1.amazonaws.com/KaaS-ITG/v2/search?q=buy battery&resultLimit=15&resultStart=0&languageCode=en&countryCode=us&promotions=true&store=promotions&filters=products:(NONE)%20AND%20NOT%20publicationdestination:(FindMyProduct)" failed  	[MsgId: MERR-27760]
kaas_DocSearchHPES_Promotion_query.c(9): Error -27760: Request "https://hx9ekpvvbi.execute-api.us-east-1.amazonaws.com/KaaS-ITG/v2/search?q=driver&resultLimit=15&resultStart=0&languageCode=en&countryCode=us&promotions=true&store=promotions&filters=products:(NONE)%20AND%20NOT%20publicationdestination:(FindMyProduct)" failed  	[MsgId: MERR-27760]
kaas_DocSearchHPES_Promotion_query.c(9): Error -27760: Request "https://hx9ekpvvbi.execute-api.us-east-1.amazonaws.com/KaaS-ITG/v2/search?q=spectre&resultLimit=15&resultStart=0&languageCode=en&countryCode=us&promotions=true&store=promotions&filters=products:(NONE)%20AND%20NOT%20publicationdestination:(FindMyProduct)" failed  	[MsgId: MERR-27760]
