Warning: Iteration pacing cannot be reached (pace time = 5.75, actual time = 12.20).	[MsgId: MWAR-15995]
Warning: Iteration pacing cannot be reached (pace time = 5.44, actual time = 9.87).	[MsgId: MWAR-15995]
Warning: Iteration pacing cannot be reached (pace time = 5.72, actual time = 8.06).	[MsgId: MWAR-15995]
Warning: Iteration pacing cannot be reached (pace time = 5.34, actual time = 8.66).	[MsgId: MWAR-15995]
Warning: Iteration pacing cannot be reached (pace time = 5.22, actual time = 13.54).	[MsgId: MWAR-15995]
Warning: Iteration pacing cannot be reached (pace time = 5.61, actual time = 12.72).	[MsgId: MWAR-15995]
Warning: Iteration pacing cannot be reached (pace time = 5.87, actual time = 8.43).	[MsgId: MWAR-15995]
Warning: Iteration pacing cannot be reached (pace time = 5.02, actual time = 5.12).	[MsgId: MWAR-15995]
kaas_DocSearchHPES_Promotion_query.c(9): Error -26608: HTTP Status-Code=504 (Gateway Timeout) for "https://hx9ekpvvbi.execute-api.us-east-1.amazonaws.com/KaaS-ITG/v2/search?q=bios&resultLimit=15&resultStart=0&languageCode=en&countryCode=us&promotions=true&store=promotions&filters=products:(NONE)%20AND%20NOT%20publicationdestination:(FindMyProduct)"  	[MsgId: MERR-26608]
Warning: Iteration pacing cannot be reached (pace time = 5.18, actual time = 29.04).	[MsgId: MWAR-15995]
kaas_DocSearchHPES_Promotion_query.c(9): Error -26608: HTTP Status-Code=504 (Gateway Timeout) for "https://hx9ekpvvbi.execute-api.us-east-1.amazonaws.com/KaaS-ITG/v2/search?q=touchscreen&resultLimit=15&resultStart=0&languageCode=en&countryCode=us&promotions=true&store=promotions&filters=products:(NONE)%20AND%20NOT%20publicationdestination:(FindMyProduct)"  	[MsgId: MERR-26608]
Warning: Iteration pacing cannot be reached (pace time = 5.84, actual time = 29.04).	[MsgId: MWAR-15995]
kaas_DocSearchHPES_Promotion_query.c(9): Error -26608: HTTP Status-Code=504 (Gateway Timeout) for "https://hx9ekpvvbi.execute-api.us-east-1.amazonaws.com/KaaS-ITG/v2/search?q=kbrf57711&resultLimit=15&resultStart=0&languageCode=en&countryCode=us&promotions=true&store=promotions&filters=products:(NONE)%20AND%20NOT%20publicationdestination:(FindMyProduct)"  	[MsgId: MERR-26608]
Warning: Iteration pacing cannot be reached (pace time = 5.63, actual time = 29.04).	[MsgId: MWAR-15995]
Warning: Iteration pacing cannot be reached (pace time = 5.08, actual time = 28.76).	[MsgId: MWAR-15995]
Warning: Iteration pacing cannot be reached (pace time = 5.82, actual time = 16.54).	[MsgId: MWAR-15995]
Warning: Iteration pacing cannot be reached (pace time = 5.07, actual time = 5.50).	[MsgId: MWAR-15995]
Warning: Iteration pacing cannot be reached (pace time = 5.38, actual time = 6.80).	[MsgId: MWAR-15995]
Warning: Iteration pacing cannot be reached (pace time = 5.06, actual time = 9.25).	[MsgId: MWAR-15995]
Warning: Iteration pacing cannot be reached (pace time = 5.13, actual time = 6.82).	[MsgId: MWAR-15995]
Warning: Iteration pacing cannot be reached (pace time = 5.45, actual time = 7.87).	[MsgId: MWAR-15995]
Warning: Iteration pacing cannot be reached (pace time = 5.36, actual time = 7.17).	[MsgId: MWAR-15995]
Warning: Iteration pacing cannot be reached (pace time = 5.43, actual time = 19.72).	[MsgId: MWAR-15995]
Warning: Iteration pacing cannot be reached (pace time = 5.09, actual time = 19.16).	[MsgId: MWAR-15995]
Warning: Iteration pacing cannot be reached (pace time = 5.59, actual time = 16.13).	[MsgId: MWAR-15995]
Warning: Iteration pacing cannot be reached (pace time = 5.88, actual time = 16.39).	[MsgId: MWAR-15995]
Warning: Iteration pacing cannot be reached (pace time = 5.59, actual time = 20.10).	[MsgId: MWAR-15995]
Warning: Iteration pacing cannot be reached (pace time = 5.49, actual time = 17.20).	[MsgId: MWAR-15995]
Warning: Iteration pacing cannot be reached (pace time = 5.54, actual time = 19.93).	[MsgId: MWAR-15995]
Warning: Iteration pacing cannot be reached (pace time = 5.82, actual time = 7.65).	[MsgId: MWAR-15995]
Warning: Iteration pacing cannot be reached (pace time = 5.01, actual time = 15.28).	[MsgId: MWAR-15995]
Warning: Iteration pacing cannot be reached (pace time = 5.07, actual time = 22.38).	[MsgId: MWAR-15995]
Warning: Iteration pacing cannot be reached (pace time = 5.04, actual time = 9.93).	[MsgId: MWAR-15995]
Warning: Iteration pacing cannot be reached (pace time = 5.44, actual time = 7.97).	[MsgId: MWAR-15995]
kaas_DocSearchHPES_Promotion_query.c(9): Error -26608: HTTP Status-Code=504 (Gateway Timeout) for "https://hx9ekpvvbi.execute-api.us-east-1.amazonaws.com/KaaS-ITG/v2/search?q=purchase battery&resultLimit=15&resultStart=0&languageCode=en&countryCode=us&promotions=true&store=promotions&filters=products:(NONE)%20AND%20NOT%20publicationdestination:(FindMyProduct)"  	[MsgId: MERR-26608]
Warning: Iteration pacing cannot be reached (pace time = 5.10, actual time = 29.04).	[MsgId: MWAR-15995]
kaas_DocSearchHPES_Promotion_query.c(9): Error -26608: HTTP Status-Code=504 (Gateway Timeout) for "https://hx9ekpvvbi.execute-api.us-east-1.amazonaws.com/KaaS-ITG/v2/search?q=touchscreen&resultLimit=15&resultStart=0&languageCode=en&countryCode=us&promotions=true&store=promotions&filters=products:(NONE)%20AND%20NOT%20publicationdestination:(FindMyProduct)"  	[MsgId: MERR-26608]
Warning: Iteration pacing cannot be reached (pace time = 5.78, actual time = 29.04).	[MsgId: MWAR-15995]
kaas_DocSearchHPES_Promotion_query.c(9): Error -26608: HTTP Status-Code=504 (Gateway Timeout) for "https://hx9ekpvvbi.execute-api.us-east-1.amazonaws.com/KaaS-ITG/v2/search?q=touchscreen&resultLimit=15&resultStart=0&languageCode=en&countryCode=us&promotions=true&store=promotions&filters=products:(NONE)%20AND%20NOT%20publicationdestination:(FindMyProduct)"  	[MsgId: MERR-26608]
Warning: Iteration pacing cannot be reached (pace time = 5.52, actual time = 29.05).	[MsgId: MWAR-15995]
kaas_DocSearchHPES_Promotion_query.c(9): Error -26608: HTTP Status-Code=504 (Gateway Timeout) for "https://hx9ekpvvbi.execute-api.us-east-1.amazonaws.com/KaaS-ITG/v2/search?q=gaming&resultLimit=15&resultStart=0&languageCode=en&countryCode=us&promotions=true&store=promotions&filters=products:(NONE)%20AND%20NOT%20publicationdestination:(FindMyProduct)"  	[MsgId: MERR-26608]
Warning: Iteration pacing cannot be reached (pace time = 5.78, actual time = 29.04).	[MsgId: MWAR-15995]
Warning: Iteration pacing cannot be reached (pace time = 5.10, actual time = 21.53).	[MsgId: MWAR-15995]
Warning: Iteration pacing cannot be reached (pace time = 5.55, actual time = 18.06).	[MsgId: MWAR-15995]
Warning: Iteration pacing cannot be reached (pace time = 5.58, actual time = 7.09).	[MsgId: MWAR-15995]
Warning: Iteration pacing cannot be reached (pace time = 5.52, actual time = 27.83).	[MsgId: MWAR-15995]
Warning: Iteration pacing cannot be reached (pace time = 5.58, actual time = 5.77).	[MsgId: MWAR-15995]
