Warning: Iteration pacing cannot be reached (pace time = 4.11, actual time = 5.70).	[MsgId: MWAR-15995]
Warning: Iteration pacing cannot be reached (pace time = 4.28, actual time = 8.15).	[MsgId: MWAR-15995]
Warning: Iteration pacing cannot be reached (pace time = 3.74, actual time = 6.42).	[MsgId: MWAR-15995]
Warning: Iteration pacing cannot be reached (pace time = 4.10, actual time = 4.63).	[MsgId: MWAR-15995]
Warning: Iteration pacing cannot be reached (pace time = 3.97, actual time = 5.20).	[MsgId: MWAR-15995]
Warning: Iteration pacing cannot be reached (pace time = 3.73, actual time = 27.32).	[MsgId: MWAR-15995]
Warning: Iteration pacing cannot be reached (pace time = 4.28, actual time = 19.65).	[MsgId: MWAR-15995]
Warning: Iteration pacing cannot be reached (pace time = 4.22, actual time = 17.84).	[MsgId: MWAR-15995]
Warning: Iteration pacing cannot be reached (pace time = 3.54, actual time = 10.18).	[MsgId: MWAR-15995]
Warning: Iteration pacing cannot be reached (pace time = 3.52, actual time = 7.86).	[MsgId: MWAR-15995]
Warning: Iteration pacing cannot be reached (pace time = 4.12, actual time = 13.86).	[MsgId: MWAR-15995]
Warning: Iteration pacing cannot be reached (pace time = 4.45, actual time = 6.37).	[MsgId: MWAR-15995]
Warning: Iteration pacing cannot be reached (pace time = 3.89, actual time = 12.00).	[MsgId: MWAR-15995]
Warning: Iteration pacing cannot be reached (pace time = 4.19, actual time = 20.99).	[MsgId: MWAR-15995]
kaas_DocSearchHPES_FindMyProduct.c(8): Error -26608: HTTP Status-Code=504 (Gateway Timeout) for "https://hx9ekpvvbi.execute-api.us-east-1.amazonaws.com/KaaS-ITG/v2/search?q=HP Pavilion Desktop Models 500-000 to 500-999&resultLimit=20&resultStart=0&languageCode=en&countryCode=us&store=tmsstore&filters=(class:(pm_series_value%5E1.5%20OR%20pm_name_value%20OR%20pm_number_value)%20AND%20contenttype:Product%20AND%20historicalwebsupportflag:(no))&clientId=WCC"  	[MsgId: MERR-26608]
Warning: Iteration pacing cannot be reached (pace time = 4.37, actual time = 29.04).	[MsgId: MWAR-15995]
Warning: Iteration pacing cannot be reached (pace time = 3.77, actual time = 16.99).	[MsgId: MWAR-15995]
Warning: Iteration pacing cannot be reached (pace time = 4.15, actual time = 25.62).	[MsgId: MWAR-15995]
Warning: Iteration pacing cannot be reached (pace time = 3.87, actual time = 16.74).	[MsgId: MWAR-15995]
Warning: Iteration pacing cannot be reached (pace time = 4.02, actual time = 11.19).	[MsgId: MWAR-15995]
Warning: Iteration pacing cannot be reached (pace time = 3.61, actual time = 11.44).	[MsgId: MWAR-15995]
Warning: Iteration pacing cannot be reached (pace time = 3.83, actual time = 13.76).	[MsgId: MWAR-15995]
Warning: Iteration pacing cannot be reached (pace time = 3.51, actual time = 10.76).	[MsgId: MWAR-15995]
Warning: Iteration pacing cannot be reached (pace time = 4.10, actual time = 14.21).	[MsgId: MWAR-15995]
kaas_DocSearchHPES_FindMyProduct.c(8): Error -26608: HTTP Status-Code=504 (Gateway Timeout) for "https://hx9ekpvvbi.execute-api.us-east-1.amazonaws.com/KaaS-ITG/v2/search?q=5500&resultLimit=20&resultStart=0&languageCode=en&countryCode=us&store=tmsstore&filters=(class:(pm_series_value%5E1.5%20OR%20pm_name_value%20OR%20pm_number_value)%20AND%20contenttype:Product%20AND%20historicalwebsupportflag:(no))&clientId=WCC"  	[MsgId: MERR-26608]
Warning: Iteration pacing cannot be reached (pace time = 3.97, actual time = 29.04).	[MsgId: MWAR-15995]
kaas_DocSearchHPES_FindMyProduct_200.c(9): Error -26608: HTTP Status-Code=504 (Gateway Timeout) for "https://hx9ekpvvbi.execute-api.us-east-1.amazonaws.com/KaaS-ITG/v2/search?q=HP Pavilion Desktop Models 100 to 999&resultLimit=200&resultStart=0&languageCode=en&countryCode=us&store=tmsstore&filters=(class:(pm_series_value%5E1.5%20OR%20pm_name_value%20OR%20pm_number_value)%20AND%20contenttype:Product%20AND%20historicalwebsupportflag:(no))&clientId=WCC"  	[MsgId: MERR-26608]
Warning: Iteration pacing cannot be reached (pace time = 3.76, actual time = 29.04).	[MsgId: MWAR-15995]
Warning: Iteration pacing cannot be reached (pace time = 4.26, actual time = 4.91).	[MsgId: MWAR-15995]
Warning: Iteration pacing cannot be reached (pace time = 4.49, actual time = 16.38).	[MsgId: MWAR-15995]
Warning: Iteration pacing cannot be reached (pace time = 3.83, actual time = 4.15).	[MsgId: MWAR-15995]
Warning: Iteration pacing cannot be reached (pace time = 4.17, actual time = 11.69).	[MsgId: MWAR-15995]
Warning: Iteration pacing cannot be reached (pace time = 4.46, actual time = 24.92).	[MsgId: MWAR-15995]
Warning: Iteration pacing cannot be reached (pace time = 3.59, actual time = 17.23).	[MsgId: MWAR-15995]
Warning: Iteration pacing cannot be reached (pace time = 4.04, actual time = 19.27).	[MsgId: MWAR-15995]
Warning: Iteration pacing cannot be reached (pace time = 3.85, actual time = 19.03).	[MsgId: MWAR-15995]
Warning: Iteration pacing cannot be reached (pace time = 3.79, actual time = 20.26).	[MsgId: MWAR-15995]
Warning: Iteration pacing cannot be reached (pace time = 3.96, actual time = 21.67).	[MsgId: MWAR-15995]
Warning: Iteration pacing cannot be reached (pace time = 4.04, actual time = 16.26).	[MsgId: MWAR-15995]
Warning: Iteration pacing cannot be reached (pace time = 4.38, actual time = 17.34).	[MsgId: MWAR-15995]
Warning: Iteration pacing cannot be reached (pace time = 3.71, actual time = 12.80).	[MsgId: MWAR-15995]
Warning: Iteration pacing cannot be reached (pace time = 4.45, actual time = 10.39).	[MsgId: MWAR-15995]
Warning: Iteration pacing cannot be reached (pace time = 4.24, actual time = 8.97).	[MsgId: MWAR-15995]
Warning: Iteration pacing cannot be reached (pace time = 4.30, actual time = 8.99).	[MsgId: MWAR-15995]
Warning: Iteration pacing cannot be reached (pace time = 3.71, actual time = 9.23).	[MsgId: MWAR-15995]
Warning: Iteration pacing cannot be reached (pace time = 4.02, actual time = 11.83).	[MsgId: MWAR-15995]
Warning: Iteration pacing cannot be reached (pace time = 4.40, actual time = 8.05).	[MsgId: MWAR-15995]
Warning: Iteration pacing cannot be reached (pace time = 4.43, actual time = 5.63).	[MsgId: MWAR-15995]
Warning: Iteration pacing cannot be reached (pace time = 4.11, actual time = 16.76).	[MsgId: MWAR-15995]
Warning: Iteration pacing cannot be reached (pace time = 3.53, actual time = 7.46).	[MsgId: MWAR-15995]
kaas_DocSearchHPES_FindMyProduct_200.c(9): Error -26608: HTTP Status-Code=504 (Gateway Timeout) for "https://hx9ekpvvbi.execute-api.us-east-1.amazonaws.com/KaaS-ITG/v2/search?q=HP Color LaserJet Enterprise flow MFP M88&resultLimit=200&resultStart=0&languageCode=en&countryCode=us&store=tmsstore&filters=(class:(pm_series_value%5E1.5%20OR%20pm_name_value%20OR%20pm_number_value)%20AND%20contenttype:Product%20AND%20historicalwebsupportflag:(no))&clientId=WCC"  	[MsgId: MERR-26608]
Warning: Iteration pacing cannot be reached (pace time = 3.53, actual time = 29.04).	[MsgId: MWAR-15995]
Warning: Iteration pacing cannot be reached (pace time = 3.99, actual time = 14.68).	[MsgId: MWAR-15995]
Warning: Iteration pacing cannot be reached (pace time = 3.66, actual time = 15.60).	[MsgId: MWAR-15995]
Warning: Iteration pacing cannot be reached (pace time = 3.59, actual time = 8.86).	[MsgId: MWAR-15995]
Warning: Iteration pacing cannot be reached (pace time = 3.81, actual time = 21.59).	[MsgId: MWAR-15995]
Warning: Iteration pacing cannot be reached (pace time = 4.39, actual time = 12.05).	[MsgId: MWAR-15995]
Warning: Iteration pacing cannot be reached (pace time = 3.94, actual time = 21.17).	[MsgId: MWAR-15995]
Warning: Iteration pacing cannot be reached (pace time = 3.89, actual time = 4.65).	[MsgId: MWAR-15995]
Warning: Iteration pacing cannot be reached (pace time = 4.09, actual time = 11.01).	[MsgId: MWAR-15995]
Warning: Iteration pacing cannot be reached (pace time = 3.61, actual time = 14.52).	[MsgId: MWAR-15995]
Warning: Iteration pacing cannot be reached (pace time = 3.62, actual time = 24.19).	[MsgId: MWAR-15995]
Warning: Iteration pacing cannot be reached (pace time = 4.28, actual time = 21.82).	[MsgId: MWAR-15995]
Warning: Iteration pacing cannot be reached (pace time = 4.17, actual time = 9.34).	[MsgId: MWAR-15995]
Warning: Iteration pacing cannot be reached (pace time = 3.88, actual time = 14.82).	[MsgId: MWAR-15995]
Warning: Iteration pacing cannot be reached (pace time = 4.33, actual time = 10.01).	[MsgId: MWAR-15995]
Warning: Iteration pacing cannot be reached (pace time = 3.85, actual time = 9.01).	[MsgId: MWAR-15995]
Warning: Iteration pacing cannot be reached (pace time = 4.14, actual time = 5.17).	[MsgId: MWAR-15995]
Warning: Iteration pacing cannot be reached (pace time = 4.44, actual time = 7.78).	[MsgId: MWAR-15995]
Warning: Iteration pacing cannot be reached (pace time = 4.36, actual time = 9.23).	[MsgId: MWAR-15995]
Warning: Iteration pacing cannot be reached (pace time = 3.81, actual time = 13.93).	[MsgId: MWAR-15995]
Warning: Iteration pacing cannot be reached (pace time = 4.21, actual time = 16.09).	[MsgId: MWAR-15995]
kaas_DocSearchHPES_FindMyProduct.c(8): Error -26608: HTTP Status-Code=504 (Gateway Timeout) for "https://hx9ekpvvbi.execute-api.us-east-1.amazonaws.com/KaaS-ITG/v2/search?q=officejet&resultLimit=20&resultStart=0&languageCode=en&countryCode=us&store=tmsstore&filters=(class:(pm_series_value%5E1.5%20OR%20pm_name_value%20OR%20pm_number_value)%20AND%20contenttype:Product%20AND%20historicalwebsupportflag:(no))&clientId=WCC"  	[MsgId: MERR-26608]
Warning: Iteration pacing cannot be reached (pace time = 3.66, actual time = 29.04).	[MsgId: MWAR-15995]
Warning: Iteration pacing cannot be reached (pace time = 3.92, actual time = 21.04).	[MsgId: MWAR-15995]
Warning: Iteration pacing cannot be reached (pace time = 3.75, actual time = 8.87).	[MsgId: MWAR-15995]
Warning: Iteration pacing cannot be reached (pace time = 3.90, actual time = 9.50).	[MsgId: MWAR-15995]
Warning: Iteration pacing cannot be reached (pace time = 4.03, actual time = 5.67).	[MsgId: MWAR-15995]
Warning: Iteration pacing cannot be reached (pace time = 4.44, actual time = 7.52).	[MsgId: MWAR-15995]
Warning: Iteration pacing cannot be reached (pace time = 4.23, actual time = 14.10).	[MsgId: MWAR-15995]
Warning: Iteration pacing cannot be reached (pace time = 3.80, actual time = 10.33).	[MsgId: MWAR-15995]
Warning: Iteration pacing cannot be reached (pace time = 4.03, actual time = 10.06).	[MsgId: MWAR-15995]
Warning: Iteration pacing cannot be reached (pace time = 4.37, actual time = 15.28).	[MsgId: MWAR-15995]
kaas_DocSearchHPES_FindMyProduct.c(8): Error -26608: HTTP Status-Code=504 (Gateway Timeout) for "https://hx9ekpvvbi.execute-api.us-east-1.amazonaws.com/KaaS-ITG/v2/search?q=Compaq Evo Desktop&resultLimit=20&resultStart=0&languageCode=en&countryCode=us&store=tmsstore&filters=(class:(pm_series_value%5E1.5%20OR%20pm_name_value%20OR%20pm_number_value)%20AND%20contenttype:Product%20AND%20historicalwebsupportflag:(no))&clientId=WCC"  	[MsgId: MERR-26608]
Warning: Iteration pacing cannot be reached (pace time = 4.19, actual time = 29.04).	[MsgId: MWAR-15995]
kaas_DocSearchHPES_FindMyProduct.c(8): Error -26608: HTTP Status-Code=504 (Gateway Timeout) for "https://hx9ekpvvbi.execute-api.us-east-1.amazonaws.com/KaaS-ITG/v2/search?q=K4Q68AA&resultLimit=20&resultStart=0&languageCode=en&countryCode=us&store=tmsstore&filters=(class:(pm_series_value%5E1.5%20OR%20pm_name_value%20OR%20pm_number_value)%20AND%20contenttype:Product%20AND%20historicalwebsupportflag:(no))&clientId=WCC"  	[MsgId: MERR-26608]
Warning: Iteration pacing cannot be reached (pace time = 3.65, actual time = 29.04).	[MsgId: MWAR-15995]
kaas_DocSearchHPES_FindMyProduct.c(8): Error -26608: HTTP Status-Code=504 (Gateway Timeout) for "https://hx9ekpvvbi.execute-api.us-east-1.amazonaws.com/KaaS-ITG/v2/search?q=K4Q68AA&resultLimit=20&resultStart=0&languageCode=en&countryCode=us&store=tmsstore&filters=(class:(pm_series_value%5E1.5%20OR%20pm_name_value%20OR%20pm_number_value)%20AND%20contenttype:Product%20AND%20historicalwebsupportflag:(no))&clientId=WCC"  	[MsgId: MERR-26608]
Warning: Iteration pacing cannot be reached (pace time = 3.95, actual time = 29.04).	[MsgId: MWAR-15995]
Warning: Iteration pacing cannot be reached (pace time = 4.21, actual time = 8.25).	[MsgId: MWAR-15995]
Warning: Iteration pacing cannot be reached (pace time = 3.62, actual time = 15.84).	[MsgId: MWAR-15995]
Warning: Iteration pacing cannot be reached (pace time = 4.14, actual time = 10.34).	[MsgId: MWAR-15995]
kaas_DocSearchHPES_FindMyProduct.c(8): Error -26608: HTTP Status-Code=504 (Gateway Timeout) for "https://hx9ekpvvbi.execute-api.us-east-1.amazonaws.com/KaaS-ITG/v2/search?q=5500&resultLimit=20&resultStart=0&languageCode=en&countryCode=us&store=tmsstore&filters=(class:(pm_series_value%5E1.5%20OR%20pm_name_value%20OR%20pm_number_value)%20AND%20contenttype:Product%20AND%20historicalwebsupportflag:(no))&clientId=WCC"  	[MsgId: MERR-26608]
Warning: Iteration pacing cannot be reached (pace time = 4.17, actual time = 29.04).	[MsgId: MWAR-15995]
kaas_DocSearchHPES_FindMyProduct.c(8): Error -26608: HTTP Status-Code=504 (Gateway Timeout) for "https://hx9ekpvvbi.execute-api.us-east-1.amazonaws.com/KaaS-ITG/v2/search?q=elitebook 84&resultLimit=20&resultStart=0&languageCode=en&countryCode=us&store=tmsstore&filters=(class:(pm_series_value%5E1.5%20OR%20pm_name_value%20OR%20pm_number_value)%20AND%20contenttype:Product%20AND%20historicalwebsupportflag:(no))&clientId=WCC"  	[MsgId: MERR-26608]
Warning: Iteration pacing cannot be reached (pace time = 3.91, actual time = 29.04).	[MsgId: MWAR-15995]
kaas_DocSearchHPES_FindMyProduct.c(8): Error -26608: HTTP Status-Code=504 (Gateway Timeout) for "https://hx9ekpvvbi.execute-api.us-east-1.amazonaws.com/KaaS-ITG/v2/search?q=HP Deskjet Ink Advantage Printers&resultLimit=20&resultStart=0&languageCode=en&countryCode=us&store=tmsstore&filters=(class:(pm_series_value%5E1.5%20OR%20pm_name_value%20OR%20pm_number_value)%20AND%20contenttype:Product%20AND%20historicalwebsupportflag:(no))&clientId=WCC"  	[MsgId: MERR-26608]
Warning: Iteration pacing cannot be reached (pace time = 4.06, actual time = 29.04).	[MsgId: MWAR-15995]
Warning: Iteration pacing cannot be reached (pace time = 3.79, actual time = 15.69).	[MsgId: MWAR-15995]
Warning: Iteration pacing cannot be reached (pace time = 4.04, actual time = 21.02).	[MsgId: MWAR-15995]
Warning: Iteration pacing cannot be reached (pace time = 4.19, actual time = 22.93).	[MsgId: MWAR-15995]
Warning: Iteration pacing cannot be reached (pace time = 3.87, actual time = 20.41).	[MsgId: MWAR-15995]
Warning: Iteration pacing cannot be reached (pace time = 3.81, actual time = 13.95).	[MsgId: MWAR-15995]
Warning: Iteration pacing cannot be reached (pace time = 3.88, actual time = 11.84).	[MsgId: MWAR-15995]
Warning: Iteration pacing cannot be reached (pace time = 4.25, actual time = 11.91).	[MsgId: MWAR-15995]
Warning: Iteration pacing cannot be reached (pace time = 3.61, actual time = 5.38).	[MsgId: MWAR-15995]
Warning: Iteration pacing cannot be reached (pace time = 3.95, actual time = 7.76).	[MsgId: MWAR-15995]
Warning: Iteration pacing cannot be reached (pace time = 3.76, actual time = 6.46).	[MsgId: MWAR-15995]
Warning: Iteration pacing cannot be reached (pace time = 4.48, actual time = 4.55).	[MsgId: MWAR-15995]
Warning: Iteration pacing cannot be reached (pace time = 3.61, actual time = 5.96).	[MsgId: MWAR-15995]
Warning: Iteration pacing cannot be reached (pace time = 4.22, actual time = 4.49).	[MsgId: MWAR-15995]
Warning: Iteration pacing cannot be reached (pace time = 3.60, actual time = 4.05).	[MsgId: MWAR-15995]
Warning: Iteration pacing cannot be reached (pace time = 3.79, actual time = 9.47).	[MsgId: MWAR-15995]
Warning: Iteration pacing cannot be reached (pace time = 3.87, actual time = 12.46).	[MsgId: MWAR-15995]
