Warning: Iteration pacing cannot be reached (pace time = 4.27, actual time = 6.38).	[MsgId: MWAR-15995]
Warning: Iteration pacing cannot be reached (pace time = 4.22, actual time = 6.62).	[MsgId: MWAR-15995]
Warning: Iteration pacing cannot be reached (pace time = 4.14, actual time = 6.57).	[MsgId: MWAR-15995]
Warning: Iteration pacing cannot be reached (pace time = 3.82, actual time = 5.70).	[MsgId: MWAR-15995]
Warning: Iteration pacing cannot be reached (pace time = 3.57, actual time = 4.99).	[MsgId: MWAR-15995]
Warning: Iteration pacing cannot be reached (pace time = 4.01, actual time = 9.67).	[MsgId: MWAR-15995]
Warning: Iteration pacing cannot be reached (pace time = 3.82, actual time = 10.65).	[MsgId: MWAR-15995]
Warning: Iteration pacing cannot be reached (pace time = 4.25, actual time = 9.11).	[MsgId: MWAR-15995]
Warning: Iteration pacing cannot be reached (pace time = 4.22, actual time = 9.41).	[MsgId: MWAR-15995]
Warning: Iteration pacing cannot be reached (pace time = 3.72, actual time = 8.83).	[MsgId: MWAR-15995]
Warning: Iteration pacing cannot be reached (pace time = 4.07, actual time = 5.66).	[MsgId: MWAR-15995]
Warning: Iteration pacing cannot be reached (pace time = 3.92, actual time = 8.86).	[MsgId: MWAR-15995]
Warning: Iteration pacing cannot be reached (pace time = 3.89, actual time = 3.90).	[MsgId: MWAR-15995]
Warning: Iteration pacing cannot be reached (pace time = 4.11, actual time = 8.71).	[MsgId: MWAR-15995]
Warning: Iteration pacing cannot be reached (pace time = 4.23, actual time = 10.13).	[MsgId: MWAR-15995]
Warning: Iteration pacing cannot be reached (pace time = 4.02, actual time = 10.30).	[MsgId: MWAR-15995]
Warning: Iteration pacing cannot be reached (pace time = 4.35, actual time = 8.89).	[MsgId: MWAR-15995]
Warning: Iteration pacing cannot be reached (pace time = 4.36, actual time = 7.15).	[MsgId: MWAR-15995]
Warning: Iteration pacing cannot be reached (pace time = 3.90, actual time = 6.86).	[MsgId: MWAR-15995]
Warning: Iteration pacing cannot be reached (pace time = 4.04, actual time = 4.52).	[MsgId: MWAR-15995]
Warning: Iteration pacing cannot be reached (pace time = 4.20, actual time = 7.97).	[MsgId: MWAR-15995]
Warning: Iteration pacing cannot be reached (pace time = 4.29, actual time = 6.88).	[MsgId: MWAR-15995]
Warning: Iteration pacing cannot be reached (pace time = 3.70, actual time = 7.35).	[MsgId: MWAR-15995]
Warning: Iteration pacing cannot be reached (pace time = 3.82, actual time = 9.69).	[MsgId: MWAR-15995]
Warning: Iteration pacing cannot be reached (pace time = 4.17, actual time = 5.95).	[MsgId: MWAR-15995]
Warning: Iteration pacing cannot be reached (pace time = 3.79, actual time = 7.54).	[MsgId: MWAR-15995]
Warning: Iteration pacing cannot be reached (pace time = 4.46, actual time = 19.11).	[MsgId: MWAR-15995]
Warning: Iteration pacing cannot be reached (pace time = 3.89, actual time = 19.93).	[MsgId: MWAR-15995]
Warning: Iteration pacing cannot be reached (pace time = 3.77, actual time = 10.57).	[MsgId: MWAR-15995]
Warning: Iteration pacing cannot be reached (pace time = 4.47, actual time = 10.16).	[MsgId: MWAR-15995]
Warning: Iteration pacing cannot be reached (pace time = 3.54, actual time = 8.14).	[MsgId: MWAR-15995]
Warning: Iteration pacing cannot be reached (pace time = 4.48, actual time = 9.10).	[MsgId: MWAR-15995]
Warning: Iteration pacing cannot be reached (pace time = 4.33, actual time = 7.04).	[MsgId: MWAR-15995]
Warning: Iteration pacing cannot be reached (pace time = 4.17, actual time = 11.22).	[MsgId: MWAR-15995]
Warning: Iteration pacing cannot be reached (pace time = 3.61, actual time = 15.00).	[MsgId: MWAR-15995]
Warning: Iteration pacing cannot be reached (pace time = 4.26, actual time = 13.18).	[MsgId: MWAR-15995]
Warning: Iteration pacing cannot be reached (pace time = 3.96, actual time = 14.58).	[MsgId: MWAR-15995]
Warning: Iteration pacing cannot be reached (pace time = 4.17, actual time = 17.30).	[MsgId: MWAR-15995]
Warning: Iteration pacing cannot be reached (pace time = 4.01, actual time = 13.60).	[MsgId: MWAR-15995]
Warning: Iteration pacing cannot be reached (pace time = 4.03, actual time = 18.76).	[MsgId: MWAR-15995]
Warning: Iteration pacing cannot be reached (pace time = 4.45, actual time = 11.69).	[MsgId: MWAR-15995]
Warning: Iteration pacing cannot be reached (pace time = 3.85, actual time = 15.55).	[MsgId: MWAR-15995]
Warning: Iteration pacing cannot be reached (pace time = 4.00, actual time = 15.64).	[MsgId: MWAR-15995]
Warning: Iteration pacing cannot be reached (pace time = 4.18, actual time = 7.94).	[MsgId: MWAR-15995]
Warning: Iteration pacing cannot be reached (pace time = 4.18, actual time = 8.12).	[MsgId: MWAR-15995]
Warning: Iteration pacing cannot be reached (pace time = 3.66, actual time = 6.83).	[MsgId: MWAR-15995]
Warning: Iteration pacing cannot be reached (pace time = 4.06, actual time = 6.65).	[MsgId: MWAR-15995]
Warning: Iteration pacing cannot be reached (pace time = 4.00, actual time = 5.55).	[MsgId: MWAR-15995]
Warning: Iteration pacing cannot be reached (pace time = 4.32, actual time = 6.80).	[MsgId: MWAR-15995]
Warning: Iteration pacing cannot be reached (pace time = 4.27, actual time = 6.33).	[MsgId: MWAR-15995]
Warning: Iteration pacing cannot be reached (pace time = 3.69, actual time = 4.01).	[MsgId: MWAR-15995]
Warning: Iteration pacing cannot be reached (pace time = 3.68, actual time = 4.16).	[MsgId: MWAR-15995]
Warning: Iteration pacing cannot be reached (pace time = 3.86, actual time = 7.33).	[MsgId: MWAR-15995]
Warning: Iteration pacing cannot be reached (pace time = 3.67, actual time = 8.09).	[MsgId: MWAR-15995]
Warning: Iteration pacing cannot be reached (pace time = 3.83, actual time = 7.32).	[MsgId: MWAR-15995]
Warning: Iteration pacing cannot be reached (pace time = 3.92, actual time = 22.22).	[MsgId: MWAR-15995]
Warning: Iteration pacing cannot be reached (pace time = 4.16, actual time = 22.11).	[MsgId: MWAR-15995]
Warning: Iteration pacing cannot be reached (pace time = 3.91, actual time = 8.49).	[MsgId: MWAR-15995]
Warning: Iteration pacing cannot be reached (pace time = 3.85, actual time = 14.15).	[MsgId: MWAR-15995]
Warning: Iteration pacing cannot be reached (pace time = 4.10, actual time = 14.95).	[MsgId: MWAR-15995]
Warning: Iteration pacing cannot be reached (pace time = 3.77, actual time = 12.16).	[MsgId: MWAR-15995]
Warning: Iteration pacing cannot be reached (pace time = 4.13, actual time = 17.35).	[MsgId: MWAR-15995]
Warning: Iteration pacing cannot be reached (pace time = 3.51, actual time = 9.13).	[MsgId: MWAR-15995]
kaas_DocSearchHPES_FindMyProduct_200.c(9): Error -26608: HTTP Status-Code=504 (Gateway Timeout) for "https://hx9ekpvvbi.execute-api.us-east-1.amazonaws.com/KaaS-ITG/v2/search?q=HP Deskjet Ink Advantage Printers&resultLimit=200&resultStart=0&languageCode=en&countryCode=us&store=tmsstore&filters=(class:(pm_series_value%5E1.5%20OR%20pm_name_value%20OR%20pm_number_value)%20AND%20contenttype:Product%20AND%20historicalwebsupportflag:(no))&clientId=WCC"  	[MsgId: MERR-26608]
Warning: Iteration pacing cannot be reached (pace time = 3.84, actual time = 29.04).	[MsgId: MWAR-15995]
Warning: Iteration pacing cannot be reached (pace time = 4.29, actual time = 13.41).	[MsgId: MWAR-15995]
Warning: Iteration pacing cannot be reached (pace time = 3.68, actual time = 16.00).	[MsgId: MWAR-15995]
Warning: Iteration pacing cannot be reached (pace time = 4.04, actual time = 13.24).	[MsgId: MWAR-15995]
Warning: Iteration pacing cannot be reached (pace time = 3.82, actual time = 17.60).	[MsgId: MWAR-15995]
Warning: Iteration pacing cannot be reached (pace time = 3.63, actual time = 15.66).	[MsgId: MWAR-15995]
Warning: Iteration pacing cannot be reached (pace time = 3.71, actual time = 10.84).	[MsgId: MWAR-15995]
kaas_DocSearchHPES_FindMyProduct.c(8): Error -26608: HTTP Status-Code=504 (Gateway Timeout) for "https://hx9ekpvvbi.execute-api.us-east-1.amazonaws.com/KaaS-ITG/v2/search?q=HP Pavilion Desktop Models 100 to 999&resultLimit=20&resultStart=0&languageCode=en&countryCode=us&store=tmsstore&filters=(class:(pm_series_value%5E1.5%20OR%20pm_name_value%20OR%20pm_number_value)%20AND%20contenttype:Product%20AND%20historicalwebsupportflag:(no))&clientId=WCC"  	[MsgId: MERR-26608]
Warning: Iteration pacing cannot be reached (pace time = 3.58, actual time = 29.04).	[MsgId: MWAR-15995]
kaas_DocSearchHPES_FindMyProduct.c(8): Error -26608: HTTP Status-Code=504 (Gateway Timeout) for "https://hx9ekpvvbi.execute-api.us-east-1.amazonaws.com/KaaS-ITG/v2/search?q=HP Officejet Printer Models A100 to A999&resultLimit=20&resultStart=0&languageCode=en&countryCode=us&store=tmsstore&filters=(class:(pm_series_value%5E1.5%20OR%20pm_name_value%20OR%20pm_number_value)%20AND%20contenttype:Product%20AND%20historicalwebsupportflag:(no))&clientId=WCC"  	[MsgId: MERR-26608]
Warning: Iteration pacing cannot be reached (pace time = 3.94, actual time = 29.04).	[MsgId: MWAR-15995]
Warning: Iteration pacing cannot be reached (pace time = 3.63, actual time = 23.50).	[MsgId: MWAR-15995]
kaas_DocSearchHPES_FindMyProduct_200.c(9): Error -26608: HTTP Status-Code=504 (Gateway Timeout) for "https://hx9ekpvvbi.execute-api.us-east-1.amazonaws.com/KaaS-ITG/v2/search?q=Printer te&resultLimit=200&resultStart=0&languageCode=en&countryCode=us&store=tmsstore&filters=(class:(pm_series_value%5E1.5%20OR%20pm_name_value%20OR%20pm_number_value)%20AND%20contenttype:Product%20AND%20historicalwebsupportflag:(no))&clientId=WCC"  	[MsgId: MERR-26608]
Warning: Iteration pacing cannot be reached (pace time = 3.84, actual time = 29.04).	[MsgId: MWAR-15995]
kaas_DocSearchHPES_FindMyProduct.c(8): Error -26608: HTTP Status-Code=504 (Gateway Timeout) for "https://hx9ekpvvbi.execute-api.us-east-1.amazonaws.com/KaaS-ITG/v2/search?q=HP ENVY All-in-One Desktops&resultLimit=20&resultStart=0&languageCode=en&countryCode=us&store=tmsstore&filters=(class:(pm_series_value%5E1.5%20OR%20pm_name_value%20OR%20pm_number_value)%20AND%20contenttype:Product%20AND%20historicalwebsupportflag:(no))&clientId=WCC"  	[MsgId: MERR-26608]
Warning: Iteration pacing cannot be reached (pace time = 3.96, actual time = 29.09).	[MsgId: MWAR-15995]
kaas_DocSearchHPES_FindMyProduct.c(8): Error -26608: HTTP Status-Code=504 (Gateway Timeout) for "https://hx9ekpvvbi.execute-api.us-east-1.amazonaws.com/KaaS-ITG/v2/search?q=Envy 15 k1&resultLimit=20&resultStart=0&languageCode=en&countryCode=us&store=tmsstore&filters=(class:(pm_series_value%5E1.5%20OR%20pm_name_value%20OR%20pm_number_value)%20AND%20contenttype:Product%20AND%20historicalwebsupportflag:(no))&clientId=WCC"  	[MsgId: MERR-26608]
Warning: Iteration pacing cannot be reached (pace time = 3.59, actual time = 29.04).	[MsgId: MWAR-15995]
Warning: Iteration pacing cannot be reached (pace time = 4.19, actual time = 26.20).	[MsgId: MWAR-15995]
Warning: Iteration pacing cannot be reached (pace time = 3.71, actual time = 14.20).	[MsgId: MWAR-15995]
Warning: Iteration pacing cannot be reached (pace time = 3.81, actual time = 4.50).	[MsgId: MWAR-15995]
Warning: Iteration pacing cannot be reached (pace time = 4.05, actual time = 24.79).	[MsgId: MWAR-15995]
Warning: Iteration pacing cannot be reached (pace time = 4.01, actual time = 5.61).	[MsgId: MWAR-15995]
Warning: Iteration pacing cannot be reached (pace time = 4.07, actual time = 14.36).	[MsgId: MWAR-15995]
Warning: Iteration pacing cannot be reached (pace time = 3.77, actual time = 17.68).	[MsgId: MWAR-15995]
Warning: Iteration pacing cannot be reached (pace time = 3.60, actual time = 17.92).	[MsgId: MWAR-15995]
Warning: Iteration pacing cannot be reached (pace time = 4.27, actual time = 16.77).	[MsgId: MWAR-15995]
Warning: Iteration pacing cannot be reached (pace time = 4.19, actual time = 17.60).	[MsgId: MWAR-15995]
Warning: Iteration pacing cannot be reached (pace time = 4.00, actual time = 25.72).	[MsgId: MWAR-15995]
Warning: Iteration pacing cannot be reached (pace time = 4.43, actual time = 9.17).	[MsgId: MWAR-15995]
Warning: Iteration pacing cannot be reached (pace time = 4.48, actual time = 27.02).	[MsgId: MWAR-15995]
Warning: Iteration pacing cannot be reached (pace time = 4.23, actual time = 25.69).	[MsgId: MWAR-15995]
Warning: Iteration pacing cannot be reached (pace time = 4.46, actual time = 6.73).	[MsgId: MWAR-15995]
Warning: Iteration pacing cannot be reached (pace time = 4.22, actual time = 5.44).	[MsgId: MWAR-15995]
Warning: Iteration pacing cannot be reached (pace time = 3.82, actual time = 4.96).	[MsgId: MWAR-15995]
Warning: Iteration pacing cannot be reached (pace time = 4.44, actual time = 7.97).	[MsgId: MWAR-15995]
Warning: Iteration pacing cannot be reached (pace time = 3.54, actual time = 4.65).	[MsgId: MWAR-15995]
Warning: Iteration pacing cannot be reached (pace time = 4.45, actual time = 6.68).	[MsgId: MWAR-15995]
Warning: Iteration pacing cannot be reached (pace time = 3.86, actual time = 7.08).	[MsgId: MWAR-15995]
Warning: Iteration pacing cannot be reached (pace time = 4.03, actual time = 4.87).	[MsgId: MWAR-15995]
Warning: Iteration pacing cannot be reached (pace time = 3.80, actual time = 8.45).	[MsgId: MWAR-15995]
Warning: Iteration pacing cannot be reached (pace time = 3.99, actual time = 9.79).	[MsgId: MWAR-15995]
Warning: Iteration pacing cannot be reached (pace time = 3.79, actual time = 7.09).	[MsgId: MWAR-15995]
Warning: Iteration pacing cannot be reached (pace time = 4.34, actual time = 5.11).	[MsgId: MWAR-15995]
Warning: Iteration pacing cannot be reached (pace time = 4.17, actual time = 4.98).	[MsgId: MWAR-15995]
Warning: Iteration pacing cannot be reached (pace time = 3.92, actual time = 10.67).	[MsgId: MWAR-15995]
Warning: Iteration pacing cannot be reached (pace time = 4.42, actual time = 7.88).	[MsgId: MWAR-15995]
Warning: Iteration pacing cannot be reached (pace time = 3.95, actual time = 12.89).	[MsgId: MWAR-15995]
Warning: Iteration pacing cannot be reached (pace time = 3.61, actual time = 8.15).	[MsgId: MWAR-15995]
Warning: Iteration pacing cannot be reached (pace time = 4.21, actual time = 7.95).	[MsgId: MWAR-15995]
Warning: Iteration pacing cannot be reached (pace time = 3.51, actual time = 3.84).	[MsgId: MWAR-15995]
Warning: Iteration pacing cannot be reached (pace time = 3.50, actual time = 3.75).	[MsgId: MWAR-15995]
Warning: Iteration pacing cannot be reached (pace time = 3.51, actual time = 4.57).	[MsgId: MWAR-15995]
Warning: Iteration pacing cannot be reached (pace time = 4.22, actual time = 4.51).	[MsgId: MWAR-15995]
Warning: Iteration pacing cannot be reached (pace time = 4.49, actual time = 5.44).	[MsgId: MWAR-15995]
Warning: Iteration pacing cannot be reached (pace time = 3.75, actual time = 7.06).	[MsgId: MWAR-15995]
Warning: Iteration pacing cannot be reached (pace time = 3.83, actual time = 4.61).	[MsgId: MWAR-15995]
Warning: Iteration pacing cannot be reached (pace time = 4.32, actual time = 4.70).	[MsgId: MWAR-15995]
Warning: Iteration pacing cannot be reached (pace time = 3.69, actual time = 7.46).	[MsgId: MWAR-15995]
Warning: Iteration pacing cannot be reached (pace time = 3.58, actual time = 4.53).	[MsgId: MWAR-15995]
Warning: Iteration pacing cannot be reached (pace time = 4.33, actual time = 27.29).	[MsgId: MWAR-15995]
Warning: Iteration pacing cannot be reached (pace time = 3.94, actual time = 27.38).	[MsgId: MWAR-15995]
kaas_DocSearchHPES_FindMyProduct.c(8): Error -26608: HTTP Status-Code=504 (Gateway Timeout) for "https://hx9ekpvvbi.execute-api.us-east-1.amazonaws.com/KaaS-ITG/v2/search?q=123725-126&resultLimit=20&resultStart=0&languageCode=en&countryCode=us&store=tmsstore&filters=(class:(pm_series_value%5E1.5%20OR%20pm_name_value%20OR%20pm_number_value)%20AND%20contenttype:Product%20AND%20historicalwebsupportflag:(no))&clientId=WCC"  	[MsgId: MERR-26608]
Warning: Iteration pacing cannot be reached (pace time = 3.58, actual time = 29.04).	[MsgId: MWAR-15995]
kaas_DocSearchHPES_FindMyProduct.c(8): Error -26608: HTTP Status-Code=504 (Gateway Timeout) for "https://hx9ekpvvbi.execute-api.us-east-1.amazonaws.com/KaaS-ITG/v2/search?q=officejet 4630&resultLimit=20&resultStart=0&languageCode=en&countryCode=us&store=tmsstore&filters=(class:(pm_series_value%5E1.5%20OR%20pm_name_value%20OR%20pm_number_value)%20AND%20contenttype:Product%20AND%20historicalwebsupportflag:(no))&clientId=WCC"  	[MsgId: MERR-26608]
Warning: Iteration pacing cannot be reached (pace time = 3.70, actual time = 29.04).	[MsgId: MWAR-15995]
kaas_DocSearchHPES_FindMyProduct_200.c(9): Error -26608: HTTP Status-Code=504 (Gateway Timeout) for "https://hx9ekpvvbi.execute-api.us-east-1.amazonaws.com/KaaS-ITG/v2/search?q=CNU1469&resultLimit=200&resultStart=0&languageCode=en&countryCode=us&store=tmsstore&filters=(class:(pm_series_value%5E1.5%20OR%20pm_name_value%20OR%20pm_number_value)%20AND%20contenttype:Product%20AND%20historicalwebsupportflag:(no))&clientId=WCC"  	[MsgId: MERR-26608]
Warning: Iteration pacing cannot be reached (pace time = 3.81, actual time = 29.04).	[MsgId: MWAR-15995]
kaas_DocSearchHPES_FindMyProduct.c(8): Error -26608: HTTP Status-Code=504 (Gateway Timeout) for "https://hx9ekpvvbi.execute-api.us-east-1.amazonaws.com/KaaS-ITG/v2/search?q=Printer te&resultLimit=20&resultStart=0&languageCode=en&countryCode=us&store=tmsstore&filters=(class:(pm_series_value%5E1.5%20OR%20pm_name_value%20OR%20pm_number_value)%20AND%20contenttype:Product%20AND%20historicalwebsupportflag:(no))&clientId=WCC"  	[MsgId: MERR-26608]
Warning: Iteration pacing cannot be reached (pace time = 4.28, actual time = 29.04).	[MsgId: MWAR-15995]
kaas_DocSearchHPES_FindMyProduct.c(8): Error -26608: HTTP Status-Code=504 (Gateway Timeout) for "https://hx9ekpvvbi.execute-api.us-east-1.amazonaws.com/KaaS-ITG/v2/search?q=HP ENVY All-in-One Desktops&resultLimit=20&resultStart=0&languageCode=en&countryCode=us&store=tmsstore&filters=(class:(pm_series_value%5E1.5%20OR%20pm_name_value%20OR%20pm_number_value)%20AND%20contenttype:Product%20AND%20historicalwebsupportflag:(no))&clientId=WCC"  	[MsgId: MERR-26608]
Warning: Iteration pacing cannot be reached (pace time = 4.23, actual time = 29.05).	[MsgId: MWAR-15995]
Warning: Iteration pacing cannot be reached (pace time = 3.98, actual time = 22.72).	[MsgId: MWAR-15995]
Warning: Iteration pacing cannot be reached (pace time = 3.83, actual time = 20.60).	[MsgId: MWAR-15995]
Warning: Iteration pacing cannot be reached (pace time = 4.14, actual time = 28.35).	[MsgId: MWAR-15995]
Warning: Iteration pacing cannot be reached (pace time = 4.26, actual time = 18.83).	[MsgId: MWAR-15995]
Warning: Iteration pacing cannot be reached (pace time = 4.26, actual time = 26.78).	[MsgId: MWAR-15995]
Warning: Iteration pacing cannot be reached (pace time = 3.71, actual time = 20.92).	[MsgId: MWAR-15995]
Warning: Iteration pacing cannot be reached (pace time = 4.32, actual time = 25.98).	[MsgId: MWAR-15995]
Warning: Iteration pacing cannot be reached (pace time = 4.01, actual time = 20.38).	[MsgId: MWAR-15995]
Warning: Iteration pacing cannot be reached (pace time = 3.56, actual time = 23.71).	[MsgId: MWAR-15995]
Warning: Iteration pacing cannot be reached (pace time = 4.32, actual time = 18.22).	[MsgId: MWAR-15995]
Warning: Iteration pacing cannot be reached (pace time = 3.94, actual time = 18.27).	[MsgId: MWAR-15995]
Warning: Iteration pacing cannot be reached (pace time = 3.76, actual time = 11.66).	[MsgId: MWAR-15995]
Warning: Iteration pacing cannot be reached (pace time = 4.15, actual time = 10.22).	[MsgId: MWAR-15995]
Warning: Iteration pacing cannot be reached (pace time = 4.21, actual time = 13.65).	[MsgId: MWAR-15995]
Warning: Iteration pacing cannot be reached (pace time = 3.88, actual time = 14.34).	[MsgId: MWAR-15995]
Warning: Iteration pacing cannot be reached (pace time = 4.24, actual time = 4.96).	[MsgId: MWAR-15995]
Warning: Iteration pacing cannot be reached (pace time = 3.74, actual time = 5.20).	[MsgId: MWAR-15995]
Warning: Iteration pacing cannot be reached (pace time = 3.56, actual time = 3.92).	[MsgId: MWAR-15995]
Warning: Iteration pacing cannot be reached (pace time = 4.40, actual time = 4.83).	[MsgId: MWAR-15995]
Warning: Iteration pacing cannot be reached (pace time = 4.13, actual time = 16.31).	[MsgId: MWAR-15995]
Warning: Iteration pacing cannot be reached (pace time = 3.58, actual time = 18.47).	[MsgId: MWAR-15995]
Warning: Iteration pacing cannot be reached (pace time = 3.84, actual time = 15.48).	[MsgId: MWAR-15995]
Warning: Iteration pacing cannot be reached (pace time = 3.56, actual time = 7.92).	[MsgId: MWAR-15995]
Warning: Iteration pacing cannot be reached (pace time = 4.41, actual time = 15.02).	[MsgId: MWAR-15995]
Warning: Iteration pacing cannot be reached (pace time = 3.87, actual time = 8.85).	[MsgId: MWAR-15995]
Warning: Iteration pacing cannot be reached (pace time = 3.82, actual time = 5.85).	[MsgId: MWAR-15995]
Warning: Iteration pacing cannot be reached (pace time = 3.96, actual time = 11.24).	[MsgId: MWAR-15995]
Warning: Iteration pacing cannot be reached (pace time = 3.60, actual time = 11.69).	[MsgId: MWAR-15995]
Warning: Iteration pacing cannot be reached (pace time = 4.06, actual time = 16.21).	[MsgId: MWAR-15995]
Warning: Iteration pacing cannot be reached (pace time = 4.17, actual time = 11.89).	[MsgId: MWAR-15995]
Warning: Iteration pacing cannot be reached (pace time = 3.90, actual time = 17.22).	[MsgId: MWAR-15995]
Warning: Iteration pacing cannot be reached (pace time = 3.98, actual time = 14.70).	[MsgId: MWAR-15995]
Warning: Iteration pacing cannot be reached (pace time = 4.42, actual time = 12.66).	[MsgId: MWAR-15995]
Warning: Iteration pacing cannot be reached (pace time = 3.73, actual time = 6.19).	[MsgId: MWAR-15995]
Warning: Iteration pacing cannot be reached (pace time = 4.07, actual time = 19.23).	[MsgId: MWAR-15995]
Warning: Iteration pacing cannot be reached (pace time = 3.85, actual time = 5.32).	[MsgId: MWAR-15995]
Warning: Iteration pacing cannot be reached (pace time = 3.97, actual time = 4.41).	[MsgId: MWAR-15995]
Warning: Iteration pacing cannot be reached (pace time = 4.13, actual time = 5.37).	[MsgId: MWAR-15995]
Warning: Iteration pacing cannot be reached (pace time = 4.20, actual time = 5.07).	[MsgId: MWAR-15995]
Warning: Iteration pacing cannot be reached (pace time = 4.03, actual time = 4.80).	[MsgId: MWAR-15995]
Warning: Iteration pacing cannot be reached (pace time = 4.49, actual time = 6.03).	[MsgId: MWAR-15995]
Warning: Iteration pacing cannot be reached (pace time = 3.88, actual time = 4.28).	[MsgId: MWAR-15995]
Warning: Iteration pacing cannot be reached (pace time = 3.84, actual time = 4.96).	[MsgId: MWAR-15995]
Warning: Iteration pacing cannot be reached (pace time = 3.54, actual time = 4.79).	[MsgId: MWAR-15995]
Warning: Iteration pacing cannot be reached (pace time = 3.60, actual time = 13.37).	[MsgId: MWAR-15995]
Warning: Iteration pacing cannot be reached (pace time = 4.17, actual time = 13.39).	[MsgId: MWAR-15995]
Warning: Iteration pacing cannot be reached (pace time = 3.98, actual time = 14.44).	[MsgId: MWAR-15995]
Warning: Iteration pacing cannot be reached (pace time = 3.98, actual time = 12.59).	[MsgId: MWAR-15995]
Warning: Iteration pacing cannot be reached (pace time = 4.34, actual time = 13.47).	[MsgId: MWAR-15995]
Warning: Iteration pacing cannot be reached (pace time = 3.71, actual time = 17.16).	[MsgId: MWAR-15995]
Warning: Iteration pacing cannot be reached (pace time = 3.65, actual time = 8.65).	[MsgId: MWAR-15995]
Warning: Iteration pacing cannot be reached (pace time = 4.29, actual time = 12.60).	[MsgId: MWAR-15995]
Warning: Iteration pacing cannot be reached (pace time = 4.37, actual time = 17.95).	[MsgId: MWAR-15995]
kaas_DocSearchHPES_FindMyProduct.c(8): Error -26608: HTTP Status-Code=504 (Gateway Timeout) for "https://hx9ekpvvbi.execute-api.us-east-1.amazonaws.com/KaaS-ITG/v2/search?q=envy dv6&resultLimit=20&resultStart=0&languageCode=en&countryCode=us&store=tmsstore&filters=(class:(pm_series_value%5E1.5%20OR%20pm_name_value%20OR%20pm_number_value)%20AND%20contenttype:Product%20AND%20historicalwebsupportflag:(no))&clientId=WCC"  	[MsgId: MERR-26608]
Warning: Iteration pacing cannot be reached (pace time = 4.04, actual time = 29.04).	[MsgId: MWAR-15995]
kaas_DocSearchHPES_FindMyProduct_200.c(9): Error -26608: HTTP Status-Code=504 (Gateway Timeout) for "https://hx9ekpvvbi.execute-api.us-east-1.amazonaws.com/KaaS-ITG/v2/search?q=HP Color LaserJet Enterprise flow MFP M8&resultLimit=200&resultStart=0&languageCode=en&countryCode=us&store=tmsstore&filters=(class:(pm_series_value%5E1.5%20OR%20pm_name_value%20OR%20pm_number_value)%20AND%20contenttype:Product%20AND%20historicalwebsupportflag:(no))&clientId=WCC"  	[MsgId: MERR-26608]
Warning: Iteration pacing cannot be reached (pace time = 4.48, actual time = 29.04).	[MsgId: MWAR-15995]
kaas_DocSearchHPES_FindMyProduct.c(8): Error -26608: HTTP Status-Code=504 (Gateway Timeout) for "https://hx9ekpvvbi.execute-api.us-east-1.amazonaws.com/KaaS-ITG/v2/search?q=HP Officejet Printer Models 1000 to 5999&resultLimit=20&resultStart=0&languageCode=en&countryCode=us&store=tmsstore&filters=(class:(pm_series_value%5E1.5%20OR%20pm_name_value%20OR%20pm_number_value)%20AND%20contenttype:Product%20AND%20historicalwebsupportflag:(no))&clientId=WCC"  	[MsgId: MERR-26608]
Warning: Iteration pacing cannot be reached (pace time = 3.56, actual time = 29.04).	[MsgId: MWAR-15995]
kaas_DocSearchHPES_FindMyProduct.c(8): Error -26608: HTTP Status-Code=504 (Gateway Timeout) for "https://hx9ekpvvbi.execute-api.us-east-1.amazonaws.com/KaaS-ITG/v2/search?q=HP ENVY Desktop Models 700-000 to 700-999&resultLimit=20&resultStart=0&languageCode=en&countryCode=us&store=tmsstore&filters=(class:(pm_series_value%5E1.5%20OR%20pm_name_value%20OR%20pm_number_value)%20AND%20contenttype:Product%20AND%20historicalwebsupportflag:(no))&clientId=WCC"  	[MsgId: MERR-26608]
Warning: Iteration pacing cannot be reached (pace time = 4.42, actual time = 29.04).	[MsgId: MWAR-15995]
kaas_DocSearchHPES_FindMyProduct_200.c(9): Error -26608: HTTP Status-Code=504 (Gateway Timeout) for "https://hx9ekpvvbi.execute-api.us-east-1.amazonaws.com/KaaS-ITG/v2/search?q=123725-126&resultLimit=200&resultStart=0&languageCode=en&countryCode=us&store=tmsstore&filters=(class:(pm_series_value%5E1.5%20OR%20pm_name_value%20OR%20pm_number_value)%20AND%20contenttype:Product%20AND%20historicalwebsupportflag:(no))&clientId=WCC"  	[MsgId: MERR-26608]
Warning: Iteration pacing cannot be reached (pace time = 3.58, actual time = 29.04).	[MsgId: MWAR-15995]
kaas_DocSearchHPES_FindMyProduct.c(8): Error -26608: HTTP Status-Code=504 (Gateway Timeout) for "https://hx9ekpvvbi.execute-api.us-east-1.amazonaws.com/KaaS-ITG/v2/search?q=HP Officejet Printer Models 1000 to 5999&resultLimit=20&resultStart=0&languageCode=en&countryCode=us&store=tmsstore&filters=(class:(pm_series_value%5E1.5%20OR%20pm_name_value%20OR%20pm_number_value)%20AND%20contenttype:Product%20AND%20historicalwebsupportflag:(no))&clientId=WCC"  	[MsgId: MERR-26608]
Warning: Iteration pacing cannot be reached (pace time = 3.52, actual time = 29.05).	[MsgId: MWAR-15995]
kaas_DocSearchHPES_FindMyProduct.c(8): Error -26608: HTTP Status-Code=504 (Gateway Timeout) for "https://hx9ekpvvbi.execute-api.us-east-1.amazonaws.com/KaaS-ITG/v2/search?q=HP Classmate Notebooks&resultLimit=20&resultStart=0&languageCode=en&countryCode=us&store=tmsstore&filters=(class:(pm_series_value%5E1.5%20OR%20pm_name_value%20OR%20pm_number_value)%20AND%20contenttype:Product%20AND%20historicalwebsupportflag:(no))&clientId=WCC"  	[MsgId: MERR-26608]
Warning: Iteration pacing cannot be reached (pace time = 3.83, actual time = 29.05).	[MsgId: MWAR-15995]
kaas_DocSearchHPES_FindMyProduct.c(8): Error -26608: HTTP Status-Code=504 (Gateway Timeout) for "https://hx9ekpvvbi.execute-api.us-east-1.amazonaws.com/KaaS-ITG/v2/search?q=Compaq Gaming Desktops&resultLimit=20&resultStart=0&languageCode=en&countryCode=us&store=tmsstore&filters=(class:(pm_series_value%5E1.5%20OR%20pm_name_value%20OR%20pm_number_value)%20AND%20contenttype:Product%20AND%20historicalwebsupportflag:(no))&clientId=WCC"  	[MsgId: MERR-26608]
Warning: Iteration pacing cannot be reached (pace time = 4.39, actual time = 29.05).	[MsgId: MWAR-15995]
kaas_DocSearchHPES_FindMyProduct.c(8): Error -26608: HTTP Status-Code=504 (Gateway Timeout) for "https://hx9ekpvvbi.execute-api.us-east-1.amazonaws.com/KaaS-ITG/v2/search?q=HP ENVY x2 11-g050la&resultLimit=20&resultStart=0&languageCode=en&countryCode=us&store=tmsstore&filters=(class:(pm_series_value%5E1.5%20OR%20pm_name_value%20OR%20pm_number_value)%20AND%20contenttype:Product%20AND%20historicalwebsupportflag:(no))&clientId=WCC"  	[MsgId: MERR-26608]
Warning: Iteration pacing cannot be reached (pace time = 3.87, actual time = 29.04).	[MsgId: MWAR-15995]
kaas_DocSearchHPES_FindMyProduct.c(8): Error -26608: HTTP Status-Code=504 (Gateway Timeout) for "https://hx9ekpvvbi.execute-api.us-east-1.amazonaws.com/KaaS-ITG/v2/search?q=HP Deskjet Printer Models F100 to F999&resultLimit=20&resultStart=0&languageCode=en&countryCode=us&store=tmsstore&filters=(class:(pm_series_value%5E1.5%20OR%20pm_name_value%20OR%20pm_number_value)%20AND%20contenttype:Product%20AND%20historicalwebsupportflag:(no))&clientId=WCC"  	[MsgId: MERR-26608]
Warning: Iteration pacing cannot be reached (pace time = 3.92, actual time = 29.04).	[MsgId: MWAR-15995]
kaas_DocSearchHPES_FindMyProduct.c(8): Error -26608: HTTP Status-Code=504 (Gateway Timeout) for "https://hx9ekpvvbi.execute-api.us-east-1.amazonaws.com/KaaS-ITG/v2/search?q=HP Officejet Printer Models 100 to 999&resultLimit=20&resultStart=0&languageCode=en&countryCode=us&store=tmsstore&filters=(class:(pm_series_value%5E1.5%20OR%20pm_name_value%20OR%20pm_number_value)%20AND%20contenttype:Product%20AND%20historicalwebsupportflag:(no))&clientId=WCC"  	[MsgId: MERR-26608]
Warning: Iteration pacing cannot be reached (pace time = 3.71, actual time = 29.05).	[MsgId: MWAR-15995]
kaas_DocSearchHPES_FindMyProduct.c(8): Error -26608: HTTP Status-Code=504 (Gateway Timeout) for "https://hx9ekpvvbi.execute-api.us-east-1.amazonaws.com/KaaS-ITG/v2/search?q=HP ENVY Notebooks&resultLimit=20&resultStart=0&languageCode=en&countryCode=us&store=tmsstore&filters=(class:(pm_series_value%5E1.5%20OR%20pm_name_value%20OR%20pm_number_value)%20AND%20contenttype:Product%20AND%20historicalwebsupportflag:(no))&clientId=WCC"  	[MsgId: MERR-26608]
Warning: Iteration pacing cannot be reached (pace time = 4.32, actual time = 29.04).	[MsgId: MWAR-15995]
kaas_DocSearchHPES_FindMyProduct.c(8): Error -26608: HTTP Status-Code=504 (Gateway Timeout) for "https://hx9ekpvvbi.execute-api.us-east-1.amazonaws.com/KaaS-ITG/v2/search?q=HP Pavilion 11-h128tu x2 PC&resultLimit=20&resultStart=0&languageCode=en&countryCode=us&store=tmsstore&filters=(class:(pm_series_value%5E1.5%20OR%20pm_name_value%20OR%20pm_number_value)%20AND%20contenttype:Product%20AND%20historicalwebsupportflag:(no))&clientId=WCC"  	[MsgId: MERR-26608]
Warning: Iteration pacing cannot be reached (pace time = 3.54, actual time = 29.05).	[MsgId: MWAR-15995]
kaas_DocSearchHPES_FindMyProduct.c(8): Error -26608: HTTP Status-Code=504 (Gateway Timeout) for "https://hx9ekpvvbi.execute-api.us-east-1.amazonaws.com/KaaS-ITG/v2/search?q=HP Compaq Notebook&resultLimit=20&resultStart=0&languageCode=en&countryCode=us&store=tmsstore&filters=(class:(pm_series_value%5E1.5%20OR%20pm_name_value%20OR%20pm_number_value)%20AND%20contenttype:Product%20AND%20historicalwebsupportflag:(no))&clientId=WCC"  	[MsgId: MERR-26608]
Warning: Iteration pacing cannot be reached (pace time = 3.70, actual time = 29.05).	[MsgId: MWAR-15995]
Warning: Iteration pacing cannot be reached (pace time = 3.90, actual time = 14.91).	[MsgId: MWAR-15995]
Warning: Iteration pacing cannot be reached (pace time = 4.06, actual time = 7.93).	[MsgId: MWAR-15995]
Warning: Iteration pacing cannot be reached (pace time = 3.54, actual time = 16.37).	[MsgId: MWAR-15995]
kaas_DocSearchHPES_FindMyProduct_200.c(9): Error -26608: HTTP Status-Code=504 (Gateway Timeout) for "https://hx9ekpvvbi.execute-api.us-east-1.amazonaws.com/KaaS-ITG/v2/search?q=envy dv6&resultLimit=200&resultStart=0&languageCode=en&countryCode=us&store=tmsstore&filters=(class:(pm_series_value%5E1.5%20OR%20pm_name_value%20OR%20pm_number_value)%20AND%20contenttype:Product%20AND%20historicalwebsupportflag:(no))&clientId=WCC"  	[MsgId: MERR-26608]
Warning: Iteration pacing cannot be reached (pace time = 4.37, actual time = 29.04).	[MsgId: MWAR-15995]
kaas_DocSearchHPES_FindMyProduct_200.c(9): Error -26608: HTTP Status-Code=504 (Gateway Timeout) for "https://hx9ekpvvbi.execute-api.us-east-1.amazonaws.com/KaaS-ITG/v2/search?q=HP Pavilion&resultLimit=200&resultStart=0&languageCode=en&countryCode=us&store=tmsstore&filters=(class:(pm_series_value%5E1.5%20OR%20pm_name_value%20OR%20pm_number_value)%20AND%20contenttype:Product%20AND%20historicalwebsupportflag:(no))&clientId=WCC"  	[MsgId: MERR-26608]
Warning: Iteration pacing cannot be reached (pace time = 4.08, actual time = 29.04).	[MsgId: MWAR-15995]
Warning: Iteration pacing cannot be reached (pace time = 4.03, actual time = 14.54).	[MsgId: MWAR-15995]
kaas_DocSearchHPES_FindMyProduct_200.c(9): Error -26608: HTTP Status-Code=504 (Gateway Timeout) for "https://hx9ekpvvbi.execute-api.us-east-1.amazonaws.com/KaaS-ITG/v2/search?q=elitebook&resultLimit=200&resultStart=0&languageCode=en&countryCode=us&store=tmsstore&filters=(class:(pm_series_value%5E1.5%20OR%20pm_name_value%20OR%20pm_number_value)%20AND%20contenttype:Product%20AND%20historicalwebsupportflag:(no))&clientId=WCC"  	[MsgId: MERR-26608]
Warning: Iteration pacing cannot be reached (pace time = 4.22, actual time = 29.04).	[MsgId: MWAR-15995]
kaas_DocSearchHPES_FindMyProduct.c(8): Error -26608: HTTP Status-Code=504 (Gateway Timeout) for "https://hx9ekpvvbi.execute-api.us-east-1.amazonaws.com/KaaS-ITG/v2/search?q=Compaq Gaming Desktops&resultLimit=20&resultStart=0&languageCode=en&countryCode=us&store=tmsstore&filters=(class:(pm_series_value%5E1.5%20OR%20pm_name_value%20OR%20pm_number_value)%20AND%20contenttype:Product%20AND%20historicalwebsupportflag:(no))&clientId=WCC"  	[MsgId: MERR-26608]
Warning: Iteration pacing cannot be reached (pace time = 3.54, actual time = 29.20).	[MsgId: MWAR-15995]
kaas_DocSearchHPES_FindMyProduct.c(8): Error -26608: HTTP Status-Code=504 (Gateway Timeout) for "https://hx9ekpvvbi.execute-api.us-east-1.amazonaws.com/KaaS-ITG/v2/search?q=HP Photosmart Printer Models B1000 to B9999&resultLimit=20&resultStart=0&languageCode=en&countryCode=us&store=tmsstore&filters=(class:(pm_series_value%5E1.5%20OR%20pm_name_value%20OR%20pm_number_value)%20AND%20contenttype:Product%20AND%20historicalwebsupportflag:(no))&clientId=WCC"  	[MsgId: MERR-26608]
Warning: Iteration pacing cannot be reached (pace time = 3.90, actual time = 29.04).	[MsgId: MWAR-15995]
kaas_DocSearchHPES_FindMyProduct.c(8): Error -26608: HTTP Status-Code=504 (Gateway Timeout) for "https://hx9ekpvvbi.execute-api.us-east-1.amazonaws.com/KaaS-ITG/v2/search?q=HP ENVY All-in-One Desktops&resultLimit=20&resultStart=0&languageCode=en&countryCode=us&store=tmsstore&filters=(class:(pm_series_value%5E1.5%20OR%20pm_name_value%20OR%20pm_number_value)%20AND%20contenttype:Product%20AND%20historicalwebsupportflag:(no))&clientId=WCC"  	[MsgId: MERR-26608]
Warning: Iteration pacing cannot be reached (pace time = 4.45, actual time = 29.20).	[MsgId: MWAR-15995]
Warning: Iteration pacing cannot be reached (pace time = 4.16, actual time = 23.66).	[MsgId: MWAR-15995]
Warning: Iteration pacing cannot be reached (pace time = 3.69, actual time = 27.58).	[MsgId: MWAR-15995]
Warning: Iteration pacing cannot be reached (pace time = 3.86, actual time = 26.87).	[MsgId: MWAR-15995]
Warning: Iteration pacing cannot be reached (pace time = 4.12, actual time = 19.38).	[MsgId: MWAR-15995]
Warning: Iteration pacing cannot be reached (pace time = 4.10, actual time = 19.39).	[MsgId: MWAR-15995]
Warning: Iteration pacing cannot be reached (pace time = 4.38, actual time = 17.51).	[MsgId: MWAR-15995]
Warning: Iteration pacing cannot be reached (pace time = 3.53, actual time = 22.04).	[MsgId: MWAR-15995]
Warning: Iteration pacing cannot be reached (pace time = 4.19, actual time = 22.70).	[MsgId: MWAR-15995]
Warning: Iteration pacing cannot be reached (pace time = 4.33, actual time = 17.94).	[MsgId: MWAR-15995]
Warning: Iteration pacing cannot be reached (pace time = 4.34, actual time = 4.79).	[MsgId: MWAR-15995]
Warning: Iteration pacing cannot be reached (pace time = 3.97, actual time = 13.00).	[MsgId: MWAR-15995]
Warning: Iteration pacing cannot be reached (pace time = 3.68, actual time = 10.43).	[MsgId: MWAR-15995]
Warning: Iteration pacing cannot be reached (pace time = 3.73, actual time = 20.24).	[MsgId: MWAR-15995]
Warning: Iteration pacing cannot be reached (pace time = 3.64, actual time = 11.85).	[MsgId: MWAR-15995]
Warning: Iteration pacing cannot be reached (pace time = 4.41, actual time = 17.81).	[MsgId: MWAR-15995]
Warning: Iteration pacing cannot be reached (pace time = 3.70, actual time = 17.43).	[MsgId: MWAR-15995]
Warning: Iteration pacing cannot be reached (pace time = 3.58, actual time = 18.48).	[MsgId: MWAR-15995]
Warning: Iteration pacing cannot be reached (pace time = 3.68, actual time = 10.26).	[MsgId: MWAR-15995]
Warning: Iteration pacing cannot be reached (pace time = 3.71, actual time = 11.70).	[MsgId: MWAR-15995]
Warning: Iteration pacing cannot be reached (pace time = 4.18, actual time = 8.70).	[MsgId: MWAR-15995]
Warning: Iteration pacing cannot be reached (pace time = 4.44, actual time = 8.46).	[MsgId: MWAR-15995]
Warning: Iteration pacing cannot be reached (pace time = 4.44, actual time = 9.42).	[MsgId: MWAR-15995]
Warning: Iteration pacing cannot be reached (pace time = 4.24, actual time = 6.65).	[MsgId: MWAR-15995]
Warning: Iteration pacing cannot be reached (pace time = 4.21, actual time = 9.58).	[MsgId: MWAR-15995]
Warning: Iteration pacing cannot be reached (pace time = 3.92, actual time = 6.94).	[MsgId: MWAR-15995]
Warning: Iteration pacing cannot be reached (pace time = 3.98, actual time = 4.21).	[MsgId: MWAR-15995]
Warning: Iteration pacing cannot be reached (pace time = 4.26, actual time = 17.11).	[MsgId: MWAR-15995]
