Warning: Iteration pacing cannot be reached (pace time = 4.35, actual time = 9.32).	[MsgId: MWAR-15995]
Warning: Iteration pacing cannot be reached (pace time = 4.35, actual time = 4.57).	[MsgId: MWAR-15995]
Warning: Iteration pacing cannot be reached (pace time = 4.35, actual time = 5.01).	[MsgId: MWAR-15995]
Warning: Iteration pacing cannot be reached (pace time = 4.35, actual time = 4.92).	[MsgId: MWAR-15995]
Warning: Iteration pacing cannot be reached (pace time = 4.35, actual time = 5.42).	[MsgId: MWAR-15995]
Warning: Iteration pacing cannot be reached (pace time = 4.35, actual time = 7.65).	[MsgId: MWAR-15995]
Warning: Iteration pacing cannot be reached (pace time = 4.35, actual time = 4.37).	[MsgId: MWAR-15995]
Warning: Iteration pacing cannot be reached (pace time = 4.35, actual time = 5.48).	[MsgId: MWAR-15995]
Warning: Iteration pacing cannot be reached (pace time = 4.35, actual time = 4.48).	[MsgId: MWAR-15995]
Warning: Iteration pacing cannot be reached (pace time = 4.35, actual time = 6.36).	[MsgId: MWAR-15995]
Warning: Iteration pacing cannot be reached (pace time = 4.35, actual time = 9.38).	[MsgId: MWAR-15995]
Warning: Iteration pacing cannot be reached (pace time = 4.35, actual time = 9.36).	[MsgId: MWAR-15995]
Warning: Iteration pacing cannot be reached (pace time = 4.35, actual time = 5.51).	[MsgId: MWAR-15995]
Warning: Iteration pacing cannot be reached (pace time = 4.35, actual time = 4.42).	[MsgId: MWAR-15995]
Warning: Iteration pacing cannot be reached (pace time = 4.35, actual time = 7.43).	[MsgId: MWAR-15995]
Warning: Iteration pacing cannot be reached (pace time = 4.35, actual time = 9.35).	[MsgId: MWAR-15995]
Warning: Iteration pacing cannot be reached (pace time = 4.35, actual time = 4.37).	[MsgId: MWAR-15995]
Warning: Iteration pacing cannot be reached (pace time = 4.35, actual time = 6.38).	[MsgId: MWAR-15995]
Warning: Iteration pacing cannot be reached (pace time = 4.35, actual time = 5.47).	[MsgId: MWAR-15995]
Warning: Iteration pacing cannot be reached (pace time = 4.35, actual time = 6.48).	[MsgId: MWAR-15995]
Warning: Iteration pacing cannot be reached (pace time = 4.35, actual time = 5.12).	[MsgId: MWAR-15995]
Warning: Iteration pacing cannot be reached (pace time = 4.35, actual time = 9.30).	[MsgId: MWAR-15995]
Warning: Iteration pacing cannot be reached (pace time = 4.35, actual time = 4.45).	[MsgId: MWAR-15995]
Warning: Iteration pacing cannot be reached (pace time = 4.35, actual time = 6.37).	[MsgId: MWAR-15995]
Warning: Iteration pacing cannot be reached (pace time = 4.35, actual time = 4.58).	[MsgId: MWAR-15995]
Warning: Iteration pacing cannot be reached (pace time = 4.35, actual time = 6.57).	[MsgId: MWAR-15995]
Warning: Iteration pacing cannot be reached (pace time = 4.35, actual time = 5.44).	[MsgId: MWAR-15995]
Warning: Iteration pacing cannot be reached (pace time = 4.35, actual time = 4.39).	[MsgId: MWAR-15995]
Warning: Iteration pacing cannot be reached (pace time = 4.35, actual time = 4.43).	[MsgId: MWAR-15995]
Warning: Iteration pacing cannot be reached (pace time = 4.35, actual time = 5.35).	[MsgId: MWAR-15995]
Warning: Iteration pacing cannot be reached (pace time = 4.35, actual time = 4.55).	[MsgId: MWAR-15995]
Warning: Iteration pacing cannot be reached (pace time = 4.35, actual time = 4.57).	[MsgId: MWAR-15995]
Warning: Iteration pacing cannot be reached (pace time = 4.35, actual time = 4.43).	[MsgId: MWAR-15995]
Warning: Iteration pacing cannot be reached (pace time = 4.35, actual time = 5.33).	[MsgId: MWAR-15995]
Warning: Iteration pacing cannot be reached (pace time = 4.35, actual time = 5.53).	[MsgId: MWAR-15995]
Warning: Iteration pacing cannot be reached (pace time = 4.35, actual time = 7.58).	[MsgId: MWAR-15995]
Warning: Iteration pacing cannot be reached (pace time = 4.35, actual time = 4.41).	[MsgId: MWAR-15995]
Warning: Iteration pacing cannot be reached (pace time = 4.35, actual time = 4.65).	[MsgId: MWAR-15995]
Warning: Iteration pacing cannot be reached (pace time = 4.35, actual time = 4.35).	[MsgId: MWAR-15995]
Warning: Iteration pacing cannot be reached (pace time = 4.35, actual time = 9.67).	[MsgId: MWAR-15995]
Warning: Iteration pacing cannot be reached (pace time = 4.35, actual time = 4.40).	[MsgId: MWAR-15995]
Warning: Iteration pacing cannot be reached (pace time = 4.35, actual time = 5.36).	[MsgId: MWAR-15995]
Warning: Iteration pacing cannot be reached (pace time = 4.35, actual time = 5.64).	[MsgId: MWAR-15995]
Warning: Iteration pacing cannot be reached (pace time = 4.35, actual time = 4.59).	[MsgId: MWAR-15995]
Warning: Iteration pacing cannot be reached (pace time = 4.35, actual time = 4.40).	[MsgId: MWAR-15995]
Warning: Iteration pacing cannot be reached (pace time = 4.35, actual time = 9.59).	[MsgId: MWAR-15995]
Warning: Iteration pacing cannot be reached (pace time = 4.35, actual time = 5.58).	[MsgId: MWAR-15995]
Warning: Iteration pacing cannot be reached (pace time = 4.35, actual time = 6.29).	[MsgId: MWAR-15995]
Warning: Iteration pacing cannot be reached (pace time = 4.35, actual time = 4.39).	[MsgId: MWAR-15995]
Warning: Iteration pacing cannot be reached (pace time = 4.35, actual time = 6.37).	[MsgId: MWAR-15995]
Warning: Iteration pacing cannot be reached (pace time = 4.35, actual time = 6.95).	[MsgId: MWAR-15995]
Warning: Iteration pacing cannot be reached (pace time = 4.35, actual time = 4.55).	[MsgId: MWAR-15995]
Warning: Iteration pacing cannot be reached (pace time = 4.35, actual time = 7.19).	[MsgId: MWAR-15995]
Warning: Iteration pacing cannot be reached (pace time = 4.35, actual time = 4.39).	[MsgId: MWAR-15995]
Warning: Iteration pacing cannot be reached (pace time = 4.35, actual time = 4.97).	[MsgId: MWAR-15995]
Warning: Iteration pacing cannot be reached (pace time = 4.35, actual time = 4.44).	[MsgId: MWAR-15995]
Warning: Iteration pacing cannot be reached (pace time = 4.35, actual time = 5.33).	[MsgId: MWAR-15995]
Warning: Iteration pacing cannot be reached (pace time = 4.35, actual time = 8.40).	[MsgId: MWAR-15995]
Warning: Iteration pacing cannot be reached (pace time = 4.35, actual time = 4.49).	[MsgId: MWAR-15995]
Warning: Iteration pacing cannot be reached (pace time = 4.35, actual time = 11.48).	[MsgId: MWAR-15995]
Warning: Iteration pacing cannot be reached (pace time = 4.35, actual time = 5.04).	[MsgId: MWAR-15995]
Warning: Iteration pacing cannot be reached (pace time = 4.35, actual time = 4.36).	[MsgId: MWAR-15995]
Warning: Iteration pacing cannot be reached (pace time = 4.35, actual time = 5.34).	[MsgId: MWAR-15995]
Warning: Iteration pacing cannot be reached (pace time = 4.35, actual time = 6.11).	[MsgId: MWAR-15995]
Warning: Iteration pacing cannot be reached (pace time = 4.35, actual time = 4.74).	[MsgId: MWAR-15995]
Warning: Iteration pacing cannot be reached (pace time = 4.35, actual time = 5.50).	[MsgId: MWAR-15995]
Warning: Iteration pacing cannot be reached (pace time = 4.35, actual time = 5.60).	[MsgId: MWAR-15995]
Warning: Iteration pacing cannot be reached (pace time = 4.35, actual time = 9.35).	[MsgId: MWAR-15995]
Warning: Iteration pacing cannot be reached (pace time = 4.35, actual time = 6.50).	[MsgId: MWAR-15995]
Warning: Iteration pacing cannot be reached (pace time = 4.35, actual time = 5.02).	[MsgId: MWAR-15995]
Warning: Iteration pacing cannot be reached (pace time = 4.35, actual time = 4.41).	[MsgId: MWAR-15995]
Warning: Iteration pacing cannot be reached (pace time = 4.35, actual time = 5.30).	[MsgId: MWAR-15995]
Warning: Iteration pacing cannot be reached (pace time = 4.35, actual time = 4.37).	[MsgId: MWAR-15995]
Warning: Iteration pacing cannot be reached (pace time = 4.35, actual time = 4.45).	[MsgId: MWAR-15995]
Warning: Iteration pacing cannot be reached (pace time = 4.35, actual time = 6.35).	[MsgId: MWAR-15995]
Warning: Iteration pacing cannot be reached (pace time = 4.35, actual time = 4.44).	[MsgId: MWAR-15995]
Warning: Iteration pacing cannot be reached (pace time = 4.35, actual time = 4.47).	[MsgId: MWAR-15995]
Warning: Iteration pacing cannot be reached (pace time = 4.35, actual time = 6.37).	[MsgId: MWAR-15995]
Warning: Iteration pacing cannot be reached (pace time = 4.35, actual time = 6.92).	[MsgId: MWAR-15995]
Warning: Iteration pacing cannot be reached (pace time = 4.35, actual time = 5.41).	[MsgId: MWAR-15995]
Warning: Iteration pacing cannot be reached (pace time = 4.35, actual time = 5.41).	[MsgId: MWAR-15995]
Warning: Iteration pacing cannot be reached (pace time = 4.35, actual time = 4.47).	[MsgId: MWAR-15995]
Warning: Iteration pacing cannot be reached (pace time = 4.35, actual time = 4.47).	[MsgId: MWAR-15995]
Warning: Iteration pacing cannot be reached (pace time = 4.35, actual time = 4.43).	[MsgId: MWAR-15995]
Warning: Iteration pacing cannot be reached (pace time = 4.35, actual time = 4.39).	[MsgId: MWAR-15995]
Warning: Iteration pacing cannot be reached (pace time = 4.35, actual time = 5.37).	[MsgId: MWAR-15995]
Warning: Iteration pacing cannot be reached (pace time = 4.35, actual time = 4.44).	[MsgId: MWAR-15995]
Warning: Iteration pacing cannot be reached (pace time = 4.35, actual time = 8.07).	[MsgId: MWAR-15995]
Warning: Iteration pacing cannot be reached (pace time = 4.35, actual time = 7.61).	[MsgId: MWAR-15995]
Warning: Iteration pacing cannot be reached (pace time = 4.35, actual time = 4.63).	[MsgId: MWAR-15995]
Warning: Iteration pacing cannot be reached (pace time = 4.35, actual time = 6.51).	[MsgId: MWAR-15995]
Warning: Iteration pacing cannot be reached (pace time = 4.35, actual time = 10.66).	[MsgId: MWAR-15995]
Warning: Iteration pacing cannot be reached (pace time = 4.35, actual time = 7.50).	[MsgId: MWAR-15995]
Warning: Iteration pacing cannot be reached (pace time = 4.35, actual time = 6.63).	[MsgId: MWAR-15995]
Warning: Iteration pacing cannot be reached (pace time = 4.35, actual time = 6.09).	[MsgId: MWAR-15995]
Warning: Iteration pacing cannot be reached (pace time = 4.35, actual time = 4.38).	[MsgId: MWAR-15995]
Warning: Iteration pacing cannot be reached (pace time = 4.35, actual time = 9.77).	[MsgId: MWAR-15995]
Warning: Iteration pacing cannot be reached (pace time = 4.35, actual time = 6.62).	[MsgId: MWAR-15995]
Warning: Iteration pacing cannot be reached (pace time = 4.35, actual time = 4.47).	[MsgId: MWAR-15995]
Warning: Iteration pacing cannot be reached (pace time = 4.35, actual time = 4.42).	[MsgId: MWAR-15995]
Warning: Iteration pacing cannot be reached (pace time = 4.35, actual time = 4.36).	[MsgId: MWAR-15995]
Warning: Iteration pacing cannot be reached (pace time = 4.35, actual time = 6.41).	[MsgId: MWAR-15995]
Warning: Iteration pacing cannot be reached (pace time = 4.35, actual time = 5.54).	[MsgId: MWAR-15995]
Warning: Iteration pacing cannot be reached (pace time = 4.35, actual time = 5.05).	[MsgId: MWAR-15995]
Warning: Iteration pacing cannot be reached (pace time = 4.35, actual time = 5.29).	[MsgId: MWAR-15995]
Warning: Iteration pacing cannot be reached (pace time = 4.35, actual time = 4.45).	[MsgId: MWAR-15995]
Warning: Iteration pacing cannot be reached (pace time = 4.35, actual time = 4.38).	[MsgId: MWAR-15995]
Warning: Iteration pacing cannot be reached (pace time = 4.35, actual time = 6.42).	[MsgId: MWAR-15995]
Warning: Iteration pacing cannot be reached (pace time = 4.35, actual time = 7.46).	[MsgId: MWAR-15995]
Warning: Iteration pacing cannot be reached (pace time = 4.35, actual time = 4.42).	[MsgId: MWAR-15995]
Warning: Iteration pacing cannot be reached (pace time = 4.35, actual time = 4.55).	[MsgId: MWAR-15995]
Warning: Iteration pacing cannot be reached (pace time = 4.35, actual time = 5.37).	[MsgId: MWAR-15995]
Warning: Iteration pacing cannot be reached (pace time = 4.35, actual time = 7.38).	[MsgId: MWAR-15995]
Warning: Iteration pacing cannot be reached (pace time = 4.35, actual time = 5.34).	[MsgId: MWAR-15995]
Warning: Iteration pacing cannot be reached (pace time = 4.35, actual time = 4.36).	[MsgId: MWAR-15995]
Warning: Iteration pacing cannot be reached (pace time = 4.35, actual time = 4.46).	[MsgId: MWAR-15995]
Warning: Iteration pacing cannot be reached (pace time = 4.35, actual time = 5.41).	[MsgId: MWAR-15995]
Warning: Iteration pacing cannot be reached (pace time = 4.35, actual time = 4.37).	[MsgId: MWAR-15995]
Warning: Iteration pacing cannot be reached (pace time = 4.35, actual time = 7.09).	[MsgId: MWAR-15995]
Warning: Iteration pacing cannot be reached (pace time = 4.35, actual time = 4.39).	[MsgId: MWAR-15995]
Warning: Iteration pacing cannot be reached (pace time = 4.35, actual time = 4.64).	[MsgId: MWAR-15995]
Warning: Iteration pacing cannot be reached (pace time = 4.35, actual time = 8.73).	[MsgId: MWAR-15995]
kaas_DocSearchHPES_FindMyProduct.c(10): Error -27760: Request "https://hx9ekpvvbi.execute-api.us-east-1.amazonaws.com/KaaS-ITG/v2/search?q=Compaq Evo Desktop&resultLimit=20&resultStart=0&languageCode=en&countryCode=us&store=tmsstore&filters=(class:(pm_series_value%5E1.5%20OR%20pm_name_value%20OR%20pm_number_value)%20AND%20contenttype:Product%20AND%20historicalwebsupportflag:(no))&clientId=WCC" failed  	[MsgId: MERR-27760]
kaas_DocSearchHPES_FindMyProduct.c(10): Error -27760: Request "https://hx9ekpvvbi.execute-api.us-east-1.amazonaws.com/KaaS-ITG/v2/search?q=Printer te&resultLimit=20&resultStart=0&languageCode=en&countryCode=us&store=tmsstore&filters=(class:(pm_series_value%5E1.5%20OR%20pm_name_value%20OR%20pm_number_value)%20AND%20contenttype:Product%20AND%20historicalwebsupportflag:(no))&clientId=WCC" failed  	[MsgId: MERR-27760]
kaas_DocSearchHPES_FindMyProduct_200.c(11): Error -27760: Request "https://hx9ekpvvbi.execute-api.us-east-1.amazonaws.com/KaaS-ITG/v2/search?q=HP ENVY All-in-One Desktops&resultLimit=200&resultStart=0&languageCode=en&countryCode=us&store=tmsstore&filters=(class:(pm_series_value%5E1.5%20OR%20pm_name_value%20OR%20pm_number_value)%20AND%20contenttype:Product%20AND%20historicalwebsupportflag:(no))&clientId=WCC" failed  	[MsgId: MERR-27760]
kaas_DocSearchHPES_FindMyProduct.c(10): Error -27760: Request "https://hx9ekpvvbi.execute-api.us-east-1.amazonaws.com/KaaS-ITG/v2/search?q=HP Pavilion All-in-One Desktops&resultLimit=20&resultStart=0&languageCode=en&countryCode=us&store=tmsstore&filters=(class:(pm_series_value%5E1.5%20OR%20pm_name_value%20OR%20pm_number_value)%20AND%20contenttype:Product%20AND%20historicalwebsupportflag:(no))&clientId=WCC" failed  	[MsgId: MERR-27760]
kaas_DocSearchHPES_FindMyProduct_200.c(11): Error -27760: Request "https://hx9ekpvvbi.execute-api.us-east-1.amazonaws.com/KaaS-ITG/v2/search?q=deskjet D268&resultLimit=200&resultStart=0&languageCode=en&countryCode=us&store=tmsstore&filters=(class:(pm_series_value%5E1.5%20OR%20pm_name_value%20OR%20pm_number_value)%20AND%20contenttype:Product%20AND%20historicalwebsupportflag:(no))&clientId=WCC" failed  	[MsgId: MERR-27760]
kaas_DocSearchHPES_FindMyProduct_200.c(11): Error -27760: Request "https://hx9ekpvvbi.execute-api.us-east-1.amazonaws.com/KaaS-ITG/v2/search?q=5500&resultLimit=200&resultStart=0&languageCode=en&countryCode=us&store=tmsstore&filters=(class:(pm_series_value%5E1.5%20OR%20pm_name_value%20OR%20pm_number_value)%20AND%20contenttype:Product%20AND%20historicalwebsupportflag:(no))&clientId=WCC" failed  	[MsgId: MERR-27760]
kaas_DocSearchHPES_FindMyProduct.c(10): Error -27760: Request "https://hx9ekpvvbi.execute-api.us-east-1.amazonaws.com/KaaS-ITG/v2/search?q=HP Photosmart Printer Models B1000 to B9999&resultLimit=20&resultStart=0&languageCode=en&countryCode=us&store=tmsstore&filters=(class:(pm_series_value%5E1.5%20OR%20pm_name_value%20OR%20pm_number_value)%20AND%20contenttype:Product%20AND%20historicalwebsupportflag:(no))&clientId=WCC" failed  	[MsgId: MERR-27760]
kaas_DocSearchHPES_FindMyProduct.c(10): Error -27760: Request "https://hx9ekpvvbi.execute-api.us-east-1.amazonaws.com/KaaS-ITG/v2/search?q=presario cq&resultLimit=20&resultStart=0&languageCode=en&countryCode=us&store=tmsstore&filters=(class:(pm_series_value%5E1.5%20OR%20pm_name_value%20OR%20pm_number_value)%20AND%20contenttype:Product%20AND%20historicalwebsupportflag:(no))&clientId=WCC" failed  	[MsgId: MERR-27760]
kaas_DocSearchHPES_FindMyProduct.c(10): Error -27760: Request "https://hx9ekpvvbi.execute-api.us-east-1.amazonaws.com/KaaS-ITG/v2/search?q=HP Pavilion Desktop Models 100 to 999&resultLimit=20&resultStart=0&languageCode=en&countryCode=us&store=tmsstore&filters=(class:(pm_series_value%5E1.5%20OR%20pm_name_value%20OR%20pm_number_value)%20AND%20contenttype:Product%20AND%20historicalwebsupportflag:(no))&clientId=WCC" failed  	[MsgId: MERR-27760]
kaas_DocSearchHPES_FindMyProduct.c(10): Error -27760: Request "https://hx9ekpvvbi.execute-api.us-east-1.amazonaws.com/KaaS-ITG/v2/search?q=HP Photosmart Printer Models B010 to B999&resultLimit=20&resultStart=0&languageCode=en&countryCode=us&store=tmsstore&filters=(class:(pm_series_value%5E1.5%20OR%20pm_name_value%20OR%20pm_number_value)%20AND%20contenttype:Product%20AND%20historicalwebsupportflag:(no))&clientId=WCC" failed  	[MsgId: MERR-27760]
kaas_DocSearchHPES_FindMyProduct.c(10): Error -27760: Request "https://hx9ekpvvbi.execute-api.us-east-1.amazonaws.com/KaaS-ITG/v2/search?q=HP Pavilion All-in-One Desktops&resultLimit=20&resultStart=0&languageCode=en&countryCode=us&store=tmsstore&filters=(class:(pm_series_value%5E1.5%20OR%20pm_name_value%20OR%20pm_number_value)%20AND%20contenttype:Product%20AND%20historicalwebsupportflag:(no))&clientId=WCC" failed  	[MsgId: MERR-27760]
