Warning: Iteration pacing cannot be reached (pace time = 2.41, actual time = 8.19).	[MsgId: MWAR-15995]
Warning: Iteration pacing cannot be reached (pace time = 2.22, actual time = 8.89).	[MsgId: MWAR-15995]
Warning: Iteration pacing cannot be reached (pace time = 2.44, actual time = 4.26).	[MsgId: MWAR-15995]
Warning: Iteration pacing cannot be reached (pace time = 2.88, actual time = 3.18).	[MsgId: MWAR-15995]
Warning: Iteration pacing cannot be reached (pace time = 2.00, actual time = 4.43).	[MsgId: MWAR-15995]
Warning: Iteration pacing cannot be reached (pace time = 2.74, actual time = 2.89).	[MsgId: MWAR-15995]
Warning: Iteration pacing cannot be reached (pace time = 2.69, actual time = 15.13).	[MsgId: MWAR-15995]
Warning: Iteration pacing cannot be reached (pace time = 2.44, actual time = 24.66).	[MsgId: MWAR-15995]
Warning: Iteration pacing cannot be reached (pace time = 2.14, actual time = 3.96).	[MsgId: MWAR-15995]
Warning: Iteration pacing cannot be reached (pace time = 2.57, actual time = 3.77).	[MsgId: MWAR-15995]
Warning: Iteration pacing cannot be reached (pace time = 2.35, actual time = 5.53).	[MsgId: MWAR-15995]
Warning: Iteration pacing cannot be reached (pace time = 2.75, actual time = 4.64).	[MsgId: MWAR-15995]
Warning: Iteration pacing cannot be reached (pace time = 2.73, actual time = 10.38).	[MsgId: MWAR-15995]
Warning: Iteration pacing cannot be reached (pace time = 2.02, actual time = 9.08).	[MsgId: MWAR-15995]
Warning: Iteration pacing cannot be reached (pace time = 2.90, actual time = 15.40).	[MsgId: MWAR-15995]
Warning: Iteration pacing cannot be reached (pace time = 2.40, actual time = 12.49).	[MsgId: MWAR-15995]
Warning: Iteration pacing cannot be reached (pace time = 2.61, actual time = 18.17).	[MsgId: MWAR-15995]
Warning: Iteration pacing cannot be reached (pace time = 2.23, actual time = 19.67).	[MsgId: MWAR-15995]
Warning: Iteration pacing cannot be reached (pace time = 2.69, actual time = 17.74).	[MsgId: MWAR-15995]
Warning: Iteration pacing cannot be reached (pace time = 2.09, actual time = 16.60).	[MsgId: MWAR-15995]
Warning: Iteration pacing cannot be reached (pace time = 2.42, actual time = 9.86).	[MsgId: MWAR-15995]
Warning: Iteration pacing cannot be reached (pace time = 2.73, actual time = 4.73).	[MsgId: MWAR-15995]
Warning: Iteration pacing cannot be reached (pace time = 2.98, actual time = 11.02).	[MsgId: MWAR-15995]
Warning: Iteration pacing cannot be reached (pace time = 2.20, actual time = 28.57).	[MsgId: MWAR-15995]
Warning: Iteration pacing cannot be reached (pace time = 2.15, actual time = 17.91).	[MsgId: MWAR-15995]
Warning: Iteration pacing cannot be reached (pace time = 2.63, actual time = 23.88).	[MsgId: MWAR-15995]
Warning: Iteration pacing cannot be reached (pace time = 2.67, actual time = 17.32).	[MsgId: MWAR-15995]
Warning: Iteration pacing cannot be reached (pace time = 2.66, actual time = 10.31).	[MsgId: MWAR-15995]
Warning: Iteration pacing cannot be reached (pace time = 2.56, actual time = 22.62).	[MsgId: MWAR-15995]
Warning: Iteration pacing cannot be reached (pace time = 2.82, actual time = 3.86).	[MsgId: MWAR-15995]
Warning: Iteration pacing cannot be reached (pace time = 2.81, actual time = 3.47).	[MsgId: MWAR-15995]
Warning: Iteration pacing cannot be reached (pace time = 2.43, actual time = 7.01).	[MsgId: MWAR-15995]
Warning: Iteration pacing cannot be reached (pace time = 2.10, actual time = 2.27).	[MsgId: MWAR-15995]
Warning: Iteration pacing cannot be reached (pace time = 2.45, actual time = 10.27).	[MsgId: MWAR-15995]
Warning: Iteration pacing cannot be reached (pace time = 2.47, actual time = 8.90).	[MsgId: MWAR-15995]
Warning: Iteration pacing cannot be reached (pace time = 2.54, actual time = 8.99).	[MsgId: MWAR-15995]
Warning: Iteration pacing cannot be reached (pace time = 2.37, actual time = 3.87).	[MsgId: MWAR-15995]
Warning: Iteration pacing cannot be reached (pace time = 2.52, actual time = 5.42).	[MsgId: MWAR-15995]
Warning: Iteration pacing cannot be reached (pace time = 2.87, actual time = 4.93).	[MsgId: MWAR-15995]
Warning: Iteration pacing cannot be reached (pace time = 2.16, actual time = 11.15).	[MsgId: MWAR-15995]
Warning: Iteration pacing cannot be reached (pace time = 2.07, actual time = 22.17).	[MsgId: MWAR-15995]
Warning: Iteration pacing cannot be reached (pace time = 2.38, actual time = 20.91).	[MsgId: MWAR-15995]
kaas_DocSearchHPES_FindMyProduct_200.c(8): Error -26608: HTTP Status-Code=504 (Gateway Timeout) for "https://hx9ekpvvbi.execute-api.us-east-1.amazonaws.com/KaaS-ITG/v2/search?q=HP Compaq Notebook&resultLimit=200&resultStart=0&languageCode=en&countryCode=us&store=tmsstore&filters=(class:(pm_series_value%5E1.5%20OR%20pm_name_value%20OR%20pm_number_value)%20AND%20contenttype:Product%20AND%20historicalwebsupportflag:(no))&clientId=WCC"  	[MsgId: MERR-26608]
Warning: Iteration pacing cannot be reached (pace time = 2.13, actual time = 29.05).	[MsgId: MWAR-15995]
Warning: Iteration pacing cannot be reached (pace time = 2.59, actual time = 18.42).	[MsgId: MWAR-15995]
Warning: Iteration pacing cannot be reached (pace time = 2.21, actual time = 4.30).	[MsgId: MWAR-15995]
Warning: Iteration pacing cannot be reached (pace time = 2.89, actual time = 7.60).	[MsgId: MWAR-15995]
kaas_DocSearchHPES_FindMyProduct.c(8): Error -26608: HTTP Status-Code=504 (Gateway Timeout) for "https://hx9ekpvvbi.execute-api.us-east-1.amazonaws.com/KaaS-ITG/v2/search?q=HP Pavilion Desktop Models 1000 to 6999&resultLimit=20&resultStart=0&languageCode=en&countryCode=us&store=tmsstore&filters=(class:(pm_series_value%5E1.5%20OR%20pm_name_value%20OR%20pm_number_value)%20AND%20contenttype:Product%20AND%20historicalwebsupportflag:(no))&clientId=WCC"  	[MsgId: MERR-26608]
Warning: Iteration pacing cannot be reached (pace time = 2.61, actual time = 29.04).	[MsgId: MWAR-15995]
kaas_DocSearchHPES_FindMyProduct_200.c(8): Error -26608: HTTP Status-Code=504 (Gateway Timeout) for "https://hx9ekpvvbi.execute-api.us-east-1.amazonaws.com/KaaS-ITG/v2/search?q=HP Compaq Notebook&resultLimit=200&resultStart=0&languageCode=en&countryCode=us&store=tmsstore&filters=(class:(pm_series_value%5E1.5%20OR%20pm_name_value%20OR%20pm_number_value)%20AND%20contenttype:Product%20AND%20historicalwebsupportflag:(no))&clientId=WCC"  	[MsgId: MERR-26608]
Warning: Iteration pacing cannot be reached (pace time = 2.64, actual time = 29.04).	[MsgId: MWAR-15995]
kaas_DocSearchHPES_FindMyProduct.c(8): Error -26608: HTTP Status-Code=504 (Gateway Timeout) for "https://hx9ekpvvbi.execute-api.us-east-1.amazonaws.com/KaaS-ITG/v2/search?q=HP Deskjet Printer Models J100 to J999&resultLimit=20&resultStart=0&languageCode=en&countryCode=us&store=tmsstore&filters=(class:(pm_series_value%5E1.5%20OR%20pm_name_value%20OR%20pm_number_value)%20AND%20contenttype:Product%20AND%20historicalwebsupportflag:(no))&clientId=WCC"  	[MsgId: MERR-26608]
Warning: Iteration pacing cannot be reached (pace time = 2.13, actual time = 29.04).	[MsgId: MWAR-15995]
Warning: Iteration pacing cannot be reached (pace time = 2.77, actual time = 19.41).	[MsgId: MWAR-15995]
kaas_DocSearchHPES_FindMyProduct.c(8): Error -26608: HTTP Status-Code=504 (Gateway Timeout) for "https://hx9ekpvvbi.execute-api.us-east-1.amazonaws.com/KaaS-ITG/v2/search?q=Compaq Gaming Desktops&resultLimit=20&resultStart=0&languageCode=en&countryCode=us&store=tmsstore&filters=(class:(pm_series_value%5E1.5%20OR%20pm_name_value%20OR%20pm_number_value)%20AND%20contenttype:Product%20AND%20historicalwebsupportflag:(no))&clientId=WCC"  	[MsgId: MERR-26608]
Warning: Iteration pacing cannot be reached (pace time = 2.47, actual time = 29.04).	[MsgId: MWAR-15995]
Warning: Iteration pacing cannot be reached (pace time = 2.08, actual time = 3.64).	[MsgId: MWAR-15995]
Warning: Iteration pacing cannot be reached (pace time = 2.39, actual time = 14.98).	[MsgId: MWAR-15995]
Warning: Iteration pacing cannot be reached (pace time = 2.23, actual time = 15.33).	[MsgId: MWAR-15995]
Warning: Iteration pacing cannot be reached (pace time = 2.35, actual time = 14.71).	[MsgId: MWAR-15995]
Warning: Iteration pacing cannot be reached (pace time = 2.25, actual time = 21.81).	[MsgId: MWAR-15995]
Warning: Iteration pacing cannot be reached (pace time = 2.28, actual time = 9.03).	[MsgId: MWAR-15995]
Warning: Iteration pacing cannot be reached (pace time = 2.22, actual time = 24.92).	[MsgId: MWAR-15995]
Warning: Iteration pacing cannot be reached (pace time = 2.76, actual time = 5.19).	[MsgId: MWAR-15995]
Warning: Iteration pacing cannot be reached (pace time = 2.65, actual time = 4.87).	[MsgId: MWAR-15995]
Warning: Iteration pacing cannot be reached (pace time = 2.90, actual time = 7.02).	[MsgId: MWAR-15995]
Warning: Iteration pacing cannot be reached (pace time = 2.32, actual time = 3.80).	[MsgId: MWAR-15995]
Warning: Iteration pacing cannot be reached (pace time = 2.02, actual time = 2.84).	[MsgId: MWAR-15995]
Warning: Iteration pacing cannot be reached (pace time = 2.87, actual time = 3.43).	[MsgId: MWAR-15995]
Warning: Iteration pacing cannot be reached (pace time = 2.28, actual time = 2.55).	[MsgId: MWAR-15995]
