Warning: Iteration pacing cannot be reached (pace time = 2.64, actual time = 5.63).	[MsgId: MWAR-15995]
Warning: Iteration pacing cannot be reached (pace time = 2.47, actual time = 4.64).	[MsgId: MWAR-15995]
Warning: Iteration pacing cannot be reached (pace time = 2.12, actual time = 4.97).	[MsgId: MWAR-15995]
Warning: Iteration pacing cannot be reached (pace time = 2.19, actual time = 5.88).	[MsgId: MWAR-15995]
Warning: Iteration pacing cannot be reached (pace time = 2.65, actual time = 8.61).	[MsgId: MWAR-15995]
Warning: Iteration pacing cannot be reached (pace time = 2.02, actual time = 5.89).	[MsgId: MWAR-15995]
Warning: Iteration pacing cannot be reached (pace time = 2.67, actual time = 10.29).	[MsgId: MWAR-15995]
Warning: Iteration pacing cannot be reached (pace time = 2.65, actual time = 9.83).	[MsgId: MWAR-15995]
Warning: Iteration pacing cannot be reached (pace time = 2.35, actual time = 12.90).	[MsgId: MWAR-15995]
Warning: Iteration pacing cannot be reached (pace time = 2.06, actual time = 8.71).	[MsgId: MWAR-15995]
Warning: Iteration pacing cannot be reached (pace time = 2.06, actual time = 9.30).	[MsgId: MWAR-15995]
Warning: Iteration pacing cannot be reached (pace time = 2.11, actual time = 10.56).	[MsgId: MWAR-15995]
Warning: Iteration pacing cannot be reached (pace time = 2.38, actual time = 5.79).	[MsgId: MWAR-15995]
Warning: Iteration pacing cannot be reached (pace time = 2.05, actual time = 7.36).	[MsgId: MWAR-15995]
Warning: Iteration pacing cannot be reached (pace time = 2.23, actual time = 12.86).	[MsgId: MWAR-15995]
Warning: Iteration pacing cannot be reached (pace time = 2.50, actual time = 8.85).	[MsgId: MWAR-15995]
Warning: Iteration pacing cannot be reached (pace time = 2.66, actual time = 10.94).	[MsgId: MWAR-15995]
Warning: Iteration pacing cannot be reached (pace time = 2.85, actual time = 5.88).	[MsgId: MWAR-15995]
Warning: Iteration pacing cannot be reached (pace time = 2.33, actual time = 15.27).	[MsgId: MWAR-15995]
Warning: Iteration pacing cannot be reached (pace time = 2.76, actual time = 15.21).	[MsgId: MWAR-15995]
Warning: Iteration pacing cannot be reached (pace time = 2.02, actual time = 16.80).	[MsgId: MWAR-15995]
Warning: Iteration pacing cannot be reached (pace time = 2.67, actual time = 11.29).	[MsgId: MWAR-15995]
Warning: Iteration pacing cannot be reached (pace time = 2.17, actual time = 15.46).	[MsgId: MWAR-15995]
Warning: Iteration pacing cannot be reached (pace time = 2.55, actual time = 5.90).	[MsgId: MWAR-15995]
Warning: Iteration pacing cannot be reached (pace time = 2.31, actual time = 9.55).	[MsgId: MWAR-15995]
Warning: Iteration pacing cannot be reached (pace time = 2.74, actual time = 24.70).	[MsgId: MWAR-15995]
Warning: Iteration pacing cannot be reached (pace time = 2.75, actual time = 9.41).	[MsgId: MWAR-15995]
Warning: Iteration pacing cannot be reached (pace time = 2.90, actual time = 10.86).	[MsgId: MWAR-15995]
Warning: Iteration pacing cannot be reached (pace time = 2.63, actual time = 6.45).	[MsgId: MWAR-15995]
Warning: Iteration pacing cannot be reached (pace time = 2.67, actual time = 13.36).	[MsgId: MWAR-15995]
Warning: Iteration pacing cannot be reached (pace time = 2.63, actual time = 8.70).	[MsgId: MWAR-15995]
Warning: Iteration pacing cannot be reached (pace time = 2.12, actual time = 9.20).	[MsgId: MWAR-15995]
Warning: Iteration pacing cannot be reached (pace time = 2.85, actual time = 15.42).	[MsgId: MWAR-15995]
Warning: Iteration pacing cannot be reached (pace time = 2.58, actual time = 6.05).	[MsgId: MWAR-15995]
Warning: Iteration pacing cannot be reached (pace time = 2.06, actual time = 8.16).	[MsgId: MWAR-15995]
Warning: Iteration pacing cannot be reached (pace time = 2.18, actual time = 11.87).	[MsgId: MWAR-15995]
Warning: Iteration pacing cannot be reached (pace time = 2.08, actual time = 10.97).	[MsgId: MWAR-15995]
Warning: Iteration pacing cannot be reached (pace time = 2.75, actual time = 3.06).	[MsgId: MWAR-15995]
Warning: Iteration pacing cannot be reached (pace time = 2.78, actual time = 5.92).	[MsgId: MWAR-15995]
Warning: Iteration pacing cannot be reached (pace time = 2.60, actual time = 8.71).	[MsgId: MWAR-15995]
Warning: Iteration pacing cannot be reached (pace time = 2.60, actual time = 26.46).	[MsgId: MWAR-15995]
Warning: Iteration pacing cannot be reached (pace time = 2.36, actual time = 3.45).	[MsgId: MWAR-15995]
Warning: Iteration pacing cannot be reached (pace time = 2.51, actual time = 17.57).	[MsgId: MWAR-15995]
Warning: Iteration pacing cannot be reached (pace time = 2.96, actual time = 26.47).	[MsgId: MWAR-15995]
Warning: Iteration pacing cannot be reached (pace time = 2.60, actual time = 26.44).	[MsgId: MWAR-15995]
Warning: Iteration pacing cannot be reached (pace time = 2.43, actual time = 2.67).	[MsgId: MWAR-15995]
Warning: Iteration pacing cannot be reached (pace time = 2.33, actual time = 2.60).	[MsgId: MWAR-15995]
Warning: Iteration pacing cannot be reached (pace time = 2.17, actual time = 18.43).	[MsgId: MWAR-15995]
Warning: Iteration pacing cannot be reached (pace time = 2.06, actual time = 24.03).	[MsgId: MWAR-15995]
Warning: Iteration pacing cannot be reached (pace time = 2.81, actual time = 7.07).	[MsgId: MWAR-15995]
Warning: Iteration pacing cannot be reached (pace time = 2.52, actual time = 6.74).	[MsgId: MWAR-15995]
Warning: Iteration pacing cannot be reached (pace time = 2.81, actual time = 4.19).	[MsgId: MWAR-15995]
Warning: Iteration pacing cannot be reached (pace time = 2.03, actual time = 3.19).	[MsgId: MWAR-15995]
Warning: Iteration pacing cannot be reached (pace time = 2.38, actual time = 3.73).	[MsgId: MWAR-15995]
Warning: Iteration pacing cannot be reached (pace time = 2.59, actual time = 3.18).	[MsgId: MWAR-15995]
Warning: Iteration pacing cannot be reached (pace time = 2.12, actual time = 3.60).	[MsgId: MWAR-15995]
Warning: Iteration pacing cannot be reached (pace time = 2.42, actual time = 3.29).	[MsgId: MWAR-15995]
Warning: Iteration pacing cannot be reached (pace time = 2.92, actual time = 3.66).	[MsgId: MWAR-15995]
Warning: Iteration pacing cannot be reached (pace time = 2.46, actual time = 3.80).	[MsgId: MWAR-15995]
Warning: Iteration pacing cannot be reached (pace time = 2.17, actual time = 3.23).	[MsgId: MWAR-15995]
Warning: Iteration pacing cannot be reached (pace time = 2.40, actual time = 4.02).	[MsgId: MWAR-15995]
Warning: Iteration pacing cannot be reached (pace time = 2.14, actual time = 3.50).	[MsgId: MWAR-15995]
Warning: Iteration pacing cannot be reached (pace time = 2.69, actual time = 3.90).	[MsgId: MWAR-15995]
Warning: Iteration pacing cannot be reached (pace time = 2.18, actual time = 3.94).	[MsgId: MWAR-15995]
Warning: Iteration pacing cannot be reached (pace time = 2.72, actual time = 3.63).	[MsgId: MWAR-15995]
Warning: Iteration pacing cannot be reached (pace time = 2.61, actual time = 4.18).	[MsgId: MWAR-15995]
Warning: Iteration pacing cannot be reached (pace time = 2.51, actual time = 3.86).	[MsgId: MWAR-15995]
Warning: Iteration pacing cannot be reached (pace time = 2.04, actual time = 2.83).	[MsgId: MWAR-15995]
Warning: Iteration pacing cannot be reached (pace time = 2.48, actual time = 4.11).	[MsgId: MWAR-15995]
Warning: Iteration pacing cannot be reached (pace time = 2.75, actual time = 3.92).	[MsgId: MWAR-15995]
Warning: Iteration pacing cannot be reached (pace time = 2.26, actual time = 2.29).	[MsgId: MWAR-15995]
Warning: Iteration pacing cannot be reached (pace time = 2.04, actual time = 3.21).	[MsgId: MWAR-15995]
Warning: Iteration pacing cannot be reached (pace time = 2.85, actual time = 3.44).	[MsgId: MWAR-15995]
Warning: Iteration pacing cannot be reached (pace time = 2.29, actual time = 2.98).	[MsgId: MWAR-15995]
Warning: Iteration pacing cannot be reached (pace time = 2.23, actual time = 3.06).	[MsgId: MWAR-15995]
Warning: Iteration pacing cannot be reached (pace time = 2.77, actual time = 3.46).	[MsgId: MWAR-15995]
Warning: Iteration pacing cannot be reached (pace time = 2.52, actual time = 4.83).	[MsgId: MWAR-15995]
Warning: Iteration pacing cannot be reached (pace time = 2.75, actual time = 3.26).	[MsgId: MWAR-15995]
Warning: Iteration pacing cannot be reached (pace time = 2.51, actual time = 3.65).	[MsgId: MWAR-15995]
Warning: Iteration pacing cannot be reached (pace time = 2.87, actual time = 2.91).	[MsgId: MWAR-15995]
Warning: Iteration pacing cannot be reached (pace time = 2.90, actual time = 3.08).	[MsgId: MWAR-15995]
Warning: Iteration pacing cannot be reached (pace time = 2.83, actual time = 3.27).	[MsgId: MWAR-15995]
Warning: Iteration pacing cannot be reached (pace time = 2.65, actual time = 4.82).	[MsgId: MWAR-15995]
Warning: Iteration pacing cannot be reached (pace time = 2.20, actual time = 4.97).	[MsgId: MWAR-15995]
Warning: Iteration pacing cannot be reached (pace time = 2.05, actual time = 4.47).	[MsgId: MWAR-15995]
Warning: Iteration pacing cannot be reached (pace time = 2.56, actual time = 4.74).	[MsgId: MWAR-15995]
Warning: Iteration pacing cannot be reached (pace time = 2.29, actual time = 5.17).	[MsgId: MWAR-15995]
Warning: Iteration pacing cannot be reached (pace time = 2.29, actual time = 6.89).	[MsgId: MWAR-15995]
Warning: Iteration pacing cannot be reached (pace time = 2.52, actual time = 8.35).	[MsgId: MWAR-15995]
Warning: Iteration pacing cannot be reached (pace time = 2.43, actual time = 7.03).	[MsgId: MWAR-15995]
Warning: Iteration pacing cannot be reached (pace time = 2.21, actual time = 4.18).	[MsgId: MWAR-15995]
Warning: Iteration pacing cannot be reached (pace time = 2.95, actual time = 4.87).	[MsgId: MWAR-15995]
Warning: Iteration pacing cannot be reached (pace time = 2.63, actual time = 8.82).	[MsgId: MWAR-15995]
Warning: Iteration pacing cannot be reached (pace time = 2.56, actual time = 10.40).	[MsgId: MWAR-15995]
Warning: Iteration pacing cannot be reached (pace time = 2.90, actual time = 8.80).	[MsgId: MWAR-15995]
Warning: Iteration pacing cannot be reached (pace time = 2.31, actual time = 9.55).	[MsgId: MWAR-15995]
Warning: Iteration pacing cannot be reached (pace time = 2.98, actual time = 11.09).	[MsgId: MWAR-15995]
Warning: Iteration pacing cannot be reached (pace time = 2.29, actual time = 12.47).	[MsgId: MWAR-15995]
Warning: Iteration pacing cannot be reached (pace time = 2.23, actual time = 10.77).	[MsgId: MWAR-15995]
Warning: Iteration pacing cannot be reached (pace time = 2.42, actual time = 10.92).	[MsgId: MWAR-15995]
Warning: Iteration pacing cannot be reached (pace time = 2.02, actual time = 12.77).	[MsgId: MWAR-15995]
Warning: Iteration pacing cannot be reached (pace time = 2.91, actual time = 13.38).	[MsgId: MWAR-15995]
Warning: Iteration pacing cannot be reached (pace time = 2.55, actual time = 16.52).	[MsgId: MWAR-15995]
Warning: Iteration pacing cannot be reached (pace time = 2.32, actual time = 8.92).	[MsgId: MWAR-15995]
Warning: Iteration pacing cannot be reached (pace time = 2.23, actual time = 16.52).	[MsgId: MWAR-15995]
Warning: Iteration pacing cannot be reached (pace time = 2.42, actual time = 10.15).	[MsgId: MWAR-15995]
Warning: Iteration pacing cannot be reached (pace time = 2.68, actual time = 11.03).	[MsgId: MWAR-15995]
Warning: Iteration pacing cannot be reached (pace time = 2.22, actual time = 16.23).	[MsgId: MWAR-15995]
Warning: Iteration pacing cannot be reached (pace time = 2.36, actual time = 16.30).	[MsgId: MWAR-15995]
Warning: Iteration pacing cannot be reached (pace time = 2.31, actual time = 10.62).	[MsgId: MWAR-15995]
Warning: Iteration pacing cannot be reached (pace time = 2.00, actual time = 13.73).	[MsgId: MWAR-15995]
Warning: Iteration pacing cannot be reached (pace time = 2.49, actual time = 14.13).	[MsgId: MWAR-15995]
Warning: Iteration pacing cannot be reached (pace time = 2.64, actual time = 15.33).	[MsgId: MWAR-15995]
Warning: Iteration pacing cannot be reached (pace time = 2.58, actual time = 12.59).	[MsgId: MWAR-15995]
Warning: Iteration pacing cannot be reached (pace time = 2.44, actual time = 10.48).	[MsgId: MWAR-15995]
Warning: Iteration pacing cannot be reached (pace time = 2.47, actual time = 11.14).	[MsgId: MWAR-15995]
Warning: Iteration pacing cannot be reached (pace time = 2.75, actual time = 7.60).	[MsgId: MWAR-15995]
Warning: Iteration pacing cannot be reached (pace time = 2.12, actual time = 16.42).	[MsgId: MWAR-15995]
Warning: Iteration pacing cannot be reached (pace time = 2.10, actual time = 13.62).	[MsgId: MWAR-15995]
Warning: Iteration pacing cannot be reached (pace time = 2.58, actual time = 7.37).	[MsgId: MWAR-15995]
Warning: Iteration pacing cannot be reached (pace time = 2.84, actual time = 24.57).	[MsgId: MWAR-15995]
Warning: Iteration pacing cannot be reached (pace time = 2.99, actual time = 6.85).	[MsgId: MWAR-15995]
Warning: Iteration pacing cannot be reached (pace time = 2.89, actual time = 10.30).	[MsgId: MWAR-15995]
Warning: Iteration pacing cannot be reached (pace time = 2.63, actual time = 17.80).	[MsgId: MWAR-15995]
Warning: Iteration pacing cannot be reached (pace time = 2.65, actual time = 22.52).	[MsgId: MWAR-15995]
Warning: Iteration pacing cannot be reached (pace time = 2.16, actual time = 3.98).	[MsgId: MWAR-15995]
Warning: Iteration pacing cannot be reached (pace time = 2.45, actual time = 4.03).	[MsgId: MWAR-15995]
Warning: Iteration pacing cannot be reached (pace time = 2.18, actual time = 2.75).	[MsgId: MWAR-15995]
Warning: Iteration pacing cannot be reached (pace time = 2.09, actual time = 2.12).	[MsgId: MWAR-15995]
Warning: Iteration pacing cannot be reached (pace time = 2.23, actual time = 5.35).	[MsgId: MWAR-15995]
Warning: Iteration pacing cannot be reached (pace time = 2.49, actual time = 4.91).	[MsgId: MWAR-15995]
Warning: Iteration pacing cannot be reached (pace time = 2.04, actual time = 5.62).	[MsgId: MWAR-15995]
Warning: Iteration pacing cannot be reached (pace time = 2.92, actual time = 4.59).	[MsgId: MWAR-15995]
Warning: Iteration pacing cannot be reached (pace time = 2.54, actual time = 6.83).	[MsgId: MWAR-15995]
Warning: Iteration pacing cannot be reached (pace time = 2.86, actual time = 3.65).	[MsgId: MWAR-15995]
Warning: Iteration pacing cannot be reached (pace time = 2.33, actual time = 4.00).	[MsgId: MWAR-15995]
Warning: Iteration pacing cannot be reached (pace time = 2.95, actual time = 6.91).	[MsgId: MWAR-15995]
Warning: Iteration pacing cannot be reached (pace time = 2.85, actual time = 5.61).	[MsgId: MWAR-15995]
Warning: Iteration pacing cannot be reached (pace time = 2.43, actual time = 7.61).	[MsgId: MWAR-15995]
Warning: Iteration pacing cannot be reached (pace time = 2.99, actual time = 6.75).	[MsgId: MWAR-15995]
Warning: Iteration pacing cannot be reached (pace time = 2.05, actual time = 10.81).	[MsgId: MWAR-15995]
Warning: Iteration pacing cannot be reached (pace time = 2.73, actual time = 7.96).	[MsgId: MWAR-15995]
Warning: Iteration pacing cannot be reached (pace time = 2.52, actual time = 9.27).	[MsgId: MWAR-15995]
Warning: Iteration pacing cannot be reached (pace time = 2.22, actual time = 10.49).	[MsgId: MWAR-15995]
Warning: Iteration pacing cannot be reached (pace time = 2.19, actual time = 4.64).	[MsgId: MWAR-15995]
Warning: Iteration pacing cannot be reached (pace time = 2.45, actual time = 10.62).	[MsgId: MWAR-15995]
Warning: Iteration pacing cannot be reached (pace time = 2.41, actual time = 11.72).	[MsgId: MWAR-15995]
Warning: Iteration pacing cannot be reached (pace time = 2.75, actual time = 7.77).	[MsgId: MWAR-15995]
Warning: Iteration pacing cannot be reached (pace time = 2.09, actual time = 7.62).	[MsgId: MWAR-15995]
Warning: Iteration pacing cannot be reached (pace time = 2.56, actual time = 9.27).	[MsgId: MWAR-15995]
Warning: Iteration pacing cannot be reached (pace time = 2.42, actual time = 3.34).	[MsgId: MWAR-15995]
Warning: Iteration pacing cannot be reached (pace time = 2.16, actual time = 12.56).	[MsgId: MWAR-15995]
Warning: Iteration pacing cannot be reached (pace time = 2.86, actual time = 3.10).	[MsgId: MWAR-15995]
Warning: Iteration pacing cannot be reached (pace time = 2.10, actual time = 5.03).	[MsgId: MWAR-15995]
Warning: Iteration pacing cannot be reached (pace time = 2.72, actual time = 4.23).	[MsgId: MWAR-15995]
Warning: Iteration pacing cannot be reached (pace time = 2.31, actual time = 4.54).	[MsgId: MWAR-15995]
Warning: Iteration pacing cannot be reached (pace time = 2.20, actual time = 3.43).	[MsgId: MWAR-15995]
Warning: Iteration pacing cannot be reached (pace time = 2.89, actual time = 4.14).	[MsgId: MWAR-15995]
Warning: Iteration pacing cannot be reached (pace time = 2.56, actual time = 4.54).	[MsgId: MWAR-15995]
Warning: Iteration pacing cannot be reached (pace time = 2.04, actual time = 4.01).	[MsgId: MWAR-15995]
Warning: Iteration pacing cannot be reached (pace time = 2.81, actual time = 16.31).	[MsgId: MWAR-15995]
Warning: Iteration pacing cannot be reached (pace time = 2.37, actual time = 8.57).	[MsgId: MWAR-15995]
Warning: Iteration pacing cannot be reached (pace time = 2.04, actual time = 3.67).	[MsgId: MWAR-15995]
Warning: Iteration pacing cannot be reached (pace time = 2.88, actual time = 5.54).	[MsgId: MWAR-15995]
Warning: Iteration pacing cannot be reached (pace time = 2.38, actual time = 8.96).	[MsgId: MWAR-15995]
Warning: Iteration pacing cannot be reached (pace time = 2.72, actual time = 8.42).	[MsgId: MWAR-15995]
Warning: Iteration pacing cannot be reached (pace time = 2.37, actual time = 10.84).	[MsgId: MWAR-15995]
Warning: Iteration pacing cannot be reached (pace time = 2.53, actual time = 9.75).	[MsgId: MWAR-15995]
Warning: Iteration pacing cannot be reached (pace time = 2.50, actual time = 7.72).	[MsgId: MWAR-15995]
Warning: Iteration pacing cannot be reached (pace time = 2.53, actual time = 10.94).	[MsgId: MWAR-15995]
Warning: Iteration pacing cannot be reached (pace time = 2.55, actual time = 12.55).	[MsgId: MWAR-15995]
Warning: Iteration pacing cannot be reached (pace time = 2.43, actual time = 3.87).	[MsgId: MWAR-15995]
Warning: Iteration pacing cannot be reached (pace time = 2.86, actual time = 6.72).	[MsgId: MWAR-15995]
Warning: Iteration pacing cannot be reached (pace time = 2.91, actual time = 9.63).	[MsgId: MWAR-15995]
Warning: Iteration pacing cannot be reached (pace time = 2.45, actual time = 10.87).	[MsgId: MWAR-15995]
Warning: Iteration pacing cannot be reached (pace time = 2.71, actual time = 6.25).	[MsgId: MWAR-15995]
Warning: Iteration pacing cannot be reached (pace time = 2.99, actual time = 10.35).	[MsgId: MWAR-15995]
Warning: Iteration pacing cannot be reached (pace time = 2.17, actual time = 13.11).	[MsgId: MWAR-15995]
Warning: Iteration pacing cannot be reached (pace time = 2.10, actual time = 7.04).	[MsgId: MWAR-15995]
Warning: Iteration pacing cannot be reached (pace time = 2.98, actual time = 12.21).	[MsgId: MWAR-15995]
Warning: Iteration pacing cannot be reached (pace time = 2.99, actual time = 10.00).	[MsgId: MWAR-15995]
Warning: Iteration pacing cannot be reached (pace time = 2.77, actual time = 5.91).	[MsgId: MWAR-15995]
Warning: Iteration pacing cannot be reached (pace time = 2.27, actual time = 5.71).	[MsgId: MWAR-15995]
Warning: Iteration pacing cannot be reached (pace time = 2.51, actual time = 6.16).	[MsgId: MWAR-15995]
Warning: Iteration pacing cannot be reached (pace time = 2.84, actual time = 5.86).	[MsgId: MWAR-15995]
Warning: Iteration pacing cannot be reached (pace time = 2.02, actual time = 13.17).	[MsgId: MWAR-15995]
Warning: Iteration pacing cannot be reached (pace time = 2.47, actual time = 6.91).	[MsgId: MWAR-15995]
Warning: Iteration pacing cannot be reached (pace time = 2.15, actual time = 3.02).	[MsgId: MWAR-15995]
Warning: Iteration pacing cannot be reached (pace time = 2.89, actual time = 15.28).	[MsgId: MWAR-15995]
Warning: Iteration pacing cannot be reached (pace time = 2.17, actual time = 14.53).	[MsgId: MWAR-15995]
Warning: Iteration pacing cannot be reached (pace time = 2.23, actual time = 11.87).	[MsgId: MWAR-15995]
Warning: Iteration pacing cannot be reached (pace time = 2.04, actual time = 2.27).	[MsgId: MWAR-15995]
Warning: Iteration pacing cannot be reached (pace time = 2.21, actual time = 2.30).	[MsgId: MWAR-15995]
Warning: Iteration pacing cannot be reached (pace time = 2.37, actual time = 3.23).	[MsgId: MWAR-15995]
Warning: Iteration pacing cannot be reached (pace time = 2.53, actual time = 4.10).	[MsgId: MWAR-15995]
Warning: Iteration pacing cannot be reached (pace time = 2.08, actual time = 3.82).	[MsgId: MWAR-15995]
Warning: Iteration pacing cannot be reached (pace time = 2.17, actual time = 2.27).	[MsgId: MWAR-15995]
Warning: Iteration pacing cannot be reached (pace time = 2.91, actual time = 3.84).	[MsgId: MWAR-15995]
Warning: Iteration pacing cannot be reached (pace time = 2.54, actual time = 4.04).	[MsgId: MWAR-15995]
Warning: Iteration pacing cannot be reached (pace time = 2.31, actual time = 9.70).	[MsgId: MWAR-15995]
Warning: Iteration pacing cannot be reached (pace time = 2.44, actual time = 9.28).	[MsgId: MWAR-15995]
Warning: Iteration pacing cannot be reached (pace time = 2.45, actual time = 13.27).	[MsgId: MWAR-15995]
Warning: Iteration pacing cannot be reached (pace time = 2.05, actual time = 15.07).	[MsgId: MWAR-15995]
Warning: Iteration pacing cannot be reached (pace time = 2.54, actual time = 19.18).	[MsgId: MWAR-15995]
Warning: Iteration pacing cannot be reached (pace time = 2.08, actual time = 20.27).	[MsgId: MWAR-15995]
Warning: Iteration pacing cannot be reached (pace time = 2.12, actual time = 20.34).	[MsgId: MWAR-15995]
Warning: Iteration pacing cannot be reached (pace time = 3.00, actual time = 17.63).	[MsgId: MWAR-15995]
Warning: Iteration pacing cannot be reached (pace time = 2.08, actual time = 25.12).	[MsgId: MWAR-15995]
Warning: Iteration pacing cannot be reached (pace time = 2.39, actual time = 16.82).	[MsgId: MWAR-15995]
Warning: Iteration pacing cannot be reached (pace time = 2.29, actual time = 18.91).	[MsgId: MWAR-15995]
Warning: Iteration pacing cannot be reached (pace time = 2.86, actual time = 14.73).	[MsgId: MWAR-15995]
kaas_DocSearchHPES_FindMyProduct_200.c(8): Error -26608: HTTP Status-Code=504 (Gateway Timeout) for "https://hx9ekpvvbi.execute-api.us-east-1.amazonaws.com/KaaS-ITG/v2/search?q=HP ENVY Notebooks&resultLimit=200&resultStart=0&languageCode=en&countryCode=us&store=tmsstore&filters=(class:(pm_series_value%5E1.5%20OR%20pm_name_value%20OR%20pm_number_value)%20AND%20contenttype:Product%20AND%20historicalwebsupportflag:(no))&clientId=WCC"  	[MsgId: MERR-26608]
Warning: Iteration pacing cannot be reached (pace time = 2.22, actual time = 29.04).	[MsgId: MWAR-15995]
Warning: Iteration pacing cannot be reached (pace time = 2.99, actual time = 21.80).	[MsgId: MWAR-15995]
Warning: Iteration pacing cannot be reached (pace time = 2.64, actual time = 19.65).	[MsgId: MWAR-15995]
Warning: Iteration pacing cannot be reached (pace time = 2.44, actual time = 20.41).	[MsgId: MWAR-15995]
Warning: Iteration pacing cannot be reached (pace time = 2.55, actual time = 27.56).	[MsgId: MWAR-15995]
kaas_DocSearchHPES_FindMyProduct.c(8): Error -26608: HTTP Status-Code=504 (Gateway Timeout) for "https://hx9ekpvvbi.execute-api.us-east-1.amazonaws.com/KaaS-ITG/v2/search?q=HP Laser&resultLimit=20&resultStart=0&languageCode=en&countryCode=us&store=tmsstore&filters=(class:(pm_series_value%5E1.5%20OR%20pm_name_value%20OR%20pm_number_value)%20AND%20contenttype:Product%20AND%20historicalwebsupportflag:(no))&clientId=WCC"  	[MsgId: MERR-26608]
Warning: Iteration pacing cannot be reached (pace time = 2.53, actual time = 29.04).	[MsgId: MWAR-15995]
kaas_DocSearchHPES_FindMyProduct_200.c(8): Error -26608: HTTP Status-Code=504 (Gateway Timeout) for "https://hx9ekpvvbi.execute-api.us-east-1.amazonaws.com/KaaS-ITG/v2/search?q=HP Officejet Printer Models 6000 to 9999&resultLimit=200&resultStart=0&languageCode=en&countryCode=us&store=tmsstore&filters=(class:(pm_series_value%5E1.5%20OR%20pm_name_value%20OR%20pm_number_value)%20AND%20contenttype:Product%20AND%20historicalwebsupportflag:(no))&clientId=WCC"  	[MsgId: MERR-26608]
Warning: Iteration pacing cannot be reached (pace time = 2.91, actual time = 29.04).	[MsgId: MWAR-15995]
kaas_DocSearchHPES_FindMyProduct_200.c(8): Error -26608: HTTP Status-Code=504 (Gateway Timeout) for "https://hx9ekpvvbi.execute-api.us-east-1.amazonaws.com/KaaS-ITG/v2/search?q=HP Color LaserJet Enterprise flow MFP M88&resultLimit=200&resultStart=0&languageCode=en&countryCode=us&store=tmsstore&filters=(class:(pm_series_value%5E1.5%20OR%20pm_name_value%20OR%20pm_number_value)%20AND%20contenttype:Product%20AND%20historicalwebsupportflag:(no))&clientId=WCC"  	[MsgId: MERR-26608]
Warning: Iteration pacing cannot be reached (pace time = 2.58, actual time = 29.05).	[MsgId: MWAR-15995]
kaas_DocSearchHPES_FindMyProduct_200.c(8): Error -26608: HTTP Status-Code=504 (Gateway Timeout) for "https://hx9ekpvvbi.execute-api.us-east-1.amazonaws.com/KaaS-ITG/v2/search?q=HP Deskjet Printer Models 1000 to 2999&resultLimit=200&resultStart=0&languageCode=en&countryCode=us&store=tmsstore&filters=(class:(pm_series_value%5E1.5%20OR%20pm_name_value%20OR%20pm_number_value)%20AND%20contenttype:Product%20AND%20historicalwebsupportflag:(no))&clientId=WCC"  	[MsgId: MERR-26608]
Warning: Iteration pacing cannot be reached (pace time = 2.89, actual time = 29.05).	[MsgId: MWAR-15995]
Warning: Iteration pacing cannot be reached (pace time = 2.55, actual time = 18.76).	[MsgId: MWAR-15995]
Warning: Iteration pacing cannot be reached (pace time = 2.27, actual time = 27.50).	[MsgId: MWAR-15995]
Warning: Iteration pacing cannot be reached (pace time = 2.46, actual time = 23.07).	[MsgId: MWAR-15995]
Warning: Iteration pacing cannot be reached (pace time = 2.04, actual time = 17.05).	[MsgId: MWAR-15995]
Warning: Iteration pacing cannot be reached (pace time = 2.63, actual time = 16.43).	[MsgId: MWAR-15995]
Warning: Iteration pacing cannot be reached (pace time = 2.63, actual time = 14.28).	[MsgId: MWAR-15995]
Warning: Iteration pacing cannot be reached (pace time = 2.92, actual time = 19.61).	[MsgId: MWAR-15995]
Warning: Iteration pacing cannot be reached (pace time = 2.11, actual time = 14.48).	[MsgId: MWAR-15995]
Warning: Iteration pacing cannot be reached (pace time = 2.32, actual time = 7.30).	[MsgId: MWAR-15995]
Warning: Iteration pacing cannot be reached (pace time = 2.80, actual time = 14.34).	[MsgId: MWAR-15995]
kaas_DocSearchHPES_FindMyProduct_200.c(8): Error -26608: HTTP Status-Code=504 (Gateway Timeout) for "https://hx9ekpvvbi.execute-api.us-east-1.amazonaws.com/KaaS-ITG/v2/search?q=envy dv6&resultLimit=200&resultStart=0&languageCode=en&countryCode=us&store=tmsstore&filters=(class:(pm_series_value%5E1.5%20OR%20pm_name_value%20OR%20pm_number_value)%20AND%20contenttype:Product%20AND%20historicalwebsupportflag:(no))&clientId=WCC"  	[MsgId: MERR-26608]
Warning: Iteration pacing cannot be reached (pace time = 2.73, actual time = 29.05).	[MsgId: MWAR-15995]
Warning: Iteration pacing cannot be reached (pace time = 2.52, actual time = 9.68).	[MsgId: MWAR-15995]
Warning: Iteration pacing cannot be reached (pace time = 2.79, actual time = 21.83).	[MsgId: MWAR-15995]
Warning: Iteration pacing cannot be reached (pace time = 2.63, actual time = 10.75).	[MsgId: MWAR-15995]
Warning: Iteration pacing cannot be reached (pace time = 2.82, actual time = 16.29).	[MsgId: MWAR-15995]
Warning: Iteration pacing cannot be reached (pace time = 2.11, actual time = 15.20).	[MsgId: MWAR-15995]
kaas_DocSearchHPES_FindMyProduct_200.c(8): Error -26608: HTTP Status-Code=504 (Gateway Timeout) for "https://hx9ekpvvbi.execute-api.us-east-1.amazonaws.com/KaaS-ITG/v2/search?q=envy&resultLimit=200&resultStart=0&languageCode=en&countryCode=us&store=tmsstore&filters=(class:(pm_series_value%5E1.5%20OR%20pm_name_value%20OR%20pm_number_value)%20AND%20contenttype:Product%20AND%20historicalwebsupportflag:(no))&clientId=WCC"  	[MsgId: MERR-26608]
Warning: Iteration pacing cannot be reached (pace time = 2.64, actual time = 29.04).	[MsgId: MWAR-15995]
Warning: Iteration pacing cannot be reached (pace time = 2.95, actual time = 15.68).	[MsgId: MWAR-15995]
Warning: Iteration pacing cannot be reached (pace time = 2.55, actual time = 16.20).	[MsgId: MWAR-15995]
Warning: Iteration pacing cannot be reached (pace time = 2.15, actual time = 11.44).	[MsgId: MWAR-15995]
Warning: Iteration pacing cannot be reached (pace time = 2.20, actual time = 15.18).	[MsgId: MWAR-15995]
Warning: Iteration pacing cannot be reached (pace time = 2.11, actual time = 18.85).	[MsgId: MWAR-15995]
Warning: Iteration pacing cannot be reached (pace time = 2.35, actual time = 7.57).	[MsgId: MWAR-15995]
Warning: Iteration pacing cannot be reached (pace time = 2.51, actual time = 26.87).	[MsgId: MWAR-15995]
Warning: Iteration pacing cannot be reached (pace time = 2.60, actual time = 23.00).	[MsgId: MWAR-15995]
Warning: Iteration pacing cannot be reached (pace time = 2.02, actual time = 7.49).	[MsgId: MWAR-15995]
Warning: Iteration pacing cannot be reached (pace time = 2.02, actual time = 9.61).	[MsgId: MWAR-15995]
Warning: Iteration pacing cannot be reached (pace time = 2.39, actual time = 8.60).	[MsgId: MWAR-15995]
Warning: Iteration pacing cannot be reached (pace time = 2.70, actual time = 12.10).	[MsgId: MWAR-15995]
Warning: Iteration pacing cannot be reached (pace time = 2.58, actual time = 15.00).	[MsgId: MWAR-15995]
Warning: Iteration pacing cannot be reached (pace time = 2.81, actual time = 9.93).	[MsgId: MWAR-15995]
Warning: Iteration pacing cannot be reached (pace time = 2.37, actual time = 10.43).	[MsgId: MWAR-15995]
Warning: Iteration pacing cannot be reached (pace time = 2.71, actual time = 17.33).	[MsgId: MWAR-15995]
Warning: Iteration pacing cannot be reached (pace time = 2.02, actual time = 6.62).	[MsgId: MWAR-15995]
Warning: Iteration pacing cannot be reached (pace time = 2.64, actual time = 11.66).	[MsgId: MWAR-15995]
Warning: Iteration pacing cannot be reached (pace time = 2.77, actual time = 7.73).	[MsgId: MWAR-15995]
Warning: Iteration pacing cannot be reached (pace time = 2.77, actual time = 12.30).	[MsgId: MWAR-15995]
Warning: Iteration pacing cannot be reached (pace time = 2.66, actual time = 8.19).	[MsgId: MWAR-15995]
Warning: Iteration pacing cannot be reached (pace time = 2.16, actual time = 10.16).	[MsgId: MWAR-15995]
Warning: Iteration pacing cannot be reached (pace time = 2.69, actual time = 10.35).	[MsgId: MWAR-15995]
Warning: Iteration pacing cannot be reached (pace time = 2.39, actual time = 10.03).	[MsgId: MWAR-15995]
Warning: Iteration pacing cannot be reached (pace time = 2.58, actual time = 3.12).	[MsgId: MWAR-15995]
Warning: Iteration pacing cannot be reached (pace time = 2.72, actual time = 8.65).	[MsgId: MWAR-15995]
Warning: Iteration pacing cannot be reached (pace time = 2.01, actual time = 3.28).	[MsgId: MWAR-15995]
Warning: Iteration pacing cannot be reached (pace time = 2.38, actual time = 5.46).	[MsgId: MWAR-15995]
Warning: Iteration pacing cannot be reached (pace time = 2.63, actual time = 6.02).	[MsgId: MWAR-15995]
Warning: Iteration pacing cannot be reached (pace time = 2.03, actual time = 2.30).	[MsgId: MWAR-15995]
Warning: Iteration pacing cannot be reached (pace time = 2.84, actual time = 3.01).	[MsgId: MWAR-15995]
Warning: Iteration pacing cannot be reached (pace time = 2.15, actual time = 2.23).	[MsgId: MWAR-15995]
Warning: Iteration pacing cannot be reached (pace time = 2.28, actual time = 10.10).	[MsgId: MWAR-15995]
Warning: Iteration pacing cannot be reached (pace time = 2.89, actual time = 3.73).	[MsgId: MWAR-15995]
Warning: Iteration pacing cannot be reached (pace time = 2.68, actual time = 15.27).	[MsgId: MWAR-15995]
Warning: Iteration pacing cannot be reached (pace time = 2.28, actual time = 12.43).	[MsgId: MWAR-15995]
Warning: Iteration pacing cannot be reached (pace time = 2.38, actual time = 5.34).	[MsgId: MWAR-15995]
Warning: Iteration pacing cannot be reached (pace time = 2.20, actual time = 5.13).	[MsgId: MWAR-15995]
Warning: Iteration pacing cannot be reached (pace time = 2.16, actual time = 4.93).	[MsgId: MWAR-15995]
Warning: Iteration pacing cannot be reached (pace time = 2.91, actual time = 10.29).	[MsgId: MWAR-15995]
Warning: Iteration pacing cannot be reached (pace time = 2.03, actual time = 9.45).	[MsgId: MWAR-15995]
Warning: Iteration pacing cannot be reached (pace time = 2.07, actual time = 15.17).	[MsgId: MWAR-15995]
Warning: Iteration pacing cannot be reached (pace time = 2.94, actual time = 16.38).	[MsgId: MWAR-15995]
Warning: Iteration pacing cannot be reached (pace time = 2.31, actual time = 16.29).	[MsgId: MWAR-15995]
Warning: Iteration pacing cannot be reached (pace time = 2.35, actual time = 14.45).	[MsgId: MWAR-15995]
Warning: Iteration pacing cannot be reached (pace time = 2.23, actual time = 14.11).	[MsgId: MWAR-15995]
Warning: Iteration pacing cannot be reached (pace time = 2.32, actual time = 17.40).	[MsgId: MWAR-15995]
Warning: Iteration pacing cannot be reached (pace time = 2.25, actual time = 20.02).	[MsgId: MWAR-15995]
Warning: Iteration pacing cannot be reached (pace time = 2.73, actual time = 17.29).	[MsgId: MWAR-15995]
Warning: Iteration pacing cannot be reached (pace time = 2.51, actual time = 20.30).	[MsgId: MWAR-15995]
Warning: Iteration pacing cannot be reached (pace time = 2.44, actual time = 22.77).	[MsgId: MWAR-15995]
Warning: Iteration pacing cannot be reached (pace time = 2.56, actual time = 22.11).	[MsgId: MWAR-15995]
Warning: Iteration pacing cannot be reached (pace time = 2.59, actual time = 21.79).	[MsgId: MWAR-15995]
Warning: Iteration pacing cannot be reached (pace time = 2.99, actual time = 18.02).	[MsgId: MWAR-15995]
Warning: Iteration pacing cannot be reached (pace time = 2.87, actual time = 22.44).	[MsgId: MWAR-15995]
Warning: Iteration pacing cannot be reached (pace time = 2.79, actual time = 15.80).	[MsgId: MWAR-15995]
Warning: Iteration pacing cannot be reached (pace time = 2.64, actual time = 14.08).	[MsgId: MWAR-15995]
Warning: Iteration pacing cannot be reached (pace time = 2.80, actual time = 18.11).	[MsgId: MWAR-15995]
Warning: Iteration pacing cannot be reached (pace time = 2.83, actual time = 23.91).	[MsgId: MWAR-15995]
Warning: Iteration pacing cannot be reached (pace time = 2.77, actual time = 22.30).	[MsgId: MWAR-15995]
Warning: Iteration pacing cannot be reached (pace time = 2.07, actual time = 20.18).	[MsgId: MWAR-15995]
Warning: Iteration pacing cannot be reached (pace time = 2.30, actual time = 20.89).	[MsgId: MWAR-15995]
Warning: Iteration pacing cannot be reached (pace time = 2.61, actual time = 24.44).	[MsgId: MWAR-15995]
Warning: Iteration pacing cannot be reached (pace time = 2.35, actual time = 13.34).	[MsgId: MWAR-15995]
Warning: Iteration pacing cannot be reached (pace time = 2.96, actual time = 6.36).	[MsgId: MWAR-15995]
kaas_DocSearchHPES_FindMyProduct_200.c(8): Error -26608: HTTP Status-Code=504 (Gateway Timeout) for "https://hx9ekpvvbi.execute-api.us-east-1.amazonaws.com/KaaS-ITG/v2/search?q=envy printer&resultLimit=200&resultStart=0&languageCode=en&countryCode=us&store=tmsstore&filters=(class:(pm_series_value%5E1.5%20OR%20pm_name_value%20OR%20pm_number_value)%20AND%20contenttype:Product%20AND%20historicalwebsupportflag:(no))&clientId=WCC"  	[MsgId: MERR-26608]
Warning: Iteration pacing cannot be reached (pace time = 2.83, actual time = 29.04).	[MsgId: MWAR-15995]
Warning: Iteration pacing cannot be reached (pace time = 2.46, actual time = 22.86).	[MsgId: MWAR-15995]
Warning: Iteration pacing cannot be reached (pace time = 2.80, actual time = 13.44).	[MsgId: MWAR-15995]
Warning: Iteration pacing cannot be reached (pace time = 2.37, actual time = 12.60).	[MsgId: MWAR-15995]
Warning: Iteration pacing cannot be reached (pace time = 2.14, actual time = 13.98).	[MsgId: MWAR-15995]
Warning: Iteration pacing cannot be reached (pace time = 2.10, actual time = 6.65).	[MsgId: MWAR-15995]
Warning: Iteration pacing cannot be reached (pace time = 2.18, actual time = 10.34).	[MsgId: MWAR-15995]
Warning: Iteration pacing cannot be reached (pace time = 2.86, actual time = 17.62).	[MsgId: MWAR-15995]
Warning: Iteration pacing cannot be reached (pace time = 2.69, actual time = 7.92).	[MsgId: MWAR-15995]
Warning: Iteration pacing cannot be reached (pace time = 2.03, actual time = 6.55).	[MsgId: MWAR-15995]
Warning: Iteration pacing cannot be reached (pace time = 2.67, actual time = 14.19).	[MsgId: MWAR-15995]
Warning: Iteration pacing cannot be reached (pace time = 2.61, actual time = 8.20).	[MsgId: MWAR-15995]
Warning: Iteration pacing cannot be reached (pace time = 2.05, actual time = 3.07).	[MsgId: MWAR-15995]
Warning: Iteration pacing cannot be reached (pace time = 2.39, actual time = 6.26).	[MsgId: MWAR-15995]
Warning: Iteration pacing cannot be reached (pace time = 2.79, actual time = 12.81).	[MsgId: MWAR-15995]
Warning: Iteration pacing cannot be reached (pace time = 2.79, actual time = 28.14).	[MsgId: MWAR-15995]
Warning: Iteration pacing cannot be reached (pace time = 2.79, actual time = 3.02).	[MsgId: MWAR-15995]
Warning: Iteration pacing cannot be reached (pace time = 2.58, actual time = 3.71).	[MsgId: MWAR-15995]
Warning: Iteration pacing cannot be reached (pace time = 2.63, actual time = 3.99).	[MsgId: MWAR-15995]
Warning: Iteration pacing cannot be reached (pace time = 2.76, actual time = 10.38).	[MsgId: MWAR-15995]
Warning: Iteration pacing cannot be reached (pace time = 2.01, actual time = 2.73).	[MsgId: MWAR-15995]
Warning: Iteration pacing cannot be reached (pace time = 2.56, actual time = 3.11).	[MsgId: MWAR-15995]
Warning: Iteration pacing cannot be reached (pace time = 2.10, actual time = 3.25).	[MsgId: MWAR-15995]
Warning: Iteration pacing cannot be reached (pace time = 2.78, actual time = 3.70).	[MsgId: MWAR-15995]
Warning: Iteration pacing cannot be reached (pace time = 2.42, actual time = 3.16).	[MsgId: MWAR-15995]
Warning: Iteration pacing cannot be reached (pace time = 2.44, actual time = 2.59).	[MsgId: MWAR-15995]
Warning: Iteration pacing cannot be reached (pace time = 2.31, actual time = 2.76).	[MsgId: MWAR-15995]
Warning: Iteration pacing cannot be reached (pace time = 2.12, actual time = 5.02).	[MsgId: MWAR-15995]
Warning: Iteration pacing cannot be reached (pace time = 2.01, actual time = 2.02).	[MsgId: MWAR-15995]
Warning: Iteration pacing cannot be reached (pace time = 2.77, actual time = 3.37).	[MsgId: MWAR-15995]
Warning: Iteration pacing cannot be reached (pace time = 2.58, actual time = 3.46).	[MsgId: MWAR-15995]
Warning: Iteration pacing cannot be reached (pace time = 2.24, actual time = 3.63).	[MsgId: MWAR-15995]
Warning: Iteration pacing cannot be reached (pace time = 2.90, actual time = 3.46).	[MsgId: MWAR-15995]
Warning: Iteration pacing cannot be reached (pace time = 2.63, actual time = 3.96).	[MsgId: MWAR-15995]
Warning: Iteration pacing cannot be reached (pace time = 2.69, actual time = 2.75).	[MsgId: MWAR-15995]
Warning: Iteration pacing cannot be reached (pace time = 2.31, actual time = 2.41).	[MsgId: MWAR-15995]
Warning: Iteration pacing cannot be reached (pace time = 2.36, actual time = 3.82).	[MsgId: MWAR-15995]
Warning: Iteration pacing cannot be reached (pace time = 2.39, actual time = 2.99).	[MsgId: MWAR-15995]
Warning: Iteration pacing cannot be reached (pace time = 2.55, actual time = 3.23).	[MsgId: MWAR-15995]
Warning: Iteration pacing cannot be reached (pace time = 2.27, actual time = 6.15).	[MsgId: MWAR-15995]
Warning: Iteration pacing cannot be reached (pace time = 2.77, actual time = 6.38).	[MsgId: MWAR-15995]
Warning: Iteration pacing cannot be reached (pace time = 2.06, actual time = 5.78).	[MsgId: MWAR-15995]
Warning: Iteration pacing cannot be reached (pace time = 2.49, actual time = 5.20).	[MsgId: MWAR-15995]
Warning: Iteration pacing cannot be reached (pace time = 2.81, actual time = 6.41).	[MsgId: MWAR-15995]
Warning: Iteration pacing cannot be reached (pace time = 2.85, actual time = 4.88).	[MsgId: MWAR-15995]
Warning: Iteration pacing cannot be reached (pace time = 2.71, actual time = 5.13).	[MsgId: MWAR-15995]
Warning: Iteration pacing cannot be reached (pace time = 2.66, actual time = 7.11).	[MsgId: MWAR-15995]
Warning: Iteration pacing cannot be reached (pace time = 2.63, actual time = 5.21).	[MsgId: MWAR-15995]
Warning: Iteration pacing cannot be reached (pace time = 2.50, actual time = 6.20).	[MsgId: MWAR-15995]
Warning: Iteration pacing cannot be reached (pace time = 2.55, actual time = 6.49).	[MsgId: MWAR-15995]
Warning: Iteration pacing cannot be reached (pace time = 2.24, actual time = 4.25).	[MsgId: MWAR-15995]
Warning: Iteration pacing cannot be reached (pace time = 2.51, actual time = 5.40).	[MsgId: MWAR-15995]
Warning: Iteration pacing cannot be reached (pace time = 2.03, actual time = 5.80).	[MsgId: MWAR-15995]
Warning: Iteration pacing cannot be reached (pace time = 2.22, actual time = 3.53).	[MsgId: MWAR-15995]
Warning: Iteration pacing cannot be reached (pace time = 2.48, actual time = 6.90).	[MsgId: MWAR-15995]
Warning: Iteration pacing cannot be reached (pace time = 2.99, actual time = 6.72).	[MsgId: MWAR-15995]
Warning: Iteration pacing cannot be reached (pace time = 2.11, actual time = 6.86).	[MsgId: MWAR-15995]
Warning: Iteration pacing cannot be reached (pace time = 2.09, actual time = 6.77).	[MsgId: MWAR-15995]
Warning: Iteration pacing cannot be reached (pace time = 2.68, actual time = 3.33).	[MsgId: MWAR-15995]
Warning: Iteration pacing cannot be reached (pace time = 2.80, actual time = 11.73).	[MsgId: MWAR-15995]
Warning: Iteration pacing cannot be reached (pace time = 2.91, actual time = 11.90).	[MsgId: MWAR-15995]
Warning: Iteration pacing cannot be reached (pace time = 2.54, actual time = 9.33).	[MsgId: MWAR-15995]
Warning: Iteration pacing cannot be reached (pace time = 2.23, actual time = 7.51).	[MsgId: MWAR-15995]
Warning: Iteration pacing cannot be reached (pace time = 2.24, actual time = 10.34).	[MsgId: MWAR-15995]
Warning: Iteration pacing cannot be reached (pace time = 2.15, actual time = 10.54).	[MsgId: MWAR-15995]
Warning: Iteration pacing cannot be reached (pace time = 2.52, actual time = 6.46).	[MsgId: MWAR-15995]
Warning: Iteration pacing cannot be reached (pace time = 2.59, actual time = 9.73).	[MsgId: MWAR-15995]
Warning: Iteration pacing cannot be reached (pace time = 2.76, actual time = 7.66).	[MsgId: MWAR-15995]
Warning: Iteration pacing cannot be reached (pace time = 2.67, actual time = 11.34).	[MsgId: MWAR-15995]
Warning: Iteration pacing cannot be reached (pace time = 2.32, actual time = 3.53).	[MsgId: MWAR-15995]
Warning: Iteration pacing cannot be reached (pace time = 2.06, actual time = 8.45).	[MsgId: MWAR-15995]
Warning: Iteration pacing cannot be reached (pace time = 2.40, actual time = 11.23).	[MsgId: MWAR-15995]
Warning: Iteration pacing cannot be reached (pace time = 2.54, actual time = 6.42).	[MsgId: MWAR-15995]
Warning: Iteration pacing cannot be reached (pace time = 2.35, actual time = 12.87).	[MsgId: MWAR-15995]
Warning: Iteration pacing cannot be reached (pace time = 2.53, actual time = 5.79).	[MsgId: MWAR-15995]
Warning: Iteration pacing cannot be reached (pace time = 2.50, actual time = 6.15).	[MsgId: MWAR-15995]
Warning: Iteration pacing cannot be reached (pace time = 2.54, actual time = 4.32).	[MsgId: MWAR-15995]
Warning: Iteration pacing cannot be reached (pace time = 2.71, actual time = 5.30).	[MsgId: MWAR-15995]
Warning: Iteration pacing cannot be reached (pace time = 2.35, actual time = 6.26).	[MsgId: MWAR-15995]
Warning: Iteration pacing cannot be reached (pace time = 2.07, actual time = 11.97).	[MsgId: MWAR-15995]
Warning: Iteration pacing cannot be reached (pace time = 2.86, actual time = 8.39).	[MsgId: MWAR-15995]
Warning: Iteration pacing cannot be reached (pace time = 2.82, actual time = 6.56).	[MsgId: MWAR-15995]
Warning: Iteration pacing cannot be reached (pace time = 2.88, actual time = 5.96).	[MsgId: MWAR-15995]
Warning: Iteration pacing cannot be reached (pace time = 2.41, actual time = 22.05).	[MsgId: MWAR-15995]
Warning: Iteration pacing cannot be reached (pace time = 2.41, actual time = 10.77).	[MsgId: MWAR-15995]
Warning: Iteration pacing cannot be reached (pace time = 2.48, actual time = 6.88).	[MsgId: MWAR-15995]
Warning: Iteration pacing cannot be reached (pace time = 2.04, actual time = 2.88).	[MsgId: MWAR-15995]
Warning: Iteration pacing cannot be reached (pace time = 2.30, actual time = 10.38).	[MsgId: MWAR-15995]
Warning: Iteration pacing cannot be reached (pace time = 2.85, actual time = 8.42).	[MsgId: MWAR-15995]
Warning: Iteration pacing cannot be reached (pace time = 2.99, actual time = 9.37).	[MsgId: MWAR-15995]
Warning: Iteration pacing cannot be reached (pace time = 2.56, actual time = 4.79).	[MsgId: MWAR-15995]
Warning: Iteration pacing cannot be reached (pace time = 2.58, actual time = 12.39).	[MsgId: MWAR-15995]
Warning: Iteration pacing cannot be reached (pace time = 2.33, actual time = 5.61).	[MsgId: MWAR-15995]
Warning: Iteration pacing cannot be reached (pace time = 2.38, actual time = 11.08).	[MsgId: MWAR-15995]
Warning: Iteration pacing cannot be reached (pace time = 2.44, actual time = 7.17).	[MsgId: MWAR-15995]
Warning: Iteration pacing cannot be reached (pace time = 2.18, actual time = 6.46).	[MsgId: MWAR-15995]
Warning: Iteration pacing cannot be reached (pace time = 2.83, actual time = 7.01).	[MsgId: MWAR-15995]
Warning: Iteration pacing cannot be reached (pace time = 2.77, actual time = 7.19).	[MsgId: MWAR-15995]
Warning: Iteration pacing cannot be reached (pace time = 2.01, actual time = 2.69).	[MsgId: MWAR-15995]
Warning: Iteration pacing cannot be reached (pace time = 2.85, actual time = 9.17).	[MsgId: MWAR-15995]
Warning: Iteration pacing cannot be reached (pace time = 2.97, actual time = 6.07).	[MsgId: MWAR-15995]
Warning: Iteration pacing cannot be reached (pace time = 2.31, actual time = 5.53).	[MsgId: MWAR-15995]
Warning: Iteration pacing cannot be reached (pace time = 2.36, actual time = 5.70).	[MsgId: MWAR-15995]
Warning: Iteration pacing cannot be reached (pace time = 2.46, actual time = 4.00).	[MsgId: MWAR-15995]
Warning: Iteration pacing cannot be reached (pace time = 2.67, actual time = 11.11).	[MsgId: MWAR-15995]
Warning: Iteration pacing cannot be reached (pace time = 2.98, actual time = 4.58).	[MsgId: MWAR-15995]
Warning: Iteration pacing cannot be reached (pace time = 2.98, actual time = 6.88).	[MsgId: MWAR-15995]
Warning: Iteration pacing cannot be reached (pace time = 2.30, actual time = 4.71).	[MsgId: MWAR-15995]
Warning: Iteration pacing cannot be reached (pace time = 2.05, actual time = 3.92).	[MsgId: MWAR-15995]
Warning: Iteration pacing cannot be reached (pace time = 2.29, actual time = 5.23).	[MsgId: MWAR-15995]
Warning: Iteration pacing cannot be reached (pace time = 2.20, actual time = 3.59).	[MsgId: MWAR-15995]
Warning: Iteration pacing cannot be reached (pace time = 2.48, actual time = 5.54).	[MsgId: MWAR-15995]
Warning: Iteration pacing cannot be reached (pace time = 2.95, actual time = 3.30).	[MsgId: MWAR-15995]
Warning: Iteration pacing cannot be reached (pace time = 2.21, actual time = 5.67).	[MsgId: MWAR-15995]
Warning: Iteration pacing cannot be reached (pace time = 2.27, actual time = 2.50).	[MsgId: MWAR-15995]
Warning: Iteration pacing cannot be reached (pace time = 2.61, actual time = 3.53).	[MsgId: MWAR-15995]
Warning: Iteration pacing cannot be reached (pace time = 2.67, actual time = 2.84).	[MsgId: MWAR-15995]
Warning: Iteration pacing cannot be reached (pace time = 2.32, actual time = 18.75).	[MsgId: MWAR-15995]
Warning: Iteration pacing cannot be reached (pace time = 2.11, actual time = 7.53).	[MsgId: MWAR-15995]
Warning: Iteration pacing cannot be reached (pace time = 2.42, actual time = 7.63).	[MsgId: MWAR-15995]
Warning: Iteration pacing cannot be reached (pace time = 2.62, actual time = 10.97).	[MsgId: MWAR-15995]
Warning: Iteration pacing cannot be reached (pace time = 2.38, actual time = 4.27).	[MsgId: MWAR-15995]
Warning: Iteration pacing cannot be reached (pace time = 2.99, actual time = 7.54).	[MsgId: MWAR-15995]
Warning: Iteration pacing cannot be reached (pace time = 2.48, actual time = 5.18).	[MsgId: MWAR-15995]
Warning: Iteration pacing cannot be reached (pace time = 2.32, actual time = 9.67).	[MsgId: MWAR-15995]
Warning: Iteration pacing cannot be reached (pace time = 2.75, actual time = 11.35).	[MsgId: MWAR-15995]
Warning: Iteration pacing cannot be reached (pace time = 2.96, actual time = 17.62).	[MsgId: MWAR-15995]
Warning: Iteration pacing cannot be reached (pace time = 2.10, actual time = 19.12).	[MsgId: MWAR-15995]
Warning: Iteration pacing cannot be reached (pace time = 2.74, actual time = 17.85).	[MsgId: MWAR-15995]
Warning: Iteration pacing cannot be reached (pace time = 2.11, actual time = 23.43).	[MsgId: MWAR-15995]
Warning: Iteration pacing cannot be reached (pace time = 2.34, actual time = 21.43).	[MsgId: MWAR-15995]
Warning: Iteration pacing cannot be reached (pace time = 2.53, actual time = 17.92).	[MsgId: MWAR-15995]
Warning: Iteration pacing cannot be reached (pace time = 2.54, actual time = 23.25).	[MsgId: MWAR-15995]
Warning: Iteration pacing cannot be reached (pace time = 2.69, actual time = 26.87).	[MsgId: MWAR-15995]
Warning: Iteration pacing cannot be reached (pace time = 2.46, actual time = 26.07).	[MsgId: MWAR-15995]
Warning: Iteration pacing cannot be reached (pace time = 2.87, actual time = 24.79).	[MsgId: MWAR-15995]
Warning: Iteration pacing cannot be reached (pace time = 2.92, actual time = 20.41).	[MsgId: MWAR-15995]
Warning: Iteration pacing cannot be reached (pace time = 2.62, actual time = 18.03).	[MsgId: MWAR-15995]
kaas_DocSearchHPES_FindMyProduct_200.c(8): Error -26608: HTTP Status-Code=504 (Gateway Timeout) for "https://hx9ekpvvbi.execute-api.us-east-1.amazonaws.com/KaaS-ITG/v2/search?q=HP Deskjet Printer Models K010 to K999&resultLimit=200&resultStart=0&languageCode=en&countryCode=us&store=tmsstore&filters=(class:(pm_series_value%5E1.5%20OR%20pm_name_value%20OR%20pm_number_value)%20AND%20contenttype:Product%20AND%20historicalwebsupportflag:(no))&clientId=WCC"  	[MsgId: MERR-26608]
Warning: Iteration pacing cannot be reached (pace time = 2.30, actual time = 29.04).	[MsgId: MWAR-15995]
Warning: Iteration pacing cannot be reached (pace time = 2.49, actual time = 23.05).	[MsgId: MWAR-15995]
Warning: Iteration pacing cannot be reached (pace time = 2.40, actual time = 26.57).	[MsgId: MWAR-15995]
Warning: Iteration pacing cannot be reached (pace time = 2.46, actual time = 13.15).	[MsgId: MWAR-15995]
Warning: Iteration pacing cannot be reached (pace time = 2.01, actual time = 26.94).	[MsgId: MWAR-15995]
Warning: Iteration pacing cannot be reached (pace time = 2.58, actual time = 25.33).	[MsgId: MWAR-15995]
Warning: Iteration pacing cannot be reached (pace time = 2.54, actual time = 24.12).	[MsgId: MWAR-15995]
kaas_DocSearchHPES_FindMyProduct.c(8): Error -26608: HTTP Status-Code=504 (Gateway Timeout) for "https://hx9ekpvvbi.execute-api.us-east-1.amazonaws.com/KaaS-ITG/v2/search?q=HP Pavilion All-in-One Desktops&resultLimit=20&resultStart=0&languageCode=en&countryCode=us&store=tmsstore&filters=(class:(pm_series_value%5E1.5%20OR%20pm_name_value%20OR%20pm_number_value)%20AND%20contenttype:Product%20AND%20historicalwebsupportflag:(no))&clientId=WCC"  	[MsgId: MERR-26608]
Warning: Iteration pacing cannot be reached (pace time = 2.13, actual time = 29.04).	[MsgId: MWAR-15995]
kaas_DocSearchHPES_FindMyProduct.c(8): Error -26608: HTTP Status-Code=504 (Gateway Timeout) for "https://hx9ekpvvbi.execute-api.us-east-1.amazonaws.com/KaaS-ITG/v2/search?q=HP Deskjet Printer Models F100 to F999&resultLimit=20&resultStart=0&languageCode=en&countryCode=us&store=tmsstore&filters=(class:(pm_series_value%5E1.5%20OR%20pm_name_value%20OR%20pm_number_value)%20AND%20contenttype:Product%20AND%20historicalwebsupportflag:(no))&clientId=WCC"  	[MsgId: MERR-26608]
Warning: Iteration pacing cannot be reached (pace time = 2.09, actual time = 29.04).	[MsgId: MWAR-15995]
kaas_DocSearchHPES_FindMyProduct.c(8): Error -26608: HTTP Status-Code=504 (Gateway Timeout) for "https://hx9ekpvvbi.execute-api.us-east-1.amazonaws.com/KaaS-ITG/v2/search?q=HP Pavilion All-in-One Desktops&resultLimit=20&resultStart=0&languageCode=en&countryCode=us&store=tmsstore&filters=(class:(pm_series_value%5E1.5%20OR%20pm_name_value%20OR%20pm_number_value)%20AND%20contenttype:Product%20AND%20historicalwebsupportflag:(no))&clientId=WCC"  	[MsgId: MERR-26608]
Warning: Iteration pacing cannot be reached (pace time = 2.34, actual time = 29.04).	[MsgId: MWAR-15995]
Warning: Iteration pacing cannot be reached (pace time = 2.23, actual time = 24.84).	[MsgId: MWAR-15995]
Warning: Iteration pacing cannot be reached (pace time = 2.86, actual time = 27.82).	[MsgId: MWAR-15995]
kaas_DocSearchHPES_FindMyProduct.c(8): Error -26608: HTTP Status-Code=504 (Gateway Timeout) for "https://hx9ekpvvbi.execute-api.us-east-1.amazonaws.com/KaaS-ITG/v2/search?q=HP ENVY x2 11-g050br&resultLimit=20&resultStart=0&languageCode=en&countryCode=us&store=tmsstore&filters=(class:(pm_series_value%5E1.5%20OR%20pm_name_value%20OR%20pm_number_value)%20AND%20contenttype:Product%20AND%20historicalwebsupportflag:(no))&clientId=WCC"  	[MsgId: MERR-26608]
Warning: Iteration pacing cannot be reached (pace time = 2.05, actual time = 29.04).	[MsgId: MWAR-15995]
kaas_DocSearchHPES_FindMyProduct.c(8): Error -26608: HTTP Status-Code=504 (Gateway Timeout) for "https://hx9ekpvvbi.execute-api.us-east-1.amazonaws.com/KaaS-ITG/v2/search?q=HP Color LaserJet Enterprise flow MFP M8&resultLimit=20&resultStart=0&languageCode=en&countryCode=us&store=tmsstore&filters=(class:(pm_series_value%5E1.5%20OR%20pm_name_value%20OR%20pm_number_value)%20AND%20contenttype:Product%20AND%20historicalwebsupportflag:(no))&clientId=WCC"  	[MsgId: MERR-26608]
Warning: Iteration pacing cannot be reached (pace time = 2.23, actual time = 29.04).	[MsgId: MWAR-15995]
kaas_DocSearchHPES_FindMyProduct_200.c(8): Error -26608: HTTP Status-Code=504 (Gateway Timeout) for "https://hx9ekpvvbi.execute-api.us-east-1.amazonaws.com/KaaS-ITG/v2/search?q=HP Deskjet Printer Models K010 to K999&resultLimit=200&resultStart=0&languageCode=en&countryCode=us&store=tmsstore&filters=(class:(pm_series_value%5E1.5%20OR%20pm_name_value%20OR%20pm_number_value)%20AND%20contenttype:Product%20AND%20historicalwebsupportflag:(no))&clientId=WCC"  	[MsgId: MERR-26608]
Warning: Iteration pacing cannot be reached (pace time = 2.27, actual time = 29.16).	[MsgId: MWAR-15995]
kaas_DocSearchHPES_FindMyProduct.c(8): Error -26608: HTTP Status-Code=504 (Gateway Timeout) for "https://hx9ekpvvbi.execute-api.us-east-1.amazonaws.com/KaaS-ITG/v2/search?q=envy dv6&resultLimit=20&resultStart=0&languageCode=en&countryCode=us&store=tmsstore&filters=(class:(pm_series_value%5E1.5%20OR%20pm_name_value%20OR%20pm_number_value)%20AND%20contenttype:Product%20AND%20historicalwebsupportflag:(no))&clientId=WCC"  	[MsgId: MERR-26608]
Warning: Iteration pacing cannot be reached (pace time = 2.83, actual time = 29.04).	[MsgId: MWAR-15995]
kaas_DocSearchHPES_FindMyProduct.c(8): Error -26608: HTTP Status-Code=504 (Gateway Timeout) for "https://hx9ekpvvbi.execute-api.us-east-1.amazonaws.com/KaaS-ITG/v2/search?q=Compaq Gaming Desktops&resultLimit=20&resultStart=0&languageCode=en&countryCode=us&store=tmsstore&filters=(class:(pm_series_value%5E1.5%20OR%20pm_name_value%20OR%20pm_number_value)%20AND%20contenttype:Product%20AND%20historicalwebsupportflag:(no))&clientId=WCC"  	[MsgId: MERR-26608]
Warning: Iteration pacing cannot be reached (pace time = 2.68, actual time = 29.04).	[MsgId: MWAR-15995]
kaas_DocSearchHPES_FindMyProduct_200.c(8): Error -26608: HTTP Status-Code=504 (Gateway Timeout) for "https://hx9ekpvvbi.execute-api.us-east-1.amazonaws.com/KaaS-ITG/v2/search?q=HP Pavilion Desktop Models 500-a00 to 500-c00&resultLimit=200&resultStart=0&languageCode=en&countryCode=us&store=tmsstore&filters=(class:(pm_series_value%5E1.5%20OR%20pm_name_value%20OR%20pm_number_value)%20AND%20contenttype:Product%20AND%20historicalwebsupportflag:(no))&clientId=WCC"  	[MsgId: MERR-26608]
Warning: Iteration pacing cannot be reached (pace time = 2.09, actual time = 29.04).	[MsgId: MWAR-15995]
kaas_DocSearchHPES_FindMyProduct_200.c(8): Error -26608: HTTP Status-Code=504 (Gateway Timeout) for "https://hx9ekpvvbi.execute-api.us-east-1.amazonaws.com/KaaS-ITG/v2/search?q=HP ENVY All-in-One Desktops&resultLimit=200&resultStart=0&languageCode=en&countryCode=us&store=tmsstore&filters=(class:(pm_series_value%5E1.5%20OR%20pm_name_value%20OR%20pm_number_value)%20AND%20contenttype:Product%20AND%20historicalwebsupportflag:(no))&clientId=WCC"  	[MsgId: MERR-26608]
Warning: Iteration pacing cannot be reached (pace time = 2.29, actual time = 29.04).	[MsgId: MWAR-15995]
Warning: Iteration pacing cannot be reached (pace time = 2.32, actual time = 18.42).	[MsgId: MWAR-15995]
Warning: Iteration pacing cannot be reached (pace time = 2.80, actual time = 26.95).	[MsgId: MWAR-15995]
Warning: Iteration pacing cannot be reached (pace time = 2.12, actual time = 25.43).	[MsgId: MWAR-15995]
Warning: Iteration pacing cannot be reached (pace time = 2.48, actual time = 21.18).	[MsgId: MWAR-15995]
Warning: Iteration pacing cannot be reached (pace time = 2.81, actual time = 18.28).	[MsgId: MWAR-15995]
Warning: Iteration pacing cannot be reached (pace time = 2.77, actual time = 11.91).	[MsgId: MWAR-15995]
kaas_DocSearchHPES_FindMyProduct.c(8): Error -26608: HTTP Status-Code=504 (Gateway Timeout) for "https://hx9ekpvvbi.execute-api.us-east-1.amazonaws.com/KaaS-ITG/v2/search?q=HP Pavilion 11-h128tu x2 PC&resultLimit=20&resultStart=0&languageCode=en&countryCode=us&store=tmsstore&filters=(class:(pm_series_value%5E1.5%20OR%20pm_name_value%20OR%20pm_number_value)%20AND%20contenttype:Product%20AND%20historicalwebsupportflag:(no))&clientId=WCC"  	[MsgId: MERR-26608]
Warning: Iteration pacing cannot be reached (pace time = 2.58, actual time = 29.04).	[MsgId: MWAR-15995]
Warning: Iteration pacing cannot be reached (pace time = 2.95, actual time = 24.09).	[MsgId: MWAR-15995]
Warning: Iteration pacing cannot be reached (pace time = 2.24, actual time = 22.20).	[MsgId: MWAR-15995]
Warning: Iteration pacing cannot be reached (pace time = 2.90, actual time = 26.53).	[MsgId: MWAR-15995]
Warning: Iteration pacing cannot be reached (pace time = 2.91, actual time = 16.54).	[MsgId: MWAR-15995]
Warning: Iteration pacing cannot be reached (pace time = 2.06, actual time = 25.66).	[MsgId: MWAR-15995]
Warning: Iteration pacing cannot be reached (pace time = 2.84, actual time = 20.64).	[MsgId: MWAR-15995]
Warning: Iteration pacing cannot be reached (pace time = 2.95, actual time = 17.68).	[MsgId: MWAR-15995]
Warning: Iteration pacing cannot be reached (pace time = 2.43, actual time = 24.45).	[MsgId: MWAR-15995]
Warning: Iteration pacing cannot be reached (pace time = 2.30, actual time = 17.55).	[MsgId: MWAR-15995]
Warning: Iteration pacing cannot be reached (pace time = 2.92, actual time = 19.43).	[MsgId: MWAR-15995]
Warning: Iteration pacing cannot be reached (pace time = 2.50, actual time = 21.67).	[MsgId: MWAR-15995]
Warning: Iteration pacing cannot be reached (pace time = 2.55, actual time = 14.75).	[MsgId: MWAR-15995]
Warning: Iteration pacing cannot be reached (pace time = 2.82, actual time = 8.08).	[MsgId: MWAR-15995]
Warning: Iteration pacing cannot be reached (pace time = 2.00, actual time = 10.76).	[MsgId: MWAR-15995]
Warning: Iteration pacing cannot be reached (pace time = 2.44, actual time = 21.71).	[MsgId: MWAR-15995]
Warning: Iteration pacing cannot be reached (pace time = 2.69, actual time = 20.77).	[MsgId: MWAR-15995]
Warning: Iteration pacing cannot be reached (pace time = 2.90, actual time = 17.31).	[MsgId: MWAR-15995]
Warning: Iteration pacing cannot be reached (pace time = 2.47, actual time = 11.97).	[MsgId: MWAR-15995]
Warning: Iteration pacing cannot be reached (pace time = 2.16, actual time = 10.32).	[MsgId: MWAR-15995]
Warning: Iteration pacing cannot be reached (pace time = 2.53, actual time = 5.82).	[MsgId: MWAR-15995]
Warning: Iteration pacing cannot be reached (pace time = 2.16, actual time = 4.21).	[MsgId: MWAR-15995]
Warning: Iteration pacing cannot be reached (pace time = 2.73, actual time = 11.75).	[MsgId: MWAR-15995]
Warning: Iteration pacing cannot be reached (pace time = 2.64, actual time = 7.58).	[MsgId: MWAR-15995]
Warning: Iteration pacing cannot be reached (pace time = 2.20, actual time = 2.55).	[MsgId: MWAR-15995]
Warning: Iteration pacing cannot be reached (pace time = 2.90, actual time = 5.26).	[MsgId: MWAR-15995]
Warning: Iteration pacing cannot be reached (pace time = 2.85, actual time = 3.59).	[MsgId: MWAR-15995]
Warning: Iteration pacing cannot be reached (pace time = 2.39, actual time = 25.16).	[MsgId: MWAR-15995]
Warning: Iteration pacing cannot be reached (pace time = 2.40, actual time = 3.53).	[MsgId: MWAR-15995]
Warning: Iteration pacing cannot be reached (pace time = 2.55, actual time = 2.83).	[MsgId: MWAR-15995]
Warning: Iteration pacing cannot be reached (pace time = 2.93, actual time = 6.78).	[MsgId: MWAR-15995]
Warning: Iteration pacing cannot be reached (pace time = 2.97, actual time = 23.65).	[MsgId: MWAR-15995]
Warning: Iteration pacing cannot be reached (pace time = 2.22, actual time = 10.29).	[MsgId: MWAR-15995]
Warning: Iteration pacing cannot be reached (pace time = 2.58, actual time = 7.77).	[MsgId: MWAR-15995]
Warning: Iteration pacing cannot be reached (pace time = 2.48, actual time = 8.22).	[MsgId: MWAR-15995]
Warning: Iteration pacing cannot be reached (pace time = 2.19, actual time = 10.82).	[MsgId: MWAR-15995]
Warning: Iteration pacing cannot be reached (pace time = 2.91, actual time = 11.46).	[MsgId: MWAR-15995]
Warning: Iteration pacing cannot be reached (pace time = 2.13, actual time = 8.05).	[MsgId: MWAR-15995]
Warning: Iteration pacing cannot be reached (pace time = 2.21, actual time = 15.40).	[MsgId: MWAR-15995]
Warning: Iteration pacing cannot be reached (pace time = 2.27, actual time = 15.20).	[MsgId: MWAR-15995]
Warning: Iteration pacing cannot be reached (pace time = 2.82, actual time = 12.52).	[MsgId: MWAR-15995]
Warning: Iteration pacing cannot be reached (pace time = 2.54, actual time = 8.97).	[MsgId: MWAR-15995]
Warning: Iteration pacing cannot be reached (pace time = 2.80, actual time = 18.82).	[MsgId: MWAR-15995]
Warning: Iteration pacing cannot be reached (pace time = 2.50, actual time = 14.79).	[MsgId: MWAR-15995]
kaas_DocSearchHPES_FindMyProduct_200.c(8): Error -26608: HTTP Status-Code=504 (Gateway Timeout) for "https://hx9ekpvvbi.execute-api.us-east-1.amazonaws.com/KaaS-ITG/v2/search?q=HP Pavilion Desktop Models 7000 to 9999&resultLimit=200&resultStart=0&languageCode=en&countryCode=us&store=tmsstore&filters=(class:(pm_series_value%5E1.5%20OR%20pm_name_value%20OR%20pm_number_value)%20AND%20contenttype:Product%20AND%20historicalwebsupportflag:(no))&clientId=WCC"  	[MsgId: MERR-26608]
Warning: Iteration pacing cannot be reached (pace time = 2.63, actual time = 29.04).	[MsgId: MWAR-15995]
kaas_DocSearchHPES_FindMyProduct_200.c(8): Error -26608: HTTP Status-Code=504 (Gateway Timeout) for "https://hx9ekpvvbi.execute-api.us-east-1.amazonaws.com/KaaS-ITG/v2/search?q=deskjet D268&resultLimit=200&resultStart=0&languageCode=en&countryCode=us&store=tmsstore&filters=(class:(pm_series_value%5E1.5%20OR%20pm_name_value%20OR%20pm_number_value)%20AND%20contenttype:Product%20AND%20historicalwebsupportflag:(no))&clientId=WCC"  	[MsgId: MERR-26608]
Warning: Iteration pacing cannot be reached (pace time = 2.07, actual time = 29.04).	[MsgId: MWAR-15995]
Warning: Iteration pacing cannot be reached (pace time = 2.64, actual time = 18.09).	[MsgId: MWAR-15995]
Warning: Iteration pacing cannot be reached (pace time = 2.82, actual time = 16.93).	[MsgId: MWAR-15995]
kaas_DocSearchHPES_FindMyProduct_200.c(8): Error -26608: HTTP Status-Code=504 (Gateway Timeout) for "https://hx9ekpvvbi.execute-api.us-east-1.amazonaws.com/KaaS-ITG/v2/search?q=HP Deskjet All-in-One Printers&resultLimit=200&resultStart=0&languageCode=en&countryCode=us&store=tmsstore&filters=(class:(pm_series_value%5E1.5%20OR%20pm_name_value%20OR%20pm_number_value)%20AND%20contenttype:Product%20AND%20historicalwebsupportflag:(no))&clientId=WCC"  	[MsgId: MERR-26608]
Warning: Iteration pacing cannot be reached (pace time = 2.26, actual time = 29.04).	[MsgId: MWAR-15995]
Warning: Iteration pacing cannot be reached (pace time = 2.85, actual time = 22.63).	[MsgId: MWAR-15995]
kaas_DocSearchHPES_FindMyProduct_200.c(8): Error -26608: HTTP Status-Code=504 (Gateway Timeout) for "https://hx9ekpvvbi.execute-api.us-east-1.amazonaws.com/KaaS-ITG/v2/search?q=Compaq Evo Desktop&resultLimit=200&resultStart=0&languageCode=en&countryCode=us&store=tmsstore&filters=(class:(pm_series_value%5E1.5%20OR%20pm_name_value%20OR%20pm_number_value)%20AND%20contenttype:Product%20AND%20historicalwebsupportflag:(no))&clientId=WCC"  	[MsgId: MERR-26608]
Warning: Iteration pacing cannot be reached (pace time = 2.55, actual time = 29.04).	[MsgId: MWAR-15995]
Warning: Iteration pacing cannot be reached (pace time = 2.35, actual time = 28.23).	[MsgId: MWAR-15995]
Warning: Iteration pacing cannot be reached (pace time = 2.68, actual time = 13.80).	[MsgId: MWAR-15995]
Warning: Iteration pacing cannot be reached (pace time = 2.60, actual time = 17.10).	[MsgId: MWAR-15995]
Warning: Iteration pacing cannot be reached (pace time = 2.96, actual time = 23.47).	[MsgId: MWAR-15995]
kaas_DocSearchHPES_FindMyProduct_200.c(8): Error -26608: HTTP Status-Code=504 (Gateway Timeout) for "https://hx9ekpvvbi.execute-api.us-east-1.amazonaws.com/KaaS-ITG/v2/search?q=deskjet D268&resultLimit=200&resultStart=0&languageCode=en&countryCode=us&store=tmsstore&filters=(class:(pm_series_value%5E1.5%20OR%20pm_name_value%20OR%20pm_number_value)%20AND%20contenttype:Product%20AND%20historicalwebsupportflag:(no))&clientId=WCC"  	[MsgId: MERR-26608]
Warning: Iteration pacing cannot be reached (pace time = 2.07, actual time = 29.04).	[MsgId: MWAR-15995]
kaas_DocSearchHPES_FindMyProduct_200.c(8): Error -26608: HTTP Status-Code=504 (Gateway Timeout) for "https://hx9ekpvvbi.execute-api.us-east-1.amazonaws.com/KaaS-ITG/v2/search?q=hp deskjet 62&resultLimit=200&resultStart=0&languageCode=en&countryCode=us&store=tmsstore&filters=(class:(pm_series_value%5E1.5%20OR%20pm_name_value%20OR%20pm_number_value)%20AND%20contenttype:Product%20AND%20historicalwebsupportflag:(no))&clientId=WCC"  	[MsgId: MERR-26608]
Warning: Iteration pacing cannot be reached (pace time = 2.89, actual time = 29.04).	[MsgId: MWAR-15995]
Warning: Iteration pacing cannot be reached (pace time = 2.79, actual time = 13.49).	[MsgId: MWAR-15995]
Warning: Iteration pacing cannot be reached (pace time = 2.93, actual time = 18.01).	[MsgId: MWAR-15995]
Warning: Iteration pacing cannot be reached (pace time = 2.08, actual time = 20.19).	[MsgId: MWAR-15995]
Warning: Iteration pacing cannot be reached (pace time = 2.83, actual time = 16.60).	[MsgId: MWAR-15995]
kaas_DocSearchHPES_FindMyProduct_200.c(8): Error -26608: HTTP Status-Code=504 (Gateway Timeout) for "https://hx9ekpvvbi.execute-api.us-east-1.amazonaws.com/KaaS-ITG/v2/search?q=HP ENVY x2 11-g050br&resultLimit=200&resultStart=0&languageCode=en&countryCode=us&store=tmsstore&filters=(class:(pm_series_value%5E1.5%20OR%20pm_name_value%20OR%20pm_number_value)%20AND%20contenttype:Product%20AND%20historicalwebsupportflag:(no))&clientId=WCC"  	[MsgId: MERR-26608]
Warning: Iteration pacing cannot be reached (pace time = 2.58, actual time = 29.05).	[MsgId: MWAR-15995]
kaas_DocSearchHPES_FindMyProduct_200.c(8): Error -26608: HTTP Status-Code=504 (Gateway Timeout) for "https://hx9ekpvvbi.execute-api.us-east-1.amazonaws.com/KaaS-ITG/v2/search?q=HP Officejet Printer Models 1000 to 5999&resultLimit=200&resultStart=0&languageCode=en&countryCode=us&store=tmsstore&filters=(class:(pm_series_value%5E1.5%20OR%20pm_name_value%20OR%20pm_number_value)%20AND%20contenttype:Product%20AND%20historicalwebsupportflag:(no))&clientId=WCC"  	[MsgId: MERR-26608]
Warning: Iteration pacing cannot be reached (pace time = 2.55, actual time = 29.05).	[MsgId: MWAR-15995]
kaas_DocSearchHPES_FindMyProduct.c(8): Error -26608: HTTP Status-Code=504 (Gateway Timeout) for "https://hx9ekpvvbi.execute-api.us-east-1.amazonaws.com/KaaS-ITG/v2/search?q=HP Photosmart Printer Models B1000 to B9999&resultLimit=20&resultStart=0&languageCode=en&countryCode=us&store=tmsstore&filters=(class:(pm_series_value%5E1.5%20OR%20pm_name_value%20OR%20pm_number_value)%20AND%20contenttype:Product%20AND%20historicalwebsupportflag:(no))&clientId=WCC"  	[MsgId: MERR-26608]
Warning: Iteration pacing cannot be reached (pace time = 2.88, actual time = 29.04).	[MsgId: MWAR-15995]
kaas_DocSearchHPES_FindMyProduct_200.c(8): Error -26608: HTTP Status-Code=504 (Gateway Timeout) for "https://hx9ekpvvbi.execute-api.us-east-1.amazonaws.com/KaaS-ITG/v2/search?q=HP Deskjet Ink Advantage Printers&resultLimit=200&resultStart=0&languageCode=en&countryCode=us&store=tmsstore&filters=(class:(pm_series_value%5E1.5%20OR%20pm_name_value%20OR%20pm_number_value)%20AND%20contenttype:Product%20AND%20historicalwebsupportflag:(no))&clientId=WCC"  	[MsgId: MERR-26608]
Warning: Iteration pacing cannot be reached (pace time = 2.23, actual time = 29.04).	[MsgId: MWAR-15995]
Warning: Iteration pacing cannot be reached (pace time = 2.92, actual time = 12.05).	[MsgId: MWAR-15995]
Warning: Iteration pacing cannot be reached (pace time = 2.78, actual time = 22.67).	[MsgId: MWAR-15995]
Warning: Iteration pacing cannot be reached (pace time = 2.07, actual time = 28.03).	[MsgId: MWAR-15995]
Warning: Iteration pacing cannot be reached (pace time = 2.74, actual time = 16.29).	[MsgId: MWAR-15995]
kaas_DocSearchHPES_FindMyProduct.c(8): Error -26608: HTTP Status-Code=504 (Gateway Timeout) for "https://hx9ekpvvbi.execute-api.us-east-1.amazonaws.com/KaaS-ITG/v2/search?q=HP Officejet Printer Models A100 to A999&resultLimit=20&resultStart=0&languageCode=en&countryCode=us&store=tmsstore&filters=(class:(pm_series_value%5E1.5%20OR%20pm_name_value%20OR%20pm_number_value)%20AND%20contenttype:Product%20AND%20historicalwebsupportflag:(no))&clientId=WCC"  	[MsgId: MERR-26608]
Warning: Iteration pacing cannot be reached (pace time = 2.54, actual time = 29.04).	[MsgId: MWAR-15995]
Warning: Iteration pacing cannot be reached (pace time = 2.39, actual time = 22.10).	[MsgId: MWAR-15995]
Warning: Iteration pacing cannot be reached (pace time = 2.06, actual time = 26.14).	[MsgId: MWAR-15995]
Warning: Iteration pacing cannot be reached (pace time = 2.82, actual time = 26.62).	[MsgId: MWAR-15995]
kaas_DocSearchHPES_FindMyProduct.c(8): Error -26608: HTTP Status-Code=504 (Gateway Timeout) for "https://hx9ekpvvbi.execute-api.us-east-1.amazonaws.com/KaaS-ITG/v2/search?q=Compaq Evo Desktop&resultLimit=20&resultStart=0&languageCode=en&countryCode=us&store=tmsstore&filters=(class:(pm_series_value%5E1.5%20OR%20pm_name_value%20OR%20pm_number_value)%20AND%20contenttype:Product%20AND%20historicalwebsupportflag:(no))&clientId=WCC"  	[MsgId: MERR-26608]
Warning: Iteration pacing cannot be reached (pace time = 2.85, actual time = 29.04).	[MsgId: MWAR-15995]
Warning: Iteration pacing cannot be reached (pace time = 2.34, actual time = 23.97).	[MsgId: MWAR-15995]
Warning: Iteration pacing cannot be reached (pace time = 2.27, actual time = 17.80).	[MsgId: MWAR-15995]
kaas_DocSearchHPES_FindMyProduct.c(8): Error -26608: HTTP Status-Code=504 (Gateway Timeout) for "https://hx9ekpvvbi.execute-api.us-east-1.amazonaws.com/KaaS-ITG/v2/search?q=HP Pavilion Desktop Models 100 to 999&resultLimit=20&resultStart=0&languageCode=en&countryCode=us&store=tmsstore&filters=(class:(pm_series_value%5E1.5%20OR%20pm_name_value%20OR%20pm_number_value)%20AND%20contenttype:Product%20AND%20historicalwebsupportflag:(no))&clientId=WCC"  	[MsgId: MERR-26608]
Warning: Iteration pacing cannot be reached (pace time = 2.37, actual time = 29.04).	[MsgId: MWAR-15995]
Warning: Iteration pacing cannot be reached (pace time = 2.39, actual time = 16.62).	[MsgId: MWAR-15995]
Warning: Iteration pacing cannot be reached (pace time = 2.89, actual time = 23.68).	[MsgId: MWAR-15995]
Warning: Iteration pacing cannot be reached (pace time = 2.83, actual time = 27.92).	[MsgId: MWAR-15995]
Warning: Iteration pacing cannot be reached (pace time = 2.92, actual time = 6.07).	[MsgId: MWAR-15995]
kaas_DocSearchHPES_FindMyProduct.c(8): Error -26608: HTTP Status-Code=504 (Gateway Timeout) for "https://hx9ekpvvbi.execute-api.us-east-1.amazonaws.com/KaaS-ITG/v2/search?q=d268&resultLimit=20&resultStart=0&languageCode=en&countryCode=us&store=tmsstore&filters=(class:(pm_series_value%5E1.5%20OR%20pm_name_value%20OR%20pm_number_value)%20AND%20contenttype:Product%20AND%20historicalwebsupportflag:(no))&clientId=WCC"  	[MsgId: MERR-26608]
Warning: Iteration pacing cannot be reached (pace time = 2.69, actual time = 29.04).	[MsgId: MWAR-15995]
Warning: Iteration pacing cannot be reached (pace time = 2.93, actual time = 25.40).	[MsgId: MWAR-15995]
Warning: Iteration pacing cannot be reached (pace time = 2.24, actual time = 24.08).	[MsgId: MWAR-15995]
Warning: Iteration pacing cannot be reached (pace time = 2.92, actual time = 21.43).	[MsgId: MWAR-15995]
Warning: Iteration pacing cannot be reached (pace time = 2.26, actual time = 8.35).	[MsgId: MWAR-15995]
Warning: Iteration pacing cannot be reached (pace time = 2.40, actual time = 27.23).	[MsgId: MWAR-15995]
Warning: Iteration pacing cannot be reached (pace time = 2.01, actual time = 23.38).	[MsgId: MWAR-15995]
Warning: Iteration pacing cannot be reached (pace time = 2.20, actual time = 9.48).	[MsgId: MWAR-15995]
Warning: Iteration pacing cannot be reached (pace time = 2.28, actual time = 12.53).	[MsgId: MWAR-15995]
kaas_DocSearchHPES_FindMyProduct.c(8): Error -26608: HTTP Status-Code=504 (Gateway Timeout) for "https://hx9ekpvvbi.execute-api.us-east-1.amazonaws.com/KaaS-ITG/v2/search?q=HP Color LaserJet Enterprise flow MFP M88&resultLimit=20&resultStart=0&languageCode=en&countryCode=us&store=tmsstore&filters=(class:(pm_series_value%5E1.5%20OR%20pm_name_value%20OR%20pm_number_value)%20AND%20contenttype:Product%20AND%20historicalwebsupportflag:(no))&clientId=WCC"  	[MsgId: MERR-26608]
Warning: Iteration pacing cannot be reached (pace time = 2.40, actual time = 29.04).	[MsgId: MWAR-15995]
Warning: Iteration pacing cannot be reached (pace time = 2.83, actual time = 24.50).	[MsgId: MWAR-15995]
Warning: Iteration pacing cannot be reached (pace time = 2.90, actual time = 5.73).	[MsgId: MWAR-15995]
Warning: Iteration pacing cannot be reached (pace time = 2.89, actual time = 8.17).	[MsgId: MWAR-15995]
Warning: Iteration pacing cannot be reached (pace time = 2.55, actual time = 28.07).	[MsgId: MWAR-15995]
Warning: Iteration pacing cannot be reached (pace time = 2.79, actual time = 11.86).	[MsgId: MWAR-15995]
Warning: Iteration pacing cannot be reached (pace time = 2.56, actual time = 26.49).	[MsgId: MWAR-15995]
Warning: Iteration pacing cannot be reached (pace time = 2.81, actual time = 5.99).	[MsgId: MWAR-15995]
Warning: Iteration pacing cannot be reached (pace time = 2.03, actual time = 25.23).	[MsgId: MWAR-15995]
Warning: Iteration pacing cannot be reached (pace time = 2.50, actual time = 24.24).	[MsgId: MWAR-15995]
Warning: Iteration pacing cannot be reached (pace time = 2.21, actual time = 16.34).	[MsgId: MWAR-15995]
Warning: Iteration pacing cannot be reached (pace time = 2.17, actual time = 9.41).	[MsgId: MWAR-15995]
Warning: Iteration pacing cannot be reached (pace time = 2.71, actual time = 3.91).	[MsgId: MWAR-15995]
Warning: Iteration pacing cannot be reached (pace time = 2.81, actual time = 10.37).	[MsgId: MWAR-15995]
Warning: Iteration pacing cannot be reached (pace time = 2.71, actual time = 23.77).	[MsgId: MWAR-15995]
Warning: Iteration pacing cannot be reached (pace time = 2.04, actual time = 2.70).	[MsgId: MWAR-15995]
Warning: Iteration pacing cannot be reached (pace time = 2.46, actual time = 2.54).	[MsgId: MWAR-15995]
Warning: Iteration pacing cannot be reached (pace time = 2.81, actual time = 3.30).	[MsgId: MWAR-15995]
Warning: Iteration pacing cannot be reached (pace time = 2.08, actual time = 3.53).	[MsgId: MWAR-15995]
Warning: Iteration pacing cannot be reached (pace time = 2.60, actual time = 7.95).	[MsgId: MWAR-15995]
Warning: Iteration pacing cannot be reached (pace time = 2.31, actual time = 7.58).	[MsgId: MWAR-15995]
Warning: Iteration pacing cannot be reached (pace time = 2.73, actual time = 7.11).	[MsgId: MWAR-15995]
Warning: Iteration pacing cannot be reached (pace time = 2.22, actual time = 7.39).	[MsgId: MWAR-15995]
Warning: Iteration pacing cannot be reached (pace time = 2.29, actual time = 6.82).	[MsgId: MWAR-15995]
Warning: Iteration pacing cannot be reached (pace time = 2.27, actual time = 15.46).	[MsgId: MWAR-15995]
Warning: Iteration pacing cannot be reached (pace time = 2.75, actual time = 12.75).	[MsgId: MWAR-15995]
Warning: Iteration pacing cannot be reached (pace time = 2.70, actual time = 7.83).	[MsgId: MWAR-15995]
Warning: Iteration pacing cannot be reached (pace time = 2.18, actual time = 5.89).	[MsgId: MWAR-15995]
Warning: Iteration pacing cannot be reached (pace time = 2.13, actual time = 20.27).	[MsgId: MWAR-15995]
Warning: Iteration pacing cannot be reached (pace time = 2.40, actual time = 9.93).	[MsgId: MWAR-15995]
Warning: Iteration pacing cannot be reached (pace time = 2.76, actual time = 18.22).	[MsgId: MWAR-15995]
Warning: Iteration pacing cannot be reached (pace time = 2.56, actual time = 16.44).	[MsgId: MWAR-15995]
Warning: Iteration pacing cannot be reached (pace time = 2.78, actual time = 14.30).	[MsgId: MWAR-15995]
Warning: Iteration pacing cannot be reached (pace time = 2.24, actual time = 15.88).	[MsgId: MWAR-15995]
Warning: Iteration pacing cannot be reached (pace time = 2.96, actual time = 21.08).	[MsgId: MWAR-15995]
Warning: Iteration pacing cannot be reached (pace time = 2.55, actual time = 22.14).	[MsgId: MWAR-15995]
Warning: Iteration pacing cannot be reached (pace time = 2.17, actual time = 23.40).	[MsgId: MWAR-15995]
Warning: Iteration pacing cannot be reached (pace time = 2.86, actual time = 23.13).	[MsgId: MWAR-15995]
Warning: Iteration pacing cannot be reached (pace time = 2.62, actual time = 8.30).	[MsgId: MWAR-15995]
Warning: Iteration pacing cannot be reached (pace time = 2.87, actual time = 11.62).	[MsgId: MWAR-15995]
Warning: Iteration pacing cannot be reached (pace time = 2.71, actual time = 9.32).	[MsgId: MWAR-15995]
Warning: Iteration pacing cannot be reached (pace time = 2.24, actual time = 22.89).	[MsgId: MWAR-15995]
Warning: Iteration pacing cannot be reached (pace time = 2.87, actual time = 25.85).	[MsgId: MWAR-15995]
Warning: Iteration pacing cannot be reached (pace time = 2.36, actual time = 24.95).	[MsgId: MWAR-15995]
Warning: Iteration pacing cannot be reached (pace time = 2.21, actual time = 24.44).	[MsgId: MWAR-15995]
Warning: Iteration pacing cannot be reached (pace time = 2.16, actual time = 24.15).	[MsgId: MWAR-15995]
kaas_DocSearchHPES_FindMyProduct.c(8): Error -26608: HTTP Status-Code=504 (Gateway Timeout) for "https://hx9ekpvvbi.execute-api.us-east-1.amazonaws.com/KaaS-ITG/v2/search?q=HP Officejet Printer Models A100 to A999&resultLimit=20&resultStart=0&languageCode=en&countryCode=us&store=tmsstore&filters=(class:(pm_series_value%5E1.5%20OR%20pm_name_value%20OR%20pm_number_value)%20AND%20contenttype:Product%20AND%20historicalwebsupportflag:(no))&clientId=WCC"  	[MsgId: MERR-26608]
Warning: Iteration pacing cannot be reached (pace time = 2.25, actual time = 29.04).	[MsgId: MWAR-15995]
kaas_DocSearchHPES_FindMyProduct.c(8): Error -26608: HTTP Status-Code=504 (Gateway Timeout) for "https://hx9ekpvvbi.execute-api.us-east-1.amazonaws.com/KaaS-ITG/v2/search?q=HP LaserJet Enterprise Printers&resultLimit=20&resultStart=0&languageCode=en&countryCode=us&store=tmsstore&filters=(class:(pm_series_value%5E1.5%20OR%20pm_name_value%20OR%20pm_number_value)%20AND%20contenttype:Product%20AND%20historicalwebsupportflag:(no))&clientId=WCC"  	[MsgId: MERR-26608]
Warning: Iteration pacing cannot be reached (pace time = 2.70, actual time = 29.04).	[MsgId: MWAR-15995]
kaas_DocSearchHPES_FindMyProduct.c(8): Error -26608: HTTP Status-Code=504 (Gateway Timeout) for "https://hx9ekpvvbi.execute-api.us-east-1.amazonaws.com/KaaS-ITG/v2/search?q=HP Pavilion Desktop Models 7000 to 9999&resultLimit=20&resultStart=0&languageCode=en&countryCode=us&store=tmsstore&filters=(class:(pm_series_value%5E1.5%20OR%20pm_name_value%20OR%20pm_number_value)%20AND%20contenttype:Product%20AND%20historicalwebsupportflag:(no))&clientId=WCC"  	[MsgId: MERR-26608]
Warning: Iteration pacing cannot be reached (pace time = 2.16, actual time = 29.04).	[MsgId: MWAR-15995]
Warning: Iteration pacing cannot be reached (pace time = 2.15, actual time = 20.38).	[MsgId: MWAR-15995]
Warning: Iteration pacing cannot be reached (pace time = 2.81, actual time = 16.60).	[MsgId: MWAR-15995]
kaas_DocSearchHPES_FindMyProduct.c(8): Error -26608: HTTP Status-Code=504 (Gateway Timeout) for "https://hx9ekpvvbi.execute-api.us-east-1.amazonaws.com/KaaS-ITG/v2/search?q=HP ENVY 4-1009tx Notebook PC&resultLimit=20&resultStart=0&languageCode=en&countryCode=us&store=tmsstore&filters=(class:(pm_series_value%5E1.5%20OR%20pm_name_value%20OR%20pm_number_value)%20AND%20contenttype:Product%20AND%20historicalwebsupportflag:(no))&clientId=WCC"  	[MsgId: MERR-26608]
Warning: Iteration pacing cannot be reached (pace time = 2.60, actual time = 29.04).	[MsgId: MWAR-15995]
Warning: Iteration pacing cannot be reached (pace time = 2.27, actual time = 28.81).	[MsgId: MWAR-15995]
Warning: Iteration pacing cannot be reached (pace time = 2.53, actual time = 22.09).	[MsgId: MWAR-15995]
Warning: Iteration pacing cannot be reached (pace time = 2.81, actual time = 28.62).	[MsgId: MWAR-15995]
kaas_DocSearchHPES_FindMyProduct_200.c(8): Error -26608: HTTP Status-Code=504 (Gateway Timeout) for "https://hx9ekpvvbi.execute-api.us-east-1.amazonaws.com/KaaS-ITG/v2/search?q=Compaq Deskpro Desktops&resultLimit=200&resultStart=0&languageCode=en&countryCode=us&store=tmsstore&filters=(class:(pm_series_value%5E1.5%20OR%20pm_name_value%20OR%20pm_number_value)%20AND%20contenttype:Product%20AND%20historicalwebsupportflag:(no))&clientId=WCC"  	[MsgId: MERR-26608]
Warning: Iteration pacing cannot be reached (pace time = 2.97, actual time = 29.07).	[MsgId: MWAR-15995]
kaas_DocSearchHPES_FindMyProduct_200.c(8): Error -26608: HTTP Status-Code=504 (Gateway Timeout) for "https://hx9ekpvvbi.execute-api.us-east-1.amazonaws.com/KaaS-ITG/v2/search?q=HP Pavilion Desktop Models 100 to 999&resultLimit=200&resultStart=0&languageCode=en&countryCode=us&store=tmsstore&filters=(class:(pm_series_value%5E1.5%20OR%20pm_name_value%20OR%20pm_number_value)%20AND%20contenttype:Product%20AND%20historicalwebsupportflag:(no))&clientId=WCC"  	[MsgId: MERR-26608]
Warning: Iteration pacing cannot be reached (pace time = 2.17, actual time = 29.04).	[MsgId: MWAR-15995]
Warning: Iteration pacing cannot be reached (pace time = 2.89, actual time = 13.44).	[MsgId: MWAR-15995]
Warning: Iteration pacing cannot be reached (pace time = 2.18, actual time = 3.60).	[MsgId: MWAR-15995]
Warning: Iteration pacing cannot be reached (pace time = 2.75, actual time = 13.28).	[MsgId: MWAR-15995]
Warning: Iteration pacing cannot be reached (pace time = 2.31, actual time = 8.58).	[MsgId: MWAR-15995]
Warning: Iteration pacing cannot be reached (pace time = 2.08, actual time = 13.67).	[MsgId: MWAR-15995]
Warning: Iteration pacing cannot be reached (pace time = 2.96, actual time = 24.05).	[MsgId: MWAR-15995]
Warning: Iteration pacing cannot be reached (pace time = 2.70, actual time = 23.96).	[MsgId: MWAR-15995]
Warning: Iteration pacing cannot be reached (pace time = 2.02, actual time = 21.70).	[MsgId: MWAR-15995]
Warning: Iteration pacing cannot be reached (pace time = 2.59, actual time = 14.17).	[MsgId: MWAR-15995]
Warning: Iteration pacing cannot be reached (pace time = 2.66, actual time = 24.60).	[MsgId: MWAR-15995]
Warning: Iteration pacing cannot be reached (pace time = 2.61, actual time = 18.50).	[MsgId: MWAR-15995]
Warning: Iteration pacing cannot be reached (pace time = 2.17, actual time = 10.44).	[MsgId: MWAR-15995]
Warning: Iteration pacing cannot be reached (pace time = 2.89, actual time = 7.18).	[MsgId: MWAR-15995]
Warning: Iteration pacing cannot be reached (pace time = 2.69, actual time = 6.35).	[MsgId: MWAR-15995]
Warning: Iteration pacing cannot be reached (pace time = 2.10, actual time = 9.25).	[MsgId: MWAR-15995]
Warning: Iteration pacing cannot be reached (pace time = 2.02, actual time = 3.83).	[MsgId: MWAR-15995]
Warning: Iteration pacing cannot be reached (pace time = 2.84, actual time = 27.13).	[MsgId: MWAR-15995]
Warning: Iteration pacing cannot be reached (pace time = 2.94, actual time = 3.64).	[MsgId: MWAR-15995]
Warning: Iteration pacing cannot be reached (pace time = 2.28, actual time = 26.07).	[MsgId: MWAR-15995]
Warning: Iteration pacing cannot be reached (pace time = 2.12, actual time = 22.75).	[MsgId: MWAR-15995]
Warning: Iteration pacing cannot be reached (pace time = 2.29, actual time = 4.53).	[MsgId: MWAR-15995]
Warning: Iteration pacing cannot be reached (pace time = 2.55, actual time = 15.99).	[MsgId: MWAR-15995]
Warning: Iteration pacing cannot be reached (pace time = 2.12, actual time = 9.62).	[MsgId: MWAR-15995]
Warning: Iteration pacing cannot be reached (pace time = 2.42, actual time = 27.30).	[MsgId: MWAR-15995]
Warning: Iteration pacing cannot be reached (pace time = 2.87, actual time = 9.10).	[MsgId: MWAR-15995]
Warning: Iteration pacing cannot be reached (pace time = 2.94, actual time = 13.41).	[MsgId: MWAR-15995]
Warning: Iteration pacing cannot be reached (pace time = 2.53, actual time = 27.36).	[MsgId: MWAR-15995]
Warning: Iteration pacing cannot be reached (pace time = 2.75, actual time = 9.50).	[MsgId: MWAR-15995]
Warning: Iteration pacing cannot be reached (pace time = 2.08, actual time = 23.72).	[MsgId: MWAR-15995]
Warning: Iteration pacing cannot be reached (pace time = 2.84, actual time = 16.91).	[MsgId: MWAR-15995]
Warning: Iteration pacing cannot be reached (pace time = 2.44, actual time = 3.08).	[MsgId: MWAR-15995]
Warning: Iteration pacing cannot be reached (pace time = 2.11, actual time = 3.10).	[MsgId: MWAR-15995]
Warning: Iteration pacing cannot be reached (pace time = 2.01, actual time = 3.62).	[MsgId: MWAR-15995]
Warning: Iteration pacing cannot be reached (pace time = 2.99, actual time = 3.37).	[MsgId: MWAR-15995]
Warning: Iteration pacing cannot be reached (pace time = 2.50, actual time = 4.89).	[MsgId: MWAR-15995]
Warning: Iteration pacing cannot be reached (pace time = 2.36, actual time = 3.25).	[MsgId: MWAR-15995]
kaas_DocSearchHPES_FindMyProduct_200.c(8): Error -26608: HTTP Status-Code=504 (Gateway Timeout) for "https://hx9ekpvvbi.execute-api.us-east-1.amazonaws.com/KaaS-ITG/v2/search?q=HP Pavilion 11-h128tu x2 PC&resultLimit=200&resultStart=0&languageCode=en&countryCode=us&store=tmsstore&filters=(class:(pm_series_value%5E1.5%20OR%20pm_name_value%20OR%20pm_number_value)%20AND%20contenttype:Product%20AND%20historicalwebsupportflag:(no))&clientId=WCC"  	[MsgId: MERR-26608]
Warning: Iteration pacing cannot be reached (pace time = 2.91, actual time = 29.04).	[MsgId: MWAR-15995]
Warning: Iteration pacing cannot be reached (pace time = 2.35, actual time = 23.23).	[MsgId: MWAR-15995]
Warning: Iteration pacing cannot be reached (pace time = 2.14, actual time = 4.64).	[MsgId: MWAR-15995]
Warning: Iteration pacing cannot be reached (pace time = 2.99, actual time = 3.81).	[MsgId: MWAR-15995]
Warning: Iteration pacing cannot be reached (pace time = 2.20, actual time = 3.93).	[MsgId: MWAR-15995]
Warning: Iteration pacing cannot be reached (pace time = 2.03, actual time = 5.49).	[MsgId: MWAR-15995]
Warning: Iteration pacing cannot be reached (pace time = 2.48, actual time = 8.90).	[MsgId: MWAR-15995]
Warning: Iteration pacing cannot be reached (pace time = 2.98, actual time = 5.31).	[MsgId: MWAR-15995]
Warning: Iteration pacing cannot be reached (pace time = 2.28, actual time = 3.54).	[MsgId: MWAR-15995]
Warning: Iteration pacing cannot be reached (pace time = 2.69, actual time = 8.49).	[MsgId: MWAR-15995]
Warning: Iteration pacing cannot be reached (pace time = 2.51, actual time = 3.29).	[MsgId: MWAR-15995]
Warning: Iteration pacing cannot be reached (pace time = 2.04, actual time = 5.65).	[MsgId: MWAR-15995]
Warning: Iteration pacing cannot be reached (pace time = 2.46, actual time = 3.00).	[MsgId: MWAR-15995]
Warning: Iteration pacing cannot be reached (pace time = 2.72, actual time = 6.05).	[MsgId: MWAR-15995]
Warning: Iteration pacing cannot be reached (pace time = 2.16, actual time = 13.23).	[MsgId: MWAR-15995]
Warning: Iteration pacing cannot be reached (pace time = 2.25, actual time = 2.66).	[MsgId: MWAR-15995]
Warning: Iteration pacing cannot be reached (pace time = 2.09, actual time = 5.56).	[MsgId: MWAR-15995]
Warning: Iteration pacing cannot be reached (pace time = 2.33, actual time = 5.37).	[MsgId: MWAR-15995]
kaas_DocSearchHPES_FindMyProduct_200.c(8): Error -26608: HTTP Status-Code=504 (Gateway Timeout) for "https://hx9ekpvvbi.execute-api.us-east-1.amazonaws.com/KaaS-ITG/v2/search?q=elitebook 84&resultLimit=200&resultStart=0&languageCode=en&countryCode=us&store=tmsstore&filters=(class:(pm_series_value%5E1.5%20OR%20pm_name_value%20OR%20pm_number_value)%20AND%20contenttype:Product%20AND%20historicalwebsupportflag:(no))&clientId=WCC"  	[MsgId: MERR-26608]
Warning: Iteration pacing cannot be reached (pace time = 2.25, actual time = 29.04).	[MsgId: MWAR-15995]
Warning: Iteration pacing cannot be reached (pace time = 2.99, actual time = 7.62).	[MsgId: MWAR-15995]
Warning: Iteration pacing cannot be reached (pace time = 2.80, actual time = 6.92).	[MsgId: MWAR-15995]
Warning: Iteration pacing cannot be reached (pace time = 2.53, actual time = 10.35).	[MsgId: MWAR-15995]
Warning: Iteration pacing cannot be reached (pace time = 2.95, actual time = 6.47).	[MsgId: MWAR-15995]
