Warning: Iteration pacing cannot be reached (pace time = 2.37, actual time = 2.67).	[MsgId: MWAR-15995]
Warning: Iteration pacing cannot be reached (pace time = 2.44, actual time = 3.25).	[MsgId: MWAR-15995]
Warning: Iteration pacing cannot be reached (pace time = 2.14, actual time = 2.56).	[MsgId: MWAR-15995]
Warning: Iteration pacing cannot be reached (pace time = 2.58, actual time = 3.80).	[MsgId: MWAR-15995]
kaas_DocSearchHPES_FindMyProduct_200.c(8): Error -26608: HTTP Status-Code=504 (Gateway Timeout) for "https://hx9ekpvvbi.execute-api.us-east-1.amazonaws.com/KaaS-ITG/v2/search?q=HP Pavilion&resultLimit=200&resultStart=0&languageCode=en&countryCode=us&store=tmsstore&filters=(class:(pm_series_value%5E1.5%20OR%20pm_name_value%20OR%20pm_number_value)%20AND%20contenttype:Product%20AND%20historicalwebsupportflag:(no))&clientId=WCC"  	[MsgId: MERR-26608]
Warning: Iteration pacing cannot be reached (pace time = 2.56, actual time = 29.12).	[MsgId: MWAR-15995]
kaas_DocSearchHPES_FindMyProduct_200.c(8): Error -26608: HTTP Status-Code=504 (Gateway Timeout) for "https://hx9ekpvvbi.execute-api.us-east-1.amazonaws.com/KaaS-ITG/v2/search?q=deskjet D268&resultLimit=200&resultStart=0&languageCode=en&countryCode=us&store=tmsstore&filters=(class:(pm_series_value%5E1.5%20OR%20pm_name_value%20OR%20pm_number_value)%20AND%20contenttype:Product%20AND%20historicalwebsupportflag:(no))&clientId=WCC"  	[MsgId: MERR-26608]
Warning: Iteration pacing cannot be reached (pace time = 2.77, actual time = 29.04).	[MsgId: MWAR-15995]
kaas_DocSearchHPES_FindMyProduct.c(8): Error -26608: HTTP Status-Code=504 (Gateway Timeout) for "https://hx9ekpvvbi.execute-api.us-east-1.amazonaws.com/KaaS-ITG/v2/search?q=123725-126&resultLimit=20&resultStart=0&languageCode=en&countryCode=us&store=tmsstore&filters=(class:(pm_series_value%5E1.5%20OR%20pm_name_value%20OR%20pm_number_value)%20AND%20contenttype:Product%20AND%20historicalwebsupportflag:(no))&clientId=WCC"  	[MsgId: MERR-26608]
Warning: Iteration pacing cannot be reached (pace time = 2.47, actual time = 29.04).	[MsgId: MWAR-15995]
Warning: Iteration pacing cannot be reached (pace time = 2.97, actual time = 28.12).	[MsgId: MWAR-15995]
Warning: Iteration pacing cannot be reached (pace time = 2.62, actual time = 23.69).	[MsgId: MWAR-15995]
Warning: Iteration pacing cannot be reached (pace time = 2.73, actual time = 11.92).	[MsgId: MWAR-15995]
Warning: Iteration pacing cannot be reached (pace time = 2.03, actual time = 12.30).	[MsgId: MWAR-15995]
Warning: Iteration pacing cannot be reached (pace time = 2.42, actual time = 5.90).	[MsgId: MWAR-15995]
Warning: Iteration pacing cannot be reached (pace time = 2.67, actual time = 8.60).	[MsgId: MWAR-15995]
Warning: Iteration pacing cannot be reached (pace time = 2.16, actual time = 2.57).	[MsgId: MWAR-15995]
Warning: Iteration pacing cannot be reached (pace time = 2.21, actual time = 3.00).	[MsgId: MWAR-15995]
Warning: Iteration pacing cannot be reached (pace time = 2.83, actual time = 27.74).	[MsgId: MWAR-15995]
kaas_DocSearchHPES_FindMyProduct.c(8): Error -26608: HTTP Status-Code=504 (Gateway Timeout) for "https://hx9ekpvvbi.execute-api.us-east-1.amazonaws.com/KaaS-ITG/v2/search?q=HP Photosmart Printer Models A100 to A999&resultLimit=20&resultStart=0&languageCode=en&countryCode=us&store=tmsstore&filters=(class:(pm_series_value%5E1.5%20OR%20pm_name_value%20OR%20pm_number_value)%20AND%20contenttype:Product%20AND%20historicalwebsupportflag:(no))&clientId=WCC"  	[MsgId: MERR-26608]
Warning: Iteration pacing cannot be reached (pace time = 2.27, actual time = 29.04).	[MsgId: MWAR-15995]
kaas_DocSearchHPES_FindMyProduct_200.c(8): Error -26608: HTTP Status-Code=504 (Gateway Timeout) for "https://hx9ekpvvbi.execute-api.us-east-1.amazonaws.com/KaaS-ITG/v2/search?q=Envy 15 k1&resultLimit=200&resultStart=0&languageCode=en&countryCode=us&store=tmsstore&filters=(class:(pm_series_value%5E1.5%20OR%20pm_name_value%20OR%20pm_number_value)%20AND%20contenttype:Product%20AND%20historicalwebsupportflag:(no))&clientId=WCC"  	[MsgId: MERR-26608]
Warning: Iteration pacing cannot be reached (pace time = 2.32, actual time = 29.04).	[MsgId: MWAR-15995]
kaas_DocSearchHPES_FindMyProduct.c(8): Error -26608: HTTP Status-Code=504 (Gateway Timeout) for "https://hx9ekpvvbi.execute-api.us-east-1.amazonaws.com/KaaS-ITG/v2/search?q=HP Classmate Notebooks&resultLimit=20&resultStart=0&languageCode=en&countryCode=us&store=tmsstore&filters=(class:(pm_series_value%5E1.5%20OR%20pm_name_value%20OR%20pm_number_value)%20AND%20contenttype:Product%20AND%20historicalwebsupportflag:(no))&clientId=WCC"  	[MsgId: MERR-26608]
Warning: Iteration pacing cannot be reached (pace time = 2.46, actual time = 29.04).	[MsgId: MWAR-15995]
kaas_DocSearchHPES_FindMyProduct.c(8): Error -26608: HTTP Status-Code=504 (Gateway Timeout) for "https://hx9ekpvvbi.execute-api.us-east-1.amazonaws.com/KaaS-ITG/v2/search?q=HP Officejet Printer Models 6000 to 9999&resultLimit=20&resultStart=0&languageCode=en&countryCode=us&store=tmsstore&filters=(class:(pm_series_value%5E1.5%20OR%20pm_name_value%20OR%20pm_number_value)%20AND%20contenttype:Product%20AND%20historicalwebsupportflag:(no))&clientId=WCC"  	[MsgId: MERR-26608]
Warning: Iteration pacing cannot be reached (pace time = 2.31, actual time = 29.04).	[MsgId: MWAR-15995]
Warning: Iteration pacing cannot be reached (pace time = 2.67, actual time = 20.43).	[MsgId: MWAR-15995]
Warning: Iteration pacing cannot be reached (pace time = 2.29, actual time = 19.75).	[MsgId: MWAR-15995]
Warning: Iteration pacing cannot be reached (pace time = 2.10, actual time = 8.66).	[MsgId: MWAR-15995]
Warning: Iteration pacing cannot be reached (pace time = 2.54, actual time = 4.39).	[MsgId: MWAR-15995]
Warning: Iteration pacing cannot be reached (pace time = 2.27, actual time = 2.36).	[MsgId: MWAR-15995]
Warning: Iteration pacing cannot be reached (pace time = 2.15, actual time = 2.79).	[MsgId: MWAR-15995]
Warning: Iteration pacing cannot be reached (pace time = 2.81, actual time = 2.83).	[MsgId: MWAR-15995]
Warning: Iteration pacing cannot be reached (pace time = 2.98, actual time = 12.68).	[MsgId: MWAR-15995]
Warning: Iteration pacing cannot be reached (pace time = 2.24, actual time = 3.10).	[MsgId: MWAR-15995]
Warning: Iteration pacing cannot be reached (pace time = 2.44, actual time = 4.25).	[MsgId: MWAR-15995]
Warning: Iteration pacing cannot be reached (pace time = 2.89, actual time = 8.38).	[MsgId: MWAR-15995]
Warning: Iteration pacing cannot be reached (pace time = 2.10, actual time = 2.50).	[MsgId: MWAR-15995]
Warning: Iteration pacing cannot be reached (pace time = 2.37, actual time = 2.67).	[MsgId: MWAR-15995]
Warning: Iteration pacing cannot be reached (pace time = 2.96, actual time = 4.67).	[MsgId: MWAR-15995]
Warning: Iteration pacing cannot be reached (pace time = 2.55, actual time = 5.09).	[MsgId: MWAR-15995]
Warning: Iteration pacing cannot be reached (pace time = 2.58, actual time = 6.48).	[MsgId: MWAR-15995]
Warning: Iteration pacing cannot be reached (pace time = 2.80, actual time = 3.08).	[MsgId: MWAR-15995]
Warning: Iteration pacing cannot be reached (pace time = 2.04, actual time = 3.56).	[MsgId: MWAR-15995]
Warning: Iteration pacing cannot be reached (pace time = 2.10, actual time = 2.73).	[MsgId: MWAR-15995]
Warning: Iteration pacing cannot be reached (pace time = 2.05, actual time = 5.49).	[MsgId: MWAR-15995]
Warning: Iteration pacing cannot be reached (pace time = 2.59, actual time = 7.45).	[MsgId: MWAR-15995]
Warning: Iteration pacing cannot be reached (pace time = 2.24, actual time = 3.29).	[MsgId: MWAR-15995]
Warning: Iteration pacing cannot be reached (pace time = 2.16, actual time = 4.93).	[MsgId: MWAR-15995]
Warning: Iteration pacing cannot be reached (pace time = 2.15, actual time = 6.17).	[MsgId: MWAR-15995]
Warning: Iteration pacing cannot be reached (pace time = 2.75, actual time = 4.56).	[MsgId: MWAR-15995]
Warning: Iteration pacing cannot be reached (pace time = 2.69, actual time = 4.02).	[MsgId: MWAR-15995]
Warning: Iteration pacing cannot be reached (pace time = 2.06, actual time = 2.85).	[MsgId: MWAR-15995]
Warning: Iteration pacing cannot be reached (pace time = 2.75, actual time = 2.77).	[MsgId: MWAR-15995]
Warning: Iteration pacing cannot be reached (pace time = 2.23, actual time = 4.04).	[MsgId: MWAR-15995]
Warning: Iteration pacing cannot be reached (pace time = 2.40, actual time = 2.44).	[MsgId: MWAR-15995]
Warning: Iteration pacing cannot be reached (pace time = 2.49, actual time = 2.83).	[MsgId: MWAR-15995]
Warning: Iteration pacing cannot be reached (pace time = 2.61, actual time = 3.09).	[MsgId: MWAR-15995]
Warning: Iteration pacing cannot be reached (pace time = 2.26, actual time = 2.39).	[MsgId: MWAR-15995]
Warning: Iteration pacing cannot be reached (pace time = 2.12, actual time = 2.45).	[MsgId: MWAR-15995]
Warning: Iteration pacing cannot be reached (pace time = 2.30, actual time = 2.58).	[MsgId: MWAR-15995]
Warning: Iteration pacing cannot be reached (pace time = 2.15, actual time = 2.23).	[MsgId: MWAR-15995]
Warning: Iteration pacing cannot be reached (pace time = 2.68, actual time = 3.33).	[MsgId: MWAR-15995]
Warning: Iteration pacing cannot be reached (pace time = 2.47, actual time = 2.51).	[MsgId: MWAR-15995]
Warning: Iteration pacing cannot be reached (pace time = 2.21, actual time = 2.33).	[MsgId: MWAR-15995]
Warning: Iteration pacing cannot be reached (pace time = 2.85, actual time = 2.86).	[MsgId: MWAR-15995]
Warning: Iteration pacing cannot be reached (pace time = 2.78, actual time = 3.45).	[MsgId: MWAR-15995]
Warning: Iteration pacing cannot be reached (pace time = 2.12, actual time = 2.23).	[MsgId: MWAR-15995]
Warning: Iteration pacing cannot be reached (pace time = 2.14, actual time = 2.17).	[MsgId: MWAR-15995]
Warning: Iteration pacing cannot be reached (pace time = 2.05, actual time = 2.10).	[MsgId: MWAR-15995]
Warning: Iteration pacing cannot be reached (pace time = 2.03, actual time = 2.30).	[MsgId: MWAR-15995]
Warning: Iteration pacing cannot be reached (pace time = 2.02, actual time = 2.30).	[MsgId: MWAR-15995]
Warning: Iteration pacing cannot be reached (pace time = 2.23, actual time = 2.54).	[MsgId: MWAR-15995]
Warning: Iteration pacing cannot be reached (pace time = 2.69, actual time = 3.51).	[MsgId: MWAR-15995]
Warning: Iteration pacing cannot be reached (pace time = 2.52, actual time = 3.34).	[MsgId: MWAR-15995]
Warning: Iteration pacing cannot be reached (pace time = 2.70, actual time = 2.82).	[MsgId: MWAR-15995]
Warning: Iteration pacing cannot be reached (pace time = 2.55, actual time = 2.97).	[MsgId: MWAR-15995]
Warning: Iteration pacing cannot be reached (pace time = 2.48, actual time = 3.85).	[MsgId: MWAR-15995]
Warning: Iteration pacing cannot be reached (pace time = 2.14, actual time = 5.12).	[MsgId: MWAR-15995]
Warning: Iteration pacing cannot be reached (pace time = 2.52, actual time = 2.72).	[MsgId: MWAR-15995]
Warning: Iteration pacing cannot be reached (pace time = 2.32, actual time = 2.34).	[MsgId: MWAR-15995]
Warning: Iteration pacing cannot be reached (pace time = 2.61, actual time = 2.80).	[MsgId: MWAR-15995]
Warning: Iteration pacing cannot be reached (pace time = 2.04, actual time = 2.34).	[MsgId: MWAR-15995]
Warning: Iteration pacing cannot be reached (pace time = 2.54, actual time = 2.85).	[MsgId: MWAR-15995]
Warning: Iteration pacing cannot be reached (pace time = 2.73, actual time = 4.25).	[MsgId: MWAR-15995]
Warning: Iteration pacing cannot be reached (pace time = 2.17, actual time = 2.31).	[MsgId: MWAR-15995]
Warning: Iteration pacing cannot be reached (pace time = 2.91, actual time = 2.96).	[MsgId: MWAR-15995]
Warning: Iteration pacing cannot be reached (pace time = 2.13, actual time = 2.29).	[MsgId: MWAR-15995]
Warning: Iteration pacing cannot be reached (pace time = 2.34, actual time = 2.50).	[MsgId: MWAR-15995]
Warning: Iteration pacing cannot be reached (pace time = 2.20, actual time = 2.65).	[MsgId: MWAR-15995]
Warning: Iteration pacing cannot be reached (pace time = 2.67, actual time = 2.74).	[MsgId: MWAR-15995]
Warning: Iteration pacing cannot be reached (pace time = 2.58, actual time = 2.62).	[MsgId: MWAR-15995]
Warning: Iteration pacing cannot be reached (pace time = 2.08, actual time = 2.54).	[MsgId: MWAR-15995]
Warning: Iteration pacing cannot be reached (pace time = 2.24, actual time = 4.08).	[MsgId: MWAR-15995]
Warning: Iteration pacing cannot be reached (pace time = 2.18, actual time = 2.33).	[MsgId: MWAR-15995]
Warning: Iteration pacing cannot be reached (pace time = 2.14, actual time = 3.09).	[MsgId: MWAR-15995]
Warning: Iteration pacing cannot be reached (pace time = 2.07, actual time = 2.69).	[MsgId: MWAR-15995]
Warning: Iteration pacing cannot be reached (pace time = 2.17, actual time = 3.21).	[MsgId: MWAR-15995]
Warning: Iteration pacing cannot be reached (pace time = 2.20, actual time = 2.29).	[MsgId: MWAR-15995]
Warning: Iteration pacing cannot be reached (pace time = 2.14, actual time = 2.68).	[MsgId: MWAR-15995]
Warning: Iteration pacing cannot be reached (pace time = 2.62, actual time = 2.90).	[MsgId: MWAR-15995]
Warning: Iteration pacing cannot be reached (pace time = 2.97, actual time = 3.10).	[MsgId: MWAR-15995]
Warning: Iteration pacing cannot be reached (pace time = 2.76, actual time = 3.19).	[MsgId: MWAR-15995]
Warning: Iteration pacing cannot be reached (pace time = 2.02, actual time = 2.11).	[MsgId: MWAR-15995]
Warning: Iteration pacing cannot be reached (pace time = 2.03, actual time = 2.17).	[MsgId: MWAR-15995]
Warning: Iteration pacing cannot be reached (pace time = 2.80, actual time = 3.06).	[MsgId: MWAR-15995]
Warning: Iteration pacing cannot be reached (pace time = 2.33, actual time = 2.84).	[MsgId: MWAR-15995]
Warning: Iteration pacing cannot be reached (pace time = 2.32, actual time = 2.50).	[MsgId: MWAR-15995]
Warning: Iteration pacing cannot be reached (pace time = 2.15, actual time = 3.37).	[MsgId: MWAR-15995]
Warning: Iteration pacing cannot be reached (pace time = 2.01, actual time = 2.07).	[MsgId: MWAR-15995]
Warning: Iteration pacing cannot be reached (pace time = 2.70, actual time = 3.12).	[MsgId: MWAR-15995]
Warning: Iteration pacing cannot be reached (pace time = 2.96, actual time = 2.97).	[MsgId: MWAR-15995]
Warning: Iteration pacing cannot be reached (pace time = 2.08, actual time = 2.22).	[MsgId: MWAR-15995]
Warning: Iteration pacing cannot be reached (pace time = 2.34, actual time = 3.05).	[MsgId: MWAR-15995]
Warning: Iteration pacing cannot be reached (pace time = 2.01, actual time = 2.48).	[MsgId: MWAR-15995]
Warning: Iteration pacing cannot be reached (pace time = 2.29, actual time = 3.56).	[MsgId: MWAR-15995]
Warning: Iteration pacing cannot be reached (pace time = 2.17, actual time = 4.57).	[MsgId: MWAR-15995]
Warning: Iteration pacing cannot be reached (pace time = 2.32, actual time = 3.60).	[MsgId: MWAR-15995]
Warning: Iteration pacing cannot be reached (pace time = 2.68, actual time = 4.35).	[MsgId: MWAR-15995]
Warning: Iteration pacing cannot be reached (pace time = 2.29, actual time = 3.85).	[MsgId: MWAR-15995]
Warning: Iteration pacing cannot be reached (pace time = 2.34, actual time = 2.95).	[MsgId: MWAR-15995]
Warning: Iteration pacing cannot be reached (pace time = 2.78, actual time = 3.32).	[MsgId: MWAR-15995]
Warning: Iteration pacing cannot be reached (pace time = 2.05, actual time = 2.47).	[MsgId: MWAR-15995]
Warning: Iteration pacing cannot be reached (pace time = 2.90, actual time = 3.65).	[MsgId: MWAR-15995]
Warning: Iteration pacing cannot be reached (pace time = 2.17, actual time = 2.18).	[MsgId: MWAR-15995]
Warning: Iteration pacing cannot be reached (pace time = 2.08, actual time = 2.22).	[MsgId: MWAR-15995]
kaas_DocSearchHPES_FindMyProduct_200.c(8): Error -26608: HTTP Status-Code=504 (Gateway Timeout) for "https://hx9ekpvvbi.execute-api.us-east-1.amazonaws.com/KaaS-ITG/v2/search?q=HP Chrombook Notebooks&resultLimit=200&resultStart=0&languageCode=en&countryCode=us&store=tmsstore&filters=(class:(pm_series_value%5E1.5%20OR%20pm_name_value%20OR%20pm_number_value)%20AND%20contenttype:Product%20AND%20historicalwebsupportflag:(no))&clientId=WCC"  	[MsgId: MERR-26608]
Warning: Iteration pacing cannot be reached (pace time = 2.98, actual time = 29.04).	[MsgId: MWAR-15995]
Warning: Iteration pacing cannot be reached (pace time = 2.54, actual time = 9.87).	[MsgId: MWAR-15995]
Warning: Iteration pacing cannot be reached (pace time = 2.95, actual time = 11.87).	[MsgId: MWAR-15995]
Warning: Iteration pacing cannot be reached (pace time = 2.27, actual time = 13.17).	[MsgId: MWAR-15995]
Warning: Iteration pacing cannot be reached (pace time = 2.90, actual time = 12.70).	[MsgId: MWAR-15995]
Warning: Iteration pacing cannot be reached (pace time = 2.25, actual time = 14.28).	[MsgId: MWAR-15995]
Warning: Iteration pacing cannot be reached (pace time = 2.02, actual time = 2.31).	[MsgId: MWAR-15995]
Warning: Iteration pacing cannot be reached (pace time = 2.68, actual time = 2.88).	[MsgId: MWAR-15995]
Warning: Iteration pacing cannot be reached (pace time = 2.70, actual time = 2.75).	[MsgId: MWAR-15995]
Warning: Iteration pacing cannot be reached (pace time = 2.29, actual time = 2.35).	[MsgId: MWAR-15995]
Warning: Iteration pacing cannot be reached (pace time = 2.29, actual time = 2.46).	[MsgId: MWAR-15995]
Warning: Iteration pacing cannot be reached (pace time = 2.01, actual time = 2.01).	[MsgId: MWAR-15995]
Warning: Iteration pacing cannot be reached (pace time = 2.03, actual time = 2.60).	[MsgId: MWAR-15995]
Warning: Iteration pacing cannot be reached (pace time = 2.68, actual time = 2.85).	[MsgId: MWAR-15995]
Warning: Iteration pacing cannot be reached (pace time = 2.30, actual time = 3.49).	[MsgId: MWAR-15995]
Warning: Iteration pacing cannot be reached (pace time = 2.94, actual time = 4.08).	[MsgId: MWAR-15995]
Warning: Iteration pacing cannot be reached (pace time = 2.71, actual time = 2.90).	[MsgId: MWAR-15995]
Warning: Iteration pacing cannot be reached (pace time = 2.04, actual time = 2.41).	[MsgId: MWAR-15995]
Warning: Iteration pacing cannot be reached (pace time = 2.95, actual time = 3.76).	[MsgId: MWAR-15995]
Warning: Iteration pacing cannot be reached (pace time = 2.43, actual time = 4.03).	[MsgId: MWAR-15995]
Warning: Iteration pacing cannot be reached (pace time = 2.40, actual time = 2.65).	[MsgId: MWAR-15995]
Warning: Iteration pacing cannot be reached (pace time = 2.22, actual time = 3.62).	[MsgId: MWAR-15995]
Warning: Iteration pacing cannot be reached (pace time = 2.29, actual time = 3.28).	[MsgId: MWAR-15995]
Warning: Iteration pacing cannot be reached (pace time = 2.58, actual time = 4.50).	[MsgId: MWAR-15995]
Warning: Iteration pacing cannot be reached (pace time = 2.00, actual time = 2.96).	[MsgId: MWAR-15995]
Warning: Iteration pacing cannot be reached (pace time = 2.36, actual time = 3.83).	[MsgId: MWAR-15995]
Warning: Iteration pacing cannot be reached (pace time = 2.02, actual time = 2.80).	[MsgId: MWAR-15995]
Warning: Iteration pacing cannot be reached (pace time = 2.17, actual time = 4.13).	[MsgId: MWAR-15995]
Warning: Iteration pacing cannot be reached (pace time = 2.54, actual time = 3.80).	[MsgId: MWAR-15995]
Warning: Iteration pacing cannot be reached (pace time = 2.35, actual time = 2.68).	[MsgId: MWAR-15995]
Warning: Iteration pacing cannot be reached (pace time = 2.46, actual time = 3.06).	[MsgId: MWAR-15995]
Warning: Iteration pacing cannot be reached (pace time = 2.20, actual time = 2.39).	[MsgId: MWAR-15995]
Warning: Iteration pacing cannot be reached (pace time = 2.48, actual time = 2.60).	[MsgId: MWAR-15995]
Warning: Iteration pacing cannot be reached (pace time = 2.65, actual time = 2.83).	[MsgId: MWAR-15995]
Warning: Iteration pacing cannot be reached (pace time = 2.07, actual time = 2.72).	[MsgId: MWAR-15995]
Warning: Iteration pacing cannot be reached (pace time = 2.87, actual time = 3.02).	[MsgId: MWAR-15995]
Warning: Iteration pacing cannot be reached (pace time = 2.18, actual time = 2.21).	[MsgId: MWAR-15995]
Warning: Iteration pacing cannot be reached (pace time = 2.58, actual time = 2.71).	[MsgId: MWAR-15995]
Warning: Iteration pacing cannot be reached (pace time = 2.06, actual time = 3.21).	[MsgId: MWAR-15995]
Warning: Iteration pacing cannot be reached (pace time = 2.90, actual time = 3.63).	[MsgId: MWAR-15995]
Warning: Iteration pacing cannot be reached (pace time = 2.11, actual time = 2.60).	[MsgId: MWAR-15995]
Warning: Iteration pacing cannot be reached (pace time = 2.27, actual time = 2.56).	[MsgId: MWAR-15995]
Warning: Iteration pacing cannot be reached (pace time = 2.13, actual time = 3.13).	[MsgId: MWAR-15995]
Warning: Iteration pacing cannot be reached (pace time = 2.03, actual time = 2.92).	[MsgId: MWAR-15995]
Warning: Iteration pacing cannot be reached (pace time = 2.70, actual time = 2.73).	[MsgId: MWAR-15995]
Warning: Iteration pacing cannot be reached (pace time = 2.11, actual time = 2.52).	[MsgId: MWAR-15995]
Warning: Iteration pacing cannot be reached (pace time = 2.40, actual time = 3.15).	[MsgId: MWAR-15995]
Warning: Iteration pacing cannot be reached (pace time = 2.58, actual time = 3.43).	[MsgId: MWAR-15995]
Warning: Iteration pacing cannot be reached (pace time = 2.77, actual time = 3.62).	[MsgId: MWAR-15995]
Warning: Iteration pacing cannot be reached (pace time = 2.13, actual time = 2.67).	[MsgId: MWAR-15995]
Warning: Iteration pacing cannot be reached (pace time = 2.09, actual time = 2.11).	[MsgId: MWAR-15995]
Warning: Iteration pacing cannot be reached (pace time = 2.57, actual time = 2.61).	[MsgId: MWAR-15995]
Warning: Iteration pacing cannot be reached (pace time = 2.82, actual time = 15.94).	[MsgId: MWAR-15995]
Warning: Iteration pacing cannot be reached (pace time = 2.86, actual time = 3.32).	[MsgId: MWAR-15995]
Warning: Iteration pacing cannot be reached (pace time = 2.57, actual time = 2.65).	[MsgId: MWAR-15995]
Warning: Iteration pacing cannot be reached (pace time = 2.04, actual time = 2.72).	[MsgId: MWAR-15995]
Warning: Iteration pacing cannot be reached (pace time = 2.23, actual time = 2.43).	[MsgId: MWAR-15995]
Warning: Iteration pacing cannot be reached (pace time = 2.44, actual time = 2.95).	[MsgId: MWAR-15995]
Warning: Iteration pacing cannot be reached (pace time = 2.47, actual time = 2.55).	[MsgId: MWAR-15995]
Warning: Iteration pacing cannot be reached (pace time = 2.50, actual time = 2.68).	[MsgId: MWAR-15995]
Warning: Iteration pacing cannot be reached (pace time = 2.62, actual time = 2.80).	[MsgId: MWAR-15995]
Warning: Iteration pacing cannot be reached (pace time = 2.29, actual time = 3.29).	[MsgId: MWAR-15995]
Warning: Iteration pacing cannot be reached (pace time = 2.17, actual time = 3.99).	[MsgId: MWAR-15995]
Warning: Iteration pacing cannot be reached (pace time = 2.52, actual time = 2.91).	[MsgId: MWAR-15995]
Warning: Iteration pacing cannot be reached (pace time = 2.36, actual time = 2.54).	[MsgId: MWAR-15995]
Warning: Iteration pacing cannot be reached (pace time = 2.42, actual time = 2.42).	[MsgId: MWAR-15995]
Warning: Iteration pacing cannot be reached (pace time = 2.44, actual time = 3.77).	[MsgId: MWAR-15995]
Warning: Iteration pacing cannot be reached (pace time = 2.16, actual time = 3.40).	[MsgId: MWAR-15995]
Warning: Iteration pacing cannot be reached (pace time = 2.58, actual time = 3.61).	[MsgId: MWAR-15995]
Warning: Iteration pacing cannot be reached (pace time = 2.38, actual time = 2.64).	[MsgId: MWAR-15995]
Warning: Iteration pacing cannot be reached (pace time = 2.83, actual time = 3.20).	[MsgId: MWAR-15995]
Warning: Iteration pacing cannot be reached (pace time = 2.19, actual time = 2.69).	[MsgId: MWAR-15995]
Warning: Iteration pacing cannot be reached (pace time = 2.49, actual time = 2.95).	[MsgId: MWAR-15995]
Warning: Iteration pacing cannot be reached (pace time = 2.20, actual time = 2.38).	[MsgId: MWAR-15995]
Warning: Iteration pacing cannot be reached (pace time = 2.96, actual time = 3.10).	[MsgId: MWAR-15995]
Warning: Iteration pacing cannot be reached (pace time = 2.30, actual time = 2.45).	[MsgId: MWAR-15995]
Warning: Iteration pacing cannot be reached (pace time = 2.58, actual time = 3.23).	[MsgId: MWAR-15995]
Warning: Iteration pacing cannot be reached (pace time = 2.24, actual time = 4.53).	[MsgId: MWAR-15995]
Warning: Iteration pacing cannot be reached (pace time = 2.61, actual time = 3.25).	[MsgId: MWAR-15995]
Warning: Iteration pacing cannot be reached (pace time = 2.20, actual time = 6.02).	[MsgId: MWAR-15995]
Warning: Iteration pacing cannot be reached (pace time = 2.33, actual time = 2.37).	[MsgId: MWAR-15995]
Warning: Iteration pacing cannot be reached (pace time = 2.11, actual time = 3.75).	[MsgId: MWAR-15995]
Warning: Iteration pacing cannot be reached (pace time = 2.06, actual time = 2.98).	[MsgId: MWAR-15995]
Warning: Iteration pacing cannot be reached (pace time = 2.16, actual time = 2.82).	[MsgId: MWAR-15995]
Warning: Iteration pacing cannot be reached (pace time = 2.13, actual time = 2.89).	[MsgId: MWAR-15995]
Warning: Iteration pacing cannot be reached (pace time = 2.58, actual time = 4.16).	[MsgId: MWAR-15995]
Warning: Iteration pacing cannot be reached (pace time = 2.65, actual time = 4.00).	[MsgId: MWAR-15995]
Warning: Iteration pacing cannot be reached (pace time = 2.70, actual time = 4.93).	[MsgId: MWAR-15995]
Warning: Iteration pacing cannot be reached (pace time = 2.86, actual time = 4.29).	[MsgId: MWAR-15995]
Warning: Iteration pacing cannot be reached (pace time = 2.36, actual time = 2.52).	[MsgId: MWAR-15995]
Warning: Iteration pacing cannot be reached (pace time = 2.83, actual time = 2.86).	[MsgId: MWAR-15995]
Warning: Iteration pacing cannot be reached (pace time = 2.04, actual time = 8.17).	[MsgId: MWAR-15995]
Warning: Iteration pacing cannot be reached (pace time = 2.19, actual time = 4.37).	[MsgId: MWAR-15995]
Warning: Iteration pacing cannot be reached (pace time = 2.56, actual time = 3.01).	[MsgId: MWAR-15995]
Warning: Iteration pacing cannot be reached (pace time = 2.23, actual time = 4.82).	[MsgId: MWAR-15995]
Warning: Iteration pacing cannot be reached (pace time = 2.35, actual time = 3.80).	[MsgId: MWAR-15995]
Warning: Iteration pacing cannot be reached (pace time = 2.31, actual time = 2.56).	[MsgId: MWAR-15995]
Warning: Iteration pacing cannot be reached (pace time = 2.44, actual time = 2.85).	[MsgId: MWAR-15995]
Warning: Iteration pacing cannot be reached (pace time = 2.57, actual time = 3.58).	[MsgId: MWAR-15995]
Warning: Iteration pacing cannot be reached (pace time = 2.43, actual time = 3.42).	[MsgId: MWAR-15995]
Warning: Iteration pacing cannot be reached (pace time = 2.09, actual time = 3.13).	[MsgId: MWAR-15995]
Warning: Iteration pacing cannot be reached (pace time = 2.64, actual time = 6.37).	[MsgId: MWAR-15995]
Warning: Iteration pacing cannot be reached (pace time = 2.25, actual time = 3.50).	[MsgId: MWAR-15995]
Warning: Iteration pacing cannot be reached (pace time = 2.81, actual time = 2.92).	[MsgId: MWAR-15995]
Warning: Iteration pacing cannot be reached (pace time = 2.95, actual time = 6.81).	[MsgId: MWAR-15995]
Warning: Iteration pacing cannot be reached (pace time = 2.29, actual time = 4.02).	[MsgId: MWAR-15995]
Warning: Iteration pacing cannot be reached (pace time = 2.10, actual time = 3.62).	[MsgId: MWAR-15995]
Warning: Iteration pacing cannot be reached (pace time = 2.27, actual time = 3.86).	[MsgId: MWAR-15995]
Warning: Iteration pacing cannot be reached (pace time = 2.29, actual time = 5.66).	[MsgId: MWAR-15995]
Warning: Iteration pacing cannot be reached (pace time = 2.29, actual time = 3.22).	[MsgId: MWAR-15995]
Warning: Iteration pacing cannot be reached (pace time = 2.53, actual time = 2.56).	[MsgId: MWAR-15995]
Warning: Iteration pacing cannot be reached (pace time = 2.67, actual time = 2.90).	[MsgId: MWAR-15995]
Warning: Iteration pacing cannot be reached (pace time = 2.58, actual time = 6.79).	[MsgId: MWAR-15995]
Warning: Iteration pacing cannot be reached (pace time = 2.60, actual time = 5.15).	[MsgId: MWAR-15995]
Warning: Iteration pacing cannot be reached (pace time = 2.18, actual time = 4.69).	[MsgId: MWAR-15995]
Warning: Iteration pacing cannot be reached (pace time = 2.46, actual time = 2.64).	[MsgId: MWAR-15995]
Warning: Iteration pacing cannot be reached (pace time = 2.02, actual time = 2.40).	[MsgId: MWAR-15995]
Warning: Iteration pacing cannot be reached (pace time = 2.20, actual time = 5.12).	[MsgId: MWAR-15995]
Warning: Iteration pacing cannot be reached (pace time = 2.53, actual time = 3.51).	[MsgId: MWAR-15995]
Warning: Iteration pacing cannot be reached (pace time = 2.62, actual time = 4.17).	[MsgId: MWAR-15995]
Warning: Iteration pacing cannot be reached (pace time = 2.23, actual time = 3.31).	[MsgId: MWAR-15995]
Warning: Iteration pacing cannot be reached (pace time = 2.34, actual time = 2.62).	[MsgId: MWAR-15995]
Warning: Iteration pacing cannot be reached (pace time = 2.57, actual time = 3.75).	[MsgId: MWAR-15995]
Warning: Iteration pacing cannot be reached (pace time = 2.40, actual time = 2.68).	[MsgId: MWAR-15995]
Warning: Iteration pacing cannot be reached (pace time = 2.29, actual time = 2.42).	[MsgId: MWAR-15995]
Warning: Iteration pacing cannot be reached (pace time = 2.56, actual time = 4.69).	[MsgId: MWAR-15995]
Warning: Iteration pacing cannot be reached (pace time = 2.26, actual time = 2.77).	[MsgId: MWAR-15995]
Warning: Iteration pacing cannot be reached (pace time = 2.69, actual time = 3.38).	[MsgId: MWAR-15995]
Warning: Iteration pacing cannot be reached (pace time = 2.26, actual time = 2.57).	[MsgId: MWAR-15995]
Warning: Iteration pacing cannot be reached (pace time = 2.23, actual time = 2.71).	[MsgId: MWAR-15995]
Warning: Iteration pacing cannot be reached (pace time = 2.03, actual time = 3.84).	[MsgId: MWAR-15995]
Warning: Iteration pacing cannot be reached (pace time = 2.73, actual time = 2.85).	[MsgId: MWAR-15995]
Warning: Iteration pacing cannot be reached (pace time = 2.07, actual time = 2.91).	[MsgId: MWAR-15995]
Warning: Iteration pacing cannot be reached (pace time = 2.45, actual time = 3.96).	[MsgId: MWAR-15995]
Warning: Iteration pacing cannot be reached (pace time = 2.09, actual time = 3.36).	[MsgId: MWAR-15995]
Warning: Iteration pacing cannot be reached (pace time = 2.65, actual time = 4.10).	[MsgId: MWAR-15995]
Warning: Iteration pacing cannot be reached (pace time = 2.68, actual time = 3.20).	[MsgId: MWAR-15995]
Warning: Iteration pacing cannot be reached (pace time = 2.10, actual time = 2.11).	[MsgId: MWAR-15995]
Warning: Iteration pacing cannot be reached (pace time = 2.20, actual time = 3.54).	[MsgId: MWAR-15995]
Warning: Iteration pacing cannot be reached (pace time = 2.69, actual time = 2.87).	[MsgId: MWAR-15995]
Warning: Iteration pacing cannot be reached (pace time = 2.46, actual time = 2.65).	[MsgId: MWAR-15995]
Warning: Iteration pacing cannot be reached (pace time = 2.65, actual time = 4.49).	[MsgId: MWAR-15995]
Warning: Iteration pacing cannot be reached (pace time = 2.29, actual time = 3.43).	[MsgId: MWAR-15995]
Warning: Iteration pacing cannot be reached (pace time = 2.68, actual time = 3.31).	[MsgId: MWAR-15995]
Warning: Iteration pacing cannot be reached (pace time = 2.13, actual time = 3.94).	[MsgId: MWAR-15995]
Warning: Iteration pacing cannot be reached (pace time = 2.54, actual time = 2.92).	[MsgId: MWAR-15995]
Warning: Iteration pacing cannot be reached (pace time = 2.13, actual time = 5.07).	[MsgId: MWAR-15995]
Warning: Iteration pacing cannot be reached (pace time = 2.79, actual time = 2.99).	[MsgId: MWAR-15995]
Warning: Iteration pacing cannot be reached (pace time = 2.09, actual time = 2.16).	[MsgId: MWAR-15995]
Warning: Iteration pacing cannot be reached (pace time = 2.59, actual time = 8.09).	[MsgId: MWAR-15995]
Warning: Iteration pacing cannot be reached (pace time = 2.19, actual time = 3.99).	[MsgId: MWAR-15995]
Warning: Iteration pacing cannot be reached (pace time = 2.23, actual time = 3.80).	[MsgId: MWAR-15995]
Warning: Iteration pacing cannot be reached (pace time = 2.75, actual time = 2.78).	[MsgId: MWAR-15995]
Warning: Iteration pacing cannot be reached (pace time = 2.40, actual time = 4.74).	[MsgId: MWAR-15995]
Warning: Iteration pacing cannot be reached (pace time = 2.33, actual time = 5.12).	[MsgId: MWAR-15995]
Warning: Iteration pacing cannot be reached (pace time = 2.09, actual time = 3.37).	[MsgId: MWAR-15995]
Warning: Iteration pacing cannot be reached (pace time = 2.29, actual time = 3.96).	[MsgId: MWAR-15995]
Warning: Iteration pacing cannot be reached (pace time = 2.86, actual time = 4.58).	[MsgId: MWAR-15995]
Warning: Iteration pacing cannot be reached (pace time = 2.89, actual time = 4.09).	[MsgId: MWAR-15995]
Warning: Iteration pacing cannot be reached (pace time = 2.55, actual time = 2.88).	[MsgId: MWAR-15995]
Warning: Iteration pacing cannot be reached (pace time = 2.40, actual time = 3.74).	[MsgId: MWAR-15995]
Warning: Iteration pacing cannot be reached (pace time = 2.73, actual time = 7.77).	[MsgId: MWAR-15995]
Warning: Iteration pacing cannot be reached (pace time = 2.90, actual time = 3.55).	[MsgId: MWAR-15995]
Warning: Iteration pacing cannot be reached (pace time = 2.82, actual time = 3.34).	[MsgId: MWAR-15995]
Warning: Iteration pacing cannot be reached (pace time = 2.29, actual time = 4.89).	[MsgId: MWAR-15995]
Warning: Iteration pacing cannot be reached (pace time = 2.10, actual time = 2.33).	[MsgId: MWAR-15995]
Warning: Iteration pacing cannot be reached (pace time = 2.54, actual time = 5.17).	[MsgId: MWAR-15995]
Warning: Iteration pacing cannot be reached (pace time = 2.78, actual time = 2.89).	[MsgId: MWAR-15995]
Warning: Iteration pacing cannot be reached (pace time = 2.42, actual time = 4.13).	[MsgId: MWAR-15995]
Warning: Iteration pacing cannot be reached (pace time = 2.77, actual time = 2.85).	[MsgId: MWAR-15995]
Warning: Iteration pacing cannot be reached (pace time = 2.60, actual time = 4.86).	[MsgId: MWAR-15995]
Warning: Iteration pacing cannot be reached (pace time = 2.55, actual time = 5.22).	[MsgId: MWAR-15995]
Warning: Iteration pacing cannot be reached (pace time = 2.77, actual time = 6.88).	[MsgId: MWAR-15995]
Warning: Iteration pacing cannot be reached (pace time = 2.07, actual time = 4.01).	[MsgId: MWAR-15995]
Warning: Iteration pacing cannot be reached (pace time = 2.68, actual time = 3.62).	[MsgId: MWAR-15995]
Warning: Iteration pacing cannot be reached (pace time = 2.50, actual time = 3.69).	[MsgId: MWAR-15995]
Warning: Iteration pacing cannot be reached (pace time = 2.56, actual time = 4.58).	[MsgId: MWAR-15995]
Warning: Iteration pacing cannot be reached (pace time = 2.48, actual time = 3.25).	[MsgId: MWAR-15995]
Warning: Iteration pacing cannot be reached (pace time = 2.26, actual time = 2.54).	[MsgId: MWAR-15995]
Warning: Iteration pacing cannot be reached (pace time = 2.46, actual time = 3.07).	[MsgId: MWAR-15995]
Warning: Iteration pacing cannot be reached (pace time = 2.00, actual time = 3.00).	[MsgId: MWAR-15995]
Warning: Iteration pacing cannot be reached (pace time = 2.76, actual time = 15.25).	[MsgId: MWAR-15995]
Warning: Iteration pacing cannot be reached (pace time = 2.91, actual time = 18.48).	[MsgId: MWAR-15995]
Warning: Iteration pacing cannot be reached (pace time = 2.13, actual time = 23.66).	[MsgId: MWAR-15995]
Warning: Iteration pacing cannot be reached (pace time = 2.28, actual time = 16.29).	[MsgId: MWAR-15995]
Warning: Iteration pacing cannot be reached (pace time = 2.12, actual time = 27.09).	[MsgId: MWAR-15995]
Warning: Iteration pacing cannot be reached (pace time = 2.44, actual time = 16.34).	[MsgId: MWAR-15995]
Warning: Iteration pacing cannot be reached (pace time = 3.00, actual time = 25.13).	[MsgId: MWAR-15995]
Warning: Iteration pacing cannot be reached (pace time = 2.07, actual time = 24.32).	[MsgId: MWAR-15995]
kaas_DocSearchHPES_FindMyProduct.c(8): Error -26608: HTTP Status-Code=504 (Gateway Timeout) for "https://hx9ekpvvbi.execute-api.us-east-1.amazonaws.com/KaaS-ITG/v2/search?q=HP Pavilion 11-n000eh x360 PC&resultLimit=20&resultStart=0&languageCode=en&countryCode=us&store=tmsstore&filters=(class:(pm_series_value%5E1.5%20OR%20pm_name_value%20OR%20pm_number_value)%20AND%20contenttype:Product%20AND%20historicalwebsupportflag:(no))&clientId=WCC"  	[MsgId: MERR-26608]
Warning: Iteration pacing cannot be reached (pace time = 2.70, actual time = 29.05).	[MsgId: MWAR-15995]
kaas_DocSearchHPES_FindMyProduct.c(8): Error -26608: HTTP Status-Code=504 (Gateway Timeout) for "https://hx9ekpvvbi.execute-api.us-east-1.amazonaws.com/KaaS-ITG/v2/search?q=deskjet D268&resultLimit=20&resultStart=0&languageCode=en&countryCode=us&store=tmsstore&filters=(class:(pm_series_value%5E1.5%20OR%20pm_name_value%20OR%20pm_number_value)%20AND%20contenttype:Product%20AND%20historicalwebsupportflag:(no))&clientId=WCC"  	[MsgId: MERR-26608]
Warning: Iteration pacing cannot be reached (pace time = 2.13, actual time = 29.04).	[MsgId: MWAR-15995]
Warning: Iteration pacing cannot be reached (pace time = 2.59, actual time = 28.42).	[MsgId: MWAR-15995]
Warning: Iteration pacing cannot be reached (pace time = 2.46, actual time = 28.60).	[MsgId: MWAR-15995]
kaas_DocSearchHPES_FindMyProduct.c(8): Error -26608: HTTP Status-Code=504 (Gateway Timeout) for "https://hx9ekpvvbi.execute-api.us-east-1.amazonaws.com/KaaS-ITG/v2/search?q=HP Pavilion Desktop Models 500-a00 to 500-c00&resultLimit=20&resultStart=0&languageCode=en&countryCode=us&store=tmsstore&filters=(class:(pm_series_value%5E1.5%20OR%20pm_name_value%20OR%20pm_number_value)%20AND%20contenttype:Product%20AND%20historicalwebsupportflag:(no))&clientId=WCC"  	[MsgId: MERR-26608]
Warning: Iteration pacing cannot be reached (pace time = 2.37, actual time = 29.04).	[MsgId: MWAR-15995]
kaas_DocSearchHPES_FindMyProduct.c(8): Error -26608: HTTP Status-Code=504 (Gateway Timeout) for "https://hx9ekpvvbi.execute-api.us-east-1.amazonaws.com/KaaS-ITG/v2/search?q=Compaq Evo Desktop&resultLimit=20&resultStart=0&languageCode=en&countryCode=us&store=tmsstore&filters=(class:(pm_series_value%5E1.5%20OR%20pm_name_value%20OR%20pm_number_value)%20AND%20contenttype:Product%20AND%20historicalwebsupportflag:(no))&clientId=WCC"  	[MsgId: MERR-26608]
Warning: Iteration pacing cannot be reached (pace time = 2.98, actual time = 29.04).	[MsgId: MWAR-15995]
kaas_DocSearchHPES_FindMyProduct.c(8): Error -26608: HTTP Status-Code=504 (Gateway Timeout) for "https://hx9ekpvvbi.execute-api.us-east-1.amazonaws.com/KaaS-ITG/v2/search?q=HP Deskjet Printer Models 100 to 999&resultLimit=20&resultStart=0&languageCode=en&countryCode=us&store=tmsstore&filters=(class:(pm_series_value%5E1.5%20OR%20pm_name_value%20OR%20pm_number_value)%20AND%20contenttype:Product%20AND%20historicalwebsupportflag:(no))&clientId=WCC"  	[MsgId: MERR-26608]
Warning: Iteration pacing cannot be reached (pace time = 2.16, actual time = 29.11).	[MsgId: MWAR-15995]
kaas_DocSearchHPES_FindMyProduct.c(8): Error -26608: HTTP Status-Code=504 (Gateway Timeout) for "https://hx9ekpvvbi.execute-api.us-east-1.amazonaws.com/KaaS-ITG/v2/search?q=probook 64&resultLimit=20&resultStart=0&languageCode=en&countryCode=us&store=tmsstore&filters=(class:(pm_series_value%5E1.5%20OR%20pm_name_value%20OR%20pm_number_value)%20AND%20contenttype:Product%20AND%20historicalwebsupportflag:(no))&clientId=WCC"  	[MsgId: MERR-26608]
Warning: Iteration pacing cannot be reached (pace time = 2.35, actual time = 29.04).	[MsgId: MWAR-15995]
kaas_DocSearchHPES_FindMyProduct.c(8): Error -26608: HTTP Status-Code=504 (Gateway Timeout) for "https://hx9ekpvvbi.execute-api.us-east-1.amazonaws.com/KaaS-ITG/v2/search?q=officejet&resultLimit=20&resultStart=0&languageCode=en&countryCode=us&store=tmsstore&filters=(class:(pm_series_value%5E1.5%20OR%20pm_name_value%20OR%20pm_number_value)%20AND%20contenttype:Product%20AND%20historicalwebsupportflag:(no))&clientId=WCC"  	[MsgId: MERR-26608]
Warning: Iteration pacing cannot be reached (pace time = 2.43, actual time = 29.20).	[MsgId: MWAR-15995]
kaas_DocSearchHPES_FindMyProduct.c(8): Error -26608: HTTP Status-Code=504 (Gateway Timeout) for "https://hx9ekpvvbi.execute-api.us-east-1.amazonaws.com/KaaS-ITG/v2/search?q=deskjet D268&resultLimit=20&resultStart=0&languageCode=en&countryCode=us&store=tmsstore&filters=(class:(pm_series_value%5E1.5%20OR%20pm_name_value%20OR%20pm_number_value)%20AND%20contenttype:Product%20AND%20historicalwebsupportflag:(no))&clientId=WCC"  	[MsgId: MERR-26608]
Warning: Iteration pacing cannot be reached (pace time = 2.89, actual time = 29.04).	[MsgId: MWAR-15995]
kaas_DocSearchHPES_FindMyProduct.c(8): Error -26608: HTTP Status-Code=504 (Gateway Timeout) for "https://hx9ekpvvbi.execute-api.us-east-1.amazonaws.com/KaaS-ITG/v2/search?q=HP Pavilion 11-n000eh x360 PC&resultLimit=20&resultStart=0&languageCode=en&countryCode=us&store=tmsstore&filters=(class:(pm_series_value%5E1.5%20OR%20pm_name_value%20OR%20pm_number_value)%20AND%20contenttype:Product%20AND%20historicalwebsupportflag:(no))&clientId=WCC"  	[MsgId: MERR-26608]
Warning: Iteration pacing cannot be reached (pace time = 2.71, actual time = 29.04).	[MsgId: MWAR-15995]
kaas_DocSearchHPES_FindMyProduct.c(8): Error -26608: HTTP Status-Code=504 (Gateway Timeout) for "https://hx9ekpvvbi.execute-api.us-east-1.amazonaws.com/KaaS-ITG/v2/search?q=HP ENVY x2 11-g050la&resultLimit=20&resultStart=0&languageCode=en&countryCode=us&store=tmsstore&filters=(class:(pm_series_value%5E1.5%20OR%20pm_name_value%20OR%20pm_number_value)%20AND%20contenttype:Product%20AND%20historicalwebsupportflag:(no))&clientId=WCC"  	[MsgId: MERR-26608]
Warning: Iteration pacing cannot be reached (pace time = 2.41, actual time = 29.19).	[MsgId: MWAR-15995]
kaas_DocSearchHPES_FindMyProduct.c(8): Error -26608: HTTP Status-Code=504 (Gateway Timeout) for "https://hx9ekpvvbi.execute-api.us-east-1.amazonaws.com/KaaS-ITG/v2/search?q=HP Pavilion Desktop Models 7000 to 9999&resultLimit=20&resultStart=0&languageCode=en&countryCode=us&store=tmsstore&filters=(class:(pm_series_value%5E1.5%20OR%20pm_name_value%20OR%20pm_number_value)%20AND%20contenttype:Product%20AND%20historicalwebsupportflag:(no))&clientId=WCC"  	[MsgId: MERR-26608]
Warning: Iteration pacing cannot be reached (pace time = 2.07, actual time = 29.04).	[MsgId: MWAR-15995]
Warning: Iteration pacing cannot be reached (pace time = 2.73, actual time = 16.51).	[MsgId: MWAR-15995]
Warning: Iteration pacing cannot be reached (pace time = 2.23, actual time = 20.93).	[MsgId: MWAR-15995]
Warning: Iteration pacing cannot be reached (pace time = 2.70, actual time = 21.29).	[MsgId: MWAR-15995]
kaas_DocSearchHPES_FindMyProduct.c(8): Error -26608: HTTP Status-Code=504 (Gateway Timeout) for "https://hx9ekpvvbi.execute-api.us-east-1.amazonaws.com/KaaS-ITG/v2/search?q=HP Color LaserJet Enterprise flow MFP M88&resultLimit=20&resultStart=0&languageCode=en&countryCode=us&store=tmsstore&filters=(class:(pm_series_value%5E1.5%20OR%20pm_name_value%20OR%20pm_number_value)%20AND%20contenttype:Product%20AND%20historicalwebsupportflag:(no))&clientId=WCC"  	[MsgId: MERR-26608]
Warning: Iteration pacing cannot be reached (pace time = 2.20, actual time = 29.19).	[MsgId: MWAR-15995]
Warning: Iteration pacing cannot be reached (pace time = 2.30, actual time = 11.79).	[MsgId: MWAR-15995]
Warning: Iteration pacing cannot be reached (pace time = 2.78, actual time = 12.55).	[MsgId: MWAR-15995]
Warning: Iteration pacing cannot be reached (pace time = 2.67, actual time = 11.08).	[MsgId: MWAR-15995]
kaas_DocSearchHPES_FindMyProduct_200.c(8): Error -26608: HTTP Status-Code=504 (Gateway Timeout) for "https://hx9ekpvvbi.execute-api.us-east-1.amazonaws.com/KaaS-ITG/v2/search?q=Compaq Gaming Desktops&resultLimit=200&resultStart=0&languageCode=en&countryCode=us&store=tmsstore&filters=(class:(pm_series_value%5E1.5%20OR%20pm_name_value%20OR%20pm_number_value)%20AND%20contenttype:Product%20AND%20historicalwebsupportflag:(no))&clientId=WCC"  	[MsgId: MERR-26608]
Warning: Iteration pacing cannot be reached (pace time = 2.80, actual time = 29.19).	[MsgId: MWAR-15995]
kaas_DocSearchHPES_FindMyProduct_200.c(8): Error -26608: HTTP Status-Code=504 (Gateway Timeout) for "https://hx9ekpvvbi.execute-api.us-east-1.amazonaws.com/KaaS-ITG/v2/search?q=deskjet D268&resultLimit=200&resultStart=0&languageCode=en&countryCode=us&store=tmsstore&filters=(class:(pm_series_value%5E1.5%20OR%20pm_name_value%20OR%20pm_number_value)%20AND%20contenttype:Product%20AND%20historicalwebsupportflag:(no))&clientId=WCC"  	[MsgId: MERR-26608]
Warning: Iteration pacing cannot be reached (pace time = 2.21, actual time = 29.04).	[MsgId: MWAR-15995]
kaas_DocSearchHPES_FindMyProduct.c(8): Error -26608: HTTP Status-Code=504 (Gateway Timeout) for "https://hx9ekpvvbi.execute-api.us-east-1.amazonaws.com/KaaS-ITG/v2/search?q=presario cq&resultLimit=20&resultStart=0&languageCode=en&countryCode=us&store=tmsstore&filters=(class:(pm_series_value%5E1.5%20OR%20pm_name_value%20OR%20pm_number_value)%20AND%20contenttype:Product%20AND%20historicalwebsupportflag:(no))&clientId=WCC"  	[MsgId: MERR-26608]
Warning: Iteration pacing cannot be reached (pace time = 2.75, actual time = 29.04).	[MsgId: MWAR-15995]
kaas_DocSearchHPES_FindMyProduct.c(8): Error -26608: HTTP Status-Code=504 (Gateway Timeout) for "https://hx9ekpvvbi.execute-api.us-east-1.amazonaws.com/KaaS-ITG/v2/search?q=HP Compaq Notebook&resultLimit=20&resultStart=0&languageCode=en&countryCode=us&store=tmsstore&filters=(class:(pm_series_value%5E1.5%20OR%20pm_name_value%20OR%20pm_number_value)%20AND%20contenttype:Product%20AND%20historicalwebsupportflag:(no))&clientId=WCC"  	[MsgId: MERR-26608]
Warning: Iteration pacing cannot be reached (pace time = 2.24, actual time = 29.04).	[MsgId: MWAR-15995]
kaas_DocSearchHPES_FindMyProduct.c(8): Error -26608: HTTP Status-Code=504 (Gateway Timeout) for "https://hx9ekpvvbi.execute-api.us-east-1.amazonaws.com/KaaS-ITG/v2/search?q=HP Officejet Printer Models 100 to 999&resultLimit=20&resultStart=0&languageCode=en&countryCode=us&store=tmsstore&filters=(class:(pm_series_value%5E1.5%20OR%20pm_name_value%20OR%20pm_number_value)%20AND%20contenttype:Product%20AND%20historicalwebsupportflag:(no))&clientId=WCC"  	[MsgId: MERR-26608]
Warning: Iteration pacing cannot be reached (pace time = 2.45, actual time = 29.04).	[MsgId: MWAR-15995]
Warning: Iteration pacing cannot be reached (pace time = 2.97, actual time = 4.60).	[MsgId: MWAR-15995]
Warning: Iteration pacing cannot be reached (pace time = 2.85, actual time = 4.12).	[MsgId: MWAR-15995]
kaas_DocSearchHPES_FindMyProduct.c(8): Error -26608: HTTP Status-Code=504 (Gateway Timeout) for "https://hx9ekpvvbi.execute-api.us-east-1.amazonaws.com/KaaS-ITG/v2/search?q=K1R04EA&resultLimit=20&resultStart=0&languageCode=en&countryCode=us&store=tmsstore&filters=(class:(pm_series_value%5E1.5%20OR%20pm_name_value%20OR%20pm_number_value)%20AND%20contenttype:Product%20AND%20historicalwebsupportflag:(no))&clientId=WCC"  	[MsgId: MERR-26608]
Warning: Iteration pacing cannot be reached (pace time = 2.38, actual time = 29.04).	[MsgId: MWAR-15995]
kaas_DocSearchHPES_FindMyProduct.c(8): Error -26608: HTTP Status-Code=504 (Gateway Timeout) for "https://hx9ekpvvbi.execute-api.us-east-1.amazonaws.com/KaaS-ITG/v2/search?q=HP notebook 1&resultLimit=20&resultStart=0&languageCode=en&countryCode=us&store=tmsstore&filters=(class:(pm_series_value%5E1.5%20OR%20pm_name_value%20OR%20pm_number_value)%20AND%20contenttype:Product%20AND%20historicalwebsupportflag:(no))&clientId=WCC"  	[MsgId: MERR-26608]
Warning: Iteration pacing cannot be reached (pace time = 2.11, actual time = 29.04).	[MsgId: MWAR-15995]
kaas_DocSearchHPES_FindMyProduct.c(8): Error -26608: HTTP Status-Code=504 (Gateway Timeout) for "https://hx9ekpvvbi.execute-api.us-east-1.amazonaws.com/KaaS-ITG/v2/search?q=HP Officejet Printer Models 6000 to 9999&resultLimit=20&resultStart=0&languageCode=en&countryCode=us&store=tmsstore&filters=(class:(pm_series_value%5E1.5%20OR%20pm_name_value%20OR%20pm_number_value)%20AND%20contenttype:Product%20AND%20historicalwebsupportflag:(no))&clientId=WCC"  	[MsgId: MERR-26608]
Warning: Iteration pacing cannot be reached (pace time = 2.58, actual time = 29.04).	[MsgId: MWAR-15995]
kaas_DocSearchHPES_FindMyProduct.c(8): Error -26608: HTTP Status-Code=504 (Gateway Timeout) for "https://hx9ekpvvbi.execute-api.us-east-1.amazonaws.com/KaaS-ITG/v2/search?q=HP Pavilion Desktop Models 500-000 to 500-999&resultLimit=20&resultStart=0&languageCode=en&countryCode=us&store=tmsstore&filters=(class:(pm_series_value%5E1.5%20OR%20pm_name_value%20OR%20pm_number_value)%20AND%20contenttype:Product%20AND%20historicalwebsupportflag:(no))&clientId=WCC"  	[MsgId: MERR-26608]
Warning: Iteration pacing cannot be reached (pace time = 2.78, actual time = 29.05).	[MsgId: MWAR-15995]
kaas_DocSearchHPES_FindMyProduct.c(8): Error -26608: HTTP Status-Code=504 (Gateway Timeout) for "https://hx9ekpvvbi.execute-api.us-east-1.amazonaws.com/KaaS-ITG/v2/search?q=HP Compaq Notebook&resultLimit=20&resultStart=0&languageCode=en&countryCode=us&store=tmsstore&filters=(class:(pm_series_value%5E1.5%20OR%20pm_name_value%20OR%20pm_number_value)%20AND%20contenttype:Product%20AND%20historicalwebsupportflag:(no))&clientId=WCC"  	[MsgId: MERR-26608]
Warning: Iteration pacing cannot be reached (pace time = 2.72, actual time = 29.04).	[MsgId: MWAR-15995]
Warning: Iteration pacing cannot be reached (pace time = 2.31, actual time = 15.42).	[MsgId: MWAR-15995]
kaas_DocSearchHPES_FindMyProduct.c(8): Error -26608: HTTP Status-Code=504 (Gateway Timeout) for "https://hx9ekpvvbi.execute-api.us-east-1.amazonaws.com/KaaS-ITG/v2/search?q=HP Photosmart Printer Models B010 to B999&resultLimit=20&resultStart=0&languageCode=en&countryCode=us&store=tmsstore&filters=(class:(pm_series_value%5E1.5%20OR%20pm_name_value%20OR%20pm_number_value)%20AND%20contenttype:Product%20AND%20historicalwebsupportflag:(no))&clientId=WCC"  	[MsgId: MERR-26608]
Warning: Iteration pacing cannot be reached (pace time = 2.44, actual time = 29.04).	[MsgId: MWAR-15995]
kaas_DocSearchHPES_FindMyProduct.c(8): Error -26608: HTTP Status-Code=504 (Gateway Timeout) for "https://hx9ekpvvbi.execute-api.us-east-1.amazonaws.com/KaaS-ITG/v2/search?q=HP Deskjet Ink Advantage Printers&resultLimit=20&resultStart=0&languageCode=en&countryCode=us&store=tmsstore&filters=(class:(pm_series_value%5E1.5%20OR%20pm_name_value%20OR%20pm_number_value)%20AND%20contenttype:Product%20AND%20historicalwebsupportflag:(no))&clientId=WCC"  	[MsgId: MERR-26608]
Warning: Iteration pacing cannot be reached (pace time = 2.84, actual time = 29.04).	[MsgId: MWAR-15995]
kaas_DocSearchHPES_FindMyProduct.c(8): Error -26608: HTTP Status-Code=504 (Gateway Timeout) for "https://hx9ekpvvbi.execute-api.us-east-1.amazonaws.com/KaaS-ITG/v2/search?q=HP Color LaserJet Enterprise flow MFP M8&resultLimit=20&resultStart=0&languageCode=en&countryCode=us&store=tmsstore&filters=(class:(pm_series_value%5E1.5%20OR%20pm_name_value%20OR%20pm_number_value)%20AND%20contenttype:Product%20AND%20historicalwebsupportflag:(no))&clientId=WCC"  	[MsgId: MERR-26608]
Warning: Iteration pacing cannot be reached (pace time = 2.80, actual time = 29.20).	[MsgId: MWAR-15995]
Warning: Iteration pacing cannot be reached (pace time = 2.50, actual time = 19.53).	[MsgId: MWAR-15995]
kaas_DocSearchHPES_FindMyProduct.c(8): Error -26608: HTTP Status-Code=504 (Gateway Timeout) for "https://hx9ekpvvbi.execute-api.us-east-1.amazonaws.com/KaaS-ITG/v2/search?q=Y0T03PA&resultLimit=20&resultStart=0&languageCode=en&countryCode=us&store=tmsstore&filters=(class:(pm_series_value%5E1.5%20OR%20pm_name_value%20OR%20pm_number_value)%20AND%20contenttype:Product%20AND%20historicalwebsupportflag:(no))&clientId=WCC"  	[MsgId: MERR-26608]
Warning: Iteration pacing cannot be reached (pace time = 2.49, actual time = 29.04).	[MsgId: MWAR-15995]
kaas_DocSearchHPES_FindMyProduct.c(8): Error -26608: HTTP Status-Code=504 (Gateway Timeout) for "https://hx9ekpvvbi.execute-api.us-east-1.amazonaws.com/KaaS-ITG/v2/search?q=5500&resultLimit=20&resultStart=0&languageCode=en&countryCode=us&store=tmsstore&filters=(class:(pm_series_value%5E1.5%20OR%20pm_name_value%20OR%20pm_number_value)%20AND%20contenttype:Product%20AND%20historicalwebsupportflag:(no))&clientId=WCC"  	[MsgId: MERR-26608]
Warning: Iteration pacing cannot be reached (pace time = 2.45, actual time = 29.04).	[MsgId: MWAR-15995]
kaas_DocSearchHPES_FindMyProduct.c(8): Error -26608: HTTP Status-Code=504 (Gateway Timeout) for "https://hx9ekpvvbi.execute-api.us-east-1.amazonaws.com/KaaS-ITG/v2/search?q=hp 2159m&resultLimit=20&resultStart=0&languageCode=en&countryCode=us&store=tmsstore&filters=(class:(pm_series_value%5E1.5%20OR%20pm_name_value%20OR%20pm_number_value)%20AND%20contenttype:Product%20AND%20historicalwebsupportflag:(no))&clientId=WCC"  	[MsgId: MERR-26608]
Warning: Iteration pacing cannot be reached (pace time = 2.31, actual time = 29.05).	[MsgId: MWAR-15995]
kaas_DocSearchHPES_FindMyProduct.c(8): Error -26608: HTTP Status-Code=504 (Gateway Timeout) for "https://hx9ekpvvbi.execute-api.us-east-1.amazonaws.com/KaaS-ITG/v2/search?q=HP Deskjet Printer Models K010 to K999&resultLimit=20&resultStart=0&languageCode=en&countryCode=us&store=tmsstore&filters=(class:(pm_series_value%5E1.5%20OR%20pm_name_value%20OR%20pm_number_value)%20AND%20contenttype:Product%20AND%20historicalwebsupportflag:(no))&clientId=WCC"  	[MsgId: MERR-26608]
Warning: Iteration pacing cannot be reached (pace time = 2.70, actual time = 29.04).	[MsgId: MWAR-15995]
kaas_DocSearchHPES_FindMyProduct.c(8): Error -26608: HTTP Status-Code=504 (Gateway Timeout) for "https://hx9ekpvvbi.execute-api.us-east-1.amazonaws.com/KaaS-ITG/v2/search?q=HP Officejet Printer Models 6000 to 9999&resultLimit=20&resultStart=0&languageCode=en&countryCode=us&store=tmsstore&filters=(class:(pm_series_value%5E1.5%20OR%20pm_name_value%20OR%20pm_number_value)%20AND%20contenttype:Product%20AND%20historicalwebsupportflag:(no))&clientId=WCC"  	[MsgId: MERR-26608]
Warning: Iteration pacing cannot be reached (pace time = 2.47, actual time = 29.04).	[MsgId: MWAR-15995]
kaas_DocSearchHPES_FindMyProduct_200.c(8): Error -26608: HTTP Status-Code=504 (Gateway Timeout) for "https://hx9ekpvvbi.execute-api.us-east-1.amazonaws.com/KaaS-ITG/v2/search?q=HP Officejet Printer Models A100 to A999&resultLimit=200&resultStart=0&languageCode=en&countryCode=us&store=tmsstore&filters=(class:(pm_series_value%5E1.5%20OR%20pm_name_value%20OR%20pm_number_value)%20AND%20contenttype:Product%20AND%20historicalwebsupportflag:(no))&clientId=WCC"  	[MsgId: MERR-26608]
Warning: Iteration pacing cannot be reached (pace time = 2.09, actual time = 29.04).	[MsgId: MWAR-15995]
kaas_DocSearchHPES_FindMyProduct.c(8): Error -26608: HTTP Status-Code=504 (Gateway Timeout) for "https://hx9ekpvvbi.execute-api.us-east-1.amazonaws.com/KaaS-ITG/v2/search?q=HP Pavilion 11-h128tu x2 PC&resultLimit=20&resultStart=0&languageCode=en&countryCode=us&store=tmsstore&filters=(class:(pm_series_value%5E1.5%20OR%20pm_name_value%20OR%20pm_number_value)%20AND%20contenttype:Product%20AND%20historicalwebsupportflag:(no))&clientId=WCC"  	[MsgId: MERR-26608]
Warning: Iteration pacing cannot be reached (pace time = 2.35, actual time = 29.04).	[MsgId: MWAR-15995]
kaas_DocSearchHPES_FindMyProduct.c(8): Error -26608: HTTP Status-Code=504 (Gateway Timeout) for "https://hx9ekpvvbi.execute-api.us-east-1.amazonaws.com/KaaS-ITG/v2/search?q=HP ENVY Desktop Models 700-000 to 700-999&resultLimit=20&resultStart=0&languageCode=en&countryCode=us&store=tmsstore&filters=(class:(pm_series_value%5E1.5%20OR%20pm_name_value%20OR%20pm_number_value)%20AND%20contenttype:Product%20AND%20historicalwebsupportflag:(no))&clientId=WCC"  	[MsgId: MERR-26608]
Warning: Iteration pacing cannot be reached (pace time = 2.22, actual time = 29.04).	[MsgId: MWAR-15995]
kaas_DocSearchHPES_FindMyProduct.c(8): Error -26608: HTTP Status-Code=504 (Gateway Timeout) for "https://hx9ekpvvbi.execute-api.us-east-1.amazonaws.com/KaaS-ITG/v2/search?q=HP Deskjet Printer Models 1000 to 2999&resultLimit=20&resultStart=0&languageCode=en&countryCode=us&store=tmsstore&filters=(class:(pm_series_value%5E1.5%20OR%20pm_name_value%20OR%20pm_number_value)%20AND%20contenttype:Product%20AND%20historicalwebsupportflag:(no))&clientId=WCC"  	[MsgId: MERR-26608]
Warning: Iteration pacing cannot be reached (pace time = 2.54, actual time = 29.04).	[MsgId: MWAR-15995]
kaas_DocSearchHPES_FindMyProduct.c(8): Error -26608: HTTP Status-Code=504 (Gateway Timeout) for "https://hx9ekpvvbi.execute-api.us-east-1.amazonaws.com/KaaS-ITG/v2/search?q=HP ENVY 4-1009tx Notebook PC&resultLimit=20&resultStart=0&languageCode=en&countryCode=us&store=tmsstore&filters=(class:(pm_series_value%5E1.5%20OR%20pm_name_value%20OR%20pm_number_value)%20AND%20contenttype:Product%20AND%20historicalwebsupportflag:(no))&clientId=WCC"  	[MsgId: MERR-26608]
Warning: Iteration pacing cannot be reached (pace time = 2.92, actual time = 29.04).	[MsgId: MWAR-15995]
kaas_DocSearchHPES_FindMyProduct.c(8): Error -26608: HTTP Status-Code=504 (Gateway Timeout) for "https://hx9ekpvvbi.execute-api.us-east-1.amazonaws.com/KaaS-ITG/v2/search?q=HP ENVY Desktop Models 700-000 to 700-999&resultLimit=20&resultStart=0&languageCode=en&countryCode=us&store=tmsstore&filters=(class:(pm_series_value%5E1.5%20OR%20pm_name_value%20OR%20pm_number_value)%20AND%20contenttype:Product%20AND%20historicalwebsupportflag:(no))&clientId=WCC"  	[MsgId: MERR-26608]
Warning: Iteration pacing cannot be reached (pace time = 2.81, actual time = 29.04).	[MsgId: MWAR-15995]
kaas_DocSearchHPES_FindMyProduct.c(8): Error -26608: HTTP Status-Code=504 (Gateway Timeout) for "https://hx9ekpvvbi.execute-api.us-east-1.amazonaws.com/KaaS-ITG/v2/search?q=5500&resultLimit=20&resultStart=0&languageCode=en&countryCode=us&store=tmsstore&filters=(class:(pm_series_value%5E1.5%20OR%20pm_name_value%20OR%20pm_number_value)%20AND%20contenttype:Product%20AND%20historicalwebsupportflag:(no))&clientId=WCC"  	[MsgId: MERR-26608]
Warning: Iteration pacing cannot be reached (pace time = 2.55, actual time = 29.04).	[MsgId: MWAR-15995]
kaas_DocSearchHPES_FindMyProduct.c(8): Error -26608: HTTP Status-Code=504 (Gateway Timeout) for "https://hx9ekpvvbi.execute-api.us-east-1.amazonaws.com/KaaS-ITG/v2/search?q=HP Officejet Printer Models 6000 to 9999&resultLimit=20&resultStart=0&languageCode=en&countryCode=us&store=tmsstore&filters=(class:(pm_series_value%5E1.5%20OR%20pm_name_value%20OR%20pm_number_value)%20AND%20contenttype:Product%20AND%20historicalwebsupportflag:(no))&clientId=WCC"  	[MsgId: MERR-26608]
Warning: Iteration pacing cannot be reached (pace time = 2.62, actual time = 29.04).	[MsgId: MWAR-15995]
kaas_DocSearchHPES_FindMyProduct.c(8): Error -26608: HTTP Status-Code=504 (Gateway Timeout) for "https://hx9ekpvvbi.execute-api.us-east-1.amazonaws.com/KaaS-ITG/v2/search?q=HP Officejet Mobile Printers&resultLimit=20&resultStart=0&languageCode=en&countryCode=us&store=tmsstore&filters=(class:(pm_series_value%5E1.5%20OR%20pm_name_value%20OR%20pm_number_value)%20AND%20contenttype:Product%20AND%20historicalwebsupportflag:(no))&clientId=WCC"  	[MsgId: MERR-26608]
Warning: Iteration pacing cannot be reached (pace time = 2.09, actual time = 29.05).	[MsgId: MWAR-15995]
kaas_DocSearchHPES_FindMyProduct.c(8): Error -26608: HTTP Status-Code=504 (Gateway Timeout) for "https://hx9ekpvvbi.execute-api.us-east-1.amazonaws.com/KaaS-ITG/v2/search?q=5500&resultLimit=20&resultStart=0&languageCode=en&countryCode=us&store=tmsstore&filters=(class:(pm_series_value%5E1.5%20OR%20pm_name_value%20OR%20pm_number_value)%20AND%20contenttype:Product%20AND%20historicalwebsupportflag:(no))&clientId=WCC"  	[MsgId: MERR-26608]
Warning: Iteration pacing cannot be reached (pace time = 2.98, actual time = 29.04).	[MsgId: MWAR-15995]
kaas_DocSearchHPES_FindMyProduct.c(8): Error -26608: HTTP Status-Code=504 (Gateway Timeout) for "https://hx9ekpvvbi.execute-api.us-east-1.amazonaws.com/KaaS-ITG/v2/search?q=HP Pavilion Desktop Models 1000 to 6999&resultLimit=20&resultStart=0&languageCode=en&countryCode=us&store=tmsstore&filters=(class:(pm_series_value%5E1.5%20OR%20pm_name_value%20OR%20pm_number_value)%20AND%20contenttype:Product%20AND%20historicalwebsupportflag:(no))&clientId=WCC"  	[MsgId: MERR-26608]
Warning: Iteration pacing cannot be reached (pace time = 2.96, actual time = 29.18).	[MsgId: MWAR-15995]
kaas_DocSearchHPES_FindMyProduct.c(8): Error -26608: HTTP Status-Code=504 (Gateway Timeout) for "https://hx9ekpvvbi.execute-api.us-east-1.amazonaws.com/KaaS-ITG/v2/search?q=HP Pavilion Desktop Models 500-a00 to 500-c00&resultLimit=20&resultStart=0&languageCode=en&countryCode=us&store=tmsstore&filters=(class:(pm_series_value%5E1.5%20OR%20pm_name_value%20OR%20pm_number_value)%20AND%20contenttype:Product%20AND%20historicalwebsupportflag:(no))&clientId=WCC"  	[MsgId: MERR-26608]
Warning: Iteration pacing cannot be reached (pace time = 2.00, actual time = 29.04).	[MsgId: MWAR-15995]
kaas_DocSearchHPES_FindMyProduct.c(8): Error -26608: HTTP Status-Code=504 (Gateway Timeout) for "https://hx9ekpvvbi.execute-api.us-east-1.amazonaws.com/KaaS-ITG/v2/search?q=d4h21a&resultLimit=20&resultStart=0&languageCode=en&countryCode=us&store=tmsstore&filters=(class:(pm_series_value%5E1.5%20OR%20pm_name_value%20OR%20pm_number_value)%20AND%20contenttype:Product%20AND%20historicalwebsupportflag:(no))&clientId=WCC"  	[MsgId: MERR-26608]
kaas_DocSearchHPES_FindMyProduct.c(8): Error -26608: HTTP Status-Code=504 (Gateway Timeout) for "https://hx9ekpvvbi.execute-api.us-east-1.amazonaws.com/KaaS-ITG/v2/search?q=officejet&resultLimit=20&resultStart=0&languageCode=en&countryCode=us&store=tmsstore&filters=(class:(pm_series_value%5E1.5%20OR%20pm_name_value%20OR%20pm_number_value)%20AND%20contenttype:Product%20AND%20historicalwebsupportflag:(no))&clientId=WCC"  	[MsgId: MERR-26608]
Warning: Iteration pacing cannot be reached (pace time = 2.44, actual time = 29.04).	[MsgId: MWAR-15995]
kaas_DocSearchHPES_FindMyProduct_200.c(8): Error -26608: HTTP Status-Code=504 (Gateway Timeout) for "https://hx9ekpvvbi.execute-api.us-east-1.amazonaws.com/KaaS-ITG/v2/search?q=Y0T03PA&resultLimit=200&resultStart=0&languageCode=en&countryCode=us&store=tmsstore&filters=(class:(pm_series_value%5E1.5%20OR%20pm_name_value%20OR%20pm_number_value)%20AND%20contenttype:Product%20AND%20historicalwebsupportflag:(no))&clientId=WCC"  	[MsgId: MERR-26608]
kaas_DocSearchHPES_FindMyProduct.c(8): Error -26608: HTTP Status-Code=504 (Gateway Timeout) for "https://hx9ekpvvbi.execute-api.us-east-1.amazonaws.com/KaaS-ITG/v2/search?q=d4h21a&resultLimit=20&resultStart=0&languageCode=en&countryCode=us&store=tmsstore&filters=(class:(pm_series_value%5E1.5%20OR%20pm_name_value%20OR%20pm_number_value)%20AND%20contenttype:Product%20AND%20historicalwebsupportflag:(no))&clientId=WCC"  	[MsgId: MERR-26608]
kaas_DocSearchHPES_FindMyProduct.c(8): Error -26608: HTTP Status-Code=504 (Gateway Timeout) for "https://hx9ekpvvbi.execute-api.us-east-1.amazonaws.com/KaaS-ITG/v2/search?q=elitebook 84&resultLimit=20&resultStart=0&languageCode=en&countryCode=us&store=tmsstore&filters=(class:(pm_series_value%5E1.5%20OR%20pm_name_value%20OR%20pm_number_value)%20AND%20contenttype:Product%20AND%20historicalwebsupportflag:(no))&clientId=WCC"  	[MsgId: MERR-26608]
kaas_DocSearchHPES_FindMyProduct.c(8): Error -26608: HTTP Status-Code=504 (Gateway Timeout) for "https://hx9ekpvvbi.execute-api.us-east-1.amazonaws.com/KaaS-ITG/v2/search?q=123725-126&resultLimit=20&resultStart=0&languageCode=en&countryCode=us&store=tmsstore&filters=(class:(pm_series_value%5E1.5%20OR%20pm_name_value%20OR%20pm_number_value)%20AND%20contenttype:Product%20AND%20historicalwebsupportflag:(no))&clientId=WCC"  	[MsgId: MERR-26608]
