Warning: Iteration pacing cannot be reached (pace time = 4.40, actual time = 4.87).	[MsgId: MWAR-15995]
Warning: Iteration pacing cannot be reached (pace time = 4.42, actual time = 11.65).	[MsgId: MWAR-15995]
Warning: Iteration pacing cannot be reached (pace time = 3.56, actual time = 16.66).	[MsgId: MWAR-15995]
Warning: Iteration pacing cannot be reached (pace time = 3.56, actual time = 14.22).	[MsgId: MWAR-15995]
Warning: Iteration pacing cannot be reached (pace time = 3.51, actual time = 8.04).	[MsgId: MWAR-15995]
Warning: Iteration pacing cannot be reached (pace time = 3.65, actual time = 5.39).	[MsgId: MWAR-15995]
Warning: Iteration pacing cannot be reached (pace time = 4.12, actual time = 4.74).	[MsgId: MWAR-15995]
Warning: Iteration pacing cannot be reached (pace time = 3.83, actual time = 4.19).	[MsgId: MWAR-15995]
Warning: Iteration pacing cannot be reached (pace time = 3.91, actual time = 7.22).	[MsgId: MWAR-15995]
Warning: Iteration pacing cannot be reached (pace time = 3.94, actual time = 5.38).	[MsgId: MWAR-15995]
Warning: Iteration pacing cannot be reached (pace time = 4.26, actual time = 15.62).	[MsgId: MWAR-15995]
Warning: Iteration pacing cannot be reached (pace time = 3.90, actual time = 12.92).	[MsgId: MWAR-15995]
Warning: Iteration pacing cannot be reached (pace time = 3.54, actual time = 11.85).	[MsgId: MWAR-15995]
Warning: Iteration pacing cannot be reached (pace time = 4.09, actual time = 22.60).	[MsgId: MWAR-15995]
Warning: Iteration pacing cannot be reached (pace time = 4.37, actual time = 4.95).	[MsgId: MWAR-15995]
kaas_DocSearchHPES_FindMyProduct.c(8): Error -26608: HTTP Status-Code=504 (Gateway Timeout) for "https://hx9ekpvvbi.execute-api.us-east-1.amazonaws.com/KaaS-ITG/v2/search?q=HP ENVY Notebooks&resultLimit=20&resultStart=0&languageCode=en&countryCode=us&store=tmsstore&filters=(class:(pm_series_value%5E1.5%20OR%20pm_name_value%20OR%20pm_number_value)%20AND%20contenttype:Product%20AND%20historicalwebsupportflag:(no))&clientId=WCC"  	[MsgId: MERR-26608]
Warning: Iteration pacing cannot be reached (pace time = 3.57, actual time = 29.04).	[MsgId: MWAR-15995]
kaas_DocSearchHPES_FindMyProduct_200.c(9): Error -26608: HTTP Status-Code=504 (Gateway Timeout) for "https://hx9ekpvvbi.execute-api.us-east-1.amazonaws.com/KaaS-ITG/v2/search?q=HP Color LaserJet Enterprise flow MFP M88&resultLimit=200&resultStart=0&languageCode=en&countryCode=us&store=tmsstore&filters=(class:(pm_series_value%5E1.5%20OR%20pm_name_value%20OR%20pm_number_value)%20AND%20contenttype:Product%20AND%20historicalwebsupportflag:(no))&clientId=WCC"  	[MsgId: MERR-26608]
Warning: Iteration pacing cannot be reached (pace time = 3.74, actual time = 29.04).	[MsgId: MWAR-15995]
Warning: Iteration pacing cannot be reached (pace time = 4.17, actual time = 20.63).	[MsgId: MWAR-15995]
Warning: Iteration pacing cannot be reached (pace time = 4.30, actual time = 19.39).	[MsgId: MWAR-15995]
Warning: Iteration pacing cannot be reached (pace time = 3.79, actual time = 16.62).	[MsgId: MWAR-15995]
Warning: Iteration pacing cannot be reached (pace time = 4.42, actual time = 10.25).	[MsgId: MWAR-15995]
Warning: Iteration pacing cannot be reached (pace time = 4.45, actual time = 11.44).	[MsgId: MWAR-15995]
Warning: Iteration pacing cannot be reached (pace time = 3.68, actual time = 8.35).	[MsgId: MWAR-15995]
Warning: Iteration pacing cannot be reached (pace time = 3.83, actual time = 7.85).	[MsgId: MWAR-15995]
Warning: Iteration pacing cannot be reached (pace time = 3.85, actual time = 9.53).	[MsgId: MWAR-15995]
Warning: Iteration pacing cannot be reached (pace time = 4.24, actual time = 16.75).	[MsgId: MWAR-15995]
Warning: Iteration pacing cannot be reached (pace time = 3.86, actual time = 21.52).	[MsgId: MWAR-15995]
Warning: Iteration pacing cannot be reached (pace time = 3.95, actual time = 28.32).	[MsgId: MWAR-15995]
Warning: Iteration pacing cannot be reached (pace time = 4.35, actual time = 26.06).	[MsgId: MWAR-15995]
Warning: Iteration pacing cannot be reached (pace time = 4.44, actual time = 11.31).	[MsgId: MWAR-15995]
Warning: Iteration pacing cannot be reached (pace time = 4.41, actual time = 4.87).	[MsgId: MWAR-15995]
Warning: Iteration pacing cannot be reached (pace time = 4.09, actual time = 5.09).	[MsgId: MWAR-15995]
Warning: Iteration pacing cannot be reached (pace time = 4.37, actual time = 4.44).	[MsgId: MWAR-15995]
Warning: Iteration pacing cannot be reached (pace time = 3.69, actual time = 6.88).	[MsgId: MWAR-15995]
Warning: Iteration pacing cannot be reached (pace time = 3.99, actual time = 9.98).	[MsgId: MWAR-15995]
Warning: Iteration pacing cannot be reached (pace time = 3.86, actual time = 19.85).	[MsgId: MWAR-15995]
kaas_DocSearchHPES_FindMyProduct.c(8): Error -26608: HTTP Status-Code=504 (Gateway Timeout) for "https://hx9ekpvvbi.execute-api.us-east-1.amazonaws.com/KaaS-ITG/v2/search?q=HP ENVY All-in-One Desktops&resultLimit=20&resultStart=0&languageCode=en&countryCode=us&store=tmsstore&filters=(class:(pm_series_value%5E1.5%20OR%20pm_name_value%20OR%20pm_number_value)%20AND%20contenttype:Product%20AND%20historicalwebsupportflag:(no))&clientId=WCC"  	[MsgId: MERR-26608]
Warning: Iteration pacing cannot be reached (pace time = 3.82, actual time = 29.04).	[MsgId: MWAR-15995]
kaas_DocSearchHPES_FindMyProduct.c(8): Error -26608: HTTP Status-Code=504 (Gateway Timeout) for "https://hx9ekpvvbi.execute-api.us-east-1.amazonaws.com/KaaS-ITG/v2/search?q=HP Photosmart Printer Models B010 to B999&resultLimit=20&resultStart=0&languageCode=en&countryCode=us&store=tmsstore&filters=(class:(pm_series_value%5E1.5%20OR%20pm_name_value%20OR%20pm_number_value)%20AND%20contenttype:Product%20AND%20historicalwebsupportflag:(no))&clientId=WCC"  	[MsgId: MERR-26608]
Warning: Iteration pacing cannot be reached (pace time = 3.87, actual time = 29.04).	[MsgId: MWAR-15995]
kaas_DocSearchHPES_FindMyProduct.c(8): Error -26608: HTTP Status-Code=504 (Gateway Timeout) for "https://hx9ekpvvbi.execute-api.us-east-1.amazonaws.com/KaaS-ITG/v2/search?q=K4Q68AA&resultLimit=20&resultStart=0&languageCode=en&countryCode=us&store=tmsstore&filters=(class:(pm_series_value%5E1.5%20OR%20pm_name_value%20OR%20pm_number_value)%20AND%20contenttype:Product%20AND%20historicalwebsupportflag:(no))&clientId=WCC"  	[MsgId: MERR-26608]
Warning: Iteration pacing cannot be reached (pace time = 3.58, actual time = 29.04).	[MsgId: MWAR-15995]
Warning: Iteration pacing cannot be reached (pace time = 4.16, actual time = 18.67).	[MsgId: MWAR-15995]
Warning: Iteration pacing cannot be reached (pace time = 4.33, actual time = 26.27).	[MsgId: MWAR-15995]
kaas_DocSearchHPES_FindMyProduct.c(8): Error -26608: HTTP Status-Code=504 (Gateway Timeout) for "https://hx9ekpvvbi.execute-api.us-east-1.amazonaws.com/KaaS-ITG/v2/search?q=HP Pavilion All-in-One Desktops&resultLimit=20&resultStart=0&languageCode=en&countryCode=us&store=tmsstore&filters=(class:(pm_series_value%5E1.5%20OR%20pm_name_value%20OR%20pm_number_value)%20AND%20contenttype:Product%20AND%20historicalwebsupportflag:(no))&clientId=WCC"  	[MsgId: MERR-26608]
Warning: Iteration pacing cannot be reached (pace time = 4.39, actual time = 29.05).	[MsgId: MWAR-15995]
Warning: Iteration pacing cannot be reached (pace time = 3.73, actual time = 8.69).	[MsgId: MWAR-15995]
Warning: Iteration pacing cannot be reached (pace time = 4.49, actual time = 13.96).	[MsgId: MWAR-15995]
Warning: Iteration pacing cannot be reached (pace time = 4.13, actual time = 24.22).	[MsgId: MWAR-15995]
Warning: Iteration pacing cannot be reached (pace time = 4.40, actual time = 4.76).	[MsgId: MWAR-15995]
Warning: Iteration pacing cannot be reached (pace time = 3.67, actual time = 4.70).	[MsgId: MWAR-15995]
Warning: Iteration pacing cannot be reached (pace time = 4.47, actual time = 5.37).	[MsgId: MWAR-15995]
Warning: Iteration pacing cannot be reached (pace time = 3.76, actual time = 3.83).	[MsgId: MWAR-15995]
Warning: Iteration pacing cannot be reached (pace time = 4.08, actual time = 6.58).	[MsgId: MWAR-15995]
Warning: Iteration pacing cannot be reached (pace time = 3.55, actual time = 6.18).	[MsgId: MWAR-15995]
Warning: Iteration pacing cannot be reached (pace time = 3.51, actual time = 7.58).	[MsgId: MWAR-15995]
Warning: Iteration pacing cannot be reached (pace time = 3.69, actual time = 7.55).	[MsgId: MWAR-15995]
Warning: Iteration pacing cannot be reached (pace time = 4.50, actual time = 6.92).	[MsgId: MWAR-15995]
Warning: Iteration pacing cannot be reached (pace time = 4.29, actual time = 17.21).	[MsgId: MWAR-15995]
Warning: Iteration pacing cannot be reached (pace time = 3.74, actual time = 3.82).	[MsgId: MWAR-15995]
Warning: Iteration pacing cannot be reached (pace time = 3.51, actual time = 3.88).	[MsgId: MWAR-15995]
Warning: Iteration pacing cannot be reached (pace time = 3.79, actual time = 4.05).	[MsgId: MWAR-15995]
Warning: Iteration pacing cannot be reached (pace time = 4.15, actual time = 4.39).	[MsgId: MWAR-15995]
Warning: Iteration pacing cannot be reached (pace time = 3.95, actual time = 4.31).	[MsgId: MWAR-15995]
Warning: Iteration pacing cannot be reached (pace time = 3.95, actual time = 7.37).	[MsgId: MWAR-15995]
Warning: Iteration pacing cannot be reached (pace time = 3.85, actual time = 10.62).	[MsgId: MWAR-15995]
Warning: Iteration pacing cannot be reached (pace time = 3.57, actual time = 5.53).	[MsgId: MWAR-15995]
Warning: Iteration pacing cannot be reached (pace time = 3.72, actual time = 7.30).	[MsgId: MWAR-15995]
Warning: Iteration pacing cannot be reached (pace time = 4.48, actual time = 5.01).	[MsgId: MWAR-15995]
Warning: Iteration pacing cannot be reached (pace time = 4.27, actual time = 18.95).	[MsgId: MWAR-15995]
Warning: Iteration pacing cannot be reached (pace time = 3.71, actual time = 18.20).	[MsgId: MWAR-15995]
Warning: Iteration pacing cannot be reached (pace time = 4.04, actual time = 6.89).	[MsgId: MWAR-15995]
Warning: Iteration pacing cannot be reached (pace time = 4.39, actual time = 19.03).	[MsgId: MWAR-15995]
Warning: Iteration pacing cannot be reached (pace time = 3.79, actual time = 11.07).	[MsgId: MWAR-15995]
Warning: Iteration pacing cannot be reached (pace time = 4.29, actual time = 9.47).	[MsgId: MWAR-15995]
Warning: Iteration pacing cannot be reached (pace time = 4.04, actual time = 14.24).	[MsgId: MWAR-15995]
Warning: Iteration pacing cannot be reached (pace time = 4.01, actual time = 6.21).	[MsgId: MWAR-15995]
Warning: Iteration pacing cannot be reached (pace time = 4.40, actual time = 20.55).	[MsgId: MWAR-15995]
Warning: Iteration pacing cannot be reached (pace time = 4.18, actual time = 18.09).	[MsgId: MWAR-15995]
Warning: Iteration pacing cannot be reached (pace time = 3.81, actual time = 4.64).	[MsgId: MWAR-15995]
Warning: Iteration pacing cannot be reached (pace time = 3.53, actual time = 4.48).	[MsgId: MWAR-15995]
Warning: Iteration pacing cannot be reached (pace time = 4.28, actual time = 5.42).	[MsgId: MWAR-15995]
Warning: Iteration pacing cannot be reached (pace time = 4.12, actual time = 25.49).	[MsgId: MWAR-15995]
Warning: Iteration pacing cannot be reached (pace time = 3.98, actual time = 23.85).	[MsgId: MWAR-15995]
kaas_DocSearchHPES_FindMyProduct.c(8): Error -26608: HTTP Status-Code=504 (Gateway Timeout) for "https://hx9ekpvvbi.execute-api.us-east-1.amazonaws.com/KaaS-ITG/v2/search?q=envy printer&resultLimit=20&resultStart=0&languageCode=en&countryCode=us&store=tmsstore&filters=(class:(pm_series_value%5E1.5%20OR%20pm_name_value%20OR%20pm_number_value)%20AND%20contenttype:Product%20AND%20historicalwebsupportflag:(no))&clientId=WCC"  	[MsgId: MERR-26608]
Warning: Iteration pacing cannot be reached (pace time = 4.06, actual time = 29.04).	[MsgId: MWAR-15995]
Warning: Iteration pacing cannot be reached (pace time = 3.56, actual time = 20.95).	[MsgId: MWAR-15995]
Warning: Iteration pacing cannot be reached (pace time = 4.10, actual time = 4.26).	[MsgId: MWAR-15995]
Warning: Iteration pacing cannot be reached (pace time = 4.39, actual time = 8.41).	[MsgId: MWAR-15995]
Warning: Iteration pacing cannot be reached (pace time = 4.25, actual time = 4.44).	[MsgId: MWAR-15995]
Warning: Iteration pacing cannot be reached (pace time = 4.38, actual time = 8.98).	[MsgId: MWAR-15995]
Warning: Iteration pacing cannot be reached (pace time = 3.82, actual time = 9.65).	[MsgId: MWAR-15995]
Warning: Iteration pacing cannot be reached (pace time = 4.03, actual time = 5.39).	[MsgId: MWAR-15995]
Warning: Iteration pacing cannot be reached (pace time = 4.47, actual time = 6.11).	[MsgId: MWAR-15995]
Warning: Iteration pacing cannot be reached (pace time = 4.29, actual time = 6.60).	[MsgId: MWAR-15995]
Warning: Iteration pacing cannot be reached (pace time = 3.56, actual time = 5.80).	[MsgId: MWAR-15995]
Warning: Iteration pacing cannot be reached (pace time = 3.53, actual time = 5.89).	[MsgId: MWAR-15995]
Warning: Iteration pacing cannot be reached (pace time = 3.90, actual time = 7.29).	[MsgId: MWAR-15995]
Warning: Iteration pacing cannot be reached (pace time = 4.06, actual time = 5.48).	[MsgId: MWAR-15995]
Warning: Iteration pacing cannot be reached (pace time = 4.41, actual time = 4.75).	[MsgId: MWAR-15995]
Warning: Iteration pacing cannot be reached (pace time = 3.73, actual time = 3.89).	[MsgId: MWAR-15995]
Warning: Iteration pacing cannot be reached (pace time = 3.71, actual time = 3.80).	[MsgId: MWAR-15995]
Warning: Iteration pacing cannot be reached (pace time = 4.12, actual time = 5.09).	[MsgId: MWAR-15995]
Warning: Iteration pacing cannot be reached (pace time = 3.86, actual time = 3.94).	[MsgId: MWAR-15995]
Warning: Iteration pacing cannot be reached (pace time = 4.29, actual time = 5.54).	[MsgId: MWAR-15995]
Warning: Iteration pacing cannot be reached (pace time = 3.70, actual time = 5.66).	[MsgId: MWAR-15995]
Warning: Iteration pacing cannot be reached (pace time = 3.88, actual time = 8.03).	[MsgId: MWAR-15995]
Warning: Iteration pacing cannot be reached (pace time = 4.02, actual time = 4.85).	[MsgId: MWAR-15995]
Warning: Iteration pacing cannot be reached (pace time = 3.74, actual time = 5.32).	[MsgId: MWAR-15995]
Warning: Iteration pacing cannot be reached (pace time = 3.63, actual time = 4.49).	[MsgId: MWAR-15995]
Warning: Iteration pacing cannot be reached (pace time = 3.79, actual time = 6.01).	[MsgId: MWAR-15995]
Warning: Iteration pacing cannot be reached (pace time = 3.91, actual time = 6.25).	[MsgId: MWAR-15995]
Warning: Iteration pacing cannot be reached (pace time = 3.52, actual time = 9.48).	[MsgId: MWAR-15995]
Warning: Iteration pacing cannot be reached (pace time = 4.31, actual time = 10.16).	[MsgId: MWAR-15995]
Warning: Iteration pacing cannot be reached (pace time = 3.70, actual time = 12.06).	[MsgId: MWAR-15995]
Warning: Iteration pacing cannot be reached (pace time = 4.28, actual time = 6.16).	[MsgId: MWAR-15995]
Warning: Iteration pacing cannot be reached (pace time = 4.04, actual time = 4.44).	[MsgId: MWAR-15995]
Warning: Iteration pacing cannot be reached (pace time = 3.75, actual time = 4.83).	[MsgId: MWAR-15995]
Warning: Iteration pacing cannot be reached (pace time = 3.51, actual time = 4.46).	[MsgId: MWAR-15995]
Warning: Iteration pacing cannot be reached (pace time = 3.52, actual time = 4.28).	[MsgId: MWAR-15995]
Warning: Iteration pacing cannot be reached (pace time = 4.03, actual time = 4.76).	[MsgId: MWAR-15995]
Warning: Iteration pacing cannot be reached (pace time = 3.53, actual time = 9.14).	[MsgId: MWAR-15995]
Warning: Iteration pacing cannot be reached (pace time = 3.58, actual time = 3.73).	[MsgId: MWAR-15995]
Warning: Iteration pacing cannot be reached (pace time = 4.05, actual time = 6.78).	[MsgId: MWAR-15995]
Warning: Iteration pacing cannot be reached (pace time = 3.65, actual time = 4.25).	[MsgId: MWAR-15995]
Warning: Iteration pacing cannot be reached (pace time = 4.36, actual time = 5.66).	[MsgId: MWAR-15995]
Warning: Iteration pacing cannot be reached (pace time = 3.69, actual time = 9.47).	[MsgId: MWAR-15995]
Warning: Iteration pacing cannot be reached (pace time = 4.32, actual time = 20.25).	[MsgId: MWAR-15995]
Warning: Iteration pacing cannot be reached (pace time = 4.05, actual time = 23.37).	[MsgId: MWAR-15995]
Warning: Iteration pacing cannot be reached (pace time = 4.35, actual time = 12.09).	[MsgId: MWAR-15995]
Warning: Iteration pacing cannot be reached (pace time = 4.27, actual time = 25.28).	[MsgId: MWAR-15995]
Warning: Iteration pacing cannot be reached (pace time = 4.45, actual time = 22.71).	[MsgId: MWAR-15995]
Warning: Iteration pacing cannot be reached (pace time = 3.92, actual time = 6.69).	[MsgId: MWAR-15995]
Warning: Iteration pacing cannot be reached (pace time = 3.81, actual time = 3.98).	[MsgId: MWAR-15995]
Warning: Iteration pacing cannot be reached (pace time = 3.89, actual time = 8.67).	[MsgId: MWAR-15995]
Warning: Iteration pacing cannot be reached (pace time = 4.45, actual time = 12.56).	[MsgId: MWAR-15995]
Warning: Iteration pacing cannot be reached (pace time = 3.58, actual time = 11.41).	[MsgId: MWAR-15995]
Warning: Iteration pacing cannot be reached (pace time = 4.29, actual time = 17.73).	[MsgId: MWAR-15995]
Warning: Iteration pacing cannot be reached (pace time = 3.63, actual time = 22.80).	[MsgId: MWAR-15995]
Warning: Iteration pacing cannot be reached (pace time = 3.98, actual time = 22.21).	[MsgId: MWAR-15995]
Warning: Iteration pacing cannot be reached (pace time = 4.05, actual time = 23.27).	[MsgId: MWAR-15995]
Warning: Iteration pacing cannot be reached (pace time = 4.17, actual time = 14.68).	[MsgId: MWAR-15995]
Warning: Iteration pacing cannot be reached (pace time = 3.95, actual time = 4.07).	[MsgId: MWAR-15995]
Warning: Iteration pacing cannot be reached (pace time = 4.46, actual time = 4.87).	[MsgId: MWAR-15995]
Warning: Iteration pacing cannot be reached (pace time = 3.98, actual time = 4.26).	[MsgId: MWAR-15995]
Warning: Iteration pacing cannot be reached (pace time = 4.29, actual time = 4.72).	[MsgId: MWAR-15995]
Warning: Iteration pacing cannot be reached (pace time = 3.75, actual time = 3.91).	[MsgId: MWAR-15995]
Warning: Iteration pacing cannot be reached (pace time = 3.72, actual time = 4.33).	[MsgId: MWAR-15995]
Warning: Iteration pacing cannot be reached (pace time = 3.55, actual time = 9.02).	[MsgId: MWAR-15995]
Warning: Iteration pacing cannot be reached (pace time = 4.14, actual time = 8.77).	[MsgId: MWAR-15995]
Warning: Iteration pacing cannot be reached (pace time = 4.20, actual time = 7.47).	[MsgId: MWAR-15995]
Warning: Iteration pacing cannot be reached (pace time = 3.76, actual time = 6.52).	[MsgId: MWAR-15995]
Warning: Iteration pacing cannot be reached (pace time = 4.14, actual time = 4.91).	[MsgId: MWAR-15995]
Warning: Iteration pacing cannot be reached (pace time = 3.51, actual time = 4.42).	[MsgId: MWAR-15995]
Warning: Iteration pacing cannot be reached (pace time = 3.64, actual time = 5.17).	[MsgId: MWAR-15995]
Warning: Iteration pacing cannot be reached (pace time = 4.22, actual time = 5.34).	[MsgId: MWAR-15995]
Warning: Iteration pacing cannot be reached (pace time = 3.88, actual time = 4.05).	[MsgId: MWAR-15995]
Warning: Iteration pacing cannot be reached (pace time = 3.62, actual time = 4.27).	[MsgId: MWAR-15995]
Warning: Iteration pacing cannot be reached (pace time = 4.02, actual time = 4.16).	[MsgId: MWAR-15995]
