ProductInfoAggregation.c(8): Error -27760: Request "https://hx9ekpvvbi.execute-api.us-east-1.amazonaws.com/KaaS-ITG/v2/search?q=*&resultLimit=1&resultStart=0&languageCode=en&countryCode=162089707212699946554652&store=udp-content-default,docstore&product=6879081&contentTypes=How To,Product Specifications,Compatibility,Recycle,Parts,Warranty or Legal Statement,Safety and Regulatory,Product Change Notification,FAQ&aggregations=producttopics" failed  	[MsgId: MERR-27760]
ProductInfoAggregation.c(8): Error -27760: Request "https://hx9ekpvvbi.execute-api.us-east-1.amazonaws.com/KaaS-ITG/v2/search?q=*&resultLimit=1&resultStart=0&languageCode=en&countryCode=162089707212699946554652&store=udp-content-default,docstore&product=28680721&contentTypes=How To,Product Specifications,Compatibility,Recycle,Parts,Warranty or Legal Statement,Safety and Regulatory,Product Change Notification,FAQ&aggregations=producttopics" failed  	[MsgId: MERR-27760]
HowToAggregations.c(8): Error -26627: HTTP Status-Code=404 (Not Found) for "https://hx9ekpvvbi.execute-api.us-east-1.amazonaws.com/KaaS-ITG/v2/search?q=*&resultLimit=1&resultStart=0&languageCode=en&countryCode=162089707212699946554652&store=udp-content-default,docstore&product=5259393&contentTypes=How To,Setup and Install,Compatibility,Recycle,FAQ,Repair or Replace&aggregations=producttopics"  	[MsgId: MERR-26627]
TroubleshootingAggregationQuery.c(8): Error -26627: HTTP Status-Code=404 (Not Found) for "https://hx9ekpvvbi.execute-api.us-east-1.amazonaws.com/KaaS-ITG/v2/search?q=*&resultLimit=1&resultStart=0&languageCode=en&countryCode=162089707212699946554652&store=udp-content-default,docstore&product=5447875&contentTypes=How To,Product Specifications,Compatibility,Recycle,Parts,Warranty or Legal Statement,Safety and Regulatory,Product Change Notification,FAQ&aggregations=producttopics"  	[MsgId: MERR-26627]
Warning: Iteration pacing cannot be reached (pace time = 4.10, actual time = 5.08).	[MsgId: MWAR-15995]
Warning: Iteration pacing cannot be reached (pace time = 4.10, actual time = 5.25).	[MsgId: MWAR-15995]
TroubleshootingAggregationQuery.c(8): Error -26627: HTTP Status-Code=404 (Not Found) for "https://hx9ekpvvbi.execute-api.us-east-1.amazonaws.com/KaaS-ITG/v2/search?q=*&resultLimit=1&resultStart=0&languageCode=en&countryCode=162089707212699946554652&store=udp-content-default,docstore&product=7779712&contentTypes=How To,Product Specifications,Compatibility,Recycle,Parts,Warranty or Legal Statement,Safety and Regulatory,Product Change Notification,FAQ&aggregations=producttopics"  	[MsgId: MERR-26627]
HowToAggregations.c(8): Error -26627: HTTP Status-Code=404 (Not Found) for "https://hx9ekpvvbi.execute-api.us-east-1.amazonaws.com/KaaS-ITG/v2/search?q=*&resultLimit=1&resultStart=0&languageCode=en&countryCode=162089707212699946554652&store=udp-content-default,docstore&product=28680724&contentTypes=How To,Setup and Install,Compatibility,Recycle,FAQ,Repair or Replace&aggregations=producttopics"  	[MsgId: MERR-26627]
Warning: Iteration pacing cannot be reached (pace time = 4.10, actual time = 5.26).	[MsgId: MWAR-15995]
Warning: Iteration pacing cannot be reached (pace time = 4.10, actual time = 4.74).	[MsgId: MWAR-15995]
Warning: Iteration pacing cannot be reached (pace time = 4.10, actual time = 4.61).	[MsgId: MWAR-15995]
Warning: Iteration pacing cannot be reached (pace time = 4.10, actual time = 4.29).	[MsgId: MWAR-15995]
Warning: Iteration pacing cannot be reached (pace time = 4.10, actual time = 4.31).	[MsgId: MWAR-15995]
Warning: Iteration pacing cannot be reached (pace time = 4.10, actual time = 4.70).	[MsgId: MWAR-15995]
Warning: Iteration pacing cannot be reached (pace time = 4.10, actual time = 4.92).	[MsgId: MWAR-15995]
ProductInfoAggregation.c(8): Error -26627: HTTP Status-Code=404 (Not Found) for "https://hx9ekpvvbi.execute-api.us-east-1.amazonaws.com/KaaS-ITG/v2/search?q=*&resultLimit=1&resultStart=0&languageCode=en&countryCode=162089707212699946554652&store=udp-content-default,docstore&product=5259393&contentTypes=How To,Product Specifications,Compatibility,Recycle,Parts,Warranty or Legal Statement,Safety and Regulatory,Product Change Notification,FAQ&aggregations=producttopics"  	[MsgId: MERR-26627]
ProductInfoAggregation.c(8): Error -26627: HTTP Status-Code=404 (Not Found) for "https://hx9ekpvvbi.execute-api.us-east-1.amazonaws.com/KaaS-ITG/v2/search?q=*&resultLimit=1&resultStart=0&languageCode=en&countryCode=162089707212699946554652&store=udp-content-default,docstore&product=5259393&contentTypes=How To,Product Specifications,Compatibility,Recycle,Parts,Warranty or Legal Statement,Safety and Regulatory,Product Change Notification,FAQ&aggregations=producttopics"  	[MsgId: MERR-26627]
OtherTabAggregation.c(8): Error -26627: HTTP Status-Code=404 (Not Found) for "https://hx9ekpvvbi.execute-api.us-east-1.amazonaws.com/KaaS-ITG/v2/search?q=*&resultLimit=1&resultStart=0&languageCode=en&countryCode=162089707212699946554652&store=udp-content-default,docstore,sdlmanualstore,manualstore&product=27066682&aggregations=esmanuals,documenttype"  	[MsgId: MERR-26627]
HowToAggregations.c(8): Error -26627: HTTP Status-Code=404 (Not Found) for "https://hx9ekpvvbi.execute-api.us-east-1.amazonaws.com/KaaS-ITG/v2/search?q=*&resultLimit=1&resultStart=0&languageCode=en&countryCode=162089707212699946554652&store=udp-content-default,docstore&product=5395633&contentTypes=How To,Setup and Install,Compatibility,Recycle,FAQ,Repair or Replace&aggregations=producttopics"  	[MsgId: MERR-26627]
Warning: Iteration pacing cannot be reached (pace time = 4.10, actual time = 6.63).	[MsgId: MWAR-15995]
Warning: Iteration pacing cannot be reached (pace time = 4.10, actual time = 6.32).	[MsgId: MWAR-15995]
Warning: Iteration pacing cannot be reached (pace time = 4.10, actual time = 6.52).	[MsgId: MWAR-15995]
Warning: Iteration pacing cannot be reached (pace time = 4.10, actual time = 4.69).	[MsgId: MWAR-15995]
